[2024-03-27T00:00:22.567+0000] {processor.py:161} INFO - Started process (PID=5221) to work on /home/airflow/.local/lib/python3.8/site-packages/airflow/example_dags/example_time_delta_sensor_async.py
[2024-03-27T00:00:22.568+0000] {processor.py:830} INFO - Processing file /home/airflow/.local/lib/python3.8/site-packages/airflow/example_dags/example_time_delta_sensor_async.py for tasks to queue
[2024-03-27T00:00:22.569+0000] {logging_mixin.py:188} INFO - [2024-03-27T00:00:22.569+0000] {dagbag.py:540} INFO - Filling up the DagBag from /home/airflow/.local/lib/python3.8/site-packages/airflow/example_dags/example_time_delta_sensor_async.py
[2024-03-27T00:00:22.571+0000] {processor.py:840} INFO - DAG(s) 'example_time_delta_sensor_async' retrieved from /home/airflow/.local/lib/python3.8/site-packages/airflow/example_dags/example_time_delta_sensor_async.py
[2024-03-27T00:00:22.582+0000] {logging_mixin.py:188} INFO - [2024-03-27T00:00:22.582+0000] {dag.py:3047} INFO - Sync 1 DAGs
[2024-03-27T00:00:22.588+0000] {logging_mixin.py:188} INFO - [2024-03-27T00:00:22.588+0000] {dag.py:3834} INFO - Setting next_dagrun for example_time_delta_sensor_async to None, run_after=None
[2024-03-27T00:00:22.597+0000] {processor.py:183} INFO - Processing /home/airflow/.local/lib/python3.8/site-packages/airflow/example_dags/example_time_delta_sensor_async.py took 0.032 seconds
[2024-03-27T00:00:53.450+0000] {processor.py:161} INFO - Started process (PID=5276) to work on /home/airflow/.local/lib/python3.8/site-packages/airflow/example_dags/example_time_delta_sensor_async.py
[2024-03-27T00:00:53.451+0000] {processor.py:830} INFO - Processing file /home/airflow/.local/lib/python3.8/site-packages/airflow/example_dags/example_time_delta_sensor_async.py for tasks to queue
[2024-03-27T00:00:53.452+0000] {logging_mixin.py:188} INFO - [2024-03-27T00:00:53.452+0000] {dagbag.py:540} INFO - Filling up the DagBag from /home/airflow/.local/lib/python3.8/site-packages/airflow/example_dags/example_time_delta_sensor_async.py
[2024-03-27T00:00:53.454+0000] {processor.py:840} INFO - DAG(s) 'example_time_delta_sensor_async' retrieved from /home/airflow/.local/lib/python3.8/site-packages/airflow/example_dags/example_time_delta_sensor_async.py
[2024-03-27T00:00:53.465+0000] {logging_mixin.py:188} INFO - [2024-03-27T00:00:53.465+0000] {dag.py:3047} INFO - Sync 1 DAGs
[2024-03-27T00:00:53.471+0000] {logging_mixin.py:188} INFO - [2024-03-27T00:00:53.471+0000] {dag.py:3834} INFO - Setting next_dagrun for example_time_delta_sensor_async to None, run_after=None
[2024-03-27T00:00:53.480+0000] {processor.py:183} INFO - Processing /home/airflow/.local/lib/python3.8/site-packages/airflow/example_dags/example_time_delta_sensor_async.py took 0.032 seconds
[2024-03-27T00:01:24.313+0000] {processor.py:161} INFO - Started process (PID=5331) to work on /home/airflow/.local/lib/python3.8/site-packages/airflow/example_dags/example_time_delta_sensor_async.py
[2024-03-27T00:01:24.314+0000] {processor.py:830} INFO - Processing file /home/airflow/.local/lib/python3.8/site-packages/airflow/example_dags/example_time_delta_sensor_async.py for tasks to queue
[2024-03-27T00:01:24.315+0000] {logging_mixin.py:188} INFO - [2024-03-27T00:01:24.315+0000] {dagbag.py:540} INFO - Filling up the DagBag from /home/airflow/.local/lib/python3.8/site-packages/airflow/example_dags/example_time_delta_sensor_async.py
[2024-03-27T00:01:24.318+0000] {processor.py:840} INFO - DAG(s) 'example_time_delta_sensor_async' retrieved from /home/airflow/.local/lib/python3.8/site-packages/airflow/example_dags/example_time_delta_sensor_async.py
[2024-03-27T00:01:24.342+0000] {logging_mixin.py:188} INFO - [2024-03-27T00:01:24.342+0000] {dag.py:3047} INFO - Sync 1 DAGs
[2024-03-27T00:01:24.350+0000] {logging_mixin.py:188} INFO - [2024-03-27T00:01:24.349+0000] {dag.py:3834} INFO - Setting next_dagrun for example_time_delta_sensor_async to None, run_after=None
[2024-03-27T00:01:24.362+0000] {processor.py:183} INFO - Processing /home/airflow/.local/lib/python3.8/site-packages/airflow/example_dags/example_time_delta_sensor_async.py took 0.051 seconds
[2024-03-27T00:01:55.376+0000] {processor.py:161} INFO - Started process (PID=5386) to work on /home/airflow/.local/lib/python3.8/site-packages/airflow/example_dags/example_time_delta_sensor_async.py
[2024-03-27T00:01:55.377+0000] {processor.py:830} INFO - Processing file /home/airflow/.local/lib/python3.8/site-packages/airflow/example_dags/example_time_delta_sensor_async.py for tasks to queue
[2024-03-27T00:01:55.379+0000] {logging_mixin.py:188} INFO - [2024-03-27T00:01:55.379+0000] {dagbag.py:540} INFO - Filling up the DagBag from /home/airflow/.local/lib/python3.8/site-packages/airflow/example_dags/example_time_delta_sensor_async.py
[2024-03-27T00:01:55.383+0000] {processor.py:840} INFO - DAG(s) 'example_time_delta_sensor_async' retrieved from /home/airflow/.local/lib/python3.8/site-packages/airflow/example_dags/example_time_delta_sensor_async.py
[2024-03-27T00:01:55.397+0000] {logging_mixin.py:188} INFO - [2024-03-27T00:01:55.397+0000] {dag.py:3047} INFO - Sync 1 DAGs
[2024-03-27T00:01:55.405+0000] {logging_mixin.py:188} INFO - [2024-03-27T00:01:55.405+0000] {dag.py:3834} INFO - Setting next_dagrun for example_time_delta_sensor_async to None, run_after=None
[2024-03-27T00:01:55.419+0000] {processor.py:183} INFO - Processing /home/airflow/.local/lib/python3.8/site-packages/airflow/example_dags/example_time_delta_sensor_async.py took 0.045 seconds
[2024-03-27T00:02:26.131+0000] {processor.py:161} INFO - Started process (PID=5441) to work on /home/airflow/.local/lib/python3.8/site-packages/airflow/example_dags/example_time_delta_sensor_async.py
[2024-03-27T00:02:26.131+0000] {processor.py:830} INFO - Processing file /home/airflow/.local/lib/python3.8/site-packages/airflow/example_dags/example_time_delta_sensor_async.py for tasks to queue
[2024-03-27T00:02:26.132+0000] {logging_mixin.py:188} INFO - [2024-03-27T00:02:26.132+0000] {dagbag.py:540} INFO - Filling up the DagBag from /home/airflow/.local/lib/python3.8/site-packages/airflow/example_dags/example_time_delta_sensor_async.py
[2024-03-27T00:02:26.135+0000] {processor.py:840} INFO - DAG(s) 'example_time_delta_sensor_async' retrieved from /home/airflow/.local/lib/python3.8/site-packages/airflow/example_dags/example_time_delta_sensor_async.py
[2024-03-27T00:02:26.146+0000] {logging_mixin.py:188} INFO - [2024-03-27T00:02:26.146+0000] {dag.py:3047} INFO - Sync 1 DAGs
[2024-03-27T00:02:26.152+0000] {logging_mixin.py:188} INFO - [2024-03-27T00:02:26.152+0000] {dag.py:3834} INFO - Setting next_dagrun for example_time_delta_sensor_async to None, run_after=None
[2024-03-27T00:02:26.161+0000] {processor.py:183} INFO - Processing /home/airflow/.local/lib/python3.8/site-packages/airflow/example_dags/example_time_delta_sensor_async.py took 0.032 seconds
[2024-03-27T00:02:57.102+0000] {processor.py:161} INFO - Started process (PID=5496) to work on /home/airflow/.local/lib/python3.8/site-packages/airflow/example_dags/example_time_delta_sensor_async.py
[2024-03-27T00:02:57.103+0000] {processor.py:830} INFO - Processing file /home/airflow/.local/lib/python3.8/site-packages/airflow/example_dags/example_time_delta_sensor_async.py for tasks to queue
[2024-03-27T00:02:57.104+0000] {logging_mixin.py:188} INFO - [2024-03-27T00:02:57.104+0000] {dagbag.py:540} INFO - Filling up the DagBag from /home/airflow/.local/lib/python3.8/site-packages/airflow/example_dags/example_time_delta_sensor_async.py
[2024-03-27T00:02:57.107+0000] {processor.py:840} INFO - DAG(s) 'example_time_delta_sensor_async' retrieved from /home/airflow/.local/lib/python3.8/site-packages/airflow/example_dags/example_time_delta_sensor_async.py
[2024-03-27T00:02:57.118+0000] {logging_mixin.py:188} INFO - [2024-03-27T00:02:57.117+0000] {dag.py:3047} INFO - Sync 1 DAGs
[2024-03-27T00:02:57.124+0000] {logging_mixin.py:188} INFO - [2024-03-27T00:02:57.124+0000] {dag.py:3834} INFO - Setting next_dagrun for example_time_delta_sensor_async to None, run_after=None
[2024-03-27T00:02:57.134+0000] {processor.py:183} INFO - Processing /home/airflow/.local/lib/python3.8/site-packages/airflow/example_dags/example_time_delta_sensor_async.py took 0.034 seconds
[2024-03-27T00:03:27.426+0000] {processor.py:161} INFO - Started process (PID=5550) to work on /home/airflow/.local/lib/python3.8/site-packages/airflow/example_dags/example_time_delta_sensor_async.py
[2024-03-27T00:03:27.426+0000] {processor.py:830} INFO - Processing file /home/airflow/.local/lib/python3.8/site-packages/airflow/example_dags/example_time_delta_sensor_async.py for tasks to queue
[2024-03-27T00:03:27.427+0000] {logging_mixin.py:188} INFO - [2024-03-27T00:03:27.427+0000] {dagbag.py:540} INFO - Filling up the DagBag from /home/airflow/.local/lib/python3.8/site-packages/airflow/example_dags/example_time_delta_sensor_async.py
[2024-03-27T00:03:27.430+0000] {processor.py:840} INFO - DAG(s) 'example_time_delta_sensor_async' retrieved from /home/airflow/.local/lib/python3.8/site-packages/airflow/example_dags/example_time_delta_sensor_async.py
[2024-03-27T00:03:27.441+0000] {logging_mixin.py:188} INFO - [2024-03-27T00:03:27.441+0000] {dag.py:3047} INFO - Sync 1 DAGs
[2024-03-27T00:03:27.447+0000] {logging_mixin.py:188} INFO - [2024-03-27T00:03:27.447+0000] {dag.py:3834} INFO - Setting next_dagrun for example_time_delta_sensor_async to None, run_after=None
[2024-03-27T00:03:27.455+0000] {processor.py:183} INFO - Processing /home/airflow/.local/lib/python3.8/site-packages/airflow/example_dags/example_time_delta_sensor_async.py took 0.032 seconds
[2024-03-27T00:04:02.709+0000] {processor.py:161} INFO - Started process (PID=5605) to work on /home/airflow/.local/lib/python3.8/site-packages/airflow/example_dags/example_time_delta_sensor_async.py
[2024-03-27T00:04:02.710+0000] {processor.py:830} INFO - Processing file /home/airflow/.local/lib/python3.8/site-packages/airflow/example_dags/example_time_delta_sensor_async.py for tasks to queue
[2024-03-27T00:04:02.711+0000] {logging_mixin.py:188} INFO - [2024-03-27T00:04:02.710+0000] {dagbag.py:540} INFO - Filling up the DagBag from /home/airflow/.local/lib/python3.8/site-packages/airflow/example_dags/example_time_delta_sensor_async.py
[2024-03-27T00:04:02.713+0000] {processor.py:840} INFO - DAG(s) 'example_time_delta_sensor_async' retrieved from /home/airflow/.local/lib/python3.8/site-packages/airflow/example_dags/example_time_delta_sensor_async.py
[2024-03-27T00:04:02.724+0000] {logging_mixin.py:188} INFO - [2024-03-27T00:04:02.724+0000] {dag.py:3047} INFO - Sync 1 DAGs
[2024-03-27T00:04:02.730+0000] {logging_mixin.py:188} INFO - [2024-03-27T00:04:02.730+0000] {dag.py:3834} INFO - Setting next_dagrun for example_time_delta_sensor_async to None, run_after=None
[2024-03-27T00:04:02.739+0000] {processor.py:183} INFO - Processing /home/airflow/.local/lib/python3.8/site-packages/airflow/example_dags/example_time_delta_sensor_async.py took 0.032 seconds
[2024-03-27T00:04:33.428+0000] {processor.py:161} INFO - Started process (PID=5660) to work on /home/airflow/.local/lib/python3.8/site-packages/airflow/example_dags/example_time_delta_sensor_async.py
[2024-03-27T00:04:33.429+0000] {processor.py:830} INFO - Processing file /home/airflow/.local/lib/python3.8/site-packages/airflow/example_dags/example_time_delta_sensor_async.py for tasks to queue
[2024-03-27T00:04:33.430+0000] {logging_mixin.py:188} INFO - [2024-03-27T00:04:33.430+0000] {dagbag.py:540} INFO - Filling up the DagBag from /home/airflow/.local/lib/python3.8/site-packages/airflow/example_dags/example_time_delta_sensor_async.py
[2024-03-27T00:04:33.432+0000] {processor.py:840} INFO - DAG(s) 'example_time_delta_sensor_async' retrieved from /home/airflow/.local/lib/python3.8/site-packages/airflow/example_dags/example_time_delta_sensor_async.py
[2024-03-27T00:04:33.443+0000] {logging_mixin.py:188} INFO - [2024-03-27T00:04:33.442+0000] {dag.py:3047} INFO - Sync 1 DAGs
[2024-03-27T00:04:33.448+0000] {logging_mixin.py:188} INFO - [2024-03-27T00:04:33.448+0000] {dag.py:3834} INFO - Setting next_dagrun for example_time_delta_sensor_async to None, run_after=None
[2024-03-27T00:04:33.459+0000] {processor.py:183} INFO - Processing /home/airflow/.local/lib/python3.8/site-packages/airflow/example_dags/example_time_delta_sensor_async.py took 0.032 seconds
[2024-03-27T00:05:04.177+0000] {processor.py:161} INFO - Started process (PID=5715) to work on /home/airflow/.local/lib/python3.8/site-packages/airflow/example_dags/example_time_delta_sensor_async.py
[2024-03-27T00:05:04.177+0000] {processor.py:830} INFO - Processing file /home/airflow/.local/lib/python3.8/site-packages/airflow/example_dags/example_time_delta_sensor_async.py for tasks to queue
[2024-03-27T00:05:04.178+0000] {logging_mixin.py:188} INFO - [2024-03-27T00:05:04.178+0000] {dagbag.py:540} INFO - Filling up the DagBag from /home/airflow/.local/lib/python3.8/site-packages/airflow/example_dags/example_time_delta_sensor_async.py
[2024-03-27T00:05:04.181+0000] {processor.py:840} INFO - DAG(s) 'example_time_delta_sensor_async' retrieved from /home/airflow/.local/lib/python3.8/site-packages/airflow/example_dags/example_time_delta_sensor_async.py
[2024-03-27T00:05:04.192+0000] {logging_mixin.py:188} INFO - [2024-03-27T00:05:04.191+0000] {dag.py:3047} INFO - Sync 1 DAGs
[2024-03-27T00:05:04.197+0000] {logging_mixin.py:188} INFO - [2024-03-27T00:05:04.197+0000] {dag.py:3834} INFO - Setting next_dagrun for example_time_delta_sensor_async to None, run_after=None
[2024-03-27T00:05:04.206+0000] {processor.py:183} INFO - Processing /home/airflow/.local/lib/python3.8/site-packages/airflow/example_dags/example_time_delta_sensor_async.py took 0.031 seconds
[2024-03-27T00:05:34.865+0000] {processor.py:161} INFO - Started process (PID=5770) to work on /home/airflow/.local/lib/python3.8/site-packages/airflow/example_dags/example_time_delta_sensor_async.py
[2024-03-27T00:05:34.865+0000] {processor.py:830} INFO - Processing file /home/airflow/.local/lib/python3.8/site-packages/airflow/example_dags/example_time_delta_sensor_async.py for tasks to queue
[2024-03-27T00:05:34.866+0000] {logging_mixin.py:188} INFO - [2024-03-27T00:05:34.866+0000] {dagbag.py:540} INFO - Filling up the DagBag from /home/airflow/.local/lib/python3.8/site-packages/airflow/example_dags/example_time_delta_sensor_async.py
[2024-03-27T00:05:34.868+0000] {processor.py:840} INFO - DAG(s) 'example_time_delta_sensor_async' retrieved from /home/airflow/.local/lib/python3.8/site-packages/airflow/example_dags/example_time_delta_sensor_async.py
[2024-03-27T00:05:34.879+0000] {logging_mixin.py:188} INFO - [2024-03-27T00:05:34.879+0000] {dag.py:3047} INFO - Sync 1 DAGs
[2024-03-27T00:05:34.885+0000] {logging_mixin.py:188} INFO - [2024-03-27T00:05:34.885+0000] {dag.py:3834} INFO - Setting next_dagrun for example_time_delta_sensor_async to None, run_after=None
[2024-03-27T00:05:34.894+0000] {processor.py:183} INFO - Processing /home/airflow/.local/lib/python3.8/site-packages/airflow/example_dags/example_time_delta_sensor_async.py took 0.031 seconds
[2024-03-27T00:06:05.607+0000] {processor.py:161} INFO - Started process (PID=5825) to work on /home/airflow/.local/lib/python3.8/site-packages/airflow/example_dags/example_time_delta_sensor_async.py
[2024-03-27T00:06:05.608+0000] {processor.py:830} INFO - Processing file /home/airflow/.local/lib/python3.8/site-packages/airflow/example_dags/example_time_delta_sensor_async.py for tasks to queue
[2024-03-27T00:06:05.609+0000] {logging_mixin.py:188} INFO - [2024-03-27T00:06:05.609+0000] {dagbag.py:540} INFO - Filling up the DagBag from /home/airflow/.local/lib/python3.8/site-packages/airflow/example_dags/example_time_delta_sensor_async.py
[2024-03-27T00:06:05.612+0000] {processor.py:840} INFO - DAG(s) 'example_time_delta_sensor_async' retrieved from /home/airflow/.local/lib/python3.8/site-packages/airflow/example_dags/example_time_delta_sensor_async.py
[2024-03-27T00:06:05.623+0000] {logging_mixin.py:188} INFO - [2024-03-27T00:06:05.623+0000] {dag.py:3047} INFO - Sync 1 DAGs
[2024-03-27T00:06:05.629+0000] {logging_mixin.py:188} INFO - [2024-03-27T00:06:05.629+0000] {dag.py:3834} INFO - Setting next_dagrun for example_time_delta_sensor_async to None, run_after=None
[2024-03-27T00:06:05.638+0000] {processor.py:183} INFO - Processing /home/airflow/.local/lib/python3.8/site-packages/airflow/example_dags/example_time_delta_sensor_async.py took 0.033 seconds
[2024-03-27T00:09:24.828+0000] {processor.py:161} INFO - Started process (PID=5880) to work on /home/airflow/.local/lib/python3.8/site-packages/airflow/example_dags/example_time_delta_sensor_async.py
[2024-03-27T00:09:24.829+0000] {processor.py:830} INFO - Processing file /home/airflow/.local/lib/python3.8/site-packages/airflow/example_dags/example_time_delta_sensor_async.py for tasks to queue
[2024-03-27T00:09:24.830+0000] {logging_mixin.py:188} INFO - [2024-03-27T00:09:24.830+0000] {dagbag.py:540} INFO - Filling up the DagBag from /home/airflow/.local/lib/python3.8/site-packages/airflow/example_dags/example_time_delta_sensor_async.py
[2024-03-27T00:09:24.834+0000] {processor.py:840} INFO - DAG(s) 'example_time_delta_sensor_async' retrieved from /home/airflow/.local/lib/python3.8/site-packages/airflow/example_dags/example_time_delta_sensor_async.py
[2024-03-27T00:09:24.858+0000] {logging_mixin.py:188} INFO - [2024-03-27T00:09:24.857+0000] {dag.py:3047} INFO - Sync 1 DAGs
[2024-03-27T00:09:24.873+0000] {logging_mixin.py:188} INFO - [2024-03-27T00:09:24.873+0000] {dag.py:3834} INFO - Setting next_dagrun for example_time_delta_sensor_async to None, run_after=None
[2024-03-27T00:09:24.883+0000] {processor.py:183} INFO - Processing /home/airflow/.local/lib/python3.8/site-packages/airflow/example_dags/example_time_delta_sensor_async.py took 0.058 seconds
[2024-03-27T00:09:55.860+0000] {processor.py:161} INFO - Started process (PID=5934) to work on /home/airflow/.local/lib/python3.8/site-packages/airflow/example_dags/example_time_delta_sensor_async.py
[2024-03-27T00:09:55.860+0000] {processor.py:830} INFO - Processing file /home/airflow/.local/lib/python3.8/site-packages/airflow/example_dags/example_time_delta_sensor_async.py for tasks to queue
[2024-03-27T00:09:55.861+0000] {logging_mixin.py:188} INFO - [2024-03-27T00:09:55.861+0000] {dagbag.py:540} INFO - Filling up the DagBag from /home/airflow/.local/lib/python3.8/site-packages/airflow/example_dags/example_time_delta_sensor_async.py
[2024-03-27T00:09:55.864+0000] {processor.py:840} INFO - DAG(s) 'example_time_delta_sensor_async' retrieved from /home/airflow/.local/lib/python3.8/site-packages/airflow/example_dags/example_time_delta_sensor_async.py
[2024-03-27T00:09:55.873+0000] {logging_mixin.py:188} INFO - [2024-03-27T00:09:55.873+0000] {dag.py:3047} INFO - Sync 1 DAGs
[2024-03-27T00:09:55.879+0000] {logging_mixin.py:188} INFO - [2024-03-27T00:09:55.879+0000] {dag.py:3834} INFO - Setting next_dagrun for example_time_delta_sensor_async to None, run_after=None
[2024-03-27T00:09:55.887+0000] {processor.py:183} INFO - Processing /home/airflow/.local/lib/python3.8/site-packages/airflow/example_dags/example_time_delta_sensor_async.py took 0.029 seconds
[2024-03-27T00:10:26.874+0000] {processor.py:161} INFO - Started process (PID=5989) to work on /home/airflow/.local/lib/python3.8/site-packages/airflow/example_dags/example_time_delta_sensor_async.py
[2024-03-27T00:10:26.875+0000] {processor.py:830} INFO - Processing file /home/airflow/.local/lib/python3.8/site-packages/airflow/example_dags/example_time_delta_sensor_async.py for tasks to queue
[2024-03-27T00:10:26.876+0000] {logging_mixin.py:188} INFO - [2024-03-27T00:10:26.876+0000] {dagbag.py:540} INFO - Filling up the DagBag from /home/airflow/.local/lib/python3.8/site-packages/airflow/example_dags/example_time_delta_sensor_async.py
[2024-03-27T00:10:26.879+0000] {processor.py:840} INFO - DAG(s) 'example_time_delta_sensor_async' retrieved from /home/airflow/.local/lib/python3.8/site-packages/airflow/example_dags/example_time_delta_sensor_async.py
[2024-03-27T00:10:26.890+0000] {logging_mixin.py:188} INFO - [2024-03-27T00:10:26.890+0000] {dag.py:3047} INFO - Sync 1 DAGs
[2024-03-27T00:10:26.896+0000] {logging_mixin.py:188} INFO - [2024-03-27T00:10:26.896+0000] {dag.py:3834} INFO - Setting next_dagrun for example_time_delta_sensor_async to None, run_after=None
[2024-03-27T00:10:26.905+0000] {processor.py:183} INFO - Processing /home/airflow/.local/lib/python3.8/site-packages/airflow/example_dags/example_time_delta_sensor_async.py took 0.032 seconds
[2024-03-27T00:10:57.813+0000] {processor.py:161} INFO - Started process (PID=6044) to work on /home/airflow/.local/lib/python3.8/site-packages/airflow/example_dags/example_time_delta_sensor_async.py
[2024-03-27T00:10:57.813+0000] {processor.py:830} INFO - Processing file /home/airflow/.local/lib/python3.8/site-packages/airflow/example_dags/example_time_delta_sensor_async.py for tasks to queue
[2024-03-27T00:10:57.814+0000] {logging_mixin.py:188} INFO - [2024-03-27T00:10:57.814+0000] {dagbag.py:540} INFO - Filling up the DagBag from /home/airflow/.local/lib/python3.8/site-packages/airflow/example_dags/example_time_delta_sensor_async.py
[2024-03-27T00:10:57.816+0000] {processor.py:840} INFO - DAG(s) 'example_time_delta_sensor_async' retrieved from /home/airflow/.local/lib/python3.8/site-packages/airflow/example_dags/example_time_delta_sensor_async.py
[2024-03-27T00:10:57.827+0000] {logging_mixin.py:188} INFO - [2024-03-27T00:10:57.827+0000] {dag.py:3047} INFO - Sync 1 DAGs
[2024-03-27T00:10:57.833+0000] {logging_mixin.py:188} INFO - [2024-03-27T00:10:57.833+0000] {dag.py:3834} INFO - Setting next_dagrun for example_time_delta_sensor_async to None, run_after=None
[2024-03-27T00:10:57.842+0000] {processor.py:183} INFO - Processing /home/airflow/.local/lib/python3.8/site-packages/airflow/example_dags/example_time_delta_sensor_async.py took 0.031 seconds
[2024-03-27T00:11:28.661+0000] {processor.py:161} INFO - Started process (PID=6098) to work on /home/airflow/.local/lib/python3.8/site-packages/airflow/example_dags/example_time_delta_sensor_async.py
[2024-03-27T00:11:28.661+0000] {processor.py:830} INFO - Processing file /home/airflow/.local/lib/python3.8/site-packages/airflow/example_dags/example_time_delta_sensor_async.py for tasks to queue
[2024-03-27T00:11:28.662+0000] {logging_mixin.py:188} INFO - [2024-03-27T00:11:28.662+0000] {dagbag.py:540} INFO - Filling up the DagBag from /home/airflow/.local/lib/python3.8/site-packages/airflow/example_dags/example_time_delta_sensor_async.py
[2024-03-27T00:11:28.665+0000] {processor.py:840} INFO - DAG(s) 'example_time_delta_sensor_async' retrieved from /home/airflow/.local/lib/python3.8/site-packages/airflow/example_dags/example_time_delta_sensor_async.py
[2024-03-27T00:11:28.676+0000] {logging_mixin.py:188} INFO - [2024-03-27T00:11:28.675+0000] {dag.py:3047} INFO - Sync 1 DAGs
[2024-03-27T00:11:28.682+0000] {logging_mixin.py:188} INFO - [2024-03-27T00:11:28.682+0000] {dag.py:3834} INFO - Setting next_dagrun for example_time_delta_sensor_async to None, run_after=None
[2024-03-27T00:11:28.690+0000] {processor.py:183} INFO - Processing /home/airflow/.local/lib/python3.8/site-packages/airflow/example_dags/example_time_delta_sensor_async.py took 0.032 seconds
[2024-03-27T00:11:59.679+0000] {processor.py:161} INFO - Started process (PID=6153) to work on /home/airflow/.local/lib/python3.8/site-packages/airflow/example_dags/example_time_delta_sensor_async.py
[2024-03-27T00:11:59.680+0000] {processor.py:830} INFO - Processing file /home/airflow/.local/lib/python3.8/site-packages/airflow/example_dags/example_time_delta_sensor_async.py for tasks to queue
[2024-03-27T00:11:59.681+0000] {logging_mixin.py:188} INFO - [2024-03-27T00:11:59.681+0000] {dagbag.py:540} INFO - Filling up the DagBag from /home/airflow/.local/lib/python3.8/site-packages/airflow/example_dags/example_time_delta_sensor_async.py
[2024-03-27T00:11:59.684+0000] {processor.py:840} INFO - DAG(s) 'example_time_delta_sensor_async' retrieved from /home/airflow/.local/lib/python3.8/site-packages/airflow/example_dags/example_time_delta_sensor_async.py
[2024-03-27T00:11:59.695+0000] {logging_mixin.py:188} INFO - [2024-03-27T00:11:59.695+0000] {dag.py:3047} INFO - Sync 1 DAGs
[2024-03-27T00:11:59.703+0000] {logging_mixin.py:188} INFO - [2024-03-27T00:11:59.703+0000] {dag.py:3834} INFO - Setting next_dagrun for example_time_delta_sensor_async to None, run_after=None
[2024-03-27T00:11:59.712+0000] {processor.py:183} INFO - Processing /home/airflow/.local/lib/python3.8/site-packages/airflow/example_dags/example_time_delta_sensor_async.py took 0.035 seconds
[2024-03-27T00:12:30.538+0000] {processor.py:161} INFO - Started process (PID=6207) to work on /home/airflow/.local/lib/python3.8/site-packages/airflow/example_dags/example_time_delta_sensor_async.py
[2024-03-27T00:12:30.539+0000] {processor.py:830} INFO - Processing file /home/airflow/.local/lib/python3.8/site-packages/airflow/example_dags/example_time_delta_sensor_async.py for tasks to queue
[2024-03-27T00:12:30.540+0000] {logging_mixin.py:188} INFO - [2024-03-27T00:12:30.539+0000] {dagbag.py:540} INFO - Filling up the DagBag from /home/airflow/.local/lib/python3.8/site-packages/airflow/example_dags/example_time_delta_sensor_async.py
[2024-03-27T00:12:30.542+0000] {processor.py:840} INFO - DAG(s) 'example_time_delta_sensor_async' retrieved from /home/airflow/.local/lib/python3.8/site-packages/airflow/example_dags/example_time_delta_sensor_async.py
[2024-03-27T00:12:30.552+0000] {logging_mixin.py:188} INFO - [2024-03-27T00:12:30.551+0000] {dag.py:3047} INFO - Sync 1 DAGs
[2024-03-27T00:12:30.557+0000] {logging_mixin.py:188} INFO - [2024-03-27T00:12:30.557+0000] {dag.py:3834} INFO - Setting next_dagrun for example_time_delta_sensor_async to None, run_after=None
[2024-03-27T00:12:30.564+0000] {processor.py:183} INFO - Processing /home/airflow/.local/lib/python3.8/site-packages/airflow/example_dags/example_time_delta_sensor_async.py took 0.028 seconds
[2024-03-27T00:13:01.338+0000] {processor.py:161} INFO - Started process (PID=6262) to work on /home/airflow/.local/lib/python3.8/site-packages/airflow/example_dags/example_time_delta_sensor_async.py
[2024-03-27T00:13:01.339+0000] {processor.py:830} INFO - Processing file /home/airflow/.local/lib/python3.8/site-packages/airflow/example_dags/example_time_delta_sensor_async.py for tasks to queue
[2024-03-27T00:13:01.340+0000] {logging_mixin.py:188} INFO - [2024-03-27T00:13:01.340+0000] {dagbag.py:540} INFO - Filling up the DagBag from /home/airflow/.local/lib/python3.8/site-packages/airflow/example_dags/example_time_delta_sensor_async.py
[2024-03-27T00:13:01.342+0000] {processor.py:840} INFO - DAG(s) 'example_time_delta_sensor_async' retrieved from /home/airflow/.local/lib/python3.8/site-packages/airflow/example_dags/example_time_delta_sensor_async.py
[2024-03-27T00:13:01.352+0000] {logging_mixin.py:188} INFO - [2024-03-27T00:13:01.352+0000] {dag.py:3047} INFO - Sync 1 DAGs
[2024-03-27T00:13:01.357+0000] {logging_mixin.py:188} INFO - [2024-03-27T00:13:01.357+0000] {dag.py:3834} INFO - Setting next_dagrun for example_time_delta_sensor_async to None, run_after=None
[2024-03-27T00:13:01.365+0000] {processor.py:183} INFO - Processing /home/airflow/.local/lib/python3.8/site-packages/airflow/example_dags/example_time_delta_sensor_async.py took 0.028 seconds
[2024-03-27T00:13:32.376+0000] {processor.py:161} INFO - Started process (PID=6317) to work on /home/airflow/.local/lib/python3.8/site-packages/airflow/example_dags/example_time_delta_sensor_async.py
[2024-03-27T00:13:32.377+0000] {processor.py:830} INFO - Processing file /home/airflow/.local/lib/python3.8/site-packages/airflow/example_dags/example_time_delta_sensor_async.py for tasks to queue
[2024-03-27T00:13:32.378+0000] {logging_mixin.py:188} INFO - [2024-03-27T00:13:32.377+0000] {dagbag.py:540} INFO - Filling up the DagBag from /home/airflow/.local/lib/python3.8/site-packages/airflow/example_dags/example_time_delta_sensor_async.py
[2024-03-27T00:13:32.380+0000] {processor.py:840} INFO - DAG(s) 'example_time_delta_sensor_async' retrieved from /home/airflow/.local/lib/python3.8/site-packages/airflow/example_dags/example_time_delta_sensor_async.py
[2024-03-27T00:13:32.391+0000] {logging_mixin.py:188} INFO - [2024-03-27T00:13:32.391+0000] {dag.py:3047} INFO - Sync 1 DAGs
[2024-03-27T00:13:32.397+0000] {logging_mixin.py:188} INFO - [2024-03-27T00:13:32.397+0000] {dag.py:3834} INFO - Setting next_dagrun for example_time_delta_sensor_async to None, run_after=None
[2024-03-27T00:13:32.406+0000] {processor.py:183} INFO - Processing /home/airflow/.local/lib/python3.8/site-packages/airflow/example_dags/example_time_delta_sensor_async.py took 0.032 seconds
[2024-03-27T00:14:02.742+0000] {processor.py:161} INFO - Started process (PID=6372) to work on /home/airflow/.local/lib/python3.8/site-packages/airflow/example_dags/example_time_delta_sensor_async.py
[2024-03-27T00:14:02.743+0000] {processor.py:830} INFO - Processing file /home/airflow/.local/lib/python3.8/site-packages/airflow/example_dags/example_time_delta_sensor_async.py for tasks to queue
[2024-03-27T00:14:02.744+0000] {logging_mixin.py:188} INFO - [2024-03-27T00:14:02.744+0000] {dagbag.py:540} INFO - Filling up the DagBag from /home/airflow/.local/lib/python3.8/site-packages/airflow/example_dags/example_time_delta_sensor_async.py
[2024-03-27T00:14:02.747+0000] {processor.py:840} INFO - DAG(s) 'example_time_delta_sensor_async' retrieved from /home/airflow/.local/lib/python3.8/site-packages/airflow/example_dags/example_time_delta_sensor_async.py
[2024-03-27T00:14:02.758+0000] {logging_mixin.py:188} INFO - [2024-03-27T00:14:02.758+0000] {dag.py:3047} INFO - Sync 1 DAGs
[2024-03-27T00:14:02.764+0000] {logging_mixin.py:188} INFO - [2024-03-27T00:14:02.764+0000] {dag.py:3834} INFO - Setting next_dagrun for example_time_delta_sensor_async to None, run_after=None
[2024-03-27T00:14:02.781+0000] {processor.py:183} INFO - Processing /home/airflow/.local/lib/python3.8/site-packages/airflow/example_dags/example_time_delta_sensor_async.py took 0.041 seconds
[2024-03-27T00:14:32.853+0000] {processor.py:161} INFO - Started process (PID=6427) to work on /home/airflow/.local/lib/python3.8/site-packages/airflow/example_dags/example_time_delta_sensor_async.py
[2024-03-27T00:14:32.854+0000] {processor.py:830} INFO - Processing file /home/airflow/.local/lib/python3.8/site-packages/airflow/example_dags/example_time_delta_sensor_async.py for tasks to queue
[2024-03-27T00:14:32.855+0000] {logging_mixin.py:188} INFO - [2024-03-27T00:14:32.855+0000] {dagbag.py:540} INFO - Filling up the DagBag from /home/airflow/.local/lib/python3.8/site-packages/airflow/example_dags/example_time_delta_sensor_async.py
[2024-03-27T00:14:32.858+0000] {processor.py:840} INFO - DAG(s) 'example_time_delta_sensor_async' retrieved from /home/airflow/.local/lib/python3.8/site-packages/airflow/example_dags/example_time_delta_sensor_async.py
[2024-03-27T00:14:32.868+0000] {logging_mixin.py:188} INFO - [2024-03-27T00:14:32.868+0000] {dag.py:3047} INFO - Sync 1 DAGs
[2024-03-27T00:14:32.874+0000] {logging_mixin.py:188} INFO - [2024-03-27T00:14:32.874+0000] {dag.py:3834} INFO - Setting next_dagrun for example_time_delta_sensor_async to None, run_after=None
[2024-03-27T00:14:32.883+0000] {processor.py:183} INFO - Processing /home/airflow/.local/lib/python3.8/site-packages/airflow/example_dags/example_time_delta_sensor_async.py took 0.031 seconds
[2024-03-27T00:15:03.601+0000] {processor.py:161} INFO - Started process (PID=6482) to work on /home/airflow/.local/lib/python3.8/site-packages/airflow/example_dags/example_time_delta_sensor_async.py
[2024-03-27T00:15:03.602+0000] {processor.py:830} INFO - Processing file /home/airflow/.local/lib/python3.8/site-packages/airflow/example_dags/example_time_delta_sensor_async.py for tasks to queue
[2024-03-27T00:15:03.603+0000] {logging_mixin.py:188} INFO - [2024-03-27T00:15:03.602+0000] {dagbag.py:540} INFO - Filling up the DagBag from /home/airflow/.local/lib/python3.8/site-packages/airflow/example_dags/example_time_delta_sensor_async.py
[2024-03-27T00:15:03.605+0000] {processor.py:840} INFO - DAG(s) 'example_time_delta_sensor_async' retrieved from /home/airflow/.local/lib/python3.8/site-packages/airflow/example_dags/example_time_delta_sensor_async.py
[2024-03-27T00:15:03.615+0000] {logging_mixin.py:188} INFO - [2024-03-27T00:15:03.614+0000] {dag.py:3047} INFO - Sync 1 DAGs
[2024-03-27T00:15:03.620+0000] {logging_mixin.py:188} INFO - [2024-03-27T00:15:03.620+0000] {dag.py:3834} INFO - Setting next_dagrun for example_time_delta_sensor_async to None, run_after=None
[2024-03-27T00:15:03.627+0000] {processor.py:183} INFO - Processing /home/airflow/.local/lib/python3.8/site-packages/airflow/example_dags/example_time_delta_sensor_async.py took 0.028 seconds
[2024-03-27T00:15:34.433+0000] {processor.py:161} INFO - Started process (PID=6537) to work on /home/airflow/.local/lib/python3.8/site-packages/airflow/example_dags/example_time_delta_sensor_async.py
[2024-03-27T00:15:34.434+0000] {processor.py:830} INFO - Processing file /home/airflow/.local/lib/python3.8/site-packages/airflow/example_dags/example_time_delta_sensor_async.py for tasks to queue
[2024-03-27T00:15:34.435+0000] {logging_mixin.py:188} INFO - [2024-03-27T00:15:34.434+0000] {dagbag.py:540} INFO - Filling up the DagBag from /home/airflow/.local/lib/python3.8/site-packages/airflow/example_dags/example_time_delta_sensor_async.py
[2024-03-27T00:15:34.437+0000] {processor.py:840} INFO - DAG(s) 'example_time_delta_sensor_async' retrieved from /home/airflow/.local/lib/python3.8/site-packages/airflow/example_dags/example_time_delta_sensor_async.py
[2024-03-27T00:15:34.448+0000] {logging_mixin.py:188} INFO - [2024-03-27T00:15:34.448+0000] {dag.py:3047} INFO - Sync 1 DAGs
[2024-03-27T00:15:34.454+0000] {logging_mixin.py:188} INFO - [2024-03-27T00:15:34.454+0000] {dag.py:3834} INFO - Setting next_dagrun for example_time_delta_sensor_async to None, run_after=None
[2024-03-27T00:15:34.463+0000] {processor.py:183} INFO - Processing /home/airflow/.local/lib/python3.8/site-packages/airflow/example_dags/example_time_delta_sensor_async.py took 0.033 seconds
[2024-03-27T00:16:04.678+0000] {processor.py:161} INFO - Started process (PID=6592) to work on /home/airflow/.local/lib/python3.8/site-packages/airflow/example_dags/example_time_delta_sensor_async.py
[2024-03-27T00:16:04.679+0000] {processor.py:830} INFO - Processing file /home/airflow/.local/lib/python3.8/site-packages/airflow/example_dags/example_time_delta_sensor_async.py for tasks to queue
[2024-03-27T00:16:04.680+0000] {logging_mixin.py:188} INFO - [2024-03-27T00:16:04.680+0000] {dagbag.py:540} INFO - Filling up the DagBag from /home/airflow/.local/lib/python3.8/site-packages/airflow/example_dags/example_time_delta_sensor_async.py
[2024-03-27T00:16:04.683+0000] {processor.py:840} INFO - DAG(s) 'example_time_delta_sensor_async' retrieved from /home/airflow/.local/lib/python3.8/site-packages/airflow/example_dags/example_time_delta_sensor_async.py
[2024-03-27T00:16:04.693+0000] {logging_mixin.py:188} INFO - [2024-03-27T00:16:04.693+0000] {dag.py:3047} INFO - Sync 1 DAGs
[2024-03-27T00:16:04.700+0000] {logging_mixin.py:188} INFO - [2024-03-27T00:16:04.700+0000] {dag.py:3834} INFO - Setting next_dagrun for example_time_delta_sensor_async to None, run_after=None
[2024-03-27T00:16:04.709+0000] {processor.py:183} INFO - Processing /home/airflow/.local/lib/python3.8/site-packages/airflow/example_dags/example_time_delta_sensor_async.py took 0.033 seconds
[2024-03-27T00:16:35.461+0000] {processor.py:161} INFO - Started process (PID=6647) to work on /home/airflow/.local/lib/python3.8/site-packages/airflow/example_dags/example_time_delta_sensor_async.py
[2024-03-27T00:16:35.462+0000] {processor.py:830} INFO - Processing file /home/airflow/.local/lib/python3.8/site-packages/airflow/example_dags/example_time_delta_sensor_async.py for tasks to queue
[2024-03-27T00:16:35.462+0000] {logging_mixin.py:188} INFO - [2024-03-27T00:16:35.462+0000] {dagbag.py:540} INFO - Filling up the DagBag from /home/airflow/.local/lib/python3.8/site-packages/airflow/example_dags/example_time_delta_sensor_async.py
[2024-03-27T00:16:35.465+0000] {processor.py:840} INFO - DAG(s) 'example_time_delta_sensor_async' retrieved from /home/airflow/.local/lib/python3.8/site-packages/airflow/example_dags/example_time_delta_sensor_async.py
[2024-03-27T00:16:35.475+0000] {logging_mixin.py:188} INFO - [2024-03-27T00:16:35.474+0000] {dag.py:3047} INFO - Sync 1 DAGs
[2024-03-27T00:16:35.480+0000] {logging_mixin.py:188} INFO - [2024-03-27T00:16:35.480+0000] {dag.py:3834} INFO - Setting next_dagrun for example_time_delta_sensor_async to None, run_after=None
[2024-03-27T00:16:35.487+0000] {processor.py:183} INFO - Processing /home/airflow/.local/lib/python3.8/site-packages/airflow/example_dags/example_time_delta_sensor_async.py took 0.028 seconds
[2024-03-27T00:17:06.242+0000] {processor.py:161} INFO - Started process (PID=6702) to work on /home/airflow/.local/lib/python3.8/site-packages/airflow/example_dags/example_time_delta_sensor_async.py
[2024-03-27T00:17:06.243+0000] {processor.py:830} INFO - Processing file /home/airflow/.local/lib/python3.8/site-packages/airflow/example_dags/example_time_delta_sensor_async.py for tasks to queue
[2024-03-27T00:17:06.244+0000] {logging_mixin.py:188} INFO - [2024-03-27T00:17:06.244+0000] {dagbag.py:540} INFO - Filling up the DagBag from /home/airflow/.local/lib/python3.8/site-packages/airflow/example_dags/example_time_delta_sensor_async.py
[2024-03-27T00:17:06.246+0000] {processor.py:840} INFO - DAG(s) 'example_time_delta_sensor_async' retrieved from /home/airflow/.local/lib/python3.8/site-packages/airflow/example_dags/example_time_delta_sensor_async.py
[2024-03-27T00:17:06.256+0000] {logging_mixin.py:188} INFO - [2024-03-27T00:17:06.256+0000] {dag.py:3047} INFO - Sync 1 DAGs
[2024-03-27T00:17:06.261+0000] {logging_mixin.py:188} INFO - [2024-03-27T00:17:06.261+0000] {dag.py:3834} INFO - Setting next_dagrun for example_time_delta_sensor_async to None, run_after=None
[2024-03-27T00:17:06.269+0000] {processor.py:183} INFO - Processing /home/airflow/.local/lib/python3.8/site-packages/airflow/example_dags/example_time_delta_sensor_async.py took 0.028 seconds
[2024-03-27T00:17:37.027+0000] {processor.py:161} INFO - Started process (PID=6757) to work on /home/airflow/.local/lib/python3.8/site-packages/airflow/example_dags/example_time_delta_sensor_async.py
[2024-03-27T00:17:37.028+0000] {processor.py:830} INFO - Processing file /home/airflow/.local/lib/python3.8/site-packages/airflow/example_dags/example_time_delta_sensor_async.py for tasks to queue
[2024-03-27T00:17:37.029+0000] {logging_mixin.py:188} INFO - [2024-03-27T00:17:37.029+0000] {dagbag.py:540} INFO - Filling up the DagBag from /home/airflow/.local/lib/python3.8/site-packages/airflow/example_dags/example_time_delta_sensor_async.py
[2024-03-27T00:17:37.032+0000] {processor.py:840} INFO - DAG(s) 'example_time_delta_sensor_async' retrieved from /home/airflow/.local/lib/python3.8/site-packages/airflow/example_dags/example_time_delta_sensor_async.py
[2024-03-27T00:17:37.043+0000] {logging_mixin.py:188} INFO - [2024-03-27T00:17:37.043+0000] {dag.py:3047} INFO - Sync 1 DAGs
[2024-03-27T00:17:37.050+0000] {logging_mixin.py:188} INFO - [2024-03-27T00:17:37.049+0000] {dag.py:3834} INFO - Setting next_dagrun for example_time_delta_sensor_async to None, run_after=None
[2024-03-27T00:17:37.059+0000] {processor.py:183} INFO - Processing /home/airflow/.local/lib/python3.8/site-packages/airflow/example_dags/example_time_delta_sensor_async.py took 0.034 seconds
[2024-03-27T00:18:07.186+0000] {processor.py:161} INFO - Started process (PID=6812) to work on /home/airflow/.local/lib/python3.8/site-packages/airflow/example_dags/example_time_delta_sensor_async.py
[2024-03-27T00:18:07.186+0000] {processor.py:830} INFO - Processing file /home/airflow/.local/lib/python3.8/site-packages/airflow/example_dags/example_time_delta_sensor_async.py for tasks to queue
[2024-03-27T00:18:07.187+0000] {logging_mixin.py:188} INFO - [2024-03-27T00:18:07.187+0000] {dagbag.py:540} INFO - Filling up the DagBag from /home/airflow/.local/lib/python3.8/site-packages/airflow/example_dags/example_time_delta_sensor_async.py
[2024-03-27T00:18:07.190+0000] {processor.py:840} INFO - DAG(s) 'example_time_delta_sensor_async' retrieved from /home/airflow/.local/lib/python3.8/site-packages/airflow/example_dags/example_time_delta_sensor_async.py
[2024-03-27T00:18:07.199+0000] {logging_mixin.py:188} INFO - [2024-03-27T00:18:07.199+0000] {dag.py:3047} INFO - Sync 1 DAGs
[2024-03-27T00:18:07.205+0000] {logging_mixin.py:188} INFO - [2024-03-27T00:18:07.204+0000] {dag.py:3834} INFO - Setting next_dagrun for example_time_delta_sensor_async to None, run_after=None
[2024-03-27T00:18:07.213+0000] {processor.py:183} INFO - Processing /home/airflow/.local/lib/python3.8/site-packages/airflow/example_dags/example_time_delta_sensor_async.py took 0.029 seconds
[2024-03-27T00:18:37.387+0000] {processor.py:161} INFO - Started process (PID=6867) to work on /home/airflow/.local/lib/python3.8/site-packages/airflow/example_dags/example_time_delta_sensor_async.py
[2024-03-27T00:18:37.387+0000] {processor.py:830} INFO - Processing file /home/airflow/.local/lib/python3.8/site-packages/airflow/example_dags/example_time_delta_sensor_async.py for tasks to queue
[2024-03-27T00:18:37.388+0000] {logging_mixin.py:188} INFO - [2024-03-27T00:18:37.388+0000] {dagbag.py:540} INFO - Filling up the DagBag from /home/airflow/.local/lib/python3.8/site-packages/airflow/example_dags/example_time_delta_sensor_async.py
[2024-03-27T00:18:37.390+0000] {processor.py:840} INFO - DAG(s) 'example_time_delta_sensor_async' retrieved from /home/airflow/.local/lib/python3.8/site-packages/airflow/example_dags/example_time_delta_sensor_async.py
[2024-03-27T00:18:37.400+0000] {logging_mixin.py:188} INFO - [2024-03-27T00:18:37.400+0000] {dag.py:3047} INFO - Sync 1 DAGs
[2024-03-27T00:18:37.405+0000] {logging_mixin.py:188} INFO - [2024-03-27T00:18:37.405+0000] {dag.py:3834} INFO - Setting next_dagrun for example_time_delta_sensor_async to None, run_after=None
[2024-03-27T00:18:37.413+0000] {processor.py:183} INFO - Processing /home/airflow/.local/lib/python3.8/site-packages/airflow/example_dags/example_time_delta_sensor_async.py took 0.028 seconds
[2024-03-27T00:19:07.667+0000] {processor.py:161} INFO - Started process (PID=6922) to work on /home/airflow/.local/lib/python3.8/site-packages/airflow/example_dags/example_time_delta_sensor_async.py
[2024-03-27T00:19:07.668+0000] {processor.py:830} INFO - Processing file /home/airflow/.local/lib/python3.8/site-packages/airflow/example_dags/example_time_delta_sensor_async.py for tasks to queue
[2024-03-27T00:19:07.669+0000] {logging_mixin.py:188} INFO - [2024-03-27T00:19:07.669+0000] {dagbag.py:540} INFO - Filling up the DagBag from /home/airflow/.local/lib/python3.8/site-packages/airflow/example_dags/example_time_delta_sensor_async.py
[2024-03-27T00:19:07.671+0000] {processor.py:840} INFO - DAG(s) 'example_time_delta_sensor_async' retrieved from /home/airflow/.local/lib/python3.8/site-packages/airflow/example_dags/example_time_delta_sensor_async.py
[2024-03-27T00:19:07.682+0000] {logging_mixin.py:188} INFO - [2024-03-27T00:19:07.682+0000] {dag.py:3047} INFO - Sync 1 DAGs
[2024-03-27T00:19:07.688+0000] {logging_mixin.py:188} INFO - [2024-03-27T00:19:07.688+0000] {dag.py:3834} INFO - Setting next_dagrun for example_time_delta_sensor_async to None, run_after=None
[2024-03-27T00:19:07.696+0000] {processor.py:183} INFO - Processing /home/airflow/.local/lib/python3.8/site-packages/airflow/example_dags/example_time_delta_sensor_async.py took 0.031 seconds
[2024-03-27T00:19:37.804+0000] {processor.py:161} INFO - Started process (PID=6977) to work on /home/airflow/.local/lib/python3.8/site-packages/airflow/example_dags/example_time_delta_sensor_async.py
[2024-03-27T00:19:37.805+0000] {processor.py:830} INFO - Processing file /home/airflow/.local/lib/python3.8/site-packages/airflow/example_dags/example_time_delta_sensor_async.py for tasks to queue
[2024-03-27T00:19:37.806+0000] {logging_mixin.py:188} INFO - [2024-03-27T00:19:37.806+0000] {dagbag.py:540} INFO - Filling up the DagBag from /home/airflow/.local/lib/python3.8/site-packages/airflow/example_dags/example_time_delta_sensor_async.py
[2024-03-27T00:19:37.808+0000] {processor.py:840} INFO - DAG(s) 'example_time_delta_sensor_async' retrieved from /home/airflow/.local/lib/python3.8/site-packages/airflow/example_dags/example_time_delta_sensor_async.py
[2024-03-27T00:19:37.817+0000] {logging_mixin.py:188} INFO - [2024-03-27T00:19:37.817+0000] {dag.py:3047} INFO - Sync 1 DAGs
[2024-03-27T00:19:37.823+0000] {logging_mixin.py:188} INFO - [2024-03-27T00:19:37.823+0000] {dag.py:3834} INFO - Setting next_dagrun for example_time_delta_sensor_async to None, run_after=None
[2024-03-27T00:19:37.832+0000] {processor.py:183} INFO - Processing /home/airflow/.local/lib/python3.8/site-packages/airflow/example_dags/example_time_delta_sensor_async.py took 0.029 seconds
[2024-03-27T00:20:08.723+0000] {processor.py:161} INFO - Started process (PID=7032) to work on /home/airflow/.local/lib/python3.8/site-packages/airflow/example_dags/example_time_delta_sensor_async.py
[2024-03-27T00:20:08.724+0000] {processor.py:830} INFO - Processing file /home/airflow/.local/lib/python3.8/site-packages/airflow/example_dags/example_time_delta_sensor_async.py for tasks to queue
[2024-03-27T00:20:08.725+0000] {logging_mixin.py:188} INFO - [2024-03-27T00:20:08.725+0000] {dagbag.py:540} INFO - Filling up the DagBag from /home/airflow/.local/lib/python3.8/site-packages/airflow/example_dags/example_time_delta_sensor_async.py
[2024-03-27T00:20:08.728+0000] {processor.py:840} INFO - DAG(s) 'example_time_delta_sensor_async' retrieved from /home/airflow/.local/lib/python3.8/site-packages/airflow/example_dags/example_time_delta_sensor_async.py
[2024-03-27T00:20:08.739+0000] {logging_mixin.py:188} INFO - [2024-03-27T00:20:08.739+0000] {dag.py:3047} INFO - Sync 1 DAGs
[2024-03-27T00:20:08.745+0000] {logging_mixin.py:188} INFO - [2024-03-27T00:20:08.745+0000] {dag.py:3834} INFO - Setting next_dagrun for example_time_delta_sensor_async to None, run_after=None
[2024-03-27T00:20:08.753+0000] {processor.py:183} INFO - Processing /home/airflow/.local/lib/python3.8/site-packages/airflow/example_dags/example_time_delta_sensor_async.py took 0.032 seconds
[2024-03-27T00:20:39.376+0000] {processor.py:161} INFO - Started process (PID=7087) to work on /home/airflow/.local/lib/python3.8/site-packages/airflow/example_dags/example_time_delta_sensor_async.py
[2024-03-27T00:20:39.377+0000] {processor.py:830} INFO - Processing file /home/airflow/.local/lib/python3.8/site-packages/airflow/example_dags/example_time_delta_sensor_async.py for tasks to queue
[2024-03-27T00:20:39.378+0000] {logging_mixin.py:188} INFO - [2024-03-27T00:20:39.377+0000] {dagbag.py:540} INFO - Filling up the DagBag from /home/airflow/.local/lib/python3.8/site-packages/airflow/example_dags/example_time_delta_sensor_async.py
[2024-03-27T00:20:39.380+0000] {processor.py:840} INFO - DAG(s) 'example_time_delta_sensor_async' retrieved from /home/airflow/.local/lib/python3.8/site-packages/airflow/example_dags/example_time_delta_sensor_async.py
[2024-03-27T00:20:39.390+0000] {logging_mixin.py:188} INFO - [2024-03-27T00:20:39.390+0000] {dag.py:3047} INFO - Sync 1 DAGs
[2024-03-27T00:20:39.396+0000] {logging_mixin.py:188} INFO - [2024-03-27T00:20:39.396+0000] {dag.py:3834} INFO - Setting next_dagrun for example_time_delta_sensor_async to None, run_after=None
[2024-03-27T00:20:39.405+0000] {processor.py:183} INFO - Processing /home/airflow/.local/lib/python3.8/site-packages/airflow/example_dags/example_time_delta_sensor_async.py took 0.031 seconds
[2024-03-27T00:21:10.006+0000] {processor.py:161} INFO - Started process (PID=7142) to work on /home/airflow/.local/lib/python3.8/site-packages/airflow/example_dags/example_time_delta_sensor_async.py
[2024-03-27T00:21:10.007+0000] {processor.py:830} INFO - Processing file /home/airflow/.local/lib/python3.8/site-packages/airflow/example_dags/example_time_delta_sensor_async.py for tasks to queue
[2024-03-27T00:21:10.008+0000] {logging_mixin.py:188} INFO - [2024-03-27T00:21:10.008+0000] {dagbag.py:540} INFO - Filling up the DagBag from /home/airflow/.local/lib/python3.8/site-packages/airflow/example_dags/example_time_delta_sensor_async.py
[2024-03-27T00:21:10.010+0000] {processor.py:840} INFO - DAG(s) 'example_time_delta_sensor_async' retrieved from /home/airflow/.local/lib/python3.8/site-packages/airflow/example_dags/example_time_delta_sensor_async.py
[2024-03-27T00:21:10.020+0000] {logging_mixin.py:188} INFO - [2024-03-27T00:21:10.020+0000] {dag.py:3047} INFO - Sync 1 DAGs
[2024-03-27T00:21:10.025+0000] {logging_mixin.py:188} INFO - [2024-03-27T00:21:10.025+0000] {dag.py:3834} INFO - Setting next_dagrun for example_time_delta_sensor_async to None, run_after=None
[2024-03-27T00:21:10.035+0000] {processor.py:183} INFO - Processing /home/airflow/.local/lib/python3.8/site-packages/airflow/example_dags/example_time_delta_sensor_async.py took 0.030 seconds
[2024-03-27T00:21:40.715+0000] {processor.py:161} INFO - Started process (PID=7197) to work on /home/airflow/.local/lib/python3.8/site-packages/airflow/example_dags/example_time_delta_sensor_async.py
[2024-03-27T00:21:40.716+0000] {processor.py:830} INFO - Processing file /home/airflow/.local/lib/python3.8/site-packages/airflow/example_dags/example_time_delta_sensor_async.py for tasks to queue
[2024-03-27T00:21:40.717+0000] {logging_mixin.py:188} INFO - [2024-03-27T00:21:40.716+0000] {dagbag.py:540} INFO - Filling up the DagBag from /home/airflow/.local/lib/python3.8/site-packages/airflow/example_dags/example_time_delta_sensor_async.py
[2024-03-27T00:21:40.719+0000] {processor.py:840} INFO - DAG(s) 'example_time_delta_sensor_async' retrieved from /home/airflow/.local/lib/python3.8/site-packages/airflow/example_dags/example_time_delta_sensor_async.py
[2024-03-27T00:21:40.728+0000] {logging_mixin.py:188} INFO - [2024-03-27T00:21:40.728+0000] {dag.py:3047} INFO - Sync 1 DAGs
[2024-03-27T00:21:40.734+0000] {logging_mixin.py:188} INFO - [2024-03-27T00:21:40.734+0000] {dag.py:3834} INFO - Setting next_dagrun for example_time_delta_sensor_async to None, run_after=None
[2024-03-27T00:21:40.742+0000] {processor.py:183} INFO - Processing /home/airflow/.local/lib/python3.8/site-packages/airflow/example_dags/example_time_delta_sensor_async.py took 0.028 seconds
[2024-03-27T00:22:11.379+0000] {processor.py:161} INFO - Started process (PID=7252) to work on /home/airflow/.local/lib/python3.8/site-packages/airflow/example_dags/example_time_delta_sensor_async.py
[2024-03-27T00:22:11.380+0000] {processor.py:830} INFO - Processing file /home/airflow/.local/lib/python3.8/site-packages/airflow/example_dags/example_time_delta_sensor_async.py for tasks to queue
[2024-03-27T00:22:11.381+0000] {logging_mixin.py:188} INFO - [2024-03-27T00:22:11.381+0000] {dagbag.py:540} INFO - Filling up the DagBag from /home/airflow/.local/lib/python3.8/site-packages/airflow/example_dags/example_time_delta_sensor_async.py
[2024-03-27T00:22:11.388+0000] {processor.py:840} INFO - DAG(s) 'example_time_delta_sensor_async' retrieved from /home/airflow/.local/lib/python3.8/site-packages/airflow/example_dags/example_time_delta_sensor_async.py
[2024-03-27T00:22:11.400+0000] {logging_mixin.py:188} INFO - [2024-03-27T00:22:11.400+0000] {dag.py:3047} INFO - Sync 1 DAGs
[2024-03-27T00:22:11.406+0000] {logging_mixin.py:188} INFO - [2024-03-27T00:22:11.406+0000] {dag.py:3834} INFO - Setting next_dagrun for example_time_delta_sensor_async to None, run_after=None
[2024-03-27T00:22:11.414+0000] {processor.py:183} INFO - Processing /home/airflow/.local/lib/python3.8/site-packages/airflow/example_dags/example_time_delta_sensor_async.py took 0.038 seconds
[2024-03-27T00:22:42.097+0000] {processor.py:161} INFO - Started process (PID=7307) to work on /home/airflow/.local/lib/python3.8/site-packages/airflow/example_dags/example_time_delta_sensor_async.py
[2024-03-27T00:22:42.098+0000] {processor.py:830} INFO - Processing file /home/airflow/.local/lib/python3.8/site-packages/airflow/example_dags/example_time_delta_sensor_async.py for tasks to queue
[2024-03-27T00:22:42.099+0000] {logging_mixin.py:188} INFO - [2024-03-27T00:22:42.099+0000] {dagbag.py:540} INFO - Filling up the DagBag from /home/airflow/.local/lib/python3.8/site-packages/airflow/example_dags/example_time_delta_sensor_async.py
[2024-03-27T00:22:42.102+0000] {processor.py:840} INFO - DAG(s) 'example_time_delta_sensor_async' retrieved from /home/airflow/.local/lib/python3.8/site-packages/airflow/example_dags/example_time_delta_sensor_async.py
[2024-03-27T00:22:42.112+0000] {logging_mixin.py:188} INFO - [2024-03-27T00:22:42.112+0000] {dag.py:3047} INFO - Sync 1 DAGs
[2024-03-27T00:22:42.118+0000] {logging_mixin.py:188} INFO - [2024-03-27T00:22:42.118+0000] {dag.py:3834} INFO - Setting next_dagrun for example_time_delta_sensor_async to None, run_after=None
[2024-03-27T00:22:42.127+0000] {processor.py:183} INFO - Processing /home/airflow/.local/lib/python3.8/site-packages/airflow/example_dags/example_time_delta_sensor_async.py took 0.031 seconds
[2024-03-27T00:23:12.778+0000] {processor.py:161} INFO - Started process (PID=7362) to work on /home/airflow/.local/lib/python3.8/site-packages/airflow/example_dags/example_time_delta_sensor_async.py
[2024-03-27T00:23:12.779+0000] {processor.py:830} INFO - Processing file /home/airflow/.local/lib/python3.8/site-packages/airflow/example_dags/example_time_delta_sensor_async.py for tasks to queue
[2024-03-27T00:23:12.780+0000] {logging_mixin.py:188} INFO - [2024-03-27T00:23:12.779+0000] {dagbag.py:540} INFO - Filling up the DagBag from /home/airflow/.local/lib/python3.8/site-packages/airflow/example_dags/example_time_delta_sensor_async.py
[2024-03-27T00:23:12.782+0000] {processor.py:840} INFO - DAG(s) 'example_time_delta_sensor_async' retrieved from /home/airflow/.local/lib/python3.8/site-packages/airflow/example_dags/example_time_delta_sensor_async.py
[2024-03-27T00:23:12.792+0000] {logging_mixin.py:188} INFO - [2024-03-27T00:23:12.791+0000] {dag.py:3047} INFO - Sync 1 DAGs
[2024-03-27T00:23:12.797+0000] {logging_mixin.py:188} INFO - [2024-03-27T00:23:12.797+0000] {dag.py:3834} INFO - Setting next_dagrun for example_time_delta_sensor_async to None, run_after=None
[2024-03-27T00:23:12.805+0000] {processor.py:183} INFO - Processing /home/airflow/.local/lib/python3.8/site-packages/airflow/example_dags/example_time_delta_sensor_async.py took 0.029 seconds
[2024-03-27T00:23:43.419+0000] {processor.py:161} INFO - Started process (PID=7417) to work on /home/airflow/.local/lib/python3.8/site-packages/airflow/example_dags/example_time_delta_sensor_async.py
[2024-03-27T00:23:43.420+0000] {processor.py:830} INFO - Processing file /home/airflow/.local/lib/python3.8/site-packages/airflow/example_dags/example_time_delta_sensor_async.py for tasks to queue
[2024-03-27T00:23:43.421+0000] {logging_mixin.py:188} INFO - [2024-03-27T00:23:43.421+0000] {dagbag.py:540} INFO - Filling up the DagBag from /home/airflow/.local/lib/python3.8/site-packages/airflow/example_dags/example_time_delta_sensor_async.py
[2024-03-27T00:23:43.423+0000] {processor.py:840} INFO - DAG(s) 'example_time_delta_sensor_async' retrieved from /home/airflow/.local/lib/python3.8/site-packages/airflow/example_dags/example_time_delta_sensor_async.py
[2024-03-27T00:23:43.432+0000] {logging_mixin.py:188} INFO - [2024-03-27T00:23:43.432+0000] {dag.py:3047} INFO - Sync 1 DAGs
[2024-03-27T00:23:43.438+0000] {logging_mixin.py:188} INFO - [2024-03-27T00:23:43.438+0000] {dag.py:3834} INFO - Setting next_dagrun for example_time_delta_sensor_async to None, run_after=None
[2024-03-27T00:23:43.447+0000] {processor.py:183} INFO - Processing /home/airflow/.local/lib/python3.8/site-packages/airflow/example_dags/example_time_delta_sensor_async.py took 0.029 seconds
[2024-03-27T00:24:14.101+0000] {processor.py:161} INFO - Started process (PID=7472) to work on /home/airflow/.local/lib/python3.8/site-packages/airflow/example_dags/example_time_delta_sensor_async.py
[2024-03-27T00:24:14.101+0000] {processor.py:830} INFO - Processing file /home/airflow/.local/lib/python3.8/site-packages/airflow/example_dags/example_time_delta_sensor_async.py for tasks to queue
[2024-03-27T00:24:14.102+0000] {logging_mixin.py:188} INFO - [2024-03-27T00:24:14.102+0000] {dagbag.py:540} INFO - Filling up the DagBag from /home/airflow/.local/lib/python3.8/site-packages/airflow/example_dags/example_time_delta_sensor_async.py
[2024-03-27T00:24:14.104+0000] {processor.py:840} INFO - DAG(s) 'example_time_delta_sensor_async' retrieved from /home/airflow/.local/lib/python3.8/site-packages/airflow/example_dags/example_time_delta_sensor_async.py
[2024-03-27T00:24:14.114+0000] {logging_mixin.py:188} INFO - [2024-03-27T00:24:14.114+0000] {dag.py:3047} INFO - Sync 1 DAGs
[2024-03-27T00:24:14.119+0000] {logging_mixin.py:188} INFO - [2024-03-27T00:24:14.119+0000] {dag.py:3834} INFO - Setting next_dagrun for example_time_delta_sensor_async to None, run_after=None
[2024-03-27T00:24:14.127+0000] {processor.py:183} INFO - Processing /home/airflow/.local/lib/python3.8/site-packages/airflow/example_dags/example_time_delta_sensor_async.py took 0.028 seconds
[2024-03-27T00:24:45.024+0000] {processor.py:161} INFO - Started process (PID=7527) to work on /home/airflow/.local/lib/python3.8/site-packages/airflow/example_dags/example_time_delta_sensor_async.py
[2024-03-27T00:24:45.025+0000] {processor.py:830} INFO - Processing file /home/airflow/.local/lib/python3.8/site-packages/airflow/example_dags/example_time_delta_sensor_async.py for tasks to queue
[2024-03-27T00:24:45.026+0000] {logging_mixin.py:188} INFO - [2024-03-27T00:24:45.026+0000] {dagbag.py:540} INFO - Filling up the DagBag from /home/airflow/.local/lib/python3.8/site-packages/airflow/example_dags/example_time_delta_sensor_async.py
[2024-03-27T00:24:45.028+0000] {processor.py:840} INFO - DAG(s) 'example_time_delta_sensor_async' retrieved from /home/airflow/.local/lib/python3.8/site-packages/airflow/example_dags/example_time_delta_sensor_async.py
[2024-03-27T00:24:45.037+0000] {logging_mixin.py:188} INFO - [2024-03-27T00:24:45.037+0000] {dag.py:3047} INFO - Sync 1 DAGs
[2024-03-27T00:24:45.043+0000] {logging_mixin.py:188} INFO - [2024-03-27T00:24:45.043+0000] {dag.py:3834} INFO - Setting next_dagrun for example_time_delta_sensor_async to None, run_after=None
[2024-03-27T00:24:45.052+0000] {processor.py:183} INFO - Processing /home/airflow/.local/lib/python3.8/site-packages/airflow/example_dags/example_time_delta_sensor_async.py took 0.029 seconds
[2024-03-27T00:31:01.887+0000] {processor.py:161} INFO - Started process (PID=7582) to work on /home/airflow/.local/lib/python3.8/site-packages/airflow/example_dags/example_time_delta_sensor_async.py
[2024-03-27T00:31:01.890+0000] {processor.py:830} INFO - Processing file /home/airflow/.local/lib/python3.8/site-packages/airflow/example_dags/example_time_delta_sensor_async.py for tasks to queue
[2024-03-27T00:31:01.895+0000] {logging_mixin.py:188} INFO - [2024-03-27T00:31:01.894+0000] {dagbag.py:540} INFO - Filling up the DagBag from /home/airflow/.local/lib/python3.8/site-packages/airflow/example_dags/example_time_delta_sensor_async.py
[2024-03-27T00:31:01.905+0000] {processor.py:840} INFO - DAG(s) 'example_time_delta_sensor_async' retrieved from /home/airflow/.local/lib/python3.8/site-packages/airflow/example_dags/example_time_delta_sensor_async.py
[2024-03-27T00:31:01.929+0000] {logging_mixin.py:188} INFO - [2024-03-27T00:31:01.928+0000] {dag.py:3047} INFO - Sync 1 DAGs
[2024-03-27T00:31:01.943+0000] {logging_mixin.py:188} INFO - [2024-03-27T00:31:01.942+0000] {dag.py:3834} INFO - Setting next_dagrun for example_time_delta_sensor_async to None, run_after=None
[2024-03-27T00:31:01.970+0000] {processor.py:183} INFO - Processing /home/airflow/.local/lib/python3.8/site-packages/airflow/example_dags/example_time_delta_sensor_async.py took 0.091 seconds
[2024-03-27T00:34:02.579+0000] {processor.py:161} INFO - Started process (PID=7637) to work on /home/airflow/.local/lib/python3.8/site-packages/airflow/example_dags/example_time_delta_sensor_async.py
[2024-03-27T00:34:02.579+0000] {processor.py:830} INFO - Processing file /home/airflow/.local/lib/python3.8/site-packages/airflow/example_dags/example_time_delta_sensor_async.py for tasks to queue
[2024-03-27T00:34:02.581+0000] {logging_mixin.py:188} INFO - [2024-03-27T00:34:02.580+0000] {dagbag.py:540} INFO - Filling up the DagBag from /home/airflow/.local/lib/python3.8/site-packages/airflow/example_dags/example_time_delta_sensor_async.py
[2024-03-27T00:34:02.584+0000] {processor.py:840} INFO - DAG(s) 'example_time_delta_sensor_async' retrieved from /home/airflow/.local/lib/python3.8/site-packages/airflow/example_dags/example_time_delta_sensor_async.py
[2024-03-27T00:34:02.594+0000] {logging_mixin.py:188} INFO - [2024-03-27T00:34:02.594+0000] {dag.py:3047} INFO - Sync 1 DAGs
[2024-03-27T00:34:02.600+0000] {logging_mixin.py:188} INFO - [2024-03-27T00:34:02.600+0000] {dag.py:3834} INFO - Setting next_dagrun for example_time_delta_sensor_async to None, run_after=None
[2024-03-27T00:34:02.610+0000] {processor.py:183} INFO - Processing /home/airflow/.local/lib/python3.8/site-packages/airflow/example_dags/example_time_delta_sensor_async.py took 0.034 seconds
[2024-03-27T00:40:16.023+0000] {processor.py:161} INFO - Started process (PID=7692) to work on /home/airflow/.local/lib/python3.8/site-packages/airflow/example_dags/example_time_delta_sensor_async.py
[2024-03-27T00:40:16.024+0000] {processor.py:830} INFO - Processing file /home/airflow/.local/lib/python3.8/site-packages/airflow/example_dags/example_time_delta_sensor_async.py for tasks to queue
[2024-03-27T00:40:16.025+0000] {logging_mixin.py:188} INFO - [2024-03-27T00:40:16.025+0000] {dagbag.py:540} INFO - Filling up the DagBag from /home/airflow/.local/lib/python3.8/site-packages/airflow/example_dags/example_time_delta_sensor_async.py
[2024-03-27T00:40:16.027+0000] {processor.py:840} INFO - DAG(s) 'example_time_delta_sensor_async' retrieved from /home/airflow/.local/lib/python3.8/site-packages/airflow/example_dags/example_time_delta_sensor_async.py
[2024-03-27T00:40:16.038+0000] {logging_mixin.py:188} INFO - [2024-03-27T00:40:16.038+0000] {dag.py:3047} INFO - Sync 1 DAGs
[2024-03-27T00:40:16.044+0000] {logging_mixin.py:188} INFO - [2024-03-27T00:40:16.044+0000] {dag.py:3834} INFO - Setting next_dagrun for example_time_delta_sensor_async to None, run_after=None
[2024-03-27T00:40:16.053+0000] {processor.py:183} INFO - Processing /home/airflow/.local/lib/python3.8/site-packages/airflow/example_dags/example_time_delta_sensor_async.py took 0.032 seconds
[2024-03-27T00:41:13.008+0000] {processor.py:161} INFO - Started process (PID=7747) to work on /home/airflow/.local/lib/python3.8/site-packages/airflow/example_dags/example_time_delta_sensor_async.py
[2024-03-27T00:41:13.009+0000] {processor.py:830} INFO - Processing file /home/airflow/.local/lib/python3.8/site-packages/airflow/example_dags/example_time_delta_sensor_async.py for tasks to queue
[2024-03-27T00:41:13.010+0000] {logging_mixin.py:188} INFO - [2024-03-27T00:41:13.010+0000] {dagbag.py:540} INFO - Filling up the DagBag from /home/airflow/.local/lib/python3.8/site-packages/airflow/example_dags/example_time_delta_sensor_async.py
[2024-03-27T00:41:13.012+0000] {processor.py:840} INFO - DAG(s) 'example_time_delta_sensor_async' retrieved from /home/airflow/.local/lib/python3.8/site-packages/airflow/example_dags/example_time_delta_sensor_async.py
[2024-03-27T00:41:13.023+0000] {logging_mixin.py:188} INFO - [2024-03-27T00:41:13.023+0000] {dag.py:3047} INFO - Sync 1 DAGs
[2024-03-27T00:41:13.029+0000] {logging_mixin.py:188} INFO - [2024-03-27T00:41:13.029+0000] {dag.py:3834} INFO - Setting next_dagrun for example_time_delta_sensor_async to None, run_after=None
[2024-03-27T00:41:13.038+0000] {processor.py:183} INFO - Processing /home/airflow/.local/lib/python3.8/site-packages/airflow/example_dags/example_time_delta_sensor_async.py took 0.031 seconds
[2024-03-27T00:42:55.684+0000] {processor.py:161} INFO - Started process (PID=7802) to work on /home/airflow/.local/lib/python3.8/site-packages/airflow/example_dags/example_time_delta_sensor_async.py
[2024-03-27T00:42:55.684+0000] {processor.py:830} INFO - Processing file /home/airflow/.local/lib/python3.8/site-packages/airflow/example_dags/example_time_delta_sensor_async.py for tasks to queue
[2024-03-27T00:42:55.685+0000] {logging_mixin.py:188} INFO - [2024-03-27T00:42:55.685+0000] {dagbag.py:540} INFO - Filling up the DagBag from /home/airflow/.local/lib/python3.8/site-packages/airflow/example_dags/example_time_delta_sensor_async.py
[2024-03-27T00:42:55.688+0000] {processor.py:840} INFO - DAG(s) 'example_time_delta_sensor_async' retrieved from /home/airflow/.local/lib/python3.8/site-packages/airflow/example_dags/example_time_delta_sensor_async.py
[2024-03-27T00:42:55.699+0000] {logging_mixin.py:188} INFO - [2024-03-27T00:42:55.699+0000] {dag.py:3047} INFO - Sync 1 DAGs
[2024-03-27T00:42:55.705+0000] {logging_mixin.py:188} INFO - [2024-03-27T00:42:55.705+0000] {dag.py:3834} INFO - Setting next_dagrun for example_time_delta_sensor_async to None, run_after=None
[2024-03-27T00:42:55.714+0000] {processor.py:183} INFO - Processing /home/airflow/.local/lib/python3.8/site-packages/airflow/example_dags/example_time_delta_sensor_async.py took 0.032 seconds
[2024-03-27T00:45:41.784+0000] {processor.py:161} INFO - Started process (PID=7857) to work on /home/airflow/.local/lib/python3.8/site-packages/airflow/example_dags/example_time_delta_sensor_async.py
[2024-03-27T00:45:41.786+0000] {processor.py:830} INFO - Processing file /home/airflow/.local/lib/python3.8/site-packages/airflow/example_dags/example_time_delta_sensor_async.py for tasks to queue
[2024-03-27T00:45:41.788+0000] {logging_mixin.py:188} INFO - [2024-03-27T00:45:41.787+0000] {dagbag.py:540} INFO - Filling up the DagBag from /home/airflow/.local/lib/python3.8/site-packages/airflow/example_dags/example_time_delta_sensor_async.py
[2024-03-27T00:45:41.795+0000] {processor.py:840} INFO - DAG(s) 'example_time_delta_sensor_async' retrieved from /home/airflow/.local/lib/python3.8/site-packages/airflow/example_dags/example_time_delta_sensor_async.py
[2024-03-27T00:45:41.828+0000] {logging_mixin.py:188} INFO - [2024-03-27T00:45:41.828+0000] {dag.py:3047} INFO - Sync 1 DAGs
[2024-03-27T00:45:41.843+0000] {logging_mixin.py:188} INFO - [2024-03-27T00:45:41.843+0000] {dag.py:3834} INFO - Setting next_dagrun for example_time_delta_sensor_async to None, run_after=None
[2024-03-27T00:45:41.879+0000] {processor.py:183} INFO - Processing /home/airflow/.local/lib/python3.8/site-packages/airflow/example_dags/example_time_delta_sensor_async.py took 0.099 seconds
[2024-03-27T00:49:38.850+0000] {processor.py:161} INFO - Started process (PID=7912) to work on /home/airflow/.local/lib/python3.8/site-packages/airflow/example_dags/example_time_delta_sensor_async.py
[2024-03-27T00:49:38.851+0000] {processor.py:830} INFO - Processing file /home/airflow/.local/lib/python3.8/site-packages/airflow/example_dags/example_time_delta_sensor_async.py for tasks to queue
[2024-03-27T00:49:38.854+0000] {logging_mixin.py:188} INFO - [2024-03-27T00:49:38.854+0000] {dagbag.py:540} INFO - Filling up the DagBag from /home/airflow/.local/lib/python3.8/site-packages/airflow/example_dags/example_time_delta_sensor_async.py
[2024-03-27T00:49:38.862+0000] {processor.py:840} INFO - DAG(s) 'example_time_delta_sensor_async' retrieved from /home/airflow/.local/lib/python3.8/site-packages/airflow/example_dags/example_time_delta_sensor_async.py
[2024-03-27T00:49:38.893+0000] {logging_mixin.py:188} INFO - [2024-03-27T00:49:38.892+0000] {dag.py:3047} INFO - Sync 1 DAGs
[2024-03-27T00:49:38.908+0000] {logging_mixin.py:188} INFO - [2024-03-27T00:49:38.908+0000] {dag.py:3834} INFO - Setting next_dagrun for example_time_delta_sensor_async to None, run_after=None
[2024-03-27T00:49:38.937+0000] {processor.py:183} INFO - Processing /home/airflow/.local/lib/python3.8/site-packages/airflow/example_dags/example_time_delta_sensor_async.py took 0.092 seconds
[2024-03-27T00:50:38.061+0000] {processor.py:161} INFO - Started process (PID=7967) to work on /home/airflow/.local/lib/python3.8/site-packages/airflow/example_dags/example_time_delta_sensor_async.py
[2024-03-27T00:50:38.061+0000] {processor.py:830} INFO - Processing file /home/airflow/.local/lib/python3.8/site-packages/airflow/example_dags/example_time_delta_sensor_async.py for tasks to queue
[2024-03-27T00:50:38.062+0000] {logging_mixin.py:188} INFO - [2024-03-27T00:50:38.062+0000] {dagbag.py:540} INFO - Filling up the DagBag from /home/airflow/.local/lib/python3.8/site-packages/airflow/example_dags/example_time_delta_sensor_async.py
[2024-03-27T00:50:38.065+0000] {processor.py:840} INFO - DAG(s) 'example_time_delta_sensor_async' retrieved from /home/airflow/.local/lib/python3.8/site-packages/airflow/example_dags/example_time_delta_sensor_async.py
[2024-03-27T00:50:38.074+0000] {logging_mixin.py:188} INFO - [2024-03-27T00:50:38.074+0000] {dag.py:3047} INFO - Sync 1 DAGs
[2024-03-27T00:50:38.080+0000] {logging_mixin.py:188} INFO - [2024-03-27T00:50:38.080+0000] {dag.py:3834} INFO - Setting next_dagrun for example_time_delta_sensor_async to None, run_after=None
[2024-03-27T00:50:38.088+0000] {processor.py:183} INFO - Processing /home/airflow/.local/lib/python3.8/site-packages/airflow/example_dags/example_time_delta_sensor_async.py took 0.029 seconds
[2024-03-27T00:51:23.096+0000] {processor.py:161} INFO - Started process (PID=8022) to work on /home/airflow/.local/lib/python3.8/site-packages/airflow/example_dags/example_time_delta_sensor_async.py
[2024-03-27T00:51:23.097+0000] {processor.py:830} INFO - Processing file /home/airflow/.local/lib/python3.8/site-packages/airflow/example_dags/example_time_delta_sensor_async.py for tasks to queue
[2024-03-27T00:51:23.098+0000] {logging_mixin.py:188} INFO - [2024-03-27T00:51:23.098+0000] {dagbag.py:540} INFO - Filling up the DagBag from /home/airflow/.local/lib/python3.8/site-packages/airflow/example_dags/example_time_delta_sensor_async.py
[2024-03-27T00:51:23.100+0000] {processor.py:840} INFO - DAG(s) 'example_time_delta_sensor_async' retrieved from /home/airflow/.local/lib/python3.8/site-packages/airflow/example_dags/example_time_delta_sensor_async.py
[2024-03-27T00:51:23.111+0000] {logging_mixin.py:188} INFO - [2024-03-27T00:51:23.111+0000] {dag.py:3047} INFO - Sync 1 DAGs
[2024-03-27T00:51:23.117+0000] {logging_mixin.py:188} INFO - [2024-03-27T00:51:23.117+0000] {dag.py:3834} INFO - Setting next_dagrun for example_time_delta_sensor_async to None, run_after=None
[2024-03-27T00:51:23.126+0000] {processor.py:183} INFO - Processing /home/airflow/.local/lib/python3.8/site-packages/airflow/example_dags/example_time_delta_sensor_async.py took 0.031 seconds
[2024-03-27T00:53:00.159+0000] {processor.py:161} INFO - Started process (PID=8077) to work on /home/airflow/.local/lib/python3.8/site-packages/airflow/example_dags/example_time_delta_sensor_async.py
[2024-03-27T00:53:00.160+0000] {processor.py:830} INFO - Processing file /home/airflow/.local/lib/python3.8/site-packages/airflow/example_dags/example_time_delta_sensor_async.py for tasks to queue
[2024-03-27T00:53:00.161+0000] {logging_mixin.py:188} INFO - [2024-03-27T00:53:00.161+0000] {dagbag.py:540} INFO - Filling up the DagBag from /home/airflow/.local/lib/python3.8/site-packages/airflow/example_dags/example_time_delta_sensor_async.py
[2024-03-27T00:53:00.163+0000] {processor.py:840} INFO - DAG(s) 'example_time_delta_sensor_async' retrieved from /home/airflow/.local/lib/python3.8/site-packages/airflow/example_dags/example_time_delta_sensor_async.py
[2024-03-27T00:53:00.174+0000] {logging_mixin.py:188} INFO - [2024-03-27T00:53:00.174+0000] {dag.py:3047} INFO - Sync 1 DAGs
[2024-03-27T00:53:00.180+0000] {logging_mixin.py:188} INFO - [2024-03-27T00:53:00.180+0000] {dag.py:3834} INFO - Setting next_dagrun for example_time_delta_sensor_async to None, run_after=None
[2024-03-27T00:53:00.190+0000] {processor.py:183} INFO - Processing /home/airflow/.local/lib/python3.8/site-packages/airflow/example_dags/example_time_delta_sensor_async.py took 0.032 seconds
[2024-03-27T00:53:59.800+0000] {processor.py:161} INFO - Started process (PID=8132) to work on /home/airflow/.local/lib/python3.8/site-packages/airflow/example_dags/example_time_delta_sensor_async.py
[2024-03-27T00:53:59.800+0000] {processor.py:830} INFO - Processing file /home/airflow/.local/lib/python3.8/site-packages/airflow/example_dags/example_time_delta_sensor_async.py for tasks to queue
[2024-03-27T00:53:59.801+0000] {logging_mixin.py:188} INFO - [2024-03-27T00:53:59.801+0000] {dagbag.py:540} INFO - Filling up the DagBag from /home/airflow/.local/lib/python3.8/site-packages/airflow/example_dags/example_time_delta_sensor_async.py
[2024-03-27T00:53:59.803+0000] {processor.py:840} INFO - DAG(s) 'example_time_delta_sensor_async' retrieved from /home/airflow/.local/lib/python3.8/site-packages/airflow/example_dags/example_time_delta_sensor_async.py
[2024-03-27T00:53:59.814+0000] {logging_mixin.py:188} INFO - [2024-03-27T00:53:59.814+0000] {dag.py:3047} INFO - Sync 1 DAGs
[2024-03-27T00:53:59.820+0000] {logging_mixin.py:188} INFO - [2024-03-27T00:53:59.820+0000] {dag.py:3834} INFO - Setting next_dagrun for example_time_delta_sensor_async to None, run_after=None
[2024-03-27T00:53:59.829+0000] {processor.py:183} INFO - Processing /home/airflow/.local/lib/python3.8/site-packages/airflow/example_dags/example_time_delta_sensor_async.py took 0.031 seconds
[2024-03-27T00:54:43.370+0000] {processor.py:161} INFO - Started process (PID=8187) to work on /home/airflow/.local/lib/python3.8/site-packages/airflow/example_dags/example_time_delta_sensor_async.py
[2024-03-27T00:54:43.371+0000] {processor.py:830} INFO - Processing file /home/airflow/.local/lib/python3.8/site-packages/airflow/example_dags/example_time_delta_sensor_async.py for tasks to queue
[2024-03-27T00:54:43.372+0000] {logging_mixin.py:188} INFO - [2024-03-27T00:54:43.372+0000] {dagbag.py:540} INFO - Filling up the DagBag from /home/airflow/.local/lib/python3.8/site-packages/airflow/example_dags/example_time_delta_sensor_async.py
[2024-03-27T00:54:43.374+0000] {processor.py:840} INFO - DAG(s) 'example_time_delta_sensor_async' retrieved from /home/airflow/.local/lib/python3.8/site-packages/airflow/example_dags/example_time_delta_sensor_async.py
[2024-03-27T00:54:43.385+0000] {logging_mixin.py:188} INFO - [2024-03-27T00:54:43.385+0000] {dag.py:3047} INFO - Sync 1 DAGs
[2024-03-27T00:54:43.391+0000] {logging_mixin.py:188} INFO - [2024-03-27T00:54:43.391+0000] {dag.py:3834} INFO - Setting next_dagrun for example_time_delta_sensor_async to None, run_after=None
[2024-03-27T00:54:43.400+0000] {processor.py:183} INFO - Processing /home/airflow/.local/lib/python3.8/site-packages/airflow/example_dags/example_time_delta_sensor_async.py took 0.031 seconds
[2024-03-27T00:55:16.282+0000] {processor.py:161} INFO - Started process (PID=8242) to work on /home/airflow/.local/lib/python3.8/site-packages/airflow/example_dags/example_time_delta_sensor_async.py
[2024-03-27T00:55:16.283+0000] {processor.py:830} INFO - Processing file /home/airflow/.local/lib/python3.8/site-packages/airflow/example_dags/example_time_delta_sensor_async.py for tasks to queue
[2024-03-27T00:55:16.284+0000] {logging_mixin.py:188} INFO - [2024-03-27T00:55:16.284+0000] {dagbag.py:540} INFO - Filling up the DagBag from /home/airflow/.local/lib/python3.8/site-packages/airflow/example_dags/example_time_delta_sensor_async.py
[2024-03-27T00:55:16.287+0000] {processor.py:840} INFO - DAG(s) 'example_time_delta_sensor_async' retrieved from /home/airflow/.local/lib/python3.8/site-packages/airflow/example_dags/example_time_delta_sensor_async.py
[2024-03-27T00:55:16.298+0000] {logging_mixin.py:188} INFO - [2024-03-27T00:55:16.298+0000] {dag.py:3047} INFO - Sync 1 DAGs
[2024-03-27T00:55:16.304+0000] {logging_mixin.py:188} INFO - [2024-03-27T00:55:16.304+0000] {dag.py:3834} INFO - Setting next_dagrun for example_time_delta_sensor_async to None, run_after=None
[2024-03-27T00:55:16.313+0000] {processor.py:183} INFO - Processing /home/airflow/.local/lib/python3.8/site-packages/airflow/example_dags/example_time_delta_sensor_async.py took 0.033 seconds
[2024-03-27T00:55:58.462+0000] {processor.py:161} INFO - Started process (PID=8296) to work on /home/airflow/.local/lib/python3.8/site-packages/airflow/example_dags/example_time_delta_sensor_async.py
[2024-03-27T00:55:58.462+0000] {processor.py:830} INFO - Processing file /home/airflow/.local/lib/python3.8/site-packages/airflow/example_dags/example_time_delta_sensor_async.py for tasks to queue
[2024-03-27T00:55:58.463+0000] {logging_mixin.py:188} INFO - [2024-03-27T00:55:58.463+0000] {dagbag.py:540} INFO - Filling up the DagBag from /home/airflow/.local/lib/python3.8/site-packages/airflow/example_dags/example_time_delta_sensor_async.py
[2024-03-27T00:55:58.466+0000] {processor.py:840} INFO - DAG(s) 'example_time_delta_sensor_async' retrieved from /home/airflow/.local/lib/python3.8/site-packages/airflow/example_dags/example_time_delta_sensor_async.py
[2024-03-27T00:55:58.477+0000] {logging_mixin.py:188} INFO - [2024-03-27T00:55:58.477+0000] {dag.py:3047} INFO - Sync 1 DAGs
[2024-03-27T00:55:58.483+0000] {logging_mixin.py:188} INFO - [2024-03-27T00:55:58.483+0000] {dag.py:3834} INFO - Setting next_dagrun for example_time_delta_sensor_async to None, run_after=None
[2024-03-27T00:55:58.492+0000] {processor.py:183} INFO - Processing /home/airflow/.local/lib/python3.8/site-packages/airflow/example_dags/example_time_delta_sensor_async.py took 0.032 seconds
[2024-03-27T00:58:44.441+0000] {processor.py:161} INFO - Started process (PID=8351) to work on /home/airflow/.local/lib/python3.8/site-packages/airflow/example_dags/example_time_delta_sensor_async.py
[2024-03-27T00:58:44.443+0000] {processor.py:830} INFO - Processing file /home/airflow/.local/lib/python3.8/site-packages/airflow/example_dags/example_time_delta_sensor_async.py for tasks to queue
[2024-03-27T00:58:44.447+0000] {logging_mixin.py:188} INFO - [2024-03-27T00:58:44.446+0000] {dagbag.py:540} INFO - Filling up the DagBag from /home/airflow/.local/lib/python3.8/site-packages/airflow/example_dags/example_time_delta_sensor_async.py
[2024-03-27T00:58:44.458+0000] {processor.py:840} INFO - DAG(s) 'example_time_delta_sensor_async' retrieved from /home/airflow/.local/lib/python3.8/site-packages/airflow/example_dags/example_time_delta_sensor_async.py
[2024-03-27T00:58:44.494+0000] {logging_mixin.py:188} INFO - [2024-03-27T00:58:44.493+0000] {dag.py:3047} INFO - Sync 1 DAGs
[2024-03-27T00:58:44.518+0000] {logging_mixin.py:188} INFO - [2024-03-27T00:58:44.518+0000] {dag.py:3834} INFO - Setting next_dagrun for example_time_delta_sensor_async to None, run_after=None
[2024-03-27T00:58:44.561+0000] {processor.py:183} INFO - Processing /home/airflow/.local/lib/python3.8/site-packages/airflow/example_dags/example_time_delta_sensor_async.py took 0.128 seconds
[2024-03-27T01:01:13.942+0000] {processor.py:161} INFO - Started process (PID=8406) to work on /home/airflow/.local/lib/python3.8/site-packages/airflow/example_dags/example_time_delta_sensor_async.py
[2024-03-27T01:01:13.943+0000] {processor.py:830} INFO - Processing file /home/airflow/.local/lib/python3.8/site-packages/airflow/example_dags/example_time_delta_sensor_async.py for tasks to queue
[2024-03-27T01:01:13.944+0000] {logging_mixin.py:188} INFO - [2024-03-27T01:01:13.944+0000] {dagbag.py:540} INFO - Filling up the DagBag from /home/airflow/.local/lib/python3.8/site-packages/airflow/example_dags/example_time_delta_sensor_async.py
[2024-03-27T01:01:13.946+0000] {processor.py:840} INFO - DAG(s) 'example_time_delta_sensor_async' retrieved from /home/airflow/.local/lib/python3.8/site-packages/airflow/example_dags/example_time_delta_sensor_async.py
[2024-03-27T01:01:13.957+0000] {logging_mixin.py:188} INFO - [2024-03-27T01:01:13.956+0000] {dag.py:3047} INFO - Sync 1 DAGs
[2024-03-27T01:01:13.963+0000] {logging_mixin.py:188} INFO - [2024-03-27T01:01:13.963+0000] {dag.py:3834} INFO - Setting next_dagrun for example_time_delta_sensor_async to None, run_after=None
[2024-03-27T01:01:13.972+0000] {processor.py:183} INFO - Processing /home/airflow/.local/lib/python3.8/site-packages/airflow/example_dags/example_time_delta_sensor_async.py took 0.031 seconds
[2024-03-27T01:04:43.388+0000] {processor.py:161} INFO - Started process (PID=8461) to work on /home/airflow/.local/lib/python3.8/site-packages/airflow/example_dags/example_time_delta_sensor_async.py
[2024-03-27T01:04:43.389+0000] {processor.py:830} INFO - Processing file /home/airflow/.local/lib/python3.8/site-packages/airflow/example_dags/example_time_delta_sensor_async.py for tasks to queue
[2024-03-27T01:04:43.390+0000] {logging_mixin.py:188} INFO - [2024-03-27T01:04:43.389+0000] {dagbag.py:540} INFO - Filling up the DagBag from /home/airflow/.local/lib/python3.8/site-packages/airflow/example_dags/example_time_delta_sensor_async.py
[2024-03-27T01:04:43.392+0000] {processor.py:840} INFO - DAG(s) 'example_time_delta_sensor_async' retrieved from /home/airflow/.local/lib/python3.8/site-packages/airflow/example_dags/example_time_delta_sensor_async.py
[2024-03-27T01:04:43.403+0000] {logging_mixin.py:188} INFO - [2024-03-27T01:04:43.403+0000] {dag.py:3047} INFO - Sync 1 DAGs
[2024-03-27T01:04:43.409+0000] {logging_mixin.py:188} INFO - [2024-03-27T01:04:43.409+0000] {dag.py:3834} INFO - Setting next_dagrun for example_time_delta_sensor_async to None, run_after=None
[2024-03-27T01:04:43.418+0000] {processor.py:183} INFO - Processing /home/airflow/.local/lib/python3.8/site-packages/airflow/example_dags/example_time_delta_sensor_async.py took 0.032 seconds
[2024-03-27T01:08:48.641+0000] {processor.py:161} INFO - Started process (PID=8516) to work on /home/airflow/.local/lib/python3.8/site-packages/airflow/example_dags/example_time_delta_sensor_async.py
[2024-03-27T01:08:48.642+0000] {processor.py:830} INFO - Processing file /home/airflow/.local/lib/python3.8/site-packages/airflow/example_dags/example_time_delta_sensor_async.py for tasks to queue
[2024-03-27T01:08:48.643+0000] {logging_mixin.py:188} INFO - [2024-03-27T01:08:48.643+0000] {dagbag.py:540} INFO - Filling up the DagBag from /home/airflow/.local/lib/python3.8/site-packages/airflow/example_dags/example_time_delta_sensor_async.py
[2024-03-27T01:08:48.646+0000] {processor.py:840} INFO - DAG(s) 'example_time_delta_sensor_async' retrieved from /home/airflow/.local/lib/python3.8/site-packages/airflow/example_dags/example_time_delta_sensor_async.py
[2024-03-27T01:08:48.656+0000] {logging_mixin.py:188} INFO - [2024-03-27T01:08:48.656+0000] {dag.py:3047} INFO - Sync 1 DAGs
[2024-03-27T01:08:48.663+0000] {logging_mixin.py:188} INFO - [2024-03-27T01:08:48.662+0000] {dag.py:3834} INFO - Setting next_dagrun for example_time_delta_sensor_async to None, run_after=None
[2024-03-27T01:08:48.672+0000] {processor.py:183} INFO - Processing /home/airflow/.local/lib/python3.8/site-packages/airflow/example_dags/example_time_delta_sensor_async.py took 0.032 seconds
[2024-03-27T01:13:47.262+0000] {processor.py:161} INFO - Started process (PID=8571) to work on /home/airflow/.local/lib/python3.8/site-packages/airflow/example_dags/example_time_delta_sensor_async.py
[2024-03-27T01:13:47.264+0000] {processor.py:830} INFO - Processing file /home/airflow/.local/lib/python3.8/site-packages/airflow/example_dags/example_time_delta_sensor_async.py for tasks to queue
[2024-03-27T01:13:47.266+0000] {logging_mixin.py:188} INFO - [2024-03-27T01:13:47.266+0000] {dagbag.py:540} INFO - Filling up the DagBag from /home/airflow/.local/lib/python3.8/site-packages/airflow/example_dags/example_time_delta_sensor_async.py
[2024-03-27T01:13:47.273+0000] {processor.py:840} INFO - DAG(s) 'example_time_delta_sensor_async' retrieved from /home/airflow/.local/lib/python3.8/site-packages/airflow/example_dags/example_time_delta_sensor_async.py
[2024-03-27T01:13:47.305+0000] {logging_mixin.py:188} INFO - [2024-03-27T01:13:47.305+0000] {dag.py:3047} INFO - Sync 1 DAGs
[2024-03-27T01:13:47.315+0000] {logging_mixin.py:188} INFO - [2024-03-27T01:13:47.315+0000] {dag.py:3834} INFO - Setting next_dagrun for example_time_delta_sensor_async to None, run_after=None
[2024-03-27T01:13:47.339+0000] {processor.py:183} INFO - Processing /home/airflow/.local/lib/python3.8/site-packages/airflow/example_dags/example_time_delta_sensor_async.py took 0.081 seconds
[2024-03-27T01:47:16.185+0000] {processor.py:161} INFO - Started process (PID=8626) to work on /home/airflow/.local/lib/python3.8/site-packages/airflow/example_dags/example_time_delta_sensor_async.py
[2024-03-27T01:47:16.186+0000] {processor.py:830} INFO - Processing file /home/airflow/.local/lib/python3.8/site-packages/airflow/example_dags/example_time_delta_sensor_async.py for tasks to queue
[2024-03-27T01:47:16.190+0000] {logging_mixin.py:188} INFO - [2024-03-27T01:47:16.189+0000] {dagbag.py:540} INFO - Filling up the DagBag from /home/airflow/.local/lib/python3.8/site-packages/airflow/example_dags/example_time_delta_sensor_async.py
[2024-03-27T01:47:16.197+0000] {processor.py:840} INFO - DAG(s) 'example_time_delta_sensor_async' retrieved from /home/airflow/.local/lib/python3.8/site-packages/airflow/example_dags/example_time_delta_sensor_async.py
[2024-03-27T01:47:16.225+0000] {logging_mixin.py:188} INFO - [2024-03-27T01:47:16.225+0000] {dag.py:3047} INFO - Sync 1 DAGs
[2024-03-27T01:47:16.243+0000] {logging_mixin.py:188} INFO - [2024-03-27T01:47:16.242+0000] {dag.py:3834} INFO - Setting next_dagrun for example_time_delta_sensor_async to None, run_after=None
[2024-03-27T01:47:16.253+0000] {processor.py:183} INFO - Processing /home/airflow/.local/lib/python3.8/site-packages/airflow/example_dags/example_time_delta_sensor_async.py took 0.073 seconds
[2024-03-27T02:30:29.406+0000] {processor.py:161} INFO - Started process (PID=8681) to work on /home/airflow/.local/lib/python3.8/site-packages/airflow/example_dags/example_time_delta_sensor_async.py
[2024-03-27T02:30:29.407+0000] {processor.py:830} INFO - Processing file /home/airflow/.local/lib/python3.8/site-packages/airflow/example_dags/example_time_delta_sensor_async.py for tasks to queue
[2024-03-27T02:30:29.409+0000] {logging_mixin.py:188} INFO - [2024-03-27T02:30:29.408+0000] {dagbag.py:540} INFO - Filling up the DagBag from /home/airflow/.local/lib/python3.8/site-packages/airflow/example_dags/example_time_delta_sensor_async.py
[2024-03-27T02:30:29.412+0000] {processor.py:840} INFO - DAG(s) 'example_time_delta_sensor_async' retrieved from /home/airflow/.local/lib/python3.8/site-packages/airflow/example_dags/example_time_delta_sensor_async.py
[2024-03-27T02:30:29.425+0000] {logging_mixin.py:188} INFO - [2024-03-27T02:30:29.425+0000] {dag.py:3047} INFO - Sync 1 DAGs
[2024-03-27T02:30:29.436+0000] {logging_mixin.py:188} INFO - [2024-03-27T02:30:29.436+0000] {dag.py:3834} INFO - Setting next_dagrun for example_time_delta_sensor_async to None, run_after=None
[2024-03-27T02:30:29.445+0000] {processor.py:183} INFO - Processing /home/airflow/.local/lib/python3.8/site-packages/airflow/example_dags/example_time_delta_sensor_async.py took 0.041 seconds
[2024-03-27T02:31:20.281+0000] {processor.py:161} INFO - Started process (PID=8736) to work on /home/airflow/.local/lib/python3.8/site-packages/airflow/example_dags/example_time_delta_sensor_async.py
[2024-03-27T02:31:20.282+0000] {processor.py:830} INFO - Processing file /home/airflow/.local/lib/python3.8/site-packages/airflow/example_dags/example_time_delta_sensor_async.py for tasks to queue
[2024-03-27T02:31:20.283+0000] {logging_mixin.py:188} INFO - [2024-03-27T02:31:20.282+0000] {dagbag.py:540} INFO - Filling up the DagBag from /home/airflow/.local/lib/python3.8/site-packages/airflow/example_dags/example_time_delta_sensor_async.py
[2024-03-27T02:31:20.285+0000] {processor.py:840} INFO - DAG(s) 'example_time_delta_sensor_async' retrieved from /home/airflow/.local/lib/python3.8/site-packages/airflow/example_dags/example_time_delta_sensor_async.py
[2024-03-27T02:31:20.296+0000] {logging_mixin.py:188} INFO - [2024-03-27T02:31:20.296+0000] {dag.py:3047} INFO - Sync 1 DAGs
[2024-03-27T02:31:20.302+0000] {logging_mixin.py:188} INFO - [2024-03-27T02:31:20.302+0000] {dag.py:3834} INFO - Setting next_dagrun for example_time_delta_sensor_async to None, run_after=None
[2024-03-27T02:31:20.311+0000] {processor.py:183} INFO - Processing /home/airflow/.local/lib/python3.8/site-packages/airflow/example_dags/example_time_delta_sensor_async.py took 0.032 seconds
[2024-03-27T02:33:49.176+0000] {processor.py:161} INFO - Started process (PID=8791) to work on /home/airflow/.local/lib/python3.8/site-packages/airflow/example_dags/example_time_delta_sensor_async.py
[2024-03-27T02:33:49.177+0000] {processor.py:830} INFO - Processing file /home/airflow/.local/lib/python3.8/site-packages/airflow/example_dags/example_time_delta_sensor_async.py for tasks to queue
[2024-03-27T02:33:49.178+0000] {logging_mixin.py:188} INFO - [2024-03-27T02:33:49.177+0000] {dagbag.py:540} INFO - Filling up the DagBag from /home/airflow/.local/lib/python3.8/site-packages/airflow/example_dags/example_time_delta_sensor_async.py
[2024-03-27T02:33:49.181+0000] {processor.py:840} INFO - DAG(s) 'example_time_delta_sensor_async' retrieved from /home/airflow/.local/lib/python3.8/site-packages/airflow/example_dags/example_time_delta_sensor_async.py
[2024-03-27T02:33:49.192+0000] {logging_mixin.py:188} INFO - [2024-03-27T02:33:49.192+0000] {dag.py:3047} INFO - Sync 1 DAGs
[2024-03-27T02:33:49.198+0000] {logging_mixin.py:188} INFO - [2024-03-27T02:33:49.198+0000] {dag.py:3834} INFO - Setting next_dagrun for example_time_delta_sensor_async to None, run_after=None
[2024-03-27T02:33:49.208+0000] {processor.py:183} INFO - Processing /home/airflow/.local/lib/python3.8/site-packages/airflow/example_dags/example_time_delta_sensor_async.py took 0.034 seconds
[2024-03-27T02:49:01.169+0000] {processor.py:161} INFO - Started process (PID=8846) to work on /home/airflow/.local/lib/python3.8/site-packages/airflow/example_dags/example_time_delta_sensor_async.py
[2024-03-27T02:49:01.169+0000] {processor.py:830} INFO - Processing file /home/airflow/.local/lib/python3.8/site-packages/airflow/example_dags/example_time_delta_sensor_async.py for tasks to queue
[2024-03-27T02:49:01.171+0000] {logging_mixin.py:188} INFO - [2024-03-27T02:49:01.170+0000] {dagbag.py:540} INFO - Filling up the DagBag from /home/airflow/.local/lib/python3.8/site-packages/airflow/example_dags/example_time_delta_sensor_async.py
[2024-03-27T02:49:01.173+0000] {processor.py:840} INFO - DAG(s) 'example_time_delta_sensor_async' retrieved from /home/airflow/.local/lib/python3.8/site-packages/airflow/example_dags/example_time_delta_sensor_async.py
[2024-03-27T02:49:01.184+0000] {logging_mixin.py:188} INFO - [2024-03-27T02:49:01.184+0000] {dag.py:3047} INFO - Sync 1 DAGs
[2024-03-27T02:49:01.190+0000] {logging_mixin.py:188} INFO - [2024-03-27T02:49:01.190+0000] {dag.py:3834} INFO - Setting next_dagrun for example_time_delta_sensor_async to None, run_after=None
[2024-03-27T02:49:01.199+0000] {processor.py:183} INFO - Processing /home/airflow/.local/lib/python3.8/site-packages/airflow/example_dags/example_time_delta_sensor_async.py took 0.032 seconds
[2024-03-27T02:49:32.016+0000] {processor.py:161} INFO - Started process (PID=8901) to work on /home/airflow/.local/lib/python3.8/site-packages/airflow/example_dags/example_time_delta_sensor_async.py
[2024-03-27T02:49:32.016+0000] {processor.py:830} INFO - Processing file /home/airflow/.local/lib/python3.8/site-packages/airflow/example_dags/example_time_delta_sensor_async.py for tasks to queue
[2024-03-27T02:49:32.017+0000] {logging_mixin.py:188} INFO - [2024-03-27T02:49:32.017+0000] {dagbag.py:540} INFO - Filling up the DagBag from /home/airflow/.local/lib/python3.8/site-packages/airflow/example_dags/example_time_delta_sensor_async.py
[2024-03-27T02:49:32.019+0000] {processor.py:840} INFO - DAG(s) 'example_time_delta_sensor_async' retrieved from /home/airflow/.local/lib/python3.8/site-packages/airflow/example_dags/example_time_delta_sensor_async.py
[2024-03-27T02:49:32.029+0000] {logging_mixin.py:188} INFO - [2024-03-27T02:49:32.029+0000] {dag.py:3047} INFO - Sync 1 DAGs
[2024-03-27T02:49:32.034+0000] {logging_mixin.py:188} INFO - [2024-03-27T02:49:32.034+0000] {dag.py:3834} INFO - Setting next_dagrun for example_time_delta_sensor_async to None, run_after=None
[2024-03-27T02:49:32.042+0000] {processor.py:183} INFO - Processing /home/airflow/.local/lib/python3.8/site-packages/airflow/example_dags/example_time_delta_sensor_async.py took 0.028 seconds
[2024-03-27T02:50:02.798+0000] {processor.py:161} INFO - Started process (PID=8956) to work on /home/airflow/.local/lib/python3.8/site-packages/airflow/example_dags/example_time_delta_sensor_async.py
[2024-03-27T02:50:02.798+0000] {processor.py:830} INFO - Processing file /home/airflow/.local/lib/python3.8/site-packages/airflow/example_dags/example_time_delta_sensor_async.py for tasks to queue
[2024-03-27T02:50:02.799+0000] {logging_mixin.py:188} INFO - [2024-03-27T02:50:02.799+0000] {dagbag.py:540} INFO - Filling up the DagBag from /home/airflow/.local/lib/python3.8/site-packages/airflow/example_dags/example_time_delta_sensor_async.py
[2024-03-27T02:50:02.802+0000] {processor.py:840} INFO - DAG(s) 'example_time_delta_sensor_async' retrieved from /home/airflow/.local/lib/python3.8/site-packages/airflow/example_dags/example_time_delta_sensor_async.py
[2024-03-27T02:50:02.813+0000] {logging_mixin.py:188} INFO - [2024-03-27T02:50:02.813+0000] {dag.py:3047} INFO - Sync 1 DAGs
[2024-03-27T02:50:02.819+0000] {logging_mixin.py:188} INFO - [2024-03-27T02:50:02.819+0000] {dag.py:3834} INFO - Setting next_dagrun for example_time_delta_sensor_async to None, run_after=None
[2024-03-27T02:50:02.828+0000] {processor.py:183} INFO - Processing /home/airflow/.local/lib/python3.8/site-packages/airflow/example_dags/example_time_delta_sensor_async.py took 0.032 seconds
[2024-03-27T02:50:33.674+0000] {processor.py:161} INFO - Started process (PID=9011) to work on /home/airflow/.local/lib/python3.8/site-packages/airflow/example_dags/example_time_delta_sensor_async.py
[2024-03-27T02:50:33.675+0000] {processor.py:830} INFO - Processing file /home/airflow/.local/lib/python3.8/site-packages/airflow/example_dags/example_time_delta_sensor_async.py for tasks to queue
[2024-03-27T02:50:33.676+0000] {logging_mixin.py:188} INFO - [2024-03-27T02:50:33.676+0000] {dagbag.py:540} INFO - Filling up the DagBag from /home/airflow/.local/lib/python3.8/site-packages/airflow/example_dags/example_time_delta_sensor_async.py
[2024-03-27T02:50:33.679+0000] {processor.py:840} INFO - DAG(s) 'example_time_delta_sensor_async' retrieved from /home/airflow/.local/lib/python3.8/site-packages/airflow/example_dags/example_time_delta_sensor_async.py
[2024-03-27T02:50:33.689+0000] {logging_mixin.py:188} INFO - [2024-03-27T02:50:33.689+0000] {dag.py:3047} INFO - Sync 1 DAGs
[2024-03-27T02:50:33.695+0000] {logging_mixin.py:188} INFO - [2024-03-27T02:50:33.695+0000] {dag.py:3834} INFO - Setting next_dagrun for example_time_delta_sensor_async to None, run_after=None
[2024-03-27T02:50:33.704+0000] {processor.py:183} INFO - Processing /home/airflow/.local/lib/python3.8/site-packages/airflow/example_dags/example_time_delta_sensor_async.py took 0.032 seconds
[2024-03-27T18:16:31.323+0000] {processor.py:161} INFO - Started process (PID=45) to work on /home/airflow/.local/lib/python3.8/site-packages/airflow/example_dags/example_time_delta_sensor_async.py
[2024-03-27T18:16:31.328+0000] {processor.py:830} INFO - Processing file /home/airflow/.local/lib/python3.8/site-packages/airflow/example_dags/example_time_delta_sensor_async.py for tasks to queue
[2024-03-27T18:16:31.339+0000] {logging_mixin.py:188} INFO - [2024-03-27T18:16:31.337+0000] {dagbag.py:540} INFO - Filling up the DagBag from /home/airflow/.local/lib/python3.8/site-packages/airflow/example_dags/example_time_delta_sensor_async.py
[2024-03-27T18:16:31.365+0000] {processor.py:840} INFO - DAG(s) 'example_time_delta_sensor_async' retrieved from /home/airflow/.local/lib/python3.8/site-packages/airflow/example_dags/example_time_delta_sensor_async.py
[2024-03-27T18:16:31.398+0000] {logging_mixin.py:188} INFO - [2024-03-27T18:16:31.398+0000] {dag.py:3047} INFO - Sync 1 DAGs
[2024-03-27T18:16:31.411+0000] {logging_mixin.py:188} INFO - [2024-03-27T18:16:31.411+0000] {dag.py:3834} INFO - Setting next_dagrun for example_time_delta_sensor_async to None, run_after=None
[2024-03-27T18:16:31.428+0000] {processor.py:183} INFO - Processing /home/airflow/.local/lib/python3.8/site-packages/airflow/example_dags/example_time_delta_sensor_async.py took 0.117 seconds
