[2024-03-27T00:00:22.545+0000] {processor.py:161} INFO - Started process (PID=5220) to work on /home/airflow/.local/lib/python3.8/site-packages/airflow/example_dags/example_trigger_target_dag.py
[2024-03-27T00:00:22.546+0000] {processor.py:830} INFO - Processing file /home/airflow/.local/lib/python3.8/site-packages/airflow/example_dags/example_trigger_target_dag.py for tasks to queue
[2024-03-27T00:00:22.547+0000] {logging_mixin.py:188} INFO - [2024-03-27T00:00:22.546+0000] {dagbag.py:540} INFO - Filling up the DagBag from /home/airflow/.local/lib/python3.8/site-packages/airflow/example_dags/example_trigger_target_dag.py
[2024-03-27T00:00:22.550+0000] {processor.py:840} INFO - DAG(s) 'example_trigger_target_dag' retrieved from /home/airflow/.local/lib/python3.8/site-packages/airflow/example_dags/example_trigger_target_dag.py
[2024-03-27T00:00:22.560+0000] {logging_mixin.py:188} INFO - [2024-03-27T00:00:22.560+0000] {dag.py:3047} INFO - Sync 1 DAGs
[2024-03-27T00:00:22.566+0000] {logging_mixin.py:188} INFO - [2024-03-27T00:00:22.566+0000] {dag.py:3834} INFO - Setting next_dagrun for example_trigger_target_dag to None, run_after=None
[2024-03-27T00:00:22.575+0000] {processor.py:183} INFO - Processing /home/airflow/.local/lib/python3.8/site-packages/airflow/example_dags/example_trigger_target_dag.py took 0.032 seconds
[2024-03-27T00:00:53.430+0000] {processor.py:161} INFO - Started process (PID=5275) to work on /home/airflow/.local/lib/python3.8/site-packages/airflow/example_dags/example_trigger_target_dag.py
[2024-03-27T00:00:53.431+0000] {processor.py:830} INFO - Processing file /home/airflow/.local/lib/python3.8/site-packages/airflow/example_dags/example_trigger_target_dag.py for tasks to queue
[2024-03-27T00:00:53.432+0000] {logging_mixin.py:188} INFO - [2024-03-27T00:00:53.432+0000] {dagbag.py:540} INFO - Filling up the DagBag from /home/airflow/.local/lib/python3.8/site-packages/airflow/example_dags/example_trigger_target_dag.py
[2024-03-27T00:00:53.435+0000] {processor.py:840} INFO - DAG(s) 'example_trigger_target_dag' retrieved from /home/airflow/.local/lib/python3.8/site-packages/airflow/example_dags/example_trigger_target_dag.py
[2024-03-27T00:00:53.446+0000] {logging_mixin.py:188} INFO - [2024-03-27T00:00:53.445+0000] {dag.py:3047} INFO - Sync 1 DAGs
[2024-03-27T00:00:53.452+0000] {logging_mixin.py:188} INFO - [2024-03-27T00:00:53.452+0000] {dag.py:3834} INFO - Setting next_dagrun for example_trigger_target_dag to None, run_after=None
[2024-03-27T00:00:53.461+0000] {processor.py:183} INFO - Processing /home/airflow/.local/lib/python3.8/site-packages/airflow/example_dags/example_trigger_target_dag.py took 0.033 seconds
[2024-03-27T00:01:24.295+0000] {processor.py:161} INFO - Started process (PID=5330) to work on /home/airflow/.local/lib/python3.8/site-packages/airflow/example_dags/example_trigger_target_dag.py
[2024-03-27T00:01:24.295+0000] {processor.py:830} INFO - Processing file /home/airflow/.local/lib/python3.8/site-packages/airflow/example_dags/example_trigger_target_dag.py for tasks to queue
[2024-03-27T00:01:24.297+0000] {logging_mixin.py:188} INFO - [2024-03-27T00:01:24.297+0000] {dagbag.py:540} INFO - Filling up the DagBag from /home/airflow/.local/lib/python3.8/site-packages/airflow/example_dags/example_trigger_target_dag.py
[2024-03-27T00:01:24.300+0000] {processor.py:840} INFO - DAG(s) 'example_trigger_target_dag' retrieved from /home/airflow/.local/lib/python3.8/site-packages/airflow/example_dags/example_trigger_target_dag.py
[2024-03-27T00:01:24.313+0000] {logging_mixin.py:188} INFO - [2024-03-27T00:01:24.313+0000] {dag.py:3047} INFO - Sync 1 DAGs
[2024-03-27T00:01:24.320+0000] {logging_mixin.py:188} INFO - [2024-03-27T00:01:24.320+0000] {dag.py:3834} INFO - Setting next_dagrun for example_trigger_target_dag to None, run_after=None
[2024-03-27T00:01:24.342+0000] {processor.py:183} INFO - Processing /home/airflow/.local/lib/python3.8/site-packages/airflow/example_dags/example_trigger_target_dag.py took 0.050 seconds
[2024-03-27T00:01:55.343+0000] {processor.py:161} INFO - Started process (PID=5385) to work on /home/airflow/.local/lib/python3.8/site-packages/airflow/example_dags/example_trigger_target_dag.py
[2024-03-27T00:01:55.345+0000] {processor.py:830} INFO - Processing file /home/airflow/.local/lib/python3.8/site-packages/airflow/example_dags/example_trigger_target_dag.py for tasks to queue
[2024-03-27T00:01:55.347+0000] {logging_mixin.py:188} INFO - [2024-03-27T00:01:55.346+0000] {dagbag.py:540} INFO - Filling up the DagBag from /home/airflow/.local/lib/python3.8/site-packages/airflow/example_dags/example_trigger_target_dag.py
[2024-03-27T00:01:55.352+0000] {processor.py:840} INFO - DAG(s) 'example_trigger_target_dag' retrieved from /home/airflow/.local/lib/python3.8/site-packages/airflow/example_dags/example_trigger_target_dag.py
[2024-03-27T00:01:55.370+0000] {logging_mixin.py:188} INFO - [2024-03-27T00:01:55.370+0000] {dag.py:3047} INFO - Sync 1 DAGs
[2024-03-27T00:01:55.378+0000] {logging_mixin.py:188} INFO - [2024-03-27T00:01:55.378+0000] {dag.py:3834} INFO - Setting next_dagrun for example_trigger_target_dag to None, run_after=None
[2024-03-27T00:01:55.390+0000] {processor.py:183} INFO - Processing /home/airflow/.local/lib/python3.8/site-packages/airflow/example_dags/example_trigger_target_dag.py took 0.050 seconds
[2024-03-27T00:02:26.102+0000] {processor.py:161} INFO - Started process (PID=5440) to work on /home/airflow/.local/lib/python3.8/site-packages/airflow/example_dags/example_trigger_target_dag.py
[2024-03-27T00:02:26.103+0000] {processor.py:830} INFO - Processing file /home/airflow/.local/lib/python3.8/site-packages/airflow/example_dags/example_trigger_target_dag.py for tasks to queue
[2024-03-27T00:02:26.104+0000] {logging_mixin.py:188} INFO - [2024-03-27T00:02:26.104+0000] {dagbag.py:540} INFO - Filling up the DagBag from /home/airflow/.local/lib/python3.8/site-packages/airflow/example_dags/example_trigger_target_dag.py
[2024-03-27T00:02:26.107+0000] {processor.py:840} INFO - DAG(s) 'example_trigger_target_dag' retrieved from /home/airflow/.local/lib/python3.8/site-packages/airflow/example_dags/example_trigger_target_dag.py
[2024-03-27T00:02:26.117+0000] {logging_mixin.py:188} INFO - [2024-03-27T00:02:26.117+0000] {dag.py:3047} INFO - Sync 1 DAGs
[2024-03-27T00:02:26.123+0000] {logging_mixin.py:188} INFO - [2024-03-27T00:02:26.123+0000] {dag.py:3834} INFO - Setting next_dagrun for example_trigger_target_dag to None, run_after=None
[2024-03-27T00:02:26.132+0000] {processor.py:183} INFO - Processing /home/airflow/.local/lib/python3.8/site-packages/airflow/example_dags/example_trigger_target_dag.py took 0.031 seconds
[2024-03-27T00:02:57.081+0000] {processor.py:161} INFO - Started process (PID=5495) to work on /home/airflow/.local/lib/python3.8/site-packages/airflow/example_dags/example_trigger_target_dag.py
[2024-03-27T00:02:57.081+0000] {processor.py:830} INFO - Processing file /home/airflow/.local/lib/python3.8/site-packages/airflow/example_dags/example_trigger_target_dag.py for tasks to queue
[2024-03-27T00:02:57.082+0000] {logging_mixin.py:188} INFO - [2024-03-27T00:02:57.082+0000] {dagbag.py:540} INFO - Filling up the DagBag from /home/airflow/.local/lib/python3.8/site-packages/airflow/example_dags/example_trigger_target_dag.py
[2024-03-27T00:02:57.086+0000] {processor.py:840} INFO - DAG(s) 'example_trigger_target_dag' retrieved from /home/airflow/.local/lib/python3.8/site-packages/airflow/example_dags/example_trigger_target_dag.py
[2024-03-27T00:02:57.096+0000] {logging_mixin.py:188} INFO - [2024-03-27T00:02:57.096+0000] {dag.py:3047} INFO - Sync 1 DAGs
[2024-03-27T00:02:57.103+0000] {logging_mixin.py:188} INFO - [2024-03-27T00:02:57.103+0000] {dag.py:3834} INFO - Setting next_dagrun for example_trigger_target_dag to None, run_after=None
[2024-03-27T00:02:57.113+0000] {processor.py:183} INFO - Processing /home/airflow/.local/lib/python3.8/site-packages/airflow/example_dags/example_trigger_target_dag.py took 0.034 seconds
[2024-03-27T00:03:27.400+0000] {processor.py:161} INFO - Started process (PID=5549) to work on /home/airflow/.local/lib/python3.8/site-packages/airflow/example_dags/example_trigger_target_dag.py
[2024-03-27T00:03:27.401+0000] {processor.py:830} INFO - Processing file /home/airflow/.local/lib/python3.8/site-packages/airflow/example_dags/example_trigger_target_dag.py for tasks to queue
[2024-03-27T00:03:27.402+0000] {logging_mixin.py:188} INFO - [2024-03-27T00:03:27.401+0000] {dagbag.py:540} INFO - Filling up the DagBag from /home/airflow/.local/lib/python3.8/site-packages/airflow/example_dags/example_trigger_target_dag.py
[2024-03-27T00:03:27.405+0000] {processor.py:840} INFO - DAG(s) 'example_trigger_target_dag' retrieved from /home/airflow/.local/lib/python3.8/site-packages/airflow/example_dags/example_trigger_target_dag.py
[2024-03-27T00:03:27.415+0000] {logging_mixin.py:188} INFO - [2024-03-27T00:03:27.414+0000] {dag.py:3047} INFO - Sync 1 DAGs
[2024-03-27T00:03:27.421+0000] {logging_mixin.py:188} INFO - [2024-03-27T00:03:27.420+0000] {dag.py:3834} INFO - Setting next_dagrun for example_trigger_target_dag to None, run_after=None
[2024-03-27T00:03:27.430+0000] {processor.py:183} INFO - Processing /home/airflow/.local/lib/python3.8/site-packages/airflow/example_dags/example_trigger_target_dag.py took 0.032 seconds
[2024-03-27T00:04:02.686+0000] {processor.py:161} INFO - Started process (PID=5604) to work on /home/airflow/.local/lib/python3.8/site-packages/airflow/example_dags/example_trigger_target_dag.py
[2024-03-27T00:04:02.687+0000] {processor.py:830} INFO - Processing file /home/airflow/.local/lib/python3.8/site-packages/airflow/example_dags/example_trigger_target_dag.py for tasks to queue
[2024-03-27T00:04:02.687+0000] {logging_mixin.py:188} INFO - [2024-03-27T00:04:02.687+0000] {dagbag.py:540} INFO - Filling up the DagBag from /home/airflow/.local/lib/python3.8/site-packages/airflow/example_dags/example_trigger_target_dag.py
[2024-03-27T00:04:02.691+0000] {processor.py:840} INFO - DAG(s) 'example_trigger_target_dag' retrieved from /home/airflow/.local/lib/python3.8/site-packages/airflow/example_dags/example_trigger_target_dag.py
[2024-03-27T00:04:02.701+0000] {logging_mixin.py:188} INFO - [2024-03-27T00:04:02.700+0000] {dag.py:3047} INFO - Sync 1 DAGs
[2024-03-27T00:04:02.707+0000] {logging_mixin.py:188} INFO - [2024-03-27T00:04:02.707+0000] {dag.py:3834} INFO - Setting next_dagrun for example_trigger_target_dag to None, run_after=None
[2024-03-27T00:04:02.716+0000] {processor.py:183} INFO - Processing /home/airflow/.local/lib/python3.8/site-packages/airflow/example_dags/example_trigger_target_dag.py took 0.032 seconds
[2024-03-27T00:04:33.409+0000] {processor.py:161} INFO - Started process (PID=5659) to work on /home/airflow/.local/lib/python3.8/site-packages/airflow/example_dags/example_trigger_target_dag.py
[2024-03-27T00:04:33.410+0000] {processor.py:830} INFO - Processing file /home/airflow/.local/lib/python3.8/site-packages/airflow/example_dags/example_trigger_target_dag.py for tasks to queue
[2024-03-27T00:04:33.411+0000] {logging_mixin.py:188} INFO - [2024-03-27T00:04:33.411+0000] {dagbag.py:540} INFO - Filling up the DagBag from /home/airflow/.local/lib/python3.8/site-packages/airflow/example_dags/example_trigger_target_dag.py
[2024-03-27T00:04:33.415+0000] {processor.py:840} INFO - DAG(s) 'example_trigger_target_dag' retrieved from /home/airflow/.local/lib/python3.8/site-packages/airflow/example_dags/example_trigger_target_dag.py
[2024-03-27T00:04:33.425+0000] {logging_mixin.py:188} INFO - [2024-03-27T00:04:33.425+0000] {dag.py:3047} INFO - Sync 1 DAGs
[2024-03-27T00:04:33.431+0000] {logging_mixin.py:188} INFO - [2024-03-27T00:04:33.431+0000] {dag.py:3834} INFO - Setting next_dagrun for example_trigger_target_dag to None, run_after=None
[2024-03-27T00:04:33.440+0000] {processor.py:183} INFO - Processing /home/airflow/.local/lib/python3.8/site-packages/airflow/example_dags/example_trigger_target_dag.py took 0.032 seconds
[2024-03-27T00:05:04.140+0000] {processor.py:161} INFO - Started process (PID=5714) to work on /home/airflow/.local/lib/python3.8/site-packages/airflow/example_dags/example_trigger_target_dag.py
[2024-03-27T00:05:04.141+0000] {processor.py:830} INFO - Processing file /home/airflow/.local/lib/python3.8/site-packages/airflow/example_dags/example_trigger_target_dag.py for tasks to queue
[2024-03-27T00:05:04.142+0000] {logging_mixin.py:188} INFO - [2024-03-27T00:05:04.142+0000] {dagbag.py:540} INFO - Filling up the DagBag from /home/airflow/.local/lib/python3.8/site-packages/airflow/example_dags/example_trigger_target_dag.py
[2024-03-27T00:05:04.145+0000] {processor.py:840} INFO - DAG(s) 'example_trigger_target_dag' retrieved from /home/airflow/.local/lib/python3.8/site-packages/airflow/example_dags/example_trigger_target_dag.py
[2024-03-27T00:05:04.154+0000] {logging_mixin.py:188} INFO - [2024-03-27T00:05:04.154+0000] {dag.py:3047} INFO - Sync 1 DAGs
[2024-03-27T00:05:04.159+0000] {logging_mixin.py:188} INFO - [2024-03-27T00:05:04.159+0000] {dag.py:3834} INFO - Setting next_dagrun for example_trigger_target_dag to None, run_after=None
[2024-03-27T00:05:04.167+0000] {processor.py:183} INFO - Processing /home/airflow/.local/lib/python3.8/site-packages/airflow/example_dags/example_trigger_target_dag.py took 0.028 seconds
[2024-03-27T00:05:34.842+0000] {processor.py:161} INFO - Started process (PID=5769) to work on /home/airflow/.local/lib/python3.8/site-packages/airflow/example_dags/example_trigger_target_dag.py
[2024-03-27T00:05:34.843+0000] {processor.py:830} INFO - Processing file /home/airflow/.local/lib/python3.8/site-packages/airflow/example_dags/example_trigger_target_dag.py for tasks to queue
[2024-03-27T00:05:34.844+0000] {logging_mixin.py:188} INFO - [2024-03-27T00:05:34.844+0000] {dagbag.py:540} INFO - Filling up the DagBag from /home/airflow/.local/lib/python3.8/site-packages/airflow/example_dags/example_trigger_target_dag.py
[2024-03-27T00:05:34.848+0000] {processor.py:840} INFO - DAG(s) 'example_trigger_target_dag' retrieved from /home/airflow/.local/lib/python3.8/site-packages/airflow/example_dags/example_trigger_target_dag.py
[2024-03-27T00:05:34.859+0000] {logging_mixin.py:188} INFO - [2024-03-27T00:05:34.859+0000] {dag.py:3047} INFO - Sync 1 DAGs
[2024-03-27T00:05:34.866+0000] {logging_mixin.py:188} INFO - [2024-03-27T00:05:34.865+0000] {dag.py:3834} INFO - Setting next_dagrun for example_trigger_target_dag to None, run_after=None
[2024-03-27T00:05:34.874+0000] {processor.py:183} INFO - Processing /home/airflow/.local/lib/python3.8/site-packages/airflow/example_dags/example_trigger_target_dag.py took 0.034 seconds
[2024-03-27T00:06:05.578+0000] {processor.py:161} INFO - Started process (PID=5824) to work on /home/airflow/.local/lib/python3.8/site-packages/airflow/example_dags/example_trigger_target_dag.py
[2024-03-27T00:06:05.579+0000] {processor.py:830} INFO - Processing file /home/airflow/.local/lib/python3.8/site-packages/airflow/example_dags/example_trigger_target_dag.py for tasks to queue
[2024-03-27T00:06:05.581+0000] {logging_mixin.py:188} INFO - [2024-03-27T00:06:05.580+0000] {dagbag.py:540} INFO - Filling up the DagBag from /home/airflow/.local/lib/python3.8/site-packages/airflow/example_dags/example_trigger_target_dag.py
[2024-03-27T00:06:05.586+0000] {processor.py:840} INFO - DAG(s) 'example_trigger_target_dag' retrieved from /home/airflow/.local/lib/python3.8/site-packages/airflow/example_dags/example_trigger_target_dag.py
[2024-03-27T00:06:05.599+0000] {logging_mixin.py:188} INFO - [2024-03-27T00:06:05.599+0000] {dag.py:3047} INFO - Sync 1 DAGs
[2024-03-27T00:06:05.606+0000] {logging_mixin.py:188} INFO - [2024-03-27T00:06:05.606+0000] {dag.py:3834} INFO - Setting next_dagrun for example_trigger_target_dag to None, run_after=None
[2024-03-27T00:06:05.616+0000] {processor.py:183} INFO - Processing /home/airflow/.local/lib/python3.8/site-packages/airflow/example_dags/example_trigger_target_dag.py took 0.041 seconds
[2024-03-27T00:09:24.781+0000] {processor.py:161} INFO - Started process (PID=5879) to work on /home/airflow/.local/lib/python3.8/site-packages/airflow/example_dags/example_trigger_target_dag.py
[2024-03-27T00:09:24.782+0000] {processor.py:830} INFO - Processing file /home/airflow/.local/lib/python3.8/site-packages/airflow/example_dags/example_trigger_target_dag.py for tasks to queue
[2024-03-27T00:09:24.784+0000] {logging_mixin.py:188} INFO - [2024-03-27T00:09:24.783+0000] {dagbag.py:540} INFO - Filling up the DagBag from /home/airflow/.local/lib/python3.8/site-packages/airflow/example_dags/example_trigger_target_dag.py
[2024-03-27T00:09:24.792+0000] {processor.py:840} INFO - DAG(s) 'example_trigger_target_dag' retrieved from /home/airflow/.local/lib/python3.8/site-packages/airflow/example_dags/example_trigger_target_dag.py
[2024-03-27T00:09:24.811+0000] {logging_mixin.py:188} INFO - [2024-03-27T00:09:24.810+0000] {dag.py:3047} INFO - Sync 1 DAGs
[2024-03-27T00:09:24.817+0000] {logging_mixin.py:188} INFO - [2024-03-27T00:09:24.817+0000] {dag.py:3834} INFO - Setting next_dagrun for example_trigger_target_dag to None, run_after=None
[2024-03-27T00:09:24.828+0000] {processor.py:183} INFO - Processing /home/airflow/.local/lib/python3.8/site-packages/airflow/example_dags/example_trigger_target_dag.py took 0.049 seconds
[2024-03-27T00:09:55.857+0000] {processor.py:161} INFO - Started process (PID=5933) to work on /home/airflow/.local/lib/python3.8/site-packages/airflow/example_dags/example_trigger_target_dag.py
[2024-03-27T00:09:55.858+0000] {processor.py:830} INFO - Processing file /home/airflow/.local/lib/python3.8/site-packages/airflow/example_dags/example_trigger_target_dag.py for tasks to queue
[2024-03-27T00:09:55.859+0000] {logging_mixin.py:188} INFO - [2024-03-27T00:09:55.859+0000] {dagbag.py:540} INFO - Filling up the DagBag from /home/airflow/.local/lib/python3.8/site-packages/airflow/example_dags/example_trigger_target_dag.py
[2024-03-27T00:09:55.863+0000] {processor.py:840} INFO - DAG(s) 'example_trigger_target_dag' retrieved from /home/airflow/.local/lib/python3.8/site-packages/airflow/example_dags/example_trigger_target_dag.py
[2024-03-27T00:09:55.873+0000] {logging_mixin.py:188} INFO - [2024-03-27T00:09:55.873+0000] {dag.py:3047} INFO - Sync 1 DAGs
[2024-03-27T00:09:55.879+0000] {logging_mixin.py:188} INFO - [2024-03-27T00:09:55.879+0000] {dag.py:3834} INFO - Setting next_dagrun for example_trigger_target_dag to None, run_after=None
[2024-03-27T00:09:55.887+0000] {processor.py:183} INFO - Processing /home/airflow/.local/lib/python3.8/site-packages/airflow/example_dags/example_trigger_target_dag.py took 0.032 seconds
[2024-03-27T00:10:26.835+0000] {processor.py:161} INFO - Started process (PID=5988) to work on /home/airflow/.local/lib/python3.8/site-packages/airflow/example_dags/example_trigger_target_dag.py
[2024-03-27T00:10:26.836+0000] {processor.py:830} INFO - Processing file /home/airflow/.local/lib/python3.8/site-packages/airflow/example_dags/example_trigger_target_dag.py for tasks to queue
[2024-03-27T00:10:26.838+0000] {logging_mixin.py:188} INFO - [2024-03-27T00:10:26.837+0000] {dagbag.py:540} INFO - Filling up the DagBag from /home/airflow/.local/lib/python3.8/site-packages/airflow/example_dags/example_trigger_target_dag.py
[2024-03-27T00:10:26.842+0000] {processor.py:840} INFO - DAG(s) 'example_trigger_target_dag' retrieved from /home/airflow/.local/lib/python3.8/site-packages/airflow/example_dags/example_trigger_target_dag.py
[2024-03-27T00:10:26.851+0000] {logging_mixin.py:188} INFO - [2024-03-27T00:10:26.851+0000] {dag.py:3047} INFO - Sync 1 DAGs
[2024-03-27T00:10:26.856+0000] {logging_mixin.py:188} INFO - [2024-03-27T00:10:26.856+0000] {dag.py:3834} INFO - Setting next_dagrun for example_trigger_target_dag to None, run_after=None
[2024-03-27T00:10:26.864+0000] {processor.py:183} INFO - Processing /home/airflow/.local/lib/python3.8/site-packages/airflow/example_dags/example_trigger_target_dag.py took 0.031 seconds
[2024-03-27T00:10:57.770+0000] {processor.py:161} INFO - Started process (PID=6043) to work on /home/airflow/.local/lib/python3.8/site-packages/airflow/example_dags/example_trigger_target_dag.py
[2024-03-27T00:10:57.771+0000] {processor.py:830} INFO - Processing file /home/airflow/.local/lib/python3.8/site-packages/airflow/example_dags/example_trigger_target_dag.py for tasks to queue
[2024-03-27T00:10:57.772+0000] {logging_mixin.py:188} INFO - [2024-03-27T00:10:57.771+0000] {dagbag.py:540} INFO - Filling up the DagBag from /home/airflow/.local/lib/python3.8/site-packages/airflow/example_dags/example_trigger_target_dag.py
[2024-03-27T00:10:57.775+0000] {processor.py:840} INFO - DAG(s) 'example_trigger_target_dag' retrieved from /home/airflow/.local/lib/python3.8/site-packages/airflow/example_dags/example_trigger_target_dag.py
[2024-03-27T00:10:57.788+0000] {logging_mixin.py:188} INFO - [2024-03-27T00:10:57.787+0000] {dag.py:3047} INFO - Sync 1 DAGs
[2024-03-27T00:10:57.794+0000] {logging_mixin.py:188} INFO - [2024-03-27T00:10:57.794+0000] {dag.py:3834} INFO - Setting next_dagrun for example_trigger_target_dag to None, run_after=None
[2024-03-27T00:10:57.802+0000] {processor.py:183} INFO - Processing /home/airflow/.local/lib/python3.8/site-packages/airflow/example_dags/example_trigger_target_dag.py took 0.035 seconds
[2024-03-27T00:11:28.623+0000] {processor.py:161} INFO - Started process (PID=6097) to work on /home/airflow/.local/lib/python3.8/site-packages/airflow/example_dags/example_trigger_target_dag.py
[2024-03-27T00:11:28.624+0000] {processor.py:830} INFO - Processing file /home/airflow/.local/lib/python3.8/site-packages/airflow/example_dags/example_trigger_target_dag.py for tasks to queue
[2024-03-27T00:11:28.625+0000] {logging_mixin.py:188} INFO - [2024-03-27T00:11:28.624+0000] {dagbag.py:540} INFO - Filling up the DagBag from /home/airflow/.local/lib/python3.8/site-packages/airflow/example_dags/example_trigger_target_dag.py
[2024-03-27T00:11:28.628+0000] {processor.py:840} INFO - DAG(s) 'example_trigger_target_dag' retrieved from /home/airflow/.local/lib/python3.8/site-packages/airflow/example_dags/example_trigger_target_dag.py
[2024-03-27T00:11:28.637+0000] {logging_mixin.py:188} INFO - [2024-03-27T00:11:28.637+0000] {dag.py:3047} INFO - Sync 1 DAGs
[2024-03-27T00:11:28.643+0000] {logging_mixin.py:188} INFO - [2024-03-27T00:11:28.643+0000] {dag.py:3834} INFO - Setting next_dagrun for example_trigger_target_dag to None, run_after=None
[2024-03-27T00:11:28.651+0000] {processor.py:183} INFO - Processing /home/airflow/.local/lib/python3.8/site-packages/airflow/example_dags/example_trigger_target_dag.py took 0.029 seconds
[2024-03-27T00:11:59.674+0000] {processor.py:161} INFO - Started process (PID=6152) to work on /home/airflow/.local/lib/python3.8/site-packages/airflow/example_dags/example_trigger_target_dag.py
[2024-03-27T00:11:59.674+0000] {processor.py:830} INFO - Processing file /home/airflow/.local/lib/python3.8/site-packages/airflow/example_dags/example_trigger_target_dag.py for tasks to queue
[2024-03-27T00:11:59.675+0000] {logging_mixin.py:188} INFO - [2024-03-27T00:11:59.675+0000] {dagbag.py:540} INFO - Filling up the DagBag from /home/airflow/.local/lib/python3.8/site-packages/airflow/example_dags/example_trigger_target_dag.py
[2024-03-27T00:11:59.679+0000] {processor.py:840} INFO - DAG(s) 'example_trigger_target_dag' retrieved from /home/airflow/.local/lib/python3.8/site-packages/airflow/example_dags/example_trigger_target_dag.py
[2024-03-27T00:11:59.689+0000] {logging_mixin.py:188} INFO - [2024-03-27T00:11:59.689+0000] {dag.py:3047} INFO - Sync 1 DAGs
[2024-03-27T00:11:59.697+0000] {logging_mixin.py:188} INFO - [2024-03-27T00:11:59.697+0000] {dag.py:3834} INFO - Setting next_dagrun for example_trigger_target_dag to None, run_after=None
[2024-03-27T00:11:59.707+0000] {processor.py:183} INFO - Processing /home/airflow/.local/lib/python3.8/site-packages/airflow/example_dags/example_trigger_target_dag.py took 0.035 seconds
[2024-03-27T00:12:30.497+0000] {processor.py:161} INFO - Started process (PID=6206) to work on /home/airflow/.local/lib/python3.8/site-packages/airflow/example_dags/example_trigger_target_dag.py
[2024-03-27T00:12:30.498+0000] {processor.py:830} INFO - Processing file /home/airflow/.local/lib/python3.8/site-packages/airflow/example_dags/example_trigger_target_dag.py for tasks to queue
[2024-03-27T00:12:30.499+0000] {logging_mixin.py:188} INFO - [2024-03-27T00:12:30.499+0000] {dagbag.py:540} INFO - Filling up the DagBag from /home/airflow/.local/lib/python3.8/site-packages/airflow/example_dags/example_trigger_target_dag.py
[2024-03-27T00:12:30.502+0000] {processor.py:840} INFO - DAG(s) 'example_trigger_target_dag' retrieved from /home/airflow/.local/lib/python3.8/site-packages/airflow/example_dags/example_trigger_target_dag.py
[2024-03-27T00:12:30.513+0000] {logging_mixin.py:188} INFO - [2024-03-27T00:12:30.513+0000] {dag.py:3047} INFO - Sync 1 DAGs
[2024-03-27T00:12:30.519+0000] {logging_mixin.py:188} INFO - [2024-03-27T00:12:30.519+0000] {dag.py:3834} INFO - Setting next_dagrun for example_trigger_target_dag to None, run_after=None
[2024-03-27T00:12:30.527+0000] {processor.py:183} INFO - Processing /home/airflow/.local/lib/python3.8/site-packages/airflow/example_dags/example_trigger_target_dag.py took 0.032 seconds
[2024-03-27T00:13:01.300+0000] {processor.py:161} INFO - Started process (PID=6261) to work on /home/airflow/.local/lib/python3.8/site-packages/airflow/example_dags/example_trigger_target_dag.py
[2024-03-27T00:13:01.300+0000] {processor.py:830} INFO - Processing file /home/airflow/.local/lib/python3.8/site-packages/airflow/example_dags/example_trigger_target_dag.py for tasks to queue
[2024-03-27T00:13:01.301+0000] {logging_mixin.py:188} INFO - [2024-03-27T00:13:01.301+0000] {dagbag.py:540} INFO - Filling up the DagBag from /home/airflow/.local/lib/python3.8/site-packages/airflow/example_dags/example_trigger_target_dag.py
[2024-03-27T00:13:01.304+0000] {processor.py:840} INFO - DAG(s) 'example_trigger_target_dag' retrieved from /home/airflow/.local/lib/python3.8/site-packages/airflow/example_dags/example_trigger_target_dag.py
[2024-03-27T00:13:01.314+0000] {logging_mixin.py:188} INFO - [2024-03-27T00:13:01.314+0000] {dag.py:3047} INFO - Sync 1 DAGs
[2024-03-27T00:13:01.320+0000] {logging_mixin.py:188} INFO - [2024-03-27T00:13:01.320+0000] {dag.py:3834} INFO - Setting next_dagrun for example_trigger_target_dag to None, run_after=None
[2024-03-27T00:13:01.329+0000] {processor.py:183} INFO - Processing /home/airflow/.local/lib/python3.8/site-packages/airflow/example_dags/example_trigger_target_dag.py took 0.031 seconds
[2024-03-27T00:13:32.330+0000] {processor.py:161} INFO - Started process (PID=6316) to work on /home/airflow/.local/lib/python3.8/site-packages/airflow/example_dags/example_trigger_target_dag.py
[2024-03-27T00:13:32.330+0000] {processor.py:830} INFO - Processing file /home/airflow/.local/lib/python3.8/site-packages/airflow/example_dags/example_trigger_target_dag.py for tasks to queue
[2024-03-27T00:13:32.331+0000] {logging_mixin.py:188} INFO - [2024-03-27T00:13:32.331+0000] {dagbag.py:540} INFO - Filling up the DagBag from /home/airflow/.local/lib/python3.8/site-packages/airflow/example_dags/example_trigger_target_dag.py
[2024-03-27T00:13:32.335+0000] {processor.py:840} INFO - DAG(s) 'example_trigger_target_dag' retrieved from /home/airflow/.local/lib/python3.8/site-packages/airflow/example_dags/example_trigger_target_dag.py
[2024-03-27T00:13:32.345+0000] {logging_mixin.py:188} INFO - [2024-03-27T00:13:32.345+0000] {dag.py:3047} INFO - Sync 1 DAGs
[2024-03-27T00:13:32.351+0000] {logging_mixin.py:188} INFO - [2024-03-27T00:13:32.351+0000] {dag.py:3834} INFO - Setting next_dagrun for example_trigger_target_dag to None, run_after=None
[2024-03-27T00:13:32.360+0000] {processor.py:183} INFO - Processing /home/airflow/.local/lib/python3.8/site-packages/airflow/example_dags/example_trigger_target_dag.py took 0.032 seconds
[2024-03-27T00:14:02.695+0000] {processor.py:161} INFO - Started process (PID=6371) to work on /home/airflow/.local/lib/python3.8/site-packages/airflow/example_dags/example_trigger_target_dag.py
[2024-03-27T00:14:02.696+0000] {processor.py:830} INFO - Processing file /home/airflow/.local/lib/python3.8/site-packages/airflow/example_dags/example_trigger_target_dag.py for tasks to queue
[2024-03-27T00:14:02.697+0000] {logging_mixin.py:188} INFO - [2024-03-27T00:14:02.697+0000] {dagbag.py:540} INFO - Filling up the DagBag from /home/airflow/.local/lib/python3.8/site-packages/airflow/example_dags/example_trigger_target_dag.py
[2024-03-27T00:14:02.700+0000] {processor.py:840} INFO - DAG(s) 'example_trigger_target_dag' retrieved from /home/airflow/.local/lib/python3.8/site-packages/airflow/example_dags/example_trigger_target_dag.py
[2024-03-27T00:14:02.711+0000] {logging_mixin.py:188} INFO - [2024-03-27T00:14:02.711+0000] {dag.py:3047} INFO - Sync 1 DAGs
[2024-03-27T00:14:02.719+0000] {logging_mixin.py:188} INFO - [2024-03-27T00:14:02.719+0000] {dag.py:3834} INFO - Setting next_dagrun for example_trigger_target_dag to None, run_after=None
[2024-03-27T00:14:02.730+0000] {processor.py:183} INFO - Processing /home/airflow/.local/lib/python3.8/site-packages/airflow/example_dags/example_trigger_target_dag.py took 0.037 seconds
[2024-03-27T00:14:32.816+0000] {processor.py:161} INFO - Started process (PID=6426) to work on /home/airflow/.local/lib/python3.8/site-packages/airflow/example_dags/example_trigger_target_dag.py
[2024-03-27T00:14:32.817+0000] {processor.py:830} INFO - Processing file /home/airflow/.local/lib/python3.8/site-packages/airflow/example_dags/example_trigger_target_dag.py for tasks to queue
[2024-03-27T00:14:32.818+0000] {logging_mixin.py:188} INFO - [2024-03-27T00:14:32.818+0000] {dagbag.py:540} INFO - Filling up the DagBag from /home/airflow/.local/lib/python3.8/site-packages/airflow/example_dags/example_trigger_target_dag.py
[2024-03-27T00:14:32.821+0000] {processor.py:840} INFO - DAG(s) 'example_trigger_target_dag' retrieved from /home/airflow/.local/lib/python3.8/site-packages/airflow/example_dags/example_trigger_target_dag.py
[2024-03-27T00:14:32.830+0000] {logging_mixin.py:188} INFO - [2024-03-27T00:14:32.830+0000] {dag.py:3047} INFO - Sync 1 DAGs
[2024-03-27T00:14:32.838+0000] {logging_mixin.py:188} INFO - [2024-03-27T00:14:32.838+0000] {dag.py:3834} INFO - Setting next_dagrun for example_trigger_target_dag to None, run_after=None
[2024-03-27T00:14:32.847+0000] {processor.py:183} INFO - Processing /home/airflow/.local/lib/python3.8/site-packages/airflow/example_dags/example_trigger_target_dag.py took 0.033 seconds
[2024-03-27T00:15:03.562+0000] {processor.py:161} INFO - Started process (PID=6481) to work on /home/airflow/.local/lib/python3.8/site-packages/airflow/example_dags/example_trigger_target_dag.py
[2024-03-27T00:15:03.563+0000] {processor.py:830} INFO - Processing file /home/airflow/.local/lib/python3.8/site-packages/airflow/example_dags/example_trigger_target_dag.py for tasks to queue
[2024-03-27T00:15:03.564+0000] {logging_mixin.py:188} INFO - [2024-03-27T00:15:03.564+0000] {dagbag.py:540} INFO - Filling up the DagBag from /home/airflow/.local/lib/python3.8/site-packages/airflow/example_dags/example_trigger_target_dag.py
[2024-03-27T00:15:03.567+0000] {processor.py:840} INFO - DAG(s) 'example_trigger_target_dag' retrieved from /home/airflow/.local/lib/python3.8/site-packages/airflow/example_dags/example_trigger_target_dag.py
[2024-03-27T00:15:03.577+0000] {logging_mixin.py:188} INFO - [2024-03-27T00:15:03.577+0000] {dag.py:3047} INFO - Sync 1 DAGs
[2024-03-27T00:15:03.583+0000] {logging_mixin.py:188} INFO - [2024-03-27T00:15:03.583+0000] {dag.py:3834} INFO - Setting next_dagrun for example_trigger_target_dag to None, run_after=None
[2024-03-27T00:15:03.591+0000] {processor.py:183} INFO - Processing /home/airflow/.local/lib/python3.8/site-packages/airflow/example_dags/example_trigger_target_dag.py took 0.030 seconds
[2024-03-27T00:15:34.396+0000] {processor.py:161} INFO - Started process (PID=6536) to work on /home/airflow/.local/lib/python3.8/site-packages/airflow/example_dags/example_trigger_target_dag.py
[2024-03-27T00:15:34.397+0000] {processor.py:830} INFO - Processing file /home/airflow/.local/lib/python3.8/site-packages/airflow/example_dags/example_trigger_target_dag.py for tasks to queue
[2024-03-27T00:15:34.398+0000] {logging_mixin.py:188} INFO - [2024-03-27T00:15:34.398+0000] {dagbag.py:540} INFO - Filling up the DagBag from /home/airflow/.local/lib/python3.8/site-packages/airflow/example_dags/example_trigger_target_dag.py
[2024-03-27T00:15:34.401+0000] {processor.py:840} INFO - DAG(s) 'example_trigger_target_dag' retrieved from /home/airflow/.local/lib/python3.8/site-packages/airflow/example_dags/example_trigger_target_dag.py
[2024-03-27T00:15:34.410+0000] {logging_mixin.py:188} INFO - [2024-03-27T00:15:34.410+0000] {dag.py:3047} INFO - Sync 1 DAGs
[2024-03-27T00:15:34.415+0000] {logging_mixin.py:188} INFO - [2024-03-27T00:15:34.415+0000] {dag.py:3834} INFO - Setting next_dagrun for example_trigger_target_dag to None, run_after=None
[2024-03-27T00:15:34.423+0000] {processor.py:183} INFO - Processing /home/airflow/.local/lib/python3.8/site-packages/airflow/example_dags/example_trigger_target_dag.py took 0.028 seconds
[2024-03-27T00:16:04.670+0000] {processor.py:161} INFO - Started process (PID=6591) to work on /home/airflow/.local/lib/python3.8/site-packages/airflow/example_dags/example_trigger_target_dag.py
[2024-03-27T00:16:04.671+0000] {processor.py:830} INFO - Processing file /home/airflow/.local/lib/python3.8/site-packages/airflow/example_dags/example_trigger_target_dag.py for tasks to queue
[2024-03-27T00:16:04.672+0000] {logging_mixin.py:188} INFO - [2024-03-27T00:16:04.672+0000] {dagbag.py:540} INFO - Filling up the DagBag from /home/airflow/.local/lib/python3.8/site-packages/airflow/example_dags/example_trigger_target_dag.py
[2024-03-27T00:16:04.675+0000] {processor.py:840} INFO - DAG(s) 'example_trigger_target_dag' retrieved from /home/airflow/.local/lib/python3.8/site-packages/airflow/example_dags/example_trigger_target_dag.py
[2024-03-27T00:16:04.686+0000] {logging_mixin.py:188} INFO - [2024-03-27T00:16:04.685+0000] {dag.py:3047} INFO - Sync 1 DAGs
[2024-03-27T00:16:04.691+0000] {logging_mixin.py:188} INFO - [2024-03-27T00:16:04.691+0000] {dag.py:3834} INFO - Setting next_dagrun for example_trigger_target_dag to None, run_after=None
[2024-03-27T00:16:04.702+0000] {processor.py:183} INFO - Processing /home/airflow/.local/lib/python3.8/site-packages/airflow/example_dags/example_trigger_target_dag.py took 0.034 seconds
[2024-03-27T00:16:35.422+0000] {processor.py:161} INFO - Started process (PID=6646) to work on /home/airflow/.local/lib/python3.8/site-packages/airflow/example_dags/example_trigger_target_dag.py
[2024-03-27T00:16:35.422+0000] {processor.py:830} INFO - Processing file /home/airflow/.local/lib/python3.8/site-packages/airflow/example_dags/example_trigger_target_dag.py for tasks to queue
[2024-03-27T00:16:35.423+0000] {logging_mixin.py:188} INFO - [2024-03-27T00:16:35.423+0000] {dagbag.py:540} INFO - Filling up the DagBag from /home/airflow/.local/lib/python3.8/site-packages/airflow/example_dags/example_trigger_target_dag.py
[2024-03-27T00:16:35.426+0000] {processor.py:840} INFO - DAG(s) 'example_trigger_target_dag' retrieved from /home/airflow/.local/lib/python3.8/site-packages/airflow/example_dags/example_trigger_target_dag.py
[2024-03-27T00:16:35.437+0000] {logging_mixin.py:188} INFO - [2024-03-27T00:16:35.437+0000] {dag.py:3047} INFO - Sync 1 DAGs
[2024-03-27T00:16:35.443+0000] {logging_mixin.py:188} INFO - [2024-03-27T00:16:35.442+0000] {dag.py:3834} INFO - Setting next_dagrun for example_trigger_target_dag to None, run_after=None
[2024-03-27T00:16:35.451+0000] {processor.py:183} INFO - Processing /home/airflow/.local/lib/python3.8/site-packages/airflow/example_dags/example_trigger_target_dag.py took 0.030 seconds
[2024-03-27T00:17:06.204+0000] {processor.py:161} INFO - Started process (PID=6701) to work on /home/airflow/.local/lib/python3.8/site-packages/airflow/example_dags/example_trigger_target_dag.py
[2024-03-27T00:17:06.204+0000] {processor.py:830} INFO - Processing file /home/airflow/.local/lib/python3.8/site-packages/airflow/example_dags/example_trigger_target_dag.py for tasks to queue
[2024-03-27T00:17:06.205+0000] {logging_mixin.py:188} INFO - [2024-03-27T00:17:06.205+0000] {dagbag.py:540} INFO - Filling up the DagBag from /home/airflow/.local/lib/python3.8/site-packages/airflow/example_dags/example_trigger_target_dag.py
[2024-03-27T00:17:06.208+0000] {processor.py:840} INFO - DAG(s) 'example_trigger_target_dag' retrieved from /home/airflow/.local/lib/python3.8/site-packages/airflow/example_dags/example_trigger_target_dag.py
[2024-03-27T00:17:06.219+0000] {logging_mixin.py:188} INFO - [2024-03-27T00:17:06.218+0000] {dag.py:3047} INFO - Sync 1 DAGs
[2024-03-27T00:17:06.224+0000] {logging_mixin.py:188} INFO - [2024-03-27T00:17:06.224+0000] {dag.py:3834} INFO - Setting next_dagrun for example_trigger_target_dag to None, run_after=None
[2024-03-27T00:17:06.233+0000] {processor.py:183} INFO - Processing /home/airflow/.local/lib/python3.8/site-packages/airflow/example_dags/example_trigger_target_dag.py took 0.031 seconds
[2024-03-27T00:17:36.975+0000] {processor.py:161} INFO - Started process (PID=6756) to work on /home/airflow/.local/lib/python3.8/site-packages/airflow/example_dags/example_trigger_target_dag.py
[2024-03-27T00:17:36.976+0000] {processor.py:830} INFO - Processing file /home/airflow/.local/lib/python3.8/site-packages/airflow/example_dags/example_trigger_target_dag.py for tasks to queue
[2024-03-27T00:17:36.977+0000] {logging_mixin.py:188} INFO - [2024-03-27T00:17:36.977+0000] {dagbag.py:540} INFO - Filling up the DagBag from /home/airflow/.local/lib/python3.8/site-packages/airflow/example_dags/example_trigger_target_dag.py
[2024-03-27T00:17:36.981+0000] {processor.py:840} INFO - DAG(s) 'example_trigger_target_dag' retrieved from /home/airflow/.local/lib/python3.8/site-packages/airflow/example_dags/example_trigger_target_dag.py
[2024-03-27T00:17:36.994+0000] {logging_mixin.py:188} INFO - [2024-03-27T00:17:36.994+0000] {dag.py:3047} INFO - Sync 1 DAGs
[2024-03-27T00:17:37.001+0000] {logging_mixin.py:188} INFO - [2024-03-27T00:17:37.001+0000] {dag.py:3834} INFO - Setting next_dagrun for example_trigger_target_dag to None, run_after=None
[2024-03-27T00:17:37.013+0000] {processor.py:183} INFO - Processing /home/airflow/.local/lib/python3.8/site-packages/airflow/example_dags/example_trigger_target_dag.py took 0.040 seconds
[2024-03-27T00:18:07.183+0000] {processor.py:161} INFO - Started process (PID=6811) to work on /home/airflow/.local/lib/python3.8/site-packages/airflow/example_dags/example_trigger_target_dag.py
[2024-03-27T00:18:07.184+0000] {processor.py:830} INFO - Processing file /home/airflow/.local/lib/python3.8/site-packages/airflow/example_dags/example_trigger_target_dag.py for tasks to queue
[2024-03-27T00:18:07.185+0000] {logging_mixin.py:188} INFO - [2024-03-27T00:18:07.185+0000] {dagbag.py:540} INFO - Filling up the DagBag from /home/airflow/.local/lib/python3.8/site-packages/airflow/example_dags/example_trigger_target_dag.py
[2024-03-27T00:18:07.188+0000] {processor.py:840} INFO - DAG(s) 'example_trigger_target_dag' retrieved from /home/airflow/.local/lib/python3.8/site-packages/airflow/example_dags/example_trigger_target_dag.py
[2024-03-27T00:18:07.199+0000] {logging_mixin.py:188} INFO - [2024-03-27T00:18:07.199+0000] {dag.py:3047} INFO - Sync 1 DAGs
[2024-03-27T00:18:07.205+0000] {logging_mixin.py:188} INFO - [2024-03-27T00:18:07.204+0000] {dag.py:3834} INFO - Setting next_dagrun for example_trigger_target_dag to None, run_after=None
[2024-03-27T00:18:07.213+0000] {processor.py:183} INFO - Processing /home/airflow/.local/lib/python3.8/site-packages/airflow/example_dags/example_trigger_target_dag.py took 0.032 seconds
[2024-03-27T00:18:37.347+0000] {processor.py:161} INFO - Started process (PID=6866) to work on /home/airflow/.local/lib/python3.8/site-packages/airflow/example_dags/example_trigger_target_dag.py
[2024-03-27T00:18:37.348+0000] {processor.py:830} INFO - Processing file /home/airflow/.local/lib/python3.8/site-packages/airflow/example_dags/example_trigger_target_dag.py for tasks to queue
[2024-03-27T00:18:37.349+0000] {logging_mixin.py:188} INFO - [2024-03-27T00:18:37.349+0000] {dagbag.py:540} INFO - Filling up the DagBag from /home/airflow/.local/lib/python3.8/site-packages/airflow/example_dags/example_trigger_target_dag.py
[2024-03-27T00:18:37.352+0000] {processor.py:840} INFO - DAG(s) 'example_trigger_target_dag' retrieved from /home/airflow/.local/lib/python3.8/site-packages/airflow/example_dags/example_trigger_target_dag.py
[2024-03-27T00:18:37.363+0000] {logging_mixin.py:188} INFO - [2024-03-27T00:18:37.363+0000] {dag.py:3047} INFO - Sync 1 DAGs
[2024-03-27T00:18:37.368+0000] {logging_mixin.py:188} INFO - [2024-03-27T00:18:37.368+0000] {dag.py:3834} INFO - Setting next_dagrun for example_trigger_target_dag to None, run_after=None
[2024-03-27T00:18:37.377+0000] {processor.py:183} INFO - Processing /home/airflow/.local/lib/python3.8/site-packages/airflow/example_dags/example_trigger_target_dag.py took 0.031 seconds
[2024-03-27T00:19:07.630+0000] {processor.py:161} INFO - Started process (PID=6921) to work on /home/airflow/.local/lib/python3.8/site-packages/airflow/example_dags/example_trigger_target_dag.py
[2024-03-27T00:19:07.630+0000] {processor.py:830} INFO - Processing file /home/airflow/.local/lib/python3.8/site-packages/airflow/example_dags/example_trigger_target_dag.py for tasks to queue
[2024-03-27T00:19:07.631+0000] {logging_mixin.py:188} INFO - [2024-03-27T00:19:07.631+0000] {dagbag.py:540} INFO - Filling up the DagBag from /home/airflow/.local/lib/python3.8/site-packages/airflow/example_dags/example_trigger_target_dag.py
[2024-03-27T00:19:07.634+0000] {processor.py:840} INFO - DAG(s) 'example_trigger_target_dag' retrieved from /home/airflow/.local/lib/python3.8/site-packages/airflow/example_dags/example_trigger_target_dag.py
[2024-03-27T00:19:07.644+0000] {logging_mixin.py:188} INFO - [2024-03-27T00:19:07.644+0000] {dag.py:3047} INFO - Sync 1 DAGs
[2024-03-27T00:19:07.649+0000] {logging_mixin.py:188} INFO - [2024-03-27T00:19:07.649+0000] {dag.py:3834} INFO - Setting next_dagrun for example_trigger_target_dag to None, run_after=None
[2024-03-27T00:19:07.657+0000] {processor.py:183} INFO - Processing /home/airflow/.local/lib/python3.8/site-packages/airflow/example_dags/example_trigger_target_dag.py took 0.029 seconds
[2024-03-27T00:19:37.803+0000] {processor.py:161} INFO - Started process (PID=6976) to work on /home/airflow/.local/lib/python3.8/site-packages/airflow/example_dags/example_trigger_target_dag.py
[2024-03-27T00:19:37.803+0000] {processor.py:830} INFO - Processing file /home/airflow/.local/lib/python3.8/site-packages/airflow/example_dags/example_trigger_target_dag.py for tasks to queue
[2024-03-27T00:19:37.804+0000] {logging_mixin.py:188} INFO - [2024-03-27T00:19:37.804+0000] {dagbag.py:540} INFO - Filling up the DagBag from /home/airflow/.local/lib/python3.8/site-packages/airflow/example_dags/example_trigger_target_dag.py
[2024-03-27T00:19:37.808+0000] {processor.py:840} INFO - DAG(s) 'example_trigger_target_dag' retrieved from /home/airflow/.local/lib/python3.8/site-packages/airflow/example_dags/example_trigger_target_dag.py
[2024-03-27T00:19:37.817+0000] {logging_mixin.py:188} INFO - [2024-03-27T00:19:37.817+0000] {dag.py:3047} INFO - Sync 1 DAGs
[2024-03-27T00:19:37.823+0000] {logging_mixin.py:188} INFO - [2024-03-27T00:19:37.823+0000] {dag.py:3834} INFO - Setting next_dagrun for example_trigger_target_dag to None, run_after=None
[2024-03-27T00:19:37.832+0000] {processor.py:183} INFO - Processing /home/airflow/.local/lib/python3.8/site-packages/airflow/example_dags/example_trigger_target_dag.py took 0.031 seconds
[2024-03-27T00:20:08.683+0000] {processor.py:161} INFO - Started process (PID=7031) to work on /home/airflow/.local/lib/python3.8/site-packages/airflow/example_dags/example_trigger_target_dag.py
[2024-03-27T00:20:08.683+0000] {processor.py:830} INFO - Processing file /home/airflow/.local/lib/python3.8/site-packages/airflow/example_dags/example_trigger_target_dag.py for tasks to queue
[2024-03-27T00:20:08.684+0000] {logging_mixin.py:188} INFO - [2024-03-27T00:20:08.684+0000] {dagbag.py:540} INFO - Filling up the DagBag from /home/airflow/.local/lib/python3.8/site-packages/airflow/example_dags/example_trigger_target_dag.py
[2024-03-27T00:20:08.687+0000] {processor.py:840} INFO - DAG(s) 'example_trigger_target_dag' retrieved from /home/airflow/.local/lib/python3.8/site-packages/airflow/example_dags/example_trigger_target_dag.py
[2024-03-27T00:20:08.698+0000] {logging_mixin.py:188} INFO - [2024-03-27T00:20:08.698+0000] {dag.py:3047} INFO - Sync 1 DAGs
[2024-03-27T00:20:08.704+0000] {logging_mixin.py:188} INFO - [2024-03-27T00:20:08.704+0000] {dag.py:3834} INFO - Setting next_dagrun for example_trigger_target_dag to None, run_after=None
[2024-03-27T00:20:08.713+0000] {processor.py:183} INFO - Processing /home/airflow/.local/lib/python3.8/site-packages/airflow/example_dags/example_trigger_target_dag.py took 0.032 seconds
[2024-03-27T00:20:39.337+0000] {processor.py:161} INFO - Started process (PID=7086) to work on /home/airflow/.local/lib/python3.8/site-packages/airflow/example_dags/example_trigger_target_dag.py
[2024-03-27T00:20:39.337+0000] {processor.py:830} INFO - Processing file /home/airflow/.local/lib/python3.8/site-packages/airflow/example_dags/example_trigger_target_dag.py for tasks to queue
[2024-03-27T00:20:39.338+0000] {logging_mixin.py:188} INFO - [2024-03-27T00:20:39.338+0000] {dagbag.py:540} INFO - Filling up the DagBag from /home/airflow/.local/lib/python3.8/site-packages/airflow/example_dags/example_trigger_target_dag.py
[2024-03-27T00:20:39.341+0000] {processor.py:840} INFO - DAG(s) 'example_trigger_target_dag' retrieved from /home/airflow/.local/lib/python3.8/site-packages/airflow/example_dags/example_trigger_target_dag.py
[2024-03-27T00:20:39.352+0000] {logging_mixin.py:188} INFO - [2024-03-27T00:20:39.351+0000] {dag.py:3047} INFO - Sync 1 DAGs
[2024-03-27T00:20:39.357+0000] {logging_mixin.py:188} INFO - [2024-03-27T00:20:39.357+0000] {dag.py:3834} INFO - Setting next_dagrun for example_trigger_target_dag to None, run_after=None
[2024-03-27T00:20:39.366+0000] {processor.py:183} INFO - Processing /home/airflow/.local/lib/python3.8/site-packages/airflow/example_dags/example_trigger_target_dag.py took 0.031 seconds
[2024-03-27T00:21:10.004+0000] {processor.py:161} INFO - Started process (PID=7141) to work on /home/airflow/.local/lib/python3.8/site-packages/airflow/example_dags/example_trigger_target_dag.py
[2024-03-27T00:21:10.005+0000] {processor.py:830} INFO - Processing file /home/airflow/.local/lib/python3.8/site-packages/airflow/example_dags/example_trigger_target_dag.py for tasks to queue
[2024-03-27T00:21:10.006+0000] {logging_mixin.py:188} INFO - [2024-03-27T00:21:10.005+0000] {dagbag.py:540} INFO - Filling up the DagBag from /home/airflow/.local/lib/python3.8/site-packages/airflow/example_dags/example_trigger_target_dag.py
[2024-03-27T00:21:10.009+0000] {processor.py:840} INFO - DAG(s) 'example_trigger_target_dag' retrieved from /home/airflow/.local/lib/python3.8/site-packages/airflow/example_dags/example_trigger_target_dag.py
[2024-03-27T00:21:10.020+0000] {logging_mixin.py:188} INFO - [2024-03-27T00:21:10.020+0000] {dag.py:3047} INFO - Sync 1 DAGs
[2024-03-27T00:21:10.025+0000] {logging_mixin.py:188} INFO - [2024-03-27T00:21:10.025+0000] {dag.py:3834} INFO - Setting next_dagrun for example_trigger_target_dag to None, run_after=None
[2024-03-27T00:21:10.034+0000] {processor.py:183} INFO - Processing /home/airflow/.local/lib/python3.8/site-packages/airflow/example_dags/example_trigger_target_dag.py took 0.033 seconds
[2024-03-27T00:21:40.675+0000] {processor.py:161} INFO - Started process (PID=7196) to work on /home/airflow/.local/lib/python3.8/site-packages/airflow/example_dags/example_trigger_target_dag.py
[2024-03-27T00:21:40.676+0000] {processor.py:830} INFO - Processing file /home/airflow/.local/lib/python3.8/site-packages/airflow/example_dags/example_trigger_target_dag.py for tasks to queue
[2024-03-27T00:21:40.677+0000] {logging_mixin.py:188} INFO - [2024-03-27T00:21:40.677+0000] {dagbag.py:540} INFO - Filling up the DagBag from /home/airflow/.local/lib/python3.8/site-packages/airflow/example_dags/example_trigger_target_dag.py
[2024-03-27T00:21:40.680+0000] {processor.py:840} INFO - DAG(s) 'example_trigger_target_dag' retrieved from /home/airflow/.local/lib/python3.8/site-packages/airflow/example_dags/example_trigger_target_dag.py
[2024-03-27T00:21:40.690+0000] {logging_mixin.py:188} INFO - [2024-03-27T00:21:40.690+0000] {dag.py:3047} INFO - Sync 1 DAGs
[2024-03-27T00:21:40.696+0000] {logging_mixin.py:188} INFO - [2024-03-27T00:21:40.696+0000] {dag.py:3834} INFO - Setting next_dagrun for example_trigger_target_dag to None, run_after=None
[2024-03-27T00:21:40.705+0000] {processor.py:183} INFO - Processing /home/airflow/.local/lib/python3.8/site-packages/airflow/example_dags/example_trigger_target_dag.py took 0.031 seconds
[2024-03-27T00:22:11.337+0000] {processor.py:161} INFO - Started process (PID=7251) to work on /home/airflow/.local/lib/python3.8/site-packages/airflow/example_dags/example_trigger_target_dag.py
[2024-03-27T00:22:11.338+0000] {processor.py:830} INFO - Processing file /home/airflow/.local/lib/python3.8/site-packages/airflow/example_dags/example_trigger_target_dag.py for tasks to queue
[2024-03-27T00:22:11.338+0000] {logging_mixin.py:188} INFO - [2024-03-27T00:22:11.338+0000] {dagbag.py:540} INFO - Filling up the DagBag from /home/airflow/.local/lib/python3.8/site-packages/airflow/example_dags/example_trigger_target_dag.py
[2024-03-27T00:22:11.341+0000] {processor.py:840} INFO - DAG(s) 'example_trigger_target_dag' retrieved from /home/airflow/.local/lib/python3.8/site-packages/airflow/example_dags/example_trigger_target_dag.py
[2024-03-27T00:22:11.350+0000] {logging_mixin.py:188} INFO - [2024-03-27T00:22:11.350+0000] {dag.py:3047} INFO - Sync 1 DAGs
[2024-03-27T00:22:11.356+0000] {logging_mixin.py:188} INFO - [2024-03-27T00:22:11.356+0000] {dag.py:3834} INFO - Setting next_dagrun for example_trigger_target_dag to None, run_after=None
[2024-03-27T00:22:11.365+0000] {processor.py:183} INFO - Processing /home/airflow/.local/lib/python3.8/site-packages/airflow/example_dags/example_trigger_target_dag.py took 0.030 seconds
[2024-03-27T00:22:42.057+0000] {processor.py:161} INFO - Started process (PID=7306) to work on /home/airflow/.local/lib/python3.8/site-packages/airflow/example_dags/example_trigger_target_dag.py
[2024-03-27T00:22:42.058+0000] {processor.py:830} INFO - Processing file /home/airflow/.local/lib/python3.8/site-packages/airflow/example_dags/example_trigger_target_dag.py for tasks to queue
[2024-03-27T00:22:42.059+0000] {logging_mixin.py:188} INFO - [2024-03-27T00:22:42.059+0000] {dagbag.py:540} INFO - Filling up the DagBag from /home/airflow/.local/lib/python3.8/site-packages/airflow/example_dags/example_trigger_target_dag.py
[2024-03-27T00:22:42.062+0000] {processor.py:840} INFO - DAG(s) 'example_trigger_target_dag' retrieved from /home/airflow/.local/lib/python3.8/site-packages/airflow/example_dags/example_trigger_target_dag.py
[2024-03-27T00:22:42.072+0000] {logging_mixin.py:188} INFO - [2024-03-27T00:22:42.072+0000] {dag.py:3047} INFO - Sync 1 DAGs
[2024-03-27T00:22:42.078+0000] {logging_mixin.py:188} INFO - [2024-03-27T00:22:42.078+0000] {dag.py:3834} INFO - Setting next_dagrun for example_trigger_target_dag to None, run_after=None
[2024-03-27T00:22:42.087+0000] {processor.py:183} INFO - Processing /home/airflow/.local/lib/python3.8/site-packages/airflow/example_dags/example_trigger_target_dag.py took 0.031 seconds
[2024-03-27T00:23:12.739+0000] {processor.py:161} INFO - Started process (PID=7361) to work on /home/airflow/.local/lib/python3.8/site-packages/airflow/example_dags/example_trigger_target_dag.py
[2024-03-27T00:23:12.740+0000] {processor.py:830} INFO - Processing file /home/airflow/.local/lib/python3.8/site-packages/airflow/example_dags/example_trigger_target_dag.py for tasks to queue
[2024-03-27T00:23:12.741+0000] {logging_mixin.py:188} INFO - [2024-03-27T00:23:12.741+0000] {dagbag.py:540} INFO - Filling up the DagBag from /home/airflow/.local/lib/python3.8/site-packages/airflow/example_dags/example_trigger_target_dag.py
[2024-03-27T00:23:12.744+0000] {processor.py:840} INFO - DAG(s) 'example_trigger_target_dag' retrieved from /home/airflow/.local/lib/python3.8/site-packages/airflow/example_dags/example_trigger_target_dag.py
[2024-03-27T00:23:12.754+0000] {logging_mixin.py:188} INFO - [2024-03-27T00:23:12.754+0000] {dag.py:3047} INFO - Sync 1 DAGs
[2024-03-27T00:23:12.760+0000] {logging_mixin.py:188} INFO - [2024-03-27T00:23:12.759+0000] {dag.py:3834} INFO - Setting next_dagrun for example_trigger_target_dag to None, run_after=None
[2024-03-27T00:23:12.768+0000] {processor.py:183} INFO - Processing /home/airflow/.local/lib/python3.8/site-packages/airflow/example_dags/example_trigger_target_dag.py took 0.031 seconds
[2024-03-27T00:23:43.417+0000] {processor.py:161} INFO - Started process (PID=7416) to work on /home/airflow/.local/lib/python3.8/site-packages/airflow/example_dags/example_trigger_target_dag.py
[2024-03-27T00:23:43.418+0000] {processor.py:830} INFO - Processing file /home/airflow/.local/lib/python3.8/site-packages/airflow/example_dags/example_trigger_target_dag.py for tasks to queue
[2024-03-27T00:23:43.419+0000] {logging_mixin.py:188} INFO - [2024-03-27T00:23:43.419+0000] {dagbag.py:540} INFO - Filling up the DagBag from /home/airflow/.local/lib/python3.8/site-packages/airflow/example_dags/example_trigger_target_dag.py
[2024-03-27T00:23:43.422+0000] {processor.py:840} INFO - DAG(s) 'example_trigger_target_dag' retrieved from /home/airflow/.local/lib/python3.8/site-packages/airflow/example_dags/example_trigger_target_dag.py
[2024-03-27T00:23:43.432+0000] {logging_mixin.py:188} INFO - [2024-03-27T00:23:43.432+0000] {dag.py:3047} INFO - Sync 1 DAGs
[2024-03-27T00:23:43.438+0000] {logging_mixin.py:188} INFO - [2024-03-27T00:23:43.438+0000] {dag.py:3834} INFO - Setting next_dagrun for example_trigger_target_dag to None, run_after=None
[2024-03-27T00:23:43.447+0000] {processor.py:183} INFO - Processing /home/airflow/.local/lib/python3.8/site-packages/airflow/example_dags/example_trigger_target_dag.py took 0.031 seconds
[2024-03-27T00:24:14.062+0000] {processor.py:161} INFO - Started process (PID=7471) to work on /home/airflow/.local/lib/python3.8/site-packages/airflow/example_dags/example_trigger_target_dag.py
[2024-03-27T00:24:14.063+0000] {processor.py:830} INFO - Processing file /home/airflow/.local/lib/python3.8/site-packages/airflow/example_dags/example_trigger_target_dag.py for tasks to queue
[2024-03-27T00:24:14.064+0000] {logging_mixin.py:188} INFO - [2024-03-27T00:24:14.063+0000] {dagbag.py:540} INFO - Filling up the DagBag from /home/airflow/.local/lib/python3.8/site-packages/airflow/example_dags/example_trigger_target_dag.py
[2024-03-27T00:24:14.066+0000] {processor.py:840} INFO - DAG(s) 'example_trigger_target_dag' retrieved from /home/airflow/.local/lib/python3.8/site-packages/airflow/example_dags/example_trigger_target_dag.py
[2024-03-27T00:24:14.076+0000] {logging_mixin.py:188} INFO - [2024-03-27T00:24:14.076+0000] {dag.py:3047} INFO - Sync 1 DAGs
[2024-03-27T00:24:14.082+0000] {logging_mixin.py:188} INFO - [2024-03-27T00:24:14.082+0000] {dag.py:3834} INFO - Setting next_dagrun for example_trigger_target_dag to None, run_after=None
[2024-03-27T00:24:14.091+0000] {processor.py:183} INFO - Processing /home/airflow/.local/lib/python3.8/site-packages/airflow/example_dags/example_trigger_target_dag.py took 0.030 seconds
[2024-03-27T00:24:45.022+0000] {processor.py:161} INFO - Started process (PID=7526) to work on /home/airflow/.local/lib/python3.8/site-packages/airflow/example_dags/example_trigger_target_dag.py
[2024-03-27T00:24:45.023+0000] {processor.py:830} INFO - Processing file /home/airflow/.local/lib/python3.8/site-packages/airflow/example_dags/example_trigger_target_dag.py for tasks to queue
[2024-03-27T00:24:45.024+0000] {logging_mixin.py:188} INFO - [2024-03-27T00:24:45.024+0000] {dagbag.py:540} INFO - Filling up the DagBag from /home/airflow/.local/lib/python3.8/site-packages/airflow/example_dags/example_trigger_target_dag.py
[2024-03-27T00:24:45.027+0000] {processor.py:840} INFO - DAG(s) 'example_trigger_target_dag' retrieved from /home/airflow/.local/lib/python3.8/site-packages/airflow/example_dags/example_trigger_target_dag.py
[2024-03-27T00:24:45.037+0000] {logging_mixin.py:188} INFO - [2024-03-27T00:24:45.037+0000] {dag.py:3047} INFO - Sync 1 DAGs
[2024-03-27T00:24:45.043+0000] {logging_mixin.py:188} INFO - [2024-03-27T00:24:45.043+0000] {dag.py:3834} INFO - Setting next_dagrun for example_trigger_target_dag to None, run_after=None
[2024-03-27T00:24:45.052+0000] {processor.py:183} INFO - Processing /home/airflow/.local/lib/python3.8/site-packages/airflow/example_dags/example_trigger_target_dag.py took 0.032 seconds
[2024-03-27T00:31:01.865+0000] {processor.py:161} INFO - Started process (PID=7581) to work on /home/airflow/.local/lib/python3.8/site-packages/airflow/example_dags/example_trigger_target_dag.py
[2024-03-27T00:31:01.867+0000] {processor.py:830} INFO - Processing file /home/airflow/.local/lib/python3.8/site-packages/airflow/example_dags/example_trigger_target_dag.py for tasks to queue
[2024-03-27T00:31:01.872+0000] {logging_mixin.py:188} INFO - [2024-03-27T00:31:01.871+0000] {dagbag.py:540} INFO - Filling up the DagBag from /home/airflow/.local/lib/python3.8/site-packages/airflow/example_dags/example_trigger_target_dag.py
[2024-03-27T00:31:01.884+0000] {processor.py:840} INFO - DAG(s) 'example_trigger_target_dag' retrieved from /home/airflow/.local/lib/python3.8/site-packages/airflow/example_dags/example_trigger_target_dag.py
[2024-03-27T00:31:01.911+0000] {logging_mixin.py:188} INFO - [2024-03-27T00:31:01.911+0000] {dag.py:3047} INFO - Sync 1 DAGs
[2024-03-27T00:31:01.921+0000] {logging_mixin.py:188} INFO - [2024-03-27T00:31:01.921+0000] {dag.py:3834} INFO - Setting next_dagrun for example_trigger_target_dag to None, run_after=None
[2024-03-27T00:31:01.966+0000] {processor.py:183} INFO - Processing /home/airflow/.local/lib/python3.8/site-packages/airflow/example_dags/example_trigger_target_dag.py took 0.104 seconds
[2024-03-27T00:34:02.567+0000] {processor.py:161} INFO - Started process (PID=7636) to work on /home/airflow/.local/lib/python3.8/site-packages/airflow/example_dags/example_trigger_target_dag.py
[2024-03-27T00:34:02.568+0000] {processor.py:830} INFO - Processing file /home/airflow/.local/lib/python3.8/site-packages/airflow/example_dags/example_trigger_target_dag.py for tasks to queue
[2024-03-27T00:34:02.569+0000] {logging_mixin.py:188} INFO - [2024-03-27T00:34:02.569+0000] {dagbag.py:540} INFO - Filling up the DagBag from /home/airflow/.local/lib/python3.8/site-packages/airflow/example_dags/example_trigger_target_dag.py
[2024-03-27T00:34:02.572+0000] {processor.py:840} INFO - DAG(s) 'example_trigger_target_dag' retrieved from /home/airflow/.local/lib/python3.8/site-packages/airflow/example_dags/example_trigger_target_dag.py
[2024-03-27T00:34:02.586+0000] {logging_mixin.py:188} INFO - [2024-03-27T00:34:02.585+0000] {dag.py:3047} INFO - Sync 1 DAGs
[2024-03-27T00:34:02.592+0000] {logging_mixin.py:188} INFO - [2024-03-27T00:34:02.592+0000] {dag.py:3834} INFO - Setting next_dagrun for example_trigger_target_dag to None, run_after=None
[2024-03-27T00:34:02.601+0000] {processor.py:183} INFO - Processing /home/airflow/.local/lib/python3.8/site-packages/airflow/example_dags/example_trigger_target_dag.py took 0.036 seconds
[2024-03-27T00:40:15.992+0000] {processor.py:161} INFO - Started process (PID=7691) to work on /home/airflow/.local/lib/python3.8/site-packages/airflow/example_dags/example_trigger_target_dag.py
[2024-03-27T00:40:15.992+0000] {processor.py:830} INFO - Processing file /home/airflow/.local/lib/python3.8/site-packages/airflow/example_dags/example_trigger_target_dag.py for tasks to queue
[2024-03-27T00:40:15.993+0000] {logging_mixin.py:188} INFO - [2024-03-27T00:40:15.993+0000] {dagbag.py:540} INFO - Filling up the DagBag from /home/airflow/.local/lib/python3.8/site-packages/airflow/example_dags/example_trigger_target_dag.py
[2024-03-27T00:40:15.997+0000] {processor.py:840} INFO - DAG(s) 'example_trigger_target_dag' retrieved from /home/airflow/.local/lib/python3.8/site-packages/airflow/example_dags/example_trigger_target_dag.py
[2024-03-27T00:40:16.007+0000] {logging_mixin.py:188} INFO - [2024-03-27T00:40:16.006+0000] {dag.py:3047} INFO - Sync 1 DAGs
[2024-03-27T00:40:16.012+0000] {logging_mixin.py:188} INFO - [2024-03-27T00:40:16.012+0000] {dag.py:3834} INFO - Setting next_dagrun for example_trigger_target_dag to None, run_after=None
[2024-03-27T00:40:16.022+0000] {processor.py:183} INFO - Processing /home/airflow/.local/lib/python3.8/site-packages/airflow/example_dags/example_trigger_target_dag.py took 0.032 seconds
[2024-03-27T00:41:12.983+0000] {processor.py:161} INFO - Started process (PID=7746) to work on /home/airflow/.local/lib/python3.8/site-packages/airflow/example_dags/example_trigger_target_dag.py
[2024-03-27T00:41:12.984+0000] {processor.py:830} INFO - Processing file /home/airflow/.local/lib/python3.8/site-packages/airflow/example_dags/example_trigger_target_dag.py for tasks to queue
[2024-03-27T00:41:12.985+0000] {logging_mixin.py:188} INFO - [2024-03-27T00:41:12.985+0000] {dagbag.py:540} INFO - Filling up the DagBag from /home/airflow/.local/lib/python3.8/site-packages/airflow/example_dags/example_trigger_target_dag.py
[2024-03-27T00:41:12.988+0000] {processor.py:840} INFO - DAG(s) 'example_trigger_target_dag' retrieved from /home/airflow/.local/lib/python3.8/site-packages/airflow/example_dags/example_trigger_target_dag.py
[2024-03-27T00:41:12.998+0000] {logging_mixin.py:188} INFO - [2024-03-27T00:41:12.998+0000] {dag.py:3047} INFO - Sync 1 DAGs
[2024-03-27T00:41:13.004+0000] {logging_mixin.py:188} INFO - [2024-03-27T00:41:13.004+0000] {dag.py:3834} INFO - Setting next_dagrun for example_trigger_target_dag to None, run_after=None
[2024-03-27T00:41:13.013+0000] {processor.py:183} INFO - Processing /home/airflow/.local/lib/python3.8/site-packages/airflow/example_dags/example_trigger_target_dag.py took 0.031 seconds
[2024-03-27T00:42:55.658+0000] {processor.py:161} INFO - Started process (PID=7801) to work on /home/airflow/.local/lib/python3.8/site-packages/airflow/example_dags/example_trigger_target_dag.py
[2024-03-27T00:42:55.659+0000] {processor.py:830} INFO - Processing file /home/airflow/.local/lib/python3.8/site-packages/airflow/example_dags/example_trigger_target_dag.py for tasks to queue
[2024-03-27T00:42:55.660+0000] {logging_mixin.py:188} INFO - [2024-03-27T00:42:55.659+0000] {dagbag.py:540} INFO - Filling up the DagBag from /home/airflow/.local/lib/python3.8/site-packages/airflow/example_dags/example_trigger_target_dag.py
[2024-03-27T00:42:55.663+0000] {processor.py:840} INFO - DAG(s) 'example_trigger_target_dag' retrieved from /home/airflow/.local/lib/python3.8/site-packages/airflow/example_dags/example_trigger_target_dag.py
[2024-03-27T00:42:55.673+0000] {logging_mixin.py:188} INFO - [2024-03-27T00:42:55.673+0000] {dag.py:3047} INFO - Sync 1 DAGs
[2024-03-27T00:42:55.679+0000] {logging_mixin.py:188} INFO - [2024-03-27T00:42:55.679+0000] {dag.py:3834} INFO - Setting next_dagrun for example_trigger_target_dag to None, run_after=None
[2024-03-27T00:42:55.688+0000] {processor.py:183} INFO - Processing /home/airflow/.local/lib/python3.8/site-packages/airflow/example_dags/example_trigger_target_dag.py took 0.032 seconds
[2024-03-27T00:45:41.745+0000] {processor.py:161} INFO - Started process (PID=7856) to work on /home/airflow/.local/lib/python3.8/site-packages/airflow/example_dags/example_trigger_target_dag.py
[2024-03-27T00:45:41.746+0000] {processor.py:830} INFO - Processing file /home/airflow/.local/lib/python3.8/site-packages/airflow/example_dags/example_trigger_target_dag.py for tasks to queue
[2024-03-27T00:45:41.749+0000] {logging_mixin.py:188} INFO - [2024-03-27T00:45:41.749+0000] {dagbag.py:540} INFO - Filling up the DagBag from /home/airflow/.local/lib/python3.8/site-packages/airflow/example_dags/example_trigger_target_dag.py
[2024-03-27T00:45:41.758+0000] {processor.py:840} INFO - DAG(s) 'example_trigger_target_dag' retrieved from /home/airflow/.local/lib/python3.8/site-packages/airflow/example_dags/example_trigger_target_dag.py
[2024-03-27T00:45:41.787+0000] {logging_mixin.py:188} INFO - [2024-03-27T00:45:41.786+0000] {dag.py:3047} INFO - Sync 1 DAGs
[2024-03-27T00:45:41.803+0000] {logging_mixin.py:188} INFO - [2024-03-27T00:45:41.803+0000] {dag.py:3834} INFO - Setting next_dagrun for example_trigger_target_dag to None, run_after=None
[2024-03-27T00:45:41.837+0000] {processor.py:183} INFO - Processing /home/airflow/.local/lib/python3.8/site-packages/airflow/example_dags/example_trigger_target_dag.py took 0.098 seconds
[2024-03-27T00:49:38.792+0000] {processor.py:161} INFO - Started process (PID=7911) to work on /home/airflow/.local/lib/python3.8/site-packages/airflow/example_dags/example_trigger_target_dag.py
[2024-03-27T00:49:38.793+0000] {processor.py:830} INFO - Processing file /home/airflow/.local/lib/python3.8/site-packages/airflow/example_dags/example_trigger_target_dag.py for tasks to queue
[2024-03-27T00:49:38.797+0000] {logging_mixin.py:188} INFO - [2024-03-27T00:49:38.796+0000] {dagbag.py:540} INFO - Filling up the DagBag from /home/airflow/.local/lib/python3.8/site-packages/airflow/example_dags/example_trigger_target_dag.py
[2024-03-27T00:49:38.806+0000] {processor.py:840} INFO - DAG(s) 'example_trigger_target_dag' retrieved from /home/airflow/.local/lib/python3.8/site-packages/airflow/example_dags/example_trigger_target_dag.py
[2024-03-27T00:49:38.835+0000] {logging_mixin.py:188} INFO - [2024-03-27T00:49:38.834+0000] {dag.py:3047} INFO - Sync 1 DAGs
[2024-03-27T00:49:38.849+0000] {logging_mixin.py:188} INFO - [2024-03-27T00:49:38.849+0000] {dag.py:3834} INFO - Setting next_dagrun for example_trigger_target_dag to None, run_after=None
[2024-03-27T00:49:38.876+0000] {processor.py:183} INFO - Processing /home/airflow/.local/lib/python3.8/site-packages/airflow/example_dags/example_trigger_target_dag.py took 0.088 seconds
[2024-03-27T00:50:38.059+0000] {processor.py:161} INFO - Started process (PID=7966) to work on /home/airflow/.local/lib/python3.8/site-packages/airflow/example_dags/example_trigger_target_dag.py
[2024-03-27T00:50:38.059+0000] {processor.py:830} INFO - Processing file /home/airflow/.local/lib/python3.8/site-packages/airflow/example_dags/example_trigger_target_dag.py for tasks to queue
[2024-03-27T00:50:38.061+0000] {logging_mixin.py:188} INFO - [2024-03-27T00:50:38.060+0000] {dagbag.py:540} INFO - Filling up the DagBag from /home/airflow/.local/lib/python3.8/site-packages/airflow/example_dags/example_trigger_target_dag.py
[2024-03-27T00:50:38.064+0000] {processor.py:840} INFO - DAG(s) 'example_trigger_target_dag' retrieved from /home/airflow/.local/lib/python3.8/site-packages/airflow/example_dags/example_trigger_target_dag.py
[2024-03-27T00:50:38.074+0000] {logging_mixin.py:188} INFO - [2024-03-27T00:50:38.074+0000] {dag.py:3047} INFO - Sync 1 DAGs
[2024-03-27T00:50:38.080+0000] {logging_mixin.py:188} INFO - [2024-03-27T00:50:38.080+0000] {dag.py:3834} INFO - Setting next_dagrun for example_trigger_target_dag to None, run_after=None
[2024-03-27T00:50:38.088+0000] {processor.py:183} INFO - Processing /home/airflow/.local/lib/python3.8/site-packages/airflow/example_dags/example_trigger_target_dag.py took 0.031 seconds
[2024-03-27T00:51:23.074+0000] {processor.py:161} INFO - Started process (PID=8021) to work on /home/airflow/.local/lib/python3.8/site-packages/airflow/example_dags/example_trigger_target_dag.py
[2024-03-27T00:51:23.074+0000] {processor.py:830} INFO - Processing file /home/airflow/.local/lib/python3.8/site-packages/airflow/example_dags/example_trigger_target_dag.py for tasks to queue
[2024-03-27T00:51:23.075+0000] {logging_mixin.py:188} INFO - [2024-03-27T00:51:23.075+0000] {dagbag.py:540} INFO - Filling up the DagBag from /home/airflow/.local/lib/python3.8/site-packages/airflow/example_dags/example_trigger_target_dag.py
[2024-03-27T00:51:23.078+0000] {processor.py:840} INFO - DAG(s) 'example_trigger_target_dag' retrieved from /home/airflow/.local/lib/python3.8/site-packages/airflow/example_dags/example_trigger_target_dag.py
[2024-03-27T00:51:23.088+0000] {logging_mixin.py:188} INFO - [2024-03-27T00:51:23.088+0000] {dag.py:3047} INFO - Sync 1 DAGs
[2024-03-27T00:51:23.095+0000] {logging_mixin.py:188} INFO - [2024-03-27T00:51:23.094+0000] {dag.py:3834} INFO - Setting next_dagrun for example_trigger_target_dag to None, run_after=None
[2024-03-27T00:51:23.104+0000] {processor.py:183} INFO - Processing /home/airflow/.local/lib/python3.8/site-packages/airflow/example_dags/example_trigger_target_dag.py took 0.032 seconds
[2024-03-27T00:53:00.136+0000] {processor.py:161} INFO - Started process (PID=8076) to work on /home/airflow/.local/lib/python3.8/site-packages/airflow/example_dags/example_trigger_target_dag.py
[2024-03-27T00:53:00.136+0000] {processor.py:830} INFO - Processing file /home/airflow/.local/lib/python3.8/site-packages/airflow/example_dags/example_trigger_target_dag.py for tasks to queue
[2024-03-27T00:53:00.137+0000] {logging_mixin.py:188} INFO - [2024-03-27T00:53:00.137+0000] {dagbag.py:540} INFO - Filling up the DagBag from /home/airflow/.local/lib/python3.8/site-packages/airflow/example_dags/example_trigger_target_dag.py
[2024-03-27T00:53:00.140+0000] {processor.py:840} INFO - DAG(s) 'example_trigger_target_dag' retrieved from /home/airflow/.local/lib/python3.8/site-packages/airflow/example_dags/example_trigger_target_dag.py
[2024-03-27T00:53:00.151+0000] {logging_mixin.py:188} INFO - [2024-03-27T00:53:00.150+0000] {dag.py:3047} INFO - Sync 1 DAGs
[2024-03-27T00:53:00.157+0000] {logging_mixin.py:188} INFO - [2024-03-27T00:53:00.157+0000] {dag.py:3834} INFO - Setting next_dagrun for example_trigger_target_dag to None, run_after=None
[2024-03-27T00:53:00.166+0000] {processor.py:183} INFO - Processing /home/airflow/.local/lib/python3.8/site-packages/airflow/example_dags/example_trigger_target_dag.py took 0.032 seconds
[2024-03-27T00:53:59.779+0000] {processor.py:161} INFO - Started process (PID=8131) to work on /home/airflow/.local/lib/python3.8/site-packages/airflow/example_dags/example_trigger_target_dag.py
[2024-03-27T00:53:59.779+0000] {processor.py:830} INFO - Processing file /home/airflow/.local/lib/python3.8/site-packages/airflow/example_dags/example_trigger_target_dag.py for tasks to queue
[2024-03-27T00:53:59.780+0000] {logging_mixin.py:188} INFO - [2024-03-27T00:53:59.780+0000] {dagbag.py:540} INFO - Filling up the DagBag from /home/airflow/.local/lib/python3.8/site-packages/airflow/example_dags/example_trigger_target_dag.py
[2024-03-27T00:53:59.783+0000] {processor.py:840} INFO - DAG(s) 'example_trigger_target_dag' retrieved from /home/airflow/.local/lib/python3.8/site-packages/airflow/example_dags/example_trigger_target_dag.py
[2024-03-27T00:53:59.794+0000] {logging_mixin.py:188} INFO - [2024-03-27T00:53:59.794+0000] {dag.py:3047} INFO - Sync 1 DAGs
[2024-03-27T00:53:59.800+0000] {logging_mixin.py:188} INFO - [2024-03-27T00:53:59.800+0000] {dag.py:3834} INFO - Setting next_dagrun for example_trigger_target_dag to None, run_after=None
[2024-03-27T00:53:59.809+0000] {processor.py:183} INFO - Processing /home/airflow/.local/lib/python3.8/site-packages/airflow/example_dags/example_trigger_target_dag.py took 0.032 seconds
[2024-03-27T00:54:43.348+0000] {processor.py:161} INFO - Started process (PID=8186) to work on /home/airflow/.local/lib/python3.8/site-packages/airflow/example_dags/example_trigger_target_dag.py
[2024-03-27T00:54:43.349+0000] {processor.py:830} INFO - Processing file /home/airflow/.local/lib/python3.8/site-packages/airflow/example_dags/example_trigger_target_dag.py for tasks to queue
[2024-03-27T00:54:43.350+0000] {logging_mixin.py:188} INFO - [2024-03-27T00:54:43.350+0000] {dagbag.py:540} INFO - Filling up the DagBag from /home/airflow/.local/lib/python3.8/site-packages/airflow/example_dags/example_trigger_target_dag.py
[2024-03-27T00:54:43.353+0000] {processor.py:840} INFO - DAG(s) 'example_trigger_target_dag' retrieved from /home/airflow/.local/lib/python3.8/site-packages/airflow/example_dags/example_trigger_target_dag.py
[2024-03-27T00:54:43.363+0000] {logging_mixin.py:188} INFO - [2024-03-27T00:54:43.363+0000] {dag.py:3047} INFO - Sync 1 DAGs
[2024-03-27T00:54:43.369+0000] {logging_mixin.py:188} INFO - [2024-03-27T00:54:43.369+0000] {dag.py:3834} INFO - Setting next_dagrun for example_trigger_target_dag to None, run_after=None
[2024-03-27T00:54:43.380+0000] {processor.py:183} INFO - Processing /home/airflow/.local/lib/python3.8/site-packages/airflow/example_dags/example_trigger_target_dag.py took 0.033 seconds
[2024-03-27T00:55:16.264+0000] {processor.py:161} INFO - Started process (PID=8241) to work on /home/airflow/.local/lib/python3.8/site-packages/airflow/example_dags/example_trigger_target_dag.py
[2024-03-27T00:55:16.265+0000] {processor.py:830} INFO - Processing file /home/airflow/.local/lib/python3.8/site-packages/airflow/example_dags/example_trigger_target_dag.py for tasks to queue
[2024-03-27T00:55:16.266+0000] {logging_mixin.py:188} INFO - [2024-03-27T00:55:16.266+0000] {dagbag.py:540} INFO - Filling up the DagBag from /home/airflow/.local/lib/python3.8/site-packages/airflow/example_dags/example_trigger_target_dag.py
[2024-03-27T00:55:16.269+0000] {processor.py:840} INFO - DAG(s) 'example_trigger_target_dag' retrieved from /home/airflow/.local/lib/python3.8/site-packages/airflow/example_dags/example_trigger_target_dag.py
[2024-03-27T00:55:16.279+0000] {logging_mixin.py:188} INFO - [2024-03-27T00:55:16.279+0000] {dag.py:3047} INFO - Sync 1 DAGs
[2024-03-27T00:55:16.286+0000] {logging_mixin.py:188} INFO - [2024-03-27T00:55:16.286+0000] {dag.py:3834} INFO - Setting next_dagrun for example_trigger_target_dag to None, run_after=None
[2024-03-27T00:55:16.295+0000] {processor.py:183} INFO - Processing /home/airflow/.local/lib/python3.8/site-packages/airflow/example_dags/example_trigger_target_dag.py took 0.032 seconds
[2024-03-27T00:55:58.435+0000] {processor.py:161} INFO - Started process (PID=8295) to work on /home/airflow/.local/lib/python3.8/site-packages/airflow/example_dags/example_trigger_target_dag.py
[2024-03-27T00:55:58.435+0000] {processor.py:830} INFO - Processing file /home/airflow/.local/lib/python3.8/site-packages/airflow/example_dags/example_trigger_target_dag.py for tasks to queue
[2024-03-27T00:55:58.436+0000] {logging_mixin.py:188} INFO - [2024-03-27T00:55:58.436+0000] {dagbag.py:540} INFO - Filling up the DagBag from /home/airflow/.local/lib/python3.8/site-packages/airflow/example_dags/example_trigger_target_dag.py
[2024-03-27T00:55:58.439+0000] {processor.py:840} INFO - DAG(s) 'example_trigger_target_dag' retrieved from /home/airflow/.local/lib/python3.8/site-packages/airflow/example_dags/example_trigger_target_dag.py
[2024-03-27T00:55:58.449+0000] {logging_mixin.py:188} INFO - [2024-03-27T00:55:58.449+0000] {dag.py:3047} INFO - Sync 1 DAGs
[2024-03-27T00:55:58.456+0000] {logging_mixin.py:188} INFO - [2024-03-27T00:55:58.456+0000] {dag.py:3834} INFO - Setting next_dagrun for example_trigger_target_dag to None, run_after=None
[2024-03-27T00:55:58.465+0000] {processor.py:183} INFO - Processing /home/airflow/.local/lib/python3.8/site-packages/airflow/example_dags/example_trigger_target_dag.py took 0.032 seconds
[2024-03-27T00:58:44.356+0000] {processor.py:161} INFO - Started process (PID=8350) to work on /home/airflow/.local/lib/python3.8/site-packages/airflow/example_dags/example_trigger_target_dag.py
[2024-03-27T00:58:44.357+0000] {processor.py:830} INFO - Processing file /home/airflow/.local/lib/python3.8/site-packages/airflow/example_dags/example_trigger_target_dag.py for tasks to queue
[2024-03-27T00:58:44.358+0000] {logging_mixin.py:188} INFO - [2024-03-27T00:58:44.358+0000] {dagbag.py:540} INFO - Filling up the DagBag from /home/airflow/.local/lib/python3.8/site-packages/airflow/example_dags/example_trigger_target_dag.py
[2024-03-27T00:58:44.361+0000] {processor.py:840} INFO - DAG(s) 'example_trigger_target_dag' retrieved from /home/airflow/.local/lib/python3.8/site-packages/airflow/example_dags/example_trigger_target_dag.py
[2024-03-27T00:58:44.386+0000] {logging_mixin.py:188} INFO - [2024-03-27T00:58:44.385+0000] {dag.py:3047} INFO - Sync 1 DAGs
[2024-03-27T00:58:44.408+0000] {logging_mixin.py:188} INFO - [2024-03-27T00:58:44.407+0000] {dag.py:3834} INFO - Setting next_dagrun for example_trigger_target_dag to None, run_after=None
[2024-03-27T00:58:44.449+0000] {processor.py:183} INFO - Processing /home/airflow/.local/lib/python3.8/site-packages/airflow/example_dags/example_trigger_target_dag.py took 0.095 seconds
[2024-03-27T01:01:13.922+0000] {processor.py:161} INFO - Started process (PID=8405) to work on /home/airflow/.local/lib/python3.8/site-packages/airflow/example_dags/example_trigger_target_dag.py
[2024-03-27T01:01:13.923+0000] {processor.py:830} INFO - Processing file /home/airflow/.local/lib/python3.8/site-packages/airflow/example_dags/example_trigger_target_dag.py for tasks to queue
[2024-03-27T01:01:13.924+0000] {logging_mixin.py:188} INFO - [2024-03-27T01:01:13.924+0000] {dagbag.py:540} INFO - Filling up the DagBag from /home/airflow/.local/lib/python3.8/site-packages/airflow/example_dags/example_trigger_target_dag.py
[2024-03-27T01:01:13.927+0000] {processor.py:840} INFO - DAG(s) 'example_trigger_target_dag' retrieved from /home/airflow/.local/lib/python3.8/site-packages/airflow/example_dags/example_trigger_target_dag.py
[2024-03-27T01:01:13.937+0000] {logging_mixin.py:188} INFO - [2024-03-27T01:01:13.937+0000] {dag.py:3047} INFO - Sync 1 DAGs
[2024-03-27T01:01:13.943+0000] {logging_mixin.py:188} INFO - [2024-03-27T01:01:13.943+0000] {dag.py:3834} INFO - Setting next_dagrun for example_trigger_target_dag to None, run_after=None
[2024-03-27T01:01:13.953+0000] {processor.py:183} INFO - Processing /home/airflow/.local/lib/python3.8/site-packages/airflow/example_dags/example_trigger_target_dag.py took 0.032 seconds
[2024-03-27T01:04:43.365+0000] {processor.py:161} INFO - Started process (PID=8460) to work on /home/airflow/.local/lib/python3.8/site-packages/airflow/example_dags/example_trigger_target_dag.py
[2024-03-27T01:04:43.366+0000] {processor.py:830} INFO - Processing file /home/airflow/.local/lib/python3.8/site-packages/airflow/example_dags/example_trigger_target_dag.py for tasks to queue
[2024-03-27T01:04:43.368+0000] {logging_mixin.py:188} INFO - [2024-03-27T01:04:43.367+0000] {dagbag.py:540} INFO - Filling up the DagBag from /home/airflow/.local/lib/python3.8/site-packages/airflow/example_dags/example_trigger_target_dag.py
[2024-03-27T01:04:43.371+0000] {processor.py:840} INFO - DAG(s) 'example_trigger_target_dag' retrieved from /home/airflow/.local/lib/python3.8/site-packages/airflow/example_dags/example_trigger_target_dag.py
[2024-03-27T01:04:43.381+0000] {logging_mixin.py:188} INFO - [2024-03-27T01:04:43.381+0000] {dag.py:3047} INFO - Sync 1 DAGs
[2024-03-27T01:04:43.387+0000] {logging_mixin.py:188} INFO - [2024-03-27T01:04:43.387+0000] {dag.py:3834} INFO - Setting next_dagrun for example_trigger_target_dag to None, run_after=None
[2024-03-27T01:04:43.396+0000] {processor.py:183} INFO - Processing /home/airflow/.local/lib/python3.8/site-packages/airflow/example_dags/example_trigger_target_dag.py took 0.033 seconds
[2024-03-27T01:08:48.619+0000] {processor.py:161} INFO - Started process (PID=8515) to work on /home/airflow/.local/lib/python3.8/site-packages/airflow/example_dags/example_trigger_target_dag.py
[2024-03-27T01:08:48.619+0000] {processor.py:830} INFO - Processing file /home/airflow/.local/lib/python3.8/site-packages/airflow/example_dags/example_trigger_target_dag.py for tasks to queue
[2024-03-27T01:08:48.620+0000] {logging_mixin.py:188} INFO - [2024-03-27T01:08:48.620+0000] {dagbag.py:540} INFO - Filling up the DagBag from /home/airflow/.local/lib/python3.8/site-packages/airflow/example_dags/example_trigger_target_dag.py
[2024-03-27T01:08:48.623+0000] {processor.py:840} INFO - DAG(s) 'example_trigger_target_dag' retrieved from /home/airflow/.local/lib/python3.8/site-packages/airflow/example_dags/example_trigger_target_dag.py
[2024-03-27T01:08:48.634+0000] {logging_mixin.py:188} INFO - [2024-03-27T01:08:48.633+0000] {dag.py:3047} INFO - Sync 1 DAGs
[2024-03-27T01:08:48.640+0000] {logging_mixin.py:188} INFO - [2024-03-27T01:08:48.640+0000] {dag.py:3834} INFO - Setting next_dagrun for example_trigger_target_dag to None, run_after=None
[2024-03-27T01:08:48.649+0000] {processor.py:183} INFO - Processing /home/airflow/.local/lib/python3.8/site-packages/airflow/example_dags/example_trigger_target_dag.py took 0.032 seconds
[2024-03-27T01:13:47.195+0000] {processor.py:161} INFO - Started process (PID=8570) to work on /home/airflow/.local/lib/python3.8/site-packages/airflow/example_dags/example_trigger_target_dag.py
[2024-03-27T01:13:47.197+0000] {processor.py:830} INFO - Processing file /home/airflow/.local/lib/python3.8/site-packages/airflow/example_dags/example_trigger_target_dag.py for tasks to queue
[2024-03-27T01:13:47.200+0000] {logging_mixin.py:188} INFO - [2024-03-27T01:13:47.200+0000] {dagbag.py:540} INFO - Filling up the DagBag from /home/airflow/.local/lib/python3.8/site-packages/airflow/example_dags/example_trigger_target_dag.py
[2024-03-27T01:13:47.209+0000] {processor.py:840} INFO - DAG(s) 'example_trigger_target_dag' retrieved from /home/airflow/.local/lib/python3.8/site-packages/airflow/example_dags/example_trigger_target_dag.py
[2024-03-27T01:13:47.239+0000] {logging_mixin.py:188} INFO - [2024-03-27T01:13:47.239+0000] {dag.py:3047} INFO - Sync 1 DAGs
[2024-03-27T01:13:47.258+0000] {logging_mixin.py:188} INFO - [2024-03-27T01:13:47.258+0000] {dag.py:3834} INFO - Setting next_dagrun for example_trigger_target_dag to None, run_after=None
[2024-03-27T01:13:47.285+0000] {processor.py:183} INFO - Processing /home/airflow/.local/lib/python3.8/site-packages/airflow/example_dags/example_trigger_target_dag.py took 0.093 seconds
[2024-03-27T01:47:16.160+0000] {processor.py:161} INFO - Started process (PID=8625) to work on /home/airflow/.local/lib/python3.8/site-packages/airflow/example_dags/example_trigger_target_dag.py
[2024-03-27T01:47:16.162+0000] {processor.py:830} INFO - Processing file /home/airflow/.local/lib/python3.8/site-packages/airflow/example_dags/example_trigger_target_dag.py for tasks to queue
[2024-03-27T01:47:16.166+0000] {logging_mixin.py:188} INFO - [2024-03-27T01:47:16.165+0000] {dagbag.py:540} INFO - Filling up the DagBag from /home/airflow/.local/lib/python3.8/site-packages/airflow/example_dags/example_trigger_target_dag.py
[2024-03-27T01:47:16.172+0000] {processor.py:840} INFO - DAG(s) 'example_trigger_target_dag' retrieved from /home/airflow/.local/lib/python3.8/site-packages/airflow/example_dags/example_trigger_target_dag.py
[2024-03-27T01:47:16.200+0000] {logging_mixin.py:188} INFO - [2024-03-27T01:47:16.200+0000] {dag.py:3047} INFO - Sync 1 DAGs
[2024-03-27T01:47:16.215+0000] {logging_mixin.py:188} INFO - [2024-03-27T01:47:16.214+0000] {dag.py:3834} INFO - Setting next_dagrun for example_trigger_target_dag to None, run_after=None
[2024-03-27T01:47:16.245+0000] {processor.py:183} INFO - Processing /home/airflow/.local/lib/python3.8/site-packages/airflow/example_dags/example_trigger_target_dag.py took 0.089 seconds
[2024-03-27T02:30:29.376+0000] {processor.py:161} INFO - Started process (PID=8680) to work on /home/airflow/.local/lib/python3.8/site-packages/airflow/example_dags/example_trigger_target_dag.py
[2024-03-27T02:30:29.377+0000] {processor.py:830} INFO - Processing file /home/airflow/.local/lib/python3.8/site-packages/airflow/example_dags/example_trigger_target_dag.py for tasks to queue
[2024-03-27T02:30:29.378+0000] {logging_mixin.py:188} INFO - [2024-03-27T02:30:29.378+0000] {dagbag.py:540} INFO - Filling up the DagBag from /home/airflow/.local/lib/python3.8/site-packages/airflow/example_dags/example_trigger_target_dag.py
[2024-03-27T02:30:29.382+0000] {processor.py:840} INFO - DAG(s) 'example_trigger_target_dag' retrieved from /home/airflow/.local/lib/python3.8/site-packages/airflow/example_dags/example_trigger_target_dag.py
[2024-03-27T02:30:29.394+0000] {logging_mixin.py:188} INFO - [2024-03-27T02:30:29.394+0000] {dag.py:3047} INFO - Sync 1 DAGs
[2024-03-27T02:30:29.401+0000] {logging_mixin.py:188} INFO - [2024-03-27T02:30:29.400+0000] {dag.py:3834} INFO - Setting next_dagrun for example_trigger_target_dag to None, run_after=None
[2024-03-27T02:30:29.412+0000] {processor.py:183} INFO - Processing /home/airflow/.local/lib/python3.8/site-packages/airflow/example_dags/example_trigger_target_dag.py took 0.039 seconds
[2024-03-27T02:31:20.253+0000] {processor.py:161} INFO - Started process (PID=8735) to work on /home/airflow/.local/lib/python3.8/site-packages/airflow/example_dags/example_trigger_target_dag.py
[2024-03-27T02:31:20.253+0000] {processor.py:830} INFO - Processing file /home/airflow/.local/lib/python3.8/site-packages/airflow/example_dags/example_trigger_target_dag.py for tasks to queue
[2024-03-27T02:31:20.254+0000] {logging_mixin.py:188} INFO - [2024-03-27T02:31:20.254+0000] {dagbag.py:540} INFO - Filling up the DagBag from /home/airflow/.local/lib/python3.8/site-packages/airflow/example_dags/example_trigger_target_dag.py
[2024-03-27T02:31:20.258+0000] {processor.py:840} INFO - DAG(s) 'example_trigger_target_dag' retrieved from /home/airflow/.local/lib/python3.8/site-packages/airflow/example_dags/example_trigger_target_dag.py
[2024-03-27T02:31:20.268+0000] {logging_mixin.py:188} INFO - [2024-03-27T02:31:20.267+0000] {dag.py:3047} INFO - Sync 1 DAGs
[2024-03-27T02:31:20.273+0000] {logging_mixin.py:188} INFO - [2024-03-27T02:31:20.273+0000] {dag.py:3834} INFO - Setting next_dagrun for example_trigger_target_dag to None, run_after=None
[2024-03-27T02:31:20.282+0000] {processor.py:183} INFO - Processing /home/airflow/.local/lib/python3.8/site-packages/airflow/example_dags/example_trigger_target_dag.py took 0.031 seconds
[2024-03-27T02:33:49.158+0000] {processor.py:161} INFO - Started process (PID=8790) to work on /home/airflow/.local/lib/python3.8/site-packages/airflow/example_dags/example_trigger_target_dag.py
[2024-03-27T02:33:49.159+0000] {processor.py:830} INFO - Processing file /home/airflow/.local/lib/python3.8/site-packages/airflow/example_dags/example_trigger_target_dag.py for tasks to queue
[2024-03-27T02:33:49.161+0000] {logging_mixin.py:188} INFO - [2024-03-27T02:33:49.160+0000] {dagbag.py:540} INFO - Filling up the DagBag from /home/airflow/.local/lib/python3.8/site-packages/airflow/example_dags/example_trigger_target_dag.py
[2024-03-27T02:33:49.165+0000] {processor.py:840} INFO - DAG(s) 'example_trigger_target_dag' retrieved from /home/airflow/.local/lib/python3.8/site-packages/airflow/example_dags/example_trigger_target_dag.py
[2024-03-27T02:33:49.179+0000] {logging_mixin.py:188} INFO - [2024-03-27T02:33:49.179+0000] {dag.py:3047} INFO - Sync 1 DAGs
[2024-03-27T02:33:49.186+0000] {logging_mixin.py:188} INFO - [2024-03-27T02:33:49.186+0000] {dag.py:3834} INFO - Setting next_dagrun for example_trigger_target_dag to None, run_after=None
[2024-03-27T02:33:49.195+0000] {processor.py:183} INFO - Processing /home/airflow/.local/lib/python3.8/site-packages/airflow/example_dags/example_trigger_target_dag.py took 0.042 seconds
[2024-03-27T02:49:01.160+0000] {processor.py:161} INFO - Started process (PID=8845) to work on /home/airflow/.local/lib/python3.8/site-packages/airflow/example_dags/example_trigger_target_dag.py
[2024-03-27T02:49:01.161+0000] {processor.py:830} INFO - Processing file /home/airflow/.local/lib/python3.8/site-packages/airflow/example_dags/example_trigger_target_dag.py for tasks to queue
[2024-03-27T02:49:01.162+0000] {logging_mixin.py:188} INFO - [2024-03-27T02:49:01.162+0000] {dagbag.py:540} INFO - Filling up the DagBag from /home/airflow/.local/lib/python3.8/site-packages/airflow/example_dags/example_trigger_target_dag.py
[2024-03-27T02:49:01.166+0000] {processor.py:840} INFO - DAG(s) 'example_trigger_target_dag' retrieved from /home/airflow/.local/lib/python3.8/site-packages/airflow/example_dags/example_trigger_target_dag.py
[2024-03-27T02:49:01.176+0000] {logging_mixin.py:188} INFO - [2024-03-27T02:49:01.176+0000] {dag.py:3047} INFO - Sync 1 DAGs
[2024-03-27T02:49:01.183+0000] {logging_mixin.py:188} INFO - [2024-03-27T02:49:01.183+0000] {dag.py:3834} INFO - Setting next_dagrun for example_trigger_target_dag to None, run_after=None
[2024-03-27T02:49:01.192+0000] {processor.py:183} INFO - Processing /home/airflow/.local/lib/python3.8/site-packages/airflow/example_dags/example_trigger_target_dag.py took 0.034 seconds
[2024-03-27T02:49:31.980+0000] {processor.py:161} INFO - Started process (PID=8900) to work on /home/airflow/.local/lib/python3.8/site-packages/airflow/example_dags/example_trigger_target_dag.py
[2024-03-27T02:49:31.981+0000] {processor.py:830} INFO - Processing file /home/airflow/.local/lib/python3.8/site-packages/airflow/example_dags/example_trigger_target_dag.py for tasks to queue
[2024-03-27T02:49:31.982+0000] {logging_mixin.py:188} INFO - [2024-03-27T02:49:31.982+0000] {dagbag.py:540} INFO - Filling up the DagBag from /home/airflow/.local/lib/python3.8/site-packages/airflow/example_dags/example_trigger_target_dag.py
[2024-03-27T02:49:31.985+0000] {processor.py:840} INFO - DAG(s) 'example_trigger_target_dag' retrieved from /home/airflow/.local/lib/python3.8/site-packages/airflow/example_dags/example_trigger_target_dag.py
[2024-03-27T02:49:31.995+0000] {logging_mixin.py:188} INFO - [2024-03-27T02:49:31.995+0000] {dag.py:3047} INFO - Sync 1 DAGs
[2024-03-27T02:49:32.001+0000] {logging_mixin.py:188} INFO - [2024-03-27T02:49:32.001+0000] {dag.py:3834} INFO - Setting next_dagrun for example_trigger_target_dag to None, run_after=None
[2024-03-27T02:49:32.009+0000] {processor.py:183} INFO - Processing /home/airflow/.local/lib/python3.8/site-packages/airflow/example_dags/example_trigger_target_dag.py took 0.031 seconds
[2024-03-27T02:50:02.768+0000] {processor.py:161} INFO - Started process (PID=8955) to work on /home/airflow/.local/lib/python3.8/site-packages/airflow/example_dags/example_trigger_target_dag.py
[2024-03-27T02:50:02.769+0000] {processor.py:830} INFO - Processing file /home/airflow/.local/lib/python3.8/site-packages/airflow/example_dags/example_trigger_target_dag.py for tasks to queue
[2024-03-27T02:50:02.770+0000] {logging_mixin.py:188} INFO - [2024-03-27T02:50:02.769+0000] {dagbag.py:540} INFO - Filling up the DagBag from /home/airflow/.local/lib/python3.8/site-packages/airflow/example_dags/example_trigger_target_dag.py
[2024-03-27T02:50:02.773+0000] {processor.py:840} INFO - DAG(s) 'example_trigger_target_dag' retrieved from /home/airflow/.local/lib/python3.8/site-packages/airflow/example_dags/example_trigger_target_dag.py
[2024-03-27T02:50:02.783+0000] {logging_mixin.py:188} INFO - [2024-03-27T02:50:02.783+0000] {dag.py:3047} INFO - Sync 1 DAGs
[2024-03-27T02:50:02.789+0000] {logging_mixin.py:188} INFO - [2024-03-27T02:50:02.789+0000] {dag.py:3834} INFO - Setting next_dagrun for example_trigger_target_dag to None, run_after=None
[2024-03-27T02:50:02.798+0000] {processor.py:183} INFO - Processing /home/airflow/.local/lib/python3.8/site-packages/airflow/example_dags/example_trigger_target_dag.py took 0.032 seconds
[2024-03-27T02:50:33.667+0000] {processor.py:161} INFO - Started process (PID=9010) to work on /home/airflow/.local/lib/python3.8/site-packages/airflow/example_dags/example_trigger_target_dag.py
[2024-03-27T02:50:33.668+0000] {processor.py:830} INFO - Processing file /home/airflow/.local/lib/python3.8/site-packages/airflow/example_dags/example_trigger_target_dag.py for tasks to queue
[2024-03-27T02:50:33.669+0000] {logging_mixin.py:188} INFO - [2024-03-27T02:50:33.669+0000] {dagbag.py:540} INFO - Filling up the DagBag from /home/airflow/.local/lib/python3.8/site-packages/airflow/example_dags/example_trigger_target_dag.py
[2024-03-27T02:50:33.672+0000] {processor.py:840} INFO - DAG(s) 'example_trigger_target_dag' retrieved from /home/airflow/.local/lib/python3.8/site-packages/airflow/example_dags/example_trigger_target_dag.py
[2024-03-27T02:50:33.683+0000] {logging_mixin.py:188} INFO - [2024-03-27T02:50:33.682+0000] {dag.py:3047} INFO - Sync 1 DAGs
[2024-03-27T02:50:33.689+0000] {logging_mixin.py:188} INFO - [2024-03-27T02:50:33.689+0000] {dag.py:3834} INFO - Setting next_dagrun for example_trigger_target_dag to None, run_after=None
[2024-03-27T02:50:33.697+0000] {processor.py:183} INFO - Processing /home/airflow/.local/lib/python3.8/site-packages/airflow/example_dags/example_trigger_target_dag.py took 0.032 seconds
[2024-03-27T18:16:31.186+0000] {processor.py:161} INFO - Started process (PID=44) to work on /home/airflow/.local/lib/python3.8/site-packages/airflow/example_dags/example_trigger_target_dag.py
[2024-03-27T18:16:31.192+0000] {processor.py:830} INFO - Processing file /home/airflow/.local/lib/python3.8/site-packages/airflow/example_dags/example_trigger_target_dag.py for tasks to queue
[2024-03-27T18:16:31.197+0000] {logging_mixin.py:188} INFO - [2024-03-27T18:16:31.196+0000] {dagbag.py:540} INFO - Filling up the DagBag from /home/airflow/.local/lib/python3.8/site-packages/airflow/example_dags/example_trigger_target_dag.py
[2024-03-27T18:16:31.214+0000] {processor.py:840} INFO - DAG(s) 'example_trigger_target_dag' retrieved from /home/airflow/.local/lib/python3.8/site-packages/airflow/example_dags/example_trigger_target_dag.py
[2024-03-27T18:16:31.239+0000] {logging_mixin.py:188} INFO - [2024-03-27T18:16:31.239+0000] {dag.py:3047} INFO - Sync 1 DAGs
[2024-03-27T18:16:31.250+0000] {logging_mixin.py:188} INFO - [2024-03-27T18:16:31.250+0000] {dag.py:3834} INFO - Setting next_dagrun for example_trigger_target_dag to None, run_after=None
[2024-03-27T18:16:31.269+0000] {processor.py:183} INFO - Processing /home/airflow/.local/lib/python3.8/site-packages/airflow/example_dags/example_trigger_target_dag.py took 0.090 seconds
