[2024-03-27T00:00:22.431+0000] {processor.py:161} INFO - Started process (PID=5215) to work on /home/airflow/.local/lib/python3.8/site-packages/airflow/example_dags/example_sensors.py
[2024-03-27T00:00:22.431+0000] {processor.py:830} INFO - Processing file /home/airflow/.local/lib/python3.8/site-packages/airflow/example_dags/example_sensors.py for tasks to queue
[2024-03-27T00:00:22.432+0000] {logging_mixin.py:188} INFO - [2024-03-27T00:00:22.432+0000] {dagbag.py:540} INFO - Filling up the DagBag from /home/airflow/.local/lib/python3.8/site-packages/airflow/example_dags/example_sensors.py
[2024-03-27T00:00:22.437+0000] {processor.py:840} INFO - DAG(s) 'example_sensors' retrieved from /home/airflow/.local/lib/python3.8/site-packages/airflow/example_dags/example_sensors.py
[2024-03-27T00:00:22.450+0000] {logging_mixin.py:188} INFO - [2024-03-27T00:00:22.450+0000] {dag.py:3047} INFO - Sync 1 DAGs
[2024-03-27T00:00:22.456+0000] {logging_mixin.py:188} INFO - [2024-03-27T00:00:22.456+0000] {dag.py:3834} INFO - Setting next_dagrun for example_sensors to None, run_after=None
[2024-03-27T00:00:22.465+0000] {processor.py:183} INFO - Processing /home/airflow/.local/lib/python3.8/site-packages/airflow/example_dags/example_sensors.py took 0.036 seconds
[2024-03-27T00:00:53.298+0000] {processor.py:161} INFO - Started process (PID=5270) to work on /home/airflow/.local/lib/python3.8/site-packages/airflow/example_dags/example_sensors.py
[2024-03-27T00:00:53.299+0000] {processor.py:830} INFO - Processing file /home/airflow/.local/lib/python3.8/site-packages/airflow/example_dags/example_sensors.py for tasks to queue
[2024-03-27T00:00:53.301+0000] {logging_mixin.py:188} INFO - [2024-03-27T00:00:53.300+0000] {dagbag.py:540} INFO - Filling up the DagBag from /home/airflow/.local/lib/python3.8/site-packages/airflow/example_dags/example_sensors.py
[2024-03-27T00:00:53.307+0000] {processor.py:840} INFO - DAG(s) 'example_sensors' retrieved from /home/airflow/.local/lib/python3.8/site-packages/airflow/example_dags/example_sensors.py
[2024-03-27T00:00:53.329+0000] {logging_mixin.py:188} INFO - [2024-03-27T00:00:53.329+0000] {dag.py:3047} INFO - Sync 1 DAGs
[2024-03-27T00:00:53.338+0000] {logging_mixin.py:188} INFO - [2024-03-27T00:00:53.338+0000] {dag.py:3834} INFO - Setting next_dagrun for example_sensors to None, run_after=None
[2024-03-27T00:00:53.349+0000] {processor.py:183} INFO - Processing /home/airflow/.local/lib/python3.8/site-packages/airflow/example_dags/example_sensors.py took 0.055 seconds
[2024-03-27T00:01:24.144+0000] {processor.py:161} INFO - Started process (PID=5325) to work on /home/airflow/.local/lib/python3.8/site-packages/airflow/example_dags/example_sensors.py
[2024-03-27T00:01:24.145+0000] {processor.py:830} INFO - Processing file /home/airflow/.local/lib/python3.8/site-packages/airflow/example_dags/example_sensors.py for tasks to queue
[2024-03-27T00:01:24.147+0000] {logging_mixin.py:188} INFO - [2024-03-27T00:01:24.147+0000] {dagbag.py:540} INFO - Filling up the DagBag from /home/airflow/.local/lib/python3.8/site-packages/airflow/example_dags/example_sensors.py
[2024-03-27T00:01:24.154+0000] {processor.py:840} INFO - DAG(s) 'example_sensors' retrieved from /home/airflow/.local/lib/python3.8/site-packages/airflow/example_dags/example_sensors.py
[2024-03-27T00:01:24.171+0000] {logging_mixin.py:188} INFO - [2024-03-27T00:01:24.171+0000] {dag.py:3047} INFO - Sync 1 DAGs
[2024-03-27T00:01:24.178+0000] {logging_mixin.py:188} INFO - [2024-03-27T00:01:24.178+0000] {dag.py:3834} INFO - Setting next_dagrun for example_sensors to None, run_after=None
[2024-03-27T00:01:24.190+0000] {processor.py:183} INFO - Processing /home/airflow/.local/lib/python3.8/site-packages/airflow/example_dags/example_sensors.py took 0.048 seconds
[2024-03-27T00:01:55.139+0000] {processor.py:161} INFO - Started process (PID=5380) to work on /home/airflow/.local/lib/python3.8/site-packages/airflow/example_dags/example_sensors.py
[2024-03-27T00:01:55.139+0000] {processor.py:830} INFO - Processing file /home/airflow/.local/lib/python3.8/site-packages/airflow/example_dags/example_sensors.py for tasks to queue
[2024-03-27T00:01:55.141+0000] {logging_mixin.py:188} INFO - [2024-03-27T00:01:55.141+0000] {dagbag.py:540} INFO - Filling up the DagBag from /home/airflow/.local/lib/python3.8/site-packages/airflow/example_dags/example_sensors.py
[2024-03-27T00:01:55.146+0000] {processor.py:840} INFO - DAG(s) 'example_sensors' retrieved from /home/airflow/.local/lib/python3.8/site-packages/airflow/example_dags/example_sensors.py
[2024-03-27T00:01:55.164+0000] {logging_mixin.py:188} INFO - [2024-03-27T00:01:55.164+0000] {dag.py:3047} INFO - Sync 1 DAGs
[2024-03-27T00:01:55.172+0000] {logging_mixin.py:188} INFO - [2024-03-27T00:01:55.172+0000] {dag.py:3834} INFO - Setting next_dagrun for example_sensors to None, run_after=None
[2024-03-27T00:01:55.184+0000] {processor.py:183} INFO - Processing /home/airflow/.local/lib/python3.8/site-packages/airflow/example_dags/example_sensors.py took 0.048 seconds
[2024-03-27T00:02:25.991+0000] {processor.py:161} INFO - Started process (PID=5435) to work on /home/airflow/.local/lib/python3.8/site-packages/airflow/example_dags/example_sensors.py
[2024-03-27T00:02:25.992+0000] {processor.py:830} INFO - Processing file /home/airflow/.local/lib/python3.8/site-packages/airflow/example_dags/example_sensors.py for tasks to queue
[2024-03-27T00:02:25.993+0000] {logging_mixin.py:188} INFO - [2024-03-27T00:02:25.992+0000] {dagbag.py:540} INFO - Filling up the DagBag from /home/airflow/.local/lib/python3.8/site-packages/airflow/example_dags/example_sensors.py
[2024-03-27T00:02:25.997+0000] {processor.py:840} INFO - DAG(s) 'example_sensors' retrieved from /home/airflow/.local/lib/python3.8/site-packages/airflow/example_dags/example_sensors.py
[2024-03-27T00:02:26.010+0000] {logging_mixin.py:188} INFO - [2024-03-27T00:02:26.010+0000] {dag.py:3047} INFO - Sync 1 DAGs
[2024-03-27T00:02:26.017+0000] {logging_mixin.py:188} INFO - [2024-03-27T00:02:26.017+0000] {dag.py:3834} INFO - Setting next_dagrun for example_sensors to None, run_after=None
[2024-03-27T00:02:26.025+0000] {processor.py:183} INFO - Processing /home/airflow/.local/lib/python3.8/site-packages/airflow/example_dags/example_sensors.py took 0.036 seconds
[2024-03-27T00:02:56.961+0000] {processor.py:161} INFO - Started process (PID=5490) to work on /home/airflow/.local/lib/python3.8/site-packages/airflow/example_dags/example_sensors.py
[2024-03-27T00:02:56.961+0000] {processor.py:830} INFO - Processing file /home/airflow/.local/lib/python3.8/site-packages/airflow/example_dags/example_sensors.py for tasks to queue
[2024-03-27T00:02:56.962+0000] {logging_mixin.py:188} INFO - [2024-03-27T00:02:56.962+0000] {dagbag.py:540} INFO - Filling up the DagBag from /home/airflow/.local/lib/python3.8/site-packages/airflow/example_dags/example_sensors.py
[2024-03-27T00:02:56.967+0000] {processor.py:840} INFO - DAG(s) 'example_sensors' retrieved from /home/airflow/.local/lib/python3.8/site-packages/airflow/example_dags/example_sensors.py
[2024-03-27T00:02:56.982+0000] {logging_mixin.py:188} INFO - [2024-03-27T00:02:56.981+0000] {dag.py:3047} INFO - Sync 1 DAGs
[2024-03-27T00:02:56.988+0000] {logging_mixin.py:188} INFO - [2024-03-27T00:02:56.988+0000] {dag.py:3834} INFO - Setting next_dagrun for example_sensors to None, run_after=None
[2024-03-27T00:02:56.997+0000] {processor.py:183} INFO - Processing /home/airflow/.local/lib/python3.8/site-packages/airflow/example_dags/example_sensors.py took 0.038 seconds
[2024-03-27T00:03:27.293+0000] {processor.py:161} INFO - Started process (PID=5544) to work on /home/airflow/.local/lib/python3.8/site-packages/airflow/example_dags/example_sensors.py
[2024-03-27T00:03:27.294+0000] {processor.py:830} INFO - Processing file /home/airflow/.local/lib/python3.8/site-packages/airflow/example_dags/example_sensors.py for tasks to queue
[2024-03-27T00:03:27.295+0000] {logging_mixin.py:188} INFO - [2024-03-27T00:03:27.295+0000] {dagbag.py:540} INFO - Filling up the DagBag from /home/airflow/.local/lib/python3.8/site-packages/airflow/example_dags/example_sensors.py
[2024-03-27T00:03:27.300+0000] {processor.py:840} INFO - DAG(s) 'example_sensors' retrieved from /home/airflow/.local/lib/python3.8/site-packages/airflow/example_dags/example_sensors.py
[2024-03-27T00:03:27.313+0000] {logging_mixin.py:188} INFO - [2024-03-27T00:03:27.313+0000] {dag.py:3047} INFO - Sync 1 DAGs
[2024-03-27T00:03:27.319+0000] {logging_mixin.py:188} INFO - [2024-03-27T00:03:27.319+0000] {dag.py:3834} INFO - Setting next_dagrun for example_sensors to None, run_after=None
[2024-03-27T00:03:27.327+0000] {processor.py:183} INFO - Processing /home/airflow/.local/lib/python3.8/site-packages/airflow/example_dags/example_sensors.py took 0.036 seconds
[2024-03-27T00:04:02.573+0000] {processor.py:161} INFO - Started process (PID=5599) to work on /home/airflow/.local/lib/python3.8/site-packages/airflow/example_dags/example_sensors.py
[2024-03-27T00:04:02.574+0000] {processor.py:830} INFO - Processing file /home/airflow/.local/lib/python3.8/site-packages/airflow/example_dags/example_sensors.py for tasks to queue
[2024-03-27T00:04:02.575+0000] {logging_mixin.py:188} INFO - [2024-03-27T00:04:02.575+0000] {dagbag.py:540} INFO - Filling up the DagBag from /home/airflow/.local/lib/python3.8/site-packages/airflow/example_dags/example_sensors.py
[2024-03-27T00:04:02.580+0000] {processor.py:840} INFO - DAG(s) 'example_sensors' retrieved from /home/airflow/.local/lib/python3.8/site-packages/airflow/example_dags/example_sensors.py
[2024-03-27T00:04:02.593+0000] {logging_mixin.py:188} INFO - [2024-03-27T00:04:02.593+0000] {dag.py:3047} INFO - Sync 1 DAGs
[2024-03-27T00:04:02.600+0000] {logging_mixin.py:188} INFO - [2024-03-27T00:04:02.600+0000] {dag.py:3834} INFO - Setting next_dagrun for example_sensors to None, run_after=None
[2024-03-27T00:04:02.609+0000] {processor.py:183} INFO - Processing /home/airflow/.local/lib/python3.8/site-packages/airflow/example_dags/example_sensors.py took 0.038 seconds
[2024-03-27T00:04:33.293+0000] {processor.py:161} INFO - Started process (PID=5654) to work on /home/airflow/.local/lib/python3.8/site-packages/airflow/example_dags/example_sensors.py
[2024-03-27T00:04:33.293+0000] {processor.py:830} INFO - Processing file /home/airflow/.local/lib/python3.8/site-packages/airflow/example_dags/example_sensors.py for tasks to queue
[2024-03-27T00:04:33.294+0000] {logging_mixin.py:188} INFO - [2024-03-27T00:04:33.294+0000] {dagbag.py:540} INFO - Filling up the DagBag from /home/airflow/.local/lib/python3.8/site-packages/airflow/example_dags/example_sensors.py
[2024-03-27T00:04:33.299+0000] {processor.py:840} INFO - DAG(s) 'example_sensors' retrieved from /home/airflow/.local/lib/python3.8/site-packages/airflow/example_dags/example_sensors.py
[2024-03-27T00:04:33.312+0000] {logging_mixin.py:188} INFO - [2024-03-27T00:04:33.312+0000] {dag.py:3047} INFO - Sync 1 DAGs
[2024-03-27T00:04:33.318+0000] {logging_mixin.py:188} INFO - [2024-03-27T00:04:33.318+0000] {dag.py:3834} INFO - Setting next_dagrun for example_sensors to None, run_after=None
[2024-03-27T00:04:33.328+0000] {processor.py:183} INFO - Processing /home/airflow/.local/lib/python3.8/site-packages/airflow/example_dags/example_sensors.py took 0.037 seconds
[2024-03-27T00:05:04.007+0000] {processor.py:161} INFO - Started process (PID=5709) to work on /home/airflow/.local/lib/python3.8/site-packages/airflow/example_dags/example_sensors.py
[2024-03-27T00:05:04.007+0000] {processor.py:830} INFO - Processing file /home/airflow/.local/lib/python3.8/site-packages/airflow/example_dags/example_sensors.py for tasks to queue
[2024-03-27T00:05:04.008+0000] {logging_mixin.py:188} INFO - [2024-03-27T00:05:04.008+0000] {dagbag.py:540} INFO - Filling up the DagBag from /home/airflow/.local/lib/python3.8/site-packages/airflow/example_dags/example_sensors.py
[2024-03-27T00:05:04.013+0000] {processor.py:840} INFO - DAG(s) 'example_sensors' retrieved from /home/airflow/.local/lib/python3.8/site-packages/airflow/example_dags/example_sensors.py
[2024-03-27T00:05:04.024+0000] {logging_mixin.py:188} INFO - [2024-03-27T00:05:04.024+0000] {dag.py:3047} INFO - Sync 1 DAGs
[2024-03-27T00:05:04.029+0000] {logging_mixin.py:188} INFO - [2024-03-27T00:05:04.029+0000] {dag.py:3834} INFO - Setting next_dagrun for example_sensors to None, run_after=None
[2024-03-27T00:05:04.038+0000] {processor.py:183} INFO - Processing /home/airflow/.local/lib/python3.8/site-packages/airflow/example_dags/example_sensors.py took 0.033 seconds
[2024-03-27T00:05:34.730+0000] {processor.py:161} INFO - Started process (PID=5764) to work on /home/airflow/.local/lib/python3.8/site-packages/airflow/example_dags/example_sensors.py
[2024-03-27T00:05:34.731+0000] {processor.py:830} INFO - Processing file /home/airflow/.local/lib/python3.8/site-packages/airflow/example_dags/example_sensors.py for tasks to queue
[2024-03-27T00:05:34.732+0000] {logging_mixin.py:188} INFO - [2024-03-27T00:05:34.732+0000] {dagbag.py:540} INFO - Filling up the DagBag from /home/airflow/.local/lib/python3.8/site-packages/airflow/example_dags/example_sensors.py
[2024-03-27T00:05:34.737+0000] {processor.py:840} INFO - DAG(s) 'example_sensors' retrieved from /home/airflow/.local/lib/python3.8/site-packages/airflow/example_dags/example_sensors.py
[2024-03-27T00:05:34.750+0000] {logging_mixin.py:188} INFO - [2024-03-27T00:05:34.749+0000] {dag.py:3047} INFO - Sync 1 DAGs
[2024-03-27T00:05:34.756+0000] {logging_mixin.py:188} INFO - [2024-03-27T00:05:34.756+0000] {dag.py:3834} INFO - Setting next_dagrun for example_sensors to None, run_after=None
[2024-03-27T00:05:34.764+0000] {processor.py:183} INFO - Processing /home/airflow/.local/lib/python3.8/site-packages/airflow/example_dags/example_sensors.py took 0.036 seconds
[2024-03-27T00:06:05.461+0000] {processor.py:161} INFO - Started process (PID=5819) to work on /home/airflow/.local/lib/python3.8/site-packages/airflow/example_dags/example_sensors.py
[2024-03-27T00:06:05.462+0000] {processor.py:830} INFO - Processing file /home/airflow/.local/lib/python3.8/site-packages/airflow/example_dags/example_sensors.py for tasks to queue
[2024-03-27T00:06:05.463+0000] {logging_mixin.py:188} INFO - [2024-03-27T00:06:05.463+0000] {dagbag.py:540} INFO - Filling up the DagBag from /home/airflow/.local/lib/python3.8/site-packages/airflow/example_dags/example_sensors.py
[2024-03-27T00:06:05.468+0000] {processor.py:840} INFO - DAG(s) 'example_sensors' retrieved from /home/airflow/.local/lib/python3.8/site-packages/airflow/example_dags/example_sensors.py
[2024-03-27T00:06:05.481+0000] {logging_mixin.py:188} INFO - [2024-03-27T00:06:05.481+0000] {dag.py:3047} INFO - Sync 1 DAGs
[2024-03-27T00:06:05.488+0000] {logging_mixin.py:188} INFO - [2024-03-27T00:06:05.488+0000] {dag.py:3834} INFO - Setting next_dagrun for example_sensors to None, run_after=None
[2024-03-27T00:06:05.497+0000] {processor.py:183} INFO - Processing /home/airflow/.local/lib/python3.8/site-packages/airflow/example_dags/example_sensors.py took 0.037 seconds
[2024-03-27T00:09:24.655+0000] {processor.py:161} INFO - Started process (PID=5874) to work on /home/airflow/.local/lib/python3.8/site-packages/airflow/example_dags/example_sensors.py
[2024-03-27T00:09:24.656+0000] {processor.py:830} INFO - Processing file /home/airflow/.local/lib/python3.8/site-packages/airflow/example_dags/example_sensors.py for tasks to queue
[2024-03-27T00:09:24.657+0000] {logging_mixin.py:188} INFO - [2024-03-27T00:09:24.657+0000] {dagbag.py:540} INFO - Filling up the DagBag from /home/airflow/.local/lib/python3.8/site-packages/airflow/example_dags/example_sensors.py
[2024-03-27T00:09:24.663+0000] {processor.py:840} INFO - DAG(s) 'example_sensors' retrieved from /home/airflow/.local/lib/python3.8/site-packages/airflow/example_dags/example_sensors.py
[2024-03-27T00:09:24.680+0000] {logging_mixin.py:188} INFO - [2024-03-27T00:09:24.680+0000] {dag.py:3047} INFO - Sync 1 DAGs
[2024-03-27T00:09:24.687+0000] {logging_mixin.py:188} INFO - [2024-03-27T00:09:24.687+0000] {dag.py:3834} INFO - Setting next_dagrun for example_sensors to None, run_after=None
[2024-03-27T00:09:24.696+0000] {processor.py:183} INFO - Processing /home/airflow/.local/lib/python3.8/site-packages/airflow/example_dags/example_sensors.py took 0.044 seconds
[2024-03-27T00:09:55.724+0000] {processor.py:161} INFO - Started process (PID=5928) to work on /home/airflow/.local/lib/python3.8/site-packages/airflow/example_dags/example_sensors.py
[2024-03-27T00:09:55.724+0000] {processor.py:830} INFO - Processing file /home/airflow/.local/lib/python3.8/site-packages/airflow/example_dags/example_sensors.py for tasks to queue
[2024-03-27T00:09:55.725+0000] {logging_mixin.py:188} INFO - [2024-03-27T00:09:55.725+0000] {dagbag.py:540} INFO - Filling up the DagBag from /home/airflow/.local/lib/python3.8/site-packages/airflow/example_dags/example_sensors.py
[2024-03-27T00:09:55.730+0000] {processor.py:840} INFO - DAG(s) 'example_sensors' retrieved from /home/airflow/.local/lib/python3.8/site-packages/airflow/example_dags/example_sensors.py
[2024-03-27T00:09:55.742+0000] {logging_mixin.py:188} INFO - [2024-03-27T00:09:55.742+0000] {dag.py:3047} INFO - Sync 1 DAGs
[2024-03-27T00:09:55.747+0000] {logging_mixin.py:188} INFO - [2024-03-27T00:09:55.747+0000] {dag.py:3834} INFO - Setting next_dagrun for example_sensors to None, run_after=None
[2024-03-27T00:09:55.755+0000] {processor.py:183} INFO - Processing /home/airflow/.local/lib/python3.8/site-packages/airflow/example_dags/example_sensors.py took 0.033 seconds
[2024-03-27T00:10:26.698+0000] {processor.py:161} INFO - Started process (PID=5983) to work on /home/airflow/.local/lib/python3.8/site-packages/airflow/example_dags/example_sensors.py
[2024-03-27T00:10:26.699+0000] {processor.py:830} INFO - Processing file /home/airflow/.local/lib/python3.8/site-packages/airflow/example_dags/example_sensors.py for tasks to queue
[2024-03-27T00:10:26.700+0000] {logging_mixin.py:188} INFO - [2024-03-27T00:10:26.700+0000] {dagbag.py:540} INFO - Filling up the DagBag from /home/airflow/.local/lib/python3.8/site-packages/airflow/example_dags/example_sensors.py
[2024-03-27T00:10:26.704+0000] {processor.py:840} INFO - DAG(s) 'example_sensors' retrieved from /home/airflow/.local/lib/python3.8/site-packages/airflow/example_dags/example_sensors.py
[2024-03-27T00:10:26.716+0000] {logging_mixin.py:188} INFO - [2024-03-27T00:10:26.716+0000] {dag.py:3047} INFO - Sync 1 DAGs
[2024-03-27T00:10:26.722+0000] {logging_mixin.py:188} INFO - [2024-03-27T00:10:26.721+0000] {dag.py:3834} INFO - Setting next_dagrun for example_sensors to None, run_after=None
[2024-03-27T00:10:26.730+0000] {processor.py:183} INFO - Processing /home/airflow/.local/lib/python3.8/site-packages/airflow/example_dags/example_sensors.py took 0.033 seconds
[2024-03-27T00:10:57.627+0000] {processor.py:161} INFO - Started process (PID=6038) to work on /home/airflow/.local/lib/python3.8/site-packages/airflow/example_dags/example_sensors.py
[2024-03-27T00:10:57.628+0000] {processor.py:830} INFO - Processing file /home/airflow/.local/lib/python3.8/site-packages/airflow/example_dags/example_sensors.py for tasks to queue
[2024-03-27T00:10:57.629+0000] {logging_mixin.py:188} INFO - [2024-03-27T00:10:57.628+0000] {dagbag.py:540} INFO - Filling up the DagBag from /home/airflow/.local/lib/python3.8/site-packages/airflow/example_dags/example_sensors.py
[2024-03-27T00:10:57.633+0000] {processor.py:840} INFO - DAG(s) 'example_sensors' retrieved from /home/airflow/.local/lib/python3.8/site-packages/airflow/example_dags/example_sensors.py
[2024-03-27T00:10:57.645+0000] {logging_mixin.py:188} INFO - [2024-03-27T00:10:57.645+0000] {dag.py:3047} INFO - Sync 1 DAGs
[2024-03-27T00:10:57.650+0000] {logging_mixin.py:188} INFO - [2024-03-27T00:10:57.650+0000] {dag.py:3834} INFO - Setting next_dagrun for example_sensors to None, run_after=None
[2024-03-27T00:10:57.658+0000] {processor.py:183} INFO - Processing /home/airflow/.local/lib/python3.8/site-packages/airflow/example_dags/example_sensors.py took 0.032 seconds
[2024-03-27T00:11:28.490+0000] {processor.py:161} INFO - Started process (PID=6092) to work on /home/airflow/.local/lib/python3.8/site-packages/airflow/example_dags/example_sensors.py
[2024-03-27T00:11:28.491+0000] {processor.py:830} INFO - Processing file /home/airflow/.local/lib/python3.8/site-packages/airflow/example_dags/example_sensors.py for tasks to queue
[2024-03-27T00:11:28.492+0000] {logging_mixin.py:188} INFO - [2024-03-27T00:11:28.492+0000] {dagbag.py:540} INFO - Filling up the DagBag from /home/airflow/.local/lib/python3.8/site-packages/airflow/example_dags/example_sensors.py
[2024-03-27T00:11:28.498+0000] {processor.py:840} INFO - DAG(s) 'example_sensors' retrieved from /home/airflow/.local/lib/python3.8/site-packages/airflow/example_dags/example_sensors.py
[2024-03-27T00:11:28.509+0000] {logging_mixin.py:188} INFO - [2024-03-27T00:11:28.509+0000] {dag.py:3047} INFO - Sync 1 DAGs
[2024-03-27T00:11:28.515+0000] {logging_mixin.py:188} INFO - [2024-03-27T00:11:28.515+0000] {dag.py:3834} INFO - Setting next_dagrun for example_sensors to None, run_after=None
[2024-03-27T00:11:28.522+0000] {processor.py:183} INFO - Processing /home/airflow/.local/lib/python3.8/site-packages/airflow/example_dags/example_sensors.py took 0.034 seconds
[2024-03-27T00:11:59.527+0000] {processor.py:161} INFO - Started process (PID=6147) to work on /home/airflow/.local/lib/python3.8/site-packages/airflow/example_dags/example_sensors.py
[2024-03-27T00:11:59.527+0000] {processor.py:830} INFO - Processing file /home/airflow/.local/lib/python3.8/site-packages/airflow/example_dags/example_sensors.py for tasks to queue
[2024-03-27T00:11:59.528+0000] {logging_mixin.py:188} INFO - [2024-03-27T00:11:59.528+0000] {dagbag.py:540} INFO - Filling up the DagBag from /home/airflow/.local/lib/python3.8/site-packages/airflow/example_dags/example_sensors.py
[2024-03-27T00:11:59.533+0000] {processor.py:840} INFO - DAG(s) 'example_sensors' retrieved from /home/airflow/.local/lib/python3.8/site-packages/airflow/example_dags/example_sensors.py
[2024-03-27T00:11:59.544+0000] {logging_mixin.py:188} INFO - [2024-03-27T00:11:59.544+0000] {dag.py:3047} INFO - Sync 1 DAGs
[2024-03-27T00:11:59.550+0000] {logging_mixin.py:188} INFO - [2024-03-27T00:11:59.549+0000] {dag.py:3834} INFO - Setting next_dagrun for example_sensors to None, run_after=None
[2024-03-27T00:11:59.558+0000] {processor.py:183} INFO - Processing /home/airflow/.local/lib/python3.8/site-packages/airflow/example_dags/example_sensors.py took 0.033 seconds
[2024-03-27T00:12:30.362+0000] {processor.py:161} INFO - Started process (PID=6201) to work on /home/airflow/.local/lib/python3.8/site-packages/airflow/example_dags/example_sensors.py
[2024-03-27T00:12:30.363+0000] {processor.py:830} INFO - Processing file /home/airflow/.local/lib/python3.8/site-packages/airflow/example_dags/example_sensors.py for tasks to queue
[2024-03-27T00:12:30.364+0000] {logging_mixin.py:188} INFO - [2024-03-27T00:12:30.364+0000] {dagbag.py:540} INFO - Filling up the DagBag from /home/airflow/.local/lib/python3.8/site-packages/airflow/example_dags/example_sensors.py
[2024-03-27T00:12:30.368+0000] {processor.py:840} INFO - DAG(s) 'example_sensors' retrieved from /home/airflow/.local/lib/python3.8/site-packages/airflow/example_dags/example_sensors.py
[2024-03-27T00:12:30.380+0000] {logging_mixin.py:188} INFO - [2024-03-27T00:12:30.380+0000] {dag.py:3047} INFO - Sync 1 DAGs
[2024-03-27T00:12:30.385+0000] {logging_mixin.py:188} INFO - [2024-03-27T00:12:30.385+0000] {dag.py:3834} INFO - Setting next_dagrun for example_sensors to None, run_after=None
[2024-03-27T00:12:30.393+0000] {processor.py:183} INFO - Processing /home/airflow/.local/lib/python3.8/site-packages/airflow/example_dags/example_sensors.py took 0.032 seconds
[2024-03-27T00:13:01.150+0000] {processor.py:161} INFO - Started process (PID=6256) to work on /home/airflow/.local/lib/python3.8/site-packages/airflow/example_dags/example_sensors.py
[2024-03-27T00:13:01.150+0000] {processor.py:830} INFO - Processing file /home/airflow/.local/lib/python3.8/site-packages/airflow/example_dags/example_sensors.py for tasks to queue
[2024-03-27T00:13:01.151+0000] {logging_mixin.py:188} INFO - [2024-03-27T00:13:01.151+0000] {dagbag.py:540} INFO - Filling up the DagBag from /home/airflow/.local/lib/python3.8/site-packages/airflow/example_dags/example_sensors.py
[2024-03-27T00:13:01.156+0000] {processor.py:840} INFO - DAG(s) 'example_sensors' retrieved from /home/airflow/.local/lib/python3.8/site-packages/airflow/example_dags/example_sensors.py
[2024-03-27T00:13:01.167+0000] {logging_mixin.py:188} INFO - [2024-03-27T00:13:01.167+0000] {dag.py:3047} INFO - Sync 1 DAGs
[2024-03-27T00:13:01.172+0000] {logging_mixin.py:188} INFO - [2024-03-27T00:13:01.172+0000] {dag.py:3834} INFO - Setting next_dagrun for example_sensors to None, run_after=None
[2024-03-27T00:13:01.180+0000] {processor.py:183} INFO - Processing /home/airflow/.local/lib/python3.8/site-packages/airflow/example_dags/example_sensors.py took 0.032 seconds
[2024-03-27T00:13:32.185+0000] {processor.py:161} INFO - Started process (PID=6311) to work on /home/airflow/.local/lib/python3.8/site-packages/airflow/example_dags/example_sensors.py
[2024-03-27T00:13:32.185+0000] {processor.py:830} INFO - Processing file /home/airflow/.local/lib/python3.8/site-packages/airflow/example_dags/example_sensors.py for tasks to queue
[2024-03-27T00:13:32.186+0000] {logging_mixin.py:188} INFO - [2024-03-27T00:13:32.186+0000] {dagbag.py:540} INFO - Filling up the DagBag from /home/airflow/.local/lib/python3.8/site-packages/airflow/example_dags/example_sensors.py
[2024-03-27T00:13:32.191+0000] {processor.py:840} INFO - DAG(s) 'example_sensors' retrieved from /home/airflow/.local/lib/python3.8/site-packages/airflow/example_dags/example_sensors.py
[2024-03-27T00:13:32.202+0000] {logging_mixin.py:188} INFO - [2024-03-27T00:13:32.202+0000] {dag.py:3047} INFO - Sync 1 DAGs
[2024-03-27T00:13:32.208+0000] {logging_mixin.py:188} INFO - [2024-03-27T00:13:32.208+0000] {dag.py:3834} INFO - Setting next_dagrun for example_sensors to None, run_after=None
[2024-03-27T00:13:32.215+0000] {processor.py:183} INFO - Processing /home/airflow/.local/lib/python3.8/site-packages/airflow/example_dags/example_sensors.py took 0.033 seconds
[2024-03-27T00:14:02.515+0000] {processor.py:161} INFO - Started process (PID=6366) to work on /home/airflow/.local/lib/python3.8/site-packages/airflow/example_dags/example_sensors.py
[2024-03-27T00:14:02.516+0000] {processor.py:830} INFO - Processing file /home/airflow/.local/lib/python3.8/site-packages/airflow/example_dags/example_sensors.py for tasks to queue
[2024-03-27T00:14:02.517+0000] {logging_mixin.py:188} INFO - [2024-03-27T00:14:02.517+0000] {dagbag.py:540} INFO - Filling up the DagBag from /home/airflow/.local/lib/python3.8/site-packages/airflow/example_dags/example_sensors.py
[2024-03-27T00:14:02.522+0000] {processor.py:840} INFO - DAG(s) 'example_sensors' retrieved from /home/airflow/.local/lib/python3.8/site-packages/airflow/example_dags/example_sensors.py
[2024-03-27T00:14:02.539+0000] {logging_mixin.py:188} INFO - [2024-03-27T00:14:02.538+0000] {dag.py:3047} INFO - Sync 1 DAGs
[2024-03-27T00:14:02.545+0000] {logging_mixin.py:188} INFO - [2024-03-27T00:14:02.545+0000] {dag.py:3834} INFO - Setting next_dagrun for example_sensors to None, run_after=None
[2024-03-27T00:14:02.554+0000] {processor.py:183} INFO - Processing /home/airflow/.local/lib/python3.8/site-packages/airflow/example_dags/example_sensors.py took 0.040 seconds
[2024-03-27T00:14:32.676+0000] {processor.py:161} INFO - Started process (PID=6421) to work on /home/airflow/.local/lib/python3.8/site-packages/airflow/example_dags/example_sensors.py
[2024-03-27T00:14:32.677+0000] {processor.py:830} INFO - Processing file /home/airflow/.local/lib/python3.8/site-packages/airflow/example_dags/example_sensors.py for tasks to queue
[2024-03-27T00:14:32.678+0000] {logging_mixin.py:188} INFO - [2024-03-27T00:14:32.677+0000] {dagbag.py:540} INFO - Filling up the DagBag from /home/airflow/.local/lib/python3.8/site-packages/airflow/example_dags/example_sensors.py
[2024-03-27T00:14:32.682+0000] {processor.py:840} INFO - DAG(s) 'example_sensors' retrieved from /home/airflow/.local/lib/python3.8/site-packages/airflow/example_dags/example_sensors.py
[2024-03-27T00:14:32.693+0000] {logging_mixin.py:188} INFO - [2024-03-27T00:14:32.693+0000] {dag.py:3047} INFO - Sync 1 DAGs
[2024-03-27T00:14:32.699+0000] {logging_mixin.py:188} INFO - [2024-03-27T00:14:32.699+0000] {dag.py:3834} INFO - Setting next_dagrun for example_sensors to None, run_after=None
[2024-03-27T00:14:32.707+0000] {processor.py:183} INFO - Processing /home/airflow/.local/lib/python3.8/site-packages/airflow/example_dags/example_sensors.py took 0.033 seconds
[2024-03-27T00:15:03.432+0000] {processor.py:161} INFO - Started process (PID=6476) to work on /home/airflow/.local/lib/python3.8/site-packages/airflow/example_dags/example_sensors.py
[2024-03-27T00:15:03.432+0000] {processor.py:830} INFO - Processing file /home/airflow/.local/lib/python3.8/site-packages/airflow/example_dags/example_sensors.py for tasks to queue
[2024-03-27T00:15:03.433+0000] {logging_mixin.py:188} INFO - [2024-03-27T00:15:03.433+0000] {dagbag.py:540} INFO - Filling up the DagBag from /home/airflow/.local/lib/python3.8/site-packages/airflow/example_dags/example_sensors.py
[2024-03-27T00:15:03.438+0000] {processor.py:840} INFO - DAG(s) 'example_sensors' retrieved from /home/airflow/.local/lib/python3.8/site-packages/airflow/example_dags/example_sensors.py
[2024-03-27T00:15:03.450+0000] {logging_mixin.py:188} INFO - [2024-03-27T00:15:03.450+0000] {dag.py:3047} INFO - Sync 1 DAGs
[2024-03-27T00:15:03.455+0000] {logging_mixin.py:188} INFO - [2024-03-27T00:15:03.455+0000] {dag.py:3834} INFO - Setting next_dagrun for example_sensors to None, run_after=None
[2024-03-27T00:15:03.463+0000] {processor.py:183} INFO - Processing /home/airflow/.local/lib/python3.8/site-packages/airflow/example_dags/example_sensors.py took 0.033 seconds
[2024-03-27T00:15:34.264+0000] {processor.py:161} INFO - Started process (PID=6531) to work on /home/airflow/.local/lib/python3.8/site-packages/airflow/example_dags/example_sensors.py
[2024-03-27T00:15:34.264+0000] {processor.py:830} INFO - Processing file /home/airflow/.local/lib/python3.8/site-packages/airflow/example_dags/example_sensors.py for tasks to queue
[2024-03-27T00:15:34.265+0000] {logging_mixin.py:188} INFO - [2024-03-27T00:15:34.265+0000] {dagbag.py:540} INFO - Filling up the DagBag from /home/airflow/.local/lib/python3.8/site-packages/airflow/example_dags/example_sensors.py
[2024-03-27T00:15:34.270+0000] {processor.py:840} INFO - DAG(s) 'example_sensors' retrieved from /home/airflow/.local/lib/python3.8/site-packages/airflow/example_dags/example_sensors.py
[2024-03-27T00:15:34.283+0000] {logging_mixin.py:188} INFO - [2024-03-27T00:15:34.283+0000] {dag.py:3047} INFO - Sync 1 DAGs
[2024-03-27T00:15:34.288+0000] {logging_mixin.py:188} INFO - [2024-03-27T00:15:34.288+0000] {dag.py:3834} INFO - Setting next_dagrun for example_sensors to None, run_after=None
[2024-03-27T00:15:34.297+0000] {processor.py:183} INFO - Processing /home/airflow/.local/lib/python3.8/site-packages/airflow/example_dags/example_sensors.py took 0.035 seconds
[2024-03-27T00:16:04.540+0000] {processor.py:161} INFO - Started process (PID=6586) to work on /home/airflow/.local/lib/python3.8/site-packages/airflow/example_dags/example_sensors.py
[2024-03-27T00:16:04.541+0000] {processor.py:830} INFO - Processing file /home/airflow/.local/lib/python3.8/site-packages/airflow/example_dags/example_sensors.py for tasks to queue
[2024-03-27T00:16:04.542+0000] {logging_mixin.py:188} INFO - [2024-03-27T00:16:04.542+0000] {dagbag.py:540} INFO - Filling up the DagBag from /home/airflow/.local/lib/python3.8/site-packages/airflow/example_dags/example_sensors.py
[2024-03-27T00:16:04.546+0000] {processor.py:840} INFO - DAG(s) 'example_sensors' retrieved from /home/airflow/.local/lib/python3.8/site-packages/airflow/example_dags/example_sensors.py
[2024-03-27T00:16:04.558+0000] {logging_mixin.py:188} INFO - [2024-03-27T00:16:04.558+0000] {dag.py:3047} INFO - Sync 1 DAGs
[2024-03-27T00:16:04.563+0000] {logging_mixin.py:188} INFO - [2024-03-27T00:16:04.563+0000] {dag.py:3834} INFO - Setting next_dagrun for example_sensors to None, run_after=None
[2024-03-27T00:16:04.571+0000] {processor.py:183} INFO - Processing /home/airflow/.local/lib/python3.8/site-packages/airflow/example_dags/example_sensors.py took 0.032 seconds
[2024-03-27T00:16:35.284+0000] {processor.py:161} INFO - Started process (PID=6641) to work on /home/airflow/.local/lib/python3.8/site-packages/airflow/example_dags/example_sensors.py
[2024-03-27T00:16:35.285+0000] {processor.py:830} INFO - Processing file /home/airflow/.local/lib/python3.8/site-packages/airflow/example_dags/example_sensors.py for tasks to queue
[2024-03-27T00:16:35.286+0000] {logging_mixin.py:188} INFO - [2024-03-27T00:16:35.286+0000] {dagbag.py:540} INFO - Filling up the DagBag from /home/airflow/.local/lib/python3.8/site-packages/airflow/example_dags/example_sensors.py
[2024-03-27T00:16:35.291+0000] {processor.py:840} INFO - DAG(s) 'example_sensors' retrieved from /home/airflow/.local/lib/python3.8/site-packages/airflow/example_dags/example_sensors.py
[2024-03-27T00:16:35.305+0000] {logging_mixin.py:188} INFO - [2024-03-27T00:16:35.305+0000] {dag.py:3047} INFO - Sync 1 DAGs
[2024-03-27T00:16:35.310+0000] {logging_mixin.py:188} INFO - [2024-03-27T00:16:35.310+0000] {dag.py:3834} INFO - Setting next_dagrun for example_sensors to None, run_after=None
[2024-03-27T00:16:35.318+0000] {processor.py:183} INFO - Processing /home/airflow/.local/lib/python3.8/site-packages/airflow/example_dags/example_sensors.py took 0.035 seconds
[2024-03-27T00:17:06.050+0000] {processor.py:161} INFO - Started process (PID=6696) to work on /home/airflow/.local/lib/python3.8/site-packages/airflow/example_dags/example_sensors.py
[2024-03-27T00:17:06.051+0000] {processor.py:830} INFO - Processing file /home/airflow/.local/lib/python3.8/site-packages/airflow/example_dags/example_sensors.py for tasks to queue
[2024-03-27T00:17:06.053+0000] {logging_mixin.py:188} INFO - [2024-03-27T00:17:06.053+0000] {dagbag.py:540} INFO - Filling up the DagBag from /home/airflow/.local/lib/python3.8/site-packages/airflow/example_dags/example_sensors.py
[2024-03-27T00:17:06.059+0000] {processor.py:840} INFO - DAG(s) 'example_sensors' retrieved from /home/airflow/.local/lib/python3.8/site-packages/airflow/example_dags/example_sensors.py
[2024-03-27T00:17:06.078+0000] {logging_mixin.py:188} INFO - [2024-03-27T00:17:06.078+0000] {dag.py:3047} INFO - Sync 1 DAGs
[2024-03-27T00:17:06.087+0000] {logging_mixin.py:188} INFO - [2024-03-27T00:17:06.087+0000] {dag.py:3834} INFO - Setting next_dagrun for example_sensors to None, run_after=None
[2024-03-27T00:17:06.102+0000] {processor.py:183} INFO - Processing /home/airflow/.local/lib/python3.8/site-packages/airflow/example_dags/example_sensors.py took 0.056 seconds
[2024-03-27T00:17:36.796+0000] {processor.py:161} INFO - Started process (PID=6751) to work on /home/airflow/.local/lib/python3.8/site-packages/airflow/example_dags/example_sensors.py
[2024-03-27T00:17:36.797+0000] {processor.py:830} INFO - Processing file /home/airflow/.local/lib/python3.8/site-packages/airflow/example_dags/example_sensors.py for tasks to queue
[2024-03-27T00:17:36.798+0000] {logging_mixin.py:188} INFO - [2024-03-27T00:17:36.798+0000] {dagbag.py:540} INFO - Filling up the DagBag from /home/airflow/.local/lib/python3.8/site-packages/airflow/example_dags/example_sensors.py
[2024-03-27T00:17:36.803+0000] {processor.py:840} INFO - DAG(s) 'example_sensors' retrieved from /home/airflow/.local/lib/python3.8/site-packages/airflow/example_dags/example_sensors.py
[2024-03-27T00:17:36.819+0000] {logging_mixin.py:188} INFO - [2024-03-27T00:17:36.818+0000] {dag.py:3047} INFO - Sync 1 DAGs
[2024-03-27T00:17:36.825+0000] {logging_mixin.py:188} INFO - [2024-03-27T00:17:36.825+0000] {dag.py:3834} INFO - Setting next_dagrun for example_sensors to None, run_after=None
[2024-03-27T00:17:36.835+0000] {processor.py:183} INFO - Processing /home/airflow/.local/lib/python3.8/site-packages/airflow/example_dags/example_sensors.py took 0.041 seconds
[2024-03-27T00:18:07.053+0000] {processor.py:161} INFO - Started process (PID=6806) to work on /home/airflow/.local/lib/python3.8/site-packages/airflow/example_dags/example_sensors.py
[2024-03-27T00:18:07.054+0000] {processor.py:830} INFO - Processing file /home/airflow/.local/lib/python3.8/site-packages/airflow/example_dags/example_sensors.py for tasks to queue
[2024-03-27T00:18:07.055+0000] {logging_mixin.py:188} INFO - [2024-03-27T00:18:07.055+0000] {dagbag.py:540} INFO - Filling up the DagBag from /home/airflow/.local/lib/python3.8/site-packages/airflow/example_dags/example_sensors.py
[2024-03-27T00:18:07.059+0000] {processor.py:840} INFO - DAG(s) 'example_sensors' retrieved from /home/airflow/.local/lib/python3.8/site-packages/airflow/example_dags/example_sensors.py
[2024-03-27T00:18:07.071+0000] {logging_mixin.py:188} INFO - [2024-03-27T00:18:07.071+0000] {dag.py:3047} INFO - Sync 1 DAGs
[2024-03-27T00:18:07.076+0000] {logging_mixin.py:188} INFO - [2024-03-27T00:18:07.076+0000] {dag.py:3834} INFO - Setting next_dagrun for example_sensors to None, run_after=None
[2024-03-27T00:18:07.084+0000] {processor.py:183} INFO - Processing /home/airflow/.local/lib/python3.8/site-packages/airflow/example_dags/example_sensors.py took 0.032 seconds
[2024-03-27T00:18:37.219+0000] {processor.py:161} INFO - Started process (PID=6861) to work on /home/airflow/.local/lib/python3.8/site-packages/airflow/example_dags/example_sensors.py
[2024-03-27T00:18:37.220+0000] {processor.py:830} INFO - Processing file /home/airflow/.local/lib/python3.8/site-packages/airflow/example_dags/example_sensors.py for tasks to queue
[2024-03-27T00:18:37.221+0000] {logging_mixin.py:188} INFO - [2024-03-27T00:18:37.220+0000] {dagbag.py:540} INFO - Filling up the DagBag from /home/airflow/.local/lib/python3.8/site-packages/airflow/example_dags/example_sensors.py
[2024-03-27T00:18:37.225+0000] {processor.py:840} INFO - DAG(s) 'example_sensors' retrieved from /home/airflow/.local/lib/python3.8/site-packages/airflow/example_dags/example_sensors.py
[2024-03-27T00:18:37.237+0000] {logging_mixin.py:188} INFO - [2024-03-27T00:18:37.236+0000] {dag.py:3047} INFO - Sync 1 DAGs
[2024-03-27T00:18:37.242+0000] {logging_mixin.py:188} INFO - [2024-03-27T00:18:37.242+0000] {dag.py:3834} INFO - Setting next_dagrun for example_sensors to None, run_after=None
[2024-03-27T00:18:37.250+0000] {processor.py:183} INFO - Processing /home/airflow/.local/lib/python3.8/site-packages/airflow/example_dags/example_sensors.py took 0.032 seconds
[2024-03-27T00:19:07.500+0000] {processor.py:161} INFO - Started process (PID=6916) to work on /home/airflow/.local/lib/python3.8/site-packages/airflow/example_dags/example_sensors.py
[2024-03-27T00:19:07.501+0000] {processor.py:830} INFO - Processing file /home/airflow/.local/lib/python3.8/site-packages/airflow/example_dags/example_sensors.py for tasks to queue
[2024-03-27T00:19:07.502+0000] {logging_mixin.py:188} INFO - [2024-03-27T00:19:07.502+0000] {dagbag.py:540} INFO - Filling up the DagBag from /home/airflow/.local/lib/python3.8/site-packages/airflow/example_dags/example_sensors.py
[2024-03-27T00:19:07.506+0000] {processor.py:840} INFO - DAG(s) 'example_sensors' retrieved from /home/airflow/.local/lib/python3.8/site-packages/airflow/example_dags/example_sensors.py
[2024-03-27T00:19:07.518+0000] {logging_mixin.py:188} INFO - [2024-03-27T00:19:07.517+0000] {dag.py:3047} INFO - Sync 1 DAGs
[2024-03-27T00:19:07.523+0000] {logging_mixin.py:188} INFO - [2024-03-27T00:19:07.523+0000] {dag.py:3834} INFO - Setting next_dagrun for example_sensors to None, run_after=None
[2024-03-27T00:19:07.531+0000] {processor.py:183} INFO - Processing /home/airflow/.local/lib/python3.8/site-packages/airflow/example_dags/example_sensors.py took 0.032 seconds
[2024-03-27T00:19:37.664+0000] {processor.py:161} INFO - Started process (PID=6971) to work on /home/airflow/.local/lib/python3.8/site-packages/airflow/example_dags/example_sensors.py
[2024-03-27T00:19:37.665+0000] {processor.py:830} INFO - Processing file /home/airflow/.local/lib/python3.8/site-packages/airflow/example_dags/example_sensors.py for tasks to queue
[2024-03-27T00:19:37.666+0000] {logging_mixin.py:188} INFO - [2024-03-27T00:19:37.666+0000] {dagbag.py:540} INFO - Filling up the DagBag from /home/airflow/.local/lib/python3.8/site-packages/airflow/example_dags/example_sensors.py
[2024-03-27T00:19:37.676+0000] {processor.py:840} INFO - DAG(s) 'example_sensors' retrieved from /home/airflow/.local/lib/python3.8/site-packages/airflow/example_dags/example_sensors.py
[2024-03-27T00:19:37.688+0000] {logging_mixin.py:188} INFO - [2024-03-27T00:19:37.688+0000] {dag.py:3047} INFO - Sync 1 DAGs
[2024-03-27T00:19:37.693+0000] {logging_mixin.py:188} INFO - [2024-03-27T00:19:37.693+0000] {dag.py:3834} INFO - Setting next_dagrun for example_sensors to None, run_after=None
[2024-03-27T00:19:37.701+0000] {processor.py:183} INFO - Processing /home/airflow/.local/lib/python3.8/site-packages/airflow/example_dags/example_sensors.py took 0.039 seconds
[2024-03-27T00:20:08.552+0000] {processor.py:161} INFO - Started process (PID=7026) to work on /home/airflow/.local/lib/python3.8/site-packages/airflow/example_dags/example_sensors.py
[2024-03-27T00:20:08.553+0000] {processor.py:830} INFO - Processing file /home/airflow/.local/lib/python3.8/site-packages/airflow/example_dags/example_sensors.py for tasks to queue
[2024-03-27T00:20:08.554+0000] {logging_mixin.py:188} INFO - [2024-03-27T00:20:08.554+0000] {dagbag.py:540} INFO - Filling up the DagBag from /home/airflow/.local/lib/python3.8/site-packages/airflow/example_dags/example_sensors.py
[2024-03-27T00:20:08.559+0000] {processor.py:840} INFO - DAG(s) 'example_sensors' retrieved from /home/airflow/.local/lib/python3.8/site-packages/airflow/example_dags/example_sensors.py
[2024-03-27T00:20:08.571+0000] {logging_mixin.py:188} INFO - [2024-03-27T00:20:08.571+0000] {dag.py:3047} INFO - Sync 1 DAGs
[2024-03-27T00:20:08.576+0000] {logging_mixin.py:188} INFO - [2024-03-27T00:20:08.576+0000] {dag.py:3834} INFO - Setting next_dagrun for example_sensors to None, run_after=None
[2024-03-27T00:20:08.584+0000] {processor.py:183} INFO - Processing /home/airflow/.local/lib/python3.8/site-packages/airflow/example_dags/example_sensors.py took 0.033 seconds
[2024-03-27T00:20:39.211+0000] {processor.py:161} INFO - Started process (PID=7081) to work on /home/airflow/.local/lib/python3.8/site-packages/airflow/example_dags/example_sensors.py
[2024-03-27T00:20:39.211+0000] {processor.py:830} INFO - Processing file /home/airflow/.local/lib/python3.8/site-packages/airflow/example_dags/example_sensors.py for tasks to queue
[2024-03-27T00:20:39.212+0000] {logging_mixin.py:188} INFO - [2024-03-27T00:20:39.212+0000] {dagbag.py:540} INFO - Filling up the DagBag from /home/airflow/.local/lib/python3.8/site-packages/airflow/example_dags/example_sensors.py
[2024-03-27T00:20:39.217+0000] {processor.py:840} INFO - DAG(s) 'example_sensors' retrieved from /home/airflow/.local/lib/python3.8/site-packages/airflow/example_dags/example_sensors.py
[2024-03-27T00:20:39.228+0000] {logging_mixin.py:188} INFO - [2024-03-27T00:20:39.228+0000] {dag.py:3047} INFO - Sync 1 DAGs
[2024-03-27T00:20:39.234+0000] {logging_mixin.py:188} INFO - [2024-03-27T00:20:39.234+0000] {dag.py:3834} INFO - Setting next_dagrun for example_sensors to None, run_after=None
[2024-03-27T00:20:39.241+0000] {processor.py:183} INFO - Processing /home/airflow/.local/lib/python3.8/site-packages/airflow/example_dags/example_sensors.py took 0.032 seconds
[2024-03-27T00:21:09.867+0000] {processor.py:161} INFO - Started process (PID=7136) to work on /home/airflow/.local/lib/python3.8/site-packages/airflow/example_dags/example_sensors.py
[2024-03-27T00:21:09.867+0000] {processor.py:830} INFO - Processing file /home/airflow/.local/lib/python3.8/site-packages/airflow/example_dags/example_sensors.py for tasks to queue
[2024-03-27T00:21:09.868+0000] {logging_mixin.py:188} INFO - [2024-03-27T00:21:09.868+0000] {dagbag.py:540} INFO - Filling up the DagBag from /home/airflow/.local/lib/python3.8/site-packages/airflow/example_dags/example_sensors.py
[2024-03-27T00:21:09.872+0000] {processor.py:840} INFO - DAG(s) 'example_sensors' retrieved from /home/airflow/.local/lib/python3.8/site-packages/airflow/example_dags/example_sensors.py
[2024-03-27T00:21:09.884+0000] {logging_mixin.py:188} INFO - [2024-03-27T00:21:09.884+0000] {dag.py:3047} INFO - Sync 1 DAGs
[2024-03-27T00:21:09.890+0000] {logging_mixin.py:188} INFO - [2024-03-27T00:21:09.889+0000] {dag.py:3834} INFO - Setting next_dagrun for example_sensors to None, run_after=None
[2024-03-27T00:21:09.897+0000] {processor.py:183} INFO - Processing /home/airflow/.local/lib/python3.8/site-packages/airflow/example_dags/example_sensors.py took 0.032 seconds
[2024-03-27T00:21:40.546+0000] {processor.py:161} INFO - Started process (PID=7191) to work on /home/airflow/.local/lib/python3.8/site-packages/airflow/example_dags/example_sensors.py
[2024-03-27T00:21:40.547+0000] {processor.py:830} INFO - Processing file /home/airflow/.local/lib/python3.8/site-packages/airflow/example_dags/example_sensors.py for tasks to queue
[2024-03-27T00:21:40.548+0000] {logging_mixin.py:188} INFO - [2024-03-27T00:21:40.548+0000] {dagbag.py:540} INFO - Filling up the DagBag from /home/airflow/.local/lib/python3.8/site-packages/airflow/example_dags/example_sensors.py
[2024-03-27T00:21:40.552+0000] {processor.py:840} INFO - DAG(s) 'example_sensors' retrieved from /home/airflow/.local/lib/python3.8/site-packages/airflow/example_dags/example_sensors.py
[2024-03-27T00:21:40.564+0000] {logging_mixin.py:188} INFO - [2024-03-27T00:21:40.563+0000] {dag.py:3047} INFO - Sync 1 DAGs
[2024-03-27T00:21:40.569+0000] {logging_mixin.py:188} INFO - [2024-03-27T00:21:40.569+0000] {dag.py:3834} INFO - Setting next_dagrun for example_sensors to None, run_after=None
[2024-03-27T00:21:40.577+0000] {processor.py:183} INFO - Processing /home/airflow/.local/lib/python3.8/site-packages/airflow/example_dags/example_sensors.py took 0.032 seconds
[2024-03-27T00:22:11.199+0000] {processor.py:161} INFO - Started process (PID=7246) to work on /home/airflow/.local/lib/python3.8/site-packages/airflow/example_dags/example_sensors.py
[2024-03-27T00:22:11.199+0000] {processor.py:830} INFO - Processing file /home/airflow/.local/lib/python3.8/site-packages/airflow/example_dags/example_sensors.py for tasks to queue
[2024-03-27T00:22:11.200+0000] {logging_mixin.py:188} INFO - [2024-03-27T00:22:11.200+0000] {dagbag.py:540} INFO - Filling up the DagBag from /home/airflow/.local/lib/python3.8/site-packages/airflow/example_dags/example_sensors.py
[2024-03-27T00:22:11.205+0000] {processor.py:840} INFO - DAG(s) 'example_sensors' retrieved from /home/airflow/.local/lib/python3.8/site-packages/airflow/example_dags/example_sensors.py
[2024-03-27T00:22:11.216+0000] {logging_mixin.py:188} INFO - [2024-03-27T00:22:11.216+0000] {dag.py:3047} INFO - Sync 1 DAGs
[2024-03-27T00:22:11.222+0000] {logging_mixin.py:188} INFO - [2024-03-27T00:22:11.222+0000] {dag.py:3834} INFO - Setting next_dagrun for example_sensors to None, run_after=None
[2024-03-27T00:22:11.230+0000] {processor.py:183} INFO - Processing /home/airflow/.local/lib/python3.8/site-packages/airflow/example_dags/example_sensors.py took 0.033 seconds
[2024-03-27T00:22:41.930+0000] {processor.py:161} INFO - Started process (PID=7301) to work on /home/airflow/.local/lib/python3.8/site-packages/airflow/example_dags/example_sensors.py
[2024-03-27T00:22:41.931+0000] {processor.py:830} INFO - Processing file /home/airflow/.local/lib/python3.8/site-packages/airflow/example_dags/example_sensors.py for tasks to queue
[2024-03-27T00:22:41.932+0000] {logging_mixin.py:188} INFO - [2024-03-27T00:22:41.932+0000] {dagbag.py:540} INFO - Filling up the DagBag from /home/airflow/.local/lib/python3.8/site-packages/airflow/example_dags/example_sensors.py
[2024-03-27T00:22:41.936+0000] {processor.py:840} INFO - DAG(s) 'example_sensors' retrieved from /home/airflow/.local/lib/python3.8/site-packages/airflow/example_dags/example_sensors.py
[2024-03-27T00:22:41.948+0000] {logging_mixin.py:188} INFO - [2024-03-27T00:22:41.948+0000] {dag.py:3047} INFO - Sync 1 DAGs
[2024-03-27T00:22:41.954+0000] {logging_mixin.py:188} INFO - [2024-03-27T00:22:41.953+0000] {dag.py:3834} INFO - Setting next_dagrun for example_sensors to None, run_after=None
[2024-03-27T00:22:41.961+0000] {processor.py:183} INFO - Processing /home/airflow/.local/lib/python3.8/site-packages/airflow/example_dags/example_sensors.py took 0.033 seconds
[2024-03-27T00:23:12.611+0000] {processor.py:161} INFO - Started process (PID=7356) to work on /home/airflow/.local/lib/python3.8/site-packages/airflow/example_dags/example_sensors.py
[2024-03-27T00:23:12.612+0000] {processor.py:830} INFO - Processing file /home/airflow/.local/lib/python3.8/site-packages/airflow/example_dags/example_sensors.py for tasks to queue
[2024-03-27T00:23:12.613+0000] {logging_mixin.py:188} INFO - [2024-03-27T00:23:12.613+0000] {dagbag.py:540} INFO - Filling up the DagBag from /home/airflow/.local/lib/python3.8/site-packages/airflow/example_dags/example_sensors.py
[2024-03-27T00:23:12.618+0000] {processor.py:840} INFO - DAG(s) 'example_sensors' retrieved from /home/airflow/.local/lib/python3.8/site-packages/airflow/example_dags/example_sensors.py
[2024-03-27T00:23:12.630+0000] {logging_mixin.py:188} INFO - [2024-03-27T00:23:12.629+0000] {dag.py:3047} INFO - Sync 1 DAGs
[2024-03-27T00:23:12.635+0000] {logging_mixin.py:188} INFO - [2024-03-27T00:23:12.635+0000] {dag.py:3834} INFO - Setting next_dagrun for example_sensors to None, run_after=None
[2024-03-27T00:23:12.643+0000] {processor.py:183} INFO - Processing /home/airflow/.local/lib/python3.8/site-packages/airflow/example_dags/example_sensors.py took 0.033 seconds
[2024-03-27T00:23:43.287+0000] {processor.py:161} INFO - Started process (PID=7411) to work on /home/airflow/.local/lib/python3.8/site-packages/airflow/example_dags/example_sensors.py
[2024-03-27T00:23:43.288+0000] {processor.py:830} INFO - Processing file /home/airflow/.local/lib/python3.8/site-packages/airflow/example_dags/example_sensors.py for tasks to queue
[2024-03-27T00:23:43.289+0000] {logging_mixin.py:188} INFO - [2024-03-27T00:23:43.289+0000] {dagbag.py:540} INFO - Filling up the DagBag from /home/airflow/.local/lib/python3.8/site-packages/airflow/example_dags/example_sensors.py
[2024-03-27T00:23:43.293+0000] {processor.py:840} INFO - DAG(s) 'example_sensors' retrieved from /home/airflow/.local/lib/python3.8/site-packages/airflow/example_dags/example_sensors.py
[2024-03-27T00:23:43.305+0000] {logging_mixin.py:188} INFO - [2024-03-27T00:23:43.305+0000] {dag.py:3047} INFO - Sync 1 DAGs
[2024-03-27T00:23:43.310+0000] {logging_mixin.py:188} INFO - [2024-03-27T00:23:43.310+0000] {dag.py:3834} INFO - Setting next_dagrun for example_sensors to None, run_after=None
[2024-03-27T00:23:43.318+0000] {processor.py:183} INFO - Processing /home/airflow/.local/lib/python3.8/site-packages/airflow/example_dags/example_sensors.py took 0.033 seconds
[2024-03-27T00:24:13.934+0000] {processor.py:161} INFO - Started process (PID=7466) to work on /home/airflow/.local/lib/python3.8/site-packages/airflow/example_dags/example_sensors.py
[2024-03-27T00:24:13.935+0000] {processor.py:830} INFO - Processing file /home/airflow/.local/lib/python3.8/site-packages/airflow/example_dags/example_sensors.py for tasks to queue
[2024-03-27T00:24:13.936+0000] {logging_mixin.py:188} INFO - [2024-03-27T00:24:13.936+0000] {dagbag.py:540} INFO - Filling up the DagBag from /home/airflow/.local/lib/python3.8/site-packages/airflow/example_dags/example_sensors.py
[2024-03-27T00:24:13.940+0000] {processor.py:840} INFO - DAG(s) 'example_sensors' retrieved from /home/airflow/.local/lib/python3.8/site-packages/airflow/example_dags/example_sensors.py
[2024-03-27T00:24:13.952+0000] {logging_mixin.py:188} INFO - [2024-03-27T00:24:13.952+0000] {dag.py:3047} INFO - Sync 1 DAGs
[2024-03-27T00:24:13.958+0000] {logging_mixin.py:188} INFO - [2024-03-27T00:24:13.958+0000] {dag.py:3834} INFO - Setting next_dagrun for example_sensors to None, run_after=None
[2024-03-27T00:24:13.965+0000] {processor.py:183} INFO - Processing /home/airflow/.local/lib/python3.8/site-packages/airflow/example_dags/example_sensors.py took 0.033 seconds
[2024-03-27T00:24:44.890+0000] {processor.py:161} INFO - Started process (PID=7521) to work on /home/airflow/.local/lib/python3.8/site-packages/airflow/example_dags/example_sensors.py
[2024-03-27T00:24:44.891+0000] {processor.py:830} INFO - Processing file /home/airflow/.local/lib/python3.8/site-packages/airflow/example_dags/example_sensors.py for tasks to queue
[2024-03-27T00:24:44.892+0000] {logging_mixin.py:188} INFO - [2024-03-27T00:24:44.891+0000] {dagbag.py:540} INFO - Filling up the DagBag from /home/airflow/.local/lib/python3.8/site-packages/airflow/example_dags/example_sensors.py
[2024-03-27T00:24:44.896+0000] {processor.py:840} INFO - DAG(s) 'example_sensors' retrieved from /home/airflow/.local/lib/python3.8/site-packages/airflow/example_dags/example_sensors.py
[2024-03-27T00:24:44.908+0000] {logging_mixin.py:188} INFO - [2024-03-27T00:24:44.907+0000] {dag.py:3047} INFO - Sync 1 DAGs
[2024-03-27T00:24:44.913+0000] {logging_mixin.py:188} INFO - [2024-03-27T00:24:44.913+0000] {dag.py:3834} INFO - Setting next_dagrun for example_sensors to None, run_after=None
[2024-03-27T00:24:44.921+0000] {processor.py:183} INFO - Processing /home/airflow/.local/lib/python3.8/site-packages/airflow/example_dags/example_sensors.py took 0.033 seconds
[2024-03-27T00:31:01.644+0000] {processor.py:161} INFO - Started process (PID=7576) to work on /home/airflow/.local/lib/python3.8/site-packages/airflow/example_dags/example_sensors.py
[2024-03-27T00:31:01.645+0000] {processor.py:830} INFO - Processing file /home/airflow/.local/lib/python3.8/site-packages/airflow/example_dags/example_sensors.py for tasks to queue
[2024-03-27T00:31:01.647+0000] {logging_mixin.py:188} INFO - [2024-03-27T00:31:01.646+0000] {dagbag.py:540} INFO - Filling up the DagBag from /home/airflow/.local/lib/python3.8/site-packages/airflow/example_dags/example_sensors.py
[2024-03-27T00:31:01.652+0000] {processor.py:840} INFO - DAG(s) 'example_sensors' retrieved from /home/airflow/.local/lib/python3.8/site-packages/airflow/example_dags/example_sensors.py
[2024-03-27T00:31:01.668+0000] {logging_mixin.py:188} INFO - [2024-03-27T00:31:01.668+0000] {dag.py:3047} INFO - Sync 1 DAGs
[2024-03-27T00:31:01.676+0000] {logging_mixin.py:188} INFO - [2024-03-27T00:31:01.675+0000] {dag.py:3834} INFO - Setting next_dagrun for example_sensors to None, run_after=None
[2024-03-27T00:31:01.689+0000] {processor.py:183} INFO - Processing /home/airflow/.local/lib/python3.8/site-packages/airflow/example_dags/example_sensors.py took 0.047 seconds
[2024-03-27T00:34:02.065+0000] {processor.py:161} INFO - Started process (PID=7631) to work on /home/airflow/.local/lib/python3.8/site-packages/airflow/example_dags/example_sensors.py
[2024-03-27T00:34:02.066+0000] {processor.py:830} INFO - Processing file /home/airflow/.local/lib/python3.8/site-packages/airflow/example_dags/example_sensors.py for tasks to queue
[2024-03-27T00:34:02.070+0000] {logging_mixin.py:188} INFO - [2024-03-27T00:34:02.069+0000] {dagbag.py:540} INFO - Filling up the DagBag from /home/airflow/.local/lib/python3.8/site-packages/airflow/example_dags/example_sensors.py
[2024-03-27T00:34:02.086+0000] {processor.py:840} INFO - DAG(s) 'example_sensors' retrieved from /home/airflow/.local/lib/python3.8/site-packages/airflow/example_dags/example_sensors.py
[2024-03-27T00:34:02.119+0000] {logging_mixin.py:188} INFO - [2024-03-27T00:34:02.119+0000] {dag.py:3047} INFO - Sync 1 DAGs
[2024-03-27T00:34:02.136+0000] {logging_mixin.py:188} INFO - [2024-03-27T00:34:02.135+0000] {dag.py:3834} INFO - Setting next_dagrun for example_sensors to None, run_after=None
[2024-03-27T00:34:02.164+0000] {processor.py:183} INFO - Processing /home/airflow/.local/lib/python3.8/site-packages/airflow/example_dags/example_sensors.py took 0.105 seconds
[2024-03-27T00:40:15.888+0000] {processor.py:161} INFO - Started process (PID=7686) to work on /home/airflow/.local/lib/python3.8/site-packages/airflow/example_dags/example_sensors.py
[2024-03-27T00:40:15.888+0000] {processor.py:830} INFO - Processing file /home/airflow/.local/lib/python3.8/site-packages/airflow/example_dags/example_sensors.py for tasks to queue
[2024-03-27T00:40:15.889+0000] {logging_mixin.py:188} INFO - [2024-03-27T00:40:15.889+0000] {dagbag.py:540} INFO - Filling up the DagBag from /home/airflow/.local/lib/python3.8/site-packages/airflow/example_dags/example_sensors.py
[2024-03-27T00:40:15.894+0000] {processor.py:840} INFO - DAG(s) 'example_sensors' retrieved from /home/airflow/.local/lib/python3.8/site-packages/airflow/example_dags/example_sensors.py
[2024-03-27T00:40:15.906+0000] {logging_mixin.py:188} INFO - [2024-03-27T00:40:15.906+0000] {dag.py:3047} INFO - Sync 1 DAGs
[2024-03-27T00:40:15.912+0000] {logging_mixin.py:188} INFO - [2024-03-27T00:40:15.912+0000] {dag.py:3834} INFO - Setting next_dagrun for example_sensors to None, run_after=None
[2024-03-27T00:40:15.923+0000] {processor.py:183} INFO - Processing /home/airflow/.local/lib/python3.8/site-packages/airflow/example_dags/example_sensors.py took 0.037 seconds
[2024-03-27T00:41:12.873+0000] {processor.py:161} INFO - Started process (PID=7741) to work on /home/airflow/.local/lib/python3.8/site-packages/airflow/example_dags/example_sensors.py
[2024-03-27T00:41:12.874+0000] {processor.py:830} INFO - Processing file /home/airflow/.local/lib/python3.8/site-packages/airflow/example_dags/example_sensors.py for tasks to queue
[2024-03-27T00:41:12.875+0000] {logging_mixin.py:188} INFO - [2024-03-27T00:41:12.874+0000] {dagbag.py:540} INFO - Filling up the DagBag from /home/airflow/.local/lib/python3.8/site-packages/airflow/example_dags/example_sensors.py
[2024-03-27T00:41:12.879+0000] {processor.py:840} INFO - DAG(s) 'example_sensors' retrieved from /home/airflow/.local/lib/python3.8/site-packages/airflow/example_dags/example_sensors.py
[2024-03-27T00:41:12.892+0000] {logging_mixin.py:188} INFO - [2024-03-27T00:41:12.892+0000] {dag.py:3047} INFO - Sync 1 DAGs
[2024-03-27T00:41:12.898+0000] {logging_mixin.py:188} INFO - [2024-03-27T00:41:12.898+0000] {dag.py:3834} INFO - Setting next_dagrun for example_sensors to None, run_after=None
[2024-03-27T00:41:12.906+0000] {processor.py:183} INFO - Processing /home/airflow/.local/lib/python3.8/site-packages/airflow/example_dags/example_sensors.py took 0.035 seconds
[2024-03-27T00:42:55.549+0000] {processor.py:161} INFO - Started process (PID=7796) to work on /home/airflow/.local/lib/python3.8/site-packages/airflow/example_dags/example_sensors.py
[2024-03-27T00:42:55.550+0000] {processor.py:830} INFO - Processing file /home/airflow/.local/lib/python3.8/site-packages/airflow/example_dags/example_sensors.py for tasks to queue
[2024-03-27T00:42:55.551+0000] {logging_mixin.py:188} INFO - [2024-03-27T00:42:55.551+0000] {dagbag.py:540} INFO - Filling up the DagBag from /home/airflow/.local/lib/python3.8/site-packages/airflow/example_dags/example_sensors.py
[2024-03-27T00:42:55.555+0000] {processor.py:840} INFO - DAG(s) 'example_sensors' retrieved from /home/airflow/.local/lib/python3.8/site-packages/airflow/example_dags/example_sensors.py
[2024-03-27T00:42:55.568+0000] {logging_mixin.py:188} INFO - [2024-03-27T00:42:55.568+0000] {dag.py:3047} INFO - Sync 1 DAGs
[2024-03-27T00:42:55.574+0000] {logging_mixin.py:188} INFO - [2024-03-27T00:42:55.574+0000] {dag.py:3834} INFO - Setting next_dagrun for example_sensors to None, run_after=None
[2024-03-27T00:42:55.583+0000] {processor.py:183} INFO - Processing /home/airflow/.local/lib/python3.8/site-packages/airflow/example_dags/example_sensors.py took 0.036 seconds
[2024-03-27T00:45:41.369+0000] {processor.py:161} INFO - Started process (PID=7851) to work on /home/airflow/.local/lib/python3.8/site-packages/airflow/example_dags/example_sensors.py
[2024-03-27T00:45:41.371+0000] {processor.py:830} INFO - Processing file /home/airflow/.local/lib/python3.8/site-packages/airflow/example_dags/example_sensors.py for tasks to queue
[2024-03-27T00:45:41.374+0000] {logging_mixin.py:188} INFO - [2024-03-27T00:45:41.373+0000] {dagbag.py:540} INFO - Filling up the DagBag from /home/airflow/.local/lib/python3.8/site-packages/airflow/example_dags/example_sensors.py
[2024-03-27T00:45:41.385+0000] {processor.py:840} INFO - DAG(s) 'example_sensors' retrieved from /home/airflow/.local/lib/python3.8/site-packages/airflow/example_dags/example_sensors.py
[2024-03-27T00:45:41.417+0000] {logging_mixin.py:188} INFO - [2024-03-27T00:45:41.416+0000] {dag.py:3047} INFO - Sync 1 DAGs
[2024-03-27T00:45:41.434+0000] {logging_mixin.py:188} INFO - [2024-03-27T00:45:41.433+0000] {dag.py:3834} INFO - Setting next_dagrun for example_sensors to None, run_after=None
[2024-03-27T00:45:41.464+0000] {processor.py:183} INFO - Processing /home/airflow/.local/lib/python3.8/site-packages/airflow/example_dags/example_sensors.py took 0.099 seconds
[2024-03-27T00:49:38.450+0000] {processor.py:161} INFO - Started process (PID=7906) to work on /home/airflow/.local/lib/python3.8/site-packages/airflow/example_dags/example_sensors.py
[2024-03-27T00:49:38.452+0000] {processor.py:830} INFO - Processing file /home/airflow/.local/lib/python3.8/site-packages/airflow/example_dags/example_sensors.py for tasks to queue
[2024-03-27T00:49:38.455+0000] {logging_mixin.py:188} INFO - [2024-03-27T00:49:38.454+0000] {dagbag.py:540} INFO - Filling up the DagBag from /home/airflow/.local/lib/python3.8/site-packages/airflow/example_dags/example_sensors.py
[2024-03-27T00:49:38.462+0000] {processor.py:840} INFO - DAG(s) 'example_sensors' retrieved from /home/airflow/.local/lib/python3.8/site-packages/airflow/example_dags/example_sensors.py
[2024-03-27T00:49:38.487+0000] {logging_mixin.py:188} INFO - [2024-03-27T00:49:38.486+0000] {dag.py:3047} INFO - Sync 1 DAGs
[2024-03-27T00:49:38.504+0000] {logging_mixin.py:188} INFO - [2024-03-27T00:49:38.504+0000] {dag.py:3834} INFO - Setting next_dagrun for example_sensors to None, run_after=None
[2024-03-27T00:49:38.536+0000] {processor.py:183} INFO - Processing /home/airflow/.local/lib/python3.8/site-packages/airflow/example_dags/example_sensors.py took 0.089 seconds
[2024-03-27T00:50:37.927+0000] {processor.py:161} INFO - Started process (PID=7961) to work on /home/airflow/.local/lib/python3.8/site-packages/airflow/example_dags/example_sensors.py
[2024-03-27T00:50:37.928+0000] {processor.py:830} INFO - Processing file /home/airflow/.local/lib/python3.8/site-packages/airflow/example_dags/example_sensors.py for tasks to queue
[2024-03-27T00:50:37.929+0000] {logging_mixin.py:188} INFO - [2024-03-27T00:50:37.929+0000] {dagbag.py:540} INFO - Filling up the DagBag from /home/airflow/.local/lib/python3.8/site-packages/airflow/example_dags/example_sensors.py
[2024-03-27T00:50:37.934+0000] {processor.py:840} INFO - DAG(s) 'example_sensors' retrieved from /home/airflow/.local/lib/python3.8/site-packages/airflow/example_dags/example_sensors.py
[2024-03-27T00:50:37.946+0000] {logging_mixin.py:188} INFO - [2024-03-27T00:50:37.946+0000] {dag.py:3047} INFO - Sync 1 DAGs
[2024-03-27T00:50:37.952+0000] {logging_mixin.py:188} INFO - [2024-03-27T00:50:37.952+0000] {dag.py:3834} INFO - Setting next_dagrun for example_sensors to None, run_after=None
[2024-03-27T00:50:37.960+0000] {processor.py:183} INFO - Processing /home/airflow/.local/lib/python3.8/site-packages/airflow/example_dags/example_sensors.py took 0.035 seconds
[2024-03-27T00:51:22.965+0000] {processor.py:161} INFO - Started process (PID=8016) to work on /home/airflow/.local/lib/python3.8/site-packages/airflow/example_dags/example_sensors.py
[2024-03-27T00:51:22.965+0000] {processor.py:830} INFO - Processing file /home/airflow/.local/lib/python3.8/site-packages/airflow/example_dags/example_sensors.py for tasks to queue
[2024-03-27T00:51:22.966+0000] {logging_mixin.py:188} INFO - [2024-03-27T00:51:22.966+0000] {dagbag.py:540} INFO - Filling up the DagBag from /home/airflow/.local/lib/python3.8/site-packages/airflow/example_dags/example_sensors.py
[2024-03-27T00:51:22.971+0000] {processor.py:840} INFO - DAG(s) 'example_sensors' retrieved from /home/airflow/.local/lib/python3.8/site-packages/airflow/example_dags/example_sensors.py
[2024-03-27T00:51:22.984+0000] {logging_mixin.py:188} INFO - [2024-03-27T00:51:22.983+0000] {dag.py:3047} INFO - Sync 1 DAGs
[2024-03-27T00:51:22.990+0000] {logging_mixin.py:188} INFO - [2024-03-27T00:51:22.990+0000] {dag.py:3834} INFO - Setting next_dagrun for example_sensors to None, run_after=None
[2024-03-27T00:51:22.998+0000] {processor.py:183} INFO - Processing /home/airflow/.local/lib/python3.8/site-packages/airflow/example_dags/example_sensors.py took 0.036 seconds
[2024-03-27T00:53:00.027+0000] {processor.py:161} INFO - Started process (PID=8071) to work on /home/airflow/.local/lib/python3.8/site-packages/airflow/example_dags/example_sensors.py
[2024-03-27T00:53:00.027+0000] {processor.py:830} INFO - Processing file /home/airflow/.local/lib/python3.8/site-packages/airflow/example_dags/example_sensors.py for tasks to queue
[2024-03-27T00:53:00.029+0000] {logging_mixin.py:188} INFO - [2024-03-27T00:53:00.028+0000] {dagbag.py:540} INFO - Filling up the DagBag from /home/airflow/.local/lib/python3.8/site-packages/airflow/example_dags/example_sensors.py
[2024-03-27T00:53:00.033+0000] {processor.py:840} INFO - DAG(s) 'example_sensors' retrieved from /home/airflow/.local/lib/python3.8/site-packages/airflow/example_dags/example_sensors.py
[2024-03-27T00:53:00.047+0000] {logging_mixin.py:188} INFO - [2024-03-27T00:53:00.047+0000] {dag.py:3047} INFO - Sync 1 DAGs
[2024-03-27T00:53:00.053+0000] {logging_mixin.py:188} INFO - [2024-03-27T00:53:00.053+0000] {dag.py:3834} INFO - Setting next_dagrun for example_sensors to None, run_after=None
[2024-03-27T00:53:00.061+0000] {processor.py:183} INFO - Processing /home/airflow/.local/lib/python3.8/site-packages/airflow/example_dags/example_sensors.py took 0.036 seconds
[2024-03-27T00:53:59.668+0000] {processor.py:161} INFO - Started process (PID=8126) to work on /home/airflow/.local/lib/python3.8/site-packages/airflow/example_dags/example_sensors.py
[2024-03-27T00:53:59.669+0000] {processor.py:830} INFO - Processing file /home/airflow/.local/lib/python3.8/site-packages/airflow/example_dags/example_sensors.py for tasks to queue
[2024-03-27T00:53:59.670+0000] {logging_mixin.py:188} INFO - [2024-03-27T00:53:59.670+0000] {dagbag.py:540} INFO - Filling up the DagBag from /home/airflow/.local/lib/python3.8/site-packages/airflow/example_dags/example_sensors.py
[2024-03-27T00:53:59.674+0000] {processor.py:840} INFO - DAG(s) 'example_sensors' retrieved from /home/airflow/.local/lib/python3.8/site-packages/airflow/example_dags/example_sensors.py
[2024-03-27T00:53:59.687+0000] {logging_mixin.py:188} INFO - [2024-03-27T00:53:59.687+0000] {dag.py:3047} INFO - Sync 1 DAGs
[2024-03-27T00:53:59.693+0000] {logging_mixin.py:188} INFO - [2024-03-27T00:53:59.693+0000] {dag.py:3834} INFO - Setting next_dagrun for example_sensors to None, run_after=None
[2024-03-27T00:53:59.702+0000] {processor.py:183} INFO - Processing /home/airflow/.local/lib/python3.8/site-packages/airflow/example_dags/example_sensors.py took 0.035 seconds
[2024-03-27T00:54:43.239+0000] {processor.py:161} INFO - Started process (PID=8181) to work on /home/airflow/.local/lib/python3.8/site-packages/airflow/example_dags/example_sensors.py
[2024-03-27T00:54:43.239+0000] {processor.py:830} INFO - Processing file /home/airflow/.local/lib/python3.8/site-packages/airflow/example_dags/example_sensors.py for tasks to queue
[2024-03-27T00:54:43.240+0000] {logging_mixin.py:188} INFO - [2024-03-27T00:54:43.240+0000] {dagbag.py:540} INFO - Filling up the DagBag from /home/airflow/.local/lib/python3.8/site-packages/airflow/example_dags/example_sensors.py
[2024-03-27T00:54:43.245+0000] {processor.py:840} INFO - DAG(s) 'example_sensors' retrieved from /home/airflow/.local/lib/python3.8/site-packages/airflow/example_dags/example_sensors.py
[2024-03-27T00:54:43.257+0000] {logging_mixin.py:188} INFO - [2024-03-27T00:54:43.257+0000] {dag.py:3047} INFO - Sync 1 DAGs
[2024-03-27T00:54:43.264+0000] {logging_mixin.py:188} INFO - [2024-03-27T00:54:43.264+0000] {dag.py:3834} INFO - Setting next_dagrun for example_sensors to None, run_after=None
[2024-03-27T00:54:43.272+0000] {processor.py:183} INFO - Processing /home/airflow/.local/lib/python3.8/site-packages/airflow/example_dags/example_sensors.py took 0.035 seconds
[2024-03-27T00:55:16.150+0000] {processor.py:161} INFO - Started process (PID=8236) to work on /home/airflow/.local/lib/python3.8/site-packages/airflow/example_dags/example_sensors.py
[2024-03-27T00:55:16.151+0000] {processor.py:830} INFO - Processing file /home/airflow/.local/lib/python3.8/site-packages/airflow/example_dags/example_sensors.py for tasks to queue
[2024-03-27T00:55:16.152+0000] {logging_mixin.py:188} INFO - [2024-03-27T00:55:16.152+0000] {dagbag.py:540} INFO - Filling up the DagBag from /home/airflow/.local/lib/python3.8/site-packages/airflow/example_dags/example_sensors.py
[2024-03-27T00:55:16.157+0000] {processor.py:840} INFO - DAG(s) 'example_sensors' retrieved from /home/airflow/.local/lib/python3.8/site-packages/airflow/example_dags/example_sensors.py
[2024-03-27T00:55:16.169+0000] {logging_mixin.py:188} INFO - [2024-03-27T00:55:16.169+0000] {dag.py:3047} INFO - Sync 1 DAGs
[2024-03-27T00:55:16.176+0000] {logging_mixin.py:188} INFO - [2024-03-27T00:55:16.176+0000] {dag.py:3834} INFO - Setting next_dagrun for example_sensors to None, run_after=None
[2024-03-27T00:55:16.184+0000] {processor.py:183} INFO - Processing /home/airflow/.local/lib/python3.8/site-packages/airflow/example_dags/example_sensors.py took 0.036 seconds
[2024-03-27T00:55:58.329+0000] {processor.py:161} INFO - Started process (PID=8290) to work on /home/airflow/.local/lib/python3.8/site-packages/airflow/example_dags/example_sensors.py
[2024-03-27T00:55:58.329+0000] {processor.py:830} INFO - Processing file /home/airflow/.local/lib/python3.8/site-packages/airflow/example_dags/example_sensors.py for tasks to queue
[2024-03-27T00:55:58.330+0000] {logging_mixin.py:188} INFO - [2024-03-27T00:55:58.330+0000] {dagbag.py:540} INFO - Filling up the DagBag from /home/airflow/.local/lib/python3.8/site-packages/airflow/example_dags/example_sensors.py
[2024-03-27T00:55:58.335+0000] {processor.py:840} INFO - DAG(s) 'example_sensors' retrieved from /home/airflow/.local/lib/python3.8/site-packages/airflow/example_dags/example_sensors.py
[2024-03-27T00:55:58.348+0000] {logging_mixin.py:188} INFO - [2024-03-27T00:55:58.348+0000] {dag.py:3047} INFO - Sync 1 DAGs
[2024-03-27T00:55:58.354+0000] {logging_mixin.py:188} INFO - [2024-03-27T00:55:58.354+0000] {dag.py:3834} INFO - Setting next_dagrun for example_sensors to None, run_after=None
[2024-03-27T00:55:58.362+0000] {processor.py:183} INFO - Processing /home/airflow/.local/lib/python3.8/site-packages/airflow/example_dags/example_sensors.py took 0.036 seconds
[2024-03-27T00:58:44.251+0000] {processor.py:161} INFO - Started process (PID=8345) to work on /home/airflow/.local/lib/python3.8/site-packages/airflow/example_dags/example_sensors.py
[2024-03-27T00:58:44.251+0000] {processor.py:830} INFO - Processing file /home/airflow/.local/lib/python3.8/site-packages/airflow/example_dags/example_sensors.py for tasks to queue
[2024-03-27T00:58:44.252+0000] {logging_mixin.py:188} INFO - [2024-03-27T00:58:44.252+0000] {dagbag.py:540} INFO - Filling up the DagBag from /home/airflow/.local/lib/python3.8/site-packages/airflow/example_dags/example_sensors.py
[2024-03-27T00:58:44.257+0000] {processor.py:840} INFO - DAG(s) 'example_sensors' retrieved from /home/airflow/.local/lib/python3.8/site-packages/airflow/example_dags/example_sensors.py
[2024-03-27T00:58:44.270+0000] {logging_mixin.py:188} INFO - [2024-03-27T00:58:44.269+0000] {dag.py:3047} INFO - Sync 1 DAGs
[2024-03-27T00:58:44.276+0000] {logging_mixin.py:188} INFO - [2024-03-27T00:58:44.276+0000] {dag.py:3834} INFO - Setting next_dagrun for example_sensors to None, run_after=None
[2024-03-27T00:58:44.285+0000] {processor.py:183} INFO - Processing /home/airflow/.local/lib/python3.8/site-packages/airflow/example_dags/example_sensors.py took 0.036 seconds
[2024-03-27T01:01:13.810+0000] {processor.py:161} INFO - Started process (PID=8400) to work on /home/airflow/.local/lib/python3.8/site-packages/airflow/example_dags/example_sensors.py
[2024-03-27T01:01:13.811+0000] {processor.py:830} INFO - Processing file /home/airflow/.local/lib/python3.8/site-packages/airflow/example_dags/example_sensors.py for tasks to queue
[2024-03-27T01:01:13.812+0000] {logging_mixin.py:188} INFO - [2024-03-27T01:01:13.811+0000] {dagbag.py:540} INFO - Filling up the DagBag from /home/airflow/.local/lib/python3.8/site-packages/airflow/example_dags/example_sensors.py
[2024-03-27T01:01:13.816+0000] {processor.py:840} INFO - DAG(s) 'example_sensors' retrieved from /home/airflow/.local/lib/python3.8/site-packages/airflow/example_dags/example_sensors.py
[2024-03-27T01:01:13.829+0000] {logging_mixin.py:188} INFO - [2024-03-27T01:01:13.829+0000] {dag.py:3047} INFO - Sync 1 DAGs
[2024-03-27T01:01:13.835+0000] {logging_mixin.py:188} INFO - [2024-03-27T01:01:13.835+0000] {dag.py:3834} INFO - Setting next_dagrun for example_sensors to None, run_after=None
[2024-03-27T01:01:13.844+0000] {processor.py:183} INFO - Processing /home/airflow/.local/lib/python3.8/site-packages/airflow/example_dags/example_sensors.py took 0.036 seconds
[2024-03-27T01:04:43.255+0000] {processor.py:161} INFO - Started process (PID=8455) to work on /home/airflow/.local/lib/python3.8/site-packages/airflow/example_dags/example_sensors.py
[2024-03-27T01:04:43.255+0000] {processor.py:830} INFO - Processing file /home/airflow/.local/lib/python3.8/site-packages/airflow/example_dags/example_sensors.py for tasks to queue
[2024-03-27T01:04:43.256+0000] {logging_mixin.py:188} INFO - [2024-03-27T01:04:43.256+0000] {dagbag.py:540} INFO - Filling up the DagBag from /home/airflow/.local/lib/python3.8/site-packages/airflow/example_dags/example_sensors.py
[2024-03-27T01:04:43.261+0000] {processor.py:840} INFO - DAG(s) 'example_sensors' retrieved from /home/airflow/.local/lib/python3.8/site-packages/airflow/example_dags/example_sensors.py
[2024-03-27T01:04:43.274+0000] {logging_mixin.py:188} INFO - [2024-03-27T01:04:43.274+0000] {dag.py:3047} INFO - Sync 1 DAGs
[2024-03-27T01:04:43.280+0000] {logging_mixin.py:188} INFO - [2024-03-27T01:04:43.280+0000] {dag.py:3834} INFO - Setting next_dagrun for example_sensors to None, run_after=None
[2024-03-27T01:04:43.289+0000] {processor.py:183} INFO - Processing /home/airflow/.local/lib/python3.8/site-packages/airflow/example_dags/example_sensors.py took 0.037 seconds
[2024-03-27T01:08:48.509+0000] {processor.py:161} INFO - Started process (PID=8510) to work on /home/airflow/.local/lib/python3.8/site-packages/airflow/example_dags/example_sensors.py
[2024-03-27T01:08:48.509+0000] {processor.py:830} INFO - Processing file /home/airflow/.local/lib/python3.8/site-packages/airflow/example_dags/example_sensors.py for tasks to queue
[2024-03-27T01:08:48.510+0000] {logging_mixin.py:188} INFO - [2024-03-27T01:08:48.510+0000] {dagbag.py:540} INFO - Filling up the DagBag from /home/airflow/.local/lib/python3.8/site-packages/airflow/example_dags/example_sensors.py
[2024-03-27T01:08:48.515+0000] {processor.py:840} INFO - DAG(s) 'example_sensors' retrieved from /home/airflow/.local/lib/python3.8/site-packages/airflow/example_dags/example_sensors.py
[2024-03-27T01:08:48.528+0000] {logging_mixin.py:188} INFO - [2024-03-27T01:08:48.528+0000] {dag.py:3047} INFO - Sync 1 DAGs
[2024-03-27T01:08:48.534+0000] {logging_mixin.py:188} INFO - [2024-03-27T01:08:48.534+0000] {dag.py:3834} INFO - Setting next_dagrun for example_sensors to None, run_after=None
[2024-03-27T01:08:48.543+0000] {processor.py:183} INFO - Processing /home/airflow/.local/lib/python3.8/site-packages/airflow/example_dags/example_sensors.py took 0.036 seconds
[2024-03-27T01:13:46.845+0000] {processor.py:161} INFO - Started process (PID=8565) to work on /home/airflow/.local/lib/python3.8/site-packages/airflow/example_dags/example_sensors.py
[2024-03-27T01:13:46.846+0000] {processor.py:830} INFO - Processing file /home/airflow/.local/lib/python3.8/site-packages/airflow/example_dags/example_sensors.py for tasks to queue
[2024-03-27T01:13:46.849+0000] {logging_mixin.py:188} INFO - [2024-03-27T01:13:46.849+0000] {dagbag.py:540} INFO - Filling up the DagBag from /home/airflow/.local/lib/python3.8/site-packages/airflow/example_dags/example_sensors.py
[2024-03-27T01:13:46.861+0000] {processor.py:840} INFO - DAG(s) 'example_sensors' retrieved from /home/airflow/.local/lib/python3.8/site-packages/airflow/example_dags/example_sensors.py
[2024-03-27T01:13:46.887+0000] {logging_mixin.py:188} INFO - [2024-03-27T01:13:46.887+0000] {dag.py:3047} INFO - Sync 1 DAGs
[2024-03-27T01:13:46.898+0000] {logging_mixin.py:188} INFO - [2024-03-27T01:13:46.898+0000] {dag.py:3834} INFO - Setting next_dagrun for example_sensors to None, run_after=None
[2024-03-27T01:13:46.928+0000] {processor.py:183} INFO - Processing /home/airflow/.local/lib/python3.8/site-packages/airflow/example_dags/example_sensors.py took 0.087 seconds
[2024-03-27T01:47:15.738+0000] {processor.py:161} INFO - Started process (PID=8620) to work on /home/airflow/.local/lib/python3.8/site-packages/airflow/example_dags/example_sensors.py
[2024-03-27T01:47:15.739+0000] {processor.py:830} INFO - Processing file /home/airflow/.local/lib/python3.8/site-packages/airflow/example_dags/example_sensors.py for tasks to queue
[2024-03-27T01:47:15.742+0000] {logging_mixin.py:188} INFO - [2024-03-27T01:47:15.742+0000] {dagbag.py:540} INFO - Filling up the DagBag from /home/airflow/.local/lib/python3.8/site-packages/airflow/example_dags/example_sensors.py
[2024-03-27T01:47:15.754+0000] {processor.py:840} INFO - DAG(s) 'example_sensors' retrieved from /home/airflow/.local/lib/python3.8/site-packages/airflow/example_dags/example_sensors.py
[2024-03-27T01:47:15.770+0000] {logging_mixin.py:188} INFO - [2024-03-27T01:47:15.770+0000] {dag.py:3047} INFO - Sync 1 DAGs
[2024-03-27T01:47:15.778+0000] {logging_mixin.py:188} INFO - [2024-03-27T01:47:15.778+0000] {dag.py:3834} INFO - Setting next_dagrun for example_sensors to None, run_after=None
[2024-03-27T01:47:15.794+0000] {processor.py:183} INFO - Processing /home/airflow/.local/lib/python3.8/site-packages/airflow/example_dags/example_sensors.py took 0.061 seconds
[2024-03-27T02:30:29.045+0000] {processor.py:161} INFO - Started process (PID=8675) to work on /home/airflow/.local/lib/python3.8/site-packages/airflow/example_dags/example_sensors.py
[2024-03-27T02:30:29.047+0000] {processor.py:830} INFO - Processing file /home/airflow/.local/lib/python3.8/site-packages/airflow/example_dags/example_sensors.py for tasks to queue
[2024-03-27T02:30:29.051+0000] {logging_mixin.py:188} INFO - [2024-03-27T02:30:29.050+0000] {dagbag.py:540} INFO - Filling up the DagBag from /home/airflow/.local/lib/python3.8/site-packages/airflow/example_dags/example_sensors.py
[2024-03-27T02:30:29.064+0000] {processor.py:840} INFO - DAG(s) 'example_sensors' retrieved from /home/airflow/.local/lib/python3.8/site-packages/airflow/example_dags/example_sensors.py
[2024-03-27T02:30:29.107+0000] {logging_mixin.py:188} INFO - [2024-03-27T02:30:29.107+0000] {dag.py:3047} INFO - Sync 1 DAGs
[2024-03-27T02:30:29.124+0000] {logging_mixin.py:188} INFO - [2024-03-27T02:30:29.123+0000] {dag.py:3834} INFO - Setting next_dagrun for example_sensors to None, run_after=None
[2024-03-27T02:30:29.154+0000] {processor.py:183} INFO - Processing /home/airflow/.local/lib/python3.8/site-packages/airflow/example_dags/example_sensors.py took 0.115 seconds
[2024-03-27T02:31:20.145+0000] {processor.py:161} INFO - Started process (PID=8730) to work on /home/airflow/.local/lib/python3.8/site-packages/airflow/example_dags/example_sensors.py
[2024-03-27T02:31:20.146+0000] {processor.py:830} INFO - Processing file /home/airflow/.local/lib/python3.8/site-packages/airflow/example_dags/example_sensors.py for tasks to queue
[2024-03-27T02:31:20.147+0000] {logging_mixin.py:188} INFO - [2024-03-27T02:31:20.147+0000] {dagbag.py:540} INFO - Filling up the DagBag from /home/airflow/.local/lib/python3.8/site-packages/airflow/example_dags/example_sensors.py
[2024-03-27T02:31:20.152+0000] {processor.py:840} INFO - DAG(s) 'example_sensors' retrieved from /home/airflow/.local/lib/python3.8/site-packages/airflow/example_dags/example_sensors.py
[2024-03-27T02:31:20.167+0000] {logging_mixin.py:188} INFO - [2024-03-27T02:31:20.167+0000] {dag.py:3047} INFO - Sync 1 DAGs
[2024-03-27T02:31:20.173+0000] {logging_mixin.py:188} INFO - [2024-03-27T02:31:20.173+0000] {dag.py:3834} INFO - Setting next_dagrun for example_sensors to None, run_after=None
[2024-03-27T02:31:20.182+0000] {processor.py:183} INFO - Processing /home/airflow/.local/lib/python3.8/site-packages/airflow/example_dags/example_sensors.py took 0.039 seconds
[2024-03-27T02:33:48.808+0000] {processor.py:161} INFO - Started process (PID=8785) to work on /home/airflow/.local/lib/python3.8/site-packages/airflow/example_dags/example_sensors.py
[2024-03-27T02:33:48.809+0000] {processor.py:830} INFO - Processing file /home/airflow/.local/lib/python3.8/site-packages/airflow/example_dags/example_sensors.py for tasks to queue
[2024-03-27T02:33:48.812+0000] {logging_mixin.py:188} INFO - [2024-03-27T02:33:48.812+0000] {dagbag.py:540} INFO - Filling up the DagBag from /home/airflow/.local/lib/python3.8/site-packages/airflow/example_dags/example_sensors.py
[2024-03-27T02:33:48.824+0000] {processor.py:840} INFO - DAG(s) 'example_sensors' retrieved from /home/airflow/.local/lib/python3.8/site-packages/airflow/example_dags/example_sensors.py
[2024-03-27T02:33:48.858+0000] {logging_mixin.py:188} INFO - [2024-03-27T02:33:48.858+0000] {dag.py:3047} INFO - Sync 1 DAGs
[2024-03-27T02:33:48.868+0000] {logging_mixin.py:188} INFO - [2024-03-27T02:33:48.868+0000] {dag.py:3834} INFO - Setting next_dagrun for example_sensors to None, run_after=None
[2024-03-27T02:33:48.894+0000] {processor.py:183} INFO - Processing /home/airflow/.local/lib/python3.8/site-packages/airflow/example_dags/example_sensors.py took 0.093 seconds
[2024-03-27T02:49:00.870+0000] {processor.py:161} INFO - Started process (PID=8840) to work on /home/airflow/.local/lib/python3.8/site-packages/airflow/example_dags/example_sensors.py
[2024-03-27T02:49:00.872+0000] {processor.py:830} INFO - Processing file /home/airflow/.local/lib/python3.8/site-packages/airflow/example_dags/example_sensors.py for tasks to queue
[2024-03-27T02:49:00.875+0000] {logging_mixin.py:188} INFO - [2024-03-27T02:49:00.875+0000] {dagbag.py:540} INFO - Filling up the DagBag from /home/airflow/.local/lib/python3.8/site-packages/airflow/example_dags/example_sensors.py
[2024-03-27T02:49:00.885+0000] {processor.py:840} INFO - DAG(s) 'example_sensors' retrieved from /home/airflow/.local/lib/python3.8/site-packages/airflow/example_dags/example_sensors.py
[2024-03-27T02:49:00.926+0000] {logging_mixin.py:188} INFO - [2024-03-27T02:49:00.925+0000] {dag.py:3047} INFO - Sync 1 DAGs
[2024-03-27T02:49:00.948+0000] {logging_mixin.py:188} INFO - [2024-03-27T02:49:00.948+0000] {dag.py:3834} INFO - Setting next_dagrun for example_sensors to None, run_after=None
[2024-03-27T02:49:00.989+0000] {processor.py:183} INFO - Processing /home/airflow/.local/lib/python3.8/site-packages/airflow/example_dags/example_sensors.py took 0.124 seconds
[2024-03-27T02:49:31.886+0000] {processor.py:161} INFO - Started process (PID=8895) to work on /home/airflow/.local/lib/python3.8/site-packages/airflow/example_dags/example_sensors.py
[2024-03-27T02:49:31.887+0000] {processor.py:830} INFO - Processing file /home/airflow/.local/lib/python3.8/site-packages/airflow/example_dags/example_sensors.py for tasks to queue
[2024-03-27T02:49:31.888+0000] {logging_mixin.py:188} INFO - [2024-03-27T02:49:31.888+0000] {dagbag.py:540} INFO - Filling up the DagBag from /home/airflow/.local/lib/python3.8/site-packages/airflow/example_dags/example_sensors.py
[2024-03-27T02:49:31.893+0000] {processor.py:840} INFO - DAG(s) 'example_sensors' retrieved from /home/airflow/.local/lib/python3.8/site-packages/airflow/example_dags/example_sensors.py
[2024-03-27T02:49:31.905+0000] {logging_mixin.py:188} INFO - [2024-03-27T02:49:31.905+0000] {dag.py:3047} INFO - Sync 1 DAGs
[2024-03-27T02:49:31.911+0000] {logging_mixin.py:188} INFO - [2024-03-27T02:49:31.910+0000] {dag.py:3834} INFO - Setting next_dagrun for example_sensors to None, run_after=None
[2024-03-27T02:49:31.919+0000] {processor.py:183} INFO - Processing /home/airflow/.local/lib/python3.8/site-packages/airflow/example_dags/example_sensors.py took 0.035 seconds
[2024-03-27T02:50:02.668+0000] {processor.py:161} INFO - Started process (PID=8950) to work on /home/airflow/.local/lib/python3.8/site-packages/airflow/example_dags/example_sensors.py
[2024-03-27T02:50:02.668+0000] {processor.py:830} INFO - Processing file /home/airflow/.local/lib/python3.8/site-packages/airflow/example_dags/example_sensors.py for tasks to queue
[2024-03-27T02:50:02.669+0000] {logging_mixin.py:188} INFO - [2024-03-27T02:50:02.669+0000] {dagbag.py:540} INFO - Filling up the DagBag from /home/airflow/.local/lib/python3.8/site-packages/airflow/example_dags/example_sensors.py
[2024-03-27T02:50:02.674+0000] {processor.py:840} INFO - DAG(s) 'example_sensors' retrieved from /home/airflow/.local/lib/python3.8/site-packages/airflow/example_dags/example_sensors.py
[2024-03-27T02:50:02.686+0000] {logging_mixin.py:188} INFO - [2024-03-27T02:50:02.686+0000] {dag.py:3047} INFO - Sync 1 DAGs
[2024-03-27T02:50:02.692+0000] {logging_mixin.py:188} INFO - [2024-03-27T02:50:02.692+0000] {dag.py:3834} INFO - Setting next_dagrun for example_sensors to None, run_after=None
[2024-03-27T02:50:02.700+0000] {processor.py:183} INFO - Processing /home/airflow/.local/lib/python3.8/site-packages/airflow/example_dags/example_sensors.py took 0.035 seconds
[2024-03-27T02:50:33.540+0000] {processor.py:161} INFO - Started process (PID=9005) to work on /home/airflow/.local/lib/python3.8/site-packages/airflow/example_dags/example_sensors.py
[2024-03-27T02:50:33.540+0000] {processor.py:830} INFO - Processing file /home/airflow/.local/lib/python3.8/site-packages/airflow/example_dags/example_sensors.py for tasks to queue
[2024-03-27T02:50:33.541+0000] {logging_mixin.py:188} INFO - [2024-03-27T02:50:33.541+0000] {dagbag.py:540} INFO - Filling up the DagBag from /home/airflow/.local/lib/python3.8/site-packages/airflow/example_dags/example_sensors.py
[2024-03-27T02:50:33.546+0000] {processor.py:840} INFO - DAG(s) 'example_sensors' retrieved from /home/airflow/.local/lib/python3.8/site-packages/airflow/example_dags/example_sensors.py
[2024-03-27T02:50:33.558+0000] {logging_mixin.py:188} INFO - [2024-03-27T02:50:33.558+0000] {dag.py:3047} INFO - Sync 1 DAGs
[2024-03-27T02:50:33.567+0000] {logging_mixin.py:188} INFO - [2024-03-27T02:50:33.567+0000] {dag.py:3834} INFO - Setting next_dagrun for example_sensors to None, run_after=None
[2024-03-27T02:50:33.576+0000] {processor.py:183} INFO - Processing /home/airflow/.local/lib/python3.8/site-packages/airflow/example_dags/example_sensors.py took 0.039 seconds
[2024-03-27T18:16:30.714+0000] {processor.py:161} INFO - Started process (PID=39) to work on /home/airflow/.local/lib/python3.8/site-packages/airflow/example_dags/example_sensors.py
[2024-03-27T18:16:30.716+0000] {processor.py:830} INFO - Processing file /home/airflow/.local/lib/python3.8/site-packages/airflow/example_dags/example_sensors.py for tasks to queue
[2024-03-27T18:16:30.721+0000] {logging_mixin.py:188} INFO - [2024-03-27T18:16:30.720+0000] {dagbag.py:540} INFO - Filling up the DagBag from /home/airflow/.local/lib/python3.8/site-packages/airflow/example_dags/example_sensors.py
[2024-03-27T18:16:30.739+0000] {processor.py:840} INFO - DAG(s) 'example_sensors' retrieved from /home/airflow/.local/lib/python3.8/site-packages/airflow/example_dags/example_sensors.py
[2024-03-27T18:16:30.771+0000] {logging_mixin.py:188} INFO - [2024-03-27T18:16:30.771+0000] {dag.py:3047} INFO - Sync 1 DAGs
[2024-03-27T18:16:30.781+0000] {logging_mixin.py:188} INFO - [2024-03-27T18:16:30.781+0000] {dag.py:3834} INFO - Setting next_dagrun for example_sensors to None, run_after=None
[2024-03-27T18:16:30.796+0000] {processor.py:183} INFO - Processing /home/airflow/.local/lib/python3.8/site-packages/airflow/example_dags/example_sensors.py took 0.084 seconds
