[2024-03-27T00:00:23.955+0000] {processor.py:161} INFO - Started process (PID=5234) to work on /home/airflow/.local/lib/python3.8/site-packages/airflow/example_dags/example_task_group.py
[2024-03-27T00:00:23.955+0000] {processor.py:830} INFO - Processing file /home/airflow/.local/lib/python3.8/site-packages/airflow/example_dags/example_task_group.py for tasks to queue
[2024-03-27T00:00:23.956+0000] {logging_mixin.py:188} INFO - [2024-03-27T00:00:23.956+0000] {dagbag.py:540} INFO - Filling up the DagBag from /home/airflow/.local/lib/python3.8/site-packages/airflow/example_dags/example_task_group.py
[2024-03-27T00:00:23.960+0000] {processor.py:840} INFO - DAG(s) 'example_task_group' retrieved from /home/airflow/.local/lib/python3.8/site-packages/airflow/example_dags/example_task_group.py
[2024-03-27T00:00:23.971+0000] {logging_mixin.py:188} INFO - [2024-03-27T00:00:23.971+0000] {dag.py:3047} INFO - Sync 1 DAGs
[2024-03-27T00:00:23.982+0000] {logging_mixin.py:188} INFO - [2024-03-27T00:00:23.982+0000] {dag.py:3834} INFO - Setting next_dagrun for example_task_group to 2024-03-26 00:00:00+00:00, run_after=2024-03-27 00:00:00+00:00
[2024-03-27T00:00:23.991+0000] {processor.py:183} INFO - Processing /home/airflow/.local/lib/python3.8/site-packages/airflow/example_dags/example_task_group.py took 0.038 seconds
[2024-03-27T00:00:54.902+0000] {processor.py:161} INFO - Started process (PID=5289) to work on /home/airflow/.local/lib/python3.8/site-packages/airflow/example_dags/example_task_group.py
[2024-03-27T00:00:54.903+0000] {processor.py:830} INFO - Processing file /home/airflow/.local/lib/python3.8/site-packages/airflow/example_dags/example_task_group.py for tasks to queue
[2024-03-27T00:00:54.904+0000] {logging_mixin.py:188} INFO - [2024-03-27T00:00:54.904+0000] {dagbag.py:540} INFO - Filling up the DagBag from /home/airflow/.local/lib/python3.8/site-packages/airflow/example_dags/example_task_group.py
[2024-03-27T00:00:54.908+0000] {processor.py:840} INFO - DAG(s) 'example_task_group' retrieved from /home/airflow/.local/lib/python3.8/site-packages/airflow/example_dags/example_task_group.py
[2024-03-27T00:00:54.919+0000] {logging_mixin.py:188} INFO - [2024-03-27T00:00:54.919+0000] {dag.py:3047} INFO - Sync 1 DAGs
[2024-03-27T00:00:54.929+0000] {logging_mixin.py:188} INFO - [2024-03-27T00:00:54.929+0000] {dag.py:3834} INFO - Setting next_dagrun for example_task_group to 2024-03-26 00:00:00+00:00, run_after=2024-03-27 00:00:00+00:00
[2024-03-27T00:00:54.938+0000] {processor.py:183} INFO - Processing /home/airflow/.local/lib/python3.8/site-packages/airflow/example_dags/example_task_group.py took 0.038 seconds
[2024-03-27T00:01:25.745+0000] {processor.py:161} INFO - Started process (PID=5344) to work on /home/airflow/.local/lib/python3.8/site-packages/airflow/example_dags/example_task_group.py
[2024-03-27T00:01:25.746+0000] {processor.py:830} INFO - Processing file /home/airflow/.local/lib/python3.8/site-packages/airflow/example_dags/example_task_group.py for tasks to queue
[2024-03-27T00:01:25.747+0000] {logging_mixin.py:188} INFO - [2024-03-27T00:01:25.746+0000] {dagbag.py:540} INFO - Filling up the DagBag from /home/airflow/.local/lib/python3.8/site-packages/airflow/example_dags/example_task_group.py
[2024-03-27T00:01:25.751+0000] {processor.py:840} INFO - DAG(s) 'example_task_group' retrieved from /home/airflow/.local/lib/python3.8/site-packages/airflow/example_dags/example_task_group.py
[2024-03-27T00:01:25.762+0000] {logging_mixin.py:188} INFO - [2024-03-27T00:01:25.762+0000] {dag.py:3047} INFO - Sync 1 DAGs
[2024-03-27T00:01:25.773+0000] {logging_mixin.py:188} INFO - [2024-03-27T00:01:25.773+0000] {dag.py:3834} INFO - Setting next_dagrun for example_task_group to 2024-03-26 00:00:00+00:00, run_after=2024-03-27 00:00:00+00:00
[2024-03-27T00:01:25.781+0000] {processor.py:183} INFO - Processing /home/airflow/.local/lib/python3.8/site-packages/airflow/example_dags/example_task_group.py took 0.038 seconds
[2024-03-27T00:01:56.764+0000] {processor.py:161} INFO - Started process (PID=5399) to work on /home/airflow/.local/lib/python3.8/site-packages/airflow/example_dags/example_task_group.py
[2024-03-27T00:01:56.764+0000] {processor.py:830} INFO - Processing file /home/airflow/.local/lib/python3.8/site-packages/airflow/example_dags/example_task_group.py for tasks to queue
[2024-03-27T00:01:56.765+0000] {logging_mixin.py:188} INFO - [2024-03-27T00:01:56.765+0000] {dagbag.py:540} INFO - Filling up the DagBag from /home/airflow/.local/lib/python3.8/site-packages/airflow/example_dags/example_task_group.py
[2024-03-27T00:01:56.770+0000] {processor.py:840} INFO - DAG(s) 'example_task_group' retrieved from /home/airflow/.local/lib/python3.8/site-packages/airflow/example_dags/example_task_group.py
[2024-03-27T00:01:56.780+0000] {logging_mixin.py:188} INFO - [2024-03-27T00:01:56.780+0000] {dag.py:3047} INFO - Sync 1 DAGs
[2024-03-27T00:01:56.791+0000] {logging_mixin.py:188} INFO - [2024-03-27T00:01:56.790+0000] {dag.py:3834} INFO - Setting next_dagrun for example_task_group to 2024-03-26 00:00:00+00:00, run_after=2024-03-27 00:00:00+00:00
[2024-03-27T00:01:56.799+0000] {processor.py:183} INFO - Processing /home/airflow/.local/lib/python3.8/site-packages/airflow/example_dags/example_task_group.py took 0.037 seconds
[2024-03-27T00:02:27.659+0000] {processor.py:161} INFO - Started process (PID=5454) to work on /home/airflow/.local/lib/python3.8/site-packages/airflow/example_dags/example_task_group.py
[2024-03-27T00:02:27.660+0000] {processor.py:830} INFO - Processing file /home/airflow/.local/lib/python3.8/site-packages/airflow/example_dags/example_task_group.py for tasks to queue
[2024-03-27T00:02:27.662+0000] {logging_mixin.py:188} INFO - [2024-03-27T00:02:27.662+0000] {dagbag.py:540} INFO - Filling up the DagBag from /home/airflow/.local/lib/python3.8/site-packages/airflow/example_dags/example_task_group.py
[2024-03-27T00:02:27.668+0000] {processor.py:840} INFO - DAG(s) 'example_task_group' retrieved from /home/airflow/.local/lib/python3.8/site-packages/airflow/example_dags/example_task_group.py
[2024-03-27T00:02:27.688+0000] {logging_mixin.py:188} INFO - [2024-03-27T00:02:27.687+0000] {dag.py:3047} INFO - Sync 1 DAGs
[2024-03-27T00:02:27.704+0000] {logging_mixin.py:188} INFO - [2024-03-27T00:02:27.703+0000] {dag.py:3834} INFO - Setting next_dagrun for example_task_group to 2024-03-26 00:00:00+00:00, run_after=2024-03-27 00:00:00+00:00
[2024-03-27T00:02:27.716+0000] {processor.py:183} INFO - Processing /home/airflow/.local/lib/python3.8/site-packages/airflow/example_dags/example_task_group.py took 0.061 seconds
[2024-03-27T00:02:58.788+0000] {processor.py:161} INFO - Started process (PID=5509) to work on /home/airflow/.local/lib/python3.8/site-packages/airflow/example_dags/example_task_group.py
[2024-03-27T00:02:58.789+0000] {processor.py:830} INFO - Processing file /home/airflow/.local/lib/python3.8/site-packages/airflow/example_dags/example_task_group.py for tasks to queue
[2024-03-27T00:02:58.790+0000] {logging_mixin.py:188} INFO - [2024-03-27T00:02:58.790+0000] {dagbag.py:540} INFO - Filling up the DagBag from /home/airflow/.local/lib/python3.8/site-packages/airflow/example_dags/example_task_group.py
[2024-03-27T00:02:58.796+0000] {processor.py:840} INFO - DAG(s) 'example_task_group' retrieved from /home/airflow/.local/lib/python3.8/site-packages/airflow/example_dags/example_task_group.py
[2024-03-27T00:02:58.816+0000] {logging_mixin.py:188} INFO - [2024-03-27T00:02:58.816+0000] {dag.py:3047} INFO - Sync 1 DAGs
[2024-03-27T00:02:58.833+0000] {logging_mixin.py:188} INFO - [2024-03-27T00:02:58.833+0000] {dag.py:3834} INFO - Setting next_dagrun for example_task_group to 2024-03-26 00:00:00+00:00, run_after=2024-03-27 00:00:00+00:00
[2024-03-27T00:02:58.851+0000] {processor.py:183} INFO - Processing /home/airflow/.local/lib/python3.8/site-packages/airflow/example_dags/example_task_group.py took 0.065 seconds
[2024-03-27T00:03:29.825+0000] {processor.py:161} INFO - Started process (PID=5563) to work on /home/airflow/.local/lib/python3.8/site-packages/airflow/example_dags/example_task_group.py
[2024-03-27T00:03:29.826+0000] {processor.py:830} INFO - Processing file /home/airflow/.local/lib/python3.8/site-packages/airflow/example_dags/example_task_group.py for tasks to queue
[2024-03-27T00:03:29.827+0000] {logging_mixin.py:188} INFO - [2024-03-27T00:03:29.827+0000] {dagbag.py:540} INFO - Filling up the DagBag from /home/airflow/.local/lib/python3.8/site-packages/airflow/example_dags/example_task_group.py
[2024-03-27T00:03:29.838+0000] {processor.py:840} INFO - DAG(s) 'example_task_group' retrieved from /home/airflow/.local/lib/python3.8/site-packages/airflow/example_dags/example_task_group.py
[2024-03-27T00:03:29.868+0000] {logging_mixin.py:188} INFO - [2024-03-27T00:03:29.868+0000] {dag.py:3047} INFO - Sync 1 DAGs
[2024-03-27T00:03:29.889+0000] {logging_mixin.py:188} INFO - [2024-03-27T00:03:29.889+0000] {dag.py:3834} INFO - Setting next_dagrun for example_task_group to 2024-03-26 00:00:00+00:00, run_after=2024-03-27 00:00:00+00:00
[2024-03-27T00:03:29.902+0000] {processor.py:183} INFO - Processing /home/airflow/.local/lib/python3.8/site-packages/airflow/example_dags/example_task_group.py took 0.079 seconds
[2024-03-27T00:04:03.086+0000] {processor.py:161} INFO - Started process (PID=5618) to work on /home/airflow/.local/lib/python3.8/site-packages/airflow/example_dags/example_task_group.py
[2024-03-27T00:04:03.086+0000] {processor.py:830} INFO - Processing file /home/airflow/.local/lib/python3.8/site-packages/airflow/example_dags/example_task_group.py for tasks to queue
[2024-03-27T00:04:03.087+0000] {logging_mixin.py:188} INFO - [2024-03-27T00:04:03.087+0000] {dagbag.py:540} INFO - Filling up the DagBag from /home/airflow/.local/lib/python3.8/site-packages/airflow/example_dags/example_task_group.py
[2024-03-27T00:04:03.091+0000] {processor.py:840} INFO - DAG(s) 'example_task_group' retrieved from /home/airflow/.local/lib/python3.8/site-packages/airflow/example_dags/example_task_group.py
[2024-03-27T00:04:03.102+0000] {logging_mixin.py:188} INFO - [2024-03-27T00:04:03.101+0000] {dag.py:3047} INFO - Sync 1 DAGs
[2024-03-27T00:04:03.111+0000] {logging_mixin.py:188} INFO - [2024-03-27T00:04:03.111+0000] {dag.py:3834} INFO - Setting next_dagrun for example_task_group to 2024-03-26 00:00:00+00:00, run_after=2024-03-27 00:00:00+00:00
[2024-03-27T00:04:03.119+0000] {processor.py:183} INFO - Processing /home/airflow/.local/lib/python3.8/site-packages/airflow/example_dags/example_task_group.py took 0.035 seconds
[2024-03-27T00:04:33.819+0000] {processor.py:161} INFO - Started process (PID=5673) to work on /home/airflow/.local/lib/python3.8/site-packages/airflow/example_dags/example_task_group.py
[2024-03-27T00:04:33.821+0000] {processor.py:830} INFO - Processing file /home/airflow/.local/lib/python3.8/site-packages/airflow/example_dags/example_task_group.py for tasks to queue
[2024-03-27T00:04:33.825+0000] {logging_mixin.py:188} INFO - [2024-03-27T00:04:33.824+0000] {dagbag.py:540} INFO - Filling up the DagBag from /home/airflow/.local/lib/python3.8/site-packages/airflow/example_dags/example_task_group.py
[2024-03-27T00:04:33.828+0000] {processor.py:840} INFO - DAG(s) 'example_task_group' retrieved from /home/airflow/.local/lib/python3.8/site-packages/airflow/example_dags/example_task_group.py
[2024-03-27T00:04:33.840+0000] {logging_mixin.py:188} INFO - [2024-03-27T00:04:33.840+0000] {dag.py:3047} INFO - Sync 1 DAGs
[2024-03-27T00:04:33.851+0000] {logging_mixin.py:188} INFO - [2024-03-27T00:04:33.850+0000] {dag.py:3834} INFO - Setting next_dagrun for example_task_group to 2024-03-26 00:00:00+00:00, run_after=2024-03-27 00:00:00+00:00
[2024-03-27T00:04:33.859+0000] {processor.py:183} INFO - Processing /home/airflow/.local/lib/python3.8/site-packages/airflow/example_dags/example_task_group.py took 0.043 seconds
[2024-03-27T00:05:04.564+0000] {processor.py:161} INFO - Started process (PID=5728) to work on /home/airflow/.local/lib/python3.8/site-packages/airflow/example_dags/example_task_group.py
[2024-03-27T00:05:04.564+0000] {processor.py:830} INFO - Processing file /home/airflow/.local/lib/python3.8/site-packages/airflow/example_dags/example_task_group.py for tasks to queue
[2024-03-27T00:05:04.565+0000] {logging_mixin.py:188} INFO - [2024-03-27T00:05:04.565+0000] {dagbag.py:540} INFO - Filling up the DagBag from /home/airflow/.local/lib/python3.8/site-packages/airflow/example_dags/example_task_group.py
[2024-03-27T00:05:04.570+0000] {processor.py:840} INFO - DAG(s) 'example_task_group' retrieved from /home/airflow/.local/lib/python3.8/site-packages/airflow/example_dags/example_task_group.py
[2024-03-27T00:05:04.581+0000] {logging_mixin.py:188} INFO - [2024-03-27T00:05:04.581+0000] {dag.py:3047} INFO - Sync 1 DAGs
[2024-03-27T00:05:04.592+0000] {logging_mixin.py:188} INFO - [2024-03-27T00:05:04.592+0000] {dag.py:3834} INFO - Setting next_dagrun for example_task_group to 2024-03-26 00:00:00+00:00, run_after=2024-03-27 00:00:00+00:00
[2024-03-27T00:05:04.602+0000] {processor.py:183} INFO - Processing /home/airflow/.local/lib/python3.8/site-packages/airflow/example_dags/example_task_group.py took 0.040 seconds
[2024-03-27T00:05:35.276+0000] {processor.py:161} INFO - Started process (PID=5783) to work on /home/airflow/.local/lib/python3.8/site-packages/airflow/example_dags/example_task_group.py
[2024-03-27T00:05:35.277+0000] {processor.py:830} INFO - Processing file /home/airflow/.local/lib/python3.8/site-packages/airflow/example_dags/example_task_group.py for tasks to queue
[2024-03-27T00:05:35.278+0000] {logging_mixin.py:188} INFO - [2024-03-27T00:05:35.278+0000] {dagbag.py:540} INFO - Filling up the DagBag from /home/airflow/.local/lib/python3.8/site-packages/airflow/example_dags/example_task_group.py
[2024-03-27T00:05:35.282+0000] {processor.py:840} INFO - DAG(s) 'example_task_group' retrieved from /home/airflow/.local/lib/python3.8/site-packages/airflow/example_dags/example_task_group.py
[2024-03-27T00:05:35.293+0000] {logging_mixin.py:188} INFO - [2024-03-27T00:05:35.293+0000] {dag.py:3047} INFO - Sync 1 DAGs
[2024-03-27T00:05:35.303+0000] {logging_mixin.py:188} INFO - [2024-03-27T00:05:35.303+0000] {dag.py:3834} INFO - Setting next_dagrun for example_task_group to 2024-03-26 00:00:00+00:00, run_after=2024-03-27 00:00:00+00:00
[2024-03-27T00:05:35.313+0000] {processor.py:183} INFO - Processing /home/airflow/.local/lib/python3.8/site-packages/airflow/example_dags/example_task_group.py took 0.039 seconds
[2024-03-27T00:06:05.965+0000] {processor.py:161} INFO - Started process (PID=5838) to work on /home/airflow/.local/lib/python3.8/site-packages/airflow/example_dags/example_task_group.py
[2024-03-27T00:06:05.966+0000] {processor.py:830} INFO - Processing file /home/airflow/.local/lib/python3.8/site-packages/airflow/example_dags/example_task_group.py for tasks to queue
[2024-03-27T00:06:05.967+0000] {logging_mixin.py:188} INFO - [2024-03-27T00:06:05.966+0000] {dagbag.py:540} INFO - Filling up the DagBag from /home/airflow/.local/lib/python3.8/site-packages/airflow/example_dags/example_task_group.py
[2024-03-27T00:06:05.971+0000] {processor.py:840} INFO - DAG(s) 'example_task_group' retrieved from /home/airflow/.local/lib/python3.8/site-packages/airflow/example_dags/example_task_group.py
[2024-03-27T00:06:05.987+0000] {logging_mixin.py:188} INFO - [2024-03-27T00:06:05.987+0000] {dag.py:3047} INFO - Sync 1 DAGs
[2024-03-27T00:06:06.000+0000] {logging_mixin.py:188} INFO - [2024-03-27T00:06:05.999+0000] {dag.py:3834} INFO - Setting next_dagrun for example_task_group to 2024-03-26 00:00:00+00:00, run_after=2024-03-27 00:00:00+00:00
[2024-03-27T00:06:06.008+0000] {processor.py:183} INFO - Processing /home/airflow/.local/lib/python3.8/site-packages/airflow/example_dags/example_task_group.py took 0.046 seconds
[2024-03-27T00:09:25.248+0000] {processor.py:161} INFO - Started process (PID=5893) to work on /home/airflow/.local/lib/python3.8/site-packages/airflow/example_dags/example_task_group.py
[2024-03-27T00:09:25.249+0000] {processor.py:830} INFO - Processing file /home/airflow/.local/lib/python3.8/site-packages/airflow/example_dags/example_task_group.py for tasks to queue
[2024-03-27T00:09:25.250+0000] {logging_mixin.py:188} INFO - [2024-03-27T00:09:25.250+0000] {dagbag.py:540} INFO - Filling up the DagBag from /home/airflow/.local/lib/python3.8/site-packages/airflow/example_dags/example_task_group.py
[2024-03-27T00:09:25.257+0000] {processor.py:840} INFO - DAG(s) 'example_task_group' retrieved from /home/airflow/.local/lib/python3.8/site-packages/airflow/example_dags/example_task_group.py
[2024-03-27T00:09:25.275+0000] {logging_mixin.py:188} INFO - [2024-03-27T00:09:25.275+0000] {dag.py:3047} INFO - Sync 1 DAGs
[2024-03-27T00:09:25.289+0000] {logging_mixin.py:188} INFO - [2024-03-27T00:09:25.289+0000] {dag.py:3834} INFO - Setting next_dagrun for example_task_group to 2024-03-26 00:00:00+00:00, run_after=2024-03-27 00:00:00+00:00
[2024-03-27T00:09:25.302+0000] {processor.py:183} INFO - Processing /home/airflow/.local/lib/python3.8/site-packages/airflow/example_dags/example_task_group.py took 0.055 seconds
[2024-03-27T00:09:56.224+0000] {processor.py:161} INFO - Started process (PID=5947) to work on /home/airflow/.local/lib/python3.8/site-packages/airflow/example_dags/example_task_group.py
[2024-03-27T00:09:56.224+0000] {processor.py:830} INFO - Processing file /home/airflow/.local/lib/python3.8/site-packages/airflow/example_dags/example_task_group.py for tasks to queue
[2024-03-27T00:09:56.225+0000] {logging_mixin.py:188} INFO - [2024-03-27T00:09:56.225+0000] {dagbag.py:540} INFO - Filling up the DagBag from /home/airflow/.local/lib/python3.8/site-packages/airflow/example_dags/example_task_group.py
[2024-03-27T00:09:56.230+0000] {processor.py:840} INFO - DAG(s) 'example_task_group' retrieved from /home/airflow/.local/lib/python3.8/site-packages/airflow/example_dags/example_task_group.py
[2024-03-27T00:09:56.241+0000] {logging_mixin.py:188} INFO - [2024-03-27T00:09:56.240+0000] {dag.py:3047} INFO - Sync 1 DAGs
[2024-03-27T00:09:56.251+0000] {logging_mixin.py:188} INFO - [2024-03-27T00:09:56.251+0000] {dag.py:3834} INFO - Setting next_dagrun for example_task_group to 2024-03-26 00:00:00+00:00, run_after=2024-03-27 00:00:00+00:00
[2024-03-27T00:09:56.260+0000] {processor.py:183} INFO - Processing /home/airflow/.local/lib/python3.8/site-packages/airflow/example_dags/example_task_group.py took 0.038 seconds
[2024-03-27T00:10:27.273+0000] {processor.py:161} INFO - Started process (PID=6002) to work on /home/airflow/.local/lib/python3.8/site-packages/airflow/example_dags/example_task_group.py
[2024-03-27T00:10:27.274+0000] {processor.py:830} INFO - Processing file /home/airflow/.local/lib/python3.8/site-packages/airflow/example_dags/example_task_group.py for tasks to queue
[2024-03-27T00:10:27.275+0000] {logging_mixin.py:188} INFO - [2024-03-27T00:10:27.274+0000] {dagbag.py:540} INFO - Filling up the DagBag from /home/airflow/.local/lib/python3.8/site-packages/airflow/example_dags/example_task_group.py
[2024-03-27T00:10:27.279+0000] {processor.py:840} INFO - DAG(s) 'example_task_group' retrieved from /home/airflow/.local/lib/python3.8/site-packages/airflow/example_dags/example_task_group.py
[2024-03-27T00:10:27.290+0000] {logging_mixin.py:188} INFO - [2024-03-27T00:10:27.290+0000] {dag.py:3047} INFO - Sync 1 DAGs
[2024-03-27T00:10:27.301+0000] {logging_mixin.py:188} INFO - [2024-03-27T00:10:27.300+0000] {dag.py:3834} INFO - Setting next_dagrun for example_task_group to 2024-03-26 00:00:00+00:00, run_after=2024-03-27 00:00:00+00:00
[2024-03-27T00:10:27.309+0000] {processor.py:183} INFO - Processing /home/airflow/.local/lib/python3.8/site-packages/airflow/example_dags/example_task_group.py took 0.038 seconds
[2024-03-27T00:10:58.215+0000] {processor.py:161} INFO - Started process (PID=6057) to work on /home/airflow/.local/lib/python3.8/site-packages/airflow/example_dags/example_task_group.py
[2024-03-27T00:10:58.216+0000] {processor.py:830} INFO - Processing file /home/airflow/.local/lib/python3.8/site-packages/airflow/example_dags/example_task_group.py for tasks to queue
[2024-03-27T00:10:58.217+0000] {logging_mixin.py:188} INFO - [2024-03-27T00:10:58.217+0000] {dagbag.py:540} INFO - Filling up the DagBag from /home/airflow/.local/lib/python3.8/site-packages/airflow/example_dags/example_task_group.py
[2024-03-27T00:10:58.221+0000] {processor.py:840} INFO - DAG(s) 'example_task_group' retrieved from /home/airflow/.local/lib/python3.8/site-packages/airflow/example_dags/example_task_group.py
[2024-03-27T00:10:58.232+0000] {logging_mixin.py:188} INFO - [2024-03-27T00:10:58.232+0000] {dag.py:3047} INFO - Sync 1 DAGs
[2024-03-27T00:10:58.243+0000] {logging_mixin.py:188} INFO - [2024-03-27T00:10:58.243+0000] {dag.py:3834} INFO - Setting next_dagrun for example_task_group to 2024-03-26 00:00:00+00:00, run_after=2024-03-27 00:00:00+00:00
[2024-03-27T00:10:58.251+0000] {processor.py:183} INFO - Processing /home/airflow/.local/lib/python3.8/site-packages/airflow/example_dags/example_task_group.py took 0.038 seconds
[2024-03-27T00:11:29.073+0000] {processor.py:161} INFO - Started process (PID=6111) to work on /home/airflow/.local/lib/python3.8/site-packages/airflow/example_dags/example_task_group.py
[2024-03-27T00:11:29.074+0000] {processor.py:830} INFO - Processing file /home/airflow/.local/lib/python3.8/site-packages/airflow/example_dags/example_task_group.py for tasks to queue
[2024-03-27T00:11:29.075+0000] {logging_mixin.py:188} INFO - [2024-03-27T00:11:29.075+0000] {dagbag.py:540} INFO - Filling up the DagBag from /home/airflow/.local/lib/python3.8/site-packages/airflow/example_dags/example_task_group.py
[2024-03-27T00:11:29.080+0000] {processor.py:840} INFO - DAG(s) 'example_task_group' retrieved from /home/airflow/.local/lib/python3.8/site-packages/airflow/example_dags/example_task_group.py
[2024-03-27T00:11:29.093+0000] {logging_mixin.py:188} INFO - [2024-03-27T00:11:29.092+0000] {dag.py:3047} INFO - Sync 1 DAGs
[2024-03-27T00:11:29.105+0000] {logging_mixin.py:188} INFO - [2024-03-27T00:11:29.105+0000] {dag.py:3834} INFO - Setting next_dagrun for example_task_group to 2024-03-26 00:00:00+00:00, run_after=2024-03-27 00:00:00+00:00
[2024-03-27T00:11:29.115+0000] {processor.py:183} INFO - Processing /home/airflow/.local/lib/python3.8/site-packages/airflow/example_dags/example_task_group.py took 0.043 seconds
[2024-03-27T00:12:00.152+0000] {processor.py:161} INFO - Started process (PID=6166) to work on /home/airflow/.local/lib/python3.8/site-packages/airflow/example_dags/example_task_group.py
[2024-03-27T00:12:00.153+0000] {processor.py:830} INFO - Processing file /home/airflow/.local/lib/python3.8/site-packages/airflow/example_dags/example_task_group.py for tasks to queue
[2024-03-27T00:12:00.154+0000] {logging_mixin.py:188} INFO - [2024-03-27T00:12:00.154+0000] {dagbag.py:540} INFO - Filling up the DagBag from /home/airflow/.local/lib/python3.8/site-packages/airflow/example_dags/example_task_group.py
[2024-03-27T00:12:00.158+0000] {processor.py:840} INFO - DAG(s) 'example_task_group' retrieved from /home/airflow/.local/lib/python3.8/site-packages/airflow/example_dags/example_task_group.py
[2024-03-27T00:12:00.170+0000] {logging_mixin.py:188} INFO - [2024-03-27T00:12:00.169+0000] {dag.py:3047} INFO - Sync 1 DAGs
[2024-03-27T00:12:00.181+0000] {logging_mixin.py:188} INFO - [2024-03-27T00:12:00.181+0000] {dag.py:3834} INFO - Setting next_dagrun for example_task_group to 2024-03-26 00:00:00+00:00, run_after=2024-03-27 00:00:00+00:00
[2024-03-27T00:12:00.189+0000] {processor.py:183} INFO - Processing /home/airflow/.local/lib/python3.8/site-packages/airflow/example_dags/example_task_group.py took 0.039 seconds
[2024-03-27T00:12:30.947+0000] {processor.py:161} INFO - Started process (PID=6220) to work on /home/airflow/.local/lib/python3.8/site-packages/airflow/example_dags/example_task_group.py
[2024-03-27T00:12:30.948+0000] {processor.py:830} INFO - Processing file /home/airflow/.local/lib/python3.8/site-packages/airflow/example_dags/example_task_group.py for tasks to queue
[2024-03-27T00:12:30.950+0000] {logging_mixin.py:188} INFO - [2024-03-27T00:12:30.950+0000] {dagbag.py:540} INFO - Filling up the DagBag from /home/airflow/.local/lib/python3.8/site-packages/airflow/example_dags/example_task_group.py
[2024-03-27T00:12:30.954+0000] {processor.py:840} INFO - DAG(s) 'example_task_group' retrieved from /home/airflow/.local/lib/python3.8/site-packages/airflow/example_dags/example_task_group.py
[2024-03-27T00:12:30.966+0000] {logging_mixin.py:188} INFO - [2024-03-27T00:12:30.966+0000] {dag.py:3047} INFO - Sync 1 DAGs
[2024-03-27T00:12:30.983+0000] {logging_mixin.py:188} INFO - [2024-03-27T00:12:30.982+0000] {dag.py:3834} INFO - Setting next_dagrun for example_task_group to 2024-03-26 00:00:00+00:00, run_after=2024-03-27 00:00:00+00:00
[2024-03-27T00:12:30.995+0000] {processor.py:183} INFO - Processing /home/airflow/.local/lib/python3.8/site-packages/airflow/example_dags/example_task_group.py took 0.049 seconds
[2024-03-27T00:13:01.728+0000] {processor.py:161} INFO - Started process (PID=6275) to work on /home/airflow/.local/lib/python3.8/site-packages/airflow/example_dags/example_task_group.py
[2024-03-27T00:13:01.729+0000] {processor.py:830} INFO - Processing file /home/airflow/.local/lib/python3.8/site-packages/airflow/example_dags/example_task_group.py for tasks to queue
[2024-03-27T00:13:01.730+0000] {logging_mixin.py:188} INFO - [2024-03-27T00:13:01.729+0000] {dagbag.py:540} INFO - Filling up the DagBag from /home/airflow/.local/lib/python3.8/site-packages/airflow/example_dags/example_task_group.py
[2024-03-27T00:13:01.734+0000] {processor.py:840} INFO - DAG(s) 'example_task_group' retrieved from /home/airflow/.local/lib/python3.8/site-packages/airflow/example_dags/example_task_group.py
[2024-03-27T00:13:01.745+0000] {logging_mixin.py:188} INFO - [2024-03-27T00:13:01.745+0000] {dag.py:3047} INFO - Sync 1 DAGs
[2024-03-27T00:13:01.756+0000] {logging_mixin.py:188} INFO - [2024-03-27T00:13:01.756+0000] {dag.py:3834} INFO - Setting next_dagrun for example_task_group to 2024-03-26 00:00:00+00:00, run_after=2024-03-27 00:00:00+00:00
[2024-03-27T00:13:01.764+0000] {processor.py:183} INFO - Processing /home/airflow/.local/lib/python3.8/site-packages/airflow/example_dags/example_task_group.py took 0.039 seconds
[2024-03-27T00:13:32.753+0000] {processor.py:161} INFO - Started process (PID=6330) to work on /home/airflow/.local/lib/python3.8/site-packages/airflow/example_dags/example_task_group.py
[2024-03-27T00:13:32.754+0000] {processor.py:830} INFO - Processing file /home/airflow/.local/lib/python3.8/site-packages/airflow/example_dags/example_task_group.py for tasks to queue
[2024-03-27T00:13:32.755+0000] {logging_mixin.py:188} INFO - [2024-03-27T00:13:32.754+0000] {dagbag.py:540} INFO - Filling up the DagBag from /home/airflow/.local/lib/python3.8/site-packages/airflow/example_dags/example_task_group.py
[2024-03-27T00:13:32.759+0000] {processor.py:840} INFO - DAG(s) 'example_task_group' retrieved from /home/airflow/.local/lib/python3.8/site-packages/airflow/example_dags/example_task_group.py
[2024-03-27T00:13:32.770+0000] {logging_mixin.py:188} INFO - [2024-03-27T00:13:32.770+0000] {dag.py:3047} INFO - Sync 1 DAGs
[2024-03-27T00:13:32.780+0000] {logging_mixin.py:188} INFO - [2024-03-27T00:13:32.779+0000] {dag.py:3834} INFO - Setting next_dagrun for example_task_group to 2024-03-26 00:00:00+00:00, run_after=2024-03-27 00:00:00+00:00
[2024-03-27T00:13:32.788+0000] {processor.py:183} INFO - Processing /home/airflow/.local/lib/python3.8/site-packages/airflow/example_dags/example_task_group.py took 0.037 seconds
[2024-03-27T00:14:03.128+0000] {processor.py:161} INFO - Started process (PID=6385) to work on /home/airflow/.local/lib/python3.8/site-packages/airflow/example_dags/example_task_group.py
[2024-03-27T00:14:03.129+0000] {processor.py:830} INFO - Processing file /home/airflow/.local/lib/python3.8/site-packages/airflow/example_dags/example_task_group.py for tasks to queue
[2024-03-27T00:14:03.130+0000] {logging_mixin.py:188} INFO - [2024-03-27T00:14:03.130+0000] {dagbag.py:540} INFO - Filling up the DagBag from /home/airflow/.local/lib/python3.8/site-packages/airflow/example_dags/example_task_group.py
[2024-03-27T00:14:03.134+0000] {processor.py:840} INFO - DAG(s) 'example_task_group' retrieved from /home/airflow/.local/lib/python3.8/site-packages/airflow/example_dags/example_task_group.py
[2024-03-27T00:14:03.146+0000] {logging_mixin.py:188} INFO - [2024-03-27T00:14:03.146+0000] {dag.py:3047} INFO - Sync 1 DAGs
[2024-03-27T00:14:03.156+0000] {logging_mixin.py:188} INFO - [2024-03-27T00:14:03.156+0000] {dag.py:3834} INFO - Setting next_dagrun for example_task_group to 2024-03-26 00:00:00+00:00, run_after=2024-03-27 00:00:00+00:00
[2024-03-27T00:14:03.169+0000] {processor.py:183} INFO - Processing /home/airflow/.local/lib/python3.8/site-packages/airflow/example_dags/example_task_group.py took 0.042 seconds
[2024-03-27T00:14:33.221+0000] {processor.py:161} INFO - Started process (PID=6440) to work on /home/airflow/.local/lib/python3.8/site-packages/airflow/example_dags/example_task_group.py
[2024-03-27T00:14:33.222+0000] {processor.py:830} INFO - Processing file /home/airflow/.local/lib/python3.8/site-packages/airflow/example_dags/example_task_group.py for tasks to queue
[2024-03-27T00:14:33.223+0000] {logging_mixin.py:188} INFO - [2024-03-27T00:14:33.223+0000] {dagbag.py:540} INFO - Filling up the DagBag from /home/airflow/.local/lib/python3.8/site-packages/airflow/example_dags/example_task_group.py
[2024-03-27T00:14:33.227+0000] {processor.py:840} INFO - DAG(s) 'example_task_group' retrieved from /home/airflow/.local/lib/python3.8/site-packages/airflow/example_dags/example_task_group.py
[2024-03-27T00:14:33.238+0000] {logging_mixin.py:188} INFO - [2024-03-27T00:14:33.238+0000] {dag.py:3047} INFO - Sync 1 DAGs
[2024-03-27T00:14:33.248+0000] {logging_mixin.py:188} INFO - [2024-03-27T00:14:33.248+0000] {dag.py:3834} INFO - Setting next_dagrun for example_task_group to 2024-03-26 00:00:00+00:00, run_after=2024-03-27 00:00:00+00:00
[2024-03-27T00:14:33.256+0000] {processor.py:183} INFO - Processing /home/airflow/.local/lib/python3.8/site-packages/airflow/example_dags/example_task_group.py took 0.037 seconds
[2024-03-27T00:15:03.998+0000] {processor.py:161} INFO - Started process (PID=6495) to work on /home/airflow/.local/lib/python3.8/site-packages/airflow/example_dags/example_task_group.py
[2024-03-27T00:15:03.999+0000] {processor.py:830} INFO - Processing file /home/airflow/.local/lib/python3.8/site-packages/airflow/example_dags/example_task_group.py for tasks to queue
[2024-03-27T00:15:03.999+0000] {logging_mixin.py:188} INFO - [2024-03-27T00:15:03.999+0000] {dagbag.py:540} INFO - Filling up the DagBag from /home/airflow/.local/lib/python3.8/site-packages/airflow/example_dags/example_task_group.py
[2024-03-27T00:15:04.003+0000] {processor.py:840} INFO - DAG(s) 'example_task_group' retrieved from /home/airflow/.local/lib/python3.8/site-packages/airflow/example_dags/example_task_group.py
[2024-03-27T00:15:04.013+0000] {logging_mixin.py:188} INFO - [2024-03-27T00:15:04.013+0000] {dag.py:3047} INFO - Sync 1 DAGs
[2024-03-27T00:15:04.023+0000] {logging_mixin.py:188} INFO - [2024-03-27T00:15:04.023+0000] {dag.py:3834} INFO - Setting next_dagrun for example_task_group to 2024-03-26 00:00:00+00:00, run_after=2024-03-27 00:00:00+00:00
[2024-03-27T00:15:04.031+0000] {processor.py:183} INFO - Processing /home/airflow/.local/lib/python3.8/site-packages/airflow/example_dags/example_task_group.py took 0.034 seconds
[2024-03-27T00:15:34.833+0000] {processor.py:161} INFO - Started process (PID=6550) to work on /home/airflow/.local/lib/python3.8/site-packages/airflow/example_dags/example_task_group.py
[2024-03-27T00:15:34.834+0000] {processor.py:830} INFO - Processing file /home/airflow/.local/lib/python3.8/site-packages/airflow/example_dags/example_task_group.py for tasks to queue
[2024-03-27T00:15:34.835+0000] {logging_mixin.py:188} INFO - [2024-03-27T00:15:34.835+0000] {dagbag.py:540} INFO - Filling up the DagBag from /home/airflow/.local/lib/python3.8/site-packages/airflow/example_dags/example_task_group.py
[2024-03-27T00:15:34.839+0000] {processor.py:840} INFO - DAG(s) 'example_task_group' retrieved from /home/airflow/.local/lib/python3.8/site-packages/airflow/example_dags/example_task_group.py
[2024-03-27T00:15:34.851+0000] {logging_mixin.py:188} INFO - [2024-03-27T00:15:34.851+0000] {dag.py:3047} INFO - Sync 1 DAGs
[2024-03-27T00:15:34.863+0000] {logging_mixin.py:188} INFO - [2024-03-27T00:15:34.862+0000] {dag.py:3834} INFO - Setting next_dagrun for example_task_group to 2024-03-26 00:00:00+00:00, run_after=2024-03-27 00:00:00+00:00
[2024-03-27T00:15:34.872+0000] {processor.py:183} INFO - Processing /home/airflow/.local/lib/python3.8/site-packages/airflow/example_dags/example_task_group.py took 0.040 seconds
[2024-03-27T00:16:05.095+0000] {processor.py:161} INFO - Started process (PID=6605) to work on /home/airflow/.local/lib/python3.8/site-packages/airflow/example_dags/example_task_group.py
[2024-03-27T00:16:05.095+0000] {processor.py:830} INFO - Processing file /home/airflow/.local/lib/python3.8/site-packages/airflow/example_dags/example_task_group.py for tasks to queue
[2024-03-27T00:16:05.096+0000] {logging_mixin.py:188} INFO - [2024-03-27T00:16:05.096+0000] {dagbag.py:540} INFO - Filling up the DagBag from /home/airflow/.local/lib/python3.8/site-packages/airflow/example_dags/example_task_group.py
[2024-03-27T00:16:05.101+0000] {processor.py:840} INFO - DAG(s) 'example_task_group' retrieved from /home/airflow/.local/lib/python3.8/site-packages/airflow/example_dags/example_task_group.py
[2024-03-27T00:16:05.112+0000] {logging_mixin.py:188} INFO - [2024-03-27T00:16:05.112+0000] {dag.py:3047} INFO - Sync 1 DAGs
[2024-03-27T00:16:05.122+0000] {logging_mixin.py:188} INFO - [2024-03-27T00:16:05.122+0000] {dag.py:3834} INFO - Setting next_dagrun for example_task_group to 2024-03-26 00:00:00+00:00, run_after=2024-03-27 00:00:00+00:00
[2024-03-27T00:16:05.130+0000] {processor.py:183} INFO - Processing /home/airflow/.local/lib/python3.8/site-packages/airflow/example_dags/example_task_group.py took 0.037 seconds
[2024-03-27T00:16:35.845+0000] {processor.py:161} INFO - Started process (PID=6660) to work on /home/airflow/.local/lib/python3.8/site-packages/airflow/example_dags/example_task_group.py
[2024-03-27T00:16:35.846+0000] {processor.py:830} INFO - Processing file /home/airflow/.local/lib/python3.8/site-packages/airflow/example_dags/example_task_group.py for tasks to queue
[2024-03-27T00:16:35.847+0000] {logging_mixin.py:188} INFO - [2024-03-27T00:16:35.847+0000] {dagbag.py:540} INFO - Filling up the DagBag from /home/airflow/.local/lib/python3.8/site-packages/airflow/example_dags/example_task_group.py
[2024-03-27T00:16:35.851+0000] {processor.py:840} INFO - DAG(s) 'example_task_group' retrieved from /home/airflow/.local/lib/python3.8/site-packages/airflow/example_dags/example_task_group.py
[2024-03-27T00:16:35.863+0000] {logging_mixin.py:188} INFO - [2024-03-27T00:16:35.862+0000] {dag.py:3047} INFO - Sync 1 DAGs
[2024-03-27T00:16:35.873+0000] {logging_mixin.py:188} INFO - [2024-03-27T00:16:35.873+0000] {dag.py:3834} INFO - Setting next_dagrun for example_task_group to 2024-03-26 00:00:00+00:00, run_after=2024-03-27 00:00:00+00:00
[2024-03-27T00:16:35.881+0000] {processor.py:183} INFO - Processing /home/airflow/.local/lib/python3.8/site-packages/airflow/example_dags/example_task_group.py took 0.038 seconds
[2024-03-27T00:17:06.627+0000] {processor.py:161} INFO - Started process (PID=6715) to work on /home/airflow/.local/lib/python3.8/site-packages/airflow/example_dags/example_task_group.py
[2024-03-27T00:17:06.627+0000] {processor.py:830} INFO - Processing file /home/airflow/.local/lib/python3.8/site-packages/airflow/example_dags/example_task_group.py for tasks to queue
[2024-03-27T00:17:06.628+0000] {logging_mixin.py:188} INFO - [2024-03-27T00:17:06.628+0000] {dagbag.py:540} INFO - Filling up the DagBag from /home/airflow/.local/lib/python3.8/site-packages/airflow/example_dags/example_task_group.py
[2024-03-27T00:17:06.633+0000] {processor.py:840} INFO - DAG(s) 'example_task_group' retrieved from /home/airflow/.local/lib/python3.8/site-packages/airflow/example_dags/example_task_group.py
[2024-03-27T00:17:06.645+0000] {logging_mixin.py:188} INFO - [2024-03-27T00:17:06.645+0000] {dag.py:3047} INFO - Sync 1 DAGs
[2024-03-27T00:17:06.655+0000] {logging_mixin.py:188} INFO - [2024-03-27T00:17:06.655+0000] {dag.py:3834} INFO - Setting next_dagrun for example_task_group to 2024-03-26 00:00:00+00:00, run_after=2024-03-27 00:00:00+00:00
[2024-03-27T00:17:06.664+0000] {processor.py:183} INFO - Processing /home/airflow/.local/lib/python3.8/site-packages/airflow/example_dags/example_task_group.py took 0.039 seconds
[2024-03-27T00:17:37.613+0000] {processor.py:161} INFO - Started process (PID=6770) to work on /home/airflow/.local/lib/python3.8/site-packages/airflow/example_dags/example_task_group.py
[2024-03-27T00:17:37.614+0000] {processor.py:830} INFO - Processing file /home/airflow/.local/lib/python3.8/site-packages/airflow/example_dags/example_task_group.py for tasks to queue
[2024-03-27T00:17:37.615+0000] {logging_mixin.py:188} INFO - [2024-03-27T00:17:37.615+0000] {dagbag.py:540} INFO - Filling up the DagBag from /home/airflow/.local/lib/python3.8/site-packages/airflow/example_dags/example_task_group.py
[2024-03-27T00:17:37.622+0000] {processor.py:840} INFO - DAG(s) 'example_task_group' retrieved from /home/airflow/.local/lib/python3.8/site-packages/airflow/example_dags/example_task_group.py
[2024-03-27T00:17:37.639+0000] {logging_mixin.py:188} INFO - [2024-03-27T00:17:37.639+0000] {dag.py:3047} INFO - Sync 1 DAGs
[2024-03-27T00:17:37.651+0000] {logging_mixin.py:188} INFO - [2024-03-27T00:17:37.651+0000] {dag.py:3834} INFO - Setting next_dagrun for example_task_group to 2024-03-26 00:00:00+00:00, run_after=2024-03-27 00:00:00+00:00
[2024-03-27T00:17:37.661+0000] {processor.py:183} INFO - Processing /home/airflow/.local/lib/python3.8/site-packages/airflow/example_dags/example_task_group.py took 0.051 seconds
[2024-03-27T00:18:08.695+0000] {processor.py:161} INFO - Started process (PID=6825) to work on /home/airflow/.local/lib/python3.8/site-packages/airflow/example_dags/example_task_group.py
[2024-03-27T00:18:08.696+0000] {processor.py:830} INFO - Processing file /home/airflow/.local/lib/python3.8/site-packages/airflow/example_dags/example_task_group.py for tasks to queue
[2024-03-27T00:18:08.697+0000] {logging_mixin.py:188} INFO - [2024-03-27T00:18:08.697+0000] {dagbag.py:540} INFO - Filling up the DagBag from /home/airflow/.local/lib/python3.8/site-packages/airflow/example_dags/example_task_group.py
[2024-03-27T00:18:08.701+0000] {processor.py:840} INFO - DAG(s) 'example_task_group' retrieved from /home/airflow/.local/lib/python3.8/site-packages/airflow/example_dags/example_task_group.py
[2024-03-27T00:18:08.715+0000] {logging_mixin.py:188} INFO - [2024-03-27T00:18:08.715+0000] {dag.py:3047} INFO - Sync 1 DAGs
[2024-03-27T00:18:08.729+0000] {logging_mixin.py:188} INFO - [2024-03-27T00:18:08.728+0000] {dag.py:3834} INFO - Setting next_dagrun for example_task_group to 2024-03-26 00:00:00+00:00, run_after=2024-03-27 00:00:00+00:00
[2024-03-27T00:18:08.744+0000] {processor.py:183} INFO - Processing /home/airflow/.local/lib/python3.8/site-packages/airflow/example_dags/example_task_group.py took 0.051 seconds
[2024-03-27T00:18:38.872+0000] {processor.py:161} INFO - Started process (PID=6880) to work on /home/airflow/.local/lib/python3.8/site-packages/airflow/example_dags/example_task_group.py
[2024-03-27T00:18:38.872+0000] {processor.py:830} INFO - Processing file /home/airflow/.local/lib/python3.8/site-packages/airflow/example_dags/example_task_group.py for tasks to queue
[2024-03-27T00:18:38.874+0000] {logging_mixin.py:188} INFO - [2024-03-27T00:18:38.873+0000] {dagbag.py:540} INFO - Filling up the DagBag from /home/airflow/.local/lib/python3.8/site-packages/airflow/example_dags/example_task_group.py
[2024-03-27T00:18:38.878+0000] {processor.py:840} INFO - DAG(s) 'example_task_group' retrieved from /home/airflow/.local/lib/python3.8/site-packages/airflow/example_dags/example_task_group.py
[2024-03-27T00:18:38.888+0000] {logging_mixin.py:188} INFO - [2024-03-27T00:18:38.888+0000] {dag.py:3047} INFO - Sync 1 DAGs
[2024-03-27T00:18:38.899+0000] {logging_mixin.py:188} INFO - [2024-03-27T00:18:38.899+0000] {dag.py:3834} INFO - Setting next_dagrun for example_task_group to 2024-03-26 00:00:00+00:00, run_after=2024-03-27 00:00:00+00:00
[2024-03-27T00:18:38.907+0000] {processor.py:183} INFO - Processing /home/airflow/.local/lib/python3.8/site-packages/airflow/example_dags/example_task_group.py took 0.037 seconds
[2024-03-27T00:19:09.122+0000] {processor.py:161} INFO - Started process (PID=6935) to work on /home/airflow/.local/lib/python3.8/site-packages/airflow/example_dags/example_task_group.py
[2024-03-27T00:19:09.123+0000] {processor.py:830} INFO - Processing file /home/airflow/.local/lib/python3.8/site-packages/airflow/example_dags/example_task_group.py for tasks to queue
[2024-03-27T00:19:09.124+0000] {logging_mixin.py:188} INFO - [2024-03-27T00:19:09.124+0000] {dagbag.py:540} INFO - Filling up the DagBag from /home/airflow/.local/lib/python3.8/site-packages/airflow/example_dags/example_task_group.py
[2024-03-27T00:19:09.128+0000] {processor.py:840} INFO - DAG(s) 'example_task_group' retrieved from /home/airflow/.local/lib/python3.8/site-packages/airflow/example_dags/example_task_group.py
[2024-03-27T00:19:09.138+0000] {logging_mixin.py:188} INFO - [2024-03-27T00:19:09.138+0000] {dag.py:3047} INFO - Sync 1 DAGs
[2024-03-27T00:19:09.147+0000] {logging_mixin.py:188} INFO - [2024-03-27T00:19:09.147+0000] {dag.py:3834} INFO - Setting next_dagrun for example_task_group to 2024-03-26 00:00:00+00:00, run_after=2024-03-27 00:00:00+00:00
[2024-03-27T00:19:09.155+0000] {processor.py:183} INFO - Processing /home/airflow/.local/lib/python3.8/site-packages/airflow/example_dags/example_task_group.py took 0.035 seconds
[2024-03-27T00:19:39.240+0000] {processor.py:161} INFO - Started process (PID=6990) to work on /home/airflow/.local/lib/python3.8/site-packages/airflow/example_dags/example_task_group.py
[2024-03-27T00:19:39.240+0000] {processor.py:830} INFO - Processing file /home/airflow/.local/lib/python3.8/site-packages/airflow/example_dags/example_task_group.py for tasks to queue
[2024-03-27T00:19:39.241+0000] {logging_mixin.py:188} INFO - [2024-03-27T00:19:39.241+0000] {dagbag.py:540} INFO - Filling up the DagBag from /home/airflow/.local/lib/python3.8/site-packages/airflow/example_dags/example_task_group.py
[2024-03-27T00:19:39.245+0000] {processor.py:840} INFO - DAG(s) 'example_task_group' retrieved from /home/airflow/.local/lib/python3.8/site-packages/airflow/example_dags/example_task_group.py
[2024-03-27T00:19:39.256+0000] {logging_mixin.py:188} INFO - [2024-03-27T00:19:39.256+0000] {dag.py:3047} INFO - Sync 1 DAGs
[2024-03-27T00:19:39.267+0000] {logging_mixin.py:188} INFO - [2024-03-27T00:19:39.267+0000] {dag.py:3834} INFO - Setting next_dagrun for example_task_group to 2024-03-26 00:00:00+00:00, run_after=2024-03-27 00:00:00+00:00
[2024-03-27T00:19:39.276+0000] {processor.py:183} INFO - Processing /home/airflow/.local/lib/python3.8/site-packages/airflow/example_dags/example_task_group.py took 0.038 seconds
[2024-03-27T00:20:10.118+0000] {processor.py:161} INFO - Started process (PID=7045) to work on /home/airflow/.local/lib/python3.8/site-packages/airflow/example_dags/example_task_group.py
[2024-03-27T00:20:10.119+0000] {processor.py:830} INFO - Processing file /home/airflow/.local/lib/python3.8/site-packages/airflow/example_dags/example_task_group.py for tasks to queue
[2024-03-27T00:20:10.120+0000] {logging_mixin.py:188} INFO - [2024-03-27T00:20:10.120+0000] {dagbag.py:540} INFO - Filling up the DagBag from /home/airflow/.local/lib/python3.8/site-packages/airflow/example_dags/example_task_group.py
[2024-03-27T00:20:10.124+0000] {processor.py:840} INFO - DAG(s) 'example_task_group' retrieved from /home/airflow/.local/lib/python3.8/site-packages/airflow/example_dags/example_task_group.py
[2024-03-27T00:20:10.135+0000] {logging_mixin.py:188} INFO - [2024-03-27T00:20:10.135+0000] {dag.py:3047} INFO - Sync 1 DAGs
[2024-03-27T00:20:10.146+0000] {logging_mixin.py:188} INFO - [2024-03-27T00:20:10.146+0000] {dag.py:3834} INFO - Setting next_dagrun for example_task_group to 2024-03-26 00:00:00+00:00, run_after=2024-03-27 00:00:00+00:00
[2024-03-27T00:20:10.154+0000] {processor.py:183} INFO - Processing /home/airflow/.local/lib/python3.8/site-packages/airflow/example_dags/example_task_group.py took 0.038 seconds
[2024-03-27T00:20:40.722+0000] {processor.py:161} INFO - Started process (PID=7100) to work on /home/airflow/.local/lib/python3.8/site-packages/airflow/example_dags/example_task_group.py
[2024-03-27T00:20:40.723+0000] {processor.py:830} INFO - Processing file /home/airflow/.local/lib/python3.8/site-packages/airflow/example_dags/example_task_group.py for tasks to queue
[2024-03-27T00:20:40.724+0000] {logging_mixin.py:188} INFO - [2024-03-27T00:20:40.724+0000] {dagbag.py:540} INFO - Filling up the DagBag from /home/airflow/.local/lib/python3.8/site-packages/airflow/example_dags/example_task_group.py
[2024-03-27T00:20:40.728+0000] {processor.py:840} INFO - DAG(s) 'example_task_group' retrieved from /home/airflow/.local/lib/python3.8/site-packages/airflow/example_dags/example_task_group.py
[2024-03-27T00:20:40.740+0000] {logging_mixin.py:188} INFO - [2024-03-27T00:20:40.739+0000] {dag.py:3047} INFO - Sync 1 DAGs
[2024-03-27T00:20:40.753+0000] {logging_mixin.py:188} INFO - [2024-03-27T00:20:40.753+0000] {dag.py:3834} INFO - Setting next_dagrun for example_task_group to 2024-03-26 00:00:00+00:00, run_after=2024-03-27 00:00:00+00:00
[2024-03-27T00:20:40.761+0000] {processor.py:183} INFO - Processing /home/airflow/.local/lib/python3.8/site-packages/airflow/example_dags/example_task_group.py took 0.041 seconds
[2024-03-27T00:21:11.416+0000] {processor.py:161} INFO - Started process (PID=7155) to work on /home/airflow/.local/lib/python3.8/site-packages/airflow/example_dags/example_task_group.py
[2024-03-27T00:21:11.418+0000] {processor.py:830} INFO - Processing file /home/airflow/.local/lib/python3.8/site-packages/airflow/example_dags/example_task_group.py for tasks to queue
[2024-03-27T00:21:11.419+0000] {logging_mixin.py:188} INFO - [2024-03-27T00:21:11.419+0000] {dagbag.py:540} INFO - Filling up the DagBag from /home/airflow/.local/lib/python3.8/site-packages/airflow/example_dags/example_task_group.py
[2024-03-27T00:21:11.424+0000] {processor.py:840} INFO - DAG(s) 'example_task_group' retrieved from /home/airflow/.local/lib/python3.8/site-packages/airflow/example_dags/example_task_group.py
[2024-03-27T00:21:11.435+0000] {logging_mixin.py:188} INFO - [2024-03-27T00:21:11.435+0000] {dag.py:3047} INFO - Sync 1 DAGs
[2024-03-27T00:21:11.447+0000] {logging_mixin.py:188} INFO - [2024-03-27T00:21:11.447+0000] {dag.py:3834} INFO - Setting next_dagrun for example_task_group to 2024-03-26 00:00:00+00:00, run_after=2024-03-27 00:00:00+00:00
[2024-03-27T00:21:11.455+0000] {processor.py:183} INFO - Processing /home/airflow/.local/lib/python3.8/site-packages/airflow/example_dags/example_task_group.py took 0.041 seconds
[2024-03-27T00:21:42.130+0000] {processor.py:161} INFO - Started process (PID=7210) to work on /home/airflow/.local/lib/python3.8/site-packages/airflow/example_dags/example_task_group.py
[2024-03-27T00:21:42.130+0000] {processor.py:830} INFO - Processing file /home/airflow/.local/lib/python3.8/site-packages/airflow/example_dags/example_task_group.py for tasks to queue
[2024-03-27T00:21:42.131+0000] {logging_mixin.py:188} INFO - [2024-03-27T00:21:42.131+0000] {dagbag.py:540} INFO - Filling up the DagBag from /home/airflow/.local/lib/python3.8/site-packages/airflow/example_dags/example_task_group.py
[2024-03-27T00:21:42.135+0000] {processor.py:840} INFO - DAG(s) 'example_task_group' retrieved from /home/airflow/.local/lib/python3.8/site-packages/airflow/example_dags/example_task_group.py
[2024-03-27T00:21:42.145+0000] {logging_mixin.py:188} INFO - [2024-03-27T00:21:42.145+0000] {dag.py:3047} INFO - Sync 1 DAGs
[2024-03-27T00:21:42.154+0000] {logging_mixin.py:188} INFO - [2024-03-27T00:21:42.154+0000] {dag.py:3834} INFO - Setting next_dagrun for example_task_group to 2024-03-26 00:00:00+00:00, run_after=2024-03-27 00:00:00+00:00
[2024-03-27T00:21:42.162+0000] {processor.py:183} INFO - Processing /home/airflow/.local/lib/python3.8/site-packages/airflow/example_dags/example_task_group.py took 0.034 seconds
[2024-03-27T00:22:12.783+0000] {processor.py:161} INFO - Started process (PID=7265) to work on /home/airflow/.local/lib/python3.8/site-packages/airflow/example_dags/example_task_group.py
[2024-03-27T00:22:12.784+0000] {processor.py:830} INFO - Processing file /home/airflow/.local/lib/python3.8/site-packages/airflow/example_dags/example_task_group.py for tasks to queue
[2024-03-27T00:22:12.785+0000] {logging_mixin.py:188} INFO - [2024-03-27T00:22:12.785+0000] {dagbag.py:540} INFO - Filling up the DagBag from /home/airflow/.local/lib/python3.8/site-packages/airflow/example_dags/example_task_group.py
[2024-03-27T00:22:12.789+0000] {processor.py:840} INFO - DAG(s) 'example_task_group' retrieved from /home/airflow/.local/lib/python3.8/site-packages/airflow/example_dags/example_task_group.py
[2024-03-27T00:22:12.800+0000] {logging_mixin.py:188} INFO - [2024-03-27T00:22:12.800+0000] {dag.py:3047} INFO - Sync 1 DAGs
[2024-03-27T00:22:12.811+0000] {logging_mixin.py:188} INFO - [2024-03-27T00:22:12.811+0000] {dag.py:3834} INFO - Setting next_dagrun for example_task_group to 2024-03-26 00:00:00+00:00, run_after=2024-03-27 00:00:00+00:00
[2024-03-27T00:22:12.820+0000] {processor.py:183} INFO - Processing /home/airflow/.local/lib/python3.8/site-packages/airflow/example_dags/example_task_group.py took 0.038 seconds
[2024-03-27T00:22:43.479+0000] {processor.py:161} INFO - Started process (PID=7320) to work on /home/airflow/.local/lib/python3.8/site-packages/airflow/example_dags/example_task_group.py
[2024-03-27T00:22:43.480+0000] {processor.py:830} INFO - Processing file /home/airflow/.local/lib/python3.8/site-packages/airflow/example_dags/example_task_group.py for tasks to queue
[2024-03-27T00:22:43.481+0000] {logging_mixin.py:188} INFO - [2024-03-27T00:22:43.481+0000] {dagbag.py:540} INFO - Filling up the DagBag from /home/airflow/.local/lib/python3.8/site-packages/airflow/example_dags/example_task_group.py
[2024-03-27T00:22:43.485+0000] {processor.py:840} INFO - DAG(s) 'example_task_group' retrieved from /home/airflow/.local/lib/python3.8/site-packages/airflow/example_dags/example_task_group.py
[2024-03-27T00:22:43.495+0000] {logging_mixin.py:188} INFO - [2024-03-27T00:22:43.494+0000] {dag.py:3047} INFO - Sync 1 DAGs
[2024-03-27T00:22:43.504+0000] {logging_mixin.py:188} INFO - [2024-03-27T00:22:43.504+0000] {dag.py:3834} INFO - Setting next_dagrun for example_task_group to 2024-03-26 00:00:00+00:00, run_after=2024-03-27 00:00:00+00:00
[2024-03-27T00:22:43.512+0000] {processor.py:183} INFO - Processing /home/airflow/.local/lib/python3.8/site-packages/airflow/example_dags/example_task_group.py took 0.034 seconds
[2024-03-27T00:23:14.175+0000] {processor.py:161} INFO - Started process (PID=7375) to work on /home/airflow/.local/lib/python3.8/site-packages/airflow/example_dags/example_task_group.py
[2024-03-27T00:23:14.176+0000] {processor.py:830} INFO - Processing file /home/airflow/.local/lib/python3.8/site-packages/airflow/example_dags/example_task_group.py for tasks to queue
[2024-03-27T00:23:14.177+0000] {logging_mixin.py:188} INFO - [2024-03-27T00:23:14.177+0000] {dagbag.py:540} INFO - Filling up the DagBag from /home/airflow/.local/lib/python3.8/site-packages/airflow/example_dags/example_task_group.py
[2024-03-27T00:23:14.181+0000] {processor.py:840} INFO - DAG(s) 'example_task_group' retrieved from /home/airflow/.local/lib/python3.8/site-packages/airflow/example_dags/example_task_group.py
[2024-03-27T00:23:14.192+0000] {logging_mixin.py:188} INFO - [2024-03-27T00:23:14.192+0000] {dag.py:3047} INFO - Sync 1 DAGs
[2024-03-27T00:23:14.203+0000] {logging_mixin.py:188} INFO - [2024-03-27T00:23:14.203+0000] {dag.py:3834} INFO - Setting next_dagrun for example_task_group to 2024-03-26 00:00:00+00:00, run_after=2024-03-27 00:00:00+00:00
[2024-03-27T00:23:14.211+0000] {processor.py:183} INFO - Processing /home/airflow/.local/lib/python3.8/site-packages/airflow/example_dags/example_task_group.py took 0.038 seconds
[2024-03-27T00:23:44.832+0000] {processor.py:161} INFO - Started process (PID=7430) to work on /home/airflow/.local/lib/python3.8/site-packages/airflow/example_dags/example_task_group.py
[2024-03-27T00:23:44.832+0000] {processor.py:830} INFO - Processing file /home/airflow/.local/lib/python3.8/site-packages/airflow/example_dags/example_task_group.py for tasks to queue
[2024-03-27T00:23:44.833+0000] {logging_mixin.py:188} INFO - [2024-03-27T00:23:44.833+0000] {dagbag.py:540} INFO - Filling up the DagBag from /home/airflow/.local/lib/python3.8/site-packages/airflow/example_dags/example_task_group.py
[2024-03-27T00:23:44.837+0000] {processor.py:840} INFO - DAG(s) 'example_task_group' retrieved from /home/airflow/.local/lib/python3.8/site-packages/airflow/example_dags/example_task_group.py
[2024-03-27T00:23:44.847+0000] {logging_mixin.py:188} INFO - [2024-03-27T00:23:44.847+0000] {dag.py:3047} INFO - Sync 1 DAGs
[2024-03-27T00:23:44.856+0000] {logging_mixin.py:188} INFO - [2024-03-27T00:23:44.856+0000] {dag.py:3834} INFO - Setting next_dagrun for example_task_group to 2024-03-26 00:00:00+00:00, run_after=2024-03-27 00:00:00+00:00
[2024-03-27T00:23:44.864+0000] {processor.py:183} INFO - Processing /home/airflow/.local/lib/python3.8/site-packages/airflow/example_dags/example_task_group.py took 0.034 seconds
[2024-03-27T00:24:15.490+0000] {processor.py:161} INFO - Started process (PID=7485) to work on /home/airflow/.local/lib/python3.8/site-packages/airflow/example_dags/example_task_group.py
[2024-03-27T00:24:15.491+0000] {processor.py:830} INFO - Processing file /home/airflow/.local/lib/python3.8/site-packages/airflow/example_dags/example_task_group.py for tasks to queue
[2024-03-27T00:24:15.492+0000] {logging_mixin.py:188} INFO - [2024-03-27T00:24:15.492+0000] {dagbag.py:540} INFO - Filling up the DagBag from /home/airflow/.local/lib/python3.8/site-packages/airflow/example_dags/example_task_group.py
[2024-03-27T00:24:15.496+0000] {processor.py:840} INFO - DAG(s) 'example_task_group' retrieved from /home/airflow/.local/lib/python3.8/site-packages/airflow/example_dags/example_task_group.py
[2024-03-27T00:24:15.506+0000] {logging_mixin.py:188} INFO - [2024-03-27T00:24:15.506+0000] {dag.py:3047} INFO - Sync 1 DAGs
[2024-03-27T00:24:15.518+0000] {logging_mixin.py:188} INFO - [2024-03-27T00:24:15.518+0000] {dag.py:3834} INFO - Setting next_dagrun for example_task_group to 2024-03-26 00:00:00+00:00, run_after=2024-03-27 00:00:00+00:00
[2024-03-27T00:24:15.526+0000] {processor.py:183} INFO - Processing /home/airflow/.local/lib/python3.8/site-packages/airflow/example_dags/example_task_group.py took 0.038 seconds
[2024-03-27T00:24:46.408+0000] {processor.py:161} INFO - Started process (PID=7540) to work on /home/airflow/.local/lib/python3.8/site-packages/airflow/example_dags/example_task_group.py
[2024-03-27T00:24:46.408+0000] {processor.py:830} INFO - Processing file /home/airflow/.local/lib/python3.8/site-packages/airflow/example_dags/example_task_group.py for tasks to queue
[2024-03-27T00:24:46.409+0000] {logging_mixin.py:188} INFO - [2024-03-27T00:24:46.409+0000] {dagbag.py:540} INFO - Filling up the DagBag from /home/airflow/.local/lib/python3.8/site-packages/airflow/example_dags/example_task_group.py
[2024-03-27T00:24:46.413+0000] {processor.py:840} INFO - DAG(s) 'example_task_group' retrieved from /home/airflow/.local/lib/python3.8/site-packages/airflow/example_dags/example_task_group.py
[2024-03-27T00:24:46.423+0000] {logging_mixin.py:188} INFO - [2024-03-27T00:24:46.423+0000] {dag.py:3047} INFO - Sync 1 DAGs
[2024-03-27T00:24:46.433+0000] {logging_mixin.py:188} INFO - [2024-03-27T00:24:46.432+0000] {dag.py:3834} INFO - Setting next_dagrun for example_task_group to 2024-03-26 00:00:00+00:00, run_after=2024-03-27 00:00:00+00:00
[2024-03-27T00:24:46.440+0000] {processor.py:183} INFO - Processing /home/airflow/.local/lib/python3.8/site-packages/airflow/example_dags/example_task_group.py took 0.034 seconds
[2024-03-27T00:31:02.574+0000] {processor.py:161} INFO - Started process (PID=7595) to work on /home/airflow/.local/lib/python3.8/site-packages/airflow/example_dags/example_task_group.py
[2024-03-27T00:31:02.575+0000] {processor.py:830} INFO - Processing file /home/airflow/.local/lib/python3.8/site-packages/airflow/example_dags/example_task_group.py for tasks to queue
[2024-03-27T00:31:02.576+0000] {logging_mixin.py:188} INFO - [2024-03-27T00:31:02.576+0000] {dagbag.py:540} INFO - Filling up the DagBag from /home/airflow/.local/lib/python3.8/site-packages/airflow/example_dags/example_task_group.py
[2024-03-27T00:31:02.581+0000] {processor.py:840} INFO - DAG(s) 'example_task_group' retrieved from /home/airflow/.local/lib/python3.8/site-packages/airflow/example_dags/example_task_group.py
[2024-03-27T00:31:02.594+0000] {logging_mixin.py:188} INFO - [2024-03-27T00:31:02.593+0000] {dag.py:3047} INFO - Sync 1 DAGs
[2024-03-27T00:31:02.606+0000] {logging_mixin.py:188} INFO - [2024-03-27T00:31:02.606+0000] {dag.py:3834} INFO - Setting next_dagrun for example_task_group to 2024-03-26 00:00:00+00:00, run_after=2024-03-27 00:00:00+00:00
[2024-03-27T00:31:02.616+0000] {processor.py:183} INFO - Processing /home/airflow/.local/lib/python3.8/site-packages/airflow/example_dags/example_task_group.py took 0.044 seconds
[2024-03-27T00:34:02.953+0000] {processor.py:161} INFO - Started process (PID=7650) to work on /home/airflow/.local/lib/python3.8/site-packages/airflow/example_dags/example_task_group.py
[2024-03-27T00:34:02.954+0000] {processor.py:830} INFO - Processing file /home/airflow/.local/lib/python3.8/site-packages/airflow/example_dags/example_task_group.py for tasks to queue
[2024-03-27T00:34:02.955+0000] {logging_mixin.py:188} INFO - [2024-03-27T00:34:02.955+0000] {dagbag.py:540} INFO - Filling up the DagBag from /home/airflow/.local/lib/python3.8/site-packages/airflow/example_dags/example_task_group.py
[2024-03-27T00:34:02.959+0000] {processor.py:840} INFO - DAG(s) 'example_task_group' retrieved from /home/airflow/.local/lib/python3.8/site-packages/airflow/example_dags/example_task_group.py
[2024-03-27T00:34:02.970+0000] {logging_mixin.py:188} INFO - [2024-03-27T00:34:02.970+0000] {dag.py:3047} INFO - Sync 1 DAGs
[2024-03-27T00:34:02.981+0000] {logging_mixin.py:188} INFO - [2024-03-27T00:34:02.981+0000] {dag.py:3834} INFO - Setting next_dagrun for example_task_group to 2024-03-26 00:00:00+00:00, run_after=2024-03-27 00:00:00+00:00
[2024-03-27T00:34:02.990+0000] {processor.py:183} INFO - Processing /home/airflow/.local/lib/python3.8/site-packages/airflow/example_dags/example_task_group.py took 0.038 seconds
[2024-03-27T00:40:16.403+0000] {processor.py:161} INFO - Started process (PID=7705) to work on /home/airflow/.local/lib/python3.8/site-packages/airflow/example_dags/example_task_group.py
[2024-03-27T00:40:16.404+0000] {processor.py:830} INFO - Processing file /home/airflow/.local/lib/python3.8/site-packages/airflow/example_dags/example_task_group.py for tasks to queue
[2024-03-27T00:40:16.405+0000] {logging_mixin.py:188} INFO - [2024-03-27T00:40:16.405+0000] {dagbag.py:540} INFO - Filling up the DagBag from /home/airflow/.local/lib/python3.8/site-packages/airflow/example_dags/example_task_group.py
[2024-03-27T00:40:16.409+0000] {processor.py:840} INFO - DAG(s) 'example_task_group' retrieved from /home/airflow/.local/lib/python3.8/site-packages/airflow/example_dags/example_task_group.py
[2024-03-27T00:40:16.420+0000] {logging_mixin.py:188} INFO - [2024-03-27T00:40:16.420+0000] {dag.py:3047} INFO - Sync 1 DAGs
[2024-03-27T00:40:16.431+0000] {logging_mixin.py:188} INFO - [2024-03-27T00:40:16.431+0000] {dag.py:3834} INFO - Setting next_dagrun for example_task_group to 2024-03-26 00:00:00+00:00, run_after=2024-03-27 00:00:00+00:00
[2024-03-27T00:40:16.440+0000] {processor.py:183} INFO - Processing /home/airflow/.local/lib/python3.8/site-packages/airflow/example_dags/example_task_group.py took 0.038 seconds
[2024-03-27T00:41:13.392+0000] {processor.py:161} INFO - Started process (PID=7760) to work on /home/airflow/.local/lib/python3.8/site-packages/airflow/example_dags/example_task_group.py
[2024-03-27T00:41:13.392+0000] {processor.py:830} INFO - Processing file /home/airflow/.local/lib/python3.8/site-packages/airflow/example_dags/example_task_group.py for tasks to queue
[2024-03-27T00:41:13.393+0000] {logging_mixin.py:188} INFO - [2024-03-27T00:41:13.393+0000] {dagbag.py:540} INFO - Filling up the DagBag from /home/airflow/.local/lib/python3.8/site-packages/airflow/example_dags/example_task_group.py
[2024-03-27T00:41:13.397+0000] {processor.py:840} INFO - DAG(s) 'example_task_group' retrieved from /home/airflow/.local/lib/python3.8/site-packages/airflow/example_dags/example_task_group.py
[2024-03-27T00:41:13.409+0000] {logging_mixin.py:188} INFO - [2024-03-27T00:41:13.409+0000] {dag.py:3047} INFO - Sync 1 DAGs
[2024-03-27T00:41:13.420+0000] {logging_mixin.py:188} INFO - [2024-03-27T00:41:13.420+0000] {dag.py:3834} INFO - Setting next_dagrun for example_task_group to 2024-03-26 00:00:00+00:00, run_after=2024-03-27 00:00:00+00:00
[2024-03-27T00:41:13.429+0000] {processor.py:183} INFO - Processing /home/airflow/.local/lib/python3.8/site-packages/airflow/example_dags/example_task_group.py took 0.039 seconds
[2024-03-27T00:42:56.003+0000] {processor.py:161} INFO - Started process (PID=7815) to work on /home/airflow/.local/lib/python3.8/site-packages/airflow/example_dags/example_task_group.py
[2024-03-27T00:42:56.004+0000] {processor.py:830} INFO - Processing file /home/airflow/.local/lib/python3.8/site-packages/airflow/example_dags/example_task_group.py for tasks to queue
[2024-03-27T00:42:56.005+0000] {logging_mixin.py:188} INFO - [2024-03-27T00:42:56.004+0000] {dagbag.py:540} INFO - Filling up the DagBag from /home/airflow/.local/lib/python3.8/site-packages/airflow/example_dags/example_task_group.py
[2024-03-27T00:42:56.009+0000] {processor.py:840} INFO - DAG(s) 'example_task_group' retrieved from /home/airflow/.local/lib/python3.8/site-packages/airflow/example_dags/example_task_group.py
[2024-03-27T00:42:56.020+0000] {logging_mixin.py:188} INFO - [2024-03-27T00:42:56.020+0000] {dag.py:3047} INFO - Sync 1 DAGs
[2024-03-27T00:42:56.031+0000] {logging_mixin.py:188} INFO - [2024-03-27T00:42:56.031+0000] {dag.py:3834} INFO - Setting next_dagrun for example_task_group to 2024-03-26 00:00:00+00:00, run_after=2024-03-27 00:00:00+00:00
[2024-03-27T00:42:56.040+0000] {processor.py:183} INFO - Processing /home/airflow/.local/lib/python3.8/site-packages/airflow/example_dags/example_task_group.py took 0.039 seconds
[2024-03-27T00:45:42.191+0000] {processor.py:161} INFO - Started process (PID=7870) to work on /home/airflow/.local/lib/python3.8/site-packages/airflow/example_dags/example_task_group.py
[2024-03-27T00:45:42.191+0000] {processor.py:830} INFO - Processing file /home/airflow/.local/lib/python3.8/site-packages/airflow/example_dags/example_task_group.py for tasks to queue
[2024-03-27T00:45:42.192+0000] {logging_mixin.py:188} INFO - [2024-03-27T00:45:42.192+0000] {dagbag.py:540} INFO - Filling up the DagBag from /home/airflow/.local/lib/python3.8/site-packages/airflow/example_dags/example_task_group.py
[2024-03-27T00:45:42.196+0000] {processor.py:840} INFO - DAG(s) 'example_task_group' retrieved from /home/airflow/.local/lib/python3.8/site-packages/airflow/example_dags/example_task_group.py
[2024-03-27T00:45:42.207+0000] {logging_mixin.py:188} INFO - [2024-03-27T00:45:42.207+0000] {dag.py:3047} INFO - Sync 1 DAGs
[2024-03-27T00:45:42.218+0000] {logging_mixin.py:188} INFO - [2024-03-27T00:45:42.218+0000] {dag.py:3834} INFO - Setting next_dagrun for example_task_group to 2024-03-26 00:00:00+00:00, run_after=2024-03-27 00:00:00+00:00
[2024-03-27T00:45:42.227+0000] {processor.py:183} INFO - Processing /home/airflow/.local/lib/python3.8/site-packages/airflow/example_dags/example_task_group.py took 0.038 seconds
[2024-03-27T00:49:39.325+0000] {processor.py:161} INFO - Started process (PID=7925) to work on /home/airflow/.local/lib/python3.8/site-packages/airflow/example_dags/example_task_group.py
[2024-03-27T00:49:39.326+0000] {processor.py:830} INFO - Processing file /home/airflow/.local/lib/python3.8/site-packages/airflow/example_dags/example_task_group.py for tasks to queue
[2024-03-27T00:49:39.327+0000] {logging_mixin.py:188} INFO - [2024-03-27T00:49:39.327+0000] {dagbag.py:540} INFO - Filling up the DagBag from /home/airflow/.local/lib/python3.8/site-packages/airflow/example_dags/example_task_group.py
[2024-03-27T00:49:39.331+0000] {processor.py:840} INFO - DAG(s) 'example_task_group' retrieved from /home/airflow/.local/lib/python3.8/site-packages/airflow/example_dags/example_task_group.py
[2024-03-27T00:49:39.342+0000] {logging_mixin.py:188} INFO - [2024-03-27T00:49:39.342+0000] {dag.py:3047} INFO - Sync 1 DAGs
[2024-03-27T00:49:39.353+0000] {logging_mixin.py:188} INFO - [2024-03-27T00:49:39.353+0000] {dag.py:3834} INFO - Setting next_dagrun for example_task_group to 2024-03-26 00:00:00+00:00, run_after=2024-03-27 00:00:00+00:00
[2024-03-27T00:49:39.362+0000] {processor.py:183} INFO - Processing /home/airflow/.local/lib/python3.8/site-packages/airflow/example_dags/example_task_group.py took 0.038 seconds
[2024-03-27T00:50:38.437+0000] {processor.py:161} INFO - Started process (PID=7980) to work on /home/airflow/.local/lib/python3.8/site-packages/airflow/example_dags/example_task_group.py
[2024-03-27T00:50:38.438+0000] {processor.py:830} INFO - Processing file /home/airflow/.local/lib/python3.8/site-packages/airflow/example_dags/example_task_group.py for tasks to queue
[2024-03-27T00:50:38.439+0000] {logging_mixin.py:188} INFO - [2024-03-27T00:50:38.439+0000] {dagbag.py:540} INFO - Filling up the DagBag from /home/airflow/.local/lib/python3.8/site-packages/airflow/example_dags/example_task_group.py
[2024-03-27T00:50:38.443+0000] {processor.py:840} INFO - DAG(s) 'example_task_group' retrieved from /home/airflow/.local/lib/python3.8/site-packages/airflow/example_dags/example_task_group.py
[2024-03-27T00:50:38.454+0000] {logging_mixin.py:188} INFO - [2024-03-27T00:50:38.453+0000] {dag.py:3047} INFO - Sync 1 DAGs
[2024-03-27T00:50:38.464+0000] {logging_mixin.py:188} INFO - [2024-03-27T00:50:38.464+0000] {dag.py:3834} INFO - Setting next_dagrun for example_task_group to 2024-03-26 00:00:00+00:00, run_after=2024-03-27 00:00:00+00:00
[2024-03-27T00:50:38.472+0000] {processor.py:183} INFO - Processing /home/airflow/.local/lib/python3.8/site-packages/airflow/example_dags/example_task_group.py took 0.037 seconds
[2024-03-27T00:51:23.443+0000] {processor.py:161} INFO - Started process (PID=8035) to work on /home/airflow/.local/lib/python3.8/site-packages/airflow/example_dags/example_task_group.py
[2024-03-27T00:51:23.444+0000] {processor.py:830} INFO - Processing file /home/airflow/.local/lib/python3.8/site-packages/airflow/example_dags/example_task_group.py for tasks to queue
[2024-03-27T00:51:23.445+0000] {logging_mixin.py:188} INFO - [2024-03-27T00:51:23.444+0000] {dagbag.py:540} INFO - Filling up the DagBag from /home/airflow/.local/lib/python3.8/site-packages/airflow/example_dags/example_task_group.py
[2024-03-27T00:51:23.448+0000] {processor.py:840} INFO - DAG(s) 'example_task_group' retrieved from /home/airflow/.local/lib/python3.8/site-packages/airflow/example_dags/example_task_group.py
[2024-03-27T00:51:23.459+0000] {logging_mixin.py:188} INFO - [2024-03-27T00:51:23.458+0000] {dag.py:3047} INFO - Sync 1 DAGs
[2024-03-27T00:51:23.468+0000] {logging_mixin.py:188} INFO - [2024-03-27T00:51:23.468+0000] {dag.py:3834} INFO - Setting next_dagrun for example_task_group to 2024-03-26 00:00:00+00:00, run_after=2024-03-27 00:00:00+00:00
[2024-03-27T00:51:23.476+0000] {processor.py:183} INFO - Processing /home/airflow/.local/lib/python3.8/site-packages/airflow/example_dags/example_task_group.py took 0.034 seconds
[2024-03-27T00:53:00.761+0000] {processor.py:161} INFO - Started process (PID=8090) to work on /home/airflow/.local/lib/python3.8/site-packages/airflow/example_dags/example_task_group.py
[2024-03-27T00:53:00.762+0000] {processor.py:830} INFO - Processing file /home/airflow/.local/lib/python3.8/site-packages/airflow/example_dags/example_task_group.py for tasks to queue
[2024-03-27T00:53:00.763+0000] {logging_mixin.py:188} INFO - [2024-03-27T00:53:00.763+0000] {dagbag.py:540} INFO - Filling up the DagBag from /home/airflow/.local/lib/python3.8/site-packages/airflow/example_dags/example_task_group.py
[2024-03-27T00:53:00.767+0000] {processor.py:840} INFO - DAG(s) 'example_task_group' retrieved from /home/airflow/.local/lib/python3.8/site-packages/airflow/example_dags/example_task_group.py
[2024-03-27T00:53:00.779+0000] {logging_mixin.py:188} INFO - [2024-03-27T00:53:00.779+0000] {dag.py:3047} INFO - Sync 1 DAGs
[2024-03-27T00:53:00.794+0000] {logging_mixin.py:188} INFO - [2024-03-27T00:53:00.793+0000] {dag.py:3834} INFO - Setting next_dagrun for example_task_group to 2024-03-26 00:00:00+00:00, run_after=2024-03-27 00:00:00+00:00
[2024-03-27T00:53:00.804+0000] {processor.py:183} INFO - Processing /home/airflow/.local/lib/python3.8/site-packages/airflow/example_dags/example_task_group.py took 0.045 seconds
[2024-03-27T00:54:00.126+0000] {processor.py:161} INFO - Started process (PID=8145) to work on /home/airflow/.local/lib/python3.8/site-packages/airflow/example_dags/example_task_group.py
[2024-03-27T00:54:00.126+0000] {processor.py:830} INFO - Processing file /home/airflow/.local/lib/python3.8/site-packages/airflow/example_dags/example_task_group.py for tasks to queue
[2024-03-27T00:54:00.127+0000] {logging_mixin.py:188} INFO - [2024-03-27T00:54:00.127+0000] {dagbag.py:540} INFO - Filling up the DagBag from /home/airflow/.local/lib/python3.8/site-packages/airflow/example_dags/example_task_group.py
[2024-03-27T00:54:00.131+0000] {processor.py:840} INFO - DAG(s) 'example_task_group' retrieved from /home/airflow/.local/lib/python3.8/site-packages/airflow/example_dags/example_task_group.py
[2024-03-27T00:54:00.143+0000] {logging_mixin.py:188} INFO - [2024-03-27T00:54:00.143+0000] {dag.py:3047} INFO - Sync 1 DAGs
[2024-03-27T00:54:00.156+0000] {logging_mixin.py:188} INFO - [2024-03-27T00:54:00.156+0000] {dag.py:3834} INFO - Setting next_dagrun for example_task_group to 2024-03-26 00:00:00+00:00, run_after=2024-03-27 00:00:00+00:00
[2024-03-27T00:54:00.164+0000] {processor.py:183} INFO - Processing /home/airflow/.local/lib/python3.8/site-packages/airflow/example_dags/example_task_group.py took 0.041 seconds
[2024-03-27T00:54:43.769+0000] {processor.py:161} INFO - Started process (PID=8200) to work on /home/airflow/.local/lib/python3.8/site-packages/airflow/example_dags/example_task_group.py
[2024-03-27T00:54:43.771+0000] {processor.py:830} INFO - Processing file /home/airflow/.local/lib/python3.8/site-packages/airflow/example_dags/example_task_group.py for tasks to queue
[2024-03-27T00:54:43.772+0000] {logging_mixin.py:188} INFO - [2024-03-27T00:54:43.772+0000] {dagbag.py:540} INFO - Filling up the DagBag from /home/airflow/.local/lib/python3.8/site-packages/airflow/example_dags/example_task_group.py
[2024-03-27T00:54:43.776+0000] {processor.py:840} INFO - DAG(s) 'example_task_group' retrieved from /home/airflow/.local/lib/python3.8/site-packages/airflow/example_dags/example_task_group.py
[2024-03-27T00:54:43.787+0000] {logging_mixin.py:188} INFO - [2024-03-27T00:54:43.787+0000] {dag.py:3047} INFO - Sync 1 DAGs
[2024-03-27T00:54:43.798+0000] {logging_mixin.py:188} INFO - [2024-03-27T00:54:43.798+0000] {dag.py:3834} INFO - Setting next_dagrun for example_task_group to 2024-03-26 00:00:00+00:00, run_after=2024-03-27 00:00:00+00:00
[2024-03-27T00:54:43.806+0000] {processor.py:183} INFO - Processing /home/airflow/.local/lib/python3.8/site-packages/airflow/example_dags/example_task_group.py took 0.039 seconds
[2024-03-27T00:55:16.606+0000] {processor.py:161} INFO - Started process (PID=8255) to work on /home/airflow/.local/lib/python3.8/site-packages/airflow/example_dags/example_task_group.py
[2024-03-27T00:55:16.606+0000] {processor.py:830} INFO - Processing file /home/airflow/.local/lib/python3.8/site-packages/airflow/example_dags/example_task_group.py for tasks to queue
[2024-03-27T00:55:16.607+0000] {logging_mixin.py:188} INFO - [2024-03-27T00:55:16.607+0000] {dagbag.py:540} INFO - Filling up the DagBag from /home/airflow/.local/lib/python3.8/site-packages/airflow/example_dags/example_task_group.py
[2024-03-27T00:55:16.611+0000] {processor.py:840} INFO - DAG(s) 'example_task_group' retrieved from /home/airflow/.local/lib/python3.8/site-packages/airflow/example_dags/example_task_group.py
[2024-03-27T00:55:16.623+0000] {logging_mixin.py:188} INFO - [2024-03-27T00:55:16.622+0000] {dag.py:3047} INFO - Sync 1 DAGs
[2024-03-27T00:55:16.634+0000] {logging_mixin.py:188} INFO - [2024-03-27T00:55:16.633+0000] {dag.py:3834} INFO - Setting next_dagrun for example_task_group to 2024-03-26 00:00:00+00:00, run_after=2024-03-27 00:00:00+00:00
[2024-03-27T00:55:16.642+0000] {processor.py:183} INFO - Processing /home/airflow/.local/lib/python3.8/site-packages/airflow/example_dags/example_task_group.py took 0.038 seconds
[2024-03-27T00:55:58.845+0000] {processor.py:161} INFO - Started process (PID=8309) to work on /home/airflow/.local/lib/python3.8/site-packages/airflow/example_dags/example_task_group.py
[2024-03-27T00:55:58.845+0000] {processor.py:830} INFO - Processing file /home/airflow/.local/lib/python3.8/site-packages/airflow/example_dags/example_task_group.py for tasks to queue
[2024-03-27T00:55:58.846+0000] {logging_mixin.py:188} INFO - [2024-03-27T00:55:58.846+0000] {dagbag.py:540} INFO - Filling up the DagBag from /home/airflow/.local/lib/python3.8/site-packages/airflow/example_dags/example_task_group.py
[2024-03-27T00:55:58.850+0000] {processor.py:840} INFO - DAG(s) 'example_task_group' retrieved from /home/airflow/.local/lib/python3.8/site-packages/airflow/example_dags/example_task_group.py
[2024-03-27T00:55:58.861+0000] {logging_mixin.py:188} INFO - [2024-03-27T00:55:58.861+0000] {dag.py:3047} INFO - Sync 1 DAGs
[2024-03-27T00:55:58.872+0000] {logging_mixin.py:188} INFO - [2024-03-27T00:55:58.872+0000] {dag.py:3834} INFO - Setting next_dagrun for example_task_group to 2024-03-26 00:00:00+00:00, run_after=2024-03-27 00:00:00+00:00
[2024-03-27T00:55:58.881+0000] {processor.py:183} INFO - Processing /home/airflow/.local/lib/python3.8/site-packages/airflow/example_dags/example_task_group.py took 0.038 seconds
[2024-03-27T00:58:45.467+0000] {processor.py:161} INFO - Started process (PID=8364) to work on /home/airflow/.local/lib/python3.8/site-packages/airflow/example_dags/example_task_group.py
[2024-03-27T00:58:45.467+0000] {processor.py:830} INFO - Processing file /home/airflow/.local/lib/python3.8/site-packages/airflow/example_dags/example_task_group.py for tasks to queue
[2024-03-27T00:58:45.468+0000] {logging_mixin.py:188} INFO - [2024-03-27T00:58:45.468+0000] {dagbag.py:540} INFO - Filling up the DagBag from /home/airflow/.local/lib/python3.8/site-packages/airflow/example_dags/example_task_group.py
[2024-03-27T00:58:45.473+0000] {processor.py:840} INFO - DAG(s) 'example_task_group' retrieved from /home/airflow/.local/lib/python3.8/site-packages/airflow/example_dags/example_task_group.py
[2024-03-27T00:58:45.484+0000] {logging_mixin.py:188} INFO - [2024-03-27T00:58:45.484+0000] {dag.py:3047} INFO - Sync 1 DAGs
[2024-03-27T00:58:45.496+0000] {logging_mixin.py:188} INFO - [2024-03-27T00:58:45.496+0000] {dag.py:3834} INFO - Setting next_dagrun for example_task_group to 2024-03-26 00:00:00+00:00, run_after=2024-03-27 00:00:00+00:00
[2024-03-27T00:58:45.507+0000] {processor.py:183} INFO - Processing /home/airflow/.local/lib/python3.8/site-packages/airflow/example_dags/example_task_group.py took 0.043 seconds
[2024-03-27T01:01:15.008+0000] {processor.py:161} INFO - Started process (PID=8419) to work on /home/airflow/.local/lib/python3.8/site-packages/airflow/example_dags/example_task_group.py
[2024-03-27T01:01:15.008+0000] {processor.py:830} INFO - Processing file /home/airflow/.local/lib/python3.8/site-packages/airflow/example_dags/example_task_group.py for tasks to queue
[2024-03-27T01:01:15.009+0000] {logging_mixin.py:188} INFO - [2024-03-27T01:01:15.009+0000] {dagbag.py:540} INFO - Filling up the DagBag from /home/airflow/.local/lib/python3.8/site-packages/airflow/example_dags/example_task_group.py
[2024-03-27T01:01:15.014+0000] {processor.py:840} INFO - DAG(s) 'example_task_group' retrieved from /home/airflow/.local/lib/python3.8/site-packages/airflow/example_dags/example_task_group.py
[2024-03-27T01:01:15.026+0000] {logging_mixin.py:188} INFO - [2024-03-27T01:01:15.026+0000] {dag.py:3047} INFO - Sync 1 DAGs
[2024-03-27T01:01:15.037+0000] {logging_mixin.py:188} INFO - [2024-03-27T01:01:15.037+0000] {dag.py:3834} INFO - Setting next_dagrun for example_task_group to 2024-03-26 00:00:00+00:00, run_after=2024-03-27 00:00:00+00:00
[2024-03-27T01:01:15.046+0000] {processor.py:183} INFO - Processing /home/airflow/.local/lib/python3.8/site-packages/airflow/example_dags/example_task_group.py took 0.041 seconds
[2024-03-27T01:04:43.918+0000] {processor.py:161} INFO - Started process (PID=8474) to work on /home/airflow/.local/lib/python3.8/site-packages/airflow/example_dags/example_task_group.py
[2024-03-27T01:04:43.919+0000] {processor.py:830} INFO - Processing file /home/airflow/.local/lib/python3.8/site-packages/airflow/example_dags/example_task_group.py for tasks to queue
[2024-03-27T01:04:43.921+0000] {logging_mixin.py:188} INFO - [2024-03-27T01:04:43.921+0000] {dagbag.py:540} INFO - Filling up the DagBag from /home/airflow/.local/lib/python3.8/site-packages/airflow/example_dags/example_task_group.py
[2024-03-27T01:04:43.928+0000] {processor.py:840} INFO - DAG(s) 'example_task_group' retrieved from /home/airflow/.local/lib/python3.8/site-packages/airflow/example_dags/example_task_group.py
[2024-03-27T01:04:43.950+0000] {logging_mixin.py:188} INFO - [2024-03-27T01:04:43.950+0000] {dag.py:3047} INFO - Sync 1 DAGs
[2024-03-27T01:04:43.965+0000] {logging_mixin.py:188} INFO - [2024-03-27T01:04:43.965+0000] {dag.py:3834} INFO - Setting next_dagrun for example_task_group to 2024-03-26 00:00:00+00:00, run_after=2024-03-27 00:00:00+00:00
[2024-03-27T01:04:43.979+0000] {processor.py:183} INFO - Processing /home/airflow/.local/lib/python3.8/site-packages/airflow/example_dags/example_task_group.py took 0.065 seconds
[2024-03-27T01:08:49.035+0000] {processor.py:161} INFO - Started process (PID=8529) to work on /home/airflow/.local/lib/python3.8/site-packages/airflow/example_dags/example_task_group.py
[2024-03-27T01:08:49.036+0000] {processor.py:830} INFO - Processing file /home/airflow/.local/lib/python3.8/site-packages/airflow/example_dags/example_task_group.py for tasks to queue
[2024-03-27T01:08:49.037+0000] {logging_mixin.py:188} INFO - [2024-03-27T01:08:49.036+0000] {dagbag.py:540} INFO - Filling up the DagBag from /home/airflow/.local/lib/python3.8/site-packages/airflow/example_dags/example_task_group.py
[2024-03-27T01:08:49.041+0000] {processor.py:840} INFO - DAG(s) 'example_task_group' retrieved from /home/airflow/.local/lib/python3.8/site-packages/airflow/example_dags/example_task_group.py
[2024-03-27T01:08:49.053+0000] {logging_mixin.py:188} INFO - [2024-03-27T01:08:49.052+0000] {dag.py:3047} INFO - Sync 1 DAGs
[2024-03-27T01:08:49.065+0000] {logging_mixin.py:188} INFO - [2024-03-27T01:08:49.064+0000] {dag.py:3834} INFO - Setting next_dagrun for example_task_group to 2024-03-26 00:00:00+00:00, run_after=2024-03-27 00:00:00+00:00
[2024-03-27T01:08:49.074+0000] {processor.py:183} INFO - Processing /home/airflow/.local/lib/python3.8/site-packages/airflow/example_dags/example_task_group.py took 0.041 seconds
[2024-03-27T01:13:47.651+0000] {processor.py:161} INFO - Started process (PID=8584) to work on /home/airflow/.local/lib/python3.8/site-packages/airflow/example_dags/example_task_group.py
[2024-03-27T01:13:47.651+0000] {processor.py:830} INFO - Processing file /home/airflow/.local/lib/python3.8/site-packages/airflow/example_dags/example_task_group.py for tasks to queue
[2024-03-27T01:13:47.652+0000] {logging_mixin.py:188} INFO - [2024-03-27T01:13:47.652+0000] {dagbag.py:540} INFO - Filling up the DagBag from /home/airflow/.local/lib/python3.8/site-packages/airflow/example_dags/example_task_group.py
[2024-03-27T01:13:47.656+0000] {processor.py:840} INFO - DAG(s) 'example_task_group' retrieved from /home/airflow/.local/lib/python3.8/site-packages/airflow/example_dags/example_task_group.py
[2024-03-27T01:13:47.668+0000] {logging_mixin.py:188} INFO - [2024-03-27T01:13:47.668+0000] {dag.py:3047} INFO - Sync 1 DAGs
[2024-03-27T01:13:47.679+0000] {logging_mixin.py:188} INFO - [2024-03-27T01:13:47.679+0000] {dag.py:3834} INFO - Setting next_dagrun for example_task_group to 2024-03-26 00:00:00+00:00, run_after=2024-03-27 00:00:00+00:00
[2024-03-27T01:13:47.688+0000] {processor.py:183} INFO - Processing /home/airflow/.local/lib/python3.8/site-packages/airflow/example_dags/example_task_group.py took 0.039 seconds
[2024-03-27T01:47:16.619+0000] {processor.py:161} INFO - Started process (PID=8639) to work on /home/airflow/.local/lib/python3.8/site-packages/airflow/example_dags/example_task_group.py
[2024-03-27T01:47:16.620+0000] {processor.py:830} INFO - Processing file /home/airflow/.local/lib/python3.8/site-packages/airflow/example_dags/example_task_group.py for tasks to queue
[2024-03-27T01:47:16.621+0000] {logging_mixin.py:188} INFO - [2024-03-27T01:47:16.621+0000] {dagbag.py:540} INFO - Filling up the DagBag from /home/airflow/.local/lib/python3.8/site-packages/airflow/example_dags/example_task_group.py
[2024-03-27T01:47:16.625+0000] {processor.py:840} INFO - DAG(s) 'example_task_group' retrieved from /home/airflow/.local/lib/python3.8/site-packages/airflow/example_dags/example_task_group.py
[2024-03-27T01:47:16.636+0000] {logging_mixin.py:188} INFO - [2024-03-27T01:47:16.636+0000] {dag.py:3047} INFO - Sync 1 DAGs
[2024-03-27T01:47:16.648+0000] {logging_mixin.py:188} INFO - [2024-03-27T01:47:16.647+0000] {dag.py:3834} INFO - Setting next_dagrun for example_task_group to 2024-03-26 00:00:00+00:00, run_after=2024-03-27 00:00:00+00:00
[2024-03-27T01:47:16.657+0000] {processor.py:183} INFO - Processing /home/airflow/.local/lib/python3.8/site-packages/airflow/example_dags/example_task_group.py took 0.039 seconds
[2024-03-27T02:30:29.819+0000] {processor.py:161} INFO - Started process (PID=8694) to work on /home/airflow/.local/lib/python3.8/site-packages/airflow/example_dags/example_task_group.py
[2024-03-27T02:30:29.819+0000] {processor.py:830} INFO - Processing file /home/airflow/.local/lib/python3.8/site-packages/airflow/example_dags/example_task_group.py for tasks to queue
[2024-03-27T02:30:29.820+0000] {logging_mixin.py:188} INFO - [2024-03-27T02:30:29.820+0000] {dagbag.py:540} INFO - Filling up the DagBag from /home/airflow/.local/lib/python3.8/site-packages/airflow/example_dags/example_task_group.py
[2024-03-27T02:30:29.825+0000] {processor.py:840} INFO - DAG(s) 'example_task_group' retrieved from /home/airflow/.local/lib/python3.8/site-packages/airflow/example_dags/example_task_group.py
[2024-03-27T02:30:29.835+0000] {logging_mixin.py:188} INFO - [2024-03-27T02:30:29.835+0000] {dag.py:3047} INFO - Sync 1 DAGs
[2024-03-27T02:30:29.846+0000] {logging_mixin.py:188} INFO - [2024-03-27T02:30:29.846+0000] {dag.py:3834} INFO - Setting next_dagrun for example_task_group to 2024-03-26 00:00:00+00:00, run_after=2024-03-27 00:00:00+00:00
[2024-03-27T02:30:29.855+0000] {processor.py:183} INFO - Processing /home/airflow/.local/lib/python3.8/site-packages/airflow/example_dags/example_task_group.py took 0.037 seconds
[2024-03-27T02:31:20.625+0000] {processor.py:161} INFO - Started process (PID=8749) to work on /home/airflow/.local/lib/python3.8/site-packages/airflow/example_dags/example_task_group.py
[2024-03-27T02:31:20.626+0000] {processor.py:830} INFO - Processing file /home/airflow/.local/lib/python3.8/site-packages/airflow/example_dags/example_task_group.py for tasks to queue
[2024-03-27T02:31:20.627+0000] {logging_mixin.py:188} INFO - [2024-03-27T02:31:20.627+0000] {dagbag.py:540} INFO - Filling up the DagBag from /home/airflow/.local/lib/python3.8/site-packages/airflow/example_dags/example_task_group.py
[2024-03-27T02:31:20.631+0000] {processor.py:840} INFO - DAG(s) 'example_task_group' retrieved from /home/airflow/.local/lib/python3.8/site-packages/airflow/example_dags/example_task_group.py
[2024-03-27T02:31:20.643+0000] {logging_mixin.py:188} INFO - [2024-03-27T02:31:20.642+0000] {dag.py:3047} INFO - Sync 1 DAGs
[2024-03-27T02:31:20.653+0000] {logging_mixin.py:188} INFO - [2024-03-27T02:31:20.653+0000] {dag.py:3834} INFO - Setting next_dagrun for example_task_group to 2024-03-26 00:00:00+00:00, run_after=2024-03-27 00:00:00+00:00
[2024-03-27T02:31:20.662+0000] {processor.py:183} INFO - Processing /home/airflow/.local/lib/python3.8/site-packages/airflow/example_dags/example_task_group.py took 0.039 seconds
[2024-03-27T02:33:49.519+0000] {processor.py:161} INFO - Started process (PID=8804) to work on /home/airflow/.local/lib/python3.8/site-packages/airflow/example_dags/example_task_group.py
[2024-03-27T02:33:49.520+0000] {processor.py:830} INFO - Processing file /home/airflow/.local/lib/python3.8/site-packages/airflow/example_dags/example_task_group.py for tasks to queue
[2024-03-27T02:33:49.521+0000] {logging_mixin.py:188} INFO - [2024-03-27T02:33:49.520+0000] {dagbag.py:540} INFO - Filling up the DagBag from /home/airflow/.local/lib/python3.8/site-packages/airflow/example_dags/example_task_group.py
[2024-03-27T02:33:49.525+0000] {processor.py:840} INFO - DAG(s) 'example_task_group' retrieved from /home/airflow/.local/lib/python3.8/site-packages/airflow/example_dags/example_task_group.py
[2024-03-27T02:33:49.536+0000] {logging_mixin.py:188} INFO - [2024-03-27T02:33:49.536+0000] {dag.py:3047} INFO - Sync 1 DAGs
[2024-03-27T02:33:49.547+0000] {logging_mixin.py:188} INFO - [2024-03-27T02:33:49.547+0000] {dag.py:3834} INFO - Setting next_dagrun for example_task_group to 2024-03-26 00:00:00+00:00, run_after=2024-03-27 00:00:00+00:00
[2024-03-27T02:33:49.556+0000] {processor.py:183} INFO - Processing /home/airflow/.local/lib/python3.8/site-packages/airflow/example_dags/example_task_group.py took 0.039 seconds
[2024-03-27T02:49:01.539+0000] {processor.py:161} INFO - Started process (PID=8859) to work on /home/airflow/.local/lib/python3.8/site-packages/airflow/example_dags/example_task_group.py
[2024-03-27T02:49:01.540+0000] {processor.py:830} INFO - Processing file /home/airflow/.local/lib/python3.8/site-packages/airflow/example_dags/example_task_group.py for tasks to queue
[2024-03-27T02:49:01.541+0000] {logging_mixin.py:188} INFO - [2024-03-27T02:49:01.541+0000] {dagbag.py:540} INFO - Filling up the DagBag from /home/airflow/.local/lib/python3.8/site-packages/airflow/example_dags/example_task_group.py
[2024-03-27T02:49:01.546+0000] {processor.py:840} INFO - DAG(s) 'example_task_group' retrieved from /home/airflow/.local/lib/python3.8/site-packages/airflow/example_dags/example_task_group.py
[2024-03-27T02:49:01.558+0000] {logging_mixin.py:188} INFO - [2024-03-27T02:49:01.558+0000] {dag.py:3047} INFO - Sync 1 DAGs
[2024-03-27T02:49:01.569+0000] {logging_mixin.py:188} INFO - [2024-03-27T02:49:01.569+0000] {dag.py:3834} INFO - Setting next_dagrun for example_task_group to 2024-03-26 00:00:00+00:00, run_after=2024-03-27 00:00:00+00:00
[2024-03-27T02:49:01.578+0000] {processor.py:183} INFO - Processing /home/airflow/.local/lib/python3.8/site-packages/airflow/example_dags/example_task_group.py took 0.040 seconds
[2024-03-27T02:49:32.443+0000] {processor.py:161} INFO - Started process (PID=8914) to work on /home/airflow/.local/lib/python3.8/site-packages/airflow/example_dags/example_task_group.py
[2024-03-27T02:49:32.444+0000] {processor.py:830} INFO - Processing file /home/airflow/.local/lib/python3.8/site-packages/airflow/example_dags/example_task_group.py for tasks to queue
[2024-03-27T02:49:32.445+0000] {logging_mixin.py:188} INFO - [2024-03-27T02:49:32.444+0000] {dagbag.py:540} INFO - Filling up the DagBag from /home/airflow/.local/lib/python3.8/site-packages/airflow/example_dags/example_task_group.py
[2024-03-27T02:49:32.449+0000] {processor.py:840} INFO - DAG(s) 'example_task_group' retrieved from /home/airflow/.local/lib/python3.8/site-packages/airflow/example_dags/example_task_group.py
[2024-03-27T02:49:32.459+0000] {logging_mixin.py:188} INFO - [2024-03-27T02:49:32.459+0000] {dag.py:3047} INFO - Sync 1 DAGs
[2024-03-27T02:49:32.470+0000] {logging_mixin.py:188} INFO - [2024-03-27T02:49:32.469+0000] {dag.py:3834} INFO - Setting next_dagrun for example_task_group to 2024-03-26 00:00:00+00:00, run_after=2024-03-27 00:00:00+00:00
[2024-03-27T02:49:32.478+0000] {processor.py:183} INFO - Processing /home/airflow/.local/lib/python3.8/site-packages/airflow/example_dags/example_task_group.py took 0.037 seconds
[2024-03-27T02:50:03.179+0000] {processor.py:161} INFO - Started process (PID=8969) to work on /home/airflow/.local/lib/python3.8/site-packages/airflow/example_dags/example_task_group.py
[2024-03-27T02:50:03.180+0000] {processor.py:830} INFO - Processing file /home/airflow/.local/lib/python3.8/site-packages/airflow/example_dags/example_task_group.py for tasks to queue
[2024-03-27T02:50:03.181+0000] {logging_mixin.py:188} INFO - [2024-03-27T02:50:03.181+0000] {dagbag.py:540} INFO - Filling up the DagBag from /home/airflow/.local/lib/python3.8/site-packages/airflow/example_dags/example_task_group.py
[2024-03-27T02:50:03.185+0000] {processor.py:840} INFO - DAG(s) 'example_task_group' retrieved from /home/airflow/.local/lib/python3.8/site-packages/airflow/example_dags/example_task_group.py
[2024-03-27T02:50:03.196+0000] {logging_mixin.py:188} INFO - [2024-03-27T02:50:03.196+0000] {dag.py:3047} INFO - Sync 1 DAGs
[2024-03-27T02:50:03.207+0000] {logging_mixin.py:188} INFO - [2024-03-27T02:50:03.207+0000] {dag.py:3834} INFO - Setting next_dagrun for example_task_group to 2024-03-26 00:00:00+00:00, run_after=2024-03-27 00:00:00+00:00
[2024-03-27T02:50:03.217+0000] {processor.py:183} INFO - Processing /home/airflow/.local/lib/python3.8/site-packages/airflow/example_dags/example_task_group.py took 0.040 seconds
[2024-03-27T02:50:34.064+0000] {processor.py:161} INFO - Started process (PID=9024) to work on /home/airflow/.local/lib/python3.8/site-packages/airflow/example_dags/example_task_group.py
[2024-03-27T02:50:34.065+0000] {processor.py:830} INFO - Processing file /home/airflow/.local/lib/python3.8/site-packages/airflow/example_dags/example_task_group.py for tasks to queue
[2024-03-27T02:50:34.066+0000] {logging_mixin.py:188} INFO - [2024-03-27T02:50:34.065+0000] {dagbag.py:540} INFO - Filling up the DagBag from /home/airflow/.local/lib/python3.8/site-packages/airflow/example_dags/example_task_group.py
[2024-03-27T02:50:34.070+0000] {processor.py:840} INFO - DAG(s) 'example_task_group' retrieved from /home/airflow/.local/lib/python3.8/site-packages/airflow/example_dags/example_task_group.py
[2024-03-27T02:50:34.081+0000] {logging_mixin.py:188} INFO - [2024-03-27T02:50:34.080+0000] {dag.py:3047} INFO - Sync 1 DAGs
[2024-03-27T02:50:34.092+0000] {logging_mixin.py:188} INFO - [2024-03-27T02:50:34.092+0000] {dag.py:3834} INFO - Setting next_dagrun for example_task_group to 2024-03-26 00:00:00+00:00, run_after=2024-03-27 00:00:00+00:00
[2024-03-27T02:50:34.101+0000] {processor.py:183} INFO - Processing /home/airflow/.local/lib/python3.8/site-packages/airflow/example_dags/example_task_group.py took 0.038 seconds
[2024-03-27T18:16:32.732+0000] {processor.py:161} INFO - Started process (PID=58) to work on /home/airflow/.local/lib/python3.8/site-packages/airflow/example_dags/example_task_group.py
[2024-03-27T18:16:32.737+0000] {processor.py:830} INFO - Processing file /home/airflow/.local/lib/python3.8/site-packages/airflow/example_dags/example_task_group.py for tasks to queue
[2024-03-27T18:16:32.743+0000] {logging_mixin.py:188} INFO - [2024-03-27T18:16:32.742+0000] {dagbag.py:540} INFO - Filling up the DagBag from /home/airflow/.local/lib/python3.8/site-packages/airflow/example_dags/example_task_group.py
[2024-03-27T18:16:32.753+0000] {processor.py:840} INFO - DAG(s) 'example_task_group' retrieved from /home/airflow/.local/lib/python3.8/site-packages/airflow/example_dags/example_task_group.py
[2024-03-27T18:16:32.774+0000] {logging_mixin.py:188} INFO - [2024-03-27T18:16:32.774+0000] {dag.py:3047} INFO - Sync 1 DAGs
[2024-03-27T18:16:32.792+0000] {logging_mixin.py:188} INFO - [2024-03-27T18:16:32.792+0000] {dag.py:3834} INFO - Setting next_dagrun for example_task_group to 2024-03-26 00:00:00+00:00, run_after=2024-03-27 00:00:00+00:00
[2024-03-27T18:16:32.914+0000] {processor.py:183} INFO - Processing /home/airflow/.local/lib/python3.8/site-packages/airflow/example_dags/example_task_group.py took 0.191 seconds
