[2024-03-27T00:00:24.313+0000] {processor.py:161} INFO - Started process (PID=5248) to work on /home/airflow/.local/lib/python3.8/site-packages/airflow/example_dags/example_short_circuit_operator.py
[2024-03-27T00:00:24.313+0000] {processor.py:830} INFO - Processing file /home/airflow/.local/lib/python3.8/site-packages/airflow/example_dags/example_short_circuit_operator.py for tasks to queue
[2024-03-27T00:00:24.315+0000] {logging_mixin.py:188} INFO - [2024-03-27T00:00:24.315+0000] {dagbag.py:540} INFO - Filling up the DagBag from /home/airflow/.local/lib/python3.8/site-packages/airflow/example_dags/example_short_circuit_operator.py
[2024-03-27T00:00:24.319+0000] {processor.py:840} INFO - DAG(s) 'example_short_circuit_operator' retrieved from /home/airflow/.local/lib/python3.8/site-packages/airflow/example_dags/example_short_circuit_operator.py
[2024-03-27T00:00:24.331+0000] {logging_mixin.py:188} INFO - [2024-03-27T00:00:24.331+0000] {dag.py:3047} INFO - Sync 1 DAGs
[2024-03-27T00:00:24.343+0000] {logging_mixin.py:188} INFO - [2024-03-27T00:00:24.343+0000] {dag.py:3834} INFO - Setting next_dagrun for example_short_circuit_operator to 2024-03-26 00:00:00+00:00, run_after=2024-03-27 00:00:00+00:00
[2024-03-27T00:00:24.353+0000] {processor.py:183} INFO - Processing /home/airflow/.local/lib/python3.8/site-packages/airflow/example_dags/example_short_circuit_operator.py took 0.043 seconds
[2024-03-27T00:00:55.302+0000] {processor.py:161} INFO - Started process (PID=5303) to work on /home/airflow/.local/lib/python3.8/site-packages/airflow/example_dags/example_short_circuit_operator.py
[2024-03-27T00:00:55.303+0000] {processor.py:830} INFO - Processing file /home/airflow/.local/lib/python3.8/site-packages/airflow/example_dags/example_short_circuit_operator.py for tasks to queue
[2024-03-27T00:00:55.304+0000] {logging_mixin.py:188} INFO - [2024-03-27T00:00:55.304+0000] {dagbag.py:540} INFO - Filling up the DagBag from /home/airflow/.local/lib/python3.8/site-packages/airflow/example_dags/example_short_circuit_operator.py
[2024-03-27T00:00:55.307+0000] {processor.py:840} INFO - DAG(s) 'example_short_circuit_operator' retrieved from /home/airflow/.local/lib/python3.8/site-packages/airflow/example_dags/example_short_circuit_operator.py
[2024-03-27T00:00:55.318+0000] {logging_mixin.py:188} INFO - [2024-03-27T00:00:55.318+0000] {dag.py:3047} INFO - Sync 1 DAGs
[2024-03-27T00:00:55.328+0000] {logging_mixin.py:188} INFO - [2024-03-27T00:00:55.327+0000] {dag.py:3834} INFO - Setting next_dagrun for example_short_circuit_operator to 2024-03-26 00:00:00+00:00, run_after=2024-03-27 00:00:00+00:00
[2024-03-27T00:00:55.335+0000] {processor.py:183} INFO - Processing /home/airflow/.local/lib/python3.8/site-packages/airflow/example_dags/example_short_circuit_operator.py took 0.034 seconds
[2024-03-27T00:01:26.143+0000] {processor.py:161} INFO - Started process (PID=5358) to work on /home/airflow/.local/lib/python3.8/site-packages/airflow/example_dags/example_short_circuit_operator.py
[2024-03-27T00:01:26.144+0000] {processor.py:830} INFO - Processing file /home/airflow/.local/lib/python3.8/site-packages/airflow/example_dags/example_short_circuit_operator.py for tasks to queue
[2024-03-27T00:01:26.145+0000] {logging_mixin.py:188} INFO - [2024-03-27T00:01:26.145+0000] {dagbag.py:540} INFO - Filling up the DagBag from /home/airflow/.local/lib/python3.8/site-packages/airflow/example_dags/example_short_circuit_operator.py
[2024-03-27T00:01:26.150+0000] {processor.py:840} INFO - DAG(s) 'example_short_circuit_operator' retrieved from /home/airflow/.local/lib/python3.8/site-packages/airflow/example_dags/example_short_circuit_operator.py
[2024-03-27T00:01:26.162+0000] {logging_mixin.py:188} INFO - [2024-03-27T00:01:26.162+0000] {dag.py:3047} INFO - Sync 1 DAGs
[2024-03-27T00:01:26.173+0000] {logging_mixin.py:188} INFO - [2024-03-27T00:01:26.173+0000] {dag.py:3834} INFO - Setting next_dagrun for example_short_circuit_operator to 2024-03-26 00:00:00+00:00, run_after=2024-03-27 00:00:00+00:00
[2024-03-27T00:01:26.182+0000] {processor.py:183} INFO - Processing /home/airflow/.local/lib/python3.8/site-packages/airflow/example_dags/example_short_circuit_operator.py took 0.040 seconds
[2024-03-27T00:01:57.118+0000] {processor.py:161} INFO - Started process (PID=5413) to work on /home/airflow/.local/lib/python3.8/site-packages/airflow/example_dags/example_short_circuit_operator.py
[2024-03-27T00:01:57.118+0000] {processor.py:830} INFO - Processing file /home/airflow/.local/lib/python3.8/site-packages/airflow/example_dags/example_short_circuit_operator.py for tasks to queue
[2024-03-27T00:01:57.119+0000] {logging_mixin.py:188} INFO - [2024-03-27T00:01:57.119+0000] {dagbag.py:540} INFO - Filling up the DagBag from /home/airflow/.local/lib/python3.8/site-packages/airflow/example_dags/example_short_circuit_operator.py
[2024-03-27T00:01:57.124+0000] {processor.py:840} INFO - DAG(s) 'example_short_circuit_operator' retrieved from /home/airflow/.local/lib/python3.8/site-packages/airflow/example_dags/example_short_circuit_operator.py
[2024-03-27T00:01:57.135+0000] {logging_mixin.py:188} INFO - [2024-03-27T00:01:57.135+0000] {dag.py:3047} INFO - Sync 1 DAGs
[2024-03-27T00:01:57.149+0000] {logging_mixin.py:188} INFO - [2024-03-27T00:01:57.149+0000] {dag.py:3834} INFO - Setting next_dagrun for example_short_circuit_operator to 2024-03-26 00:00:00+00:00, run_after=2024-03-27 00:00:00+00:00
[2024-03-27T00:01:57.159+0000] {processor.py:183} INFO - Processing /home/airflow/.local/lib/python3.8/site-packages/airflow/example_dags/example_short_circuit_operator.py took 0.043 seconds
[2024-03-27T00:02:28.111+0000] {processor.py:161} INFO - Started process (PID=5468) to work on /home/airflow/.local/lib/python3.8/site-packages/airflow/example_dags/example_short_circuit_operator.py
[2024-03-27T00:02:28.112+0000] {processor.py:830} INFO - Processing file /home/airflow/.local/lib/python3.8/site-packages/airflow/example_dags/example_short_circuit_operator.py for tasks to queue
[2024-03-27T00:02:28.113+0000] {logging_mixin.py:188} INFO - [2024-03-27T00:02:28.113+0000] {dagbag.py:540} INFO - Filling up the DagBag from /home/airflow/.local/lib/python3.8/site-packages/airflow/example_dags/example_short_circuit_operator.py
[2024-03-27T00:02:28.117+0000] {processor.py:840} INFO - DAG(s) 'example_short_circuit_operator' retrieved from /home/airflow/.local/lib/python3.8/site-packages/airflow/example_dags/example_short_circuit_operator.py
[2024-03-27T00:02:28.129+0000] {logging_mixin.py:188} INFO - [2024-03-27T00:02:28.129+0000] {dag.py:3047} INFO - Sync 1 DAGs
[2024-03-27T00:02:28.140+0000] {logging_mixin.py:188} INFO - [2024-03-27T00:02:28.140+0000] {dag.py:3834} INFO - Setting next_dagrun for example_short_circuit_operator to 2024-03-26 00:00:00+00:00, run_after=2024-03-27 00:00:00+00:00
[2024-03-27T00:02:28.148+0000] {processor.py:183} INFO - Processing /home/airflow/.local/lib/python3.8/site-packages/airflow/example_dags/example_short_circuit_operator.py took 0.038 seconds
[2024-03-27T00:02:59.403+0000] {processor.py:161} INFO - Started process (PID=5523) to work on /home/airflow/.local/lib/python3.8/site-packages/airflow/example_dags/example_short_circuit_operator.py
[2024-03-27T00:02:59.405+0000] {processor.py:830} INFO - Processing file /home/airflow/.local/lib/python3.8/site-packages/airflow/example_dags/example_short_circuit_operator.py for tasks to queue
[2024-03-27T00:02:59.407+0000] {logging_mixin.py:188} INFO - [2024-03-27T00:02:59.407+0000] {dagbag.py:540} INFO - Filling up the DagBag from /home/airflow/.local/lib/python3.8/site-packages/airflow/example_dags/example_short_circuit_operator.py
[2024-03-27T00:02:59.414+0000] {processor.py:840} INFO - DAG(s) 'example_short_circuit_operator' retrieved from /home/airflow/.local/lib/python3.8/site-packages/airflow/example_dags/example_short_circuit_operator.py
[2024-03-27T00:02:59.438+0000] {logging_mixin.py:188} INFO - [2024-03-27T00:02:59.437+0000] {dag.py:3047} INFO - Sync 1 DAGs
[2024-03-27T00:02:59.463+0000] {logging_mixin.py:188} INFO - [2024-03-27T00:02:59.463+0000] {dag.py:3834} INFO - Setting next_dagrun for example_short_circuit_operator to 2024-03-26 00:00:00+00:00, run_after=2024-03-27 00:00:00+00:00
[2024-03-27T00:02:59.487+0000] {processor.py:183} INFO - Processing /home/airflow/.local/lib/python3.8/site-packages/airflow/example_dags/example_short_circuit_operator.py took 0.091 seconds
[2024-03-27T00:03:30.614+0000] {processor.py:161} INFO - Started process (PID=5577) to work on /home/airflow/.local/lib/python3.8/site-packages/airflow/example_dags/example_short_circuit_operator.py
[2024-03-27T00:03:30.616+0000] {processor.py:830} INFO - Processing file /home/airflow/.local/lib/python3.8/site-packages/airflow/example_dags/example_short_circuit_operator.py for tasks to queue
[2024-03-27T00:03:30.618+0000] {logging_mixin.py:188} INFO - [2024-03-27T00:03:30.618+0000] {dagbag.py:540} INFO - Filling up the DagBag from /home/airflow/.local/lib/python3.8/site-packages/airflow/example_dags/example_short_circuit_operator.py
[2024-03-27T00:03:30.627+0000] {processor.py:840} INFO - DAG(s) 'example_short_circuit_operator' retrieved from /home/airflow/.local/lib/python3.8/site-packages/airflow/example_dags/example_short_circuit_operator.py
[2024-03-27T00:03:30.645+0000] {logging_mixin.py:188} INFO - [2024-03-27T00:03:30.645+0000] {dag.py:3047} INFO - Sync 1 DAGs
[2024-03-27T00:03:30.661+0000] {logging_mixin.py:188} INFO - [2024-03-27T00:03:30.661+0000] {dag.py:3834} INFO - Setting next_dagrun for example_short_circuit_operator to 2024-03-26 00:00:00+00:00, run_after=2024-03-27 00:00:00+00:00
[2024-03-27T00:03:30.677+0000] {processor.py:183} INFO - Processing /home/airflow/.local/lib/python3.8/site-packages/airflow/example_dags/example_short_circuit_operator.py took 0.065 seconds
[2024-03-27T00:04:03.487+0000] {processor.py:161} INFO - Started process (PID=5632) to work on /home/airflow/.local/lib/python3.8/site-packages/airflow/example_dags/example_short_circuit_operator.py
[2024-03-27T00:04:03.488+0000] {processor.py:830} INFO - Processing file /home/airflow/.local/lib/python3.8/site-packages/airflow/example_dags/example_short_circuit_operator.py for tasks to queue
[2024-03-27T00:04:03.489+0000] {logging_mixin.py:188} INFO - [2024-03-27T00:04:03.489+0000] {dagbag.py:540} INFO - Filling up the DagBag from /home/airflow/.local/lib/python3.8/site-packages/airflow/example_dags/example_short_circuit_operator.py
[2024-03-27T00:04:03.493+0000] {processor.py:840} INFO - DAG(s) 'example_short_circuit_operator' retrieved from /home/airflow/.local/lib/python3.8/site-packages/airflow/example_dags/example_short_circuit_operator.py
[2024-03-27T00:04:03.505+0000] {logging_mixin.py:188} INFO - [2024-03-27T00:04:03.505+0000] {dag.py:3047} INFO - Sync 1 DAGs
[2024-03-27T00:04:03.515+0000] {logging_mixin.py:188} INFO - [2024-03-27T00:04:03.515+0000] {dag.py:3834} INFO - Setting next_dagrun for example_short_circuit_operator to 2024-03-26 00:00:00+00:00, run_after=2024-03-27 00:00:00+00:00
[2024-03-27T00:04:03.524+0000] {processor.py:183} INFO - Processing /home/airflow/.local/lib/python3.8/site-packages/airflow/example_dags/example_short_circuit_operator.py took 0.039 seconds
[2024-03-27T00:04:34.222+0000] {processor.py:161} INFO - Started process (PID=5687) to work on /home/airflow/.local/lib/python3.8/site-packages/airflow/example_dags/example_short_circuit_operator.py
[2024-03-27T00:04:34.223+0000] {processor.py:830} INFO - Processing file /home/airflow/.local/lib/python3.8/site-packages/airflow/example_dags/example_short_circuit_operator.py for tasks to queue
[2024-03-27T00:04:34.223+0000] {logging_mixin.py:188} INFO - [2024-03-27T00:04:34.223+0000] {dagbag.py:540} INFO - Filling up the DagBag from /home/airflow/.local/lib/python3.8/site-packages/airflow/example_dags/example_short_circuit_operator.py
[2024-03-27T00:04:34.227+0000] {processor.py:840} INFO - DAG(s) 'example_short_circuit_operator' retrieved from /home/airflow/.local/lib/python3.8/site-packages/airflow/example_dags/example_short_circuit_operator.py
[2024-03-27T00:04:34.238+0000] {logging_mixin.py:188} INFO - [2024-03-27T00:04:34.238+0000] {dag.py:3047} INFO - Sync 1 DAGs
[2024-03-27T00:04:34.247+0000] {logging_mixin.py:188} INFO - [2024-03-27T00:04:34.247+0000] {dag.py:3834} INFO - Setting next_dagrun for example_short_circuit_operator to 2024-03-26 00:00:00+00:00, run_after=2024-03-27 00:00:00+00:00
[2024-03-27T00:04:34.255+0000] {processor.py:183} INFO - Processing /home/airflow/.local/lib/python3.8/site-packages/airflow/example_dags/example_short_circuit_operator.py took 0.035 seconds
[2024-03-27T00:05:04.956+0000] {processor.py:161} INFO - Started process (PID=5742) to work on /home/airflow/.local/lib/python3.8/site-packages/airflow/example_dags/example_short_circuit_operator.py
[2024-03-27T00:05:04.957+0000] {processor.py:830} INFO - Processing file /home/airflow/.local/lib/python3.8/site-packages/airflow/example_dags/example_short_circuit_operator.py for tasks to queue
[2024-03-27T00:05:04.958+0000] {logging_mixin.py:188} INFO - [2024-03-27T00:05:04.958+0000] {dagbag.py:540} INFO - Filling up the DagBag from /home/airflow/.local/lib/python3.8/site-packages/airflow/example_dags/example_short_circuit_operator.py
[2024-03-27T00:05:04.962+0000] {processor.py:840} INFO - DAG(s) 'example_short_circuit_operator' retrieved from /home/airflow/.local/lib/python3.8/site-packages/airflow/example_dags/example_short_circuit_operator.py
[2024-03-27T00:05:04.972+0000] {logging_mixin.py:188} INFO - [2024-03-27T00:05:04.972+0000] {dag.py:3047} INFO - Sync 1 DAGs
[2024-03-27T00:05:04.982+0000] {logging_mixin.py:188} INFO - [2024-03-27T00:05:04.982+0000] {dag.py:3834} INFO - Setting next_dagrun for example_short_circuit_operator to 2024-03-26 00:00:00+00:00, run_after=2024-03-27 00:00:00+00:00
[2024-03-27T00:05:04.990+0000] {processor.py:183} INFO - Processing /home/airflow/.local/lib/python3.8/site-packages/airflow/example_dags/example_short_circuit_operator.py took 0.036 seconds
[2024-03-27T00:05:35.636+0000] {processor.py:161} INFO - Started process (PID=5797) to work on /home/airflow/.local/lib/python3.8/site-packages/airflow/example_dags/example_short_circuit_operator.py
[2024-03-27T00:05:35.637+0000] {processor.py:830} INFO - Processing file /home/airflow/.local/lib/python3.8/site-packages/airflow/example_dags/example_short_circuit_operator.py for tasks to queue
[2024-03-27T00:05:35.638+0000] {logging_mixin.py:188} INFO - [2024-03-27T00:05:35.638+0000] {dagbag.py:540} INFO - Filling up the DagBag from /home/airflow/.local/lib/python3.8/site-packages/airflow/example_dags/example_short_circuit_operator.py
[2024-03-27T00:05:35.642+0000] {processor.py:840} INFO - DAG(s) 'example_short_circuit_operator' retrieved from /home/airflow/.local/lib/python3.8/site-packages/airflow/example_dags/example_short_circuit_operator.py
[2024-03-27T00:05:35.654+0000] {logging_mixin.py:188} INFO - [2024-03-27T00:05:35.653+0000] {dag.py:3047} INFO - Sync 1 DAGs
[2024-03-27T00:05:35.665+0000] {logging_mixin.py:188} INFO - [2024-03-27T00:05:35.665+0000] {dag.py:3834} INFO - Setting next_dagrun for example_short_circuit_operator to 2024-03-26 00:00:00+00:00, run_after=2024-03-27 00:00:00+00:00
[2024-03-27T00:05:35.673+0000] {processor.py:183} INFO - Processing /home/airflow/.local/lib/python3.8/site-packages/airflow/example_dags/example_short_circuit_operator.py took 0.039 seconds
[2024-03-27T00:06:06.314+0000] {processor.py:161} INFO - Started process (PID=5852) to work on /home/airflow/.local/lib/python3.8/site-packages/airflow/example_dags/example_short_circuit_operator.py
[2024-03-27T00:06:06.315+0000] {processor.py:830} INFO - Processing file /home/airflow/.local/lib/python3.8/site-packages/airflow/example_dags/example_short_circuit_operator.py for tasks to queue
[2024-03-27T00:06:06.316+0000] {logging_mixin.py:188} INFO - [2024-03-27T00:06:06.316+0000] {dagbag.py:540} INFO - Filling up the DagBag from /home/airflow/.local/lib/python3.8/site-packages/airflow/example_dags/example_short_circuit_operator.py
[2024-03-27T00:06:06.320+0000] {processor.py:840} INFO - DAG(s) 'example_short_circuit_operator' retrieved from /home/airflow/.local/lib/python3.8/site-packages/airflow/example_dags/example_short_circuit_operator.py
[2024-03-27T00:06:06.331+0000] {logging_mixin.py:188} INFO - [2024-03-27T00:06:06.331+0000] {dag.py:3047} INFO - Sync 1 DAGs
[2024-03-27T00:06:06.342+0000] {logging_mixin.py:188} INFO - [2024-03-27T00:06:06.341+0000] {dag.py:3834} INFO - Setting next_dagrun for example_short_circuit_operator to 2024-03-26 00:00:00+00:00, run_after=2024-03-27 00:00:00+00:00
[2024-03-27T00:06:06.350+0000] {processor.py:183} INFO - Processing /home/airflow/.local/lib/python3.8/site-packages/airflow/example_dags/example_short_circuit_operator.py took 0.037 seconds
[2024-03-27T00:09:25.688+0000] {processor.py:161} INFO - Started process (PID=5907) to work on /home/airflow/.local/lib/python3.8/site-packages/airflow/example_dags/example_short_circuit_operator.py
[2024-03-27T00:09:25.689+0000] {processor.py:830} INFO - Processing file /home/airflow/.local/lib/python3.8/site-packages/airflow/example_dags/example_short_circuit_operator.py for tasks to queue
[2024-03-27T00:09:25.691+0000] {logging_mixin.py:188} INFO - [2024-03-27T00:09:25.690+0000] {dagbag.py:540} INFO - Filling up the DagBag from /home/airflow/.local/lib/python3.8/site-packages/airflow/example_dags/example_short_circuit_operator.py
[2024-03-27T00:09:25.697+0000] {processor.py:840} INFO - DAG(s) 'example_short_circuit_operator' retrieved from /home/airflow/.local/lib/python3.8/site-packages/airflow/example_dags/example_short_circuit_operator.py
[2024-03-27T00:09:25.711+0000] {logging_mixin.py:188} INFO - [2024-03-27T00:09:25.710+0000] {dag.py:3047} INFO - Sync 1 DAGs
[2024-03-27T00:09:25.722+0000] {logging_mixin.py:188} INFO - [2024-03-27T00:09:25.722+0000] {dag.py:3834} INFO - Setting next_dagrun for example_short_circuit_operator to 2024-03-26 00:00:00+00:00, run_after=2024-03-27 00:00:00+00:00
[2024-03-27T00:09:25.731+0000] {processor.py:183} INFO - Processing /home/airflow/.local/lib/python3.8/site-packages/airflow/example_dags/example_short_circuit_operator.py took 0.048 seconds
[2024-03-27T00:09:56.581+0000] {processor.py:161} INFO - Started process (PID=5961) to work on /home/airflow/.local/lib/python3.8/site-packages/airflow/example_dags/example_short_circuit_operator.py
[2024-03-27T00:09:56.582+0000] {processor.py:830} INFO - Processing file /home/airflow/.local/lib/python3.8/site-packages/airflow/example_dags/example_short_circuit_operator.py for tasks to queue
[2024-03-27T00:09:56.583+0000] {logging_mixin.py:188} INFO - [2024-03-27T00:09:56.583+0000] {dagbag.py:540} INFO - Filling up the DagBag from /home/airflow/.local/lib/python3.8/site-packages/airflow/example_dags/example_short_circuit_operator.py
[2024-03-27T00:09:56.587+0000] {processor.py:840} INFO - DAG(s) 'example_short_circuit_operator' retrieved from /home/airflow/.local/lib/python3.8/site-packages/airflow/example_dags/example_short_circuit_operator.py
[2024-03-27T00:09:56.599+0000] {logging_mixin.py:188} INFO - [2024-03-27T00:09:56.599+0000] {dag.py:3047} INFO - Sync 1 DAGs
[2024-03-27T00:09:56.610+0000] {logging_mixin.py:188} INFO - [2024-03-27T00:09:56.610+0000] {dag.py:3834} INFO - Setting next_dagrun for example_short_circuit_operator to 2024-03-26 00:00:00+00:00, run_after=2024-03-27 00:00:00+00:00
[2024-03-27T00:09:56.620+0000] {processor.py:183} INFO - Processing /home/airflow/.local/lib/python3.8/site-packages/airflow/example_dags/example_short_circuit_operator.py took 0.041 seconds
[2024-03-27T00:10:27.621+0000] {processor.py:161} INFO - Started process (PID=6016) to work on /home/airflow/.local/lib/python3.8/site-packages/airflow/example_dags/example_short_circuit_operator.py
[2024-03-27T00:10:27.622+0000] {processor.py:830} INFO - Processing file /home/airflow/.local/lib/python3.8/site-packages/airflow/example_dags/example_short_circuit_operator.py for tasks to queue
[2024-03-27T00:10:27.623+0000] {logging_mixin.py:188} INFO - [2024-03-27T00:10:27.623+0000] {dagbag.py:540} INFO - Filling up the DagBag from /home/airflow/.local/lib/python3.8/site-packages/airflow/example_dags/example_short_circuit_operator.py
[2024-03-27T00:10:27.627+0000] {processor.py:840} INFO - DAG(s) 'example_short_circuit_operator' retrieved from /home/airflow/.local/lib/python3.8/site-packages/airflow/example_dags/example_short_circuit_operator.py
[2024-03-27T00:10:27.640+0000] {logging_mixin.py:188} INFO - [2024-03-27T00:10:27.639+0000] {dag.py:3047} INFO - Sync 1 DAGs
[2024-03-27T00:10:27.650+0000] {logging_mixin.py:188} INFO - [2024-03-27T00:10:27.650+0000] {dag.py:3834} INFO - Setting next_dagrun for example_short_circuit_operator to 2024-03-26 00:00:00+00:00, run_after=2024-03-27 00:00:00+00:00
[2024-03-27T00:10:27.659+0000] {processor.py:183} INFO - Processing /home/airflow/.local/lib/python3.8/site-packages/airflow/example_dags/example_short_circuit_operator.py took 0.039 seconds
[2024-03-27T00:10:58.611+0000] {processor.py:161} INFO - Started process (PID=6071) to work on /home/airflow/.local/lib/python3.8/site-packages/airflow/example_dags/example_short_circuit_operator.py
[2024-03-27T00:10:58.611+0000] {processor.py:830} INFO - Processing file /home/airflow/.local/lib/python3.8/site-packages/airflow/example_dags/example_short_circuit_operator.py for tasks to queue
[2024-03-27T00:10:58.613+0000] {logging_mixin.py:188} INFO - [2024-03-27T00:10:58.612+0000] {dagbag.py:540} INFO - Filling up the DagBag from /home/airflow/.local/lib/python3.8/site-packages/airflow/example_dags/example_short_circuit_operator.py
[2024-03-27T00:10:58.617+0000] {processor.py:840} INFO - DAG(s) 'example_short_circuit_operator' retrieved from /home/airflow/.local/lib/python3.8/site-packages/airflow/example_dags/example_short_circuit_operator.py
[2024-03-27T00:10:58.628+0000] {logging_mixin.py:188} INFO - [2024-03-27T00:10:58.628+0000] {dag.py:3047} INFO - Sync 1 DAGs
[2024-03-27T00:10:58.638+0000] {logging_mixin.py:188} INFO - [2024-03-27T00:10:58.638+0000] {dag.py:3834} INFO - Setting next_dagrun for example_short_circuit_operator to 2024-03-26 00:00:00+00:00, run_after=2024-03-27 00:00:00+00:00
[2024-03-27T00:10:58.646+0000] {processor.py:183} INFO - Processing /home/airflow/.local/lib/python3.8/site-packages/airflow/example_dags/example_short_circuit_operator.py took 0.037 seconds
[2024-03-27T00:11:29.540+0000] {processor.py:161} INFO - Started process (PID=6125) to work on /home/airflow/.local/lib/python3.8/site-packages/airflow/example_dags/example_short_circuit_operator.py
[2024-03-27T00:11:29.541+0000] {processor.py:830} INFO - Processing file /home/airflow/.local/lib/python3.8/site-packages/airflow/example_dags/example_short_circuit_operator.py for tasks to queue
[2024-03-27T00:11:29.542+0000] {logging_mixin.py:188} INFO - [2024-03-27T00:11:29.542+0000] {dagbag.py:540} INFO - Filling up the DagBag from /home/airflow/.local/lib/python3.8/site-packages/airflow/example_dags/example_short_circuit_operator.py
[2024-03-27T00:11:29.547+0000] {processor.py:840} INFO - DAG(s) 'example_short_circuit_operator' retrieved from /home/airflow/.local/lib/python3.8/site-packages/airflow/example_dags/example_short_circuit_operator.py
[2024-03-27T00:11:29.559+0000] {logging_mixin.py:188} INFO - [2024-03-27T00:11:29.559+0000] {dag.py:3047} INFO - Sync 1 DAGs
[2024-03-27T00:11:29.572+0000] {logging_mixin.py:188} INFO - [2024-03-27T00:11:29.572+0000] {dag.py:3834} INFO - Setting next_dagrun for example_short_circuit_operator to 2024-03-26 00:00:00+00:00, run_after=2024-03-27 00:00:00+00:00
[2024-03-27T00:11:29.582+0000] {processor.py:183} INFO - Processing /home/airflow/.local/lib/python3.8/site-packages/airflow/example_dags/example_short_circuit_operator.py took 0.045 seconds
[2024-03-27T00:12:00.568+0000] {processor.py:161} INFO - Started process (PID=6180) to work on /home/airflow/.local/lib/python3.8/site-packages/airflow/example_dags/example_short_circuit_operator.py
[2024-03-27T00:12:00.569+0000] {processor.py:830} INFO - Processing file /home/airflow/.local/lib/python3.8/site-packages/airflow/example_dags/example_short_circuit_operator.py for tasks to queue
[2024-03-27T00:12:00.570+0000] {logging_mixin.py:188} INFO - [2024-03-27T00:12:00.570+0000] {dagbag.py:540} INFO - Filling up the DagBag from /home/airflow/.local/lib/python3.8/site-packages/airflow/example_dags/example_short_circuit_operator.py
[2024-03-27T00:12:00.574+0000] {processor.py:840} INFO - DAG(s) 'example_short_circuit_operator' retrieved from /home/airflow/.local/lib/python3.8/site-packages/airflow/example_dags/example_short_circuit_operator.py
[2024-03-27T00:12:00.586+0000] {logging_mixin.py:188} INFO - [2024-03-27T00:12:00.586+0000] {dag.py:3047} INFO - Sync 1 DAGs
[2024-03-27T00:12:00.598+0000] {logging_mixin.py:188} INFO - [2024-03-27T00:12:00.597+0000] {dag.py:3834} INFO - Setting next_dagrun for example_short_circuit_operator to 2024-03-26 00:00:00+00:00, run_after=2024-03-27 00:00:00+00:00
[2024-03-27T00:12:00.609+0000] {processor.py:183} INFO - Processing /home/airflow/.local/lib/python3.8/site-packages/airflow/example_dags/example_short_circuit_operator.py took 0.043 seconds
[2024-03-27T00:12:31.365+0000] {processor.py:161} INFO - Started process (PID=6234) to work on /home/airflow/.local/lib/python3.8/site-packages/airflow/example_dags/example_short_circuit_operator.py
[2024-03-27T00:12:31.366+0000] {processor.py:830} INFO - Processing file /home/airflow/.local/lib/python3.8/site-packages/airflow/example_dags/example_short_circuit_operator.py for tasks to queue
[2024-03-27T00:12:31.367+0000] {logging_mixin.py:188} INFO - [2024-03-27T00:12:31.367+0000] {dagbag.py:540} INFO - Filling up the DagBag from /home/airflow/.local/lib/python3.8/site-packages/airflow/example_dags/example_short_circuit_operator.py
[2024-03-27T00:12:31.371+0000] {processor.py:840} INFO - DAG(s) 'example_short_circuit_operator' retrieved from /home/airflow/.local/lib/python3.8/site-packages/airflow/example_dags/example_short_circuit_operator.py
[2024-03-27T00:12:31.385+0000] {logging_mixin.py:188} INFO - [2024-03-27T00:12:31.385+0000] {dag.py:3047} INFO - Sync 1 DAGs
[2024-03-27T00:12:31.396+0000] {logging_mixin.py:188} INFO - [2024-03-27T00:12:31.396+0000] {dag.py:3834} INFO - Setting next_dagrun for example_short_circuit_operator to 2024-03-26 00:00:00+00:00, run_after=2024-03-27 00:00:00+00:00
[2024-03-27T00:12:31.404+0000] {processor.py:183} INFO - Processing /home/airflow/.local/lib/python3.8/site-packages/airflow/example_dags/example_short_circuit_operator.py took 0.041 seconds
[2024-03-27T00:13:02.111+0000] {processor.py:161} INFO - Started process (PID=6289) to work on /home/airflow/.local/lib/python3.8/site-packages/airflow/example_dags/example_short_circuit_operator.py
[2024-03-27T00:13:02.112+0000] {processor.py:830} INFO - Processing file /home/airflow/.local/lib/python3.8/site-packages/airflow/example_dags/example_short_circuit_operator.py for tasks to queue
[2024-03-27T00:13:02.113+0000] {logging_mixin.py:188} INFO - [2024-03-27T00:13:02.113+0000] {dagbag.py:540} INFO - Filling up the DagBag from /home/airflow/.local/lib/python3.8/site-packages/airflow/example_dags/example_short_circuit_operator.py
[2024-03-27T00:13:02.118+0000] {processor.py:840} INFO - DAG(s) 'example_short_circuit_operator' retrieved from /home/airflow/.local/lib/python3.8/site-packages/airflow/example_dags/example_short_circuit_operator.py
[2024-03-27T00:13:02.130+0000] {logging_mixin.py:188} INFO - [2024-03-27T00:13:02.130+0000] {dag.py:3047} INFO - Sync 1 DAGs
[2024-03-27T00:13:02.141+0000] {logging_mixin.py:188} INFO - [2024-03-27T00:13:02.141+0000] {dag.py:3834} INFO - Setting next_dagrun for example_short_circuit_operator to 2024-03-26 00:00:00+00:00, run_after=2024-03-27 00:00:00+00:00
[2024-03-27T00:13:02.149+0000] {processor.py:183} INFO - Processing /home/airflow/.local/lib/python3.8/site-packages/airflow/example_dags/example_short_circuit_operator.py took 0.040 seconds
[2024-03-27T00:13:33.170+0000] {processor.py:161} INFO - Started process (PID=6344) to work on /home/airflow/.local/lib/python3.8/site-packages/airflow/example_dags/example_short_circuit_operator.py
[2024-03-27T00:13:33.171+0000] {processor.py:830} INFO - Processing file /home/airflow/.local/lib/python3.8/site-packages/airflow/example_dags/example_short_circuit_operator.py for tasks to queue
[2024-03-27T00:13:33.172+0000] {logging_mixin.py:188} INFO - [2024-03-27T00:13:33.172+0000] {dagbag.py:540} INFO - Filling up the DagBag from /home/airflow/.local/lib/python3.8/site-packages/airflow/example_dags/example_short_circuit_operator.py
[2024-03-27T00:13:33.176+0000] {processor.py:840} INFO - DAG(s) 'example_short_circuit_operator' retrieved from /home/airflow/.local/lib/python3.8/site-packages/airflow/example_dags/example_short_circuit_operator.py
[2024-03-27T00:13:33.187+0000] {logging_mixin.py:188} INFO - [2024-03-27T00:13:33.187+0000] {dag.py:3047} INFO - Sync 1 DAGs
[2024-03-27T00:13:33.197+0000] {logging_mixin.py:188} INFO - [2024-03-27T00:13:33.197+0000] {dag.py:3834} INFO - Setting next_dagrun for example_short_circuit_operator to 2024-03-26 00:00:00+00:00, run_after=2024-03-27 00:00:00+00:00
[2024-03-27T00:13:33.205+0000] {processor.py:183} INFO - Processing /home/airflow/.local/lib/python3.8/site-packages/airflow/example_dags/example_short_circuit_operator.py took 0.036 seconds
[2024-03-27T00:14:03.558+0000] {processor.py:161} INFO - Started process (PID=6399) to work on /home/airflow/.local/lib/python3.8/site-packages/airflow/example_dags/example_short_circuit_operator.py
[2024-03-27T00:14:03.559+0000] {processor.py:830} INFO - Processing file /home/airflow/.local/lib/python3.8/site-packages/airflow/example_dags/example_short_circuit_operator.py for tasks to queue
[2024-03-27T00:14:03.560+0000] {logging_mixin.py:188} INFO - [2024-03-27T00:14:03.559+0000] {dagbag.py:540} INFO - Filling up the DagBag from /home/airflow/.local/lib/python3.8/site-packages/airflow/example_dags/example_short_circuit_operator.py
[2024-03-27T00:14:03.564+0000] {processor.py:840} INFO - DAG(s) 'example_short_circuit_operator' retrieved from /home/airflow/.local/lib/python3.8/site-packages/airflow/example_dags/example_short_circuit_operator.py
[2024-03-27T00:14:03.575+0000] {logging_mixin.py:188} INFO - [2024-03-27T00:14:03.575+0000] {dag.py:3047} INFO - Sync 1 DAGs
[2024-03-27T00:14:03.586+0000] {logging_mixin.py:188} INFO - [2024-03-27T00:14:03.586+0000] {dag.py:3834} INFO - Setting next_dagrun for example_short_circuit_operator to 2024-03-26 00:00:00+00:00, run_after=2024-03-27 00:00:00+00:00
[2024-03-27T00:14:03.595+0000] {processor.py:183} INFO - Processing /home/airflow/.local/lib/python3.8/site-packages/airflow/example_dags/example_short_circuit_operator.py took 0.039 seconds
[2024-03-27T00:14:33.653+0000] {processor.py:161} INFO - Started process (PID=6454) to work on /home/airflow/.local/lib/python3.8/site-packages/airflow/example_dags/example_short_circuit_operator.py
[2024-03-27T00:14:33.654+0000] {processor.py:830} INFO - Processing file /home/airflow/.local/lib/python3.8/site-packages/airflow/example_dags/example_short_circuit_operator.py for tasks to queue
[2024-03-27T00:14:33.655+0000] {logging_mixin.py:188} INFO - [2024-03-27T00:14:33.654+0000] {dagbag.py:540} INFO - Filling up the DagBag from /home/airflow/.local/lib/python3.8/site-packages/airflow/example_dags/example_short_circuit_operator.py
[2024-03-27T00:14:33.659+0000] {processor.py:840} INFO - DAG(s) 'example_short_circuit_operator' retrieved from /home/airflow/.local/lib/python3.8/site-packages/airflow/example_dags/example_short_circuit_operator.py
[2024-03-27T00:14:33.670+0000] {logging_mixin.py:188} INFO - [2024-03-27T00:14:33.670+0000] {dag.py:3047} INFO - Sync 1 DAGs
[2024-03-27T00:14:33.680+0000] {logging_mixin.py:188} INFO - [2024-03-27T00:14:33.680+0000] {dag.py:3834} INFO - Setting next_dagrun for example_short_circuit_operator to 2024-03-26 00:00:00+00:00, run_after=2024-03-27 00:00:00+00:00
[2024-03-27T00:14:33.689+0000] {processor.py:183} INFO - Processing /home/airflow/.local/lib/python3.8/site-packages/airflow/example_dags/example_short_circuit_operator.py took 0.038 seconds
[2024-03-27T00:15:04.384+0000] {processor.py:161} INFO - Started process (PID=6509) to work on /home/airflow/.local/lib/python3.8/site-packages/airflow/example_dags/example_short_circuit_operator.py
[2024-03-27T00:15:04.385+0000] {processor.py:830} INFO - Processing file /home/airflow/.local/lib/python3.8/site-packages/airflow/example_dags/example_short_circuit_operator.py for tasks to queue
[2024-03-27T00:15:04.386+0000] {logging_mixin.py:188} INFO - [2024-03-27T00:15:04.386+0000] {dagbag.py:540} INFO - Filling up the DagBag from /home/airflow/.local/lib/python3.8/site-packages/airflow/example_dags/example_short_circuit_operator.py
[2024-03-27T00:15:04.391+0000] {processor.py:840} INFO - DAG(s) 'example_short_circuit_operator' retrieved from /home/airflow/.local/lib/python3.8/site-packages/airflow/example_dags/example_short_circuit_operator.py
[2024-03-27T00:15:04.403+0000] {logging_mixin.py:188} INFO - [2024-03-27T00:15:04.403+0000] {dag.py:3047} INFO - Sync 1 DAGs
[2024-03-27T00:15:04.415+0000] {logging_mixin.py:188} INFO - [2024-03-27T00:15:04.414+0000] {dag.py:3834} INFO - Setting next_dagrun for example_short_circuit_operator to 2024-03-26 00:00:00+00:00, run_after=2024-03-27 00:00:00+00:00
[2024-03-27T00:15:04.423+0000] {processor.py:183} INFO - Processing /home/airflow/.local/lib/python3.8/site-packages/airflow/example_dags/example_short_circuit_operator.py took 0.041 seconds
[2024-03-27T00:15:35.353+0000] {processor.py:161} INFO - Started process (PID=6564) to work on /home/airflow/.local/lib/python3.8/site-packages/airflow/example_dags/example_short_circuit_operator.py
[2024-03-27T00:15:35.354+0000] {processor.py:830} INFO - Processing file /home/airflow/.local/lib/python3.8/site-packages/airflow/example_dags/example_short_circuit_operator.py for tasks to queue
[2024-03-27T00:15:35.356+0000] {logging_mixin.py:188} INFO - [2024-03-27T00:15:35.355+0000] {dagbag.py:540} INFO - Filling up the DagBag from /home/airflow/.local/lib/python3.8/site-packages/airflow/example_dags/example_short_circuit_operator.py
[2024-03-27T00:15:35.365+0000] {processor.py:840} INFO - DAG(s) 'example_short_circuit_operator' retrieved from /home/airflow/.local/lib/python3.8/site-packages/airflow/example_dags/example_short_circuit_operator.py
[2024-03-27T00:15:35.380+0000] {logging_mixin.py:188} INFO - [2024-03-27T00:15:35.380+0000] {dag.py:3047} INFO - Sync 1 DAGs
[2024-03-27T00:15:35.392+0000] {logging_mixin.py:188} INFO - [2024-03-27T00:15:35.392+0000] {dag.py:3834} INFO - Setting next_dagrun for example_short_circuit_operator to 2024-03-26 00:00:00+00:00, run_after=2024-03-27 00:00:00+00:00
[2024-03-27T00:15:35.401+0000] {processor.py:183} INFO - Processing /home/airflow/.local/lib/python3.8/site-packages/airflow/example_dags/example_short_circuit_operator.py took 0.050 seconds
[2024-03-27T00:16:05.478+0000] {processor.py:161} INFO - Started process (PID=6619) to work on /home/airflow/.local/lib/python3.8/site-packages/airflow/example_dags/example_short_circuit_operator.py
[2024-03-27T00:16:05.479+0000] {processor.py:830} INFO - Processing file /home/airflow/.local/lib/python3.8/site-packages/airflow/example_dags/example_short_circuit_operator.py for tasks to queue
[2024-03-27T00:16:05.480+0000] {logging_mixin.py:188} INFO - [2024-03-27T00:16:05.480+0000] {dagbag.py:540} INFO - Filling up the DagBag from /home/airflow/.local/lib/python3.8/site-packages/airflow/example_dags/example_short_circuit_operator.py
[2024-03-27T00:16:05.484+0000] {processor.py:840} INFO - DAG(s) 'example_short_circuit_operator' retrieved from /home/airflow/.local/lib/python3.8/site-packages/airflow/example_dags/example_short_circuit_operator.py
[2024-03-27T00:16:05.495+0000] {logging_mixin.py:188} INFO - [2024-03-27T00:16:05.494+0000] {dag.py:3047} INFO - Sync 1 DAGs
[2024-03-27T00:16:05.504+0000] {logging_mixin.py:188} INFO - [2024-03-27T00:16:05.504+0000] {dag.py:3834} INFO - Setting next_dagrun for example_short_circuit_operator to 2024-03-26 00:00:00+00:00, run_after=2024-03-27 00:00:00+00:00
[2024-03-27T00:16:05.513+0000] {processor.py:183} INFO - Processing /home/airflow/.local/lib/python3.8/site-packages/airflow/example_dags/example_short_circuit_operator.py took 0.036 seconds
[2024-03-27T00:16:36.189+0000] {processor.py:161} INFO - Started process (PID=6674) to work on /home/airflow/.local/lib/python3.8/site-packages/airflow/example_dags/example_short_circuit_operator.py
[2024-03-27T00:16:36.190+0000] {processor.py:830} INFO - Processing file /home/airflow/.local/lib/python3.8/site-packages/airflow/example_dags/example_short_circuit_operator.py for tasks to queue
[2024-03-27T00:16:36.191+0000] {logging_mixin.py:188} INFO - [2024-03-27T00:16:36.191+0000] {dagbag.py:540} INFO - Filling up the DagBag from /home/airflow/.local/lib/python3.8/site-packages/airflow/example_dags/example_short_circuit_operator.py
[2024-03-27T00:16:36.195+0000] {processor.py:840} INFO - DAG(s) 'example_short_circuit_operator' retrieved from /home/airflow/.local/lib/python3.8/site-packages/airflow/example_dags/example_short_circuit_operator.py
[2024-03-27T00:16:36.207+0000] {logging_mixin.py:188} INFO - [2024-03-27T00:16:36.207+0000] {dag.py:3047} INFO - Sync 1 DAGs
[2024-03-27T00:16:36.217+0000] {logging_mixin.py:188} INFO - [2024-03-27T00:16:36.217+0000] {dag.py:3834} INFO - Setting next_dagrun for example_short_circuit_operator to 2024-03-26 00:00:00+00:00, run_after=2024-03-27 00:00:00+00:00
[2024-03-27T00:16:36.226+0000] {processor.py:183} INFO - Processing /home/airflow/.local/lib/python3.8/site-packages/airflow/example_dags/example_short_circuit_operator.py took 0.039 seconds
[2024-03-27T00:17:06.965+0000] {processor.py:161} INFO - Started process (PID=6729) to work on /home/airflow/.local/lib/python3.8/site-packages/airflow/example_dags/example_short_circuit_operator.py
[2024-03-27T00:17:06.965+0000] {processor.py:830} INFO - Processing file /home/airflow/.local/lib/python3.8/site-packages/airflow/example_dags/example_short_circuit_operator.py for tasks to queue
[2024-03-27T00:17:06.966+0000] {logging_mixin.py:188} INFO - [2024-03-27T00:17:06.966+0000] {dagbag.py:540} INFO - Filling up the DagBag from /home/airflow/.local/lib/python3.8/site-packages/airflow/example_dags/example_short_circuit_operator.py
[2024-03-27T00:17:06.971+0000] {processor.py:840} INFO - DAG(s) 'example_short_circuit_operator' retrieved from /home/airflow/.local/lib/python3.8/site-packages/airflow/example_dags/example_short_circuit_operator.py
[2024-03-27T00:17:06.982+0000] {logging_mixin.py:188} INFO - [2024-03-27T00:17:06.982+0000] {dag.py:3047} INFO - Sync 1 DAGs
[2024-03-27T00:17:06.993+0000] {logging_mixin.py:188} INFO - [2024-03-27T00:17:06.993+0000] {dag.py:3834} INFO - Setting next_dagrun for example_short_circuit_operator to 2024-03-26 00:00:00+00:00, run_after=2024-03-27 00:00:00+00:00
[2024-03-27T00:17:07.001+0000] {processor.py:183} INFO - Processing /home/airflow/.local/lib/python3.8/site-packages/airflow/example_dags/example_short_circuit_operator.py took 0.038 seconds
[2024-03-27T00:17:37.998+0000] {processor.py:161} INFO - Started process (PID=6784) to work on /home/airflow/.local/lib/python3.8/site-packages/airflow/example_dags/example_short_circuit_operator.py
[2024-03-27T00:17:37.999+0000] {processor.py:830} INFO - Processing file /home/airflow/.local/lib/python3.8/site-packages/airflow/example_dags/example_short_circuit_operator.py for tasks to queue
[2024-03-27T00:17:38.000+0000] {logging_mixin.py:188} INFO - [2024-03-27T00:17:38.000+0000] {dagbag.py:540} INFO - Filling up the DagBag from /home/airflow/.local/lib/python3.8/site-packages/airflow/example_dags/example_short_circuit_operator.py
[2024-03-27T00:17:38.004+0000] {processor.py:840} INFO - DAG(s) 'example_short_circuit_operator' retrieved from /home/airflow/.local/lib/python3.8/site-packages/airflow/example_dags/example_short_circuit_operator.py
[2024-03-27T00:17:38.016+0000] {logging_mixin.py:188} INFO - [2024-03-27T00:17:38.016+0000] {dag.py:3047} INFO - Sync 1 DAGs
[2024-03-27T00:17:38.027+0000] {logging_mixin.py:188} INFO - [2024-03-27T00:17:38.027+0000] {dag.py:3834} INFO - Setting next_dagrun for example_short_circuit_operator to 2024-03-26 00:00:00+00:00, run_after=2024-03-27 00:00:00+00:00
[2024-03-27T00:17:38.035+0000] {processor.py:183} INFO - Processing /home/airflow/.local/lib/python3.8/site-packages/airflow/example_dags/example_short_circuit_operator.py took 0.039 seconds
[2024-03-27T00:18:09.260+0000] {processor.py:161} INFO - Started process (PID=6839) to work on /home/airflow/.local/lib/python3.8/site-packages/airflow/example_dags/example_short_circuit_operator.py
[2024-03-27T00:18:09.261+0000] {processor.py:830} INFO - Processing file /home/airflow/.local/lib/python3.8/site-packages/airflow/example_dags/example_short_circuit_operator.py for tasks to queue
[2024-03-27T00:18:09.262+0000] {logging_mixin.py:188} INFO - [2024-03-27T00:18:09.262+0000] {dagbag.py:540} INFO - Filling up the DagBag from /home/airflow/.local/lib/python3.8/site-packages/airflow/example_dags/example_short_circuit_operator.py
[2024-03-27T00:18:09.266+0000] {processor.py:840} INFO - DAG(s) 'example_short_circuit_operator' retrieved from /home/airflow/.local/lib/python3.8/site-packages/airflow/example_dags/example_short_circuit_operator.py
[2024-03-27T00:18:09.278+0000] {logging_mixin.py:188} INFO - [2024-03-27T00:18:09.278+0000] {dag.py:3047} INFO - Sync 1 DAGs
[2024-03-27T00:18:09.289+0000] {logging_mixin.py:188} INFO - [2024-03-27T00:18:09.288+0000] {dag.py:3834} INFO - Setting next_dagrun for example_short_circuit_operator to 2024-03-26 00:00:00+00:00, run_after=2024-03-27 00:00:00+00:00
[2024-03-27T00:18:09.297+0000] {processor.py:183} INFO - Processing /home/airflow/.local/lib/python3.8/site-packages/airflow/example_dags/example_short_circuit_operator.py took 0.038 seconds
[2024-03-27T00:18:40.302+0000] {processor.py:161} INFO - Started process (PID=6894) to work on /home/airflow/.local/lib/python3.8/site-packages/airflow/example_dags/example_short_circuit_operator.py
[2024-03-27T00:18:40.303+0000] {processor.py:830} INFO - Processing file /home/airflow/.local/lib/python3.8/site-packages/airflow/example_dags/example_short_circuit_operator.py for tasks to queue
[2024-03-27T00:18:40.304+0000] {logging_mixin.py:188} INFO - [2024-03-27T00:18:40.304+0000] {dagbag.py:540} INFO - Filling up the DagBag from /home/airflow/.local/lib/python3.8/site-packages/airflow/example_dags/example_short_circuit_operator.py
[2024-03-27T00:18:40.314+0000] {processor.py:840} INFO - DAG(s) 'example_short_circuit_operator' retrieved from /home/airflow/.local/lib/python3.8/site-packages/airflow/example_dags/example_short_circuit_operator.py
[2024-03-27T00:18:40.330+0000] {logging_mixin.py:188} INFO - [2024-03-27T00:18:40.329+0000] {dag.py:3047} INFO - Sync 1 DAGs
[2024-03-27T00:18:40.342+0000] {logging_mixin.py:188} INFO - [2024-03-27T00:18:40.342+0000] {dag.py:3834} INFO - Setting next_dagrun for example_short_circuit_operator to 2024-03-26 00:00:00+00:00, run_after=2024-03-27 00:00:00+00:00
[2024-03-27T00:18:40.357+0000] {processor.py:183} INFO - Processing /home/airflow/.local/lib/python3.8/site-packages/airflow/example_dags/example_short_circuit_operator.py took 0.057 seconds
[2024-03-27T00:19:10.585+0000] {processor.py:161} INFO - Started process (PID=6949) to work on /home/airflow/.local/lib/python3.8/site-packages/airflow/example_dags/example_short_circuit_operator.py
[2024-03-27T00:19:10.586+0000] {processor.py:830} INFO - Processing file /home/airflow/.local/lib/python3.8/site-packages/airflow/example_dags/example_short_circuit_operator.py for tasks to queue
[2024-03-27T00:19:10.587+0000] {logging_mixin.py:188} INFO - [2024-03-27T00:19:10.587+0000] {dagbag.py:540} INFO - Filling up the DagBag from /home/airflow/.local/lib/python3.8/site-packages/airflow/example_dags/example_short_circuit_operator.py
[2024-03-27T00:19:10.591+0000] {processor.py:840} INFO - DAG(s) 'example_short_circuit_operator' retrieved from /home/airflow/.local/lib/python3.8/site-packages/airflow/example_dags/example_short_circuit_operator.py
[2024-03-27T00:19:10.603+0000] {logging_mixin.py:188} INFO - [2024-03-27T00:19:10.603+0000] {dag.py:3047} INFO - Sync 1 DAGs
[2024-03-27T00:19:10.616+0000] {logging_mixin.py:188} INFO - [2024-03-27T00:19:10.616+0000] {dag.py:3834} INFO - Setting next_dagrun for example_short_circuit_operator to 2024-03-26 00:00:00+00:00, run_after=2024-03-27 00:00:00+00:00
[2024-03-27T00:19:10.626+0000] {processor.py:183} INFO - Processing /home/airflow/.local/lib/python3.8/site-packages/airflow/example_dags/example_short_circuit_operator.py took 0.043 seconds
[2024-03-27T00:19:40.664+0000] {processor.py:161} INFO - Started process (PID=7004) to work on /home/airflow/.local/lib/python3.8/site-packages/airflow/example_dags/example_short_circuit_operator.py
[2024-03-27T00:19:40.664+0000] {processor.py:830} INFO - Processing file /home/airflow/.local/lib/python3.8/site-packages/airflow/example_dags/example_short_circuit_operator.py for tasks to queue
[2024-03-27T00:19:40.665+0000] {logging_mixin.py:188} INFO - [2024-03-27T00:19:40.665+0000] {dagbag.py:540} INFO - Filling up the DagBag from /home/airflow/.local/lib/python3.8/site-packages/airflow/example_dags/example_short_circuit_operator.py
[2024-03-27T00:19:40.669+0000] {processor.py:840} INFO - DAG(s) 'example_short_circuit_operator' retrieved from /home/airflow/.local/lib/python3.8/site-packages/airflow/example_dags/example_short_circuit_operator.py
[2024-03-27T00:19:40.684+0000] {logging_mixin.py:188} INFO - [2024-03-27T00:19:40.684+0000] {dag.py:3047} INFO - Sync 1 DAGs
[2024-03-27T00:19:40.695+0000] {logging_mixin.py:188} INFO - [2024-03-27T00:19:40.695+0000] {dag.py:3834} INFO - Setting next_dagrun for example_short_circuit_operator to 2024-03-26 00:00:00+00:00, run_after=2024-03-27 00:00:00+00:00
[2024-03-27T00:19:40.704+0000] {processor.py:183} INFO - Processing /home/airflow/.local/lib/python3.8/site-packages/airflow/example_dags/example_short_circuit_operator.py took 0.043 seconds
[2024-03-27T00:20:11.499+0000] {processor.py:161} INFO - Started process (PID=7059) to work on /home/airflow/.local/lib/python3.8/site-packages/airflow/example_dags/example_short_circuit_operator.py
[2024-03-27T00:20:11.499+0000] {processor.py:830} INFO - Processing file /home/airflow/.local/lib/python3.8/site-packages/airflow/example_dags/example_short_circuit_operator.py for tasks to queue
[2024-03-27T00:20:11.500+0000] {logging_mixin.py:188} INFO - [2024-03-27T00:20:11.500+0000] {dagbag.py:540} INFO - Filling up the DagBag from /home/airflow/.local/lib/python3.8/site-packages/airflow/example_dags/example_short_circuit_operator.py
[2024-03-27T00:20:11.504+0000] {processor.py:840} INFO - DAG(s) 'example_short_circuit_operator' retrieved from /home/airflow/.local/lib/python3.8/site-packages/airflow/example_dags/example_short_circuit_operator.py
[2024-03-27T00:20:11.516+0000] {logging_mixin.py:188} INFO - [2024-03-27T00:20:11.516+0000] {dag.py:3047} INFO - Sync 1 DAGs
[2024-03-27T00:20:11.526+0000] {logging_mixin.py:188} INFO - [2024-03-27T00:20:11.526+0000] {dag.py:3834} INFO - Setting next_dagrun for example_short_circuit_operator to 2024-03-26 00:00:00+00:00, run_after=2024-03-27 00:00:00+00:00
[2024-03-27T00:20:11.534+0000] {processor.py:183} INFO - Processing /home/airflow/.local/lib/python3.8/site-packages/airflow/example_dags/example_short_circuit_operator.py took 0.037 seconds
[2024-03-27T00:20:42.133+0000] {processor.py:161} INFO - Started process (PID=7114) to work on /home/airflow/.local/lib/python3.8/site-packages/airflow/example_dags/example_short_circuit_operator.py
[2024-03-27T00:20:42.134+0000] {processor.py:830} INFO - Processing file /home/airflow/.local/lib/python3.8/site-packages/airflow/example_dags/example_short_circuit_operator.py for tasks to queue
[2024-03-27T00:20:42.135+0000] {logging_mixin.py:188} INFO - [2024-03-27T00:20:42.135+0000] {dagbag.py:540} INFO - Filling up the DagBag from /home/airflow/.local/lib/python3.8/site-packages/airflow/example_dags/example_short_circuit_operator.py
[2024-03-27T00:20:42.139+0000] {processor.py:840} INFO - DAG(s) 'example_short_circuit_operator' retrieved from /home/airflow/.local/lib/python3.8/site-packages/airflow/example_dags/example_short_circuit_operator.py
[2024-03-27T00:20:42.151+0000] {logging_mixin.py:188} INFO - [2024-03-27T00:20:42.151+0000] {dag.py:3047} INFO - Sync 1 DAGs
[2024-03-27T00:20:42.161+0000] {logging_mixin.py:188} INFO - [2024-03-27T00:20:42.161+0000] {dag.py:3834} INFO - Setting next_dagrun for example_short_circuit_operator to 2024-03-26 00:00:00+00:00, run_after=2024-03-27 00:00:00+00:00
[2024-03-27T00:20:42.170+0000] {processor.py:183} INFO - Processing /home/airflow/.local/lib/python3.8/site-packages/airflow/example_dags/example_short_circuit_operator.py took 0.039 seconds
[2024-03-27T00:21:12.798+0000] {processor.py:161} INFO - Started process (PID=7169) to work on /home/airflow/.local/lib/python3.8/site-packages/airflow/example_dags/example_short_circuit_operator.py
[2024-03-27T00:21:12.799+0000] {processor.py:830} INFO - Processing file /home/airflow/.local/lib/python3.8/site-packages/airflow/example_dags/example_short_circuit_operator.py for tasks to queue
[2024-03-27T00:21:12.800+0000] {logging_mixin.py:188} INFO - [2024-03-27T00:21:12.799+0000] {dagbag.py:540} INFO - Filling up the DagBag from /home/airflow/.local/lib/python3.8/site-packages/airflow/example_dags/example_short_circuit_operator.py
[2024-03-27T00:21:12.804+0000] {processor.py:840} INFO - DAG(s) 'example_short_circuit_operator' retrieved from /home/airflow/.local/lib/python3.8/site-packages/airflow/example_dags/example_short_circuit_operator.py
[2024-03-27T00:21:12.816+0000] {logging_mixin.py:188} INFO - [2024-03-27T00:21:12.816+0000] {dag.py:3047} INFO - Sync 1 DAGs
[2024-03-27T00:21:12.826+0000] {logging_mixin.py:188} INFO - [2024-03-27T00:21:12.826+0000] {dag.py:3834} INFO - Setting next_dagrun for example_short_circuit_operator to 2024-03-26 00:00:00+00:00, run_after=2024-03-27 00:00:00+00:00
[2024-03-27T00:21:12.834+0000] {processor.py:183} INFO - Processing /home/airflow/.local/lib/python3.8/site-packages/airflow/example_dags/example_short_circuit_operator.py took 0.038 seconds
[2024-03-27T00:21:43.551+0000] {processor.py:161} INFO - Started process (PID=7224) to work on /home/airflow/.local/lib/python3.8/site-packages/airflow/example_dags/example_short_circuit_operator.py
[2024-03-27T00:21:43.552+0000] {processor.py:830} INFO - Processing file /home/airflow/.local/lib/python3.8/site-packages/airflow/example_dags/example_short_circuit_operator.py for tasks to queue
[2024-03-27T00:21:43.553+0000] {logging_mixin.py:188} INFO - [2024-03-27T00:21:43.553+0000] {dagbag.py:540} INFO - Filling up the DagBag from /home/airflow/.local/lib/python3.8/site-packages/airflow/example_dags/example_short_circuit_operator.py
[2024-03-27T00:21:43.557+0000] {processor.py:840} INFO - DAG(s) 'example_short_circuit_operator' retrieved from /home/airflow/.local/lib/python3.8/site-packages/airflow/example_dags/example_short_circuit_operator.py
[2024-03-27T00:21:43.569+0000] {logging_mixin.py:188} INFO - [2024-03-27T00:21:43.568+0000] {dag.py:3047} INFO - Sync 1 DAGs
[2024-03-27T00:21:43.579+0000] {logging_mixin.py:188} INFO - [2024-03-27T00:21:43.578+0000] {dag.py:3834} INFO - Setting next_dagrun for example_short_circuit_operator to 2024-03-26 00:00:00+00:00, run_after=2024-03-27 00:00:00+00:00
[2024-03-27T00:21:43.589+0000] {processor.py:183} INFO - Processing /home/airflow/.local/lib/python3.8/site-packages/airflow/example_dags/example_short_circuit_operator.py took 0.040 seconds
[2024-03-27T00:22:14.176+0000] {processor.py:161} INFO - Started process (PID=7279) to work on /home/airflow/.local/lib/python3.8/site-packages/airflow/example_dags/example_short_circuit_operator.py
[2024-03-27T00:22:14.176+0000] {processor.py:830} INFO - Processing file /home/airflow/.local/lib/python3.8/site-packages/airflow/example_dags/example_short_circuit_operator.py for tasks to queue
[2024-03-27T00:22:14.177+0000] {logging_mixin.py:188} INFO - [2024-03-27T00:22:14.177+0000] {dagbag.py:540} INFO - Filling up the DagBag from /home/airflow/.local/lib/python3.8/site-packages/airflow/example_dags/example_short_circuit_operator.py
[2024-03-27T00:22:14.181+0000] {processor.py:840} INFO - DAG(s) 'example_short_circuit_operator' retrieved from /home/airflow/.local/lib/python3.8/site-packages/airflow/example_dags/example_short_circuit_operator.py
[2024-03-27T00:22:14.193+0000] {logging_mixin.py:188} INFO - [2024-03-27T00:22:14.193+0000] {dag.py:3047} INFO - Sync 1 DAGs
[2024-03-27T00:22:14.203+0000] {logging_mixin.py:188} INFO - [2024-03-27T00:22:14.203+0000] {dag.py:3834} INFO - Setting next_dagrun for example_short_circuit_operator to 2024-03-26 00:00:00+00:00, run_after=2024-03-27 00:00:00+00:00
[2024-03-27T00:22:14.211+0000] {processor.py:183} INFO - Processing /home/airflow/.local/lib/python3.8/site-packages/airflow/example_dags/example_short_circuit_operator.py took 0.038 seconds
[2024-03-27T00:22:44.900+0000] {processor.py:161} INFO - Started process (PID=7334) to work on /home/airflow/.local/lib/python3.8/site-packages/airflow/example_dags/example_short_circuit_operator.py
[2024-03-27T00:22:44.901+0000] {processor.py:830} INFO - Processing file /home/airflow/.local/lib/python3.8/site-packages/airflow/example_dags/example_short_circuit_operator.py for tasks to queue
[2024-03-27T00:22:44.902+0000] {logging_mixin.py:188} INFO - [2024-03-27T00:22:44.902+0000] {dagbag.py:540} INFO - Filling up the DagBag from /home/airflow/.local/lib/python3.8/site-packages/airflow/example_dags/example_short_circuit_operator.py
[2024-03-27T00:22:44.906+0000] {processor.py:840} INFO - DAG(s) 'example_short_circuit_operator' retrieved from /home/airflow/.local/lib/python3.8/site-packages/airflow/example_dags/example_short_circuit_operator.py
[2024-03-27T00:22:44.918+0000] {logging_mixin.py:188} INFO - [2024-03-27T00:22:44.918+0000] {dag.py:3047} INFO - Sync 1 DAGs
[2024-03-27T00:22:44.928+0000] {logging_mixin.py:188} INFO - [2024-03-27T00:22:44.928+0000] {dag.py:3834} INFO - Setting next_dagrun for example_short_circuit_operator to 2024-03-26 00:00:00+00:00, run_after=2024-03-27 00:00:00+00:00
[2024-03-27T00:22:44.936+0000] {processor.py:183} INFO - Processing /home/airflow/.local/lib/python3.8/site-packages/airflow/example_dags/example_short_circuit_operator.py took 0.037 seconds
[2024-03-27T00:23:15.603+0000] {processor.py:161} INFO - Started process (PID=7389) to work on /home/airflow/.local/lib/python3.8/site-packages/airflow/example_dags/example_short_circuit_operator.py
[2024-03-27T00:23:15.604+0000] {processor.py:830} INFO - Processing file /home/airflow/.local/lib/python3.8/site-packages/airflow/example_dags/example_short_circuit_operator.py for tasks to queue
[2024-03-27T00:23:15.605+0000] {logging_mixin.py:188} INFO - [2024-03-27T00:23:15.605+0000] {dagbag.py:540} INFO - Filling up the DagBag from /home/airflow/.local/lib/python3.8/site-packages/airflow/example_dags/example_short_circuit_operator.py
[2024-03-27T00:23:15.609+0000] {processor.py:840} INFO - DAG(s) 'example_short_circuit_operator' retrieved from /home/airflow/.local/lib/python3.8/site-packages/airflow/example_dags/example_short_circuit_operator.py
[2024-03-27T00:23:15.621+0000] {logging_mixin.py:188} INFO - [2024-03-27T00:23:15.621+0000] {dag.py:3047} INFO - Sync 1 DAGs
[2024-03-27T00:23:15.631+0000] {logging_mixin.py:188} INFO - [2024-03-27T00:23:15.631+0000] {dag.py:3834} INFO - Setting next_dagrun for example_short_circuit_operator to 2024-03-26 00:00:00+00:00, run_after=2024-03-27 00:00:00+00:00
[2024-03-27T00:23:15.640+0000] {processor.py:183} INFO - Processing /home/airflow/.local/lib/python3.8/site-packages/airflow/example_dags/example_short_circuit_operator.py took 0.039 seconds
[2024-03-27T00:23:46.229+0000] {processor.py:161} INFO - Started process (PID=7444) to work on /home/airflow/.local/lib/python3.8/site-packages/airflow/example_dags/example_short_circuit_operator.py
[2024-03-27T00:23:46.229+0000] {processor.py:830} INFO - Processing file /home/airflow/.local/lib/python3.8/site-packages/airflow/example_dags/example_short_circuit_operator.py for tasks to queue
[2024-03-27T00:23:46.230+0000] {logging_mixin.py:188} INFO - [2024-03-27T00:23:46.230+0000] {dagbag.py:540} INFO - Filling up the DagBag from /home/airflow/.local/lib/python3.8/site-packages/airflow/example_dags/example_short_circuit_operator.py
[2024-03-27T00:23:46.235+0000] {processor.py:840} INFO - DAG(s) 'example_short_circuit_operator' retrieved from /home/airflow/.local/lib/python3.8/site-packages/airflow/example_dags/example_short_circuit_operator.py
[2024-03-27T00:23:46.249+0000] {logging_mixin.py:188} INFO - [2024-03-27T00:23:46.249+0000] {dag.py:3047} INFO - Sync 1 DAGs
[2024-03-27T00:23:46.260+0000] {logging_mixin.py:188} INFO - [2024-03-27T00:23:46.260+0000] {dag.py:3834} INFO - Setting next_dagrun for example_short_circuit_operator to 2024-03-26 00:00:00+00:00, run_after=2024-03-27 00:00:00+00:00
[2024-03-27T00:23:46.269+0000] {processor.py:183} INFO - Processing /home/airflow/.local/lib/python3.8/site-packages/airflow/example_dags/example_short_circuit_operator.py took 0.043 seconds
[2024-03-27T00:24:16.921+0000] {processor.py:161} INFO - Started process (PID=7499) to work on /home/airflow/.local/lib/python3.8/site-packages/airflow/example_dags/example_short_circuit_operator.py
[2024-03-27T00:24:16.922+0000] {processor.py:830} INFO - Processing file /home/airflow/.local/lib/python3.8/site-packages/airflow/example_dags/example_short_circuit_operator.py for tasks to queue
[2024-03-27T00:24:16.923+0000] {logging_mixin.py:188} INFO - [2024-03-27T00:24:16.922+0000] {dagbag.py:540} INFO - Filling up the DagBag from /home/airflow/.local/lib/python3.8/site-packages/airflow/example_dags/example_short_circuit_operator.py
[2024-03-27T00:24:16.926+0000] {processor.py:840} INFO - DAG(s) 'example_short_circuit_operator' retrieved from /home/airflow/.local/lib/python3.8/site-packages/airflow/example_dags/example_short_circuit_operator.py
[2024-03-27T00:24:16.938+0000] {logging_mixin.py:188} INFO - [2024-03-27T00:24:16.938+0000] {dag.py:3047} INFO - Sync 1 DAGs
[2024-03-27T00:24:16.948+0000] {logging_mixin.py:188} INFO - [2024-03-27T00:24:16.948+0000] {dag.py:3834} INFO - Setting next_dagrun for example_short_circuit_operator to 2024-03-26 00:00:00+00:00, run_after=2024-03-27 00:00:00+00:00
[2024-03-27T00:24:16.956+0000] {processor.py:183} INFO - Processing /home/airflow/.local/lib/python3.8/site-packages/airflow/example_dags/example_short_circuit_operator.py took 0.037 seconds
[2024-03-27T00:24:47.818+0000] {processor.py:161} INFO - Started process (PID=7554) to work on /home/airflow/.local/lib/python3.8/site-packages/airflow/example_dags/example_short_circuit_operator.py
[2024-03-27T00:24:47.819+0000] {processor.py:830} INFO - Processing file /home/airflow/.local/lib/python3.8/site-packages/airflow/example_dags/example_short_circuit_operator.py for tasks to queue
[2024-03-27T00:24:47.820+0000] {logging_mixin.py:188} INFO - [2024-03-27T00:24:47.820+0000] {dagbag.py:540} INFO - Filling up the DagBag from /home/airflow/.local/lib/python3.8/site-packages/airflow/example_dags/example_short_circuit_operator.py
[2024-03-27T00:24:47.824+0000] {processor.py:840} INFO - DAG(s) 'example_short_circuit_operator' retrieved from /home/airflow/.local/lib/python3.8/site-packages/airflow/example_dags/example_short_circuit_operator.py
[2024-03-27T00:24:47.835+0000] {logging_mixin.py:188} INFO - [2024-03-27T00:24:47.835+0000] {dag.py:3047} INFO - Sync 1 DAGs
[2024-03-27T00:24:47.845+0000] {logging_mixin.py:188} INFO - [2024-03-27T00:24:47.845+0000] {dag.py:3834} INFO - Setting next_dagrun for example_short_circuit_operator to 2024-03-26 00:00:00+00:00, run_after=2024-03-27 00:00:00+00:00
[2024-03-27T00:24:47.854+0000] {processor.py:183} INFO - Processing /home/airflow/.local/lib/python3.8/site-packages/airflow/example_dags/example_short_circuit_operator.py took 0.037 seconds
[2024-03-27T00:31:02.978+0000] {processor.py:161} INFO - Started process (PID=7609) to work on /home/airflow/.local/lib/python3.8/site-packages/airflow/example_dags/example_short_circuit_operator.py
[2024-03-27T00:31:02.979+0000] {processor.py:830} INFO - Processing file /home/airflow/.local/lib/python3.8/site-packages/airflow/example_dags/example_short_circuit_operator.py for tasks to queue
[2024-03-27T00:31:02.981+0000] {logging_mixin.py:188} INFO - [2024-03-27T00:31:02.981+0000] {dagbag.py:540} INFO - Filling up the DagBag from /home/airflow/.local/lib/python3.8/site-packages/airflow/example_dags/example_short_circuit_operator.py
[2024-03-27T00:31:02.986+0000] {processor.py:840} INFO - DAG(s) 'example_short_circuit_operator' retrieved from /home/airflow/.local/lib/python3.8/site-packages/airflow/example_dags/example_short_circuit_operator.py
[2024-03-27T00:31:03.001+0000] {logging_mixin.py:188} INFO - [2024-03-27T00:31:03.000+0000] {dag.py:3047} INFO - Sync 1 DAGs
[2024-03-27T00:31:03.013+0000] {logging_mixin.py:188} INFO - [2024-03-27T00:31:03.012+0000] {dag.py:3834} INFO - Setting next_dagrun for example_short_circuit_operator to 2024-03-26 00:00:00+00:00, run_after=2024-03-27 00:00:00+00:00
[2024-03-27T00:31:03.023+0000] {processor.py:183} INFO - Processing /home/airflow/.local/lib/python3.8/site-packages/airflow/example_dags/example_short_circuit_operator.py took 0.048 seconds
[2024-03-27T00:34:03.341+0000] {processor.py:161} INFO - Started process (PID=7664) to work on /home/airflow/.local/lib/python3.8/site-packages/airflow/example_dags/example_short_circuit_operator.py
[2024-03-27T00:34:03.341+0000] {processor.py:830} INFO - Processing file /home/airflow/.local/lib/python3.8/site-packages/airflow/example_dags/example_short_circuit_operator.py for tasks to queue
[2024-03-27T00:34:03.342+0000] {logging_mixin.py:188} INFO - [2024-03-27T00:34:03.342+0000] {dagbag.py:540} INFO - Filling up the DagBag from /home/airflow/.local/lib/python3.8/site-packages/airflow/example_dags/example_short_circuit_operator.py
[2024-03-27T00:34:03.346+0000] {processor.py:840} INFO - DAG(s) 'example_short_circuit_operator' retrieved from /home/airflow/.local/lib/python3.8/site-packages/airflow/example_dags/example_short_circuit_operator.py
[2024-03-27T00:34:03.357+0000] {logging_mixin.py:188} INFO - [2024-03-27T00:34:03.357+0000] {dag.py:3047} INFO - Sync 1 DAGs
[2024-03-27T00:34:03.366+0000] {logging_mixin.py:188} INFO - [2024-03-27T00:34:03.366+0000] {dag.py:3834} INFO - Setting next_dagrun for example_short_circuit_operator to 2024-03-26 00:00:00+00:00, run_after=2024-03-27 00:00:00+00:00
[2024-03-27T00:34:03.374+0000] {processor.py:183} INFO - Processing /home/airflow/.local/lib/python3.8/site-packages/airflow/example_dags/example_short_circuit_operator.py took 0.035 seconds
[2024-03-27T00:40:17.412+0000] {processor.py:161} INFO - Started process (PID=7719) to work on /home/airflow/.local/lib/python3.8/site-packages/airflow/example_dags/example_short_circuit_operator.py
[2024-03-27T00:40:17.415+0000] {processor.py:830} INFO - Processing file /home/airflow/.local/lib/python3.8/site-packages/airflow/example_dags/example_short_circuit_operator.py for tasks to queue
[2024-03-27T00:40:17.420+0000] {logging_mixin.py:188} INFO - [2024-03-27T00:40:17.419+0000] {dagbag.py:540} INFO - Filling up the DagBag from /home/airflow/.local/lib/python3.8/site-packages/airflow/example_dags/example_short_circuit_operator.py
[2024-03-27T00:40:17.435+0000] {processor.py:840} INFO - DAG(s) 'example_short_circuit_operator' retrieved from /home/airflow/.local/lib/python3.8/site-packages/airflow/example_dags/example_short_circuit_operator.py
[2024-03-27T00:40:17.486+0000] {logging_mixin.py:188} INFO - [2024-03-27T00:40:17.485+0000] {dag.py:3047} INFO - Sync 1 DAGs
[2024-03-27T00:40:17.525+0000] {logging_mixin.py:188} INFO - [2024-03-27T00:40:17.525+0000] {dag.py:3834} INFO - Setting next_dagrun for example_short_circuit_operator to 2024-03-26 00:00:00+00:00, run_after=2024-03-27 00:00:00+00:00
[2024-03-27T00:40:17.563+0000] {processor.py:183} INFO - Processing /home/airflow/.local/lib/python3.8/site-packages/airflow/example_dags/example_short_circuit_operator.py took 0.159 seconds
[2024-03-27T00:41:13.783+0000] {processor.py:161} INFO - Started process (PID=7774) to work on /home/airflow/.local/lib/python3.8/site-packages/airflow/example_dags/example_short_circuit_operator.py
[2024-03-27T00:41:13.783+0000] {processor.py:830} INFO - Processing file /home/airflow/.local/lib/python3.8/site-packages/airflow/example_dags/example_short_circuit_operator.py for tasks to queue
[2024-03-27T00:41:13.785+0000] {logging_mixin.py:188} INFO - [2024-03-27T00:41:13.784+0000] {dagbag.py:540} INFO - Filling up the DagBag from /home/airflow/.local/lib/python3.8/site-packages/airflow/example_dags/example_short_circuit_operator.py
[2024-03-27T00:41:13.789+0000] {processor.py:840} INFO - DAG(s) 'example_short_circuit_operator' retrieved from /home/airflow/.local/lib/python3.8/site-packages/airflow/example_dags/example_short_circuit_operator.py
[2024-03-27T00:41:13.801+0000] {logging_mixin.py:188} INFO - [2024-03-27T00:41:13.801+0000] {dag.py:3047} INFO - Sync 1 DAGs
[2024-03-27T00:41:13.812+0000] {logging_mixin.py:188} INFO - [2024-03-27T00:41:13.812+0000] {dag.py:3834} INFO - Setting next_dagrun for example_short_circuit_operator to 2024-03-26 00:00:00+00:00, run_after=2024-03-27 00:00:00+00:00
[2024-03-27T00:41:13.820+0000] {processor.py:183} INFO - Processing /home/airflow/.local/lib/python3.8/site-packages/airflow/example_dags/example_short_circuit_operator.py took 0.040 seconds
[2024-03-27T00:42:56.342+0000] {processor.py:161} INFO - Started process (PID=7829) to work on /home/airflow/.local/lib/python3.8/site-packages/airflow/example_dags/example_short_circuit_operator.py
[2024-03-27T00:42:56.342+0000] {processor.py:830} INFO - Processing file /home/airflow/.local/lib/python3.8/site-packages/airflow/example_dags/example_short_circuit_operator.py for tasks to queue
[2024-03-27T00:42:56.343+0000] {logging_mixin.py:188} INFO - [2024-03-27T00:42:56.343+0000] {dagbag.py:540} INFO - Filling up the DagBag from /home/airflow/.local/lib/python3.8/site-packages/airflow/example_dags/example_short_circuit_operator.py
[2024-03-27T00:42:56.347+0000] {processor.py:840} INFO - DAG(s) 'example_short_circuit_operator' retrieved from /home/airflow/.local/lib/python3.8/site-packages/airflow/example_dags/example_short_circuit_operator.py
[2024-03-27T00:42:56.359+0000] {logging_mixin.py:188} INFO - [2024-03-27T00:42:56.359+0000] {dag.py:3047} INFO - Sync 1 DAGs
[2024-03-27T00:42:56.370+0000] {logging_mixin.py:188} INFO - [2024-03-27T00:42:56.370+0000] {dag.py:3834} INFO - Setting next_dagrun for example_short_circuit_operator to 2024-03-26 00:00:00+00:00, run_after=2024-03-27 00:00:00+00:00
[2024-03-27T00:42:56.379+0000] {processor.py:183} INFO - Processing /home/airflow/.local/lib/python3.8/site-packages/airflow/example_dags/example_short_circuit_operator.py took 0.039 seconds
[2024-03-27T00:45:42.574+0000] {processor.py:161} INFO - Started process (PID=7884) to work on /home/airflow/.local/lib/python3.8/site-packages/airflow/example_dags/example_short_circuit_operator.py
[2024-03-27T00:45:42.575+0000] {processor.py:830} INFO - Processing file /home/airflow/.local/lib/python3.8/site-packages/airflow/example_dags/example_short_circuit_operator.py for tasks to queue
[2024-03-27T00:45:42.576+0000] {logging_mixin.py:188} INFO - [2024-03-27T00:45:42.576+0000] {dagbag.py:540} INFO - Filling up the DagBag from /home/airflow/.local/lib/python3.8/site-packages/airflow/example_dags/example_short_circuit_operator.py
[2024-03-27T00:45:42.580+0000] {processor.py:840} INFO - DAG(s) 'example_short_circuit_operator' retrieved from /home/airflow/.local/lib/python3.8/site-packages/airflow/example_dags/example_short_circuit_operator.py
[2024-03-27T00:45:42.592+0000] {logging_mixin.py:188} INFO - [2024-03-27T00:45:42.592+0000] {dag.py:3047} INFO - Sync 1 DAGs
[2024-03-27T00:45:42.602+0000] {logging_mixin.py:188} INFO - [2024-03-27T00:45:42.602+0000] {dag.py:3834} INFO - Setting next_dagrun for example_short_circuit_operator to 2024-03-26 00:00:00+00:00, run_after=2024-03-27 00:00:00+00:00
[2024-03-27T00:45:42.611+0000] {processor.py:183} INFO - Processing /home/airflow/.local/lib/python3.8/site-packages/airflow/example_dags/example_short_circuit_operator.py took 0.039 seconds
[2024-03-27T00:49:39.712+0000] {processor.py:161} INFO - Started process (PID=7939) to work on /home/airflow/.local/lib/python3.8/site-packages/airflow/example_dags/example_short_circuit_operator.py
[2024-03-27T00:49:39.713+0000] {processor.py:830} INFO - Processing file /home/airflow/.local/lib/python3.8/site-packages/airflow/example_dags/example_short_circuit_operator.py for tasks to queue
[2024-03-27T00:49:39.714+0000] {logging_mixin.py:188} INFO - [2024-03-27T00:49:39.713+0000] {dagbag.py:540} INFO - Filling up the DagBag from /home/airflow/.local/lib/python3.8/site-packages/airflow/example_dags/example_short_circuit_operator.py
[2024-03-27T00:49:39.718+0000] {processor.py:840} INFO - DAG(s) 'example_short_circuit_operator' retrieved from /home/airflow/.local/lib/python3.8/site-packages/airflow/example_dags/example_short_circuit_operator.py
[2024-03-27T00:49:39.730+0000] {logging_mixin.py:188} INFO - [2024-03-27T00:49:39.730+0000] {dag.py:3047} INFO - Sync 1 DAGs
[2024-03-27T00:49:39.741+0000] {logging_mixin.py:188} INFO - [2024-03-27T00:49:39.741+0000] {dag.py:3834} INFO - Setting next_dagrun for example_short_circuit_operator to 2024-03-26 00:00:00+00:00, run_after=2024-03-27 00:00:00+00:00
[2024-03-27T00:49:39.749+0000] {processor.py:183} INFO - Processing /home/airflow/.local/lib/python3.8/site-packages/airflow/example_dags/example_short_circuit_operator.py took 0.039 seconds
[2024-03-27T00:50:38.813+0000] {processor.py:161} INFO - Started process (PID=7994) to work on /home/airflow/.local/lib/python3.8/site-packages/airflow/example_dags/example_short_circuit_operator.py
[2024-03-27T00:50:38.814+0000] {processor.py:830} INFO - Processing file /home/airflow/.local/lib/python3.8/site-packages/airflow/example_dags/example_short_circuit_operator.py for tasks to queue
[2024-03-27T00:50:38.815+0000] {logging_mixin.py:188} INFO - [2024-03-27T00:50:38.815+0000] {dagbag.py:540} INFO - Filling up the DagBag from /home/airflow/.local/lib/python3.8/site-packages/airflow/example_dags/example_short_circuit_operator.py
[2024-03-27T00:50:38.819+0000] {processor.py:840} INFO - DAG(s) 'example_short_circuit_operator' retrieved from /home/airflow/.local/lib/python3.8/site-packages/airflow/example_dags/example_short_circuit_operator.py
[2024-03-27T00:50:38.831+0000] {logging_mixin.py:188} INFO - [2024-03-27T00:50:38.831+0000] {dag.py:3047} INFO - Sync 1 DAGs
[2024-03-27T00:50:38.841+0000] {logging_mixin.py:188} INFO - [2024-03-27T00:50:38.841+0000] {dag.py:3834} INFO - Setting next_dagrun for example_short_circuit_operator to 2024-03-26 00:00:00+00:00, run_after=2024-03-27 00:00:00+00:00
[2024-03-27T00:50:38.849+0000] {processor.py:183} INFO - Processing /home/airflow/.local/lib/python3.8/site-packages/airflow/example_dags/example_short_circuit_operator.py took 0.038 seconds
[2024-03-27T00:51:23.790+0000] {processor.py:161} INFO - Started process (PID=8049) to work on /home/airflow/.local/lib/python3.8/site-packages/airflow/example_dags/example_short_circuit_operator.py
[2024-03-27T00:51:23.791+0000] {processor.py:830} INFO - Processing file /home/airflow/.local/lib/python3.8/site-packages/airflow/example_dags/example_short_circuit_operator.py for tasks to queue
[2024-03-27T00:51:23.792+0000] {logging_mixin.py:188} INFO - [2024-03-27T00:51:23.792+0000] {dagbag.py:540} INFO - Filling up the DagBag from /home/airflow/.local/lib/python3.8/site-packages/airflow/example_dags/example_short_circuit_operator.py
[2024-03-27T00:51:23.796+0000] {processor.py:840} INFO - DAG(s) 'example_short_circuit_operator' retrieved from /home/airflow/.local/lib/python3.8/site-packages/airflow/example_dags/example_short_circuit_operator.py
[2024-03-27T00:51:23.807+0000] {logging_mixin.py:188} INFO - [2024-03-27T00:51:23.807+0000] {dag.py:3047} INFO - Sync 1 DAGs
[2024-03-27T00:51:23.818+0000] {logging_mixin.py:188} INFO - [2024-03-27T00:51:23.817+0000] {dag.py:3834} INFO - Setting next_dagrun for example_short_circuit_operator to 2024-03-26 00:00:00+00:00, run_after=2024-03-27 00:00:00+00:00
[2024-03-27T00:51:23.826+0000] {processor.py:183} INFO - Processing /home/airflow/.local/lib/python3.8/site-packages/airflow/example_dags/example_short_circuit_operator.py took 0.038 seconds
[2024-03-27T00:53:01.170+0000] {processor.py:161} INFO - Started process (PID=8104) to work on /home/airflow/.local/lib/python3.8/site-packages/airflow/example_dags/example_short_circuit_operator.py
[2024-03-27T00:53:01.170+0000] {processor.py:830} INFO - Processing file /home/airflow/.local/lib/python3.8/site-packages/airflow/example_dags/example_short_circuit_operator.py for tasks to queue
[2024-03-27T00:53:01.171+0000] {logging_mixin.py:188} INFO - [2024-03-27T00:53:01.171+0000] {dagbag.py:540} INFO - Filling up the DagBag from /home/airflow/.local/lib/python3.8/site-packages/airflow/example_dags/example_short_circuit_operator.py
[2024-03-27T00:53:01.176+0000] {processor.py:840} INFO - DAG(s) 'example_short_circuit_operator' retrieved from /home/airflow/.local/lib/python3.8/site-packages/airflow/example_dags/example_short_circuit_operator.py
[2024-03-27T00:53:01.188+0000] {logging_mixin.py:188} INFO - [2024-03-27T00:53:01.188+0000] {dag.py:3047} INFO - Sync 1 DAGs
[2024-03-27T00:53:01.198+0000] {logging_mixin.py:188} INFO - [2024-03-27T00:53:01.198+0000] {dag.py:3834} INFO - Setting next_dagrun for example_short_circuit_operator to 2024-03-26 00:00:00+00:00, run_after=2024-03-27 00:00:00+00:00
[2024-03-27T00:53:01.207+0000] {processor.py:183} INFO - Processing /home/airflow/.local/lib/python3.8/site-packages/airflow/example_dags/example_short_circuit_operator.py took 0.039 seconds
[2024-03-27T00:54:00.508+0000] {processor.py:161} INFO - Started process (PID=8159) to work on /home/airflow/.local/lib/python3.8/site-packages/airflow/example_dags/example_short_circuit_operator.py
[2024-03-27T00:54:00.509+0000] {processor.py:830} INFO - Processing file /home/airflow/.local/lib/python3.8/site-packages/airflow/example_dags/example_short_circuit_operator.py for tasks to queue
[2024-03-27T00:54:00.510+0000] {logging_mixin.py:188} INFO - [2024-03-27T00:54:00.510+0000] {dagbag.py:540} INFO - Filling up the DagBag from /home/airflow/.local/lib/python3.8/site-packages/airflow/example_dags/example_short_circuit_operator.py
[2024-03-27T00:54:00.514+0000] {processor.py:840} INFO - DAG(s) 'example_short_circuit_operator' retrieved from /home/airflow/.local/lib/python3.8/site-packages/airflow/example_dags/example_short_circuit_operator.py
[2024-03-27T00:54:00.526+0000] {logging_mixin.py:188} INFO - [2024-03-27T00:54:00.526+0000] {dag.py:3047} INFO - Sync 1 DAGs
[2024-03-27T00:54:00.536+0000] {logging_mixin.py:188} INFO - [2024-03-27T00:54:00.536+0000] {dag.py:3834} INFO - Setting next_dagrun for example_short_circuit_operator to 2024-03-26 00:00:00+00:00, run_after=2024-03-27 00:00:00+00:00
[2024-03-27T00:54:00.544+0000] {processor.py:183} INFO - Processing /home/airflow/.local/lib/python3.8/site-packages/airflow/example_dags/example_short_circuit_operator.py took 0.038 seconds
[2024-03-27T00:54:44.105+0000] {processor.py:161} INFO - Started process (PID=8214) to work on /home/airflow/.local/lib/python3.8/site-packages/airflow/example_dags/example_short_circuit_operator.py
[2024-03-27T00:54:44.106+0000] {processor.py:830} INFO - Processing file /home/airflow/.local/lib/python3.8/site-packages/airflow/example_dags/example_short_circuit_operator.py for tasks to queue
[2024-03-27T00:54:44.107+0000] {logging_mixin.py:188} INFO - [2024-03-27T00:54:44.107+0000] {dagbag.py:540} INFO - Filling up the DagBag from /home/airflow/.local/lib/python3.8/site-packages/airflow/example_dags/example_short_circuit_operator.py
[2024-03-27T00:54:44.111+0000] {processor.py:840} INFO - DAG(s) 'example_short_circuit_operator' retrieved from /home/airflow/.local/lib/python3.8/site-packages/airflow/example_dags/example_short_circuit_operator.py
[2024-03-27T00:54:44.122+0000] {logging_mixin.py:188} INFO - [2024-03-27T00:54:44.122+0000] {dag.py:3047} INFO - Sync 1 DAGs
[2024-03-27T00:54:44.133+0000] {logging_mixin.py:188} INFO - [2024-03-27T00:54:44.133+0000] {dag.py:3834} INFO - Setting next_dagrun for example_short_circuit_operator to 2024-03-26 00:00:00+00:00, run_after=2024-03-27 00:00:00+00:00
[2024-03-27T00:54:44.142+0000] {processor.py:183} INFO - Processing /home/airflow/.local/lib/python3.8/site-packages/airflow/example_dags/example_short_circuit_operator.py took 0.039 seconds
[2024-03-27T00:55:16.982+0000] {processor.py:161} INFO - Started process (PID=8269) to work on /home/airflow/.local/lib/python3.8/site-packages/airflow/example_dags/example_short_circuit_operator.py
[2024-03-27T00:55:16.982+0000] {processor.py:830} INFO - Processing file /home/airflow/.local/lib/python3.8/site-packages/airflow/example_dags/example_short_circuit_operator.py for tasks to queue
[2024-03-27T00:55:16.983+0000] {logging_mixin.py:188} INFO - [2024-03-27T00:55:16.983+0000] {dagbag.py:540} INFO - Filling up the DagBag from /home/airflow/.local/lib/python3.8/site-packages/airflow/example_dags/example_short_circuit_operator.py
[2024-03-27T00:55:16.988+0000] {processor.py:840} INFO - DAG(s) 'example_short_circuit_operator' retrieved from /home/airflow/.local/lib/python3.8/site-packages/airflow/example_dags/example_short_circuit_operator.py
[2024-03-27T00:55:17.003+0000] {logging_mixin.py:188} INFO - [2024-03-27T00:55:17.003+0000] {dag.py:3047} INFO - Sync 1 DAGs
[2024-03-27T00:55:17.013+0000] {logging_mixin.py:188} INFO - [2024-03-27T00:55:17.013+0000] {dag.py:3834} INFO - Setting next_dagrun for example_short_circuit_operator to 2024-03-26 00:00:00+00:00, run_after=2024-03-27 00:00:00+00:00
[2024-03-27T00:55:17.021+0000] {processor.py:183} INFO - Processing /home/airflow/.local/lib/python3.8/site-packages/airflow/example_dags/example_short_circuit_operator.py took 0.042 seconds
[2024-03-27T00:55:59.183+0000] {processor.py:161} INFO - Started process (PID=8323) to work on /home/airflow/.local/lib/python3.8/site-packages/airflow/example_dags/example_short_circuit_operator.py
[2024-03-27T00:55:59.184+0000] {processor.py:830} INFO - Processing file /home/airflow/.local/lib/python3.8/site-packages/airflow/example_dags/example_short_circuit_operator.py for tasks to queue
[2024-03-27T00:55:59.185+0000] {logging_mixin.py:188} INFO - [2024-03-27T00:55:59.185+0000] {dagbag.py:540} INFO - Filling up the DagBag from /home/airflow/.local/lib/python3.8/site-packages/airflow/example_dags/example_short_circuit_operator.py
[2024-03-27T00:55:59.189+0000] {processor.py:840} INFO - DAG(s) 'example_short_circuit_operator' retrieved from /home/airflow/.local/lib/python3.8/site-packages/airflow/example_dags/example_short_circuit_operator.py
[2024-03-27T00:55:59.200+0000] {logging_mixin.py:188} INFO - [2024-03-27T00:55:59.200+0000] {dag.py:3047} INFO - Sync 1 DAGs
[2024-03-27T00:55:59.212+0000] {logging_mixin.py:188} INFO - [2024-03-27T00:55:59.212+0000] {dag.py:3834} INFO - Setting next_dagrun for example_short_circuit_operator to 2024-03-26 00:00:00+00:00, run_after=2024-03-27 00:00:00+00:00
[2024-03-27T00:55:59.220+0000] {processor.py:183} INFO - Processing /home/airflow/.local/lib/python3.8/site-packages/airflow/example_dags/example_short_circuit_operator.py took 0.039 seconds
[2024-03-27T00:58:45.852+0000] {processor.py:161} INFO - Started process (PID=8378) to work on /home/airflow/.local/lib/python3.8/site-packages/airflow/example_dags/example_short_circuit_operator.py
[2024-03-27T00:58:45.852+0000] {processor.py:830} INFO - Processing file /home/airflow/.local/lib/python3.8/site-packages/airflow/example_dags/example_short_circuit_operator.py for tasks to queue
[2024-03-27T00:58:45.853+0000] {logging_mixin.py:188} INFO - [2024-03-27T00:58:45.853+0000] {dagbag.py:540} INFO - Filling up the DagBag from /home/airflow/.local/lib/python3.8/site-packages/airflow/example_dags/example_short_circuit_operator.py
[2024-03-27T00:58:45.857+0000] {processor.py:840} INFO - DAG(s) 'example_short_circuit_operator' retrieved from /home/airflow/.local/lib/python3.8/site-packages/airflow/example_dags/example_short_circuit_operator.py
[2024-03-27T00:58:45.869+0000] {logging_mixin.py:188} INFO - [2024-03-27T00:58:45.869+0000] {dag.py:3047} INFO - Sync 1 DAGs
[2024-03-27T00:58:45.880+0000] {logging_mixin.py:188} INFO - [2024-03-27T00:58:45.880+0000] {dag.py:3834} INFO - Setting next_dagrun for example_short_circuit_operator to 2024-03-26 00:00:00+00:00, run_after=2024-03-27 00:00:00+00:00
[2024-03-27T00:58:45.888+0000] {processor.py:183} INFO - Processing /home/airflow/.local/lib/python3.8/site-packages/airflow/example_dags/example_short_circuit_operator.py took 0.038 seconds
[2024-03-27T01:01:15.402+0000] {processor.py:161} INFO - Started process (PID=8433) to work on /home/airflow/.local/lib/python3.8/site-packages/airflow/example_dags/example_short_circuit_operator.py
[2024-03-27T01:01:15.402+0000] {processor.py:830} INFO - Processing file /home/airflow/.local/lib/python3.8/site-packages/airflow/example_dags/example_short_circuit_operator.py for tasks to queue
[2024-03-27T01:01:15.404+0000] {logging_mixin.py:188} INFO - [2024-03-27T01:01:15.403+0000] {dagbag.py:540} INFO - Filling up the DagBag from /home/airflow/.local/lib/python3.8/site-packages/airflow/example_dags/example_short_circuit_operator.py
[2024-03-27T01:01:15.408+0000] {processor.py:840} INFO - DAG(s) 'example_short_circuit_operator' retrieved from /home/airflow/.local/lib/python3.8/site-packages/airflow/example_dags/example_short_circuit_operator.py
[2024-03-27T01:01:15.421+0000] {logging_mixin.py:188} INFO - [2024-03-27T01:01:15.420+0000] {dag.py:3047} INFO - Sync 1 DAGs
[2024-03-27T01:01:15.431+0000] {logging_mixin.py:188} INFO - [2024-03-27T01:01:15.431+0000] {dag.py:3834} INFO - Setting next_dagrun for example_short_circuit_operator to 2024-03-26 00:00:00+00:00, run_after=2024-03-27 00:00:00+00:00
[2024-03-27T01:01:15.440+0000] {processor.py:183} INFO - Processing /home/airflow/.local/lib/python3.8/site-packages/airflow/example_dags/example_short_circuit_operator.py took 0.040 seconds
[2024-03-27T01:04:44.507+0000] {processor.py:161} INFO - Started process (PID=8488) to work on /home/airflow/.local/lib/python3.8/site-packages/airflow/example_dags/example_short_circuit_operator.py
[2024-03-27T01:04:44.508+0000] {processor.py:830} INFO - Processing file /home/airflow/.local/lib/python3.8/site-packages/airflow/example_dags/example_short_circuit_operator.py for tasks to queue
[2024-03-27T01:04:44.509+0000] {logging_mixin.py:188} INFO - [2024-03-27T01:04:44.509+0000] {dagbag.py:540} INFO - Filling up the DagBag from /home/airflow/.local/lib/python3.8/site-packages/airflow/example_dags/example_short_circuit_operator.py
[2024-03-27T01:04:44.512+0000] {processor.py:840} INFO - DAG(s) 'example_short_circuit_operator' retrieved from /home/airflow/.local/lib/python3.8/site-packages/airflow/example_dags/example_short_circuit_operator.py
[2024-03-27T01:04:44.523+0000] {logging_mixin.py:188} INFO - [2024-03-27T01:04:44.523+0000] {dag.py:3047} INFO - Sync 1 DAGs
[2024-03-27T01:04:44.532+0000] {logging_mixin.py:188} INFO - [2024-03-27T01:04:44.532+0000] {dag.py:3834} INFO - Setting next_dagrun for example_short_circuit_operator to 2024-03-26 00:00:00+00:00, run_after=2024-03-27 00:00:00+00:00
[2024-03-27T01:04:44.540+0000] {processor.py:183} INFO - Processing /home/airflow/.local/lib/python3.8/site-packages/airflow/example_dags/example_short_circuit_operator.py took 0.034 seconds
[2024-03-27T01:08:49.738+0000] {processor.py:161} INFO - Started process (PID=8543) to work on /home/airflow/.local/lib/python3.8/site-packages/airflow/example_dags/example_short_circuit_operator.py
[2024-03-27T01:08:49.738+0000] {processor.py:830} INFO - Processing file /home/airflow/.local/lib/python3.8/site-packages/airflow/example_dags/example_short_circuit_operator.py for tasks to queue
[2024-03-27T01:08:49.740+0000] {logging_mixin.py:188} INFO - [2024-03-27T01:08:49.739+0000] {dagbag.py:540} INFO - Filling up the DagBag from /home/airflow/.local/lib/python3.8/site-packages/airflow/example_dags/example_short_circuit_operator.py
[2024-03-27T01:08:49.744+0000] {processor.py:840} INFO - DAG(s) 'example_short_circuit_operator' retrieved from /home/airflow/.local/lib/python3.8/site-packages/airflow/example_dags/example_short_circuit_operator.py
[2024-03-27T01:08:49.757+0000] {logging_mixin.py:188} INFO - [2024-03-27T01:08:49.757+0000] {dag.py:3047} INFO - Sync 1 DAGs
[2024-03-27T01:08:49.769+0000] {logging_mixin.py:188} INFO - [2024-03-27T01:08:49.768+0000] {dag.py:3834} INFO - Setting next_dagrun for example_short_circuit_operator to 2024-03-26 00:00:00+00:00, run_after=2024-03-27 00:00:00+00:00
[2024-03-27T01:08:49.777+0000] {processor.py:183} INFO - Processing /home/airflow/.local/lib/python3.8/site-packages/airflow/example_dags/example_short_circuit_operator.py took 0.042 seconds
[2024-03-27T01:13:48.036+0000] {processor.py:161} INFO - Started process (PID=8598) to work on /home/airflow/.local/lib/python3.8/site-packages/airflow/example_dags/example_short_circuit_operator.py
[2024-03-27T01:13:48.037+0000] {processor.py:830} INFO - Processing file /home/airflow/.local/lib/python3.8/site-packages/airflow/example_dags/example_short_circuit_operator.py for tasks to queue
[2024-03-27T01:13:48.038+0000] {logging_mixin.py:188} INFO - [2024-03-27T01:13:48.038+0000] {dagbag.py:540} INFO - Filling up the DagBag from /home/airflow/.local/lib/python3.8/site-packages/airflow/example_dags/example_short_circuit_operator.py
[2024-03-27T01:13:48.042+0000] {processor.py:840} INFO - DAG(s) 'example_short_circuit_operator' retrieved from /home/airflow/.local/lib/python3.8/site-packages/airflow/example_dags/example_short_circuit_operator.py
[2024-03-27T01:13:48.054+0000] {logging_mixin.py:188} INFO - [2024-03-27T01:13:48.054+0000] {dag.py:3047} INFO - Sync 1 DAGs
[2024-03-27T01:13:48.065+0000] {logging_mixin.py:188} INFO - [2024-03-27T01:13:48.065+0000] {dag.py:3834} INFO - Setting next_dagrun for example_short_circuit_operator to 2024-03-26 00:00:00+00:00, run_after=2024-03-27 00:00:00+00:00
[2024-03-27T01:13:48.073+0000] {processor.py:183} INFO - Processing /home/airflow/.local/lib/python3.8/site-packages/airflow/example_dags/example_short_circuit_operator.py took 0.038 seconds
[2024-03-27T01:47:16.975+0000] {processor.py:161} INFO - Started process (PID=8653) to work on /home/airflow/.local/lib/python3.8/site-packages/airflow/example_dags/example_short_circuit_operator.py
[2024-03-27T01:47:16.976+0000] {processor.py:830} INFO - Processing file /home/airflow/.local/lib/python3.8/site-packages/airflow/example_dags/example_short_circuit_operator.py for tasks to queue
[2024-03-27T01:47:16.977+0000] {logging_mixin.py:188} INFO - [2024-03-27T01:47:16.977+0000] {dagbag.py:540} INFO - Filling up the DagBag from /home/airflow/.local/lib/python3.8/site-packages/airflow/example_dags/example_short_circuit_operator.py
[2024-03-27T01:47:16.981+0000] {processor.py:840} INFO - DAG(s) 'example_short_circuit_operator' retrieved from /home/airflow/.local/lib/python3.8/site-packages/airflow/example_dags/example_short_circuit_operator.py
[2024-03-27T01:47:16.993+0000] {logging_mixin.py:188} INFO - [2024-03-27T01:47:16.993+0000] {dag.py:3047} INFO - Sync 1 DAGs
[2024-03-27T01:47:17.003+0000] {logging_mixin.py:188} INFO - [2024-03-27T01:47:17.003+0000] {dag.py:3834} INFO - Setting next_dagrun for example_short_circuit_operator to 2024-03-26 00:00:00+00:00, run_after=2024-03-27 00:00:00+00:00
[2024-03-27T01:47:17.011+0000] {processor.py:183} INFO - Processing /home/airflow/.local/lib/python3.8/site-packages/airflow/example_dags/example_short_circuit_operator.py took 0.038 seconds
[2024-03-27T02:30:30.172+0000] {processor.py:161} INFO - Started process (PID=8708) to work on /home/airflow/.local/lib/python3.8/site-packages/airflow/example_dags/example_short_circuit_operator.py
[2024-03-27T02:30:30.173+0000] {processor.py:830} INFO - Processing file /home/airflow/.local/lib/python3.8/site-packages/airflow/example_dags/example_short_circuit_operator.py for tasks to queue
[2024-03-27T02:30:30.174+0000] {logging_mixin.py:188} INFO - [2024-03-27T02:30:30.174+0000] {dagbag.py:540} INFO - Filling up the DagBag from /home/airflow/.local/lib/python3.8/site-packages/airflow/example_dags/example_short_circuit_operator.py
[2024-03-27T02:30:30.178+0000] {processor.py:840} INFO - DAG(s) 'example_short_circuit_operator' retrieved from /home/airflow/.local/lib/python3.8/site-packages/airflow/example_dags/example_short_circuit_operator.py
[2024-03-27T02:30:30.189+0000] {logging_mixin.py:188} INFO - [2024-03-27T02:30:30.189+0000] {dag.py:3047} INFO - Sync 1 DAGs
[2024-03-27T02:30:30.200+0000] {logging_mixin.py:188} INFO - [2024-03-27T02:30:30.200+0000] {dag.py:3834} INFO - Setting next_dagrun for example_short_circuit_operator to 2024-03-26 00:00:00+00:00, run_after=2024-03-27 00:00:00+00:00
[2024-03-27T02:30:30.208+0000] {processor.py:183} INFO - Processing /home/airflow/.local/lib/python3.8/site-packages/airflow/example_dags/example_short_circuit_operator.py took 0.038 seconds
[2024-03-27T02:31:20.963+0000] {processor.py:161} INFO - Started process (PID=8763) to work on /home/airflow/.local/lib/python3.8/site-packages/airflow/example_dags/example_short_circuit_operator.py
[2024-03-27T02:31:20.964+0000] {processor.py:830} INFO - Processing file /home/airflow/.local/lib/python3.8/site-packages/airflow/example_dags/example_short_circuit_operator.py for tasks to queue
[2024-03-27T02:31:20.965+0000] {logging_mixin.py:188} INFO - [2024-03-27T02:31:20.965+0000] {dagbag.py:540} INFO - Filling up the DagBag from /home/airflow/.local/lib/python3.8/site-packages/airflow/example_dags/example_short_circuit_operator.py
[2024-03-27T02:31:20.969+0000] {processor.py:840} INFO - DAG(s) 'example_short_circuit_operator' retrieved from /home/airflow/.local/lib/python3.8/site-packages/airflow/example_dags/example_short_circuit_operator.py
[2024-03-27T02:31:20.981+0000] {logging_mixin.py:188} INFO - [2024-03-27T02:31:20.980+0000] {dag.py:3047} INFO - Sync 1 DAGs
[2024-03-27T02:31:20.992+0000] {logging_mixin.py:188} INFO - [2024-03-27T02:31:20.991+0000] {dag.py:3834} INFO - Setting next_dagrun for example_short_circuit_operator to 2024-03-26 00:00:00+00:00, run_after=2024-03-27 00:00:00+00:00
[2024-03-27T02:31:21.000+0000] {processor.py:183} INFO - Processing /home/airflow/.local/lib/python3.8/site-packages/airflow/example_dags/example_short_circuit_operator.py took 0.039 seconds
[2024-03-27T02:33:49.871+0000] {processor.py:161} INFO - Started process (PID=8818) to work on /home/airflow/.local/lib/python3.8/site-packages/airflow/example_dags/example_short_circuit_operator.py
[2024-03-27T02:33:49.872+0000] {processor.py:830} INFO - Processing file /home/airflow/.local/lib/python3.8/site-packages/airflow/example_dags/example_short_circuit_operator.py for tasks to queue
[2024-03-27T02:33:49.873+0000] {logging_mixin.py:188} INFO - [2024-03-27T02:33:49.873+0000] {dagbag.py:540} INFO - Filling up the DagBag from /home/airflow/.local/lib/python3.8/site-packages/airflow/example_dags/example_short_circuit_operator.py
[2024-03-27T02:33:49.877+0000] {processor.py:840} INFO - DAG(s) 'example_short_circuit_operator' retrieved from /home/airflow/.local/lib/python3.8/site-packages/airflow/example_dags/example_short_circuit_operator.py
[2024-03-27T02:33:49.889+0000] {logging_mixin.py:188} INFO - [2024-03-27T02:33:49.889+0000] {dag.py:3047} INFO - Sync 1 DAGs
[2024-03-27T02:33:49.900+0000] {logging_mixin.py:188} INFO - [2024-03-27T02:33:49.900+0000] {dag.py:3834} INFO - Setting next_dagrun for example_short_circuit_operator to 2024-03-26 00:00:00+00:00, run_after=2024-03-27 00:00:00+00:00
[2024-03-27T02:33:49.909+0000] {processor.py:183} INFO - Processing /home/airflow/.local/lib/python3.8/site-packages/airflow/example_dags/example_short_circuit_operator.py took 0.039 seconds
[2024-03-27T02:49:01.969+0000] {processor.py:161} INFO - Started process (PID=8873) to work on /home/airflow/.local/lib/python3.8/site-packages/airflow/example_dags/example_short_circuit_operator.py
[2024-03-27T02:49:01.970+0000] {processor.py:830} INFO - Processing file /home/airflow/.local/lib/python3.8/site-packages/airflow/example_dags/example_short_circuit_operator.py for tasks to queue
[2024-03-27T02:49:01.972+0000] {logging_mixin.py:188} INFO - [2024-03-27T02:49:01.971+0000] {dagbag.py:540} INFO - Filling up the DagBag from /home/airflow/.local/lib/python3.8/site-packages/airflow/example_dags/example_short_circuit_operator.py
[2024-03-27T02:49:01.976+0000] {processor.py:840} INFO - DAG(s) 'example_short_circuit_operator' retrieved from /home/airflow/.local/lib/python3.8/site-packages/airflow/example_dags/example_short_circuit_operator.py
[2024-03-27T02:49:01.988+0000] {logging_mixin.py:188} INFO - [2024-03-27T02:49:01.987+0000] {dag.py:3047} INFO - Sync 1 DAGs
[2024-03-27T02:49:01.999+0000] {logging_mixin.py:188} INFO - [2024-03-27T02:49:01.999+0000] {dag.py:3834} INFO - Setting next_dagrun for example_short_circuit_operator to 2024-03-26 00:00:00+00:00, run_after=2024-03-27 00:00:00+00:00
[2024-03-27T02:49:02.008+0000] {processor.py:183} INFO - Processing /home/airflow/.local/lib/python3.8/site-packages/airflow/example_dags/example_short_circuit_operator.py took 0.040 seconds
[2024-03-27T02:49:32.820+0000] {processor.py:161} INFO - Started process (PID=8928) to work on /home/airflow/.local/lib/python3.8/site-packages/airflow/example_dags/example_short_circuit_operator.py
[2024-03-27T02:49:32.820+0000] {processor.py:830} INFO - Processing file /home/airflow/.local/lib/python3.8/site-packages/airflow/example_dags/example_short_circuit_operator.py for tasks to queue
[2024-03-27T02:49:32.821+0000] {logging_mixin.py:188} INFO - [2024-03-27T02:49:32.821+0000] {dagbag.py:540} INFO - Filling up the DagBag from /home/airflow/.local/lib/python3.8/site-packages/airflow/example_dags/example_short_circuit_operator.py
[2024-03-27T02:49:32.826+0000] {processor.py:840} INFO - DAG(s) 'example_short_circuit_operator' retrieved from /home/airflow/.local/lib/python3.8/site-packages/airflow/example_dags/example_short_circuit_operator.py
[2024-03-27T02:49:32.837+0000] {logging_mixin.py:188} INFO - [2024-03-27T02:49:32.837+0000] {dag.py:3047} INFO - Sync 1 DAGs
[2024-03-27T02:49:32.848+0000] {logging_mixin.py:188} INFO - [2024-03-27T02:49:32.848+0000] {dag.py:3834} INFO - Setting next_dagrun for example_short_circuit_operator to 2024-03-26 00:00:00+00:00, run_after=2024-03-27 00:00:00+00:00
[2024-03-27T02:49:32.856+0000] {processor.py:183} INFO - Processing /home/airflow/.local/lib/python3.8/site-packages/airflow/example_dags/example_short_circuit_operator.py took 0.038 seconds
[2024-03-27T02:50:03.555+0000] {processor.py:161} INFO - Started process (PID=8983) to work on /home/airflow/.local/lib/python3.8/site-packages/airflow/example_dags/example_short_circuit_operator.py
[2024-03-27T02:50:03.555+0000] {processor.py:830} INFO - Processing file /home/airflow/.local/lib/python3.8/site-packages/airflow/example_dags/example_short_circuit_operator.py for tasks to queue
[2024-03-27T02:50:03.556+0000] {logging_mixin.py:188} INFO - [2024-03-27T02:50:03.556+0000] {dagbag.py:540} INFO - Filling up the DagBag from /home/airflow/.local/lib/python3.8/site-packages/airflow/example_dags/example_short_circuit_operator.py
[2024-03-27T02:50:03.560+0000] {processor.py:840} INFO - DAG(s) 'example_short_circuit_operator' retrieved from /home/airflow/.local/lib/python3.8/site-packages/airflow/example_dags/example_short_circuit_operator.py
[2024-03-27T02:50:03.572+0000] {logging_mixin.py:188} INFO - [2024-03-27T02:50:03.571+0000] {dag.py:3047} INFO - Sync 1 DAGs
[2024-03-27T02:50:03.581+0000] {logging_mixin.py:188} INFO - [2024-03-27T02:50:03.581+0000] {dag.py:3834} INFO - Setting next_dagrun for example_short_circuit_operator to 2024-03-26 00:00:00+00:00, run_after=2024-03-27 00:00:00+00:00
[2024-03-27T02:50:03.590+0000] {processor.py:183} INFO - Processing /home/airflow/.local/lib/python3.8/site-packages/airflow/example_dags/example_short_circuit_operator.py took 0.037 seconds
[2024-03-27T02:50:34.415+0000] {processor.py:161} INFO - Started process (PID=9038) to work on /home/airflow/.local/lib/python3.8/site-packages/airflow/example_dags/example_short_circuit_operator.py
[2024-03-27T02:50:34.415+0000] {processor.py:830} INFO - Processing file /home/airflow/.local/lib/python3.8/site-packages/airflow/example_dags/example_short_circuit_operator.py for tasks to queue
[2024-03-27T02:50:34.416+0000] {logging_mixin.py:188} INFO - [2024-03-27T02:50:34.416+0000] {dagbag.py:540} INFO - Filling up the DagBag from /home/airflow/.local/lib/python3.8/site-packages/airflow/example_dags/example_short_circuit_operator.py
[2024-03-27T02:50:34.420+0000] {processor.py:840} INFO - DAG(s) 'example_short_circuit_operator' retrieved from /home/airflow/.local/lib/python3.8/site-packages/airflow/example_dags/example_short_circuit_operator.py
[2024-03-27T02:50:34.432+0000] {logging_mixin.py:188} INFO - [2024-03-27T02:50:34.432+0000] {dag.py:3047} INFO - Sync 1 DAGs
[2024-03-27T02:50:34.442+0000] {logging_mixin.py:188} INFO - [2024-03-27T02:50:34.442+0000] {dag.py:3834} INFO - Setting next_dagrun for example_short_circuit_operator to 2024-03-26 00:00:00+00:00, run_after=2024-03-27 00:00:00+00:00
[2024-03-27T02:50:34.451+0000] {processor.py:183} INFO - Processing /home/airflow/.local/lib/python3.8/site-packages/airflow/example_dags/example_short_circuit_operator.py took 0.038 seconds
[2024-03-27T18:16:33.546+0000] {processor.py:161} INFO - Started process (PID=72) to work on /home/airflow/.local/lib/python3.8/site-packages/airflow/example_dags/example_short_circuit_operator.py
[2024-03-27T18:16:33.547+0000] {processor.py:830} INFO - Processing file /home/airflow/.local/lib/python3.8/site-packages/airflow/example_dags/example_short_circuit_operator.py for tasks to queue
[2024-03-27T18:16:33.549+0000] {logging_mixin.py:188} INFO - [2024-03-27T18:16:33.549+0000] {dagbag.py:540} INFO - Filling up the DagBag from /home/airflow/.local/lib/python3.8/site-packages/airflow/example_dags/example_short_circuit_operator.py
[2024-03-27T18:16:33.556+0000] {processor.py:840} INFO - DAG(s) 'example_short_circuit_operator' retrieved from /home/airflow/.local/lib/python3.8/site-packages/airflow/example_dags/example_short_circuit_operator.py
[2024-03-27T18:16:33.578+0000] {logging_mixin.py:188} INFO - [2024-03-27T18:16:33.577+0000] {dag.py:3047} INFO - Sync 1 DAGs
[2024-03-27T18:16:33.598+0000] {logging_mixin.py:188} INFO - [2024-03-27T18:16:33.598+0000] {dag.py:3834} INFO - Setting next_dagrun for example_short_circuit_operator to 2024-03-26 00:00:00+00:00, run_after=2024-03-27 00:00:00+00:00
[2024-03-27T18:16:33.613+0000] {processor.py:183} INFO - Processing /home/airflow/.local/lib/python3.8/site-packages/airflow/example_dags/example_short_circuit_operator.py took 0.069 seconds
