[2024-03-27T00:00:24.200+0000] {processor.py:161} INFO - Started process (PID=5243) to work on /home/airflow/.local/lib/python3.8/site-packages/airflow/example_dags/example_task_group_decorator.py
[2024-03-27T00:00:24.200+0000] {processor.py:830} INFO - Processing file /home/airflow/.local/lib/python3.8/site-packages/airflow/example_dags/example_task_group_decorator.py for tasks to queue
[2024-03-27T00:00:24.201+0000] {logging_mixin.py:188} INFO - [2024-03-27T00:00:24.201+0000] {dagbag.py:540} INFO - Filling up the DagBag from /home/airflow/.local/lib/python3.8/site-packages/airflow/example_dags/example_task_group_decorator.py
[2024-03-27T00:00:24.208+0000] {processor.py:840} INFO - DAG(s) 'example_task_group_decorator' retrieved from /home/airflow/.local/lib/python3.8/site-packages/airflow/example_dags/example_task_group_decorator.py
[2024-03-27T00:00:24.221+0000] {logging_mixin.py:188} INFO - [2024-03-27T00:00:24.221+0000] {dag.py:3047} INFO - Sync 1 DAGs
[2024-03-27T00:00:24.231+0000] {logging_mixin.py:188} INFO - [2024-03-27T00:00:24.231+0000] {dag.py:3834} INFO - Setting next_dagrun for example_task_group_decorator to 2024-03-26 00:00:00+00:00, run_after=2024-03-27 00:00:00+00:00
[2024-03-27T00:00:24.240+0000] {processor.py:183} INFO - Processing /home/airflow/.local/lib/python3.8/site-packages/airflow/example_dags/example_task_group_decorator.py took 0.042 seconds
[2024-03-27T00:00:55.153+0000] {processor.py:161} INFO - Started process (PID=5298) to work on /home/airflow/.local/lib/python3.8/site-packages/airflow/example_dags/example_task_group_decorator.py
[2024-03-27T00:00:55.153+0000] {processor.py:830} INFO - Processing file /home/airflow/.local/lib/python3.8/site-packages/airflow/example_dags/example_task_group_decorator.py for tasks to queue
[2024-03-27T00:00:55.154+0000] {logging_mixin.py:188} INFO - [2024-03-27T00:00:55.154+0000] {dagbag.py:540} INFO - Filling up the DagBag from /home/airflow/.local/lib/python3.8/site-packages/airflow/example_dags/example_task_group_decorator.py
[2024-03-27T00:00:55.162+0000] {processor.py:840} INFO - DAG(s) 'example_task_group_decorator' retrieved from /home/airflow/.local/lib/python3.8/site-packages/airflow/example_dags/example_task_group_decorator.py
[2024-03-27T00:00:55.175+0000] {logging_mixin.py:188} INFO - [2024-03-27T00:00:55.175+0000] {dag.py:3047} INFO - Sync 1 DAGs
[2024-03-27T00:00:55.185+0000] {logging_mixin.py:188} INFO - [2024-03-27T00:00:55.185+0000] {dag.py:3834} INFO - Setting next_dagrun for example_task_group_decorator to 2024-03-26 00:00:00+00:00, run_after=2024-03-27 00:00:00+00:00
[2024-03-27T00:00:55.193+0000] {processor.py:183} INFO - Processing /home/airflow/.local/lib/python3.8/site-packages/airflow/example_dags/example_task_group_decorator.py took 0.042 seconds
[2024-03-27T00:01:25.992+0000] {processor.py:161} INFO - Started process (PID=5353) to work on /home/airflow/.local/lib/python3.8/site-packages/airflow/example_dags/example_task_group_decorator.py
[2024-03-27T00:01:25.992+0000] {processor.py:830} INFO - Processing file /home/airflow/.local/lib/python3.8/site-packages/airflow/example_dags/example_task_group_decorator.py for tasks to queue
[2024-03-27T00:01:25.993+0000] {logging_mixin.py:188} INFO - [2024-03-27T00:01:25.993+0000] {dagbag.py:540} INFO - Filling up the DagBag from /home/airflow/.local/lib/python3.8/site-packages/airflow/example_dags/example_task_group_decorator.py
[2024-03-27T00:01:26.000+0000] {processor.py:840} INFO - DAG(s) 'example_task_group_decorator' retrieved from /home/airflow/.local/lib/python3.8/site-packages/airflow/example_dags/example_task_group_decorator.py
[2024-03-27T00:01:26.012+0000] {logging_mixin.py:188} INFO - [2024-03-27T00:01:26.012+0000] {dag.py:3047} INFO - Sync 1 DAGs
[2024-03-27T00:01:26.023+0000] {logging_mixin.py:188} INFO - [2024-03-27T00:01:26.023+0000] {dag.py:3834} INFO - Setting next_dagrun for example_task_group_decorator to 2024-03-26 00:00:00+00:00, run_after=2024-03-27 00:00:00+00:00
[2024-03-27T00:01:26.032+0000] {processor.py:183} INFO - Processing /home/airflow/.local/lib/python3.8/site-packages/airflow/example_dags/example_task_group_decorator.py took 0.042 seconds
[2024-03-27T00:01:57.011+0000] {processor.py:161} INFO - Started process (PID=5408) to work on /home/airflow/.local/lib/python3.8/site-packages/airflow/example_dags/example_task_group_decorator.py
[2024-03-27T00:01:57.012+0000] {processor.py:830} INFO - Processing file /home/airflow/.local/lib/python3.8/site-packages/airflow/example_dags/example_task_group_decorator.py for tasks to queue
[2024-03-27T00:01:57.013+0000] {logging_mixin.py:188} INFO - [2024-03-27T00:01:57.013+0000] {dagbag.py:540} INFO - Filling up the DagBag from /home/airflow/.local/lib/python3.8/site-packages/airflow/example_dags/example_task_group_decorator.py
[2024-03-27T00:01:57.020+0000] {processor.py:840} INFO - DAG(s) 'example_task_group_decorator' retrieved from /home/airflow/.local/lib/python3.8/site-packages/airflow/example_dags/example_task_group_decorator.py
[2024-03-27T00:01:57.033+0000] {logging_mixin.py:188} INFO - [2024-03-27T00:01:57.033+0000] {dag.py:3047} INFO - Sync 1 DAGs
[2024-03-27T00:01:57.043+0000] {logging_mixin.py:188} INFO - [2024-03-27T00:01:57.043+0000] {dag.py:3834} INFO - Setting next_dagrun for example_task_group_decorator to 2024-03-26 00:00:00+00:00, run_after=2024-03-27 00:00:00+00:00
[2024-03-27T00:01:57.052+0000] {processor.py:183} INFO - Processing /home/airflow/.local/lib/python3.8/site-packages/airflow/example_dags/example_task_group_decorator.py took 0.042 seconds
[2024-03-27T00:02:27.976+0000] {processor.py:161} INFO - Started process (PID=5463) to work on /home/airflow/.local/lib/python3.8/site-packages/airflow/example_dags/example_task_group_decorator.py
[2024-03-27T00:02:27.977+0000] {processor.py:830} INFO - Processing file /home/airflow/.local/lib/python3.8/site-packages/airflow/example_dags/example_task_group_decorator.py for tasks to queue
[2024-03-27T00:02:27.978+0000] {logging_mixin.py:188} INFO - [2024-03-27T00:02:27.978+0000] {dagbag.py:540} INFO - Filling up the DagBag from /home/airflow/.local/lib/python3.8/site-packages/airflow/example_dags/example_task_group_decorator.py
[2024-03-27T00:02:27.985+0000] {processor.py:840} INFO - DAG(s) 'example_task_group_decorator' retrieved from /home/airflow/.local/lib/python3.8/site-packages/airflow/example_dags/example_task_group_decorator.py
[2024-03-27T00:02:27.997+0000] {logging_mixin.py:188} INFO - [2024-03-27T00:02:27.997+0000] {dag.py:3047} INFO - Sync 1 DAGs
[2024-03-27T00:02:28.008+0000] {logging_mixin.py:188} INFO - [2024-03-27T00:02:28.008+0000] {dag.py:3834} INFO - Setting next_dagrun for example_task_group_decorator to 2024-03-26 00:00:00+00:00, run_after=2024-03-27 00:00:00+00:00
[2024-03-27T00:02:28.018+0000] {processor.py:183} INFO - Processing /home/airflow/.local/lib/python3.8/site-packages/airflow/example_dags/example_task_group_decorator.py took 0.043 seconds
[2024-03-27T00:02:59.158+0000] {processor.py:161} INFO - Started process (PID=5518) to work on /home/airflow/.local/lib/python3.8/site-packages/airflow/example_dags/example_task_group_decorator.py
[2024-03-27T00:02:59.160+0000] {processor.py:830} INFO - Processing file /home/airflow/.local/lib/python3.8/site-packages/airflow/example_dags/example_task_group_decorator.py for tasks to queue
[2024-03-27T00:02:59.161+0000] {logging_mixin.py:188} INFO - [2024-03-27T00:02:59.161+0000] {dagbag.py:540} INFO - Filling up the DagBag from /home/airflow/.local/lib/python3.8/site-packages/airflow/example_dags/example_task_group_decorator.py
[2024-03-27T00:02:59.169+0000] {processor.py:840} INFO - DAG(s) 'example_task_group_decorator' retrieved from /home/airflow/.local/lib/python3.8/site-packages/airflow/example_dags/example_task_group_decorator.py
[2024-03-27T00:02:59.194+0000] {logging_mixin.py:188} INFO - [2024-03-27T00:02:59.193+0000] {dag.py:3047} INFO - Sync 1 DAGs
[2024-03-27T00:02:59.218+0000] {logging_mixin.py:188} INFO - [2024-03-27T00:02:59.218+0000] {dag.py:3834} INFO - Setting next_dagrun for example_task_group_decorator to 2024-03-26 00:00:00+00:00, run_after=2024-03-27 00:00:00+00:00
[2024-03-27T00:02:59.237+0000] {processor.py:183} INFO - Processing /home/airflow/.local/lib/python3.8/site-packages/airflow/example_dags/example_task_group_decorator.py took 0.081 seconds
[2024-03-27T00:03:30.410+0000] {processor.py:161} INFO - Started process (PID=5572) to work on /home/airflow/.local/lib/python3.8/site-packages/airflow/example_dags/example_task_group_decorator.py
[2024-03-27T00:03:30.413+0000] {processor.py:830} INFO - Processing file /home/airflow/.local/lib/python3.8/site-packages/airflow/example_dags/example_task_group_decorator.py for tasks to queue
[2024-03-27T00:03:30.415+0000] {logging_mixin.py:188} INFO - [2024-03-27T00:03:30.415+0000] {dagbag.py:540} INFO - Filling up the DagBag from /home/airflow/.local/lib/python3.8/site-packages/airflow/example_dags/example_task_group_decorator.py
[2024-03-27T00:03:30.433+0000] {processor.py:840} INFO - DAG(s) 'example_task_group_decorator' retrieved from /home/airflow/.local/lib/python3.8/site-packages/airflow/example_dags/example_task_group_decorator.py
[2024-03-27T00:03:30.453+0000] {logging_mixin.py:188} INFO - [2024-03-27T00:03:30.453+0000] {dag.py:3047} INFO - Sync 1 DAGs
[2024-03-27T00:03:30.470+0000] {logging_mixin.py:188} INFO - [2024-03-27T00:03:30.470+0000] {dag.py:3834} INFO - Setting next_dagrun for example_task_group_decorator to 2024-03-26 00:00:00+00:00, run_after=2024-03-27 00:00:00+00:00
[2024-03-27T00:03:30.485+0000] {processor.py:183} INFO - Processing /home/airflow/.local/lib/python3.8/site-packages/airflow/example_dags/example_task_group_decorator.py took 0.076 seconds
[2024-03-27T00:04:03.356+0000] {processor.py:161} INFO - Started process (PID=5627) to work on /home/airflow/.local/lib/python3.8/site-packages/airflow/example_dags/example_task_group_decorator.py
[2024-03-27T00:04:03.356+0000] {processor.py:830} INFO - Processing file /home/airflow/.local/lib/python3.8/site-packages/airflow/example_dags/example_task_group_decorator.py for tasks to queue
[2024-03-27T00:04:03.357+0000] {logging_mixin.py:188} INFO - [2024-03-27T00:04:03.357+0000] {dagbag.py:540} INFO - Filling up the DagBag from /home/airflow/.local/lib/python3.8/site-packages/airflow/example_dags/example_task_group_decorator.py
[2024-03-27T00:04:03.365+0000] {processor.py:840} INFO - DAG(s) 'example_task_group_decorator' retrieved from /home/airflow/.local/lib/python3.8/site-packages/airflow/example_dags/example_task_group_decorator.py
[2024-03-27T00:04:03.376+0000] {logging_mixin.py:188} INFO - [2024-03-27T00:04:03.376+0000] {dag.py:3047} INFO - Sync 1 DAGs
[2024-03-27T00:04:03.385+0000] {logging_mixin.py:188} INFO - [2024-03-27T00:04:03.385+0000] {dag.py:3834} INFO - Setting next_dagrun for example_task_group_decorator to 2024-03-26 00:00:00+00:00, run_after=2024-03-27 00:00:00+00:00
[2024-03-27T00:04:03.393+0000] {processor.py:183} INFO - Processing /home/airflow/.local/lib/python3.8/site-packages/airflow/example_dags/example_task_group_decorator.py took 0.040 seconds
[2024-03-27T00:04:34.071+0000] {processor.py:161} INFO - Started process (PID=5682) to work on /home/airflow/.local/lib/python3.8/site-packages/airflow/example_dags/example_task_group_decorator.py
[2024-03-27T00:04:34.072+0000] {processor.py:830} INFO - Processing file /home/airflow/.local/lib/python3.8/site-packages/airflow/example_dags/example_task_group_decorator.py for tasks to queue
[2024-03-27T00:04:34.073+0000] {logging_mixin.py:188} INFO - [2024-03-27T00:04:34.073+0000] {dagbag.py:540} INFO - Filling up the DagBag from /home/airflow/.local/lib/python3.8/site-packages/airflow/example_dags/example_task_group_decorator.py
[2024-03-27T00:04:34.081+0000] {processor.py:840} INFO - DAG(s) 'example_task_group_decorator' retrieved from /home/airflow/.local/lib/python3.8/site-packages/airflow/example_dags/example_task_group_decorator.py
[2024-03-27T00:04:34.093+0000] {logging_mixin.py:188} INFO - [2024-03-27T00:04:34.093+0000] {dag.py:3047} INFO - Sync 1 DAGs
[2024-03-27T00:04:34.103+0000] {logging_mixin.py:188} INFO - [2024-03-27T00:04:34.103+0000] {dag.py:3834} INFO - Setting next_dagrun for example_task_group_decorator to 2024-03-26 00:00:00+00:00, run_after=2024-03-27 00:00:00+00:00
[2024-03-27T00:04:34.111+0000] {processor.py:183} INFO - Processing /home/airflow/.local/lib/python3.8/site-packages/airflow/example_dags/example_task_group_decorator.py took 0.042 seconds
[2024-03-27T00:05:04.820+0000] {processor.py:161} INFO - Started process (PID=5737) to work on /home/airflow/.local/lib/python3.8/site-packages/airflow/example_dags/example_task_group_decorator.py
[2024-03-27T00:05:04.820+0000] {processor.py:830} INFO - Processing file /home/airflow/.local/lib/python3.8/site-packages/airflow/example_dags/example_task_group_decorator.py for tasks to queue
[2024-03-27T00:05:04.821+0000] {logging_mixin.py:188} INFO - [2024-03-27T00:05:04.821+0000] {dagbag.py:540} INFO - Filling up the DagBag from /home/airflow/.local/lib/python3.8/site-packages/airflow/example_dags/example_task_group_decorator.py
[2024-03-27T00:05:04.828+0000] {processor.py:840} INFO - DAG(s) 'example_task_group_decorator' retrieved from /home/airflow/.local/lib/python3.8/site-packages/airflow/example_dags/example_task_group_decorator.py
[2024-03-27T00:05:04.840+0000] {logging_mixin.py:188} INFO - [2024-03-27T00:05:04.840+0000] {dag.py:3047} INFO - Sync 1 DAGs
[2024-03-27T00:05:04.850+0000] {logging_mixin.py:188} INFO - [2024-03-27T00:05:04.849+0000] {dag.py:3834} INFO - Setting next_dagrun for example_task_group_decorator to 2024-03-26 00:00:00+00:00, run_after=2024-03-27 00:00:00+00:00
[2024-03-27T00:05:04.858+0000] {processor.py:183} INFO - Processing /home/airflow/.local/lib/python3.8/site-packages/airflow/example_dags/example_task_group_decorator.py took 0.040 seconds
[2024-03-27T00:05:35.515+0000] {processor.py:161} INFO - Started process (PID=5792) to work on /home/airflow/.local/lib/python3.8/site-packages/airflow/example_dags/example_task_group_decorator.py
[2024-03-27T00:05:35.515+0000] {processor.py:830} INFO - Processing file /home/airflow/.local/lib/python3.8/site-packages/airflow/example_dags/example_task_group_decorator.py for tasks to queue
[2024-03-27T00:05:35.516+0000] {logging_mixin.py:188} INFO - [2024-03-27T00:05:35.516+0000] {dagbag.py:540} INFO - Filling up the DagBag from /home/airflow/.local/lib/python3.8/site-packages/airflow/example_dags/example_task_group_decorator.py
[2024-03-27T00:05:35.523+0000] {processor.py:840} INFO - DAG(s) 'example_task_group_decorator' retrieved from /home/airflow/.local/lib/python3.8/site-packages/airflow/example_dags/example_task_group_decorator.py
[2024-03-27T00:05:35.536+0000] {logging_mixin.py:188} INFO - [2024-03-27T00:05:35.536+0000] {dag.py:3047} INFO - Sync 1 DAGs
[2024-03-27T00:05:35.547+0000] {logging_mixin.py:188} INFO - [2024-03-27T00:05:35.547+0000] {dag.py:3834} INFO - Setting next_dagrun for example_task_group_decorator to 2024-03-26 00:00:00+00:00, run_after=2024-03-27 00:00:00+00:00
[2024-03-27T00:05:35.556+0000] {processor.py:183} INFO - Processing /home/airflow/.local/lib/python3.8/site-packages/airflow/example_dags/example_task_group_decorator.py took 0.043 seconds
[2024-03-27T00:06:06.211+0000] {processor.py:161} INFO - Started process (PID=5847) to work on /home/airflow/.local/lib/python3.8/site-packages/airflow/example_dags/example_task_group_decorator.py
[2024-03-27T00:06:06.212+0000] {processor.py:830} INFO - Processing file /home/airflow/.local/lib/python3.8/site-packages/airflow/example_dags/example_task_group_decorator.py for tasks to queue
[2024-03-27T00:06:06.213+0000] {logging_mixin.py:188} INFO - [2024-03-27T00:06:06.213+0000] {dagbag.py:540} INFO - Filling up the DagBag from /home/airflow/.local/lib/python3.8/site-packages/airflow/example_dags/example_task_group_decorator.py
[2024-03-27T00:06:06.220+0000] {processor.py:840} INFO - DAG(s) 'example_task_group_decorator' retrieved from /home/airflow/.local/lib/python3.8/site-packages/airflow/example_dags/example_task_group_decorator.py
[2024-03-27T00:06:06.232+0000] {logging_mixin.py:188} INFO - [2024-03-27T00:06:06.232+0000] {dag.py:3047} INFO - Sync 1 DAGs
[2024-03-27T00:06:06.242+0000] {logging_mixin.py:188} INFO - [2024-03-27T00:06:06.242+0000] {dag.py:3834} INFO - Setting next_dagrun for example_task_group_decorator to 2024-03-26 00:00:00+00:00, run_after=2024-03-27 00:00:00+00:00
[2024-03-27T00:06:06.250+0000] {processor.py:183} INFO - Processing /home/airflow/.local/lib/python3.8/site-packages/airflow/example_dags/example_task_group_decorator.py took 0.041 seconds
[2024-03-27T00:09:25.565+0000] {processor.py:161} INFO - Started process (PID=5902) to work on /home/airflow/.local/lib/python3.8/site-packages/airflow/example_dags/example_task_group_decorator.py
[2024-03-27T00:09:25.566+0000] {processor.py:830} INFO - Processing file /home/airflow/.local/lib/python3.8/site-packages/airflow/example_dags/example_task_group_decorator.py for tasks to queue
[2024-03-27T00:09:25.567+0000] {logging_mixin.py:188} INFO - [2024-03-27T00:09:25.567+0000] {dagbag.py:540} INFO - Filling up the DagBag from /home/airflow/.local/lib/python3.8/site-packages/airflow/example_dags/example_task_group_decorator.py
[2024-03-27T00:09:25.574+0000] {processor.py:840} INFO - DAG(s) 'example_task_group_decorator' retrieved from /home/airflow/.local/lib/python3.8/site-packages/airflow/example_dags/example_task_group_decorator.py
[2024-03-27T00:09:25.587+0000] {logging_mixin.py:188} INFO - [2024-03-27T00:09:25.586+0000] {dag.py:3047} INFO - Sync 1 DAGs
[2024-03-27T00:09:25.597+0000] {logging_mixin.py:188} INFO - [2024-03-27T00:09:25.597+0000] {dag.py:3834} INFO - Setting next_dagrun for example_task_group_decorator to 2024-03-26 00:00:00+00:00, run_after=2024-03-27 00:00:00+00:00
[2024-03-27T00:09:25.610+0000] {processor.py:183} INFO - Processing /home/airflow/.local/lib/python3.8/site-packages/airflow/example_dags/example_task_group_decorator.py took 0.047 seconds
[2024-03-27T00:09:56.443+0000] {processor.py:161} INFO - Started process (PID=5956) to work on /home/airflow/.local/lib/python3.8/site-packages/airflow/example_dags/example_task_group_decorator.py
[2024-03-27T00:09:56.444+0000] {processor.py:830} INFO - Processing file /home/airflow/.local/lib/python3.8/site-packages/airflow/example_dags/example_task_group_decorator.py for tasks to queue
[2024-03-27T00:09:56.445+0000] {logging_mixin.py:188} INFO - [2024-03-27T00:09:56.445+0000] {dagbag.py:540} INFO - Filling up the DagBag from /home/airflow/.local/lib/python3.8/site-packages/airflow/example_dags/example_task_group_decorator.py
[2024-03-27T00:09:56.452+0000] {processor.py:840} INFO - DAG(s) 'example_task_group_decorator' retrieved from /home/airflow/.local/lib/python3.8/site-packages/airflow/example_dags/example_task_group_decorator.py
[2024-03-27T00:09:56.464+0000] {logging_mixin.py:188} INFO - [2024-03-27T00:09:56.464+0000] {dag.py:3047} INFO - Sync 1 DAGs
[2024-03-27T00:09:56.476+0000] {logging_mixin.py:188} INFO - [2024-03-27T00:09:56.476+0000] {dag.py:3834} INFO - Setting next_dagrun for example_task_group_decorator to 2024-03-26 00:00:00+00:00, run_after=2024-03-27 00:00:00+00:00
[2024-03-27T00:09:56.487+0000] {processor.py:183} INFO - Processing /home/airflow/.local/lib/python3.8/site-packages/airflow/example_dags/example_task_group_decorator.py took 0.045 seconds
[2024-03-27T00:10:27.480+0000] {processor.py:161} INFO - Started process (PID=6011) to work on /home/airflow/.local/lib/python3.8/site-packages/airflow/example_dags/example_task_group_decorator.py
[2024-03-27T00:10:27.481+0000] {processor.py:830} INFO - Processing file /home/airflow/.local/lib/python3.8/site-packages/airflow/example_dags/example_task_group_decorator.py for tasks to queue
[2024-03-27T00:10:27.482+0000] {logging_mixin.py:188} INFO - [2024-03-27T00:10:27.481+0000] {dagbag.py:540} INFO - Filling up the DagBag from /home/airflow/.local/lib/python3.8/site-packages/airflow/example_dags/example_task_group_decorator.py
[2024-03-27T00:10:27.489+0000] {processor.py:840} INFO - DAG(s) 'example_task_group_decorator' retrieved from /home/airflow/.local/lib/python3.8/site-packages/airflow/example_dags/example_task_group_decorator.py
[2024-03-27T00:10:27.502+0000] {logging_mixin.py:188} INFO - [2024-03-27T00:10:27.502+0000] {dag.py:3047} INFO - Sync 1 DAGs
[2024-03-27T00:10:27.516+0000] {logging_mixin.py:188} INFO - [2024-03-27T00:10:27.516+0000] {dag.py:3834} INFO - Setting next_dagrun for example_task_group_decorator to 2024-03-26 00:00:00+00:00, run_after=2024-03-27 00:00:00+00:00
[2024-03-27T00:10:27.526+0000] {processor.py:183} INFO - Processing /home/airflow/.local/lib/python3.8/site-packages/airflow/example_dags/example_task_group_decorator.py took 0.049 seconds
[2024-03-27T00:10:58.513+0000] {processor.py:161} INFO - Started process (PID=6066) to work on /home/airflow/.local/lib/python3.8/site-packages/airflow/example_dags/example_task_group_decorator.py
[2024-03-27T00:10:58.513+0000] {processor.py:830} INFO - Processing file /home/airflow/.local/lib/python3.8/site-packages/airflow/example_dags/example_task_group_decorator.py for tasks to queue
[2024-03-27T00:10:58.514+0000] {logging_mixin.py:188} INFO - [2024-03-27T00:10:58.514+0000] {dagbag.py:540} INFO - Filling up the DagBag from /home/airflow/.local/lib/python3.8/site-packages/airflow/example_dags/example_task_group_decorator.py
[2024-03-27T00:10:58.522+0000] {processor.py:840} INFO - DAG(s) 'example_task_group_decorator' retrieved from /home/airflow/.local/lib/python3.8/site-packages/airflow/example_dags/example_task_group_decorator.py
[2024-03-27T00:10:58.533+0000] {logging_mixin.py:188} INFO - [2024-03-27T00:10:58.533+0000] {dag.py:3047} INFO - Sync 1 DAGs
[2024-03-27T00:10:58.543+0000] {logging_mixin.py:188} INFO - [2024-03-27T00:10:58.543+0000] {dag.py:3834} INFO - Setting next_dagrun for example_task_group_decorator to 2024-03-26 00:00:00+00:00, run_after=2024-03-27 00:00:00+00:00
[2024-03-27T00:10:58.551+0000] {processor.py:183} INFO - Processing /home/airflow/.local/lib/python3.8/site-packages/airflow/example_dags/example_task_group_decorator.py took 0.040 seconds
[2024-03-27T00:11:29.375+0000] {processor.py:161} INFO - Started process (PID=6120) to work on /home/airflow/.local/lib/python3.8/site-packages/airflow/example_dags/example_task_group_decorator.py
[2024-03-27T00:11:29.376+0000] {processor.py:830} INFO - Processing file /home/airflow/.local/lib/python3.8/site-packages/airflow/example_dags/example_task_group_decorator.py for tasks to queue
[2024-03-27T00:11:29.377+0000] {logging_mixin.py:188} INFO - [2024-03-27T00:11:29.377+0000] {dagbag.py:540} INFO - Filling up the DagBag from /home/airflow/.local/lib/python3.8/site-packages/airflow/example_dags/example_task_group_decorator.py
[2024-03-27T00:11:29.384+0000] {processor.py:840} INFO - DAG(s) 'example_task_group_decorator' retrieved from /home/airflow/.local/lib/python3.8/site-packages/airflow/example_dags/example_task_group_decorator.py
[2024-03-27T00:11:29.397+0000] {logging_mixin.py:188} INFO - [2024-03-27T00:11:29.397+0000] {dag.py:3047} INFO - Sync 1 DAGs
[2024-03-27T00:11:29.408+0000] {logging_mixin.py:188} INFO - [2024-03-27T00:11:29.408+0000] {dag.py:3834} INFO - Setting next_dagrun for example_task_group_decorator to 2024-03-26 00:00:00+00:00, run_after=2024-03-27 00:00:00+00:00
[2024-03-27T00:11:29.417+0000] {processor.py:183} INFO - Processing /home/airflow/.local/lib/python3.8/site-packages/airflow/example_dags/example_task_group_decorator.py took 0.043 seconds
[2024-03-27T00:12:00.401+0000] {processor.py:161} INFO - Started process (PID=6175) to work on /home/airflow/.local/lib/python3.8/site-packages/airflow/example_dags/example_task_group_decorator.py
[2024-03-27T00:12:00.402+0000] {processor.py:830} INFO - Processing file /home/airflow/.local/lib/python3.8/site-packages/airflow/example_dags/example_task_group_decorator.py for tasks to queue
[2024-03-27T00:12:00.403+0000] {logging_mixin.py:188} INFO - [2024-03-27T00:12:00.403+0000] {dagbag.py:540} INFO - Filling up the DagBag from /home/airflow/.local/lib/python3.8/site-packages/airflow/example_dags/example_task_group_decorator.py
[2024-03-27T00:12:00.411+0000] {processor.py:840} INFO - DAG(s) 'example_task_group_decorator' retrieved from /home/airflow/.local/lib/python3.8/site-packages/airflow/example_dags/example_task_group_decorator.py
[2024-03-27T00:12:00.423+0000] {logging_mixin.py:188} INFO - [2024-03-27T00:12:00.423+0000] {dag.py:3047} INFO - Sync 1 DAGs
[2024-03-27T00:12:00.440+0000] {logging_mixin.py:188} INFO - [2024-03-27T00:12:00.440+0000] {dag.py:3834} INFO - Setting next_dagrun for example_task_group_decorator to 2024-03-26 00:00:00+00:00, run_after=2024-03-27 00:00:00+00:00
[2024-03-27T00:12:00.449+0000] {processor.py:183} INFO - Processing /home/airflow/.local/lib/python3.8/site-packages/airflow/example_dags/example_task_group_decorator.py took 0.050 seconds
[2024-03-27T00:12:31.227+0000] {processor.py:161} INFO - Started process (PID=6229) to work on /home/airflow/.local/lib/python3.8/site-packages/airflow/example_dags/example_task_group_decorator.py
[2024-03-27T00:12:31.228+0000] {processor.py:830} INFO - Processing file /home/airflow/.local/lib/python3.8/site-packages/airflow/example_dags/example_task_group_decorator.py for tasks to queue
[2024-03-27T00:12:31.229+0000] {logging_mixin.py:188} INFO - [2024-03-27T00:12:31.229+0000] {dagbag.py:540} INFO - Filling up the DagBag from /home/airflow/.local/lib/python3.8/site-packages/airflow/example_dags/example_task_group_decorator.py
[2024-03-27T00:12:31.236+0000] {processor.py:840} INFO - DAG(s) 'example_task_group_decorator' retrieved from /home/airflow/.local/lib/python3.8/site-packages/airflow/example_dags/example_task_group_decorator.py
[2024-03-27T00:12:31.248+0000] {logging_mixin.py:188} INFO - [2024-03-27T00:12:31.248+0000] {dag.py:3047} INFO - Sync 1 DAGs
[2024-03-27T00:12:31.259+0000] {logging_mixin.py:188} INFO - [2024-03-27T00:12:31.258+0000] {dag.py:3834} INFO - Setting next_dagrun for example_task_group_decorator to 2024-03-26 00:00:00+00:00, run_after=2024-03-27 00:00:00+00:00
[2024-03-27T00:12:31.267+0000] {processor.py:183} INFO - Processing /home/airflow/.local/lib/python3.8/site-packages/airflow/example_dags/example_task_group_decorator.py took 0.042 seconds
[2024-03-27T00:13:01.977+0000] {processor.py:161} INFO - Started process (PID=6284) to work on /home/airflow/.local/lib/python3.8/site-packages/airflow/example_dags/example_task_group_decorator.py
[2024-03-27T00:13:01.978+0000] {processor.py:830} INFO - Processing file /home/airflow/.local/lib/python3.8/site-packages/airflow/example_dags/example_task_group_decorator.py for tasks to queue
[2024-03-27T00:13:01.979+0000] {logging_mixin.py:188} INFO - [2024-03-27T00:13:01.979+0000] {dagbag.py:540} INFO - Filling up the DagBag from /home/airflow/.local/lib/python3.8/site-packages/airflow/example_dags/example_task_group_decorator.py
[2024-03-27T00:13:01.986+0000] {processor.py:840} INFO - DAG(s) 'example_task_group_decorator' retrieved from /home/airflow/.local/lib/python3.8/site-packages/airflow/example_dags/example_task_group_decorator.py
[2024-03-27T00:13:01.998+0000] {logging_mixin.py:188} INFO - [2024-03-27T00:13:01.998+0000] {dag.py:3047} INFO - Sync 1 DAGs
[2024-03-27T00:13:02.009+0000] {logging_mixin.py:188} INFO - [2024-03-27T00:13:02.009+0000] {dag.py:3834} INFO - Setting next_dagrun for example_task_group_decorator to 2024-03-26 00:00:00+00:00, run_after=2024-03-27 00:00:00+00:00
[2024-03-27T00:13:02.019+0000] {processor.py:183} INFO - Processing /home/airflow/.local/lib/python3.8/site-packages/airflow/example_dags/example_task_group_decorator.py took 0.044 seconds
[2024-03-27T00:13:33.027+0000] {processor.py:161} INFO - Started process (PID=6339) to work on /home/airflow/.local/lib/python3.8/site-packages/airflow/example_dags/example_task_group_decorator.py
[2024-03-27T00:13:33.028+0000] {processor.py:830} INFO - Processing file /home/airflow/.local/lib/python3.8/site-packages/airflow/example_dags/example_task_group_decorator.py for tasks to queue
[2024-03-27T00:13:33.029+0000] {logging_mixin.py:188} INFO - [2024-03-27T00:13:33.029+0000] {dagbag.py:540} INFO - Filling up the DagBag from /home/airflow/.local/lib/python3.8/site-packages/airflow/example_dags/example_task_group_decorator.py
[2024-03-27T00:13:33.036+0000] {processor.py:840} INFO - DAG(s) 'example_task_group_decorator' retrieved from /home/airflow/.local/lib/python3.8/site-packages/airflow/example_dags/example_task_group_decorator.py
[2024-03-27T00:13:33.047+0000] {logging_mixin.py:188} INFO - [2024-03-27T00:13:33.047+0000] {dag.py:3047} INFO - Sync 1 DAGs
[2024-03-27T00:13:33.056+0000] {logging_mixin.py:188} INFO - [2024-03-27T00:13:33.056+0000] {dag.py:3834} INFO - Setting next_dagrun for example_task_group_decorator to 2024-03-26 00:00:00+00:00, run_after=2024-03-27 00:00:00+00:00
[2024-03-27T00:13:33.064+0000] {processor.py:183} INFO - Processing /home/airflow/.local/lib/python3.8/site-packages/airflow/example_dags/example_task_group_decorator.py took 0.038 seconds
[2024-03-27T00:14:03.438+0000] {processor.py:161} INFO - Started process (PID=6394) to work on /home/airflow/.local/lib/python3.8/site-packages/airflow/example_dags/example_task_group_decorator.py
[2024-03-27T00:14:03.439+0000] {processor.py:830} INFO - Processing file /home/airflow/.local/lib/python3.8/site-packages/airflow/example_dags/example_task_group_decorator.py for tasks to queue
[2024-03-27T00:14:03.440+0000] {logging_mixin.py:188} INFO - [2024-03-27T00:14:03.440+0000] {dagbag.py:540} INFO - Filling up the DagBag from /home/airflow/.local/lib/python3.8/site-packages/airflow/example_dags/example_task_group_decorator.py
[2024-03-27T00:14:03.447+0000] {processor.py:840} INFO - DAG(s) 'example_task_group_decorator' retrieved from /home/airflow/.local/lib/python3.8/site-packages/airflow/example_dags/example_task_group_decorator.py
[2024-03-27T00:14:03.460+0000] {logging_mixin.py:188} INFO - [2024-03-27T00:14:03.460+0000] {dag.py:3047} INFO - Sync 1 DAGs
[2024-03-27T00:14:03.470+0000] {logging_mixin.py:188} INFO - [2024-03-27T00:14:03.470+0000] {dag.py:3834} INFO - Setting next_dagrun for example_task_group_decorator to 2024-03-26 00:00:00+00:00, run_after=2024-03-27 00:00:00+00:00
[2024-03-27T00:14:03.478+0000] {processor.py:183} INFO - Processing /home/airflow/.local/lib/python3.8/site-packages/airflow/example_dags/example_task_group_decorator.py took 0.042 seconds
[2024-03-27T00:14:33.553+0000] {processor.py:161} INFO - Started process (PID=6449) to work on /home/airflow/.local/lib/python3.8/site-packages/airflow/example_dags/example_task_group_decorator.py
[2024-03-27T00:14:33.554+0000] {processor.py:830} INFO - Processing file /home/airflow/.local/lib/python3.8/site-packages/airflow/example_dags/example_task_group_decorator.py for tasks to queue
[2024-03-27T00:14:33.555+0000] {logging_mixin.py:188} INFO - [2024-03-27T00:14:33.555+0000] {dagbag.py:540} INFO - Filling up the DagBag from /home/airflow/.local/lib/python3.8/site-packages/airflow/example_dags/example_task_group_decorator.py
[2024-03-27T00:14:33.562+0000] {processor.py:840} INFO - DAG(s) 'example_task_group_decorator' retrieved from /home/airflow/.local/lib/python3.8/site-packages/airflow/example_dags/example_task_group_decorator.py
[2024-03-27T00:14:33.575+0000] {logging_mixin.py:188} INFO - [2024-03-27T00:14:33.575+0000] {dag.py:3047} INFO - Sync 1 DAGs
[2024-03-27T00:14:33.585+0000] {logging_mixin.py:188} INFO - [2024-03-27T00:14:33.585+0000] {dag.py:3834} INFO - Setting next_dagrun for example_task_group_decorator to 2024-03-26 00:00:00+00:00, run_after=2024-03-27 00:00:00+00:00
[2024-03-27T00:14:33.594+0000] {processor.py:183} INFO - Processing /home/airflow/.local/lib/python3.8/site-packages/airflow/example_dags/example_task_group_decorator.py took 0.042 seconds
[2024-03-27T00:15:04.241+0000] {processor.py:161} INFO - Started process (PID=6504) to work on /home/airflow/.local/lib/python3.8/site-packages/airflow/example_dags/example_task_group_decorator.py
[2024-03-27T00:15:04.242+0000] {processor.py:830} INFO - Processing file /home/airflow/.local/lib/python3.8/site-packages/airflow/example_dags/example_task_group_decorator.py for tasks to queue
[2024-03-27T00:15:04.243+0000] {logging_mixin.py:188} INFO - [2024-03-27T00:15:04.243+0000] {dagbag.py:540} INFO - Filling up the DagBag from /home/airflow/.local/lib/python3.8/site-packages/airflow/example_dags/example_task_group_decorator.py
[2024-03-27T00:15:04.250+0000] {processor.py:840} INFO - DAG(s) 'example_task_group_decorator' retrieved from /home/airflow/.local/lib/python3.8/site-packages/airflow/example_dags/example_task_group_decorator.py
[2024-03-27T00:15:04.262+0000] {logging_mixin.py:188} INFO - [2024-03-27T00:15:04.262+0000] {dag.py:3047} INFO - Sync 1 DAGs
[2024-03-27T00:15:04.274+0000] {logging_mixin.py:188} INFO - [2024-03-27T00:15:04.273+0000] {dag.py:3834} INFO - Setting next_dagrun for example_task_group_decorator to 2024-03-26 00:00:00+00:00, run_after=2024-03-27 00:00:00+00:00
[2024-03-27T00:15:04.283+0000] {processor.py:183} INFO - Processing /home/airflow/.local/lib/python3.8/site-packages/airflow/example_dags/example_task_group_decorator.py took 0.044 seconds
[2024-03-27T00:15:35.119+0000] {processor.py:161} INFO - Started process (PID=6559) to work on /home/airflow/.local/lib/python3.8/site-packages/airflow/example_dags/example_task_group_decorator.py
[2024-03-27T00:15:35.120+0000] {processor.py:830} INFO - Processing file /home/airflow/.local/lib/python3.8/site-packages/airflow/example_dags/example_task_group_decorator.py for tasks to queue
[2024-03-27T00:15:35.121+0000] {logging_mixin.py:188} INFO - [2024-03-27T00:15:35.121+0000] {dagbag.py:540} INFO - Filling up the DagBag from /home/airflow/.local/lib/python3.8/site-packages/airflow/example_dags/example_task_group_decorator.py
[2024-03-27T00:15:35.133+0000] {processor.py:840} INFO - DAG(s) 'example_task_group_decorator' retrieved from /home/airflow/.local/lib/python3.8/site-packages/airflow/example_dags/example_task_group_decorator.py
[2024-03-27T00:15:35.158+0000] {logging_mixin.py:188} INFO - [2024-03-27T00:15:35.157+0000] {dag.py:3047} INFO - Sync 1 DAGs
[2024-03-27T00:15:35.182+0000] {logging_mixin.py:188} INFO - [2024-03-27T00:15:35.182+0000] {dag.py:3834} INFO - Setting next_dagrun for example_task_group_decorator to 2024-03-26 00:00:00+00:00, run_after=2024-03-27 00:00:00+00:00
[2024-03-27T00:15:35.194+0000] {processor.py:183} INFO - Processing /home/airflow/.local/lib/python3.8/site-packages/airflow/example_dags/example_task_group_decorator.py took 0.078 seconds
[2024-03-27T00:16:05.340+0000] {processor.py:161} INFO - Started process (PID=6614) to work on /home/airflow/.local/lib/python3.8/site-packages/airflow/example_dags/example_task_group_decorator.py
[2024-03-27T00:16:05.340+0000] {processor.py:830} INFO - Processing file /home/airflow/.local/lib/python3.8/site-packages/airflow/example_dags/example_task_group_decorator.py for tasks to queue
[2024-03-27T00:16:05.341+0000] {logging_mixin.py:188} INFO - [2024-03-27T00:16:05.341+0000] {dagbag.py:540} INFO - Filling up the DagBag from /home/airflow/.local/lib/python3.8/site-packages/airflow/example_dags/example_task_group_decorator.py
[2024-03-27T00:16:05.348+0000] {processor.py:840} INFO - DAG(s) 'example_task_group_decorator' retrieved from /home/airflow/.local/lib/python3.8/site-packages/airflow/example_dags/example_task_group_decorator.py
[2024-03-27T00:16:05.359+0000] {logging_mixin.py:188} INFO - [2024-03-27T00:16:05.359+0000] {dag.py:3047} INFO - Sync 1 DAGs
[2024-03-27T00:16:05.369+0000] {logging_mixin.py:188} INFO - [2024-03-27T00:16:05.369+0000] {dag.py:3834} INFO - Setting next_dagrun for example_task_group_decorator to 2024-03-26 00:00:00+00:00, run_after=2024-03-27 00:00:00+00:00
[2024-03-27T00:16:05.377+0000] {processor.py:183} INFO - Processing /home/airflow/.local/lib/python3.8/site-packages/airflow/example_dags/example_task_group_decorator.py took 0.039 seconds
[2024-03-27T00:16:36.054+0000] {processor.py:161} INFO - Started process (PID=6669) to work on /home/airflow/.local/lib/python3.8/site-packages/airflow/example_dags/example_task_group_decorator.py
[2024-03-27T00:16:36.055+0000] {processor.py:830} INFO - Processing file /home/airflow/.local/lib/python3.8/site-packages/airflow/example_dags/example_task_group_decorator.py for tasks to queue
[2024-03-27T00:16:36.056+0000] {logging_mixin.py:188} INFO - [2024-03-27T00:16:36.056+0000] {dagbag.py:540} INFO - Filling up the DagBag from /home/airflow/.local/lib/python3.8/site-packages/airflow/example_dags/example_task_group_decorator.py
[2024-03-27T00:16:36.063+0000] {processor.py:840} INFO - DAG(s) 'example_task_group_decorator' retrieved from /home/airflow/.local/lib/python3.8/site-packages/airflow/example_dags/example_task_group_decorator.py
[2024-03-27T00:16:36.075+0000] {logging_mixin.py:188} INFO - [2024-03-27T00:16:36.075+0000] {dag.py:3047} INFO - Sync 1 DAGs
[2024-03-27T00:16:36.085+0000] {logging_mixin.py:188} INFO - [2024-03-27T00:16:36.084+0000] {dag.py:3834} INFO - Setting next_dagrun for example_task_group_decorator to 2024-03-26 00:00:00+00:00, run_after=2024-03-27 00:00:00+00:00
[2024-03-27T00:16:36.094+0000] {processor.py:183} INFO - Processing /home/airflow/.local/lib/python3.8/site-packages/airflow/example_dags/example_task_group_decorator.py took 0.041 seconds
[2024-03-27T00:17:06.836+0000] {processor.py:161} INFO - Started process (PID=6724) to work on /home/airflow/.local/lib/python3.8/site-packages/airflow/example_dags/example_task_group_decorator.py
[2024-03-27T00:17:06.837+0000] {processor.py:830} INFO - Processing file /home/airflow/.local/lib/python3.8/site-packages/airflow/example_dags/example_task_group_decorator.py for tasks to queue
[2024-03-27T00:17:06.838+0000] {logging_mixin.py:188} INFO - [2024-03-27T00:17:06.838+0000] {dagbag.py:540} INFO - Filling up the DagBag from /home/airflow/.local/lib/python3.8/site-packages/airflow/example_dags/example_task_group_decorator.py
[2024-03-27T00:17:06.845+0000] {processor.py:840} INFO - DAG(s) 'example_task_group_decorator' retrieved from /home/airflow/.local/lib/python3.8/site-packages/airflow/example_dags/example_task_group_decorator.py
[2024-03-27T00:17:06.856+0000] {logging_mixin.py:188} INFO - [2024-03-27T00:17:06.856+0000] {dag.py:3047} INFO - Sync 1 DAGs
[2024-03-27T00:17:06.867+0000] {logging_mixin.py:188} INFO - [2024-03-27T00:17:06.867+0000] {dag.py:3834} INFO - Setting next_dagrun for example_task_group_decorator to 2024-03-26 00:00:00+00:00, run_after=2024-03-27 00:00:00+00:00
[2024-03-27T00:17:06.876+0000] {processor.py:183} INFO - Processing /home/airflow/.local/lib/python3.8/site-packages/airflow/example_dags/example_task_group_decorator.py took 0.042 seconds
[2024-03-27T00:17:37.878+0000] {processor.py:161} INFO - Started process (PID=6779) to work on /home/airflow/.local/lib/python3.8/site-packages/airflow/example_dags/example_task_group_decorator.py
[2024-03-27T00:17:37.879+0000] {processor.py:830} INFO - Processing file /home/airflow/.local/lib/python3.8/site-packages/airflow/example_dags/example_task_group_decorator.py for tasks to queue
[2024-03-27T00:17:37.880+0000] {logging_mixin.py:188} INFO - [2024-03-27T00:17:37.880+0000] {dagbag.py:540} INFO - Filling up the DagBag from /home/airflow/.local/lib/python3.8/site-packages/airflow/example_dags/example_task_group_decorator.py
[2024-03-27T00:17:37.887+0000] {processor.py:840} INFO - DAG(s) 'example_task_group_decorator' retrieved from /home/airflow/.local/lib/python3.8/site-packages/airflow/example_dags/example_task_group_decorator.py
[2024-03-27T00:17:37.899+0000] {logging_mixin.py:188} INFO - [2024-03-27T00:17:37.899+0000] {dag.py:3047} INFO - Sync 1 DAGs
[2024-03-27T00:17:37.910+0000] {logging_mixin.py:188} INFO - [2024-03-27T00:17:37.910+0000] {dag.py:3834} INFO - Setting next_dagrun for example_task_group_decorator to 2024-03-26 00:00:00+00:00, run_after=2024-03-27 00:00:00+00:00
[2024-03-27T00:17:37.919+0000] {processor.py:183} INFO - Processing /home/airflow/.local/lib/python3.8/site-packages/airflow/example_dags/example_task_group_decorator.py took 0.043 seconds
[2024-03-27T00:18:09.063+0000] {processor.py:161} INFO - Started process (PID=6834) to work on /home/airflow/.local/lib/python3.8/site-packages/airflow/example_dags/example_task_group_decorator.py
[2024-03-27T00:18:09.064+0000] {processor.py:830} INFO - Processing file /home/airflow/.local/lib/python3.8/site-packages/airflow/example_dags/example_task_group_decorator.py for tasks to queue
[2024-03-27T00:18:09.065+0000] {logging_mixin.py:188} INFO - [2024-03-27T00:18:09.065+0000] {dagbag.py:540} INFO - Filling up the DagBag from /home/airflow/.local/lib/python3.8/site-packages/airflow/example_dags/example_task_group_decorator.py
[2024-03-27T00:18:09.075+0000] {processor.py:840} INFO - DAG(s) 'example_task_group_decorator' retrieved from /home/airflow/.local/lib/python3.8/site-packages/airflow/example_dags/example_task_group_decorator.py
[2024-03-27T00:18:09.095+0000] {logging_mixin.py:188} INFO - [2024-03-27T00:18:09.094+0000] {dag.py:3047} INFO - Sync 1 DAGs
[2024-03-27T00:18:09.109+0000] {logging_mixin.py:188} INFO - [2024-03-27T00:18:09.109+0000] {dag.py:3834} INFO - Setting next_dagrun for example_task_group_decorator to 2024-03-26 00:00:00+00:00, run_after=2024-03-27 00:00:00+00:00
[2024-03-27T00:18:09.122+0000] {processor.py:183} INFO - Processing /home/airflow/.local/lib/python3.8/site-packages/airflow/example_dags/example_task_group_decorator.py took 0.061 seconds
[2024-03-27T00:18:39.150+0000] {processor.py:161} INFO - Started process (PID=6889) to work on /home/airflow/.local/lib/python3.8/site-packages/airflow/example_dags/example_task_group_decorator.py
[2024-03-27T00:18:39.150+0000] {processor.py:830} INFO - Processing file /home/airflow/.local/lib/python3.8/site-packages/airflow/example_dags/example_task_group_decorator.py for tasks to queue
[2024-03-27T00:18:39.151+0000] {logging_mixin.py:188} INFO - [2024-03-27T00:18:39.151+0000] {dagbag.py:540} INFO - Filling up the DagBag from /home/airflow/.local/lib/python3.8/site-packages/airflow/example_dags/example_task_group_decorator.py
[2024-03-27T00:18:39.158+0000] {processor.py:840} INFO - DAG(s) 'example_task_group_decorator' retrieved from /home/airflow/.local/lib/python3.8/site-packages/airflow/example_dags/example_task_group_decorator.py
[2024-03-27T00:18:39.172+0000] {logging_mixin.py:188} INFO - [2024-03-27T00:18:39.172+0000] {dag.py:3047} INFO - Sync 1 DAGs
[2024-03-27T00:18:39.188+0000] {logging_mixin.py:188} INFO - [2024-03-27T00:18:39.187+0000] {dag.py:3834} INFO - Setting next_dagrun for example_task_group_decorator to 2024-03-26 00:00:00+00:00, run_after=2024-03-27 00:00:00+00:00
[2024-03-27T00:18:39.196+0000] {processor.py:183} INFO - Processing /home/airflow/.local/lib/python3.8/site-packages/airflow/example_dags/example_task_group_decorator.py took 0.048 seconds
[2024-03-27T00:19:09.399+0000] {processor.py:161} INFO - Started process (PID=6944) to work on /home/airflow/.local/lib/python3.8/site-packages/airflow/example_dags/example_task_group_decorator.py
[2024-03-27T00:19:09.400+0000] {processor.py:830} INFO - Processing file /home/airflow/.local/lib/python3.8/site-packages/airflow/example_dags/example_task_group_decorator.py for tasks to queue
[2024-03-27T00:19:09.401+0000] {logging_mixin.py:188} INFO - [2024-03-27T00:19:09.401+0000] {dagbag.py:540} INFO - Filling up the DagBag from /home/airflow/.local/lib/python3.8/site-packages/airflow/example_dags/example_task_group_decorator.py
[2024-03-27T00:19:09.408+0000] {processor.py:840} INFO - DAG(s) 'example_task_group_decorator' retrieved from /home/airflow/.local/lib/python3.8/site-packages/airflow/example_dags/example_task_group_decorator.py
[2024-03-27T00:19:09.420+0000] {logging_mixin.py:188} INFO - [2024-03-27T00:19:09.420+0000] {dag.py:3047} INFO - Sync 1 DAGs
[2024-03-27T00:19:09.429+0000] {logging_mixin.py:188} INFO - [2024-03-27T00:19:09.429+0000] {dag.py:3834} INFO - Setting next_dagrun for example_task_group_decorator to 2024-03-26 00:00:00+00:00, run_after=2024-03-27 00:00:00+00:00
[2024-03-27T00:19:09.438+0000] {processor.py:183} INFO - Processing /home/airflow/.local/lib/python3.8/site-packages/airflow/example_dags/example_task_group_decorator.py took 0.041 seconds
[2024-03-27T00:19:39.465+0000] {processor.py:161} INFO - Started process (PID=6999) to work on /home/airflow/.local/lib/python3.8/site-packages/airflow/example_dags/example_task_group_decorator.py
[2024-03-27T00:19:39.466+0000] {processor.py:830} INFO - Processing file /home/airflow/.local/lib/python3.8/site-packages/airflow/example_dags/example_task_group_decorator.py for tasks to queue
[2024-03-27T00:19:39.467+0000] {logging_mixin.py:188} INFO - [2024-03-27T00:19:39.466+0000] {dagbag.py:540} INFO - Filling up the DagBag from /home/airflow/.local/lib/python3.8/site-packages/airflow/example_dags/example_task_group_decorator.py
[2024-03-27T00:19:39.474+0000] {processor.py:840} INFO - DAG(s) 'example_task_group_decorator' retrieved from /home/airflow/.local/lib/python3.8/site-packages/airflow/example_dags/example_task_group_decorator.py
[2024-03-27T00:19:39.486+0000] {logging_mixin.py:188} INFO - [2024-03-27T00:19:39.486+0000] {dag.py:3047} INFO - Sync 1 DAGs
[2024-03-27T00:19:39.505+0000] {logging_mixin.py:188} INFO - [2024-03-27T00:19:39.504+0000] {dag.py:3834} INFO - Setting next_dagrun for example_task_group_decorator to 2024-03-26 00:00:00+00:00, run_after=2024-03-27 00:00:00+00:00
[2024-03-27T00:19:39.515+0000] {processor.py:183} INFO - Processing /home/airflow/.local/lib/python3.8/site-packages/airflow/example_dags/example_task_group_decorator.py took 0.052 seconds
[2024-03-27T00:20:10.346+0000] {processor.py:161} INFO - Started process (PID=7054) to work on /home/airflow/.local/lib/python3.8/site-packages/airflow/example_dags/example_task_group_decorator.py
[2024-03-27T00:20:10.347+0000] {processor.py:830} INFO - Processing file /home/airflow/.local/lib/python3.8/site-packages/airflow/example_dags/example_task_group_decorator.py for tasks to queue
[2024-03-27T00:20:10.348+0000] {logging_mixin.py:188} INFO - [2024-03-27T00:20:10.348+0000] {dagbag.py:540} INFO - Filling up the DagBag from /home/airflow/.local/lib/python3.8/site-packages/airflow/example_dags/example_task_group_decorator.py
[2024-03-27T00:20:10.355+0000] {processor.py:840} INFO - DAG(s) 'example_task_group_decorator' retrieved from /home/airflow/.local/lib/python3.8/site-packages/airflow/example_dags/example_task_group_decorator.py
[2024-03-27T00:20:10.366+0000] {logging_mixin.py:188} INFO - [2024-03-27T00:20:10.366+0000] {dag.py:3047} INFO - Sync 1 DAGs
[2024-03-27T00:20:10.377+0000] {logging_mixin.py:188} INFO - [2024-03-27T00:20:10.377+0000] {dag.py:3834} INFO - Setting next_dagrun for example_task_group_decorator to 2024-03-26 00:00:00+00:00, run_after=2024-03-27 00:00:00+00:00
[2024-03-27T00:20:10.386+0000] {processor.py:183} INFO - Processing /home/airflow/.local/lib/python3.8/site-packages/airflow/example_dags/example_task_group_decorator.py took 0.042 seconds
[2024-03-27T00:20:40.936+0000] {processor.py:161} INFO - Started process (PID=7109) to work on /home/airflow/.local/lib/python3.8/site-packages/airflow/example_dags/example_task_group_decorator.py
[2024-03-27T00:20:40.939+0000] {processor.py:830} INFO - Processing file /home/airflow/.local/lib/python3.8/site-packages/airflow/example_dags/example_task_group_decorator.py for tasks to queue
[2024-03-27T00:20:40.940+0000] {logging_mixin.py:188} INFO - [2024-03-27T00:20:40.940+0000] {dagbag.py:540} INFO - Filling up the DagBag from /home/airflow/.local/lib/python3.8/site-packages/airflow/example_dags/example_task_group_decorator.py
[2024-03-27T00:20:40.947+0000] {processor.py:840} INFO - DAG(s) 'example_task_group_decorator' retrieved from /home/airflow/.local/lib/python3.8/site-packages/airflow/example_dags/example_task_group_decorator.py
[2024-03-27T00:20:40.958+0000] {logging_mixin.py:188} INFO - [2024-03-27T00:20:40.958+0000] {dag.py:3047} INFO - Sync 1 DAGs
[2024-03-27T00:20:40.971+0000] {logging_mixin.py:188} INFO - [2024-03-27T00:20:40.971+0000] {dag.py:3834} INFO - Setting next_dagrun for example_task_group_decorator to 2024-03-26 00:00:00+00:00, run_after=2024-03-27 00:00:00+00:00
[2024-03-27T00:20:40.980+0000] {processor.py:183} INFO - Processing /home/airflow/.local/lib/python3.8/site-packages/airflow/example_dags/example_task_group_decorator.py took 0.045 seconds
[2024-03-27T00:21:11.635+0000] {processor.py:161} INFO - Started process (PID=7164) to work on /home/airflow/.local/lib/python3.8/site-packages/airflow/example_dags/example_task_group_decorator.py
[2024-03-27T00:21:11.637+0000] {processor.py:830} INFO - Processing file /home/airflow/.local/lib/python3.8/site-packages/airflow/example_dags/example_task_group_decorator.py for tasks to queue
[2024-03-27T00:21:11.638+0000] {logging_mixin.py:188} INFO - [2024-03-27T00:21:11.638+0000] {dagbag.py:540} INFO - Filling up the DagBag from /home/airflow/.local/lib/python3.8/site-packages/airflow/example_dags/example_task_group_decorator.py
[2024-03-27T00:21:11.644+0000] {processor.py:840} INFO - DAG(s) 'example_task_group_decorator' retrieved from /home/airflow/.local/lib/python3.8/site-packages/airflow/example_dags/example_task_group_decorator.py
[2024-03-27T00:21:11.656+0000] {logging_mixin.py:188} INFO - [2024-03-27T00:21:11.656+0000] {dag.py:3047} INFO - Sync 1 DAGs
[2024-03-27T00:21:11.667+0000] {logging_mixin.py:188} INFO - [2024-03-27T00:21:11.667+0000] {dag.py:3834} INFO - Setting next_dagrun for example_task_group_decorator to 2024-03-26 00:00:00+00:00, run_after=2024-03-27 00:00:00+00:00
[2024-03-27T00:21:11.676+0000] {processor.py:183} INFO - Processing /home/airflow/.local/lib/python3.8/site-packages/airflow/example_dags/example_task_group_decorator.py took 0.043 seconds
[2024-03-27T00:21:42.358+0000] {processor.py:161} INFO - Started process (PID=7219) to work on /home/airflow/.local/lib/python3.8/site-packages/airflow/example_dags/example_task_group_decorator.py
[2024-03-27T00:21:42.359+0000] {processor.py:830} INFO - Processing file /home/airflow/.local/lib/python3.8/site-packages/airflow/example_dags/example_task_group_decorator.py for tasks to queue
[2024-03-27T00:21:42.360+0000] {logging_mixin.py:188} INFO - [2024-03-27T00:21:42.359+0000] {dagbag.py:540} INFO - Filling up the DagBag from /home/airflow/.local/lib/python3.8/site-packages/airflow/example_dags/example_task_group_decorator.py
[2024-03-27T00:21:42.367+0000] {processor.py:840} INFO - DAG(s) 'example_task_group_decorator' retrieved from /home/airflow/.local/lib/python3.8/site-packages/airflow/example_dags/example_task_group_decorator.py
[2024-03-27T00:21:42.379+0000] {logging_mixin.py:188} INFO - [2024-03-27T00:21:42.379+0000] {dag.py:3047} INFO - Sync 1 DAGs
[2024-03-27T00:21:42.390+0000] {logging_mixin.py:188} INFO - [2024-03-27T00:21:42.390+0000] {dag.py:3834} INFO - Setting next_dagrun for example_task_group_decorator to 2024-03-26 00:00:00+00:00, run_after=2024-03-27 00:00:00+00:00
[2024-03-27T00:21:42.398+0000] {processor.py:183} INFO - Processing /home/airflow/.local/lib/python3.8/site-packages/airflow/example_dags/example_task_group_decorator.py took 0.042 seconds
[2024-03-27T00:22:13.026+0000] {processor.py:161} INFO - Started process (PID=7274) to work on /home/airflow/.local/lib/python3.8/site-packages/airflow/example_dags/example_task_group_decorator.py
[2024-03-27T00:22:13.027+0000] {processor.py:830} INFO - Processing file /home/airflow/.local/lib/python3.8/site-packages/airflow/example_dags/example_task_group_decorator.py for tasks to queue
[2024-03-27T00:22:13.028+0000] {logging_mixin.py:188} INFO - [2024-03-27T00:22:13.027+0000] {dagbag.py:540} INFO - Filling up the DagBag from /home/airflow/.local/lib/python3.8/site-packages/airflow/example_dags/example_task_group_decorator.py
[2024-03-27T00:22:13.034+0000] {processor.py:840} INFO - DAG(s) 'example_task_group_decorator' retrieved from /home/airflow/.local/lib/python3.8/site-packages/airflow/example_dags/example_task_group_decorator.py
[2024-03-27T00:22:13.046+0000] {logging_mixin.py:188} INFO - [2024-03-27T00:22:13.046+0000] {dag.py:3047} INFO - Sync 1 DAGs
[2024-03-27T00:22:13.056+0000] {logging_mixin.py:188} INFO - [2024-03-27T00:22:13.056+0000] {dag.py:3834} INFO - Setting next_dagrun for example_task_group_decorator to 2024-03-26 00:00:00+00:00, run_after=2024-03-27 00:00:00+00:00
[2024-03-27T00:22:13.064+0000] {processor.py:183} INFO - Processing /home/airflow/.local/lib/python3.8/site-packages/airflow/example_dags/example_task_group_decorator.py took 0.040 seconds
[2024-03-27T00:22:43.708+0000] {processor.py:161} INFO - Started process (PID=7329) to work on /home/airflow/.local/lib/python3.8/site-packages/airflow/example_dags/example_task_group_decorator.py
[2024-03-27T00:22:43.708+0000] {processor.py:830} INFO - Processing file /home/airflow/.local/lib/python3.8/site-packages/airflow/example_dags/example_task_group_decorator.py for tasks to queue
[2024-03-27T00:22:43.709+0000] {logging_mixin.py:188} INFO - [2024-03-27T00:22:43.709+0000] {dagbag.py:540} INFO - Filling up the DagBag from /home/airflow/.local/lib/python3.8/site-packages/airflow/example_dags/example_task_group_decorator.py
[2024-03-27T00:22:43.716+0000] {processor.py:840} INFO - DAG(s) 'example_task_group_decorator' retrieved from /home/airflow/.local/lib/python3.8/site-packages/airflow/example_dags/example_task_group_decorator.py
[2024-03-27T00:22:43.729+0000] {logging_mixin.py:188} INFO - [2024-03-27T00:22:43.729+0000] {dag.py:3047} INFO - Sync 1 DAGs
[2024-03-27T00:22:43.740+0000] {logging_mixin.py:188} INFO - [2024-03-27T00:22:43.739+0000] {dag.py:3834} INFO - Setting next_dagrun for example_task_group_decorator to 2024-03-26 00:00:00+00:00, run_after=2024-03-27 00:00:00+00:00
[2024-03-27T00:22:43.748+0000] {processor.py:183} INFO - Processing /home/airflow/.local/lib/python3.8/site-packages/airflow/example_dags/example_task_group_decorator.py took 0.042 seconds
[2024-03-27T00:23:14.413+0000] {processor.py:161} INFO - Started process (PID=7384) to work on /home/airflow/.local/lib/python3.8/site-packages/airflow/example_dags/example_task_group_decorator.py
[2024-03-27T00:23:14.413+0000] {processor.py:830} INFO - Processing file /home/airflow/.local/lib/python3.8/site-packages/airflow/example_dags/example_task_group_decorator.py for tasks to queue
[2024-03-27T00:23:14.414+0000] {logging_mixin.py:188} INFO - [2024-03-27T00:23:14.414+0000] {dagbag.py:540} INFO - Filling up the DagBag from /home/airflow/.local/lib/python3.8/site-packages/airflow/example_dags/example_task_group_decorator.py
[2024-03-27T00:23:14.421+0000] {processor.py:840} INFO - DAG(s) 'example_task_group_decorator' retrieved from /home/airflow/.local/lib/python3.8/site-packages/airflow/example_dags/example_task_group_decorator.py
[2024-03-27T00:23:14.433+0000] {logging_mixin.py:188} INFO - [2024-03-27T00:23:14.432+0000] {dag.py:3047} INFO - Sync 1 DAGs
[2024-03-27T00:23:14.442+0000] {logging_mixin.py:188} INFO - [2024-03-27T00:23:14.442+0000] {dag.py:3834} INFO - Setting next_dagrun for example_task_group_decorator to 2024-03-26 00:00:00+00:00, run_after=2024-03-27 00:00:00+00:00
[2024-03-27T00:23:14.451+0000] {processor.py:183} INFO - Processing /home/airflow/.local/lib/python3.8/site-packages/airflow/example_dags/example_task_group_decorator.py took 0.040 seconds
[2024-03-27T00:23:45.055+0000] {processor.py:161} INFO - Started process (PID=7439) to work on /home/airflow/.local/lib/python3.8/site-packages/airflow/example_dags/example_task_group_decorator.py
[2024-03-27T00:23:45.056+0000] {processor.py:830} INFO - Processing file /home/airflow/.local/lib/python3.8/site-packages/airflow/example_dags/example_task_group_decorator.py for tasks to queue
[2024-03-27T00:23:45.057+0000] {logging_mixin.py:188} INFO - [2024-03-27T00:23:45.057+0000] {dagbag.py:540} INFO - Filling up the DagBag from /home/airflow/.local/lib/python3.8/site-packages/airflow/example_dags/example_task_group_decorator.py
[2024-03-27T00:23:45.064+0000] {processor.py:840} INFO - DAG(s) 'example_task_group_decorator' retrieved from /home/airflow/.local/lib/python3.8/site-packages/airflow/example_dags/example_task_group_decorator.py
[2024-03-27T00:23:45.077+0000] {logging_mixin.py:188} INFO - [2024-03-27T00:23:45.077+0000] {dag.py:3047} INFO - Sync 1 DAGs
[2024-03-27T00:23:45.088+0000] {logging_mixin.py:188} INFO - [2024-03-27T00:23:45.088+0000] {dag.py:3834} INFO - Setting next_dagrun for example_task_group_decorator to 2024-03-26 00:00:00+00:00, run_after=2024-03-27 00:00:00+00:00
[2024-03-27T00:23:45.096+0000] {processor.py:183} INFO - Processing /home/airflow/.local/lib/python3.8/site-packages/airflow/example_dags/example_task_group_decorator.py took 0.043 seconds
[2024-03-27T00:24:15.733+0000] {processor.py:161} INFO - Started process (PID=7494) to work on /home/airflow/.local/lib/python3.8/site-packages/airflow/example_dags/example_task_group_decorator.py
[2024-03-27T00:24:15.733+0000] {processor.py:830} INFO - Processing file /home/airflow/.local/lib/python3.8/site-packages/airflow/example_dags/example_task_group_decorator.py for tasks to queue
[2024-03-27T00:24:15.734+0000] {logging_mixin.py:188} INFO - [2024-03-27T00:24:15.734+0000] {dagbag.py:540} INFO - Filling up the DagBag from /home/airflow/.local/lib/python3.8/site-packages/airflow/example_dags/example_task_group_decorator.py
[2024-03-27T00:24:15.741+0000] {processor.py:840} INFO - DAG(s) 'example_task_group_decorator' retrieved from /home/airflow/.local/lib/python3.8/site-packages/airflow/example_dags/example_task_group_decorator.py
[2024-03-27T00:24:15.753+0000] {logging_mixin.py:188} INFO - [2024-03-27T00:24:15.753+0000] {dag.py:3047} INFO - Sync 1 DAGs
[2024-03-27T00:24:15.762+0000] {logging_mixin.py:188} INFO - [2024-03-27T00:24:15.762+0000] {dag.py:3834} INFO - Setting next_dagrun for example_task_group_decorator to 2024-03-26 00:00:00+00:00, run_after=2024-03-27 00:00:00+00:00
[2024-03-27T00:24:15.771+0000] {processor.py:183} INFO - Processing /home/airflow/.local/lib/python3.8/site-packages/airflow/example_dags/example_task_group_decorator.py took 0.040 seconds
[2024-03-27T00:24:46.635+0000] {processor.py:161} INFO - Started process (PID=7549) to work on /home/airflow/.local/lib/python3.8/site-packages/airflow/example_dags/example_task_group_decorator.py
[2024-03-27T00:24:46.636+0000] {processor.py:830} INFO - Processing file /home/airflow/.local/lib/python3.8/site-packages/airflow/example_dags/example_task_group_decorator.py for tasks to queue
[2024-03-27T00:24:46.637+0000] {logging_mixin.py:188} INFO - [2024-03-27T00:24:46.637+0000] {dagbag.py:540} INFO - Filling up the DagBag from /home/airflow/.local/lib/python3.8/site-packages/airflow/example_dags/example_task_group_decorator.py
[2024-03-27T00:24:46.644+0000] {processor.py:840} INFO - DAG(s) 'example_task_group_decorator' retrieved from /home/airflow/.local/lib/python3.8/site-packages/airflow/example_dags/example_task_group_decorator.py
[2024-03-27T00:24:46.657+0000] {logging_mixin.py:188} INFO - [2024-03-27T00:24:46.656+0000] {dag.py:3047} INFO - Sync 1 DAGs
[2024-03-27T00:24:46.669+0000] {logging_mixin.py:188} INFO - [2024-03-27T00:24:46.669+0000] {dag.py:3834} INFO - Setting next_dagrun for example_task_group_decorator to 2024-03-26 00:00:00+00:00, run_after=2024-03-27 00:00:00+00:00
[2024-03-27T00:24:46.679+0000] {processor.py:183} INFO - Processing /home/airflow/.local/lib/python3.8/site-packages/airflow/example_dags/example_task_group_decorator.py took 0.045 seconds
[2024-03-27T00:31:02.817+0000] {processor.py:161} INFO - Started process (PID=7604) to work on /home/airflow/.local/lib/python3.8/site-packages/airflow/example_dags/example_task_group_decorator.py
[2024-03-27T00:31:02.818+0000] {processor.py:830} INFO - Processing file /home/airflow/.local/lib/python3.8/site-packages/airflow/example_dags/example_task_group_decorator.py for tasks to queue
[2024-03-27T00:31:02.820+0000] {logging_mixin.py:188} INFO - [2024-03-27T00:31:02.819+0000] {dagbag.py:540} INFO - Filling up the DagBag from /home/airflow/.local/lib/python3.8/site-packages/airflow/example_dags/example_task_group_decorator.py
[2024-03-27T00:31:02.827+0000] {processor.py:840} INFO - DAG(s) 'example_task_group_decorator' retrieved from /home/airflow/.local/lib/python3.8/site-packages/airflow/example_dags/example_task_group_decorator.py
[2024-03-27T00:31:02.842+0000] {logging_mixin.py:188} INFO - [2024-03-27T00:31:02.841+0000] {dag.py:3047} INFO - Sync 1 DAGs
[2024-03-27T00:31:02.854+0000] {logging_mixin.py:188} INFO - [2024-03-27T00:31:02.854+0000] {dag.py:3834} INFO - Setting next_dagrun for example_task_group_decorator to 2024-03-26 00:00:00+00:00, run_after=2024-03-27 00:00:00+00:00
[2024-03-27T00:31:02.865+0000] {processor.py:183} INFO - Processing /home/airflow/.local/lib/python3.8/site-packages/airflow/example_dags/example_task_group_decorator.py took 0.049 seconds
[2024-03-27T00:34:03.205+0000] {processor.py:161} INFO - Started process (PID=7659) to work on /home/airflow/.local/lib/python3.8/site-packages/airflow/example_dags/example_task_group_decorator.py
[2024-03-27T00:34:03.206+0000] {processor.py:830} INFO - Processing file /home/airflow/.local/lib/python3.8/site-packages/airflow/example_dags/example_task_group_decorator.py for tasks to queue
[2024-03-27T00:34:03.207+0000] {logging_mixin.py:188} INFO - [2024-03-27T00:34:03.207+0000] {dagbag.py:540} INFO - Filling up the DagBag from /home/airflow/.local/lib/python3.8/site-packages/airflow/example_dags/example_task_group_decorator.py
[2024-03-27T00:34:03.214+0000] {processor.py:840} INFO - DAG(s) 'example_task_group_decorator' retrieved from /home/airflow/.local/lib/python3.8/site-packages/airflow/example_dags/example_task_group_decorator.py
[2024-03-27T00:34:03.226+0000] {logging_mixin.py:188} INFO - [2024-03-27T00:34:03.226+0000] {dag.py:3047} INFO - Sync 1 DAGs
[2024-03-27T00:34:03.236+0000] {logging_mixin.py:188} INFO - [2024-03-27T00:34:03.236+0000] {dag.py:3834} INFO - Setting next_dagrun for example_task_group_decorator to 2024-03-26 00:00:00+00:00, run_after=2024-03-27 00:00:00+00:00
[2024-03-27T00:34:03.244+0000] {processor.py:183} INFO - Processing /home/airflow/.local/lib/python3.8/site-packages/airflow/example_dags/example_task_group_decorator.py took 0.040 seconds
[2024-03-27T00:40:16.908+0000] {processor.py:161} INFO - Started process (PID=7714) to work on /home/airflow/.local/lib/python3.8/site-packages/airflow/example_dags/example_task_group_decorator.py
[2024-03-27T00:40:16.909+0000] {processor.py:830} INFO - Processing file /home/airflow/.local/lib/python3.8/site-packages/airflow/example_dags/example_task_group_decorator.py for tasks to queue
[2024-03-27T00:40:16.912+0000] {logging_mixin.py:188} INFO - [2024-03-27T00:40:16.912+0000] {dagbag.py:540} INFO - Filling up the DagBag from /home/airflow/.local/lib/python3.8/site-packages/airflow/example_dags/example_task_group_decorator.py
[2024-03-27T00:40:16.926+0000] {processor.py:840} INFO - DAG(s) 'example_task_group_decorator' retrieved from /home/airflow/.local/lib/python3.8/site-packages/airflow/example_dags/example_task_group_decorator.py
[2024-03-27T00:40:16.959+0000] {logging_mixin.py:188} INFO - [2024-03-27T00:40:16.959+0000] {dag.py:3047} INFO - Sync 1 DAGs
[2024-03-27T00:40:16.991+0000] {logging_mixin.py:188} INFO - [2024-03-27T00:40:16.991+0000] {dag.py:3834} INFO - Setting next_dagrun for example_task_group_decorator to 2024-03-26 00:00:00+00:00, run_after=2024-03-27 00:00:00+00:00
[2024-03-27T00:40:17.021+0000] {processor.py:183} INFO - Processing /home/airflow/.local/lib/python3.8/site-packages/airflow/example_dags/example_task_group_decorator.py took 0.118 seconds
[2024-03-27T00:41:13.643+0000] {processor.py:161} INFO - Started process (PID=7769) to work on /home/airflow/.local/lib/python3.8/site-packages/airflow/example_dags/example_task_group_decorator.py
[2024-03-27T00:41:13.643+0000] {processor.py:830} INFO - Processing file /home/airflow/.local/lib/python3.8/site-packages/airflow/example_dags/example_task_group_decorator.py for tasks to queue
[2024-03-27T00:41:13.644+0000] {logging_mixin.py:188} INFO - [2024-03-27T00:41:13.644+0000] {dagbag.py:540} INFO - Filling up the DagBag from /home/airflow/.local/lib/python3.8/site-packages/airflow/example_dags/example_task_group_decorator.py
[2024-03-27T00:41:13.651+0000] {processor.py:840} INFO - DAG(s) 'example_task_group_decorator' retrieved from /home/airflow/.local/lib/python3.8/site-packages/airflow/example_dags/example_task_group_decorator.py
[2024-03-27T00:41:13.663+0000] {logging_mixin.py:188} INFO - [2024-03-27T00:41:13.663+0000] {dag.py:3047} INFO - Sync 1 DAGs
[2024-03-27T00:41:13.673+0000] {logging_mixin.py:188} INFO - [2024-03-27T00:41:13.672+0000] {dag.py:3834} INFO - Setting next_dagrun for example_task_group_decorator to 2024-03-26 00:00:00+00:00, run_after=2024-03-27 00:00:00+00:00
[2024-03-27T00:41:13.682+0000] {processor.py:183} INFO - Processing /home/airflow/.local/lib/python3.8/site-packages/airflow/example_dags/example_task_group_decorator.py took 0.040 seconds
[2024-03-27T00:42:56.214+0000] {processor.py:161} INFO - Started process (PID=7824) to work on /home/airflow/.local/lib/python3.8/site-packages/airflow/example_dags/example_task_group_decorator.py
[2024-03-27T00:42:56.215+0000] {processor.py:830} INFO - Processing file /home/airflow/.local/lib/python3.8/site-packages/airflow/example_dags/example_task_group_decorator.py for tasks to queue
[2024-03-27T00:42:56.216+0000] {logging_mixin.py:188} INFO - [2024-03-27T00:42:56.216+0000] {dagbag.py:540} INFO - Filling up the DagBag from /home/airflow/.local/lib/python3.8/site-packages/airflow/example_dags/example_task_group_decorator.py
[2024-03-27T00:42:56.222+0000] {processor.py:840} INFO - DAG(s) 'example_task_group_decorator' retrieved from /home/airflow/.local/lib/python3.8/site-packages/airflow/example_dags/example_task_group_decorator.py
[2024-03-27T00:42:56.234+0000] {logging_mixin.py:188} INFO - [2024-03-27T00:42:56.234+0000] {dag.py:3047} INFO - Sync 1 DAGs
[2024-03-27T00:42:56.245+0000] {logging_mixin.py:188} INFO - [2024-03-27T00:42:56.245+0000] {dag.py:3834} INFO - Setting next_dagrun for example_task_group_decorator to 2024-03-26 00:00:00+00:00, run_after=2024-03-27 00:00:00+00:00
[2024-03-27T00:42:56.254+0000] {processor.py:183} INFO - Processing /home/airflow/.local/lib/python3.8/site-packages/airflow/example_dags/example_task_group_decorator.py took 0.041 seconds
[2024-03-27T00:45:42.438+0000] {processor.py:161} INFO - Started process (PID=7879) to work on /home/airflow/.local/lib/python3.8/site-packages/airflow/example_dags/example_task_group_decorator.py
[2024-03-27T00:45:42.438+0000] {processor.py:830} INFO - Processing file /home/airflow/.local/lib/python3.8/site-packages/airflow/example_dags/example_task_group_decorator.py for tasks to queue
[2024-03-27T00:45:42.439+0000] {logging_mixin.py:188} INFO - [2024-03-27T00:45:42.439+0000] {dagbag.py:540} INFO - Filling up the DagBag from /home/airflow/.local/lib/python3.8/site-packages/airflow/example_dags/example_task_group_decorator.py
[2024-03-27T00:45:42.446+0000] {processor.py:840} INFO - DAG(s) 'example_task_group_decorator' retrieved from /home/airflow/.local/lib/python3.8/site-packages/airflow/example_dags/example_task_group_decorator.py
[2024-03-27T00:45:42.459+0000] {logging_mixin.py:188} INFO - [2024-03-27T00:45:42.458+0000] {dag.py:3047} INFO - Sync 1 DAGs
[2024-03-27T00:45:42.469+0000] {logging_mixin.py:188} INFO - [2024-03-27T00:45:42.469+0000] {dag.py:3834} INFO - Setting next_dagrun for example_task_group_decorator to 2024-03-26 00:00:00+00:00, run_after=2024-03-27 00:00:00+00:00
[2024-03-27T00:45:42.478+0000] {processor.py:183} INFO - Processing /home/airflow/.local/lib/python3.8/site-packages/airflow/example_dags/example_task_group_decorator.py took 0.041 seconds
[2024-03-27T00:49:39.570+0000] {processor.py:161} INFO - Started process (PID=7934) to work on /home/airflow/.local/lib/python3.8/site-packages/airflow/example_dags/example_task_group_decorator.py
[2024-03-27T00:49:39.571+0000] {processor.py:830} INFO - Processing file /home/airflow/.local/lib/python3.8/site-packages/airflow/example_dags/example_task_group_decorator.py for tasks to queue
[2024-03-27T00:49:39.572+0000] {logging_mixin.py:188} INFO - [2024-03-27T00:49:39.571+0000] {dagbag.py:540} INFO - Filling up the DagBag from /home/airflow/.local/lib/python3.8/site-packages/airflow/example_dags/example_task_group_decorator.py
[2024-03-27T00:49:39.578+0000] {processor.py:840} INFO - DAG(s) 'example_task_group_decorator' retrieved from /home/airflow/.local/lib/python3.8/site-packages/airflow/example_dags/example_task_group_decorator.py
[2024-03-27T00:49:39.590+0000] {logging_mixin.py:188} INFO - [2024-03-27T00:49:39.590+0000] {dag.py:3047} INFO - Sync 1 DAGs
[2024-03-27T00:49:39.601+0000] {logging_mixin.py:188} INFO - [2024-03-27T00:49:39.601+0000] {dag.py:3834} INFO - Setting next_dagrun for example_task_group_decorator to 2024-03-26 00:00:00+00:00, run_after=2024-03-27 00:00:00+00:00
[2024-03-27T00:49:39.610+0000] {processor.py:183} INFO - Processing /home/airflow/.local/lib/python3.8/site-packages/airflow/example_dags/example_task_group_decorator.py took 0.041 seconds
[2024-03-27T00:50:38.679+0000] {processor.py:161} INFO - Started process (PID=7989) to work on /home/airflow/.local/lib/python3.8/site-packages/airflow/example_dags/example_task_group_decorator.py
[2024-03-27T00:50:38.679+0000] {processor.py:830} INFO - Processing file /home/airflow/.local/lib/python3.8/site-packages/airflow/example_dags/example_task_group_decorator.py for tasks to queue
[2024-03-27T00:50:38.680+0000] {logging_mixin.py:188} INFO - [2024-03-27T00:50:38.680+0000] {dagbag.py:540} INFO - Filling up the DagBag from /home/airflow/.local/lib/python3.8/site-packages/airflow/example_dags/example_task_group_decorator.py
[2024-03-27T00:50:38.687+0000] {processor.py:840} INFO - DAG(s) 'example_task_group_decorator' retrieved from /home/airflow/.local/lib/python3.8/site-packages/airflow/example_dags/example_task_group_decorator.py
[2024-03-27T00:50:38.700+0000] {logging_mixin.py:188} INFO - [2024-03-27T00:50:38.700+0000] {dag.py:3047} INFO - Sync 1 DAGs
[2024-03-27T00:50:38.710+0000] {logging_mixin.py:188} INFO - [2024-03-27T00:50:38.710+0000] {dag.py:3834} INFO - Setting next_dagrun for example_task_group_decorator to 2024-03-26 00:00:00+00:00, run_after=2024-03-27 00:00:00+00:00
[2024-03-27T00:50:38.719+0000] {processor.py:183} INFO - Processing /home/airflow/.local/lib/python3.8/site-packages/airflow/example_dags/example_task_group_decorator.py took 0.043 seconds
[2024-03-27T00:51:23.672+0000] {processor.py:161} INFO - Started process (PID=8044) to work on /home/airflow/.local/lib/python3.8/site-packages/airflow/example_dags/example_task_group_decorator.py
[2024-03-27T00:51:23.673+0000] {processor.py:830} INFO - Processing file /home/airflow/.local/lib/python3.8/site-packages/airflow/example_dags/example_task_group_decorator.py for tasks to queue
[2024-03-27T00:51:23.674+0000] {logging_mixin.py:188} INFO - [2024-03-27T00:51:23.673+0000] {dagbag.py:540} INFO - Filling up the DagBag from /home/airflow/.local/lib/python3.8/site-packages/airflow/example_dags/example_task_group_decorator.py
[2024-03-27T00:51:23.681+0000] {processor.py:840} INFO - DAG(s) 'example_task_group_decorator' retrieved from /home/airflow/.local/lib/python3.8/site-packages/airflow/example_dags/example_task_group_decorator.py
[2024-03-27T00:51:23.693+0000] {logging_mixin.py:188} INFO - [2024-03-27T00:51:23.693+0000] {dag.py:3047} INFO - Sync 1 DAGs
[2024-03-27T00:51:23.704+0000] {logging_mixin.py:188} INFO - [2024-03-27T00:51:23.704+0000] {dag.py:3834} INFO - Setting next_dagrun for example_task_group_decorator to 2024-03-26 00:00:00+00:00, run_after=2024-03-27 00:00:00+00:00
[2024-03-27T00:51:23.714+0000] {processor.py:183} INFO - Processing /home/airflow/.local/lib/python3.8/site-packages/airflow/example_dags/example_task_group_decorator.py took 0.044 seconds
[2024-03-27T00:53:01.035+0000] {processor.py:161} INFO - Started process (PID=8099) to work on /home/airflow/.local/lib/python3.8/site-packages/airflow/example_dags/example_task_group_decorator.py
[2024-03-27T00:53:01.035+0000] {processor.py:830} INFO - Processing file /home/airflow/.local/lib/python3.8/site-packages/airflow/example_dags/example_task_group_decorator.py for tasks to queue
[2024-03-27T00:53:01.037+0000] {logging_mixin.py:188} INFO - [2024-03-27T00:53:01.036+0000] {dagbag.py:540} INFO - Filling up the DagBag from /home/airflow/.local/lib/python3.8/site-packages/airflow/example_dags/example_task_group_decorator.py
[2024-03-27T00:53:01.044+0000] {processor.py:840} INFO - DAG(s) 'example_task_group_decorator' retrieved from /home/airflow/.local/lib/python3.8/site-packages/airflow/example_dags/example_task_group_decorator.py
[2024-03-27T00:53:01.060+0000] {logging_mixin.py:188} INFO - [2024-03-27T00:53:01.060+0000] {dag.py:3047} INFO - Sync 1 DAGs
[2024-03-27T00:53:01.070+0000] {logging_mixin.py:188} INFO - [2024-03-27T00:53:01.070+0000] {dag.py:3834} INFO - Setting next_dagrun for example_task_group_decorator to 2024-03-26 00:00:00+00:00, run_after=2024-03-27 00:00:00+00:00
[2024-03-27T00:53:01.079+0000] {processor.py:183} INFO - Processing /home/airflow/.local/lib/python3.8/site-packages/airflow/example_dags/example_task_group_decorator.py took 0.046 seconds
[2024-03-27T00:54:00.370+0000] {processor.py:161} INFO - Started process (PID=8154) to work on /home/airflow/.local/lib/python3.8/site-packages/airflow/example_dags/example_task_group_decorator.py
[2024-03-27T00:54:00.371+0000] {processor.py:830} INFO - Processing file /home/airflow/.local/lib/python3.8/site-packages/airflow/example_dags/example_task_group_decorator.py for tasks to queue
[2024-03-27T00:54:00.372+0000] {logging_mixin.py:188} INFO - [2024-03-27T00:54:00.372+0000] {dagbag.py:540} INFO - Filling up the DagBag from /home/airflow/.local/lib/python3.8/site-packages/airflow/example_dags/example_task_group_decorator.py
[2024-03-27T00:54:00.379+0000] {processor.py:840} INFO - DAG(s) 'example_task_group_decorator' retrieved from /home/airflow/.local/lib/python3.8/site-packages/airflow/example_dags/example_task_group_decorator.py
[2024-03-27T00:54:00.391+0000] {logging_mixin.py:188} INFO - [2024-03-27T00:54:00.391+0000] {dag.py:3047} INFO - Sync 1 DAGs
[2024-03-27T00:54:00.401+0000] {logging_mixin.py:188} INFO - [2024-03-27T00:54:00.401+0000] {dag.py:3834} INFO - Setting next_dagrun for example_task_group_decorator to 2024-03-26 00:00:00+00:00, run_after=2024-03-27 00:00:00+00:00
[2024-03-27T00:54:00.410+0000] {processor.py:183} INFO - Processing /home/airflow/.local/lib/python3.8/site-packages/airflow/example_dags/example_task_group_decorator.py took 0.041 seconds
[2024-03-27T00:54:44.006+0000] {processor.py:161} INFO - Started process (PID=8209) to work on /home/airflow/.local/lib/python3.8/site-packages/airflow/example_dags/example_task_group_decorator.py
[2024-03-27T00:54:44.007+0000] {processor.py:830} INFO - Processing file /home/airflow/.local/lib/python3.8/site-packages/airflow/example_dags/example_task_group_decorator.py for tasks to queue
[2024-03-27T00:54:44.008+0000] {logging_mixin.py:188} INFO - [2024-03-27T00:54:44.007+0000] {dagbag.py:540} INFO - Filling up the DagBag from /home/airflow/.local/lib/python3.8/site-packages/airflow/example_dags/example_task_group_decorator.py
[2024-03-27T00:54:44.014+0000] {processor.py:840} INFO - DAG(s) 'example_task_group_decorator' retrieved from /home/airflow/.local/lib/python3.8/site-packages/airflow/example_dags/example_task_group_decorator.py
[2024-03-27T00:54:44.026+0000] {logging_mixin.py:188} INFO - [2024-03-27T00:54:44.026+0000] {dag.py:3047} INFO - Sync 1 DAGs
[2024-03-27T00:54:44.036+0000] {logging_mixin.py:188} INFO - [2024-03-27T00:54:44.036+0000] {dag.py:3834} INFO - Setting next_dagrun for example_task_group_decorator to 2024-03-26 00:00:00+00:00, run_after=2024-03-27 00:00:00+00:00
[2024-03-27T00:54:44.044+0000] {processor.py:183} INFO - Processing /home/airflow/.local/lib/python3.8/site-packages/airflow/example_dags/example_task_group_decorator.py took 0.040 seconds
[2024-03-27T00:55:16.850+0000] {processor.py:161} INFO - Started process (PID=8264) to work on /home/airflow/.local/lib/python3.8/site-packages/airflow/example_dags/example_task_group_decorator.py
[2024-03-27T00:55:16.851+0000] {processor.py:830} INFO - Processing file /home/airflow/.local/lib/python3.8/site-packages/airflow/example_dags/example_task_group_decorator.py for tasks to queue
[2024-03-27T00:55:16.852+0000] {logging_mixin.py:188} INFO - [2024-03-27T00:55:16.851+0000] {dagbag.py:540} INFO - Filling up the DagBag from /home/airflow/.local/lib/python3.8/site-packages/airflow/example_dags/example_task_group_decorator.py
[2024-03-27T00:55:16.858+0000] {processor.py:840} INFO - DAG(s) 'example_task_group_decorator' retrieved from /home/airflow/.local/lib/python3.8/site-packages/airflow/example_dags/example_task_group_decorator.py
[2024-03-27T00:55:16.871+0000] {logging_mixin.py:188} INFO - [2024-03-27T00:55:16.871+0000] {dag.py:3047} INFO - Sync 1 DAGs
[2024-03-27T00:55:16.880+0000] {logging_mixin.py:188} INFO - [2024-03-27T00:55:16.880+0000] {dag.py:3834} INFO - Setting next_dagrun for example_task_group_decorator to 2024-03-26 00:00:00+00:00, run_after=2024-03-27 00:00:00+00:00
[2024-03-27T00:55:16.889+0000] {processor.py:183} INFO - Processing /home/airflow/.local/lib/python3.8/site-packages/airflow/example_dags/example_task_group_decorator.py took 0.040 seconds
[2024-03-27T00:55:59.060+0000] {processor.py:161} INFO - Started process (PID=8318) to work on /home/airflow/.local/lib/python3.8/site-packages/airflow/example_dags/example_task_group_decorator.py
[2024-03-27T00:55:59.061+0000] {processor.py:830} INFO - Processing file /home/airflow/.local/lib/python3.8/site-packages/airflow/example_dags/example_task_group_decorator.py for tasks to queue
[2024-03-27T00:55:59.062+0000] {logging_mixin.py:188} INFO - [2024-03-27T00:55:59.062+0000] {dagbag.py:540} INFO - Filling up the DagBag from /home/airflow/.local/lib/python3.8/site-packages/airflow/example_dags/example_task_group_decorator.py
[2024-03-27T00:55:59.069+0000] {processor.py:840} INFO - DAG(s) 'example_task_group_decorator' retrieved from /home/airflow/.local/lib/python3.8/site-packages/airflow/example_dags/example_task_group_decorator.py
[2024-03-27T00:55:59.081+0000] {logging_mixin.py:188} INFO - [2024-03-27T00:55:59.081+0000] {dag.py:3047} INFO - Sync 1 DAGs
[2024-03-27T00:55:59.094+0000] {logging_mixin.py:188} INFO - [2024-03-27T00:55:59.094+0000] {dag.py:3834} INFO - Setting next_dagrun for example_task_group_decorator to 2024-03-26 00:00:00+00:00, run_after=2024-03-27 00:00:00+00:00
[2024-03-27T00:55:59.103+0000] {processor.py:183} INFO - Processing /home/airflow/.local/lib/python3.8/site-packages/airflow/example_dags/example_task_group_decorator.py took 0.045 seconds
[2024-03-27T00:58:45.720+0000] {processor.py:161} INFO - Started process (PID=8373) to work on /home/airflow/.local/lib/python3.8/site-packages/airflow/example_dags/example_task_group_decorator.py
[2024-03-27T00:58:45.720+0000] {processor.py:830} INFO - Processing file /home/airflow/.local/lib/python3.8/site-packages/airflow/example_dags/example_task_group_decorator.py for tasks to queue
[2024-03-27T00:58:45.721+0000] {logging_mixin.py:188} INFO - [2024-03-27T00:58:45.721+0000] {dagbag.py:540} INFO - Filling up the DagBag from /home/airflow/.local/lib/python3.8/site-packages/airflow/example_dags/example_task_group_decorator.py
[2024-03-27T00:58:45.728+0000] {processor.py:840} INFO - DAG(s) 'example_task_group_decorator' retrieved from /home/airflow/.local/lib/python3.8/site-packages/airflow/example_dags/example_task_group_decorator.py
[2024-03-27T00:58:45.741+0000] {logging_mixin.py:188} INFO - [2024-03-27T00:58:45.741+0000] {dag.py:3047} INFO - Sync 1 DAGs
[2024-03-27T00:58:45.751+0000] {logging_mixin.py:188} INFO - [2024-03-27T00:58:45.751+0000] {dag.py:3834} INFO - Setting next_dagrun for example_task_group_decorator to 2024-03-26 00:00:00+00:00, run_after=2024-03-27 00:00:00+00:00
[2024-03-27T00:58:45.760+0000] {processor.py:183} INFO - Processing /home/airflow/.local/lib/python3.8/site-packages/airflow/example_dags/example_task_group_decorator.py took 0.042 seconds
[2024-03-27T01:01:15.264+0000] {processor.py:161} INFO - Started process (PID=8428) to work on /home/airflow/.local/lib/python3.8/site-packages/airflow/example_dags/example_task_group_decorator.py
[2024-03-27T01:01:15.265+0000] {processor.py:830} INFO - Processing file /home/airflow/.local/lib/python3.8/site-packages/airflow/example_dags/example_task_group_decorator.py for tasks to queue
[2024-03-27T01:01:15.266+0000] {logging_mixin.py:188} INFO - [2024-03-27T01:01:15.266+0000] {dagbag.py:540} INFO - Filling up the DagBag from /home/airflow/.local/lib/python3.8/site-packages/airflow/example_dags/example_task_group_decorator.py
[2024-03-27T01:01:15.272+0000] {processor.py:840} INFO - DAG(s) 'example_task_group_decorator' retrieved from /home/airflow/.local/lib/python3.8/site-packages/airflow/example_dags/example_task_group_decorator.py
[2024-03-27T01:01:15.283+0000] {logging_mixin.py:188} INFO - [2024-03-27T01:01:15.283+0000] {dag.py:3047} INFO - Sync 1 DAGs
[2024-03-27T01:01:15.292+0000] {logging_mixin.py:188} INFO - [2024-03-27T01:01:15.292+0000] {dag.py:3834} INFO - Setting next_dagrun for example_task_group_decorator to 2024-03-26 00:00:00+00:00, run_after=2024-03-27 00:00:00+00:00
[2024-03-27T01:01:15.300+0000] {processor.py:183} INFO - Processing /home/airflow/.local/lib/python3.8/site-packages/airflow/example_dags/example_task_group_decorator.py took 0.037 seconds
[2024-03-27T01:04:44.323+0000] {processor.py:161} INFO - Started process (PID=8483) to work on /home/airflow/.local/lib/python3.8/site-packages/airflow/example_dags/example_task_group_decorator.py
[2024-03-27T01:04:44.324+0000] {processor.py:830} INFO - Processing file /home/airflow/.local/lib/python3.8/site-packages/airflow/example_dags/example_task_group_decorator.py for tasks to queue
[2024-03-27T01:04:44.325+0000] {logging_mixin.py:188} INFO - [2024-03-27T01:04:44.325+0000] {dagbag.py:540} INFO - Filling up the DagBag from /home/airflow/.local/lib/python3.8/site-packages/airflow/example_dags/example_task_group_decorator.py
[2024-03-27T01:04:44.334+0000] {processor.py:840} INFO - DAG(s) 'example_task_group_decorator' retrieved from /home/airflow/.local/lib/python3.8/site-packages/airflow/example_dags/example_task_group_decorator.py
[2024-03-27T01:04:44.350+0000] {logging_mixin.py:188} INFO - [2024-03-27T01:04:44.350+0000] {dag.py:3047} INFO - Sync 1 DAGs
[2024-03-27T01:04:44.364+0000] {logging_mixin.py:188} INFO - [2024-03-27T01:04:44.364+0000] {dag.py:3834} INFO - Setting next_dagrun for example_task_group_decorator to 2024-03-26 00:00:00+00:00, run_after=2024-03-27 00:00:00+00:00
[2024-03-27T01:04:44.376+0000] {processor.py:183} INFO - Processing /home/airflow/.local/lib/python3.8/site-packages/airflow/example_dags/example_task_group_decorator.py took 0.056 seconds
[2024-03-27T01:08:49.545+0000] {processor.py:161} INFO - Started process (PID=8538) to work on /home/airflow/.local/lib/python3.8/site-packages/airflow/example_dags/example_task_group_decorator.py
[2024-03-27T01:08:49.546+0000] {processor.py:830} INFO - Processing file /home/airflow/.local/lib/python3.8/site-packages/airflow/example_dags/example_task_group_decorator.py for tasks to queue
[2024-03-27T01:08:49.547+0000] {logging_mixin.py:188} INFO - [2024-03-27T01:08:49.547+0000] {dagbag.py:540} INFO - Filling up the DagBag from /home/airflow/.local/lib/python3.8/site-packages/airflow/example_dags/example_task_group_decorator.py
[2024-03-27T01:08:49.556+0000] {processor.py:840} INFO - DAG(s) 'example_task_group_decorator' retrieved from /home/airflow/.local/lib/python3.8/site-packages/airflow/example_dags/example_task_group_decorator.py
[2024-03-27T01:08:49.571+0000] {logging_mixin.py:188} INFO - [2024-03-27T01:08:49.571+0000] {dag.py:3047} INFO - Sync 1 DAGs
[2024-03-27T01:08:49.586+0000] {logging_mixin.py:188} INFO - [2024-03-27T01:08:49.586+0000] {dag.py:3834} INFO - Setting next_dagrun for example_task_group_decorator to 2024-03-26 00:00:00+00:00, run_after=2024-03-27 00:00:00+00:00
[2024-03-27T01:08:49.598+0000] {processor.py:183} INFO - Processing /home/airflow/.local/lib/python3.8/site-packages/airflow/example_dags/example_task_group_decorator.py took 0.056 seconds
[2024-03-27T01:13:47.899+0000] {processor.py:161} INFO - Started process (PID=8593) to work on /home/airflow/.local/lib/python3.8/site-packages/airflow/example_dags/example_task_group_decorator.py
[2024-03-27T01:13:47.899+0000] {processor.py:830} INFO - Processing file /home/airflow/.local/lib/python3.8/site-packages/airflow/example_dags/example_task_group_decorator.py for tasks to queue
[2024-03-27T01:13:47.900+0000] {logging_mixin.py:188} INFO - [2024-03-27T01:13:47.900+0000] {dagbag.py:540} INFO - Filling up the DagBag from /home/airflow/.local/lib/python3.8/site-packages/airflow/example_dags/example_task_group_decorator.py
[2024-03-27T01:13:47.907+0000] {processor.py:840} INFO - DAG(s) 'example_task_group_decorator' retrieved from /home/airflow/.local/lib/python3.8/site-packages/airflow/example_dags/example_task_group_decorator.py
[2024-03-27T01:13:47.919+0000] {logging_mixin.py:188} INFO - [2024-03-27T01:13:47.919+0000] {dag.py:3047} INFO - Sync 1 DAGs
[2024-03-27T01:13:47.929+0000] {logging_mixin.py:188} INFO - [2024-03-27T01:13:47.929+0000] {dag.py:3834} INFO - Setting next_dagrun for example_task_group_decorator to 2024-03-26 00:00:00+00:00, run_after=2024-03-27 00:00:00+00:00
[2024-03-27T01:13:47.938+0000] {processor.py:183} INFO - Processing /home/airflow/.local/lib/python3.8/site-packages/airflow/example_dags/example_task_group_decorator.py took 0.040 seconds
[2024-03-27T01:47:16.873+0000] {processor.py:161} INFO - Started process (PID=8648) to work on /home/airflow/.local/lib/python3.8/site-packages/airflow/example_dags/example_task_group_decorator.py
[2024-03-27T01:47:16.874+0000] {processor.py:830} INFO - Processing file /home/airflow/.local/lib/python3.8/site-packages/airflow/example_dags/example_task_group_decorator.py for tasks to queue
[2024-03-27T01:47:16.875+0000] {logging_mixin.py:188} INFO - [2024-03-27T01:47:16.875+0000] {dagbag.py:540} INFO - Filling up the DagBag from /home/airflow/.local/lib/python3.8/site-packages/airflow/example_dags/example_task_group_decorator.py
[2024-03-27T01:47:16.882+0000] {processor.py:840} INFO - DAG(s) 'example_task_group_decorator' retrieved from /home/airflow/.local/lib/python3.8/site-packages/airflow/example_dags/example_task_group_decorator.py
[2024-03-27T01:47:16.894+0000] {logging_mixin.py:188} INFO - [2024-03-27T01:47:16.894+0000] {dag.py:3047} INFO - Sync 1 DAGs
[2024-03-27T01:47:16.904+0000] {logging_mixin.py:188} INFO - [2024-03-27T01:47:16.904+0000] {dag.py:3834} INFO - Setting next_dagrun for example_task_group_decorator to 2024-03-26 00:00:00+00:00, run_after=2024-03-27 00:00:00+00:00
[2024-03-27T01:47:16.913+0000] {processor.py:183} INFO - Processing /home/airflow/.local/lib/python3.8/site-packages/airflow/example_dags/example_task_group_decorator.py took 0.041 seconds
[2024-03-27T02:30:30.063+0000] {processor.py:161} INFO - Started process (PID=8703) to work on /home/airflow/.local/lib/python3.8/site-packages/airflow/example_dags/example_task_group_decorator.py
[2024-03-27T02:30:30.064+0000] {processor.py:830} INFO - Processing file /home/airflow/.local/lib/python3.8/site-packages/airflow/example_dags/example_task_group_decorator.py for tasks to queue
[2024-03-27T02:30:30.065+0000] {logging_mixin.py:188} INFO - [2024-03-27T02:30:30.065+0000] {dagbag.py:540} INFO - Filling up the DagBag from /home/airflow/.local/lib/python3.8/site-packages/airflow/example_dags/example_task_group_decorator.py
[2024-03-27T02:30:30.072+0000] {processor.py:840} INFO - DAG(s) 'example_task_group_decorator' retrieved from /home/airflow/.local/lib/python3.8/site-packages/airflow/example_dags/example_task_group_decorator.py
[2024-03-27T02:30:30.084+0000] {logging_mixin.py:188} INFO - [2024-03-27T02:30:30.084+0000] {dag.py:3047} INFO - Sync 1 DAGs
[2024-03-27T02:30:30.095+0000] {logging_mixin.py:188} INFO - [2024-03-27T02:30:30.095+0000] {dag.py:3834} INFO - Setting next_dagrun for example_task_group_decorator to 2024-03-26 00:00:00+00:00, run_after=2024-03-27 00:00:00+00:00
[2024-03-27T02:30:30.103+0000] {processor.py:183} INFO - Processing /home/airflow/.local/lib/python3.8/site-packages/airflow/example_dags/example_task_group_decorator.py took 0.042 seconds
[2024-03-27T02:31:20.832+0000] {processor.py:161} INFO - Started process (PID=8758) to work on /home/airflow/.local/lib/python3.8/site-packages/airflow/example_dags/example_task_group_decorator.py
[2024-03-27T02:31:20.833+0000] {processor.py:830} INFO - Processing file /home/airflow/.local/lib/python3.8/site-packages/airflow/example_dags/example_task_group_decorator.py for tasks to queue
[2024-03-27T02:31:20.834+0000] {logging_mixin.py:188} INFO - [2024-03-27T02:31:20.834+0000] {dagbag.py:540} INFO - Filling up the DagBag from /home/airflow/.local/lib/python3.8/site-packages/airflow/example_dags/example_task_group_decorator.py
[2024-03-27T02:31:20.841+0000] {processor.py:840} INFO - DAG(s) 'example_task_group_decorator' retrieved from /home/airflow/.local/lib/python3.8/site-packages/airflow/example_dags/example_task_group_decorator.py
[2024-03-27T02:31:20.853+0000] {logging_mixin.py:188} INFO - [2024-03-27T02:31:20.853+0000] {dag.py:3047} INFO - Sync 1 DAGs
[2024-03-27T02:31:20.864+0000] {logging_mixin.py:188} INFO - [2024-03-27T02:31:20.864+0000] {dag.py:3834} INFO - Setting next_dagrun for example_task_group_decorator to 2024-03-26 00:00:00+00:00, run_after=2024-03-27 00:00:00+00:00
[2024-03-27T02:31:20.873+0000] {processor.py:183} INFO - Processing /home/airflow/.local/lib/python3.8/site-packages/airflow/example_dags/example_task_group_decorator.py took 0.043 seconds
[2024-03-27T02:33:49.732+0000] {processor.py:161} INFO - Started process (PID=8813) to work on /home/airflow/.local/lib/python3.8/site-packages/airflow/example_dags/example_task_group_decorator.py
[2024-03-27T02:33:49.732+0000] {processor.py:830} INFO - Processing file /home/airflow/.local/lib/python3.8/site-packages/airflow/example_dags/example_task_group_decorator.py for tasks to queue
[2024-03-27T02:33:49.733+0000] {logging_mixin.py:188} INFO - [2024-03-27T02:33:49.733+0000] {dagbag.py:540} INFO - Filling up the DagBag from /home/airflow/.local/lib/python3.8/site-packages/airflow/example_dags/example_task_group_decorator.py
[2024-03-27T02:33:49.740+0000] {processor.py:840} INFO - DAG(s) 'example_task_group_decorator' retrieved from /home/airflow/.local/lib/python3.8/site-packages/airflow/example_dags/example_task_group_decorator.py
[2024-03-27T02:33:49.752+0000] {logging_mixin.py:188} INFO - [2024-03-27T02:33:49.752+0000] {dag.py:3047} INFO - Sync 1 DAGs
[2024-03-27T02:33:49.763+0000] {logging_mixin.py:188} INFO - [2024-03-27T02:33:49.763+0000] {dag.py:3834} INFO - Setting next_dagrun for example_task_group_decorator to 2024-03-26 00:00:00+00:00, run_after=2024-03-27 00:00:00+00:00
[2024-03-27T02:33:49.775+0000] {processor.py:183} INFO - Processing /home/airflow/.local/lib/python3.8/site-packages/airflow/example_dags/example_task_group_decorator.py took 0.045 seconds
[2024-03-27T02:49:01.847+0000] {processor.py:161} INFO - Started process (PID=8868) to work on /home/airflow/.local/lib/python3.8/site-packages/airflow/example_dags/example_task_group_decorator.py
[2024-03-27T02:49:01.848+0000] {processor.py:830} INFO - Processing file /home/airflow/.local/lib/python3.8/site-packages/airflow/example_dags/example_task_group_decorator.py for tasks to queue
[2024-03-27T02:49:01.849+0000] {logging_mixin.py:188} INFO - [2024-03-27T02:49:01.849+0000] {dagbag.py:540} INFO - Filling up the DagBag from /home/airflow/.local/lib/python3.8/site-packages/airflow/example_dags/example_task_group_decorator.py
[2024-03-27T02:49:01.856+0000] {processor.py:840} INFO - DAG(s) 'example_task_group_decorator' retrieved from /home/airflow/.local/lib/python3.8/site-packages/airflow/example_dags/example_task_group_decorator.py
[2024-03-27T02:49:01.869+0000] {logging_mixin.py:188} INFO - [2024-03-27T02:49:01.869+0000] {dag.py:3047} INFO - Sync 1 DAGs
[2024-03-27T02:49:01.883+0000] {logging_mixin.py:188} INFO - [2024-03-27T02:49:01.883+0000] {dag.py:3834} INFO - Setting next_dagrun for example_task_group_decorator to 2024-03-26 00:00:00+00:00, run_after=2024-03-27 00:00:00+00:00
[2024-03-27T02:49:01.893+0000] {processor.py:183} INFO - Processing /home/airflow/.local/lib/python3.8/site-packages/airflow/example_dags/example_task_group_decorator.py took 0.048 seconds
[2024-03-27T02:49:32.689+0000] {processor.py:161} INFO - Started process (PID=8923) to work on /home/airflow/.local/lib/python3.8/site-packages/airflow/example_dags/example_task_group_decorator.py
[2024-03-27T02:49:32.689+0000] {processor.py:830} INFO - Processing file /home/airflow/.local/lib/python3.8/site-packages/airflow/example_dags/example_task_group_decorator.py for tasks to queue
[2024-03-27T02:49:32.690+0000] {logging_mixin.py:188} INFO - [2024-03-27T02:49:32.690+0000] {dagbag.py:540} INFO - Filling up the DagBag from /home/airflow/.local/lib/python3.8/site-packages/airflow/example_dags/example_task_group_decorator.py
[2024-03-27T02:49:32.697+0000] {processor.py:840} INFO - DAG(s) 'example_task_group_decorator' retrieved from /home/airflow/.local/lib/python3.8/site-packages/airflow/example_dags/example_task_group_decorator.py
[2024-03-27T02:49:32.709+0000] {logging_mixin.py:188} INFO - [2024-03-27T02:49:32.709+0000] {dag.py:3047} INFO - Sync 1 DAGs
[2024-03-27T02:49:32.720+0000] {logging_mixin.py:188} INFO - [2024-03-27T02:49:32.720+0000] {dag.py:3834} INFO - Setting next_dagrun for example_task_group_decorator to 2024-03-26 00:00:00+00:00, run_after=2024-03-27 00:00:00+00:00
[2024-03-27T02:49:32.729+0000] {processor.py:183} INFO - Processing /home/airflow/.local/lib/python3.8/site-packages/airflow/example_dags/example_task_group_decorator.py took 0.042 seconds
[2024-03-27T02:50:03.420+0000] {processor.py:161} INFO - Started process (PID=8978) to work on /home/airflow/.local/lib/python3.8/site-packages/airflow/example_dags/example_task_group_decorator.py
[2024-03-27T02:50:03.420+0000] {processor.py:830} INFO - Processing file /home/airflow/.local/lib/python3.8/site-packages/airflow/example_dags/example_task_group_decorator.py for tasks to queue
[2024-03-27T02:50:03.421+0000] {logging_mixin.py:188} INFO - [2024-03-27T02:50:03.421+0000] {dagbag.py:540} INFO - Filling up the DagBag from /home/airflow/.local/lib/python3.8/site-packages/airflow/example_dags/example_task_group_decorator.py
[2024-03-27T02:50:03.428+0000] {processor.py:840} INFO - DAG(s) 'example_task_group_decorator' retrieved from /home/airflow/.local/lib/python3.8/site-packages/airflow/example_dags/example_task_group_decorator.py
[2024-03-27T02:50:03.439+0000] {logging_mixin.py:188} INFO - [2024-03-27T02:50:03.439+0000] {dag.py:3047} INFO - Sync 1 DAGs
[2024-03-27T02:50:03.449+0000] {logging_mixin.py:188} INFO - [2024-03-27T02:50:03.448+0000] {dag.py:3834} INFO - Setting next_dagrun for example_task_group_decorator to 2024-03-26 00:00:00+00:00, run_after=2024-03-27 00:00:00+00:00
[2024-03-27T02:50:03.456+0000] {processor.py:183} INFO - Processing /home/airflow/.local/lib/python3.8/site-packages/airflow/example_dags/example_task_group_decorator.py took 0.038 seconds
[2024-03-27T02:50:34.283+0000] {processor.py:161} INFO - Started process (PID=9033) to work on /home/airflow/.local/lib/python3.8/site-packages/airflow/example_dags/example_task_group_decorator.py
[2024-03-27T02:50:34.283+0000] {processor.py:830} INFO - Processing file /home/airflow/.local/lib/python3.8/site-packages/airflow/example_dags/example_task_group_decorator.py for tasks to queue
[2024-03-27T02:50:34.284+0000] {logging_mixin.py:188} INFO - [2024-03-27T02:50:34.284+0000] {dagbag.py:540} INFO - Filling up the DagBag from /home/airflow/.local/lib/python3.8/site-packages/airflow/example_dags/example_task_group_decorator.py
[2024-03-27T02:50:34.291+0000] {processor.py:840} INFO - DAG(s) 'example_task_group_decorator' retrieved from /home/airflow/.local/lib/python3.8/site-packages/airflow/example_dags/example_task_group_decorator.py
[2024-03-27T02:50:34.303+0000] {logging_mixin.py:188} INFO - [2024-03-27T02:50:34.303+0000] {dag.py:3047} INFO - Sync 1 DAGs
[2024-03-27T02:50:34.313+0000] {logging_mixin.py:188} INFO - [2024-03-27T02:50:34.313+0000] {dag.py:3834} INFO - Setting next_dagrun for example_task_group_decorator to 2024-03-26 00:00:00+00:00, run_after=2024-03-27 00:00:00+00:00
[2024-03-27T02:50:34.322+0000] {processor.py:183} INFO - Processing /home/airflow/.local/lib/python3.8/site-packages/airflow/example_dags/example_task_group_decorator.py took 0.041 seconds
[2024-03-27T18:16:33.362+0000] {processor.py:161} INFO - Started process (PID=67) to work on /home/airflow/.local/lib/python3.8/site-packages/airflow/example_dags/example_task_group_decorator.py
[2024-03-27T18:16:33.363+0000] {processor.py:830} INFO - Processing file /home/airflow/.local/lib/python3.8/site-packages/airflow/example_dags/example_task_group_decorator.py for tasks to queue
[2024-03-27T18:16:33.364+0000] {logging_mixin.py:188} INFO - [2024-03-27T18:16:33.364+0000] {dagbag.py:540} INFO - Filling up the DagBag from /home/airflow/.local/lib/python3.8/site-packages/airflow/example_dags/example_task_group_decorator.py
[2024-03-27T18:16:33.372+0000] {processor.py:840} INFO - DAG(s) 'example_task_group_decorator' retrieved from /home/airflow/.local/lib/python3.8/site-packages/airflow/example_dags/example_task_group_decorator.py
[2024-03-27T18:16:33.386+0000] {logging_mixin.py:188} INFO - [2024-03-27T18:16:33.386+0000] {dag.py:3047} INFO - Sync 1 DAGs
[2024-03-27T18:16:33.396+0000] {logging_mixin.py:188} INFO - [2024-03-27T18:16:33.396+0000] {dag.py:3834} INFO - Setting next_dagrun for example_task_group_decorator to 2024-03-26 00:00:00+00:00, run_after=2024-03-27 00:00:00+00:00
[2024-03-27T18:16:33.404+0000] {processor.py:183} INFO - Processing /home/airflow/.local/lib/python3.8/site-packages/airflow/example_dags/example_task_group_decorator.py took 0.044 seconds
