[2024-03-27T00:00:24.251+0000] {processor.py:161} INFO - Started process (PID=5245) to work on /home/airflow/.local/lib/python3.8/site-packages/airflow/example_dags/example_latest_only_with_trigger.py
[2024-03-27T00:00:24.251+0000] {processor.py:830} INFO - Processing file /home/airflow/.local/lib/python3.8/site-packages/airflow/example_dags/example_latest_only_with_trigger.py for tasks to queue
[2024-03-27T00:00:24.252+0000] {logging_mixin.py:188} INFO - [2024-03-27T00:00:24.252+0000] {dagbag.py:540} INFO - Filling up the DagBag from /home/airflow/.local/lib/python3.8/site-packages/airflow/example_dags/example_latest_only_with_trigger.py
[2024-03-27T00:00:24.256+0000] {processor.py:840} INFO - DAG(s) 'latest_only_with_trigger' retrieved from /home/airflow/.local/lib/python3.8/site-packages/airflow/example_dags/example_latest_only_with_trigger.py
[2024-03-27T00:00:24.266+0000] {logging_mixin.py:188} INFO - [2024-03-27T00:00:24.266+0000] {dag.py:3047} INFO - Sync 1 DAGs
[2024-03-27T00:00:24.277+0000] {logging_mixin.py:188} INFO - [2024-03-27T00:00:24.276+0000] {dag.py:3834} INFO - Setting next_dagrun for latest_only_with_trigger to 2024-03-26 20:00:00+00:00, run_after=2024-03-27 00:00:00+00:00
[2024-03-27T00:00:24.285+0000] {processor.py:183} INFO - Processing /home/airflow/.local/lib/python3.8/site-packages/airflow/example_dags/example_latest_only_with_trigger.py took 0.036 seconds
[2024-03-27T00:00:55.203+0000] {processor.py:161} INFO - Started process (PID=5300) to work on /home/airflow/.local/lib/python3.8/site-packages/airflow/example_dags/example_latest_only_with_trigger.py
[2024-03-27T00:00:55.204+0000] {processor.py:830} INFO - Processing file /home/airflow/.local/lib/python3.8/site-packages/airflow/example_dags/example_latest_only_with_trigger.py for tasks to queue
[2024-03-27T00:00:55.205+0000] {logging_mixin.py:188} INFO - [2024-03-27T00:00:55.205+0000] {dagbag.py:540} INFO - Filling up the DagBag from /home/airflow/.local/lib/python3.8/site-packages/airflow/example_dags/example_latest_only_with_trigger.py
[2024-03-27T00:00:55.208+0000] {processor.py:840} INFO - DAG(s) 'latest_only_with_trigger' retrieved from /home/airflow/.local/lib/python3.8/site-packages/airflow/example_dags/example_latest_only_with_trigger.py
[2024-03-27T00:00:55.218+0000] {logging_mixin.py:188} INFO - [2024-03-27T00:00:55.218+0000] {dag.py:3047} INFO - Sync 1 DAGs
[2024-03-27T00:00:55.232+0000] {logging_mixin.py:188} INFO - [2024-03-27T00:00:55.232+0000] {dag.py:3834} INFO - Setting next_dagrun for latest_only_with_trigger to 2024-03-26 20:00:00+00:00, run_after=2024-03-27 00:00:00+00:00
[2024-03-27T00:00:55.242+0000] {processor.py:183} INFO - Processing /home/airflow/.local/lib/python3.8/site-packages/airflow/example_dags/example_latest_only_with_trigger.py took 0.041 seconds
[2024-03-27T00:01:26.044+0000] {processor.py:161} INFO - Started process (PID=5355) to work on /home/airflow/.local/lib/python3.8/site-packages/airflow/example_dags/example_latest_only_with_trigger.py
[2024-03-27T00:01:26.045+0000] {processor.py:830} INFO - Processing file /home/airflow/.local/lib/python3.8/site-packages/airflow/example_dags/example_latest_only_with_trigger.py for tasks to queue
[2024-03-27T00:01:26.046+0000] {logging_mixin.py:188} INFO - [2024-03-27T00:01:26.046+0000] {dagbag.py:540} INFO - Filling up the DagBag from /home/airflow/.local/lib/python3.8/site-packages/airflow/example_dags/example_latest_only_with_trigger.py
[2024-03-27T00:01:26.051+0000] {processor.py:840} INFO - DAG(s) 'latest_only_with_trigger' retrieved from /home/airflow/.local/lib/python3.8/site-packages/airflow/example_dags/example_latest_only_with_trigger.py
[2024-03-27T00:01:26.062+0000] {logging_mixin.py:188} INFO - [2024-03-27T00:01:26.062+0000] {dag.py:3047} INFO - Sync 1 DAGs
[2024-03-27T00:01:26.073+0000] {logging_mixin.py:188} INFO - [2024-03-27T00:01:26.073+0000] {dag.py:3834} INFO - Setting next_dagrun for latest_only_with_trigger to 2024-03-26 20:00:00+00:00, run_after=2024-03-27 00:00:00+00:00
[2024-03-27T00:01:26.084+0000] {processor.py:183} INFO - Processing /home/airflow/.local/lib/python3.8/site-packages/airflow/example_dags/example_latest_only_with_trigger.py took 0.042 seconds
[2024-03-27T00:01:57.062+0000] {processor.py:161} INFO - Started process (PID=5410) to work on /home/airflow/.local/lib/python3.8/site-packages/airflow/example_dags/example_latest_only_with_trigger.py
[2024-03-27T00:01:57.063+0000] {processor.py:830} INFO - Processing file /home/airflow/.local/lib/python3.8/site-packages/airflow/example_dags/example_latest_only_with_trigger.py for tasks to queue
[2024-03-27T00:01:57.067+0000] {logging_mixin.py:188} INFO - [2024-03-27T00:01:57.066+0000] {dagbag.py:540} INFO - Filling up the DagBag from /home/airflow/.local/lib/python3.8/site-packages/airflow/example_dags/example_latest_only_with_trigger.py
[2024-03-27T00:01:57.070+0000] {processor.py:840} INFO - DAG(s) 'latest_only_with_trigger' retrieved from /home/airflow/.local/lib/python3.8/site-packages/airflow/example_dags/example_latest_only_with_trigger.py
[2024-03-27T00:01:57.080+0000] {logging_mixin.py:188} INFO - [2024-03-27T00:01:57.080+0000] {dag.py:3047} INFO - Sync 1 DAGs
[2024-03-27T00:01:57.090+0000] {logging_mixin.py:188} INFO - [2024-03-27T00:01:57.090+0000] {dag.py:3834} INFO - Setting next_dagrun for latest_only_with_trigger to 2024-03-26 20:00:00+00:00, run_after=2024-03-27 00:00:00+00:00
[2024-03-27T00:01:57.099+0000] {processor.py:183} INFO - Processing /home/airflow/.local/lib/python3.8/site-packages/airflow/example_dags/example_latest_only_with_trigger.py took 0.039 seconds
[2024-03-27T00:02:28.029+0000] {processor.py:161} INFO - Started process (PID=5465) to work on /home/airflow/.local/lib/python3.8/site-packages/airflow/example_dags/example_latest_only_with_trigger.py
[2024-03-27T00:02:28.030+0000] {processor.py:830} INFO - Processing file /home/airflow/.local/lib/python3.8/site-packages/airflow/example_dags/example_latest_only_with_trigger.py for tasks to queue
[2024-03-27T00:02:28.031+0000] {logging_mixin.py:188} INFO - [2024-03-27T00:02:28.031+0000] {dagbag.py:540} INFO - Filling up the DagBag from /home/airflow/.local/lib/python3.8/site-packages/airflow/example_dags/example_latest_only_with_trigger.py
[2024-03-27T00:02:28.034+0000] {processor.py:840} INFO - DAG(s) 'latest_only_with_trigger' retrieved from /home/airflow/.local/lib/python3.8/site-packages/airflow/example_dags/example_latest_only_with_trigger.py
[2024-03-27T00:02:28.044+0000] {logging_mixin.py:188} INFO - [2024-03-27T00:02:28.044+0000] {dag.py:3047} INFO - Sync 1 DAGs
[2024-03-27T00:02:28.055+0000] {logging_mixin.py:188} INFO - [2024-03-27T00:02:28.054+0000] {dag.py:3834} INFO - Setting next_dagrun for latest_only_with_trigger to 2024-03-26 20:00:00+00:00, run_after=2024-03-27 00:00:00+00:00
[2024-03-27T00:02:28.063+0000] {processor.py:183} INFO - Processing /home/airflow/.local/lib/python3.8/site-packages/airflow/example_dags/example_latest_only_with_trigger.py took 0.036 seconds
[2024-03-27T00:02:59.259+0000] {processor.py:161} INFO - Started process (PID=5520) to work on /home/airflow/.local/lib/python3.8/site-packages/airflow/example_dags/example_latest_only_with_trigger.py
[2024-03-27T00:02:59.260+0000] {processor.py:830} INFO - Processing file /home/airflow/.local/lib/python3.8/site-packages/airflow/example_dags/example_latest_only_with_trigger.py for tasks to queue
[2024-03-27T00:02:59.262+0000] {logging_mixin.py:188} INFO - [2024-03-27T00:02:59.262+0000] {dagbag.py:540} INFO - Filling up the DagBag from /home/airflow/.local/lib/python3.8/site-packages/airflow/example_dags/example_latest_only_with_trigger.py
[2024-03-27T00:02:59.267+0000] {processor.py:840} INFO - DAG(s) 'latest_only_with_trigger' retrieved from /home/airflow/.local/lib/python3.8/site-packages/airflow/example_dags/example_latest_only_with_trigger.py
[2024-03-27T00:02:59.288+0000] {logging_mixin.py:188} INFO - [2024-03-27T00:02:59.287+0000] {dag.py:3047} INFO - Sync 1 DAGs
[2024-03-27T00:02:59.308+0000] {logging_mixin.py:188} INFO - [2024-03-27T00:02:59.308+0000] {dag.py:3834} INFO - Setting next_dagrun for latest_only_with_trigger to 2024-03-26 20:00:00+00:00, run_after=2024-03-27 00:00:00+00:00
[2024-03-27T00:02:59.327+0000] {processor.py:183} INFO - Processing /home/airflow/.local/lib/python3.8/site-packages/airflow/example_dags/example_latest_only_with_trigger.py took 0.071 seconds
[2024-03-27T00:03:30.502+0000] {processor.py:161} INFO - Started process (PID=5574) to work on /home/airflow/.local/lib/python3.8/site-packages/airflow/example_dags/example_latest_only_with_trigger.py
[2024-03-27T00:03:30.503+0000] {processor.py:830} INFO - Processing file /home/airflow/.local/lib/python3.8/site-packages/airflow/example_dags/example_latest_only_with_trigger.py for tasks to queue
[2024-03-27T00:03:30.504+0000] {logging_mixin.py:188} INFO - [2024-03-27T00:03:30.504+0000] {dagbag.py:540} INFO - Filling up the DagBag from /home/airflow/.local/lib/python3.8/site-packages/airflow/example_dags/example_latest_only_with_trigger.py
[2024-03-27T00:03:30.508+0000] {processor.py:840} INFO - DAG(s) 'latest_only_with_trigger' retrieved from /home/airflow/.local/lib/python3.8/site-packages/airflow/example_dags/example_latest_only_with_trigger.py
[2024-03-27T00:03:30.534+0000] {logging_mixin.py:188} INFO - [2024-03-27T00:03:30.534+0000] {dag.py:3047} INFO - Sync 1 DAGs
[2024-03-27T00:03:30.548+0000] {logging_mixin.py:188} INFO - [2024-03-27T00:03:30.548+0000] {dag.py:3834} INFO - Setting next_dagrun for latest_only_with_trigger to 2024-03-26 20:00:00+00:00, run_after=2024-03-27 00:00:00+00:00
[2024-03-27T00:03:30.563+0000] {processor.py:183} INFO - Processing /home/airflow/.local/lib/python3.8/site-packages/airflow/example_dags/example_latest_only_with_trigger.py took 0.064 seconds
[2024-03-27T00:04:03.400+0000] {processor.py:161} INFO - Started process (PID=5629) to work on /home/airflow/.local/lib/python3.8/site-packages/airflow/example_dags/example_latest_only_with_trigger.py
[2024-03-27T00:04:03.401+0000] {processor.py:830} INFO - Processing file /home/airflow/.local/lib/python3.8/site-packages/airflow/example_dags/example_latest_only_with_trigger.py for tasks to queue
[2024-03-27T00:04:03.401+0000] {logging_mixin.py:188} INFO - [2024-03-27T00:04:03.401+0000] {dagbag.py:540} INFO - Filling up the DagBag from /home/airflow/.local/lib/python3.8/site-packages/airflow/example_dags/example_latest_only_with_trigger.py
[2024-03-27T00:04:03.404+0000] {processor.py:840} INFO - DAG(s) 'latest_only_with_trigger' retrieved from /home/airflow/.local/lib/python3.8/site-packages/airflow/example_dags/example_latest_only_with_trigger.py
[2024-03-27T00:04:03.414+0000] {logging_mixin.py:188} INFO - [2024-03-27T00:04:03.414+0000] {dag.py:3047} INFO - Sync 1 DAGs
[2024-03-27T00:04:03.424+0000] {logging_mixin.py:188} INFO - [2024-03-27T00:04:03.423+0000] {dag.py:3834} INFO - Setting next_dagrun for latest_only_with_trigger to 2024-03-26 20:00:00+00:00, run_after=2024-03-27 00:00:00+00:00
[2024-03-27T00:04:03.431+0000] {processor.py:183} INFO - Processing /home/airflow/.local/lib/python3.8/site-packages/airflow/example_dags/example_latest_only_with_trigger.py took 0.033 seconds
[2024-03-27T00:04:34.121+0000] {processor.py:161} INFO - Started process (PID=5684) to work on /home/airflow/.local/lib/python3.8/site-packages/airflow/example_dags/example_latest_only_with_trigger.py
[2024-03-27T00:04:34.122+0000] {processor.py:830} INFO - Processing file /home/airflow/.local/lib/python3.8/site-packages/airflow/example_dags/example_latest_only_with_trigger.py for tasks to queue
[2024-03-27T00:04:34.123+0000] {logging_mixin.py:188} INFO - [2024-03-27T00:04:34.123+0000] {dagbag.py:540} INFO - Filling up the DagBag from /home/airflow/.local/lib/python3.8/site-packages/airflow/example_dags/example_latest_only_with_trigger.py
[2024-03-27T00:04:34.126+0000] {processor.py:840} INFO - DAG(s) 'latest_only_with_trigger' retrieved from /home/airflow/.local/lib/python3.8/site-packages/airflow/example_dags/example_latest_only_with_trigger.py
[2024-03-27T00:04:34.138+0000] {logging_mixin.py:188} INFO - [2024-03-27T00:04:34.137+0000] {dag.py:3047} INFO - Sync 1 DAGs
[2024-03-27T00:04:34.154+0000] {logging_mixin.py:188} INFO - [2024-03-27T00:04:34.154+0000] {dag.py:3834} INFO - Setting next_dagrun for latest_only_with_trigger to 2024-03-26 20:00:00+00:00, run_after=2024-03-27 00:00:00+00:00
[2024-03-27T00:04:34.164+0000] {processor.py:183} INFO - Processing /home/airflow/.local/lib/python3.8/site-packages/airflow/example_dags/example_latest_only_with_trigger.py took 0.044 seconds
[2024-03-27T00:05:04.871+0000] {processor.py:161} INFO - Started process (PID=5739) to work on /home/airflow/.local/lib/python3.8/site-packages/airflow/example_dags/example_latest_only_with_trigger.py
[2024-03-27T00:05:04.872+0000] {processor.py:830} INFO - Processing file /home/airflow/.local/lib/python3.8/site-packages/airflow/example_dags/example_latest_only_with_trigger.py for tasks to queue
[2024-03-27T00:05:04.873+0000] {logging_mixin.py:188} INFO - [2024-03-27T00:05:04.873+0000] {dagbag.py:540} INFO - Filling up the DagBag from /home/airflow/.local/lib/python3.8/site-packages/airflow/example_dags/example_latest_only_with_trigger.py
[2024-03-27T00:05:04.876+0000] {processor.py:840} INFO - DAG(s) 'latest_only_with_trigger' retrieved from /home/airflow/.local/lib/python3.8/site-packages/airflow/example_dags/example_latest_only_with_trigger.py
[2024-03-27T00:05:04.885+0000] {logging_mixin.py:188} INFO - [2024-03-27T00:05:04.885+0000] {dag.py:3047} INFO - Sync 1 DAGs
[2024-03-27T00:05:04.895+0000] {logging_mixin.py:188} INFO - [2024-03-27T00:05:04.895+0000] {dag.py:3834} INFO - Setting next_dagrun for latest_only_with_trigger to 2024-03-26 20:00:00+00:00, run_after=2024-03-27 00:00:00+00:00
[2024-03-27T00:05:04.903+0000] {processor.py:183} INFO - Processing /home/airflow/.local/lib/python3.8/site-packages/airflow/example_dags/example_latest_only_with_trigger.py took 0.033 seconds
[2024-03-27T00:05:35.567+0000] {processor.py:161} INFO - Started process (PID=5794) to work on /home/airflow/.local/lib/python3.8/site-packages/airflow/example_dags/example_latest_only_with_trigger.py
[2024-03-27T00:05:35.567+0000] {processor.py:830} INFO - Processing file /home/airflow/.local/lib/python3.8/site-packages/airflow/example_dags/example_latest_only_with_trigger.py for tasks to queue
[2024-03-27T00:05:35.568+0000] {logging_mixin.py:188} INFO - [2024-03-27T00:05:35.568+0000] {dagbag.py:540} INFO - Filling up the DagBag from /home/airflow/.local/lib/python3.8/site-packages/airflow/example_dags/example_latest_only_with_trigger.py
[2024-03-27T00:05:35.571+0000] {processor.py:840} INFO - DAG(s) 'latest_only_with_trigger' retrieved from /home/airflow/.local/lib/python3.8/site-packages/airflow/example_dags/example_latest_only_with_trigger.py
[2024-03-27T00:05:35.582+0000] {logging_mixin.py:188} INFO - [2024-03-27T00:05:35.582+0000] {dag.py:3047} INFO - Sync 1 DAGs
[2024-03-27T00:05:35.593+0000] {logging_mixin.py:188} INFO - [2024-03-27T00:05:35.593+0000] {dag.py:3834} INFO - Setting next_dagrun for latest_only_with_trigger to 2024-03-26 20:00:00+00:00, run_after=2024-03-27 00:00:00+00:00
[2024-03-27T00:05:35.602+0000] {processor.py:183} INFO - Processing /home/airflow/.local/lib/python3.8/site-packages/airflow/example_dags/example_latest_only_with_trigger.py took 0.037 seconds
[2024-03-27T00:06:06.256+0000] {processor.py:161} INFO - Started process (PID=5849) to work on /home/airflow/.local/lib/python3.8/site-packages/airflow/example_dags/example_latest_only_with_trigger.py
[2024-03-27T00:06:06.257+0000] {processor.py:830} INFO - Processing file /home/airflow/.local/lib/python3.8/site-packages/airflow/example_dags/example_latest_only_with_trigger.py for tasks to queue
[2024-03-27T00:06:06.258+0000] {logging_mixin.py:188} INFO - [2024-03-27T00:06:06.258+0000] {dagbag.py:540} INFO - Filling up the DagBag from /home/airflow/.local/lib/python3.8/site-packages/airflow/example_dags/example_latest_only_with_trigger.py
[2024-03-27T00:06:06.261+0000] {processor.py:840} INFO - DAG(s) 'latest_only_with_trigger' retrieved from /home/airflow/.local/lib/python3.8/site-packages/airflow/example_dags/example_latest_only_with_trigger.py
[2024-03-27T00:06:06.271+0000] {logging_mixin.py:188} INFO - [2024-03-27T00:06:06.271+0000] {dag.py:3047} INFO - Sync 1 DAGs
[2024-03-27T00:06:06.284+0000] {logging_mixin.py:188} INFO - [2024-03-27T00:06:06.284+0000] {dag.py:3834} INFO - Setting next_dagrun for latest_only_with_trigger to 2024-03-26 20:00:00+00:00, run_after=2024-03-27 00:00:00+00:00
[2024-03-27T00:06:06.295+0000] {processor.py:183} INFO - Processing /home/airflow/.local/lib/python3.8/site-packages/airflow/example_dags/example_latest_only_with_trigger.py took 0.040 seconds
[2024-03-27T00:09:25.623+0000] {processor.py:161} INFO - Started process (PID=5904) to work on /home/airflow/.local/lib/python3.8/site-packages/airflow/example_dags/example_latest_only_with_trigger.py
[2024-03-27T00:09:25.624+0000] {processor.py:830} INFO - Processing file /home/airflow/.local/lib/python3.8/site-packages/airflow/example_dags/example_latest_only_with_trigger.py for tasks to queue
[2024-03-27T00:09:25.625+0000] {logging_mixin.py:188} INFO - [2024-03-27T00:09:25.625+0000] {dagbag.py:540} INFO - Filling up the DagBag from /home/airflow/.local/lib/python3.8/site-packages/airflow/example_dags/example_latest_only_with_trigger.py
[2024-03-27T00:09:25.629+0000] {processor.py:840} INFO - DAG(s) 'latest_only_with_trigger' retrieved from /home/airflow/.local/lib/python3.8/site-packages/airflow/example_dags/example_latest_only_with_trigger.py
[2024-03-27T00:09:25.643+0000] {logging_mixin.py:188} INFO - [2024-03-27T00:09:25.642+0000] {dag.py:3047} INFO - Sync 1 DAGs
[2024-03-27T00:09:25.654+0000] {logging_mixin.py:188} INFO - [2024-03-27T00:09:25.654+0000] {dag.py:3834} INFO - Setting next_dagrun for latest_only_with_trigger to 2024-03-26 20:00:00+00:00, run_after=2024-03-27 00:00:00+00:00
[2024-03-27T00:09:25.662+0000] {processor.py:183} INFO - Processing /home/airflow/.local/lib/python3.8/site-packages/airflow/example_dags/example_latest_only_with_trigger.py took 0.041 seconds
[2024-03-27T00:09:56.499+0000] {processor.py:161} INFO - Started process (PID=5958) to work on /home/airflow/.local/lib/python3.8/site-packages/airflow/example_dags/example_latest_only_with_trigger.py
[2024-03-27T00:09:56.500+0000] {processor.py:830} INFO - Processing file /home/airflow/.local/lib/python3.8/site-packages/airflow/example_dags/example_latest_only_with_trigger.py for tasks to queue
[2024-03-27T00:09:56.501+0000] {logging_mixin.py:188} INFO - [2024-03-27T00:09:56.501+0000] {dagbag.py:540} INFO - Filling up the DagBag from /home/airflow/.local/lib/python3.8/site-packages/airflow/example_dags/example_latest_only_with_trigger.py
[2024-03-27T00:09:56.504+0000] {processor.py:840} INFO - DAG(s) 'latest_only_with_trigger' retrieved from /home/airflow/.local/lib/python3.8/site-packages/airflow/example_dags/example_latest_only_with_trigger.py
[2024-03-27T00:09:56.515+0000] {logging_mixin.py:188} INFO - [2024-03-27T00:09:56.515+0000] {dag.py:3047} INFO - Sync 1 DAGs
[2024-03-27T00:09:56.526+0000] {logging_mixin.py:188} INFO - [2024-03-27T00:09:56.526+0000] {dag.py:3834} INFO - Setting next_dagrun for latest_only_with_trigger to 2024-03-26 20:00:00+00:00, run_after=2024-03-27 00:00:00+00:00
[2024-03-27T00:09:56.535+0000] {processor.py:183} INFO - Processing /home/airflow/.local/lib/python3.8/site-packages/airflow/example_dags/example_latest_only_with_trigger.py took 0.038 seconds
[2024-03-27T00:10:27.540+0000] {processor.py:161} INFO - Started process (PID=6013) to work on /home/airflow/.local/lib/python3.8/site-packages/airflow/example_dags/example_latest_only_with_trigger.py
[2024-03-27T00:10:27.541+0000] {processor.py:830} INFO - Processing file /home/airflow/.local/lib/python3.8/site-packages/airflow/example_dags/example_latest_only_with_trigger.py for tasks to queue
[2024-03-27T00:10:27.542+0000] {logging_mixin.py:188} INFO - [2024-03-27T00:10:27.542+0000] {dagbag.py:540} INFO - Filling up the DagBag from /home/airflow/.local/lib/python3.8/site-packages/airflow/example_dags/example_latest_only_with_trigger.py
[2024-03-27T00:10:27.546+0000] {processor.py:840} INFO - DAG(s) 'latest_only_with_trigger' retrieved from /home/airflow/.local/lib/python3.8/site-packages/airflow/example_dags/example_latest_only_with_trigger.py
[2024-03-27T00:10:27.557+0000] {logging_mixin.py:188} INFO - [2024-03-27T00:10:27.557+0000] {dag.py:3047} INFO - Sync 1 DAGs
[2024-03-27T00:10:27.568+0000] {logging_mixin.py:188} INFO - [2024-03-27T00:10:27.568+0000] {dag.py:3834} INFO - Setting next_dagrun for latest_only_with_trigger to 2024-03-26 20:00:00+00:00, run_after=2024-03-27 00:00:00+00:00
[2024-03-27T00:10:27.577+0000] {processor.py:183} INFO - Processing /home/airflow/.local/lib/python3.8/site-packages/airflow/example_dags/example_latest_only_with_trigger.py took 0.040 seconds
[2024-03-27T00:10:58.557+0000] {processor.py:161} INFO - Started process (PID=6068) to work on /home/airflow/.local/lib/python3.8/site-packages/airflow/example_dags/example_latest_only_with_trigger.py
[2024-03-27T00:10:58.558+0000] {processor.py:830} INFO - Processing file /home/airflow/.local/lib/python3.8/site-packages/airflow/example_dags/example_latest_only_with_trigger.py for tasks to queue
[2024-03-27T00:10:58.559+0000] {logging_mixin.py:188} INFO - [2024-03-27T00:10:58.559+0000] {dagbag.py:540} INFO - Filling up the DagBag from /home/airflow/.local/lib/python3.8/site-packages/airflow/example_dags/example_latest_only_with_trigger.py
[2024-03-27T00:10:58.562+0000] {processor.py:840} INFO - DAG(s) 'latest_only_with_trigger' retrieved from /home/airflow/.local/lib/python3.8/site-packages/airflow/example_dags/example_latest_only_with_trigger.py
[2024-03-27T00:10:58.573+0000] {logging_mixin.py:188} INFO - [2024-03-27T00:10:58.572+0000] {dag.py:3047} INFO - Sync 1 DAGs
[2024-03-27T00:10:58.583+0000] {logging_mixin.py:188} INFO - [2024-03-27T00:10:58.583+0000] {dag.py:3834} INFO - Setting next_dagrun for latest_only_with_trigger to 2024-03-26 20:00:00+00:00, run_after=2024-03-27 00:00:00+00:00
[2024-03-27T00:10:58.591+0000] {processor.py:183} INFO - Processing /home/airflow/.local/lib/python3.8/site-packages/airflow/example_dags/example_latest_only_with_trigger.py took 0.036 seconds
[2024-03-27T00:11:29.433+0000] {processor.py:161} INFO - Started process (PID=6122) to work on /home/airflow/.local/lib/python3.8/site-packages/airflow/example_dags/example_latest_only_with_trigger.py
[2024-03-27T00:11:29.434+0000] {processor.py:830} INFO - Processing file /home/airflow/.local/lib/python3.8/site-packages/airflow/example_dags/example_latest_only_with_trigger.py for tasks to queue
[2024-03-27T00:11:29.435+0000] {logging_mixin.py:188} INFO - [2024-03-27T00:11:29.435+0000] {dagbag.py:540} INFO - Filling up the DagBag from /home/airflow/.local/lib/python3.8/site-packages/airflow/example_dags/example_latest_only_with_trigger.py
[2024-03-27T00:11:29.439+0000] {processor.py:840} INFO - DAG(s) 'latest_only_with_trigger' retrieved from /home/airflow/.local/lib/python3.8/site-packages/airflow/example_dags/example_latest_only_with_trigger.py
[2024-03-27T00:11:29.450+0000] {logging_mixin.py:188} INFO - [2024-03-27T00:11:29.450+0000] {dag.py:3047} INFO - Sync 1 DAGs
[2024-03-27T00:11:29.461+0000] {logging_mixin.py:188} INFO - [2024-03-27T00:11:29.461+0000] {dag.py:3834} INFO - Setting next_dagrun for latest_only_with_trigger to 2024-03-26 20:00:00+00:00, run_after=2024-03-27 00:00:00+00:00
[2024-03-27T00:11:29.470+0000] {processor.py:183} INFO - Processing /home/airflow/.local/lib/python3.8/site-packages/airflow/example_dags/example_latest_only_with_trigger.py took 0.038 seconds
[2024-03-27T00:12:00.459+0000] {processor.py:161} INFO - Started process (PID=6177) to work on /home/airflow/.local/lib/python3.8/site-packages/airflow/example_dags/example_latest_only_with_trigger.py
[2024-03-27T00:12:00.460+0000] {processor.py:830} INFO - Processing file /home/airflow/.local/lib/python3.8/site-packages/airflow/example_dags/example_latest_only_with_trigger.py for tasks to queue
[2024-03-27T00:12:00.462+0000] {logging_mixin.py:188} INFO - [2024-03-27T00:12:00.462+0000] {dagbag.py:540} INFO - Filling up the DagBag from /home/airflow/.local/lib/python3.8/site-packages/airflow/example_dags/example_latest_only_with_trigger.py
[2024-03-27T00:12:00.465+0000] {processor.py:840} INFO - DAG(s) 'latest_only_with_trigger' retrieved from /home/airflow/.local/lib/python3.8/site-packages/airflow/example_dags/example_latest_only_with_trigger.py
[2024-03-27T00:12:00.476+0000] {logging_mixin.py:188} INFO - [2024-03-27T00:12:00.476+0000] {dag.py:3047} INFO - Sync 1 DAGs
[2024-03-27T00:12:00.494+0000] {logging_mixin.py:188} INFO - [2024-03-27T00:12:00.494+0000] {dag.py:3834} INFO - Setting next_dagrun for latest_only_with_trigger to 2024-03-26 20:00:00+00:00, run_after=2024-03-27 00:00:00+00:00
[2024-03-27T00:12:00.503+0000] {processor.py:183} INFO - Processing /home/airflow/.local/lib/python3.8/site-packages/airflow/example_dags/example_latest_only_with_trigger.py took 0.046 seconds
[2024-03-27T00:12:31.279+0000] {processor.py:161} INFO - Started process (PID=6231) to work on /home/airflow/.local/lib/python3.8/site-packages/airflow/example_dags/example_latest_only_with_trigger.py
[2024-03-27T00:12:31.280+0000] {processor.py:830} INFO - Processing file /home/airflow/.local/lib/python3.8/site-packages/airflow/example_dags/example_latest_only_with_trigger.py for tasks to queue
[2024-03-27T00:12:31.281+0000] {logging_mixin.py:188} INFO - [2024-03-27T00:12:31.280+0000] {dagbag.py:540} INFO - Filling up the DagBag from /home/airflow/.local/lib/python3.8/site-packages/airflow/example_dags/example_latest_only_with_trigger.py
[2024-03-27T00:12:31.284+0000] {processor.py:840} INFO - DAG(s) 'latest_only_with_trigger' retrieved from /home/airflow/.local/lib/python3.8/site-packages/airflow/example_dags/example_latest_only_with_trigger.py
[2024-03-27T00:12:31.294+0000] {logging_mixin.py:188} INFO - [2024-03-27T00:12:31.294+0000] {dag.py:3047} INFO - Sync 1 DAGs
[2024-03-27T00:12:31.307+0000] {logging_mixin.py:188} INFO - [2024-03-27T00:12:31.307+0000] {dag.py:3834} INFO - Setting next_dagrun for latest_only_with_trigger to 2024-03-26 20:00:00+00:00, run_after=2024-03-27 00:00:00+00:00
[2024-03-27T00:12:31.316+0000] {processor.py:183} INFO - Processing /home/airflow/.local/lib/python3.8/site-packages/airflow/example_dags/example_latest_only_with_trigger.py took 0.039 seconds
[2024-03-27T00:13:02.030+0000] {processor.py:161} INFO - Started process (PID=6286) to work on /home/airflow/.local/lib/python3.8/site-packages/airflow/example_dags/example_latest_only_with_trigger.py
[2024-03-27T00:13:02.031+0000] {processor.py:830} INFO - Processing file /home/airflow/.local/lib/python3.8/site-packages/airflow/example_dags/example_latest_only_with_trigger.py for tasks to queue
[2024-03-27T00:13:02.032+0000] {logging_mixin.py:188} INFO - [2024-03-27T00:13:02.032+0000] {dagbag.py:540} INFO - Filling up the DagBag from /home/airflow/.local/lib/python3.8/site-packages/airflow/example_dags/example_latest_only_with_trigger.py
[2024-03-27T00:13:02.035+0000] {processor.py:840} INFO - DAG(s) 'latest_only_with_trigger' retrieved from /home/airflow/.local/lib/python3.8/site-packages/airflow/example_dags/example_latest_only_with_trigger.py
[2024-03-27T00:13:02.046+0000] {logging_mixin.py:188} INFO - [2024-03-27T00:13:02.046+0000] {dag.py:3047} INFO - Sync 1 DAGs
[2024-03-27T00:13:02.057+0000] {logging_mixin.py:188} INFO - [2024-03-27T00:13:02.057+0000] {dag.py:3834} INFO - Setting next_dagrun for latest_only_with_trigger to 2024-03-26 20:00:00+00:00, run_after=2024-03-27 00:00:00+00:00
[2024-03-27T00:13:02.065+0000] {processor.py:183} INFO - Processing /home/airflow/.local/lib/python3.8/site-packages/airflow/example_dags/example_latest_only_with_trigger.py took 0.037 seconds
[2024-03-27T00:13:33.078+0000] {processor.py:161} INFO - Started process (PID=6341) to work on /home/airflow/.local/lib/python3.8/site-packages/airflow/example_dags/example_latest_only_with_trigger.py
[2024-03-27T00:13:33.078+0000] {processor.py:830} INFO - Processing file /home/airflow/.local/lib/python3.8/site-packages/airflow/example_dags/example_latest_only_with_trigger.py for tasks to queue
[2024-03-27T00:13:33.079+0000] {logging_mixin.py:188} INFO - [2024-03-27T00:13:33.079+0000] {dagbag.py:540} INFO - Filling up the DagBag from /home/airflow/.local/lib/python3.8/site-packages/airflow/example_dags/example_latest_only_with_trigger.py
[2024-03-27T00:13:33.083+0000] {processor.py:840} INFO - DAG(s) 'latest_only_with_trigger' retrieved from /home/airflow/.local/lib/python3.8/site-packages/airflow/example_dags/example_latest_only_with_trigger.py
[2024-03-27T00:13:33.093+0000] {logging_mixin.py:188} INFO - [2024-03-27T00:13:33.092+0000] {dag.py:3047} INFO - Sync 1 DAGs
[2024-03-27T00:13:33.103+0000] {logging_mixin.py:188} INFO - [2024-03-27T00:13:33.103+0000] {dag.py:3834} INFO - Setting next_dagrun for latest_only_with_trigger to 2024-03-26 20:00:00+00:00, run_after=2024-03-27 00:00:00+00:00
[2024-03-27T00:13:33.113+0000] {processor.py:183} INFO - Processing /home/airflow/.local/lib/python3.8/site-packages/airflow/example_dags/example_latest_only_with_trigger.py took 0.037 seconds
[2024-03-27T00:14:03.489+0000] {processor.py:161} INFO - Started process (PID=6396) to work on /home/airflow/.local/lib/python3.8/site-packages/airflow/example_dags/example_latest_only_with_trigger.py
[2024-03-27T00:14:03.490+0000] {processor.py:830} INFO - Processing file /home/airflow/.local/lib/python3.8/site-packages/airflow/example_dags/example_latest_only_with_trigger.py for tasks to queue
[2024-03-27T00:14:03.491+0000] {logging_mixin.py:188} INFO - [2024-03-27T00:14:03.490+0000] {dagbag.py:540} INFO - Filling up the DagBag from /home/airflow/.local/lib/python3.8/site-packages/airflow/example_dags/example_latest_only_with_trigger.py
[2024-03-27T00:14:03.494+0000] {processor.py:840} INFO - DAG(s) 'latest_only_with_trigger' retrieved from /home/airflow/.local/lib/python3.8/site-packages/airflow/example_dags/example_latest_only_with_trigger.py
[2024-03-27T00:14:03.505+0000] {logging_mixin.py:188} INFO - [2024-03-27T00:14:03.505+0000] {dag.py:3047} INFO - Sync 1 DAGs
[2024-03-27T00:14:03.516+0000] {logging_mixin.py:188} INFO - [2024-03-27T00:14:03.516+0000] {dag.py:3834} INFO - Setting next_dagrun for latest_only_with_trigger to 2024-03-26 20:00:00+00:00, run_after=2024-03-27 00:00:00+00:00
[2024-03-27T00:14:03.524+0000] {processor.py:183} INFO - Processing /home/airflow/.local/lib/python3.8/site-packages/airflow/example_dags/example_latest_only_with_trigger.py took 0.037 seconds
[2024-03-27T00:14:33.596+0000] {processor.py:161} INFO - Started process (PID=6451) to work on /home/airflow/.local/lib/python3.8/site-packages/airflow/example_dags/example_latest_only_with_trigger.py
[2024-03-27T00:14:33.597+0000] {processor.py:830} INFO - Processing file /home/airflow/.local/lib/python3.8/site-packages/airflow/example_dags/example_latest_only_with_trigger.py for tasks to queue
[2024-03-27T00:14:33.598+0000] {logging_mixin.py:188} INFO - [2024-03-27T00:14:33.598+0000] {dagbag.py:540} INFO - Filling up the DagBag from /home/airflow/.local/lib/python3.8/site-packages/airflow/example_dags/example_latest_only_with_trigger.py
[2024-03-27T00:14:33.601+0000] {processor.py:840} INFO - DAG(s) 'latest_only_with_trigger' retrieved from /home/airflow/.local/lib/python3.8/site-packages/airflow/example_dags/example_latest_only_with_trigger.py
[2024-03-27T00:14:33.612+0000] {logging_mixin.py:188} INFO - [2024-03-27T00:14:33.612+0000] {dag.py:3047} INFO - Sync 1 DAGs
[2024-03-27T00:14:33.623+0000] {logging_mixin.py:188} INFO - [2024-03-27T00:14:33.622+0000] {dag.py:3834} INFO - Setting next_dagrun for latest_only_with_trigger to 2024-03-26 20:00:00+00:00, run_after=2024-03-27 00:00:00+00:00
[2024-03-27T00:14:33.631+0000] {processor.py:183} INFO - Processing /home/airflow/.local/lib/python3.8/site-packages/airflow/example_dags/example_latest_only_with_trigger.py took 0.036 seconds
[2024-03-27T00:15:04.297+0000] {processor.py:161} INFO - Started process (PID=6506) to work on /home/airflow/.local/lib/python3.8/site-packages/airflow/example_dags/example_latest_only_with_trigger.py
[2024-03-27T00:15:04.298+0000] {processor.py:830} INFO - Processing file /home/airflow/.local/lib/python3.8/site-packages/airflow/example_dags/example_latest_only_with_trigger.py for tasks to queue
[2024-03-27T00:15:04.300+0000] {logging_mixin.py:188} INFO - [2024-03-27T00:15:04.300+0000] {dagbag.py:540} INFO - Filling up the DagBag from /home/airflow/.local/lib/python3.8/site-packages/airflow/example_dags/example_latest_only_with_trigger.py
[2024-03-27T00:15:04.304+0000] {processor.py:840} INFO - DAG(s) 'latest_only_with_trigger' retrieved from /home/airflow/.local/lib/python3.8/site-packages/airflow/example_dags/example_latest_only_with_trigger.py
[2024-03-27T00:15:04.319+0000] {logging_mixin.py:188} INFO - [2024-03-27T00:15:04.319+0000] {dag.py:3047} INFO - Sync 1 DAGs
[2024-03-27T00:15:04.337+0000] {logging_mixin.py:188} INFO - [2024-03-27T00:15:04.336+0000] {dag.py:3834} INFO - Setting next_dagrun for latest_only_with_trigger to 2024-03-26 20:00:00+00:00, run_after=2024-03-27 00:00:00+00:00
[2024-03-27T00:15:04.349+0000] {processor.py:183} INFO - Processing /home/airflow/.local/lib/python3.8/site-packages/airflow/example_dags/example_latest_only_with_trigger.py took 0.054 seconds
[2024-03-27T00:15:35.210+0000] {processor.py:161} INFO - Started process (PID=6561) to work on /home/airflow/.local/lib/python3.8/site-packages/airflow/example_dags/example_latest_only_with_trigger.py
[2024-03-27T00:15:35.211+0000] {processor.py:830} INFO - Processing file /home/airflow/.local/lib/python3.8/site-packages/airflow/example_dags/example_latest_only_with_trigger.py for tasks to queue
[2024-03-27T00:15:35.212+0000] {logging_mixin.py:188} INFO - [2024-03-27T00:15:35.212+0000] {dagbag.py:540} INFO - Filling up the DagBag from /home/airflow/.local/lib/python3.8/site-packages/airflow/example_dags/example_latest_only_with_trigger.py
[2024-03-27T00:15:35.216+0000] {processor.py:840} INFO - DAG(s) 'latest_only_with_trigger' retrieved from /home/airflow/.local/lib/python3.8/site-packages/airflow/example_dags/example_latest_only_with_trigger.py
[2024-03-27T00:15:35.230+0000] {logging_mixin.py:188} INFO - [2024-03-27T00:15:35.229+0000] {dag.py:3047} INFO - Sync 1 DAGs
[2024-03-27T00:15:35.249+0000] {logging_mixin.py:188} INFO - [2024-03-27T00:15:35.249+0000] {dag.py:3834} INFO - Setting next_dagrun for latest_only_with_trigger to 2024-03-26 20:00:00+00:00, run_after=2024-03-27 00:00:00+00:00
[2024-03-27T00:15:35.277+0000] {processor.py:183} INFO - Processing /home/airflow/.local/lib/python3.8/site-packages/airflow/example_dags/example_latest_only_with_trigger.py took 0.070 seconds
[2024-03-27T00:16:05.391+0000] {processor.py:161} INFO - Started process (PID=6616) to work on /home/airflow/.local/lib/python3.8/site-packages/airflow/example_dags/example_latest_only_with_trigger.py
[2024-03-27T00:16:05.393+0000] {processor.py:830} INFO - Processing file /home/airflow/.local/lib/python3.8/site-packages/airflow/example_dags/example_latest_only_with_trigger.py for tasks to queue
[2024-03-27T00:16:05.394+0000] {logging_mixin.py:188} INFO - [2024-03-27T00:16:05.394+0000] {dagbag.py:540} INFO - Filling up the DagBag from /home/airflow/.local/lib/python3.8/site-packages/airflow/example_dags/example_latest_only_with_trigger.py
[2024-03-27T00:16:05.397+0000] {processor.py:840} INFO - DAG(s) 'latest_only_with_trigger' retrieved from /home/airflow/.local/lib/python3.8/site-packages/airflow/example_dags/example_latest_only_with_trigger.py
[2024-03-27T00:16:05.408+0000] {logging_mixin.py:188} INFO - [2024-03-27T00:16:05.408+0000] {dag.py:3047} INFO - Sync 1 DAGs
[2024-03-27T00:16:05.418+0000] {logging_mixin.py:188} INFO - [2024-03-27T00:16:05.418+0000] {dag.py:3834} INFO - Setting next_dagrun for latest_only_with_trigger to 2024-03-26 20:00:00+00:00, run_after=2024-03-27 00:00:00+00:00
[2024-03-27T00:16:05.426+0000] {processor.py:183} INFO - Processing /home/airflow/.local/lib/python3.8/site-packages/airflow/example_dags/example_latest_only_with_trigger.py took 0.036 seconds
[2024-03-27T00:16:36.105+0000] {processor.py:161} INFO - Started process (PID=6671) to work on /home/airflow/.local/lib/python3.8/site-packages/airflow/example_dags/example_latest_only_with_trigger.py
[2024-03-27T00:16:36.106+0000] {processor.py:830} INFO - Processing file /home/airflow/.local/lib/python3.8/site-packages/airflow/example_dags/example_latest_only_with_trigger.py for tasks to queue
[2024-03-27T00:16:36.107+0000] {logging_mixin.py:188} INFO - [2024-03-27T00:16:36.107+0000] {dagbag.py:540} INFO - Filling up the DagBag from /home/airflow/.local/lib/python3.8/site-packages/airflow/example_dags/example_latest_only_with_trigger.py
[2024-03-27T00:16:36.110+0000] {processor.py:840} INFO - DAG(s) 'latest_only_with_trigger' retrieved from /home/airflow/.local/lib/python3.8/site-packages/airflow/example_dags/example_latest_only_with_trigger.py
[2024-03-27T00:16:36.121+0000] {logging_mixin.py:188} INFO - [2024-03-27T00:16:36.120+0000] {dag.py:3047} INFO - Sync 1 DAGs
[2024-03-27T00:16:36.131+0000] {logging_mixin.py:188} INFO - [2024-03-27T00:16:36.130+0000] {dag.py:3834} INFO - Setting next_dagrun for latest_only_with_trigger to 2024-03-26 20:00:00+00:00, run_after=2024-03-27 00:00:00+00:00
[2024-03-27T00:16:36.141+0000] {processor.py:183} INFO - Processing /home/airflow/.local/lib/python3.8/site-packages/airflow/example_dags/example_latest_only_with_trigger.py took 0.037 seconds
[2024-03-27T00:17:06.887+0000] {processor.py:161} INFO - Started process (PID=6726) to work on /home/airflow/.local/lib/python3.8/site-packages/airflow/example_dags/example_latest_only_with_trigger.py
[2024-03-27T00:17:06.888+0000] {processor.py:830} INFO - Processing file /home/airflow/.local/lib/python3.8/site-packages/airflow/example_dags/example_latest_only_with_trigger.py for tasks to queue
[2024-03-27T00:17:06.889+0000] {logging_mixin.py:188} INFO - [2024-03-27T00:17:06.889+0000] {dagbag.py:540} INFO - Filling up the DagBag from /home/airflow/.local/lib/python3.8/site-packages/airflow/example_dags/example_latest_only_with_trigger.py
[2024-03-27T00:17:06.892+0000] {processor.py:840} INFO - DAG(s) 'latest_only_with_trigger' retrieved from /home/airflow/.local/lib/python3.8/site-packages/airflow/example_dags/example_latest_only_with_trigger.py
[2024-03-27T00:17:06.902+0000] {logging_mixin.py:188} INFO - [2024-03-27T00:17:06.902+0000] {dag.py:3047} INFO - Sync 1 DAGs
[2024-03-27T00:17:06.913+0000] {logging_mixin.py:188} INFO - [2024-03-27T00:17:06.912+0000] {dag.py:3834} INFO - Setting next_dagrun for latest_only_with_trigger to 2024-03-26 20:00:00+00:00, run_after=2024-03-27 00:00:00+00:00
[2024-03-27T00:17:06.922+0000] {processor.py:183} INFO - Processing /home/airflow/.local/lib/python3.8/site-packages/airflow/example_dags/example_latest_only_with_trigger.py took 0.036 seconds
[2024-03-27T00:17:37.930+0000] {processor.py:161} INFO - Started process (PID=6781) to work on /home/airflow/.local/lib/python3.8/site-packages/airflow/example_dags/example_latest_only_with_trigger.py
[2024-03-27T00:17:37.930+0000] {processor.py:830} INFO - Processing file /home/airflow/.local/lib/python3.8/site-packages/airflow/example_dags/example_latest_only_with_trigger.py for tasks to queue
[2024-03-27T00:17:37.931+0000] {logging_mixin.py:188} INFO - [2024-03-27T00:17:37.931+0000] {dagbag.py:540} INFO - Filling up the DagBag from /home/airflow/.local/lib/python3.8/site-packages/airflow/example_dags/example_latest_only_with_trigger.py
[2024-03-27T00:17:37.935+0000] {processor.py:840} INFO - DAG(s) 'latest_only_with_trigger' retrieved from /home/airflow/.local/lib/python3.8/site-packages/airflow/example_dags/example_latest_only_with_trigger.py
[2024-03-27T00:17:37.945+0000] {logging_mixin.py:188} INFO - [2024-03-27T00:17:37.945+0000] {dag.py:3047} INFO - Sync 1 DAGs
[2024-03-27T00:17:37.956+0000] {logging_mixin.py:188} INFO - [2024-03-27T00:17:37.956+0000] {dag.py:3834} INFO - Setting next_dagrun for latest_only_with_trigger to 2024-03-26 20:00:00+00:00, run_after=2024-03-27 00:00:00+00:00
[2024-03-27T00:17:37.965+0000] {processor.py:183} INFO - Processing /home/airflow/.local/lib/python3.8/site-packages/airflow/example_dags/example_latest_only_with_trigger.py took 0.037 seconds
[2024-03-27T00:18:09.143+0000] {processor.py:161} INFO - Started process (PID=6836) to work on /home/airflow/.local/lib/python3.8/site-packages/airflow/example_dags/example_latest_only_with_trigger.py
[2024-03-27T00:18:09.144+0000] {processor.py:830} INFO - Processing file /home/airflow/.local/lib/python3.8/site-packages/airflow/example_dags/example_latest_only_with_trigger.py for tasks to queue
[2024-03-27T00:18:09.145+0000] {logging_mixin.py:188} INFO - [2024-03-27T00:18:09.145+0000] {dagbag.py:540} INFO - Filling up the DagBag from /home/airflow/.local/lib/python3.8/site-packages/airflow/example_dags/example_latest_only_with_trigger.py
[2024-03-27T00:18:09.150+0000] {processor.py:840} INFO - DAG(s) 'latest_only_with_trigger' retrieved from /home/airflow/.local/lib/python3.8/site-packages/airflow/example_dags/example_latest_only_with_trigger.py
[2024-03-27T00:18:09.166+0000] {logging_mixin.py:188} INFO - [2024-03-27T00:18:09.166+0000] {dag.py:3047} INFO - Sync 1 DAGs
[2024-03-27T00:18:09.186+0000] {logging_mixin.py:188} INFO - [2024-03-27T00:18:09.185+0000] {dag.py:3834} INFO - Setting next_dagrun for latest_only_with_trigger to 2024-03-26 20:00:00+00:00, run_after=2024-03-27 00:00:00+00:00
[2024-03-27T00:18:09.198+0000] {processor.py:183} INFO - Processing /home/airflow/.local/lib/python3.8/site-packages/airflow/example_dags/example_latest_only_with_trigger.py took 0.060 seconds
[2024-03-27T00:18:40.215+0000] {processor.py:161} INFO - Started process (PID=6891) to work on /home/airflow/.local/lib/python3.8/site-packages/airflow/example_dags/example_latest_only_with_trigger.py
[2024-03-27T00:18:40.217+0000] {processor.py:830} INFO - Processing file /home/airflow/.local/lib/python3.8/site-packages/airflow/example_dags/example_latest_only_with_trigger.py for tasks to queue
[2024-03-27T00:18:40.219+0000] {logging_mixin.py:188} INFO - [2024-03-27T00:18:40.219+0000] {dagbag.py:540} INFO - Filling up the DagBag from /home/airflow/.local/lib/python3.8/site-packages/airflow/example_dags/example_latest_only_with_trigger.py
[2024-03-27T00:18:40.225+0000] {processor.py:840} INFO - DAG(s) 'latest_only_with_trigger' retrieved from /home/airflow/.local/lib/python3.8/site-packages/airflow/example_dags/example_latest_only_with_trigger.py
[2024-03-27T00:18:40.252+0000] {logging_mixin.py:188} INFO - [2024-03-27T00:18:40.252+0000] {dag.py:3047} INFO - Sync 1 DAGs
[2024-03-27T00:18:40.269+0000] {logging_mixin.py:188} INFO - [2024-03-27T00:18:40.269+0000] {dag.py:3834} INFO - Setting next_dagrun for latest_only_with_trigger to 2024-03-26 20:00:00+00:00, run_after=2024-03-27 00:00:00+00:00
[2024-03-27T00:18:40.283+0000] {processor.py:183} INFO - Processing /home/airflow/.local/lib/python3.8/site-packages/airflow/example_dags/example_latest_only_with_trigger.py took 0.071 seconds
[2024-03-27T00:19:10.472+0000] {processor.py:161} INFO - Started process (PID=6946) to work on /home/airflow/.local/lib/python3.8/site-packages/airflow/example_dags/example_latest_only_with_trigger.py
[2024-03-27T00:19:10.475+0000] {processor.py:830} INFO - Processing file /home/airflow/.local/lib/python3.8/site-packages/airflow/example_dags/example_latest_only_with_trigger.py for tasks to queue
[2024-03-27T00:19:10.478+0000] {logging_mixin.py:188} INFO - [2024-03-27T00:19:10.477+0000] {dagbag.py:540} INFO - Filling up the DagBag from /home/airflow/.local/lib/python3.8/site-packages/airflow/example_dags/example_latest_only_with_trigger.py
[2024-03-27T00:19:10.484+0000] {processor.py:840} INFO - DAG(s) 'latest_only_with_trigger' retrieved from /home/airflow/.local/lib/python3.8/site-packages/airflow/example_dags/example_latest_only_with_trigger.py
[2024-03-27T00:19:10.504+0000] {logging_mixin.py:188} INFO - [2024-03-27T00:19:10.504+0000] {dag.py:3047} INFO - Sync 1 DAGs
[2024-03-27T00:19:10.519+0000] {logging_mixin.py:188} INFO - [2024-03-27T00:19:10.519+0000] {dag.py:3834} INFO - Setting next_dagrun for latest_only_with_trigger to 2024-03-26 20:00:00+00:00, run_after=2024-03-27 00:00:00+00:00
[2024-03-27T00:19:10.529+0000] {processor.py:183} INFO - Processing /home/airflow/.local/lib/python3.8/site-packages/airflow/example_dags/example_latest_only_with_trigger.py took 0.062 seconds
[2024-03-27T00:19:40.559+0000] {processor.py:161} INFO - Started process (PID=7001) to work on /home/airflow/.local/lib/python3.8/site-packages/airflow/example_dags/example_latest_only_with_trigger.py
[2024-03-27T00:19:40.562+0000] {processor.py:830} INFO - Processing file /home/airflow/.local/lib/python3.8/site-packages/airflow/example_dags/example_latest_only_with_trigger.py for tasks to queue
[2024-03-27T00:19:40.566+0000] {logging_mixin.py:188} INFO - [2024-03-27T00:19:40.565+0000] {dagbag.py:540} INFO - Filling up the DagBag from /home/airflow/.local/lib/python3.8/site-packages/airflow/example_dags/example_latest_only_with_trigger.py
[2024-03-27T00:19:40.573+0000] {processor.py:840} INFO - DAG(s) 'latest_only_with_trigger' retrieved from /home/airflow/.local/lib/python3.8/site-packages/airflow/example_dags/example_latest_only_with_trigger.py
[2024-03-27T00:19:40.616+0000] {logging_mixin.py:188} INFO - [2024-03-27T00:19:40.615+0000] {dag.py:3047} INFO - Sync 1 DAGs
[2024-03-27T00:19:40.629+0000] {logging_mixin.py:188} INFO - [2024-03-27T00:19:40.629+0000] {dag.py:3834} INFO - Setting next_dagrun for latest_only_with_trigger to 2024-03-26 20:00:00+00:00, run_after=2024-03-27 00:00:00+00:00
[2024-03-27T00:19:40.639+0000] {processor.py:183} INFO - Processing /home/airflow/.local/lib/python3.8/site-packages/airflow/example_dags/example_latest_only_with_trigger.py took 0.085 seconds
[2024-03-27T00:20:11.406+0000] {processor.py:161} INFO - Started process (PID=7056) to work on /home/airflow/.local/lib/python3.8/site-packages/airflow/example_dags/example_latest_only_with_trigger.py
[2024-03-27T00:20:11.407+0000] {processor.py:830} INFO - Processing file /home/airflow/.local/lib/python3.8/site-packages/airflow/example_dags/example_latest_only_with_trigger.py for tasks to queue
[2024-03-27T00:20:11.408+0000] {logging_mixin.py:188} INFO - [2024-03-27T00:20:11.408+0000] {dagbag.py:540} INFO - Filling up the DagBag from /home/airflow/.local/lib/python3.8/site-packages/airflow/example_dags/example_latest_only_with_trigger.py
[2024-03-27T00:20:11.412+0000] {processor.py:840} INFO - DAG(s) 'latest_only_with_trigger' retrieved from /home/airflow/.local/lib/python3.8/site-packages/airflow/example_dags/example_latest_only_with_trigger.py
[2024-03-27T00:20:11.424+0000] {logging_mixin.py:188} INFO - [2024-03-27T00:20:11.424+0000] {dag.py:3047} INFO - Sync 1 DAGs
[2024-03-27T00:20:11.435+0000] {logging_mixin.py:188} INFO - [2024-03-27T00:20:11.435+0000] {dag.py:3834} INFO - Setting next_dagrun for latest_only_with_trigger to 2024-03-26 20:00:00+00:00, run_after=2024-03-27 00:00:00+00:00
[2024-03-27T00:20:11.443+0000] {processor.py:183} INFO - Processing /home/airflow/.local/lib/python3.8/site-packages/airflow/example_dags/example_latest_only_with_trigger.py took 0.040 seconds
[2024-03-27T00:20:42.023+0000] {processor.py:161} INFO - Started process (PID=7111) to work on /home/airflow/.local/lib/python3.8/site-packages/airflow/example_dags/example_latest_only_with_trigger.py
[2024-03-27T00:20:42.024+0000] {processor.py:830} INFO - Processing file /home/airflow/.local/lib/python3.8/site-packages/airflow/example_dags/example_latest_only_with_trigger.py for tasks to queue
[2024-03-27T00:20:42.027+0000] {logging_mixin.py:188} INFO - [2024-03-27T00:20:42.026+0000] {dagbag.py:540} INFO - Filling up the DagBag from /home/airflow/.local/lib/python3.8/site-packages/airflow/example_dags/example_latest_only_with_trigger.py
[2024-03-27T00:20:42.033+0000] {processor.py:840} INFO - DAG(s) 'latest_only_with_trigger' retrieved from /home/airflow/.local/lib/python3.8/site-packages/airflow/example_dags/example_latest_only_with_trigger.py
[2024-03-27T00:20:42.051+0000] {logging_mixin.py:188} INFO - [2024-03-27T00:20:42.051+0000] {dag.py:3047} INFO - Sync 1 DAGs
[2024-03-27T00:20:42.065+0000] {logging_mixin.py:188} INFO - [2024-03-27T00:20:42.065+0000] {dag.py:3834} INFO - Setting next_dagrun for latest_only_with_trigger to 2024-03-26 20:00:00+00:00, run_after=2024-03-27 00:00:00+00:00
[2024-03-27T00:20:42.075+0000] {processor.py:183} INFO - Processing /home/airflow/.local/lib/python3.8/site-packages/airflow/example_dags/example_latest_only_with_trigger.py took 0.057 seconds
[2024-03-27T00:21:12.718+0000] {processor.py:161} INFO - Started process (PID=7166) to work on /home/airflow/.local/lib/python3.8/site-packages/airflow/example_dags/example_latest_only_with_trigger.py
[2024-03-27T00:21:12.720+0000] {processor.py:830} INFO - Processing file /home/airflow/.local/lib/python3.8/site-packages/airflow/example_dags/example_latest_only_with_trigger.py for tasks to queue
[2024-03-27T00:21:12.723+0000] {logging_mixin.py:188} INFO - [2024-03-27T00:21:12.722+0000] {dagbag.py:540} INFO - Filling up the DagBag from /home/airflow/.local/lib/python3.8/site-packages/airflow/example_dags/example_latest_only_with_trigger.py
[2024-03-27T00:21:12.730+0000] {processor.py:840} INFO - DAG(s) 'latest_only_with_trigger' retrieved from /home/airflow/.local/lib/python3.8/site-packages/airflow/example_dags/example_latest_only_with_trigger.py
[2024-03-27T00:21:12.748+0000] {logging_mixin.py:188} INFO - [2024-03-27T00:21:12.748+0000] {dag.py:3047} INFO - Sync 1 DAGs
[2024-03-27T00:21:12.763+0000] {logging_mixin.py:188} INFO - [2024-03-27T00:21:12.763+0000] {dag.py:3834} INFO - Setting next_dagrun for latest_only_with_trigger to 2024-03-26 20:00:00+00:00, run_after=2024-03-27 00:00:00+00:00
[2024-03-27T00:21:12.773+0000] {processor.py:183} INFO - Processing /home/airflow/.local/lib/python3.8/site-packages/airflow/example_dags/example_latest_only_with_trigger.py took 0.063 seconds
[2024-03-27T00:21:43.444+0000] {processor.py:161} INFO - Started process (PID=7221) to work on /home/airflow/.local/lib/python3.8/site-packages/airflow/example_dags/example_latest_only_with_trigger.py
[2024-03-27T00:21:43.446+0000] {processor.py:830} INFO - Processing file /home/airflow/.local/lib/python3.8/site-packages/airflow/example_dags/example_latest_only_with_trigger.py for tasks to queue
[2024-03-27T00:21:43.449+0000] {logging_mixin.py:188} INFO - [2024-03-27T00:21:43.448+0000] {dagbag.py:540} INFO - Filling up the DagBag from /home/airflow/.local/lib/python3.8/site-packages/airflow/example_dags/example_latest_only_with_trigger.py
[2024-03-27T00:21:43.455+0000] {processor.py:840} INFO - DAG(s) 'latest_only_with_trigger' retrieved from /home/airflow/.local/lib/python3.8/site-packages/airflow/example_dags/example_latest_only_with_trigger.py
[2024-03-27T00:21:43.473+0000] {logging_mixin.py:188} INFO - [2024-03-27T00:21:43.473+0000] {dag.py:3047} INFO - Sync 1 DAGs
[2024-03-27T00:21:43.487+0000] {logging_mixin.py:188} INFO - [2024-03-27T00:21:43.487+0000] {dag.py:3834} INFO - Setting next_dagrun for latest_only_with_trigger to 2024-03-26 20:00:00+00:00, run_after=2024-03-27 00:00:00+00:00
[2024-03-27T00:21:43.497+0000] {processor.py:183} INFO - Processing /home/airflow/.local/lib/python3.8/site-packages/airflow/example_dags/example_latest_only_with_trigger.py took 0.058 seconds
[2024-03-27T00:22:14.104+0000] {processor.py:161} INFO - Started process (PID=7276) to work on /home/airflow/.local/lib/python3.8/site-packages/airflow/example_dags/example_latest_only_with_trigger.py
[2024-03-27T00:22:14.106+0000] {processor.py:830} INFO - Processing file /home/airflow/.local/lib/python3.8/site-packages/airflow/example_dags/example_latest_only_with_trigger.py for tasks to queue
[2024-03-27T00:22:14.109+0000] {logging_mixin.py:188} INFO - [2024-03-27T00:22:14.109+0000] {dagbag.py:540} INFO - Filling up the DagBag from /home/airflow/.local/lib/python3.8/site-packages/airflow/example_dags/example_latest_only_with_trigger.py
[2024-03-27T00:22:14.117+0000] {processor.py:840} INFO - DAG(s) 'latest_only_with_trigger' retrieved from /home/airflow/.local/lib/python3.8/site-packages/airflow/example_dags/example_latest_only_with_trigger.py
[2024-03-27T00:22:14.136+0000] {logging_mixin.py:188} INFO - [2024-03-27T00:22:14.136+0000] {dag.py:3047} INFO - Sync 1 DAGs
[2024-03-27T00:22:14.150+0000] {logging_mixin.py:188} INFO - [2024-03-27T00:22:14.150+0000] {dag.py:3834} INFO - Setting next_dagrun for latest_only_with_trigger to 2024-03-26 20:00:00+00:00, run_after=2024-03-27 00:00:00+00:00
[2024-03-27T00:22:14.160+0000] {processor.py:183} INFO - Processing /home/airflow/.local/lib/python3.8/site-packages/airflow/example_dags/example_latest_only_with_trigger.py took 0.062 seconds
[2024-03-27T00:22:44.787+0000] {processor.py:161} INFO - Started process (PID=7331) to work on /home/airflow/.local/lib/python3.8/site-packages/airflow/example_dags/example_latest_only_with_trigger.py
[2024-03-27T00:22:44.788+0000] {processor.py:830} INFO - Processing file /home/airflow/.local/lib/python3.8/site-packages/airflow/example_dags/example_latest_only_with_trigger.py for tasks to queue
[2024-03-27T00:22:44.791+0000] {logging_mixin.py:188} INFO - [2024-03-27T00:22:44.791+0000] {dagbag.py:540} INFO - Filling up the DagBag from /home/airflow/.local/lib/python3.8/site-packages/airflow/example_dags/example_latest_only_with_trigger.py
[2024-03-27T00:22:44.799+0000] {processor.py:840} INFO - DAG(s) 'latest_only_with_trigger' retrieved from /home/airflow/.local/lib/python3.8/site-packages/airflow/example_dags/example_latest_only_with_trigger.py
[2024-03-27T00:22:44.818+0000] {logging_mixin.py:188} INFO - [2024-03-27T00:22:44.818+0000] {dag.py:3047} INFO - Sync 1 DAGs
[2024-03-27T00:22:44.833+0000] {logging_mixin.py:188} INFO - [2024-03-27T00:22:44.833+0000] {dag.py:3834} INFO - Setting next_dagrun for latest_only_with_trigger to 2024-03-26 20:00:00+00:00, run_after=2024-03-27 00:00:00+00:00
[2024-03-27T00:22:44.843+0000] {processor.py:183} INFO - Processing /home/airflow/.local/lib/python3.8/site-packages/airflow/example_dags/example_latest_only_with_trigger.py took 0.062 seconds
[2024-03-27T00:23:15.491+0000] {processor.py:161} INFO - Started process (PID=7386) to work on /home/airflow/.local/lib/python3.8/site-packages/airflow/example_dags/example_latest_only_with_trigger.py
[2024-03-27T00:23:15.493+0000] {processor.py:830} INFO - Processing file /home/airflow/.local/lib/python3.8/site-packages/airflow/example_dags/example_latest_only_with_trigger.py for tasks to queue
[2024-03-27T00:23:15.496+0000] {logging_mixin.py:188} INFO - [2024-03-27T00:23:15.495+0000] {dagbag.py:540} INFO - Filling up the DagBag from /home/airflow/.local/lib/python3.8/site-packages/airflow/example_dags/example_latest_only_with_trigger.py
[2024-03-27T00:23:15.503+0000] {processor.py:840} INFO - DAG(s) 'latest_only_with_trigger' retrieved from /home/airflow/.local/lib/python3.8/site-packages/airflow/example_dags/example_latest_only_with_trigger.py
[2024-03-27T00:23:15.523+0000] {logging_mixin.py:188} INFO - [2024-03-27T00:23:15.523+0000] {dag.py:3047} INFO - Sync 1 DAGs
[2024-03-27T00:23:15.538+0000] {logging_mixin.py:188} INFO - [2024-03-27T00:23:15.538+0000] {dag.py:3834} INFO - Setting next_dagrun for latest_only_with_trigger to 2024-03-26 20:00:00+00:00, run_after=2024-03-27 00:00:00+00:00
[2024-03-27T00:23:15.548+0000] {processor.py:183} INFO - Processing /home/airflow/.local/lib/python3.8/site-packages/airflow/example_dags/example_latest_only_with_trigger.py took 0.063 seconds
[2024-03-27T00:23:46.126+0000] {processor.py:161} INFO - Started process (PID=7441) to work on /home/airflow/.local/lib/python3.8/site-packages/airflow/example_dags/example_latest_only_with_trigger.py
[2024-03-27T00:23:46.127+0000] {processor.py:830} INFO - Processing file /home/airflow/.local/lib/python3.8/site-packages/airflow/example_dags/example_latest_only_with_trigger.py for tasks to queue
[2024-03-27T00:23:46.130+0000] {logging_mixin.py:188} INFO - [2024-03-27T00:23:46.129+0000] {dagbag.py:540} INFO - Filling up the DagBag from /home/airflow/.local/lib/python3.8/site-packages/airflow/example_dags/example_latest_only_with_trigger.py
[2024-03-27T00:23:46.136+0000] {processor.py:840} INFO - DAG(s) 'latest_only_with_trigger' retrieved from /home/airflow/.local/lib/python3.8/site-packages/airflow/example_dags/example_latest_only_with_trigger.py
[2024-03-27T00:23:46.152+0000] {logging_mixin.py:188} INFO - [2024-03-27T00:23:46.152+0000] {dag.py:3047} INFO - Sync 1 DAGs
[2024-03-27T00:23:46.165+0000] {logging_mixin.py:188} INFO - [2024-03-27T00:23:46.165+0000] {dag.py:3834} INFO - Setting next_dagrun for latest_only_with_trigger to 2024-03-26 20:00:00+00:00, run_after=2024-03-27 00:00:00+00:00
[2024-03-27T00:23:46.175+0000] {processor.py:183} INFO - Processing /home/airflow/.local/lib/python3.8/site-packages/airflow/example_dags/example_latest_only_with_trigger.py took 0.053 seconds
[2024-03-27T00:24:16.812+0000] {processor.py:161} INFO - Started process (PID=7496) to work on /home/airflow/.local/lib/python3.8/site-packages/airflow/example_dags/example_latest_only_with_trigger.py
[2024-03-27T00:24:16.814+0000] {processor.py:830} INFO - Processing file /home/airflow/.local/lib/python3.8/site-packages/airflow/example_dags/example_latest_only_with_trigger.py for tasks to queue
[2024-03-27T00:24:16.817+0000] {logging_mixin.py:188} INFO - [2024-03-27T00:24:16.816+0000] {dagbag.py:540} INFO - Filling up the DagBag from /home/airflow/.local/lib/python3.8/site-packages/airflow/example_dags/example_latest_only_with_trigger.py
[2024-03-27T00:24:16.824+0000] {processor.py:840} INFO - DAG(s) 'latest_only_with_trigger' retrieved from /home/airflow/.local/lib/python3.8/site-packages/airflow/example_dags/example_latest_only_with_trigger.py
[2024-03-27T00:24:16.842+0000] {logging_mixin.py:188} INFO - [2024-03-27T00:24:16.842+0000] {dag.py:3047} INFO - Sync 1 DAGs
[2024-03-27T00:24:16.857+0000] {logging_mixin.py:188} INFO - [2024-03-27T00:24:16.857+0000] {dag.py:3834} INFO - Setting next_dagrun for latest_only_with_trigger to 2024-03-26 20:00:00+00:00, run_after=2024-03-27 00:00:00+00:00
[2024-03-27T00:24:16.867+0000] {processor.py:183} INFO - Processing /home/airflow/.local/lib/python3.8/site-packages/airflow/example_dags/example_latest_only_with_trigger.py took 0.060 seconds
[2024-03-27T00:24:47.704+0000] {processor.py:161} INFO - Started process (PID=7551) to work on /home/airflow/.local/lib/python3.8/site-packages/airflow/example_dags/example_latest_only_with_trigger.py
[2024-03-27T00:24:47.705+0000] {processor.py:830} INFO - Processing file /home/airflow/.local/lib/python3.8/site-packages/airflow/example_dags/example_latest_only_with_trigger.py for tasks to queue
[2024-03-27T00:24:47.709+0000] {logging_mixin.py:188} INFO - [2024-03-27T00:24:47.709+0000] {dagbag.py:540} INFO - Filling up the DagBag from /home/airflow/.local/lib/python3.8/site-packages/airflow/example_dags/example_latest_only_with_trigger.py
[2024-03-27T00:24:47.717+0000] {processor.py:840} INFO - DAG(s) 'latest_only_with_trigger' retrieved from /home/airflow/.local/lib/python3.8/site-packages/airflow/example_dags/example_latest_only_with_trigger.py
[2024-03-27T00:24:47.731+0000] {logging_mixin.py:188} INFO - [2024-03-27T00:24:47.731+0000] {dag.py:3047} INFO - Sync 1 DAGs
[2024-03-27T00:24:47.749+0000] {logging_mixin.py:188} INFO - [2024-03-27T00:24:47.748+0000] {dag.py:3834} INFO - Setting next_dagrun for latest_only_with_trigger to 2024-03-26 20:00:00+00:00, run_after=2024-03-27 00:00:00+00:00
[2024-03-27T00:24:47.761+0000] {processor.py:183} INFO - Processing /home/airflow/.local/lib/python3.8/site-packages/airflow/example_dags/example_latest_only_with_trigger.py took 0.061 seconds
[2024-03-27T00:31:02.877+0000] {processor.py:161} INFO - Started process (PID=7606) to work on /home/airflow/.local/lib/python3.8/site-packages/airflow/example_dags/example_latest_only_with_trigger.py
[2024-03-27T00:31:02.878+0000] {processor.py:830} INFO - Processing file /home/airflow/.local/lib/python3.8/site-packages/airflow/example_dags/example_latest_only_with_trigger.py for tasks to queue
[2024-03-27T00:31:02.879+0000] {logging_mixin.py:188} INFO - [2024-03-27T00:31:02.879+0000] {dagbag.py:540} INFO - Filling up the DagBag from /home/airflow/.local/lib/python3.8/site-packages/airflow/example_dags/example_latest_only_with_trigger.py
[2024-03-27T00:31:02.882+0000] {processor.py:840} INFO - DAG(s) 'latest_only_with_trigger' retrieved from /home/airflow/.local/lib/python3.8/site-packages/airflow/example_dags/example_latest_only_with_trigger.py
[2024-03-27T00:31:02.895+0000] {logging_mixin.py:188} INFO - [2024-03-27T00:31:02.895+0000] {dag.py:3047} INFO - Sync 1 DAGs
[2024-03-27T00:31:02.907+0000] {logging_mixin.py:188} INFO - [2024-03-27T00:31:02.907+0000] {dag.py:3834} INFO - Setting next_dagrun for latest_only_with_trigger to 2024-03-26 20:00:00+00:00, run_after=2024-03-27 00:00:00+00:00
[2024-03-27T00:31:02.921+0000] {processor.py:183} INFO - Processing /home/airflow/.local/lib/python3.8/site-packages/airflow/example_dags/example_latest_only_with_trigger.py took 0.046 seconds
[2024-03-27T00:34:03.250+0000] {processor.py:161} INFO - Started process (PID=7661) to work on /home/airflow/.local/lib/python3.8/site-packages/airflow/example_dags/example_latest_only_with_trigger.py
[2024-03-27T00:34:03.251+0000] {processor.py:830} INFO - Processing file /home/airflow/.local/lib/python3.8/site-packages/airflow/example_dags/example_latest_only_with_trigger.py for tasks to queue
[2024-03-27T00:34:03.252+0000] {logging_mixin.py:188} INFO - [2024-03-27T00:34:03.251+0000] {dagbag.py:540} INFO - Filling up the DagBag from /home/airflow/.local/lib/python3.8/site-packages/airflow/example_dags/example_latest_only_with_trigger.py
[2024-03-27T00:34:03.254+0000] {processor.py:840} INFO - DAG(s) 'latest_only_with_trigger' retrieved from /home/airflow/.local/lib/python3.8/site-packages/airflow/example_dags/example_latest_only_with_trigger.py
[2024-03-27T00:34:03.264+0000] {logging_mixin.py:188} INFO - [2024-03-27T00:34:03.264+0000] {dag.py:3047} INFO - Sync 1 DAGs
[2024-03-27T00:34:03.274+0000] {logging_mixin.py:188} INFO - [2024-03-27T00:34:03.274+0000] {dag.py:3834} INFO - Setting next_dagrun for latest_only_with_trigger to 2024-03-26 20:00:00+00:00, run_after=2024-03-27 00:00:00+00:00
[2024-03-27T00:34:03.282+0000] {processor.py:183} INFO - Processing /home/airflow/.local/lib/python3.8/site-packages/airflow/example_dags/example_latest_only_with_trigger.py took 0.033 seconds
[2024-03-27T00:40:17.068+0000] {processor.py:161} INFO - Started process (PID=7716) to work on /home/airflow/.local/lib/python3.8/site-packages/airflow/example_dags/example_latest_only_with_trigger.py
[2024-03-27T00:40:17.072+0000] {processor.py:830} INFO - Processing file /home/airflow/.local/lib/python3.8/site-packages/airflow/example_dags/example_latest_only_with_trigger.py for tasks to queue
[2024-03-27T00:40:17.075+0000] {logging_mixin.py:188} INFO - [2024-03-27T00:40:17.075+0000] {dagbag.py:540} INFO - Filling up the DagBag from /home/airflow/.local/lib/python3.8/site-packages/airflow/example_dags/example_latest_only_with_trigger.py
[2024-03-27T00:40:17.083+0000] {processor.py:840} INFO - DAG(s) 'latest_only_with_trigger' retrieved from /home/airflow/.local/lib/python3.8/site-packages/airflow/example_dags/example_latest_only_with_trigger.py
[2024-03-27T00:40:17.120+0000] {logging_mixin.py:188} INFO - [2024-03-27T00:40:17.120+0000] {dag.py:3047} INFO - Sync 1 DAGs
[2024-03-27T00:40:17.162+0000] {logging_mixin.py:188} INFO - [2024-03-27T00:40:17.162+0000] {dag.py:3834} INFO - Setting next_dagrun for latest_only_with_trigger to 2024-03-26 20:00:00+00:00, run_after=2024-03-27 00:00:00+00:00
[2024-03-27T00:40:17.207+0000] {processor.py:183} INFO - Processing /home/airflow/.local/lib/python3.8/site-packages/airflow/example_dags/example_latest_only_with_trigger.py took 0.146 seconds
[2024-03-27T00:41:13.694+0000] {processor.py:161} INFO - Started process (PID=7771) to work on /home/airflow/.local/lib/python3.8/site-packages/airflow/example_dags/example_latest_only_with_trigger.py
[2024-03-27T00:41:13.694+0000] {processor.py:830} INFO - Processing file /home/airflow/.local/lib/python3.8/site-packages/airflow/example_dags/example_latest_only_with_trigger.py for tasks to queue
[2024-03-27T00:41:13.695+0000] {logging_mixin.py:188} INFO - [2024-03-27T00:41:13.695+0000] {dagbag.py:540} INFO - Filling up the DagBag from /home/airflow/.local/lib/python3.8/site-packages/airflow/example_dags/example_latest_only_with_trigger.py
[2024-03-27T00:41:13.698+0000] {processor.py:840} INFO - DAG(s) 'latest_only_with_trigger' retrieved from /home/airflow/.local/lib/python3.8/site-packages/airflow/example_dags/example_latest_only_with_trigger.py
[2024-03-27T00:41:13.710+0000] {logging_mixin.py:188} INFO - [2024-03-27T00:41:13.710+0000] {dag.py:3047} INFO - Sync 1 DAGs
[2024-03-27T00:41:13.722+0000] {logging_mixin.py:188} INFO - [2024-03-27T00:41:13.722+0000] {dag.py:3834} INFO - Setting next_dagrun for latest_only_with_trigger to 2024-03-26 20:00:00+00:00, run_after=2024-03-27 00:00:00+00:00
[2024-03-27T00:41:13.731+0000] {processor.py:183} INFO - Processing /home/airflow/.local/lib/python3.8/site-packages/airflow/example_dags/example_latest_only_with_trigger.py took 0.040 seconds
[2024-03-27T00:42:56.265+0000] {processor.py:161} INFO - Started process (PID=7826) to work on /home/airflow/.local/lib/python3.8/site-packages/airflow/example_dags/example_latest_only_with_trigger.py
[2024-03-27T00:42:56.265+0000] {processor.py:830} INFO - Processing file /home/airflow/.local/lib/python3.8/site-packages/airflow/example_dags/example_latest_only_with_trigger.py for tasks to queue
[2024-03-27T00:42:56.266+0000] {logging_mixin.py:188} INFO - [2024-03-27T00:42:56.266+0000] {dagbag.py:540} INFO - Filling up the DagBag from /home/airflow/.local/lib/python3.8/site-packages/airflow/example_dags/example_latest_only_with_trigger.py
[2024-03-27T00:42:56.269+0000] {processor.py:840} INFO - DAG(s) 'latest_only_with_trigger' retrieved from /home/airflow/.local/lib/python3.8/site-packages/airflow/example_dags/example_latest_only_with_trigger.py
[2024-03-27T00:42:56.280+0000] {logging_mixin.py:188} INFO - [2024-03-27T00:42:56.280+0000] {dag.py:3047} INFO - Sync 1 DAGs
[2024-03-27T00:42:56.291+0000] {logging_mixin.py:188} INFO - [2024-03-27T00:42:56.291+0000] {dag.py:3834} INFO - Setting next_dagrun for latest_only_with_trigger to 2024-03-26 20:00:00+00:00, run_after=2024-03-27 00:00:00+00:00
[2024-03-27T00:42:56.300+0000] {processor.py:183} INFO - Processing /home/airflow/.local/lib/python3.8/site-packages/airflow/example_dags/example_latest_only_with_trigger.py took 0.037 seconds
[2024-03-27T00:45:42.489+0000] {processor.py:161} INFO - Started process (PID=7881) to work on /home/airflow/.local/lib/python3.8/site-packages/airflow/example_dags/example_latest_only_with_trigger.py
[2024-03-27T00:45:42.490+0000] {processor.py:830} INFO - Processing file /home/airflow/.local/lib/python3.8/site-packages/airflow/example_dags/example_latest_only_with_trigger.py for tasks to queue
[2024-03-27T00:45:42.491+0000] {logging_mixin.py:188} INFO - [2024-03-27T00:45:42.491+0000] {dagbag.py:540} INFO - Filling up the DagBag from /home/airflow/.local/lib/python3.8/site-packages/airflow/example_dags/example_latest_only_with_trigger.py
[2024-03-27T00:45:42.494+0000] {processor.py:840} INFO - DAG(s) 'latest_only_with_trigger' retrieved from /home/airflow/.local/lib/python3.8/site-packages/airflow/example_dags/example_latest_only_with_trigger.py
[2024-03-27T00:45:42.505+0000] {logging_mixin.py:188} INFO - [2024-03-27T00:45:42.505+0000] {dag.py:3047} INFO - Sync 1 DAGs
[2024-03-27T00:45:42.516+0000] {logging_mixin.py:188} INFO - [2024-03-27T00:45:42.515+0000] {dag.py:3834} INFO - Setting next_dagrun for latest_only_with_trigger to 2024-03-26 20:00:00+00:00, run_after=2024-03-27 00:00:00+00:00
[2024-03-27T00:45:42.524+0000] {processor.py:183} INFO - Processing /home/airflow/.local/lib/python3.8/site-packages/airflow/example_dags/example_latest_only_with_trigger.py took 0.037 seconds
[2024-03-27T00:49:39.621+0000] {processor.py:161} INFO - Started process (PID=7936) to work on /home/airflow/.local/lib/python3.8/site-packages/airflow/example_dags/example_latest_only_with_trigger.py
[2024-03-27T00:49:39.622+0000] {processor.py:830} INFO - Processing file /home/airflow/.local/lib/python3.8/site-packages/airflow/example_dags/example_latest_only_with_trigger.py for tasks to queue
[2024-03-27T00:49:39.623+0000] {logging_mixin.py:188} INFO - [2024-03-27T00:49:39.623+0000] {dagbag.py:540} INFO - Filling up the DagBag from /home/airflow/.local/lib/python3.8/site-packages/airflow/example_dags/example_latest_only_with_trigger.py
[2024-03-27T00:49:39.626+0000] {processor.py:840} INFO - DAG(s) 'latest_only_with_trigger' retrieved from /home/airflow/.local/lib/python3.8/site-packages/airflow/example_dags/example_latest_only_with_trigger.py
[2024-03-27T00:49:39.637+0000] {logging_mixin.py:188} INFO - [2024-03-27T00:49:39.637+0000] {dag.py:3047} INFO - Sync 1 DAGs
[2024-03-27T00:49:39.649+0000] {logging_mixin.py:188} INFO - [2024-03-27T00:49:39.649+0000] {dag.py:3834} INFO - Setting next_dagrun for latest_only_with_trigger to 2024-03-26 20:00:00+00:00, run_after=2024-03-27 00:00:00+00:00
[2024-03-27T00:49:39.659+0000] {processor.py:183} INFO - Processing /home/airflow/.local/lib/python3.8/site-packages/airflow/example_dags/example_latest_only_with_trigger.py took 0.040 seconds
[2024-03-27T00:50:38.731+0000] {processor.py:161} INFO - Started process (PID=7991) to work on /home/airflow/.local/lib/python3.8/site-packages/airflow/example_dags/example_latest_only_with_trigger.py
[2024-03-27T00:50:38.732+0000] {processor.py:830} INFO - Processing file /home/airflow/.local/lib/python3.8/site-packages/airflow/example_dags/example_latest_only_with_trigger.py for tasks to queue
[2024-03-27T00:50:38.733+0000] {logging_mixin.py:188} INFO - [2024-03-27T00:50:38.733+0000] {dagbag.py:540} INFO - Filling up the DagBag from /home/airflow/.local/lib/python3.8/site-packages/airflow/example_dags/example_latest_only_with_trigger.py
[2024-03-27T00:50:38.736+0000] {processor.py:840} INFO - DAG(s) 'latest_only_with_trigger' retrieved from /home/airflow/.local/lib/python3.8/site-packages/airflow/example_dags/example_latest_only_with_trigger.py
[2024-03-27T00:50:38.746+0000] {logging_mixin.py:188} INFO - [2024-03-27T00:50:38.746+0000] {dag.py:3047} INFO - Sync 1 DAGs
[2024-03-27T00:50:38.756+0000] {logging_mixin.py:188} INFO - [2024-03-27T00:50:38.756+0000] {dag.py:3834} INFO - Setting next_dagrun for latest_only_with_trigger to 2024-03-26 20:00:00+00:00, run_after=2024-03-27 00:00:00+00:00
[2024-03-27T00:50:38.765+0000] {processor.py:183} INFO - Processing /home/airflow/.local/lib/python3.8/site-packages/airflow/example_dags/example_latest_only_with_trigger.py took 0.036 seconds
[2024-03-27T00:51:23.725+0000] {processor.py:161} INFO - Started process (PID=8046) to work on /home/airflow/.local/lib/python3.8/site-packages/airflow/example_dags/example_latest_only_with_trigger.py
[2024-03-27T00:51:23.726+0000] {processor.py:830} INFO - Processing file /home/airflow/.local/lib/python3.8/site-packages/airflow/example_dags/example_latest_only_with_trigger.py for tasks to queue
[2024-03-27T00:51:23.727+0000] {logging_mixin.py:188} INFO - [2024-03-27T00:51:23.727+0000] {dagbag.py:540} INFO - Filling up the DagBag from /home/airflow/.local/lib/python3.8/site-packages/airflow/example_dags/example_latest_only_with_trigger.py
[2024-03-27T00:51:23.730+0000] {processor.py:840} INFO - DAG(s) 'latest_only_with_trigger' retrieved from /home/airflow/.local/lib/python3.8/site-packages/airflow/example_dags/example_latest_only_with_trigger.py
[2024-03-27T00:51:23.742+0000] {logging_mixin.py:188} INFO - [2024-03-27T00:51:23.742+0000] {dag.py:3047} INFO - Sync 1 DAGs
[2024-03-27T00:51:23.753+0000] {logging_mixin.py:188} INFO - [2024-03-27T00:51:23.753+0000] {dag.py:3834} INFO - Setting next_dagrun for latest_only_with_trigger to 2024-03-26 20:00:00+00:00, run_after=2024-03-27 00:00:00+00:00
[2024-03-27T00:51:23.762+0000] {processor.py:183} INFO - Processing /home/airflow/.local/lib/python3.8/site-packages/airflow/example_dags/example_latest_only_with_trigger.py took 0.039 seconds
[2024-03-27T00:53:01.090+0000] {processor.py:161} INFO - Started process (PID=8101) to work on /home/airflow/.local/lib/python3.8/site-packages/airflow/example_dags/example_latest_only_with_trigger.py
[2024-03-27T00:53:01.091+0000] {processor.py:830} INFO - Processing file /home/airflow/.local/lib/python3.8/site-packages/airflow/example_dags/example_latest_only_with_trigger.py for tasks to queue
[2024-03-27T00:53:01.092+0000] {logging_mixin.py:188} INFO - [2024-03-27T00:53:01.092+0000] {dagbag.py:540} INFO - Filling up the DagBag from /home/airflow/.local/lib/python3.8/site-packages/airflow/example_dags/example_latest_only_with_trigger.py
[2024-03-27T00:53:01.095+0000] {processor.py:840} INFO - DAG(s) 'latest_only_with_trigger' retrieved from /home/airflow/.local/lib/python3.8/site-packages/airflow/example_dags/example_latest_only_with_trigger.py
[2024-03-27T00:53:01.106+0000] {logging_mixin.py:188} INFO - [2024-03-27T00:53:01.105+0000] {dag.py:3047} INFO - Sync 1 DAGs
[2024-03-27T00:53:01.116+0000] {logging_mixin.py:188} INFO - [2024-03-27T00:53:01.116+0000] {dag.py:3834} INFO - Setting next_dagrun for latest_only_with_trigger to 2024-03-26 20:00:00+00:00, run_after=2024-03-27 00:00:00+00:00
[2024-03-27T00:53:01.125+0000] {processor.py:183} INFO - Processing /home/airflow/.local/lib/python3.8/site-packages/airflow/example_dags/example_latest_only_with_trigger.py took 0.037 seconds
[2024-03-27T00:54:00.422+0000] {processor.py:161} INFO - Started process (PID=8156) to work on /home/airflow/.local/lib/python3.8/site-packages/airflow/example_dags/example_latest_only_with_trigger.py
[2024-03-27T00:54:00.422+0000] {processor.py:830} INFO - Processing file /home/airflow/.local/lib/python3.8/site-packages/airflow/example_dags/example_latest_only_with_trigger.py for tasks to queue
[2024-03-27T00:54:00.423+0000] {logging_mixin.py:188} INFO - [2024-03-27T00:54:00.423+0000] {dagbag.py:540} INFO - Filling up the DagBag from /home/airflow/.local/lib/python3.8/site-packages/airflow/example_dags/example_latest_only_with_trigger.py
[2024-03-27T00:54:00.426+0000] {processor.py:840} INFO - DAG(s) 'latest_only_with_trigger' retrieved from /home/airflow/.local/lib/python3.8/site-packages/airflow/example_dags/example_latest_only_with_trigger.py
[2024-03-27T00:54:00.436+0000] {logging_mixin.py:188} INFO - [2024-03-27T00:54:00.436+0000] {dag.py:3047} INFO - Sync 1 DAGs
[2024-03-27T00:54:00.447+0000] {logging_mixin.py:188} INFO - [2024-03-27T00:54:00.446+0000] {dag.py:3834} INFO - Setting next_dagrun for latest_only_with_trigger to 2024-03-26 20:00:00+00:00, run_after=2024-03-27 00:00:00+00:00
[2024-03-27T00:54:00.455+0000] {processor.py:183} INFO - Processing /home/airflow/.local/lib/python3.8/site-packages/airflow/example_dags/example_latest_only_with_trigger.py took 0.035 seconds
[2024-03-27T00:54:44.050+0000] {processor.py:161} INFO - Started process (PID=8211) to work on /home/airflow/.local/lib/python3.8/site-packages/airflow/example_dags/example_latest_only_with_trigger.py
[2024-03-27T00:54:44.050+0000] {processor.py:830} INFO - Processing file /home/airflow/.local/lib/python3.8/site-packages/airflow/example_dags/example_latest_only_with_trigger.py for tasks to queue
[2024-03-27T00:54:44.054+0000] {logging_mixin.py:188} INFO - [2024-03-27T00:54:44.054+0000] {dagbag.py:540} INFO - Filling up the DagBag from /home/airflow/.local/lib/python3.8/site-packages/airflow/example_dags/example_latest_only_with_trigger.py
[2024-03-27T00:54:44.057+0000] {processor.py:840} INFO - DAG(s) 'latest_only_with_trigger' retrieved from /home/airflow/.local/lib/python3.8/site-packages/airflow/example_dags/example_latest_only_with_trigger.py
[2024-03-27T00:54:44.067+0000] {logging_mixin.py:188} INFO - [2024-03-27T00:54:44.067+0000] {dag.py:3047} INFO - Sync 1 DAGs
[2024-03-27T00:54:44.078+0000] {logging_mixin.py:188} INFO - [2024-03-27T00:54:44.078+0000] {dag.py:3834} INFO - Setting next_dagrun for latest_only_with_trigger to 2024-03-26 20:00:00+00:00, run_after=2024-03-27 00:00:00+00:00
[2024-03-27T00:54:44.086+0000] {processor.py:183} INFO - Processing /home/airflow/.local/lib/python3.8/site-packages/airflow/example_dags/example_latest_only_with_trigger.py took 0.038 seconds
[2024-03-27T00:55:16.900+0000] {processor.py:161} INFO - Started process (PID=8266) to work on /home/airflow/.local/lib/python3.8/site-packages/airflow/example_dags/example_latest_only_with_trigger.py
[2024-03-27T00:55:16.901+0000] {processor.py:830} INFO - Processing file /home/airflow/.local/lib/python3.8/site-packages/airflow/example_dags/example_latest_only_with_trigger.py for tasks to queue
[2024-03-27T00:55:16.902+0000] {logging_mixin.py:188} INFO - [2024-03-27T00:55:16.902+0000] {dagbag.py:540} INFO - Filling up the DagBag from /home/airflow/.local/lib/python3.8/site-packages/airflow/example_dags/example_latest_only_with_trigger.py
[2024-03-27T00:55:16.905+0000] {processor.py:840} INFO - DAG(s) 'latest_only_with_trigger' retrieved from /home/airflow/.local/lib/python3.8/site-packages/airflow/example_dags/example_latest_only_with_trigger.py
[2024-03-27T00:55:16.916+0000] {logging_mixin.py:188} INFO - [2024-03-27T00:55:16.916+0000] {dag.py:3047} INFO - Sync 1 DAGs
[2024-03-27T00:55:16.926+0000] {logging_mixin.py:188} INFO - [2024-03-27T00:55:16.926+0000] {dag.py:3834} INFO - Setting next_dagrun for latest_only_with_trigger to 2024-03-26 20:00:00+00:00, run_after=2024-03-27 00:00:00+00:00
[2024-03-27T00:55:16.934+0000] {processor.py:183} INFO - Processing /home/airflow/.local/lib/python3.8/site-packages/airflow/example_dags/example_latest_only_with_trigger.py took 0.036 seconds
[2024-03-27T00:55:59.114+0000] {processor.py:161} INFO - Started process (PID=8320) to work on /home/airflow/.local/lib/python3.8/site-packages/airflow/example_dags/example_latest_only_with_trigger.py
[2024-03-27T00:55:59.114+0000] {processor.py:830} INFO - Processing file /home/airflow/.local/lib/python3.8/site-packages/airflow/example_dags/example_latest_only_with_trigger.py for tasks to queue
[2024-03-27T00:55:59.115+0000] {logging_mixin.py:188} INFO - [2024-03-27T00:55:59.115+0000] {dagbag.py:540} INFO - Filling up the DagBag from /home/airflow/.local/lib/python3.8/site-packages/airflow/example_dags/example_latest_only_with_trigger.py
[2024-03-27T00:55:59.118+0000] {processor.py:840} INFO - DAG(s) 'latest_only_with_trigger' retrieved from /home/airflow/.local/lib/python3.8/site-packages/airflow/example_dags/example_latest_only_with_trigger.py
[2024-03-27T00:55:59.129+0000] {logging_mixin.py:188} INFO - [2024-03-27T00:55:59.129+0000] {dag.py:3047} INFO - Sync 1 DAGs
[2024-03-27T00:55:59.140+0000] {logging_mixin.py:188} INFO - [2024-03-27T00:55:59.140+0000] {dag.py:3834} INFO - Setting next_dagrun for latest_only_with_trigger to 2024-03-26 20:00:00+00:00, run_after=2024-03-27 00:00:00+00:00
[2024-03-27T00:55:59.149+0000] {processor.py:183} INFO - Processing /home/airflow/.local/lib/python3.8/site-packages/airflow/example_dags/example_latest_only_with_trigger.py took 0.037 seconds
[2024-03-27T00:58:45.771+0000] {processor.py:161} INFO - Started process (PID=8375) to work on /home/airflow/.local/lib/python3.8/site-packages/airflow/example_dags/example_latest_only_with_trigger.py
[2024-03-27T00:58:45.772+0000] {processor.py:830} INFO - Processing file /home/airflow/.local/lib/python3.8/site-packages/airflow/example_dags/example_latest_only_with_trigger.py for tasks to queue
[2024-03-27T00:58:45.773+0000] {logging_mixin.py:188} INFO - [2024-03-27T00:58:45.772+0000] {dagbag.py:540} INFO - Filling up the DagBag from /home/airflow/.local/lib/python3.8/site-packages/airflow/example_dags/example_latest_only_with_trigger.py
[2024-03-27T00:58:45.776+0000] {processor.py:840} INFO - DAG(s) 'latest_only_with_trigger' retrieved from /home/airflow/.local/lib/python3.8/site-packages/airflow/example_dags/example_latest_only_with_trigger.py
[2024-03-27T00:58:45.786+0000] {logging_mixin.py:188} INFO - [2024-03-27T00:58:45.786+0000] {dag.py:3047} INFO - Sync 1 DAGs
[2024-03-27T00:58:45.796+0000] {logging_mixin.py:188} INFO - [2024-03-27T00:58:45.796+0000] {dag.py:3834} INFO - Setting next_dagrun for latest_only_with_trigger to 2024-03-26 20:00:00+00:00, run_after=2024-03-27 00:00:00+00:00
[2024-03-27T00:58:45.805+0000] {processor.py:183} INFO - Processing /home/airflow/.local/lib/python3.8/site-packages/airflow/example_dags/example_latest_only_with_trigger.py took 0.035 seconds
[2024-03-27T01:01:15.311+0000] {processor.py:161} INFO - Started process (PID=8430) to work on /home/airflow/.local/lib/python3.8/site-packages/airflow/example_dags/example_latest_only_with_trigger.py
[2024-03-27T01:01:15.312+0000] {processor.py:830} INFO - Processing file /home/airflow/.local/lib/python3.8/site-packages/airflow/example_dags/example_latest_only_with_trigger.py for tasks to queue
[2024-03-27T01:01:15.313+0000] {logging_mixin.py:188} INFO - [2024-03-27T01:01:15.313+0000] {dagbag.py:540} INFO - Filling up the DagBag from /home/airflow/.local/lib/python3.8/site-packages/airflow/example_dags/example_latest_only_with_trigger.py
[2024-03-27T01:01:15.316+0000] {processor.py:840} INFO - DAG(s) 'latest_only_with_trigger' retrieved from /home/airflow/.local/lib/python3.8/site-packages/airflow/example_dags/example_latest_only_with_trigger.py
[2024-03-27T01:01:15.327+0000] {logging_mixin.py:188} INFO - [2024-03-27T01:01:15.327+0000] {dag.py:3047} INFO - Sync 1 DAGs
[2024-03-27T01:01:15.337+0000] {logging_mixin.py:188} INFO - [2024-03-27T01:01:15.337+0000] {dag.py:3834} INFO - Setting next_dagrun for latest_only_with_trigger to 2024-03-26 20:00:00+00:00, run_after=2024-03-27 00:00:00+00:00
[2024-03-27T01:01:15.345+0000] {processor.py:183} INFO - Processing /home/airflow/.local/lib/python3.8/site-packages/airflow/example_dags/example_latest_only_with_trigger.py took 0.035 seconds
[2024-03-27T01:04:44.395+0000] {processor.py:161} INFO - Started process (PID=8485) to work on /home/airflow/.local/lib/python3.8/site-packages/airflow/example_dags/example_latest_only_with_trigger.py
[2024-03-27T01:04:44.396+0000] {processor.py:830} INFO - Processing file /home/airflow/.local/lib/python3.8/site-packages/airflow/example_dags/example_latest_only_with_trigger.py for tasks to queue
[2024-03-27T01:04:44.398+0000] {logging_mixin.py:188} INFO - [2024-03-27T01:04:44.398+0000] {dagbag.py:540} INFO - Filling up the DagBag from /home/airflow/.local/lib/python3.8/site-packages/airflow/example_dags/example_latest_only_with_trigger.py
[2024-03-27T01:04:44.402+0000] {processor.py:840} INFO - DAG(s) 'latest_only_with_trigger' retrieved from /home/airflow/.local/lib/python3.8/site-packages/airflow/example_dags/example_latest_only_with_trigger.py
[2024-03-27T01:04:44.418+0000] {logging_mixin.py:188} INFO - [2024-03-27T01:04:44.418+0000] {dag.py:3047} INFO - Sync 1 DAGs
[2024-03-27T01:04:44.433+0000] {logging_mixin.py:188} INFO - [2024-03-27T01:04:44.433+0000] {dag.py:3834} INFO - Setting next_dagrun for latest_only_with_trigger to 2024-03-26 20:00:00+00:00, run_after=2024-03-27 00:00:00+00:00
[2024-03-27T01:04:44.443+0000] {processor.py:183} INFO - Processing /home/airflow/.local/lib/python3.8/site-packages/airflow/example_dags/example_latest_only_with_trigger.py took 0.051 seconds
[2024-03-27T01:08:49.622+0000] {processor.py:161} INFO - Started process (PID=8540) to work on /home/airflow/.local/lib/python3.8/site-packages/airflow/example_dags/example_latest_only_with_trigger.py
[2024-03-27T01:08:49.623+0000] {processor.py:830} INFO - Processing file /home/airflow/.local/lib/python3.8/site-packages/airflow/example_dags/example_latest_only_with_trigger.py for tasks to queue
[2024-03-27T01:08:49.624+0000] {logging_mixin.py:188} INFO - [2024-03-27T01:08:49.623+0000] {dagbag.py:540} INFO - Filling up the DagBag from /home/airflow/.local/lib/python3.8/site-packages/airflow/example_dags/example_latest_only_with_trigger.py
[2024-03-27T01:08:49.627+0000] {processor.py:840} INFO - DAG(s) 'latest_only_with_trigger' retrieved from /home/airflow/.local/lib/python3.8/site-packages/airflow/example_dags/example_latest_only_with_trigger.py
[2024-03-27T01:08:49.638+0000] {logging_mixin.py:188} INFO - [2024-03-27T01:08:49.638+0000] {dag.py:3047} INFO - Sync 1 DAGs
[2024-03-27T01:08:49.650+0000] {logging_mixin.py:188} INFO - [2024-03-27T01:08:49.650+0000] {dag.py:3834} INFO - Setting next_dagrun for latest_only_with_trigger to 2024-03-26 20:00:00+00:00, run_after=2024-03-27 00:00:00+00:00
[2024-03-27T01:08:49.660+0000] {processor.py:183} INFO - Processing /home/airflow/.local/lib/python3.8/site-packages/airflow/example_dags/example_latest_only_with_trigger.py took 0.042 seconds
[2024-03-27T01:13:47.949+0000] {processor.py:161} INFO - Started process (PID=8595) to work on /home/airflow/.local/lib/python3.8/site-packages/airflow/example_dags/example_latest_only_with_trigger.py
[2024-03-27T01:13:47.950+0000] {processor.py:830} INFO - Processing file /home/airflow/.local/lib/python3.8/site-packages/airflow/example_dags/example_latest_only_with_trigger.py for tasks to queue
[2024-03-27T01:13:47.951+0000] {logging_mixin.py:188} INFO - [2024-03-27T01:13:47.951+0000] {dagbag.py:540} INFO - Filling up the DagBag from /home/airflow/.local/lib/python3.8/site-packages/airflow/example_dags/example_latest_only_with_trigger.py
[2024-03-27T01:13:47.954+0000] {processor.py:840} INFO - DAG(s) 'latest_only_with_trigger' retrieved from /home/airflow/.local/lib/python3.8/site-packages/airflow/example_dags/example_latest_only_with_trigger.py
[2024-03-27T01:13:47.965+0000] {logging_mixin.py:188} INFO - [2024-03-27T01:13:47.965+0000] {dag.py:3047} INFO - Sync 1 DAGs
[2024-03-27T01:13:47.976+0000] {logging_mixin.py:188} INFO - [2024-03-27T01:13:47.976+0000] {dag.py:3834} INFO - Setting next_dagrun for latest_only_with_trigger to 2024-03-26 20:00:00+00:00, run_after=2024-03-27 00:00:00+00:00
[2024-03-27T01:13:47.984+0000] {processor.py:183} INFO - Processing /home/airflow/.local/lib/python3.8/site-packages/airflow/example_dags/example_latest_only_with_trigger.py took 0.037 seconds
[2024-03-27T01:47:16.919+0000] {processor.py:161} INFO - Started process (PID=8650) to work on /home/airflow/.local/lib/python3.8/site-packages/airflow/example_dags/example_latest_only_with_trigger.py
[2024-03-27T01:47:16.920+0000] {processor.py:830} INFO - Processing file /home/airflow/.local/lib/python3.8/site-packages/airflow/example_dags/example_latest_only_with_trigger.py for tasks to queue
[2024-03-27T01:47:16.921+0000] {logging_mixin.py:188} INFO - [2024-03-27T01:47:16.921+0000] {dagbag.py:540} INFO - Filling up the DagBag from /home/airflow/.local/lib/python3.8/site-packages/airflow/example_dags/example_latest_only_with_trigger.py
[2024-03-27T01:47:16.924+0000] {processor.py:840} INFO - DAG(s) 'latest_only_with_trigger' retrieved from /home/airflow/.local/lib/python3.8/site-packages/airflow/example_dags/example_latest_only_with_trigger.py
[2024-03-27T01:47:16.935+0000] {logging_mixin.py:188} INFO - [2024-03-27T01:47:16.935+0000] {dag.py:3047} INFO - Sync 1 DAGs
[2024-03-27T01:47:16.946+0000] {logging_mixin.py:188} INFO - [2024-03-27T01:47:16.946+0000] {dag.py:3834} INFO - Setting next_dagrun for latest_only_with_trigger to 2024-03-26 20:00:00+00:00, run_after=2024-03-27 00:00:00+00:00
[2024-03-27T01:47:16.955+0000] {processor.py:183} INFO - Processing /home/airflow/.local/lib/python3.8/site-packages/airflow/example_dags/example_latest_only_with_trigger.py took 0.037 seconds
[2024-03-27T02:30:30.114+0000] {processor.py:161} INFO - Started process (PID=8705) to work on /home/airflow/.local/lib/python3.8/site-packages/airflow/example_dags/example_latest_only_with_trigger.py
[2024-03-27T02:30:30.115+0000] {processor.py:830} INFO - Processing file /home/airflow/.local/lib/python3.8/site-packages/airflow/example_dags/example_latest_only_with_trigger.py for tasks to queue
[2024-03-27T02:30:30.116+0000] {logging_mixin.py:188} INFO - [2024-03-27T02:30:30.116+0000] {dagbag.py:540} INFO - Filling up the DagBag from /home/airflow/.local/lib/python3.8/site-packages/airflow/example_dags/example_latest_only_with_trigger.py
[2024-03-27T02:30:30.119+0000] {processor.py:840} INFO - DAG(s) 'latest_only_with_trigger' retrieved from /home/airflow/.local/lib/python3.8/site-packages/airflow/example_dags/example_latest_only_with_trigger.py
[2024-03-27T02:30:30.130+0000] {logging_mixin.py:188} INFO - [2024-03-27T02:30:30.130+0000] {dag.py:3047} INFO - Sync 1 DAGs
[2024-03-27T02:30:30.140+0000] {logging_mixin.py:188} INFO - [2024-03-27T02:30:30.140+0000] {dag.py:3834} INFO - Setting next_dagrun for latest_only_with_trigger to 2024-03-26 20:00:00+00:00, run_after=2024-03-27 00:00:00+00:00
[2024-03-27T02:30:30.149+0000] {processor.py:183} INFO - Processing /home/airflow/.local/lib/python3.8/site-packages/airflow/example_dags/example_latest_only_with_trigger.py took 0.037 seconds
[2024-03-27T02:31:20.884+0000] {processor.py:161} INFO - Started process (PID=8760) to work on /home/airflow/.local/lib/python3.8/site-packages/airflow/example_dags/example_latest_only_with_trigger.py
[2024-03-27T02:31:20.885+0000] {processor.py:830} INFO - Processing file /home/airflow/.local/lib/python3.8/site-packages/airflow/example_dags/example_latest_only_with_trigger.py for tasks to queue
[2024-03-27T02:31:20.886+0000] {logging_mixin.py:188} INFO - [2024-03-27T02:31:20.886+0000] {dagbag.py:540} INFO - Filling up the DagBag from /home/airflow/.local/lib/python3.8/site-packages/airflow/example_dags/example_latest_only_with_trigger.py
[2024-03-27T02:31:20.889+0000] {processor.py:840} INFO - DAG(s) 'latest_only_with_trigger' retrieved from /home/airflow/.local/lib/python3.8/site-packages/airflow/example_dags/example_latest_only_with_trigger.py
[2024-03-27T02:31:20.900+0000] {logging_mixin.py:188} INFO - [2024-03-27T02:31:20.899+0000] {dag.py:3047} INFO - Sync 1 DAGs
[2024-03-27T02:31:20.911+0000] {logging_mixin.py:188} INFO - [2024-03-27T02:31:20.910+0000] {dag.py:3834} INFO - Setting next_dagrun for latest_only_with_trigger to 2024-03-26 20:00:00+00:00, run_after=2024-03-27 00:00:00+00:00
[2024-03-27T02:31:20.919+0000] {processor.py:183} INFO - Processing /home/airflow/.local/lib/python3.8/site-packages/airflow/example_dags/example_latest_only_with_trigger.py took 0.037 seconds
[2024-03-27T02:33:49.787+0000] {processor.py:161} INFO - Started process (PID=8815) to work on /home/airflow/.local/lib/python3.8/site-packages/airflow/example_dags/example_latest_only_with_trigger.py
[2024-03-27T02:33:49.788+0000] {processor.py:830} INFO - Processing file /home/airflow/.local/lib/python3.8/site-packages/airflow/example_dags/example_latest_only_with_trigger.py for tasks to queue
[2024-03-27T02:33:49.789+0000] {logging_mixin.py:188} INFO - [2024-03-27T02:33:49.789+0000] {dagbag.py:540} INFO - Filling up the DagBag from /home/airflow/.local/lib/python3.8/site-packages/airflow/example_dags/example_latest_only_with_trigger.py
[2024-03-27T02:33:49.793+0000] {processor.py:840} INFO - DAG(s) 'latest_only_with_trigger' retrieved from /home/airflow/.local/lib/python3.8/site-packages/airflow/example_dags/example_latest_only_with_trigger.py
[2024-03-27T02:33:49.807+0000] {logging_mixin.py:188} INFO - [2024-03-27T02:33:49.807+0000] {dag.py:3047} INFO - Sync 1 DAGs
[2024-03-27T02:33:49.820+0000] {logging_mixin.py:188} INFO - [2024-03-27T02:33:49.820+0000] {dag.py:3834} INFO - Setting next_dagrun for latest_only_with_trigger to 2024-03-26 20:00:00+00:00, run_after=2024-03-27 00:00:00+00:00
[2024-03-27T02:33:49.829+0000] {processor.py:183} INFO - Processing /home/airflow/.local/lib/python3.8/site-packages/airflow/example_dags/example_latest_only_with_trigger.py took 0.045 seconds
[2024-03-27T02:49:01.906+0000] {processor.py:161} INFO - Started process (PID=8870) to work on /home/airflow/.local/lib/python3.8/site-packages/airflow/example_dags/example_latest_only_with_trigger.py
[2024-03-27T02:49:01.909+0000] {processor.py:830} INFO - Processing file /home/airflow/.local/lib/python3.8/site-packages/airflow/example_dags/example_latest_only_with_trigger.py for tasks to queue
[2024-03-27T02:49:01.910+0000] {logging_mixin.py:188} INFO - [2024-03-27T02:49:01.910+0000] {dagbag.py:540} INFO - Filling up the DagBag from /home/airflow/.local/lib/python3.8/site-packages/airflow/example_dags/example_latest_only_with_trigger.py
[2024-03-27T02:49:01.914+0000] {processor.py:840} INFO - DAG(s) 'latest_only_with_trigger' retrieved from /home/airflow/.local/lib/python3.8/site-packages/airflow/example_dags/example_latest_only_with_trigger.py
[2024-03-27T02:49:01.925+0000] {logging_mixin.py:188} INFO - [2024-03-27T02:49:01.925+0000] {dag.py:3047} INFO - Sync 1 DAGs
[2024-03-27T02:49:01.936+0000] {logging_mixin.py:188} INFO - [2024-03-27T02:49:01.936+0000] {dag.py:3834} INFO - Setting next_dagrun for latest_only_with_trigger to 2024-03-26 20:00:00+00:00, run_after=2024-03-27 00:00:00+00:00
[2024-03-27T02:49:01.944+0000] {processor.py:183} INFO - Processing /home/airflow/.local/lib/python3.8/site-packages/airflow/example_dags/example_latest_only_with_trigger.py took 0.041 seconds
[2024-03-27T02:49:32.740+0000] {processor.py:161} INFO - Started process (PID=8925) to work on /home/airflow/.local/lib/python3.8/site-packages/airflow/example_dags/example_latest_only_with_trigger.py
[2024-03-27T02:49:32.741+0000] {processor.py:830} INFO - Processing file /home/airflow/.local/lib/python3.8/site-packages/airflow/example_dags/example_latest_only_with_trigger.py for tasks to queue
[2024-03-27T02:49:32.742+0000] {logging_mixin.py:188} INFO - [2024-03-27T02:49:32.742+0000] {dagbag.py:540} INFO - Filling up the DagBag from /home/airflow/.local/lib/python3.8/site-packages/airflow/example_dags/example_latest_only_with_trigger.py
[2024-03-27T02:49:32.745+0000] {processor.py:840} INFO - DAG(s) 'latest_only_with_trigger' retrieved from /home/airflow/.local/lib/python3.8/site-packages/airflow/example_dags/example_latest_only_with_trigger.py
[2024-03-27T02:49:32.756+0000] {logging_mixin.py:188} INFO - [2024-03-27T02:49:32.756+0000] {dag.py:3047} INFO - Sync 1 DAGs
[2024-03-27T02:49:32.766+0000] {logging_mixin.py:188} INFO - [2024-03-27T02:49:32.766+0000] {dag.py:3834} INFO - Setting next_dagrun for latest_only_with_trigger to 2024-03-26 20:00:00+00:00, run_after=2024-03-27 00:00:00+00:00
[2024-03-27T02:49:32.775+0000] {processor.py:183} INFO - Processing /home/airflow/.local/lib/python3.8/site-packages/airflow/example_dags/example_latest_only_with_trigger.py took 0.037 seconds
[2024-03-27T02:50:03.468+0000] {processor.py:161} INFO - Started process (PID=8980) to work on /home/airflow/.local/lib/python3.8/site-packages/airflow/example_dags/example_latest_only_with_trigger.py
[2024-03-27T02:50:03.468+0000] {processor.py:830} INFO - Processing file /home/airflow/.local/lib/python3.8/site-packages/airflow/example_dags/example_latest_only_with_trigger.py for tasks to queue
[2024-03-27T02:50:03.469+0000] {logging_mixin.py:188} INFO - [2024-03-27T02:50:03.469+0000] {dagbag.py:540} INFO - Filling up the DagBag from /home/airflow/.local/lib/python3.8/site-packages/airflow/example_dags/example_latest_only_with_trigger.py
[2024-03-27T02:50:03.472+0000] {processor.py:840} INFO - DAG(s) 'latest_only_with_trigger' retrieved from /home/airflow/.local/lib/python3.8/site-packages/airflow/example_dags/example_latest_only_with_trigger.py
[2024-03-27T02:50:03.482+0000] {logging_mixin.py:188} INFO - [2024-03-27T02:50:03.482+0000] {dag.py:3047} INFO - Sync 1 DAGs
[2024-03-27T02:50:03.491+0000] {logging_mixin.py:188} INFO - [2024-03-27T02:50:03.491+0000] {dag.py:3834} INFO - Setting next_dagrun for latest_only_with_trigger to 2024-03-26 20:00:00+00:00, run_after=2024-03-27 00:00:00+00:00
[2024-03-27T02:50:03.500+0000] {processor.py:183} INFO - Processing /home/airflow/.local/lib/python3.8/site-packages/airflow/example_dags/example_latest_only_with_trigger.py took 0.033 seconds
[2024-03-27T02:50:34.333+0000] {processor.py:161} INFO - Started process (PID=9035) to work on /home/airflow/.local/lib/python3.8/site-packages/airflow/example_dags/example_latest_only_with_trigger.py
[2024-03-27T02:50:34.334+0000] {processor.py:830} INFO - Processing file /home/airflow/.local/lib/python3.8/site-packages/airflow/example_dags/example_latest_only_with_trigger.py for tasks to queue
[2024-03-27T02:50:34.335+0000] {logging_mixin.py:188} INFO - [2024-03-27T02:50:34.335+0000] {dagbag.py:540} INFO - Filling up the DagBag from /home/airflow/.local/lib/python3.8/site-packages/airflow/example_dags/example_latest_only_with_trigger.py
[2024-03-27T02:50:34.338+0000] {processor.py:840} INFO - DAG(s) 'latest_only_with_trigger' retrieved from /home/airflow/.local/lib/python3.8/site-packages/airflow/example_dags/example_latest_only_with_trigger.py
[2024-03-27T02:50:34.348+0000] {logging_mixin.py:188} INFO - [2024-03-27T02:50:34.348+0000] {dag.py:3047} INFO - Sync 1 DAGs
[2024-03-27T02:50:34.359+0000] {logging_mixin.py:188} INFO - [2024-03-27T02:50:34.359+0000] {dag.py:3834} INFO - Setting next_dagrun for latest_only_with_trigger to 2024-03-26 20:00:00+00:00, run_after=2024-03-27 00:00:00+00:00
[2024-03-27T02:50:34.367+0000] {processor.py:183} INFO - Processing /home/airflow/.local/lib/python3.8/site-packages/airflow/example_dags/example_latest_only_with_trigger.py took 0.036 seconds
[2024-03-27T18:16:33.425+0000] {processor.py:161} INFO - Started process (PID=69) to work on /home/airflow/.local/lib/python3.8/site-packages/airflow/example_dags/example_latest_only_with_trigger.py
[2024-03-27T18:16:33.425+0000] {processor.py:830} INFO - Processing file /home/airflow/.local/lib/python3.8/site-packages/airflow/example_dags/example_latest_only_with_trigger.py for tasks to queue
[2024-03-27T18:16:33.426+0000] {logging_mixin.py:188} INFO - [2024-03-27T18:16:33.426+0000] {dagbag.py:540} INFO - Filling up the DagBag from /home/airflow/.local/lib/python3.8/site-packages/airflow/example_dags/example_latest_only_with_trigger.py
[2024-03-27T18:16:33.430+0000] {processor.py:840} INFO - DAG(s) 'latest_only_with_trigger' retrieved from /home/airflow/.local/lib/python3.8/site-packages/airflow/example_dags/example_latest_only_with_trigger.py
[2024-03-27T18:16:33.442+0000] {logging_mixin.py:188} INFO - [2024-03-27T18:16:33.442+0000] {dag.py:3047} INFO - Sync 1 DAGs
[2024-03-27T18:16:33.455+0000] {logging_mixin.py:188} INFO - [2024-03-27T18:16:33.455+0000] {dag.py:3834} INFO - Setting next_dagrun for latest_only_with_trigger to 2024-03-27 12:00:00+00:00, run_after=2024-03-27 16:00:00+00:00
[2024-03-27T18:16:33.467+0000] {processor.py:183} INFO - Processing /home/airflow/.local/lib/python3.8/site-packages/airflow/example_dags/example_latest_only_with_trigger.py took 0.044 seconds
