[2024-03-27T00:00:24.296+0000] {processor.py:161} INFO - Started process (PID=5247) to work on /home/airflow/.local/lib/python3.8/site-packages/airflow/example_dags/example_nested_branch_dag.py
[2024-03-27T00:00:24.296+0000] {processor.py:830} INFO - Processing file /home/airflow/.local/lib/python3.8/site-packages/airflow/example_dags/example_nested_branch_dag.py for tasks to queue
[2024-03-27T00:00:24.297+0000] {logging_mixin.py:188} INFO - [2024-03-27T00:00:24.297+0000] {dagbag.py:540} INFO - Filling up the DagBag from /home/airflow/.local/lib/python3.8/site-packages/airflow/example_dags/example_nested_branch_dag.py
[2024-03-27T00:00:24.305+0000] {processor.py:840} INFO - DAG(s) 'example_nested_branch_dag' retrieved from /home/airflow/.local/lib/python3.8/site-packages/airflow/example_dags/example_nested_branch_dag.py
[2024-03-27T00:00:24.320+0000] {logging_mixin.py:188} INFO - [2024-03-27T00:00:24.319+0000] {dag.py:3047} INFO - Sync 1 DAGs
[2024-03-27T00:00:24.331+0000] {logging_mixin.py:188} INFO - [2024-03-27T00:00:24.330+0000] {dag.py:3834} INFO - Setting next_dagrun for example_nested_branch_dag to 2024-03-26 00:00:00+00:00, run_after=2024-03-27 00:00:00+00:00
[2024-03-27T00:00:24.341+0000] {processor.py:183} INFO - Processing /home/airflow/.local/lib/python3.8/site-packages/airflow/example_dags/example_nested_branch_dag.py took 0.047 seconds
[2024-03-27T00:00:55.254+0000] {processor.py:161} INFO - Started process (PID=5302) to work on /home/airflow/.local/lib/python3.8/site-packages/airflow/example_dags/example_nested_branch_dag.py
[2024-03-27T00:00:55.255+0000] {processor.py:830} INFO - Processing file /home/airflow/.local/lib/python3.8/site-packages/airflow/example_dags/example_nested_branch_dag.py for tasks to queue
[2024-03-27T00:00:55.256+0000] {logging_mixin.py:188} INFO - [2024-03-27T00:00:55.255+0000] {dagbag.py:540} INFO - Filling up the DagBag from /home/airflow/.local/lib/python3.8/site-packages/airflow/example_dags/example_nested_branch_dag.py
[2024-03-27T00:00:55.261+0000] {processor.py:840} INFO - DAG(s) 'example_nested_branch_dag' retrieved from /home/airflow/.local/lib/python3.8/site-packages/airflow/example_dags/example_nested_branch_dag.py
[2024-03-27T00:00:55.272+0000] {logging_mixin.py:188} INFO - [2024-03-27T00:00:55.272+0000] {dag.py:3047} INFO - Sync 1 DAGs
[2024-03-27T00:00:55.284+0000] {logging_mixin.py:188} INFO - [2024-03-27T00:00:55.284+0000] {dag.py:3834} INFO - Setting next_dagrun for example_nested_branch_dag to 2024-03-26 00:00:00+00:00, run_after=2024-03-27 00:00:00+00:00
[2024-03-27T00:00:55.293+0000] {processor.py:183} INFO - Processing /home/airflow/.local/lib/python3.8/site-packages/airflow/example_dags/example_nested_branch_dag.py took 0.040 seconds
[2024-03-27T00:01:26.096+0000] {processor.py:161} INFO - Started process (PID=5357) to work on /home/airflow/.local/lib/python3.8/site-packages/airflow/example_dags/example_nested_branch_dag.py
[2024-03-27T00:01:26.097+0000] {processor.py:830} INFO - Processing file /home/airflow/.local/lib/python3.8/site-packages/airflow/example_dags/example_nested_branch_dag.py for tasks to queue
[2024-03-27T00:01:26.098+0000] {logging_mixin.py:188} INFO - [2024-03-27T00:01:26.098+0000] {dagbag.py:540} INFO - Filling up the DagBag from /home/airflow/.local/lib/python3.8/site-packages/airflow/example_dags/example_nested_branch_dag.py
[2024-03-27T00:01:26.105+0000] {processor.py:840} INFO - DAG(s) 'example_nested_branch_dag' retrieved from /home/airflow/.local/lib/python3.8/site-packages/airflow/example_dags/example_nested_branch_dag.py
[2024-03-27T00:01:26.122+0000] {logging_mixin.py:188} INFO - [2024-03-27T00:01:26.122+0000] {dag.py:3047} INFO - Sync 1 DAGs
[2024-03-27T00:01:26.136+0000] {logging_mixin.py:188} INFO - [2024-03-27T00:01:26.136+0000] {dag.py:3834} INFO - Setting next_dagrun for example_nested_branch_dag to 2024-03-26 00:00:00+00:00, run_after=2024-03-27 00:00:00+00:00
[2024-03-27T00:01:26.146+0000] {processor.py:183} INFO - Processing /home/airflow/.local/lib/python3.8/site-packages/airflow/example_dags/example_nested_branch_dag.py took 0.052 seconds
[2024-03-27T00:01:57.110+0000] {processor.py:161} INFO - Started process (PID=5412) to work on /home/airflow/.local/lib/python3.8/site-packages/airflow/example_dags/example_nested_branch_dag.py
[2024-03-27T00:01:57.111+0000] {processor.py:830} INFO - Processing file /home/airflow/.local/lib/python3.8/site-packages/airflow/example_dags/example_nested_branch_dag.py for tasks to queue
[2024-03-27T00:01:57.115+0000] {logging_mixin.py:188} INFO - [2024-03-27T00:01:57.115+0000] {dagbag.py:540} INFO - Filling up the DagBag from /home/airflow/.local/lib/python3.8/site-packages/airflow/example_dags/example_nested_branch_dag.py
[2024-03-27T00:01:57.121+0000] {processor.py:840} INFO - DAG(s) 'example_nested_branch_dag' retrieved from /home/airflow/.local/lib/python3.8/site-packages/airflow/example_dags/example_nested_branch_dag.py
[2024-03-27T00:01:57.132+0000] {logging_mixin.py:188} INFO - [2024-03-27T00:01:57.132+0000] {dag.py:3047} INFO - Sync 1 DAGs
[2024-03-27T00:01:57.146+0000] {logging_mixin.py:188} INFO - [2024-03-27T00:01:57.146+0000] {dag.py:3834} INFO - Setting next_dagrun for example_nested_branch_dag to 2024-03-26 00:00:00+00:00, run_after=2024-03-27 00:00:00+00:00
[2024-03-27T00:01:57.157+0000] {processor.py:183} INFO - Processing /home/airflow/.local/lib/python3.8/site-packages/airflow/example_dags/example_nested_branch_dag.py took 0.048 seconds
[2024-03-27T00:02:28.075+0000] {processor.py:161} INFO - Started process (PID=5467) to work on /home/airflow/.local/lib/python3.8/site-packages/airflow/example_dags/example_nested_branch_dag.py
[2024-03-27T00:02:28.076+0000] {processor.py:830} INFO - Processing file /home/airflow/.local/lib/python3.8/site-packages/airflow/example_dags/example_nested_branch_dag.py for tasks to queue
[2024-03-27T00:02:28.077+0000] {logging_mixin.py:188} INFO - [2024-03-27T00:02:28.077+0000] {dagbag.py:540} INFO - Filling up the DagBag from /home/airflow/.local/lib/python3.8/site-packages/airflow/example_dags/example_nested_branch_dag.py
[2024-03-27T00:02:28.082+0000] {processor.py:840} INFO - DAG(s) 'example_nested_branch_dag' retrieved from /home/airflow/.local/lib/python3.8/site-packages/airflow/example_dags/example_nested_branch_dag.py
[2024-03-27T00:02:28.093+0000] {logging_mixin.py:188} INFO - [2024-03-27T00:02:28.093+0000] {dag.py:3047} INFO - Sync 1 DAGs
[2024-03-27T00:02:28.104+0000] {logging_mixin.py:188} INFO - [2024-03-27T00:02:28.103+0000] {dag.py:3834} INFO - Setting next_dagrun for example_nested_branch_dag to 2024-03-26 00:00:00+00:00, run_after=2024-03-27 00:00:00+00:00
[2024-03-27T00:02:28.113+0000] {processor.py:183} INFO - Processing /home/airflow/.local/lib/python3.8/site-packages/airflow/example_dags/example_nested_branch_dag.py took 0.040 seconds
[2024-03-27T00:02:59.350+0000] {processor.py:161} INFO - Started process (PID=5522) to work on /home/airflow/.local/lib/python3.8/site-packages/airflow/example_dags/example_nested_branch_dag.py
[2024-03-27T00:02:59.352+0000] {processor.py:830} INFO - Processing file /home/airflow/.local/lib/python3.8/site-packages/airflow/example_dags/example_nested_branch_dag.py for tasks to queue
[2024-03-27T00:02:59.354+0000] {logging_mixin.py:188} INFO - [2024-03-27T00:02:59.353+0000] {dagbag.py:540} INFO - Filling up the DagBag from /home/airflow/.local/lib/python3.8/site-packages/airflow/example_dags/example_nested_branch_dag.py
[2024-03-27T00:02:59.363+0000] {processor.py:840} INFO - DAG(s) 'example_nested_branch_dag' retrieved from /home/airflow/.local/lib/python3.8/site-packages/airflow/example_dags/example_nested_branch_dag.py
[2024-03-27T00:02:59.386+0000] {logging_mixin.py:188} INFO - [2024-03-27T00:02:59.386+0000] {dag.py:3047} INFO - Sync 1 DAGs
[2024-03-27T00:02:59.410+0000] {logging_mixin.py:188} INFO - [2024-03-27T00:02:59.410+0000] {dag.py:3834} INFO - Setting next_dagrun for example_nested_branch_dag to 2024-03-26 00:00:00+00:00, run_after=2024-03-27 00:00:00+00:00
[2024-03-27T00:02:59.428+0000] {processor.py:183} INFO - Processing /home/airflow/.local/lib/python3.8/site-packages/airflow/example_dags/example_nested_branch_dag.py took 0.081 seconds
[2024-03-27T00:03:30.584+0000] {processor.py:161} INFO - Started process (PID=5576) to work on /home/airflow/.local/lib/python3.8/site-packages/airflow/example_dags/example_nested_branch_dag.py
[2024-03-27T00:03:30.585+0000] {processor.py:830} INFO - Processing file /home/airflow/.local/lib/python3.8/site-packages/airflow/example_dags/example_nested_branch_dag.py for tasks to queue
[2024-03-27T00:03:30.586+0000] {logging_mixin.py:188} INFO - [2024-03-27T00:03:30.586+0000] {dagbag.py:540} INFO - Filling up the DagBag from /home/airflow/.local/lib/python3.8/site-packages/airflow/example_dags/example_nested_branch_dag.py
[2024-03-27T00:03:30.595+0000] {processor.py:840} INFO - DAG(s) 'example_nested_branch_dag' retrieved from /home/airflow/.local/lib/python3.8/site-packages/airflow/example_dags/example_nested_branch_dag.py
[2024-03-27T00:03:30.614+0000] {logging_mixin.py:188} INFO - [2024-03-27T00:03:30.614+0000] {dag.py:3047} INFO - Sync 1 DAGs
[2024-03-27T00:03:30.631+0000] {logging_mixin.py:188} INFO - [2024-03-27T00:03:30.631+0000] {dag.py:3834} INFO - Setting next_dagrun for example_nested_branch_dag to 2024-03-26 00:00:00+00:00, run_after=2024-03-27 00:00:00+00:00
[2024-03-27T00:03:30.642+0000] {processor.py:183} INFO - Processing /home/airflow/.local/lib/python3.8/site-packages/airflow/example_dags/example_nested_branch_dag.py took 0.061 seconds
[2024-03-27T00:04:03.443+0000] {processor.py:161} INFO - Started process (PID=5631) to work on /home/airflow/.local/lib/python3.8/site-packages/airflow/example_dags/example_nested_branch_dag.py
[2024-03-27T00:04:03.444+0000] {processor.py:830} INFO - Processing file /home/airflow/.local/lib/python3.8/site-packages/airflow/example_dags/example_nested_branch_dag.py for tasks to queue
[2024-03-27T00:04:03.444+0000] {logging_mixin.py:188} INFO - [2024-03-27T00:04:03.444+0000] {dagbag.py:540} INFO - Filling up the DagBag from /home/airflow/.local/lib/python3.8/site-packages/airflow/example_dags/example_nested_branch_dag.py
[2024-03-27T00:04:03.450+0000] {processor.py:840} INFO - DAG(s) 'example_nested_branch_dag' retrieved from /home/airflow/.local/lib/python3.8/site-packages/airflow/example_dags/example_nested_branch_dag.py
[2024-03-27T00:04:03.459+0000] {logging_mixin.py:188} INFO - [2024-03-27T00:04:03.459+0000] {dag.py:3047} INFO - Sync 1 DAGs
[2024-03-27T00:04:03.469+0000] {logging_mixin.py:188} INFO - [2024-03-27T00:04:03.469+0000] {dag.py:3834} INFO - Setting next_dagrun for example_nested_branch_dag to 2024-03-26 00:00:00+00:00, run_after=2024-03-27 00:00:00+00:00
[2024-03-27T00:04:03.476+0000] {processor.py:183} INFO - Processing /home/airflow/.local/lib/python3.8/site-packages/airflow/example_dags/example_nested_branch_dag.py took 0.035 seconds
[2024-03-27T00:04:34.177+0000] {processor.py:161} INFO - Started process (PID=5686) to work on /home/airflow/.local/lib/python3.8/site-packages/airflow/example_dags/example_nested_branch_dag.py
[2024-03-27T00:04:34.178+0000] {processor.py:830} INFO - Processing file /home/airflow/.local/lib/python3.8/site-packages/airflow/example_dags/example_nested_branch_dag.py for tasks to queue
[2024-03-27T00:04:34.179+0000] {logging_mixin.py:188} INFO - [2024-03-27T00:04:34.179+0000] {dagbag.py:540} INFO - Filling up the DagBag from /home/airflow/.local/lib/python3.8/site-packages/airflow/example_dags/example_nested_branch_dag.py
[2024-03-27T00:04:34.185+0000] {processor.py:840} INFO - DAG(s) 'example_nested_branch_dag' retrieved from /home/airflow/.local/lib/python3.8/site-packages/airflow/example_dags/example_nested_branch_dag.py
[2024-03-27T00:04:34.195+0000] {logging_mixin.py:188} INFO - [2024-03-27T00:04:34.195+0000] {dag.py:3047} INFO - Sync 1 DAGs
[2024-03-27T00:04:34.205+0000] {logging_mixin.py:188} INFO - [2024-03-27T00:04:34.205+0000] {dag.py:3834} INFO - Setting next_dagrun for example_nested_branch_dag to 2024-03-26 00:00:00+00:00, run_after=2024-03-27 00:00:00+00:00
[2024-03-27T00:04:34.212+0000] {processor.py:183} INFO - Processing /home/airflow/.local/lib/python3.8/site-packages/airflow/example_dags/example_nested_branch_dag.py took 0.037 seconds
[2024-03-27T00:05:04.954+0000] {processor.py:161} INFO - Started process (PID=5741) to work on /home/airflow/.local/lib/python3.8/site-packages/airflow/example_dags/example_nested_branch_dag.py
[2024-03-27T00:05:04.955+0000] {processor.py:830} INFO - Processing file /home/airflow/.local/lib/python3.8/site-packages/airflow/example_dags/example_nested_branch_dag.py for tasks to queue
[2024-03-27T00:05:04.956+0000] {logging_mixin.py:188} INFO - [2024-03-27T00:05:04.956+0000] {dagbag.py:540} INFO - Filling up the DagBag from /home/airflow/.local/lib/python3.8/site-packages/airflow/example_dags/example_nested_branch_dag.py
[2024-03-27T00:05:04.961+0000] {processor.py:840} INFO - DAG(s) 'example_nested_branch_dag' retrieved from /home/airflow/.local/lib/python3.8/site-packages/airflow/example_dags/example_nested_branch_dag.py
[2024-03-27T00:05:04.972+0000] {logging_mixin.py:188} INFO - [2024-03-27T00:05:04.972+0000] {dag.py:3047} INFO - Sync 1 DAGs
[2024-03-27T00:05:04.983+0000] {logging_mixin.py:188} INFO - [2024-03-27T00:05:04.982+0000] {dag.py:3834} INFO - Setting next_dagrun for example_nested_branch_dag to 2024-03-26 00:00:00+00:00, run_after=2024-03-27 00:00:00+00:00
[2024-03-27T00:05:04.991+0000] {processor.py:183} INFO - Processing /home/airflow/.local/lib/python3.8/site-packages/airflow/example_dags/example_nested_branch_dag.py took 0.038 seconds
[2024-03-27T00:05:35.613+0000] {processor.py:161} INFO - Started process (PID=5796) to work on /home/airflow/.local/lib/python3.8/site-packages/airflow/example_dags/example_nested_branch_dag.py
[2024-03-27T00:05:35.613+0000] {processor.py:830} INFO - Processing file /home/airflow/.local/lib/python3.8/site-packages/airflow/example_dags/example_nested_branch_dag.py for tasks to queue
[2024-03-27T00:05:35.614+0000] {logging_mixin.py:188} INFO - [2024-03-27T00:05:35.614+0000] {dagbag.py:540} INFO - Filling up the DagBag from /home/airflow/.local/lib/python3.8/site-packages/airflow/example_dags/example_nested_branch_dag.py
[2024-03-27T00:05:35.619+0000] {processor.py:840} INFO - DAG(s) 'example_nested_branch_dag' retrieved from /home/airflow/.local/lib/python3.8/site-packages/airflow/example_dags/example_nested_branch_dag.py
[2024-03-27T00:05:35.630+0000] {logging_mixin.py:188} INFO - [2024-03-27T00:05:35.630+0000] {dag.py:3047} INFO - Sync 1 DAGs
[2024-03-27T00:05:35.642+0000] {logging_mixin.py:188} INFO - [2024-03-27T00:05:35.642+0000] {dag.py:3834} INFO - Setting next_dagrun for example_nested_branch_dag to 2024-03-26 00:00:00+00:00, run_after=2024-03-27 00:00:00+00:00
[2024-03-27T00:05:35.651+0000] {processor.py:183} INFO - Processing /home/airflow/.local/lib/python3.8/site-packages/airflow/example_dags/example_nested_branch_dag.py took 0.040 seconds
[2024-03-27T00:06:06.306+0000] {processor.py:161} INFO - Started process (PID=5851) to work on /home/airflow/.local/lib/python3.8/site-packages/airflow/example_dags/example_nested_branch_dag.py
[2024-03-27T00:06:06.306+0000] {processor.py:830} INFO - Processing file /home/airflow/.local/lib/python3.8/site-packages/airflow/example_dags/example_nested_branch_dag.py for tasks to queue
[2024-03-27T00:06:06.307+0000] {logging_mixin.py:188} INFO - [2024-03-27T00:06:06.307+0000] {dagbag.py:540} INFO - Filling up the DagBag from /home/airflow/.local/lib/python3.8/site-packages/airflow/example_dags/example_nested_branch_dag.py
[2024-03-27T00:06:06.313+0000] {processor.py:840} INFO - DAG(s) 'example_nested_branch_dag' retrieved from /home/airflow/.local/lib/python3.8/site-packages/airflow/example_dags/example_nested_branch_dag.py
[2024-03-27T00:06:06.324+0000] {logging_mixin.py:188} INFO - [2024-03-27T00:06:06.324+0000] {dag.py:3047} INFO - Sync 1 DAGs
[2024-03-27T00:06:06.334+0000] {logging_mixin.py:188} INFO - [2024-03-27T00:06:06.334+0000] {dag.py:3834} INFO - Setting next_dagrun for example_nested_branch_dag to 2024-03-26 00:00:00+00:00, run_after=2024-03-27 00:00:00+00:00
[2024-03-27T00:06:06.343+0000] {processor.py:183} INFO - Processing /home/airflow/.local/lib/python3.8/site-packages/airflow/example_dags/example_nested_branch_dag.py took 0.039 seconds
[2024-03-27T00:09:25.674+0000] {processor.py:161} INFO - Started process (PID=5906) to work on /home/airflow/.local/lib/python3.8/site-packages/airflow/example_dags/example_nested_branch_dag.py
[2024-03-27T00:09:25.675+0000] {processor.py:830} INFO - Processing file /home/airflow/.local/lib/python3.8/site-packages/airflow/example_dags/example_nested_branch_dag.py for tasks to queue
[2024-03-27T00:09:25.676+0000] {logging_mixin.py:188} INFO - [2024-03-27T00:09:25.676+0000] {dagbag.py:540} INFO - Filling up the DagBag from /home/airflow/.local/lib/python3.8/site-packages/airflow/example_dags/example_nested_branch_dag.py
[2024-03-27T00:09:25.682+0000] {processor.py:840} INFO - DAG(s) 'example_nested_branch_dag' retrieved from /home/airflow/.local/lib/python3.8/site-packages/airflow/example_dags/example_nested_branch_dag.py
[2024-03-27T00:09:25.699+0000] {logging_mixin.py:188} INFO - [2024-03-27T00:09:25.699+0000] {dag.py:3047} INFO - Sync 1 DAGs
[2024-03-27T00:09:25.712+0000] {logging_mixin.py:188} INFO - [2024-03-27T00:09:25.712+0000] {dag.py:3834} INFO - Setting next_dagrun for example_nested_branch_dag to 2024-03-26 00:00:00+00:00, run_after=2024-03-27 00:00:00+00:00
[2024-03-27T00:09:25.721+0000] {processor.py:183} INFO - Processing /home/airflow/.local/lib/python3.8/site-packages/airflow/example_dags/example_nested_branch_dag.py took 0.049 seconds
[2024-03-27T00:09:56.546+0000] {processor.py:161} INFO - Started process (PID=5960) to work on /home/airflow/.local/lib/python3.8/site-packages/airflow/example_dags/example_nested_branch_dag.py
[2024-03-27T00:09:56.547+0000] {processor.py:830} INFO - Processing file /home/airflow/.local/lib/python3.8/site-packages/airflow/example_dags/example_nested_branch_dag.py for tasks to queue
[2024-03-27T00:09:56.548+0000] {logging_mixin.py:188} INFO - [2024-03-27T00:09:56.548+0000] {dagbag.py:540} INFO - Filling up the DagBag from /home/airflow/.local/lib/python3.8/site-packages/airflow/example_dags/example_nested_branch_dag.py
[2024-03-27T00:09:56.554+0000] {processor.py:840} INFO - DAG(s) 'example_nested_branch_dag' retrieved from /home/airflow/.local/lib/python3.8/site-packages/airflow/example_dags/example_nested_branch_dag.py
[2024-03-27T00:09:56.564+0000] {logging_mixin.py:188} INFO - [2024-03-27T00:09:56.564+0000] {dag.py:3047} INFO - Sync 1 DAGs
[2024-03-27T00:09:56.575+0000] {logging_mixin.py:188} INFO - [2024-03-27T00:09:56.575+0000] {dag.py:3834} INFO - Setting next_dagrun for example_nested_branch_dag to 2024-03-26 00:00:00+00:00, run_after=2024-03-27 00:00:00+00:00
[2024-03-27T00:09:56.584+0000] {processor.py:183} INFO - Processing /home/airflow/.local/lib/python3.8/site-packages/airflow/example_dags/example_nested_branch_dag.py took 0.040 seconds
[2024-03-27T00:10:27.589+0000] {processor.py:161} INFO - Started process (PID=6015) to work on /home/airflow/.local/lib/python3.8/site-packages/airflow/example_dags/example_nested_branch_dag.py
[2024-03-27T00:10:27.589+0000] {processor.py:830} INFO - Processing file /home/airflow/.local/lib/python3.8/site-packages/airflow/example_dags/example_nested_branch_dag.py for tasks to queue
[2024-03-27T00:10:27.590+0000] {logging_mixin.py:188} INFO - [2024-03-27T00:10:27.590+0000] {dagbag.py:540} INFO - Filling up the DagBag from /home/airflow/.local/lib/python3.8/site-packages/airflow/example_dags/example_nested_branch_dag.py
[2024-03-27T00:10:27.596+0000] {processor.py:840} INFO - DAG(s) 'example_nested_branch_dag' retrieved from /home/airflow/.local/lib/python3.8/site-packages/airflow/example_dags/example_nested_branch_dag.py
[2024-03-27T00:10:27.607+0000] {logging_mixin.py:188} INFO - [2024-03-27T00:10:27.607+0000] {dag.py:3047} INFO - Sync 1 DAGs
[2024-03-27T00:10:27.619+0000] {logging_mixin.py:188} INFO - [2024-03-27T00:10:27.619+0000] {dag.py:3834} INFO - Setting next_dagrun for example_nested_branch_dag to 2024-03-26 00:00:00+00:00, run_after=2024-03-27 00:00:00+00:00
[2024-03-27T00:10:27.628+0000] {processor.py:183} INFO - Processing /home/airflow/.local/lib/python3.8/site-packages/airflow/example_dags/example_nested_branch_dag.py took 0.042 seconds
[2024-03-27T00:10:58.602+0000] {processor.py:161} INFO - Started process (PID=6070) to work on /home/airflow/.local/lib/python3.8/site-packages/airflow/example_dags/example_nested_branch_dag.py
[2024-03-27T00:10:58.602+0000] {processor.py:830} INFO - Processing file /home/airflow/.local/lib/python3.8/site-packages/airflow/example_dags/example_nested_branch_dag.py for tasks to queue
[2024-03-27T00:10:58.604+0000] {logging_mixin.py:188} INFO - [2024-03-27T00:10:58.603+0000] {dagbag.py:540} INFO - Filling up the DagBag from /home/airflow/.local/lib/python3.8/site-packages/airflow/example_dags/example_nested_branch_dag.py
[2024-03-27T00:10:58.610+0000] {processor.py:840} INFO - DAG(s) 'example_nested_branch_dag' retrieved from /home/airflow/.local/lib/python3.8/site-packages/airflow/example_dags/example_nested_branch_dag.py
[2024-03-27T00:10:58.621+0000] {logging_mixin.py:188} INFO - [2024-03-27T00:10:58.620+0000] {dag.py:3047} INFO - Sync 1 DAGs
[2024-03-27T00:10:58.631+0000] {logging_mixin.py:188} INFO - [2024-03-27T00:10:58.631+0000] {dag.py:3834} INFO - Setting next_dagrun for example_nested_branch_dag to 2024-03-26 00:00:00+00:00, run_after=2024-03-27 00:00:00+00:00
[2024-03-27T00:10:58.639+0000] {processor.py:183} INFO - Processing /home/airflow/.local/lib/python3.8/site-packages/airflow/example_dags/example_nested_branch_dag.py took 0.040 seconds
[2024-03-27T00:11:29.536+0000] {processor.py:161} INFO - Started process (PID=6124) to work on /home/airflow/.local/lib/python3.8/site-packages/airflow/example_dags/example_nested_branch_dag.py
[2024-03-27T00:11:29.537+0000] {processor.py:830} INFO - Processing file /home/airflow/.local/lib/python3.8/site-packages/airflow/example_dags/example_nested_branch_dag.py for tasks to queue
[2024-03-27T00:11:29.539+0000] {logging_mixin.py:188} INFO - [2024-03-27T00:11:29.538+0000] {dagbag.py:540} INFO - Filling up the DagBag from /home/airflow/.local/lib/python3.8/site-packages/airflow/example_dags/example_nested_branch_dag.py
[2024-03-27T00:11:29.546+0000] {processor.py:840} INFO - DAG(s) 'example_nested_branch_dag' retrieved from /home/airflow/.local/lib/python3.8/site-packages/airflow/example_dags/example_nested_branch_dag.py
[2024-03-27T00:11:29.559+0000] {logging_mixin.py:188} INFO - [2024-03-27T00:11:29.559+0000] {dag.py:3047} INFO - Sync 1 DAGs
[2024-03-27T00:11:29.572+0000] {logging_mixin.py:188} INFO - [2024-03-27T00:11:29.572+0000] {dag.py:3834} INFO - Setting next_dagrun for example_nested_branch_dag to 2024-03-26 00:00:00+00:00, run_after=2024-03-27 00:00:00+00:00
[2024-03-27T00:11:29.582+0000] {processor.py:183} INFO - Processing /home/airflow/.local/lib/python3.8/site-packages/airflow/example_dags/example_nested_branch_dag.py took 0.048 seconds
[2024-03-27T00:12:00.521+0000] {processor.py:161} INFO - Started process (PID=6179) to work on /home/airflow/.local/lib/python3.8/site-packages/airflow/example_dags/example_nested_branch_dag.py
[2024-03-27T00:12:00.521+0000] {processor.py:830} INFO - Processing file /home/airflow/.local/lib/python3.8/site-packages/airflow/example_dags/example_nested_branch_dag.py for tasks to queue
[2024-03-27T00:12:00.522+0000] {logging_mixin.py:188} INFO - [2024-03-27T00:12:00.522+0000] {dagbag.py:540} INFO - Filling up the DagBag from /home/airflow/.local/lib/python3.8/site-packages/airflow/example_dags/example_nested_branch_dag.py
[2024-03-27T00:12:00.527+0000] {processor.py:840} INFO - DAG(s) 'example_nested_branch_dag' retrieved from /home/airflow/.local/lib/python3.8/site-packages/airflow/example_dags/example_nested_branch_dag.py
[2024-03-27T00:12:00.538+0000] {logging_mixin.py:188} INFO - [2024-03-27T00:12:00.538+0000] {dag.py:3047} INFO - Sync 1 DAGs
[2024-03-27T00:12:00.548+0000] {logging_mixin.py:188} INFO - [2024-03-27T00:12:00.548+0000] {dag.py:3834} INFO - Setting next_dagrun for example_nested_branch_dag to 2024-03-26 00:00:00+00:00, run_after=2024-03-27 00:00:00+00:00
[2024-03-27T00:12:00.559+0000] {processor.py:183} INFO - Processing /home/airflow/.local/lib/python3.8/site-packages/airflow/example_dags/example_nested_branch_dag.py took 0.040 seconds
[2024-03-27T00:12:31.327+0000] {processor.py:161} INFO - Started process (PID=6233) to work on /home/airflow/.local/lib/python3.8/site-packages/airflow/example_dags/example_nested_branch_dag.py
[2024-03-27T00:12:31.328+0000] {processor.py:830} INFO - Processing file /home/airflow/.local/lib/python3.8/site-packages/airflow/example_dags/example_nested_branch_dag.py for tasks to queue
[2024-03-27T00:12:31.329+0000] {logging_mixin.py:188} INFO - [2024-03-27T00:12:31.329+0000] {dagbag.py:540} INFO - Filling up the DagBag from /home/airflow/.local/lib/python3.8/site-packages/airflow/example_dags/example_nested_branch_dag.py
[2024-03-27T00:12:31.335+0000] {processor.py:840} INFO - DAG(s) 'example_nested_branch_dag' retrieved from /home/airflow/.local/lib/python3.8/site-packages/airflow/example_dags/example_nested_branch_dag.py
[2024-03-27T00:12:31.345+0000] {logging_mixin.py:188} INFO - [2024-03-27T00:12:31.345+0000] {dag.py:3047} INFO - Sync 1 DAGs
[2024-03-27T00:12:31.356+0000] {logging_mixin.py:188} INFO - [2024-03-27T00:12:31.356+0000] {dag.py:3834} INFO - Setting next_dagrun for example_nested_branch_dag to 2024-03-26 00:00:00+00:00, run_after=2024-03-27 00:00:00+00:00
[2024-03-27T00:12:31.365+0000] {processor.py:183} INFO - Processing /home/airflow/.local/lib/python3.8/site-packages/airflow/example_dags/example_nested_branch_dag.py took 0.040 seconds
[2024-03-27T00:13:02.077+0000] {processor.py:161} INFO - Started process (PID=6288) to work on /home/airflow/.local/lib/python3.8/site-packages/airflow/example_dags/example_nested_branch_dag.py
[2024-03-27T00:13:02.077+0000] {processor.py:830} INFO - Processing file /home/airflow/.local/lib/python3.8/site-packages/airflow/example_dags/example_nested_branch_dag.py for tasks to queue
[2024-03-27T00:13:02.078+0000] {logging_mixin.py:188} INFO - [2024-03-27T00:13:02.078+0000] {dagbag.py:540} INFO - Filling up the DagBag from /home/airflow/.local/lib/python3.8/site-packages/airflow/example_dags/example_nested_branch_dag.py
[2024-03-27T00:13:02.084+0000] {processor.py:840} INFO - DAG(s) 'example_nested_branch_dag' retrieved from /home/airflow/.local/lib/python3.8/site-packages/airflow/example_dags/example_nested_branch_dag.py
[2024-03-27T00:13:02.094+0000] {logging_mixin.py:188} INFO - [2024-03-27T00:13:02.094+0000] {dag.py:3047} INFO - Sync 1 DAGs
[2024-03-27T00:13:02.105+0000] {logging_mixin.py:188} INFO - [2024-03-27T00:13:02.105+0000] {dag.py:3834} INFO - Setting next_dagrun for example_nested_branch_dag to 2024-03-26 00:00:00+00:00, run_after=2024-03-27 00:00:00+00:00
[2024-03-27T00:13:02.115+0000] {processor.py:183} INFO - Processing /home/airflow/.local/lib/python3.8/site-packages/airflow/example_dags/example_nested_branch_dag.py took 0.040 seconds
[2024-03-27T00:13:33.168+0000] {processor.py:161} INFO - Started process (PID=6343) to work on /home/airflow/.local/lib/python3.8/site-packages/airflow/example_dags/example_nested_branch_dag.py
[2024-03-27T00:13:33.169+0000] {processor.py:830} INFO - Processing file /home/airflow/.local/lib/python3.8/site-packages/airflow/example_dags/example_nested_branch_dag.py for tasks to queue
[2024-03-27T00:13:33.170+0000] {logging_mixin.py:188} INFO - [2024-03-27T00:13:33.170+0000] {dagbag.py:540} INFO - Filling up the DagBag from /home/airflow/.local/lib/python3.8/site-packages/airflow/example_dags/example_nested_branch_dag.py
[2024-03-27T00:13:33.176+0000] {processor.py:840} INFO - DAG(s) 'example_nested_branch_dag' retrieved from /home/airflow/.local/lib/python3.8/site-packages/airflow/example_dags/example_nested_branch_dag.py
[2024-03-27T00:13:33.187+0000] {logging_mixin.py:188} INFO - [2024-03-27T00:13:33.187+0000] {dag.py:3047} INFO - Sync 1 DAGs
[2024-03-27T00:13:33.197+0000] {logging_mixin.py:188} INFO - [2024-03-27T00:13:33.197+0000] {dag.py:3834} INFO - Setting next_dagrun for example_nested_branch_dag to 2024-03-26 00:00:00+00:00, run_after=2024-03-27 00:00:00+00:00
[2024-03-27T00:13:33.205+0000] {processor.py:183} INFO - Processing /home/airflow/.local/lib/python3.8/site-packages/airflow/example_dags/example_nested_branch_dag.py took 0.039 seconds
[2024-03-27T00:14:03.535+0000] {processor.py:161} INFO - Started process (PID=6398) to work on /home/airflow/.local/lib/python3.8/site-packages/airflow/example_dags/example_nested_branch_dag.py
[2024-03-27T00:14:03.536+0000] {processor.py:830} INFO - Processing file /home/airflow/.local/lib/python3.8/site-packages/airflow/example_dags/example_nested_branch_dag.py for tasks to queue
[2024-03-27T00:14:03.537+0000] {logging_mixin.py:188} INFO - [2024-03-27T00:14:03.537+0000] {dagbag.py:540} INFO - Filling up the DagBag from /home/airflow/.local/lib/python3.8/site-packages/airflow/example_dags/example_nested_branch_dag.py
[2024-03-27T00:14:03.543+0000] {processor.py:840} INFO - DAG(s) 'example_nested_branch_dag' retrieved from /home/airflow/.local/lib/python3.8/site-packages/airflow/example_dags/example_nested_branch_dag.py
[2024-03-27T00:14:03.554+0000] {logging_mixin.py:188} INFO - [2024-03-27T00:14:03.554+0000] {dag.py:3047} INFO - Sync 1 DAGs
[2024-03-27T00:14:03.566+0000] {logging_mixin.py:188} INFO - [2024-03-27T00:14:03.566+0000] {dag.py:3834} INFO - Setting next_dagrun for example_nested_branch_dag to 2024-03-26 00:00:00+00:00, run_after=2024-03-27 00:00:00+00:00
[2024-03-27T00:14:03.574+0000] {processor.py:183} INFO - Processing /home/airflow/.local/lib/python3.8/site-packages/airflow/example_dags/example_nested_branch_dag.py took 0.041 seconds
[2024-03-27T00:14:33.641+0000] {processor.py:161} INFO - Started process (PID=6453) to work on /home/airflow/.local/lib/python3.8/site-packages/airflow/example_dags/example_nested_branch_dag.py
[2024-03-27T00:14:33.642+0000] {processor.py:830} INFO - Processing file /home/airflow/.local/lib/python3.8/site-packages/airflow/example_dags/example_nested_branch_dag.py for tasks to queue
[2024-03-27T00:14:33.643+0000] {logging_mixin.py:188} INFO - [2024-03-27T00:14:33.643+0000] {dagbag.py:540} INFO - Filling up the DagBag from /home/airflow/.local/lib/python3.8/site-packages/airflow/example_dags/example_nested_branch_dag.py
[2024-03-27T00:14:33.649+0000] {processor.py:840} INFO - DAG(s) 'example_nested_branch_dag' retrieved from /home/airflow/.local/lib/python3.8/site-packages/airflow/example_dags/example_nested_branch_dag.py
[2024-03-27T00:14:33.660+0000] {logging_mixin.py:188} INFO - [2024-03-27T00:14:33.660+0000] {dag.py:3047} INFO - Sync 1 DAGs
[2024-03-27T00:14:33.671+0000] {logging_mixin.py:188} INFO - [2024-03-27T00:14:33.671+0000] {dag.py:3834} INFO - Setting next_dagrun for example_nested_branch_dag to 2024-03-26 00:00:00+00:00, run_after=2024-03-27 00:00:00+00:00
[2024-03-27T00:14:33.680+0000] {processor.py:183} INFO - Processing /home/airflow/.local/lib/python3.8/site-packages/airflow/example_dags/example_nested_branch_dag.py took 0.040 seconds
[2024-03-27T00:15:04.361+0000] {processor.py:161} INFO - Started process (PID=6508) to work on /home/airflow/.local/lib/python3.8/site-packages/airflow/example_dags/example_nested_branch_dag.py
[2024-03-27T00:15:04.362+0000] {processor.py:830} INFO - Processing file /home/airflow/.local/lib/python3.8/site-packages/airflow/example_dags/example_nested_branch_dag.py for tasks to queue
[2024-03-27T00:15:04.363+0000] {logging_mixin.py:188} INFO - [2024-03-27T00:15:04.363+0000] {dagbag.py:540} INFO - Filling up the DagBag from /home/airflow/.local/lib/python3.8/site-packages/airflow/example_dags/example_nested_branch_dag.py
[2024-03-27T00:15:04.369+0000] {processor.py:840} INFO - DAG(s) 'example_nested_branch_dag' retrieved from /home/airflow/.local/lib/python3.8/site-packages/airflow/example_dags/example_nested_branch_dag.py
[2024-03-27T00:15:04.382+0000] {logging_mixin.py:188} INFO - [2024-03-27T00:15:04.381+0000] {dag.py:3047} INFO - Sync 1 DAGs
[2024-03-27T00:15:04.394+0000] {logging_mixin.py:188} INFO - [2024-03-27T00:15:04.394+0000] {dag.py:3834} INFO - Setting next_dagrun for example_nested_branch_dag to 2024-03-26 00:00:00+00:00, run_after=2024-03-27 00:00:00+00:00
[2024-03-27T00:15:04.403+0000] {processor.py:183} INFO - Processing /home/airflow/.local/lib/python3.8/site-packages/airflow/example_dags/example_nested_branch_dag.py took 0.044 seconds
[2024-03-27T00:15:35.308+0000] {processor.py:161} INFO - Started process (PID=6563) to work on /home/airflow/.local/lib/python3.8/site-packages/airflow/example_dags/example_nested_branch_dag.py
[2024-03-27T00:15:35.309+0000] {processor.py:830} INFO - Processing file /home/airflow/.local/lib/python3.8/site-packages/airflow/example_dags/example_nested_branch_dag.py for tasks to queue
[2024-03-27T00:15:35.311+0000] {logging_mixin.py:188} INFO - [2024-03-27T00:15:35.311+0000] {dagbag.py:540} INFO - Filling up the DagBag from /home/airflow/.local/lib/python3.8/site-packages/airflow/example_dags/example_nested_branch_dag.py
[2024-03-27T00:15:35.318+0000] {processor.py:840} INFO - DAG(s) 'example_nested_branch_dag' retrieved from /home/airflow/.local/lib/python3.8/site-packages/airflow/example_dags/example_nested_branch_dag.py
[2024-03-27T00:15:35.331+0000] {logging_mixin.py:188} INFO - [2024-03-27T00:15:35.331+0000] {dag.py:3047} INFO - Sync 1 DAGs
[2024-03-27T00:15:35.344+0000] {logging_mixin.py:188} INFO - [2024-03-27T00:15:35.343+0000] {dag.py:3834} INFO - Setting next_dagrun for example_nested_branch_dag to 2024-03-26 00:00:00+00:00, run_after=2024-03-27 00:00:00+00:00
[2024-03-27T00:15:35.354+0000] {processor.py:183} INFO - Processing /home/airflow/.local/lib/python3.8/site-packages/airflow/example_dags/example_nested_branch_dag.py took 0.050 seconds
[2024-03-27T00:16:05.476+0000] {processor.py:161} INFO - Started process (PID=6618) to work on /home/airflow/.local/lib/python3.8/site-packages/airflow/example_dags/example_nested_branch_dag.py
[2024-03-27T00:16:05.477+0000] {processor.py:830} INFO - Processing file /home/airflow/.local/lib/python3.8/site-packages/airflow/example_dags/example_nested_branch_dag.py for tasks to queue
[2024-03-27T00:16:05.478+0000] {logging_mixin.py:188} INFO - [2024-03-27T00:16:05.478+0000] {dagbag.py:540} INFO - Filling up the DagBag from /home/airflow/.local/lib/python3.8/site-packages/airflow/example_dags/example_nested_branch_dag.py
[2024-03-27T00:16:05.484+0000] {processor.py:840} INFO - DAG(s) 'example_nested_branch_dag' retrieved from /home/airflow/.local/lib/python3.8/site-packages/airflow/example_dags/example_nested_branch_dag.py
[2024-03-27T00:16:05.494+0000] {logging_mixin.py:188} INFO - [2024-03-27T00:16:05.494+0000] {dag.py:3047} INFO - Sync 1 DAGs
[2024-03-27T00:16:05.505+0000] {logging_mixin.py:188} INFO - [2024-03-27T00:16:05.505+0000] {dag.py:3834} INFO - Setting next_dagrun for example_nested_branch_dag to 2024-03-26 00:00:00+00:00, run_after=2024-03-27 00:00:00+00:00
[2024-03-27T00:16:05.513+0000] {processor.py:183} INFO - Processing /home/airflow/.local/lib/python3.8/site-packages/airflow/example_dags/example_nested_branch_dag.py took 0.038 seconds
[2024-03-27T00:16:36.152+0000] {processor.py:161} INFO - Started process (PID=6673) to work on /home/airflow/.local/lib/python3.8/site-packages/airflow/example_dags/example_nested_branch_dag.py
[2024-03-27T00:16:36.152+0000] {processor.py:830} INFO - Processing file /home/airflow/.local/lib/python3.8/site-packages/airflow/example_dags/example_nested_branch_dag.py for tasks to queue
[2024-03-27T00:16:36.153+0000] {logging_mixin.py:188} INFO - [2024-03-27T00:16:36.153+0000] {dagbag.py:540} INFO - Filling up the DagBag from /home/airflow/.local/lib/python3.8/site-packages/airflow/example_dags/example_nested_branch_dag.py
[2024-03-27T00:16:36.159+0000] {processor.py:840} INFO - DAG(s) 'example_nested_branch_dag' retrieved from /home/airflow/.local/lib/python3.8/site-packages/airflow/example_dags/example_nested_branch_dag.py
[2024-03-27T00:16:36.170+0000] {logging_mixin.py:188} INFO - [2024-03-27T00:16:36.169+0000] {dag.py:3047} INFO - Sync 1 DAGs
[2024-03-27T00:16:36.180+0000] {logging_mixin.py:188} INFO - [2024-03-27T00:16:36.180+0000] {dag.py:3834} INFO - Setting next_dagrun for example_nested_branch_dag to 2024-03-26 00:00:00+00:00, run_after=2024-03-27 00:00:00+00:00
[2024-03-27T00:16:36.189+0000] {processor.py:183} INFO - Processing /home/airflow/.local/lib/python3.8/site-packages/airflow/example_dags/example_nested_branch_dag.py took 0.039 seconds
[2024-03-27T00:17:06.932+0000] {processor.py:161} INFO - Started process (PID=6728) to work on /home/airflow/.local/lib/python3.8/site-packages/airflow/example_dags/example_nested_branch_dag.py
[2024-03-27T00:17:06.933+0000] {processor.py:830} INFO - Processing file /home/airflow/.local/lib/python3.8/site-packages/airflow/example_dags/example_nested_branch_dag.py for tasks to queue
[2024-03-27T00:17:06.934+0000] {logging_mixin.py:188} INFO - [2024-03-27T00:17:06.934+0000] {dagbag.py:540} INFO - Filling up the DagBag from /home/airflow/.local/lib/python3.8/site-packages/airflow/example_dags/example_nested_branch_dag.py
[2024-03-27T00:17:06.940+0000] {processor.py:840} INFO - DAG(s) 'example_nested_branch_dag' retrieved from /home/airflow/.local/lib/python3.8/site-packages/airflow/example_dags/example_nested_branch_dag.py
[2024-03-27T00:17:06.950+0000] {logging_mixin.py:188} INFO - [2024-03-27T00:17:06.950+0000] {dag.py:3047} INFO - Sync 1 DAGs
[2024-03-27T00:17:06.961+0000] {logging_mixin.py:188} INFO - [2024-03-27T00:17:06.961+0000] {dag.py:3834} INFO - Setting next_dagrun for example_nested_branch_dag to 2024-03-26 00:00:00+00:00, run_after=2024-03-27 00:00:00+00:00
[2024-03-27T00:17:06.970+0000] {processor.py:183} INFO - Processing /home/airflow/.local/lib/python3.8/site-packages/airflow/example_dags/example_nested_branch_dag.py took 0.040 seconds
[2024-03-27T00:17:37.975+0000] {processor.py:161} INFO - Started process (PID=6783) to work on /home/airflow/.local/lib/python3.8/site-packages/airflow/example_dags/example_nested_branch_dag.py
[2024-03-27T00:17:37.976+0000] {processor.py:830} INFO - Processing file /home/airflow/.local/lib/python3.8/site-packages/airflow/example_dags/example_nested_branch_dag.py for tasks to queue
[2024-03-27T00:17:37.977+0000] {logging_mixin.py:188} INFO - [2024-03-27T00:17:37.977+0000] {dagbag.py:540} INFO - Filling up the DagBag from /home/airflow/.local/lib/python3.8/site-packages/airflow/example_dags/example_nested_branch_dag.py
[2024-03-27T00:17:37.982+0000] {processor.py:840} INFO - DAG(s) 'example_nested_branch_dag' retrieved from /home/airflow/.local/lib/python3.8/site-packages/airflow/example_dags/example_nested_branch_dag.py
[2024-03-27T00:17:37.993+0000] {logging_mixin.py:188} INFO - [2024-03-27T00:17:37.993+0000] {dag.py:3047} INFO - Sync 1 DAGs
[2024-03-27T00:17:38.005+0000] {logging_mixin.py:188} INFO - [2024-03-27T00:17:38.005+0000] {dag.py:3834} INFO - Setting next_dagrun for example_nested_branch_dag to 2024-03-26 00:00:00+00:00, run_after=2024-03-27 00:00:00+00:00
[2024-03-27T00:17:38.013+0000] {processor.py:183} INFO - Processing /home/airflow/.local/lib/python3.8/site-packages/airflow/example_dags/example_nested_branch_dag.py took 0.040 seconds
[2024-03-27T00:18:09.214+0000] {processor.py:161} INFO - Started process (PID=6838) to work on /home/airflow/.local/lib/python3.8/site-packages/airflow/example_dags/example_nested_branch_dag.py
[2024-03-27T00:18:09.215+0000] {processor.py:830} INFO - Processing file /home/airflow/.local/lib/python3.8/site-packages/airflow/example_dags/example_nested_branch_dag.py for tasks to queue
[2024-03-27T00:18:09.216+0000] {logging_mixin.py:188} INFO - [2024-03-27T00:18:09.216+0000] {dagbag.py:540} INFO - Filling up the DagBag from /home/airflow/.local/lib/python3.8/site-packages/airflow/example_dags/example_nested_branch_dag.py
[2024-03-27T00:18:09.221+0000] {processor.py:840} INFO - DAG(s) 'example_nested_branch_dag' retrieved from /home/airflow/.local/lib/python3.8/site-packages/airflow/example_dags/example_nested_branch_dag.py
[2024-03-27T00:18:09.232+0000] {logging_mixin.py:188} INFO - [2024-03-27T00:18:09.232+0000] {dag.py:3047} INFO - Sync 1 DAGs
[2024-03-27T00:18:09.242+0000] {logging_mixin.py:188} INFO - [2024-03-27T00:18:09.242+0000] {dag.py:3834} INFO - Setting next_dagrun for example_nested_branch_dag to 2024-03-26 00:00:00+00:00, run_after=2024-03-27 00:00:00+00:00
[2024-03-27T00:18:09.250+0000] {processor.py:183} INFO - Processing /home/airflow/.local/lib/python3.8/site-packages/airflow/example_dags/example_nested_branch_dag.py took 0.038 seconds
[2024-03-27T00:18:40.295+0000] {processor.py:161} INFO - Started process (PID=6893) to work on /home/airflow/.local/lib/python3.8/site-packages/airflow/example_dags/example_nested_branch_dag.py
[2024-03-27T00:18:40.296+0000] {processor.py:830} INFO - Processing file /home/airflow/.local/lib/python3.8/site-packages/airflow/example_dags/example_nested_branch_dag.py for tasks to queue
[2024-03-27T00:18:40.297+0000] {logging_mixin.py:188} INFO - [2024-03-27T00:18:40.297+0000] {dagbag.py:540} INFO - Filling up the DagBag from /home/airflow/.local/lib/python3.8/site-packages/airflow/example_dags/example_nested_branch_dag.py
[2024-03-27T00:18:40.304+0000] {processor.py:840} INFO - DAG(s) 'example_nested_branch_dag' retrieved from /home/airflow/.local/lib/python3.8/site-packages/airflow/example_dags/example_nested_branch_dag.py
[2024-03-27T00:18:40.322+0000] {logging_mixin.py:188} INFO - [2024-03-27T00:18:40.322+0000] {dag.py:3047} INFO - Sync 1 DAGs
[2024-03-27T00:18:40.336+0000] {logging_mixin.py:188} INFO - [2024-03-27T00:18:40.336+0000] {dag.py:3834} INFO - Setting next_dagrun for example_nested_branch_dag to 2024-03-26 00:00:00+00:00, run_after=2024-03-27 00:00:00+00:00
[2024-03-27T00:18:40.349+0000] {processor.py:183} INFO - Processing /home/airflow/.local/lib/python3.8/site-packages/airflow/example_dags/example_nested_branch_dag.py took 0.056 seconds
[2024-03-27T00:19:10.539+0000] {processor.py:161} INFO - Started process (PID=6948) to work on /home/airflow/.local/lib/python3.8/site-packages/airflow/example_dags/example_nested_branch_dag.py
[2024-03-27T00:19:10.540+0000] {processor.py:830} INFO - Processing file /home/airflow/.local/lib/python3.8/site-packages/airflow/example_dags/example_nested_branch_dag.py for tasks to queue
[2024-03-27T00:19:10.541+0000] {logging_mixin.py:188} INFO - [2024-03-27T00:19:10.541+0000] {dagbag.py:540} INFO - Filling up the DagBag from /home/airflow/.local/lib/python3.8/site-packages/airflow/example_dags/example_nested_branch_dag.py
[2024-03-27T00:19:10.546+0000] {processor.py:840} INFO - DAG(s) 'example_nested_branch_dag' retrieved from /home/airflow/.local/lib/python3.8/site-packages/airflow/example_dags/example_nested_branch_dag.py
[2024-03-27T00:19:10.556+0000] {logging_mixin.py:188} INFO - [2024-03-27T00:19:10.556+0000] {dag.py:3047} INFO - Sync 1 DAGs
[2024-03-27T00:19:10.566+0000] {logging_mixin.py:188} INFO - [2024-03-27T00:19:10.565+0000] {dag.py:3834} INFO - Setting next_dagrun for example_nested_branch_dag to 2024-03-26 00:00:00+00:00, run_after=2024-03-27 00:00:00+00:00
[2024-03-27T00:19:10.573+0000] {processor.py:183} INFO - Processing /home/airflow/.local/lib/python3.8/site-packages/airflow/example_dags/example_nested_branch_dag.py took 0.036 seconds
[2024-03-27T00:19:40.657+0000] {processor.py:161} INFO - Started process (PID=7003) to work on /home/airflow/.local/lib/python3.8/site-packages/airflow/example_dags/example_nested_branch_dag.py
[2024-03-27T00:19:40.658+0000] {processor.py:830} INFO - Processing file /home/airflow/.local/lib/python3.8/site-packages/airflow/example_dags/example_nested_branch_dag.py for tasks to queue
[2024-03-27T00:19:40.660+0000] {logging_mixin.py:188} INFO - [2024-03-27T00:19:40.660+0000] {dagbag.py:540} INFO - Filling up the DagBag from /home/airflow/.local/lib/python3.8/site-packages/airflow/example_dags/example_nested_branch_dag.py
[2024-03-27T00:19:40.666+0000] {processor.py:840} INFO - DAG(s) 'example_nested_branch_dag' retrieved from /home/airflow/.local/lib/python3.8/site-packages/airflow/example_dags/example_nested_branch_dag.py
[2024-03-27T00:19:40.679+0000] {logging_mixin.py:188} INFO - [2024-03-27T00:19:40.679+0000] {dag.py:3047} INFO - Sync 1 DAGs
[2024-03-27T00:19:40.692+0000] {logging_mixin.py:188} INFO - [2024-03-27T00:19:40.692+0000] {dag.py:3834} INFO - Setting next_dagrun for example_nested_branch_dag to 2024-03-26 00:00:00+00:00, run_after=2024-03-27 00:00:00+00:00
[2024-03-27T00:19:40.701+0000] {processor.py:183} INFO - Processing /home/airflow/.local/lib/python3.8/site-packages/airflow/example_dags/example_nested_branch_dag.py took 0.047 seconds
[2024-03-27T00:20:11.453+0000] {processor.py:161} INFO - Started process (PID=7058) to work on /home/airflow/.local/lib/python3.8/site-packages/airflow/example_dags/example_nested_branch_dag.py
[2024-03-27T00:20:11.453+0000] {processor.py:830} INFO - Processing file /home/airflow/.local/lib/python3.8/site-packages/airflow/example_dags/example_nested_branch_dag.py for tasks to queue
[2024-03-27T00:20:11.454+0000] {logging_mixin.py:188} INFO - [2024-03-27T00:20:11.454+0000] {dagbag.py:540} INFO - Filling up the DagBag from /home/airflow/.local/lib/python3.8/site-packages/airflow/example_dags/example_nested_branch_dag.py
[2024-03-27T00:20:11.460+0000] {processor.py:840} INFO - DAG(s) 'example_nested_branch_dag' retrieved from /home/airflow/.local/lib/python3.8/site-packages/airflow/example_dags/example_nested_branch_dag.py
[2024-03-27T00:20:11.471+0000] {logging_mixin.py:188} INFO - [2024-03-27T00:20:11.471+0000] {dag.py:3047} INFO - Sync 1 DAGs
[2024-03-27T00:20:11.481+0000] {logging_mixin.py:188} INFO - [2024-03-27T00:20:11.481+0000] {dag.py:3834} INFO - Setting next_dagrun for example_nested_branch_dag to 2024-03-26 00:00:00+00:00, run_after=2024-03-27 00:00:00+00:00
[2024-03-27T00:20:11.488+0000] {processor.py:183} INFO - Processing /home/airflow/.local/lib/python3.8/site-packages/airflow/example_dags/example_nested_branch_dag.py took 0.037 seconds
[2024-03-27T00:20:42.085+0000] {processor.py:161} INFO - Started process (PID=7113) to work on /home/airflow/.local/lib/python3.8/site-packages/airflow/example_dags/example_nested_branch_dag.py
[2024-03-27T00:20:42.085+0000] {processor.py:830} INFO - Processing file /home/airflow/.local/lib/python3.8/site-packages/airflow/example_dags/example_nested_branch_dag.py for tasks to queue
[2024-03-27T00:20:42.086+0000] {logging_mixin.py:188} INFO - [2024-03-27T00:20:42.086+0000] {dagbag.py:540} INFO - Filling up the DagBag from /home/airflow/.local/lib/python3.8/site-packages/airflow/example_dags/example_nested_branch_dag.py
[2024-03-27T00:20:42.091+0000] {processor.py:840} INFO - DAG(s) 'example_nested_branch_dag' retrieved from /home/airflow/.local/lib/python3.8/site-packages/airflow/example_dags/example_nested_branch_dag.py
[2024-03-27T00:20:42.102+0000] {logging_mixin.py:188} INFO - [2024-03-27T00:20:42.102+0000] {dag.py:3047} INFO - Sync 1 DAGs
[2024-03-27T00:20:42.112+0000] {logging_mixin.py:188} INFO - [2024-03-27T00:20:42.111+0000] {dag.py:3834} INFO - Setting next_dagrun for example_nested_branch_dag to 2024-03-26 00:00:00+00:00, run_after=2024-03-27 00:00:00+00:00
[2024-03-27T00:20:42.119+0000] {processor.py:183} INFO - Processing /home/airflow/.local/lib/python3.8/site-packages/airflow/example_dags/example_nested_branch_dag.py took 0.036 seconds
[2024-03-27T00:21:12.791+0000] {processor.py:161} INFO - Started process (PID=7168) to work on /home/airflow/.local/lib/python3.8/site-packages/airflow/example_dags/example_nested_branch_dag.py
[2024-03-27T00:21:12.792+0000] {processor.py:830} INFO - Processing file /home/airflow/.local/lib/python3.8/site-packages/airflow/example_dags/example_nested_branch_dag.py for tasks to queue
[2024-03-27T00:21:12.793+0000] {logging_mixin.py:188} INFO - [2024-03-27T00:21:12.793+0000] {dagbag.py:540} INFO - Filling up the DagBag from /home/airflow/.local/lib/python3.8/site-packages/airflow/example_dags/example_nested_branch_dag.py
[2024-03-27T00:21:12.799+0000] {processor.py:840} INFO - DAG(s) 'example_nested_branch_dag' retrieved from /home/airflow/.local/lib/python3.8/site-packages/airflow/example_dags/example_nested_branch_dag.py
[2024-03-27T00:21:12.811+0000] {logging_mixin.py:188} INFO - [2024-03-27T00:21:12.810+0000] {dag.py:3047} INFO - Sync 1 DAGs
[2024-03-27T00:21:12.821+0000] {logging_mixin.py:188} INFO - [2024-03-27T00:21:12.821+0000] {dag.py:3834} INFO - Setting next_dagrun for example_nested_branch_dag to 2024-03-26 00:00:00+00:00, run_after=2024-03-27 00:00:00+00:00
[2024-03-27T00:21:12.830+0000] {processor.py:183} INFO - Processing /home/airflow/.local/lib/python3.8/site-packages/airflow/example_dags/example_nested_branch_dag.py took 0.042 seconds
[2024-03-27T00:21:43.507+0000] {processor.py:161} INFO - Started process (PID=7223) to work on /home/airflow/.local/lib/python3.8/site-packages/airflow/example_dags/example_nested_branch_dag.py
[2024-03-27T00:21:43.508+0000] {processor.py:830} INFO - Processing file /home/airflow/.local/lib/python3.8/site-packages/airflow/example_dags/example_nested_branch_dag.py for tasks to queue
[2024-03-27T00:21:43.509+0000] {logging_mixin.py:188} INFO - [2024-03-27T00:21:43.508+0000] {dagbag.py:540} INFO - Filling up the DagBag from /home/airflow/.local/lib/python3.8/site-packages/airflow/example_dags/example_nested_branch_dag.py
[2024-03-27T00:21:43.514+0000] {processor.py:840} INFO - DAG(s) 'example_nested_branch_dag' retrieved from /home/airflow/.local/lib/python3.8/site-packages/airflow/example_dags/example_nested_branch_dag.py
[2024-03-27T00:21:43.524+0000] {logging_mixin.py:188} INFO - [2024-03-27T00:21:43.524+0000] {dag.py:3047} INFO - Sync 1 DAGs
[2024-03-27T00:21:43.534+0000] {logging_mixin.py:188} INFO - [2024-03-27T00:21:43.534+0000] {dag.py:3834} INFO - Setting next_dagrun for example_nested_branch_dag to 2024-03-26 00:00:00+00:00, run_after=2024-03-27 00:00:00+00:00
[2024-03-27T00:21:43.542+0000] {processor.py:183} INFO - Processing /home/airflow/.local/lib/python3.8/site-packages/airflow/example_dags/example_nested_branch_dag.py took 0.036 seconds
[2024-03-27T00:22:14.170+0000] {processor.py:161} INFO - Started process (PID=7278) to work on /home/airflow/.local/lib/python3.8/site-packages/airflow/example_dags/example_nested_branch_dag.py
[2024-03-27T00:22:14.171+0000] {processor.py:830} INFO - Processing file /home/airflow/.local/lib/python3.8/site-packages/airflow/example_dags/example_nested_branch_dag.py for tasks to queue
[2024-03-27T00:22:14.172+0000] {logging_mixin.py:188} INFO - [2024-03-27T00:22:14.172+0000] {dagbag.py:540} INFO - Filling up the DagBag from /home/airflow/.local/lib/python3.8/site-packages/airflow/example_dags/example_nested_branch_dag.py
[2024-03-27T00:22:14.178+0000] {processor.py:840} INFO - DAG(s) 'example_nested_branch_dag' retrieved from /home/airflow/.local/lib/python3.8/site-packages/airflow/example_dags/example_nested_branch_dag.py
[2024-03-27T00:22:14.189+0000] {logging_mixin.py:188} INFO - [2024-03-27T00:22:14.189+0000] {dag.py:3047} INFO - Sync 1 DAGs
[2024-03-27T00:22:14.200+0000] {logging_mixin.py:188} INFO - [2024-03-27T00:22:14.199+0000] {dag.py:3834} INFO - Setting next_dagrun for example_nested_branch_dag to 2024-03-26 00:00:00+00:00, run_after=2024-03-27 00:00:00+00:00
[2024-03-27T00:22:14.208+0000] {processor.py:183} INFO - Processing /home/airflow/.local/lib/python3.8/site-packages/airflow/example_dags/example_nested_branch_dag.py took 0.039 seconds
[2024-03-27T00:22:44.853+0000] {processor.py:161} INFO - Started process (PID=7333) to work on /home/airflow/.local/lib/python3.8/site-packages/airflow/example_dags/example_nested_branch_dag.py
[2024-03-27T00:22:44.854+0000] {processor.py:830} INFO - Processing file /home/airflow/.local/lib/python3.8/site-packages/airflow/example_dags/example_nested_branch_dag.py for tasks to queue
[2024-03-27T00:22:44.855+0000] {logging_mixin.py:188} INFO - [2024-03-27T00:22:44.855+0000] {dagbag.py:540} INFO - Filling up the DagBag from /home/airflow/.local/lib/python3.8/site-packages/airflow/example_dags/example_nested_branch_dag.py
[2024-03-27T00:22:44.860+0000] {processor.py:840} INFO - DAG(s) 'example_nested_branch_dag' retrieved from /home/airflow/.local/lib/python3.8/site-packages/airflow/example_dags/example_nested_branch_dag.py
[2024-03-27T00:22:44.870+0000] {logging_mixin.py:188} INFO - [2024-03-27T00:22:44.870+0000] {dag.py:3047} INFO - Sync 1 DAGs
[2024-03-27T00:22:44.880+0000] {logging_mixin.py:188} INFO - [2024-03-27T00:22:44.880+0000] {dag.py:3834} INFO - Setting next_dagrun for example_nested_branch_dag to 2024-03-26 00:00:00+00:00, run_after=2024-03-27 00:00:00+00:00
[2024-03-27T00:22:44.888+0000] {processor.py:183} INFO - Processing /home/airflow/.local/lib/python3.8/site-packages/airflow/example_dags/example_nested_branch_dag.py took 0.036 seconds
[2024-03-27T00:23:15.559+0000] {processor.py:161} INFO - Started process (PID=7388) to work on /home/airflow/.local/lib/python3.8/site-packages/airflow/example_dags/example_nested_branch_dag.py
[2024-03-27T00:23:15.559+0000] {processor.py:830} INFO - Processing file /home/airflow/.local/lib/python3.8/site-packages/airflow/example_dags/example_nested_branch_dag.py for tasks to queue
[2024-03-27T00:23:15.560+0000] {logging_mixin.py:188} INFO - [2024-03-27T00:23:15.560+0000] {dagbag.py:540} INFO - Filling up the DagBag from /home/airflow/.local/lib/python3.8/site-packages/airflow/example_dags/example_nested_branch_dag.py
[2024-03-27T00:23:15.566+0000] {processor.py:840} INFO - DAG(s) 'example_nested_branch_dag' retrieved from /home/airflow/.local/lib/python3.8/site-packages/airflow/example_dags/example_nested_branch_dag.py
[2024-03-27T00:23:15.575+0000] {logging_mixin.py:188} INFO - [2024-03-27T00:23:15.575+0000] {dag.py:3047} INFO - Sync 1 DAGs
[2024-03-27T00:23:15.585+0000] {logging_mixin.py:188} INFO - [2024-03-27T00:23:15.585+0000] {dag.py:3834} INFO - Setting next_dagrun for example_nested_branch_dag to 2024-03-26 00:00:00+00:00, run_after=2024-03-27 00:00:00+00:00
[2024-03-27T00:23:15.593+0000] {processor.py:183} INFO - Processing /home/airflow/.local/lib/python3.8/site-packages/airflow/example_dags/example_nested_branch_dag.py took 0.036 seconds
[2024-03-27T00:23:46.184+0000] {processor.py:161} INFO - Started process (PID=7443) to work on /home/airflow/.local/lib/python3.8/site-packages/airflow/example_dags/example_nested_branch_dag.py
[2024-03-27T00:23:46.185+0000] {processor.py:830} INFO - Processing file /home/airflow/.local/lib/python3.8/site-packages/airflow/example_dags/example_nested_branch_dag.py for tasks to queue
[2024-03-27T00:23:46.186+0000] {logging_mixin.py:188} INFO - [2024-03-27T00:23:46.185+0000] {dagbag.py:540} INFO - Filling up the DagBag from /home/airflow/.local/lib/python3.8/site-packages/airflow/example_dags/example_nested_branch_dag.py
[2024-03-27T00:23:46.191+0000] {processor.py:840} INFO - DAG(s) 'example_nested_branch_dag' retrieved from /home/airflow/.local/lib/python3.8/site-packages/airflow/example_dags/example_nested_branch_dag.py
[2024-03-27T00:23:46.201+0000] {logging_mixin.py:188} INFO - [2024-03-27T00:23:46.201+0000] {dag.py:3047} INFO - Sync 1 DAGs
[2024-03-27T00:23:46.211+0000] {logging_mixin.py:188} INFO - [2024-03-27T00:23:46.210+0000] {dag.py:3834} INFO - Setting next_dagrun for example_nested_branch_dag to 2024-03-26 00:00:00+00:00, run_after=2024-03-27 00:00:00+00:00
[2024-03-27T00:23:46.218+0000] {processor.py:183} INFO - Processing /home/airflow/.local/lib/python3.8/site-packages/airflow/example_dags/example_nested_branch_dag.py took 0.036 seconds
[2024-03-27T00:24:16.877+0000] {processor.py:161} INFO - Started process (PID=7498) to work on /home/airflow/.local/lib/python3.8/site-packages/airflow/example_dags/example_nested_branch_dag.py
[2024-03-27T00:24:16.877+0000] {processor.py:830} INFO - Processing file /home/airflow/.local/lib/python3.8/site-packages/airflow/example_dags/example_nested_branch_dag.py for tasks to queue
[2024-03-27T00:24:16.878+0000] {logging_mixin.py:188} INFO - [2024-03-27T00:24:16.878+0000] {dagbag.py:540} INFO - Filling up the DagBag from /home/airflow/.local/lib/python3.8/site-packages/airflow/example_dags/example_nested_branch_dag.py
[2024-03-27T00:24:16.883+0000] {processor.py:840} INFO - DAG(s) 'example_nested_branch_dag' retrieved from /home/airflow/.local/lib/python3.8/site-packages/airflow/example_dags/example_nested_branch_dag.py
[2024-03-27T00:24:16.893+0000] {logging_mixin.py:188} INFO - [2024-03-27T00:24:16.893+0000] {dag.py:3047} INFO - Sync 1 DAGs
[2024-03-27T00:24:16.903+0000] {logging_mixin.py:188} INFO - [2024-03-27T00:24:16.903+0000] {dag.py:3834} INFO - Setting next_dagrun for example_nested_branch_dag to 2024-03-26 00:00:00+00:00, run_after=2024-03-27 00:00:00+00:00
[2024-03-27T00:24:16.911+0000] {processor.py:183} INFO - Processing /home/airflow/.local/lib/python3.8/site-packages/airflow/example_dags/example_nested_branch_dag.py took 0.036 seconds
[2024-03-27T00:24:47.772+0000] {processor.py:161} INFO - Started process (PID=7553) to work on /home/airflow/.local/lib/python3.8/site-packages/airflow/example_dags/example_nested_branch_dag.py
[2024-03-27T00:24:47.772+0000] {processor.py:830} INFO - Processing file /home/airflow/.local/lib/python3.8/site-packages/airflow/example_dags/example_nested_branch_dag.py for tasks to queue
[2024-03-27T00:24:47.773+0000] {logging_mixin.py:188} INFO - [2024-03-27T00:24:47.773+0000] {dagbag.py:540} INFO - Filling up the DagBag from /home/airflow/.local/lib/python3.8/site-packages/airflow/example_dags/example_nested_branch_dag.py
[2024-03-27T00:24:47.779+0000] {processor.py:840} INFO - DAG(s) 'example_nested_branch_dag' retrieved from /home/airflow/.local/lib/python3.8/site-packages/airflow/example_dags/example_nested_branch_dag.py
[2024-03-27T00:24:47.790+0000] {logging_mixin.py:188} INFO - [2024-03-27T00:24:47.790+0000] {dag.py:3047} INFO - Sync 1 DAGs
[2024-03-27T00:24:47.800+0000] {logging_mixin.py:188} INFO - [2024-03-27T00:24:47.800+0000] {dag.py:3834} INFO - Setting next_dagrun for example_nested_branch_dag to 2024-03-26 00:00:00+00:00, run_after=2024-03-27 00:00:00+00:00
[2024-03-27T00:24:47.807+0000] {processor.py:183} INFO - Processing /home/airflow/.local/lib/python3.8/site-packages/airflow/example_dags/example_nested_branch_dag.py took 0.038 seconds
[2024-03-27T00:31:02.936+0000] {processor.py:161} INFO - Started process (PID=7608) to work on /home/airflow/.local/lib/python3.8/site-packages/airflow/example_dags/example_nested_branch_dag.py
[2024-03-27T00:31:02.937+0000] {processor.py:830} INFO - Processing file /home/airflow/.local/lib/python3.8/site-packages/airflow/example_dags/example_nested_branch_dag.py for tasks to queue
[2024-03-27T00:31:02.939+0000] {logging_mixin.py:188} INFO - [2024-03-27T00:31:02.939+0000] {dagbag.py:540} INFO - Filling up the DagBag from /home/airflow/.local/lib/python3.8/site-packages/airflow/example_dags/example_nested_branch_dag.py
[2024-03-27T00:31:02.946+0000] {processor.py:840} INFO - DAG(s) 'example_nested_branch_dag' retrieved from /home/airflow/.local/lib/python3.8/site-packages/airflow/example_dags/example_nested_branch_dag.py
[2024-03-27T00:31:02.961+0000] {logging_mixin.py:188} INFO - [2024-03-27T00:31:02.961+0000] {dag.py:3047} INFO - Sync 1 DAGs
[2024-03-27T00:31:02.973+0000] {logging_mixin.py:188} INFO - [2024-03-27T00:31:02.973+0000] {dag.py:3834} INFO - Setting next_dagrun for example_nested_branch_dag to 2024-03-26 00:00:00+00:00, run_after=2024-03-27 00:00:00+00:00
[2024-03-27T00:31:02.989+0000] {processor.py:183} INFO - Processing /home/airflow/.local/lib/python3.8/site-packages/airflow/example_dags/example_nested_branch_dag.py took 0.055 seconds
[2024-03-27T00:34:03.294+0000] {processor.py:161} INFO - Started process (PID=7663) to work on /home/airflow/.local/lib/python3.8/site-packages/airflow/example_dags/example_nested_branch_dag.py
[2024-03-27T00:34:03.295+0000] {processor.py:830} INFO - Processing file /home/airflow/.local/lib/python3.8/site-packages/airflow/example_dags/example_nested_branch_dag.py for tasks to queue
[2024-03-27T00:34:03.296+0000] {logging_mixin.py:188} INFO - [2024-03-27T00:34:03.295+0000] {dagbag.py:540} INFO - Filling up the DagBag from /home/airflow/.local/lib/python3.8/site-packages/airflow/example_dags/example_nested_branch_dag.py
[2024-03-27T00:34:03.301+0000] {processor.py:840} INFO - DAG(s) 'example_nested_branch_dag' retrieved from /home/airflow/.local/lib/python3.8/site-packages/airflow/example_dags/example_nested_branch_dag.py
[2024-03-27T00:34:03.311+0000] {logging_mixin.py:188} INFO - [2024-03-27T00:34:03.311+0000] {dag.py:3047} INFO - Sync 1 DAGs
[2024-03-27T00:34:03.324+0000] {logging_mixin.py:188} INFO - [2024-03-27T00:34:03.324+0000] {dag.py:3834} INFO - Setting next_dagrun for example_nested_branch_dag to 2024-03-26 00:00:00+00:00, run_after=2024-03-27 00:00:00+00:00
[2024-03-27T00:34:03.332+0000] {processor.py:183} INFO - Processing /home/airflow/.local/lib/python3.8/site-packages/airflow/example_dags/example_nested_branch_dag.py took 0.040 seconds
[2024-03-27T00:40:17.402+0000] {processor.py:161} INFO - Started process (PID=7718) to work on /home/airflow/.local/lib/python3.8/site-packages/airflow/example_dags/example_nested_branch_dag.py
[2024-03-27T00:40:17.404+0000] {processor.py:830} INFO - Processing file /home/airflow/.local/lib/python3.8/site-packages/airflow/example_dags/example_nested_branch_dag.py for tasks to queue
[2024-03-27T00:40:17.407+0000] {logging_mixin.py:188} INFO - [2024-03-27T00:40:17.407+0000] {dagbag.py:540} INFO - Filling up the DagBag from /home/airflow/.local/lib/python3.8/site-packages/airflow/example_dags/example_nested_branch_dag.py
[2024-03-27T00:40:17.422+0000] {processor.py:840} INFO - DAG(s) 'example_nested_branch_dag' retrieved from /home/airflow/.local/lib/python3.8/site-packages/airflow/example_dags/example_nested_branch_dag.py
[2024-03-27T00:40:17.477+0000] {logging_mixin.py:188} INFO - [2024-03-27T00:40:17.476+0000] {dag.py:3047} INFO - Sync 1 DAGs
[2024-03-27T00:40:17.522+0000] {logging_mixin.py:188} INFO - [2024-03-27T00:40:17.522+0000] {dag.py:3834} INFO - Setting next_dagrun for example_nested_branch_dag to 2024-03-26 00:00:00+00:00, run_after=2024-03-27 00:00:00+00:00
[2024-03-27T00:40:17.563+0000] {processor.py:183} INFO - Processing /home/airflow/.local/lib/python3.8/site-packages/airflow/example_dags/example_nested_branch_dag.py took 0.164 seconds
[2024-03-27T00:41:13.744+0000] {processor.py:161} INFO - Started process (PID=7773) to work on /home/airflow/.local/lib/python3.8/site-packages/airflow/example_dags/example_nested_branch_dag.py
[2024-03-27T00:41:13.745+0000] {processor.py:830} INFO - Processing file /home/airflow/.local/lib/python3.8/site-packages/airflow/example_dags/example_nested_branch_dag.py for tasks to queue
[2024-03-27T00:41:13.746+0000] {logging_mixin.py:188} INFO - [2024-03-27T00:41:13.746+0000] {dagbag.py:540} INFO - Filling up the DagBag from /home/airflow/.local/lib/python3.8/site-packages/airflow/example_dags/example_nested_branch_dag.py
[2024-03-27T00:41:13.751+0000] {processor.py:840} INFO - DAG(s) 'example_nested_branch_dag' retrieved from /home/airflow/.local/lib/python3.8/site-packages/airflow/example_dags/example_nested_branch_dag.py
[2024-03-27T00:41:13.763+0000] {logging_mixin.py:188} INFO - [2024-03-27T00:41:13.763+0000] {dag.py:3047} INFO - Sync 1 DAGs
[2024-03-27T00:41:13.774+0000] {logging_mixin.py:188} INFO - [2024-03-27T00:41:13.774+0000] {dag.py:3834} INFO - Setting next_dagrun for example_nested_branch_dag to 2024-03-26 00:00:00+00:00, run_after=2024-03-27 00:00:00+00:00
[2024-03-27T00:41:13.783+0000] {processor.py:183} INFO - Processing /home/airflow/.local/lib/python3.8/site-packages/airflow/example_dags/example_nested_branch_dag.py took 0.041 seconds
[2024-03-27T00:42:56.311+0000] {processor.py:161} INFO - Started process (PID=7828) to work on /home/airflow/.local/lib/python3.8/site-packages/airflow/example_dags/example_nested_branch_dag.py
[2024-03-27T00:42:56.311+0000] {processor.py:830} INFO - Processing file /home/airflow/.local/lib/python3.8/site-packages/airflow/example_dags/example_nested_branch_dag.py for tasks to queue
[2024-03-27T00:42:56.312+0000] {logging_mixin.py:188} INFO - [2024-03-27T00:42:56.312+0000] {dagbag.py:540} INFO - Filling up the DagBag from /home/airflow/.local/lib/python3.8/site-packages/airflow/example_dags/example_nested_branch_dag.py
[2024-03-27T00:42:56.318+0000] {processor.py:840} INFO - DAG(s) 'example_nested_branch_dag' retrieved from /home/airflow/.local/lib/python3.8/site-packages/airflow/example_dags/example_nested_branch_dag.py
[2024-03-27T00:42:56.328+0000] {logging_mixin.py:188} INFO - [2024-03-27T00:42:56.328+0000] {dag.py:3047} INFO - Sync 1 DAGs
[2024-03-27T00:42:56.340+0000] {logging_mixin.py:188} INFO - [2024-03-27T00:42:56.340+0000] {dag.py:3834} INFO - Setting next_dagrun for example_nested_branch_dag to 2024-03-26 00:00:00+00:00, run_after=2024-03-27 00:00:00+00:00
[2024-03-27T00:42:56.349+0000] {processor.py:183} INFO - Processing /home/airflow/.local/lib/python3.8/site-packages/airflow/example_dags/example_nested_branch_dag.py took 0.040 seconds
[2024-03-27T00:45:42.536+0000] {processor.py:161} INFO - Started process (PID=7883) to work on /home/airflow/.local/lib/python3.8/site-packages/airflow/example_dags/example_nested_branch_dag.py
[2024-03-27T00:45:42.537+0000] {processor.py:830} INFO - Processing file /home/airflow/.local/lib/python3.8/site-packages/airflow/example_dags/example_nested_branch_dag.py for tasks to queue
[2024-03-27T00:45:42.538+0000] {logging_mixin.py:188} INFO - [2024-03-27T00:45:42.538+0000] {dagbag.py:540} INFO - Filling up the DagBag from /home/airflow/.local/lib/python3.8/site-packages/airflow/example_dags/example_nested_branch_dag.py
[2024-03-27T00:45:42.544+0000] {processor.py:840} INFO - DAG(s) 'example_nested_branch_dag' retrieved from /home/airflow/.local/lib/python3.8/site-packages/airflow/example_dags/example_nested_branch_dag.py
[2024-03-27T00:45:42.555+0000] {logging_mixin.py:188} INFO - [2024-03-27T00:45:42.554+0000] {dag.py:3047} INFO - Sync 1 DAGs
[2024-03-27T00:45:42.566+0000] {logging_mixin.py:188} INFO - [2024-03-27T00:45:42.566+0000] {dag.py:3834} INFO - Setting next_dagrun for example_nested_branch_dag to 2024-03-26 00:00:00+00:00, run_after=2024-03-27 00:00:00+00:00
[2024-03-27T00:45:42.575+0000] {processor.py:183} INFO - Processing /home/airflow/.local/lib/python3.8/site-packages/airflow/example_dags/example_nested_branch_dag.py took 0.041 seconds
[2024-03-27T00:49:39.671+0000] {processor.py:161} INFO - Started process (PID=7938) to work on /home/airflow/.local/lib/python3.8/site-packages/airflow/example_dags/example_nested_branch_dag.py
[2024-03-27T00:49:39.672+0000] {processor.py:830} INFO - Processing file /home/airflow/.local/lib/python3.8/site-packages/airflow/example_dags/example_nested_branch_dag.py for tasks to queue
[2024-03-27T00:49:39.673+0000] {logging_mixin.py:188} INFO - [2024-03-27T00:49:39.673+0000] {dagbag.py:540} INFO - Filling up the DagBag from /home/airflow/.local/lib/python3.8/site-packages/airflow/example_dags/example_nested_branch_dag.py
[2024-03-27T00:49:39.679+0000] {processor.py:840} INFO - DAG(s) 'example_nested_branch_dag' retrieved from /home/airflow/.local/lib/python3.8/site-packages/airflow/example_dags/example_nested_branch_dag.py
[2024-03-27T00:49:39.691+0000] {logging_mixin.py:188} INFO - [2024-03-27T00:49:39.691+0000] {dag.py:3047} INFO - Sync 1 DAGs
[2024-03-27T00:49:39.704+0000] {logging_mixin.py:188} INFO - [2024-03-27T00:49:39.703+0000] {dag.py:3834} INFO - Setting next_dagrun for example_nested_branch_dag to 2024-03-26 00:00:00+00:00, run_after=2024-03-27 00:00:00+00:00
[2024-03-27T00:49:39.713+0000] {processor.py:183} INFO - Processing /home/airflow/.local/lib/python3.8/site-packages/airflow/example_dags/example_nested_branch_dag.py took 0.044 seconds
[2024-03-27T00:50:38.777+0000] {processor.py:161} INFO - Started process (PID=7993) to work on /home/airflow/.local/lib/python3.8/site-packages/airflow/example_dags/example_nested_branch_dag.py
[2024-03-27T00:50:38.777+0000] {processor.py:830} INFO - Processing file /home/airflow/.local/lib/python3.8/site-packages/airflow/example_dags/example_nested_branch_dag.py for tasks to queue
[2024-03-27T00:50:38.778+0000] {logging_mixin.py:188} INFO - [2024-03-27T00:50:38.778+0000] {dagbag.py:540} INFO - Filling up the DagBag from /home/airflow/.local/lib/python3.8/site-packages/airflow/example_dags/example_nested_branch_dag.py
[2024-03-27T00:50:38.784+0000] {processor.py:840} INFO - DAG(s) 'example_nested_branch_dag' retrieved from /home/airflow/.local/lib/python3.8/site-packages/airflow/example_dags/example_nested_branch_dag.py
[2024-03-27T00:50:38.794+0000] {logging_mixin.py:188} INFO - [2024-03-27T00:50:38.794+0000] {dag.py:3047} INFO - Sync 1 DAGs
[2024-03-27T00:50:38.805+0000] {logging_mixin.py:188} INFO - [2024-03-27T00:50:38.805+0000] {dag.py:3834} INFO - Setting next_dagrun for example_nested_branch_dag to 2024-03-26 00:00:00+00:00, run_after=2024-03-27 00:00:00+00:00
[2024-03-27T00:50:38.815+0000] {processor.py:183} INFO - Processing /home/airflow/.local/lib/python3.8/site-packages/airflow/example_dags/example_nested_branch_dag.py took 0.040 seconds
[2024-03-27T00:51:23.773+0000] {processor.py:161} INFO - Started process (PID=8048) to work on /home/airflow/.local/lib/python3.8/site-packages/airflow/example_dags/example_nested_branch_dag.py
[2024-03-27T00:51:23.773+0000] {processor.py:830} INFO - Processing file /home/airflow/.local/lib/python3.8/site-packages/airflow/example_dags/example_nested_branch_dag.py for tasks to queue
[2024-03-27T00:51:23.774+0000] {logging_mixin.py:188} INFO - [2024-03-27T00:51:23.774+0000] {dagbag.py:540} INFO - Filling up the DagBag from /home/airflow/.local/lib/python3.8/site-packages/airflow/example_dags/example_nested_branch_dag.py
[2024-03-27T00:51:23.780+0000] {processor.py:840} INFO - DAG(s) 'example_nested_branch_dag' retrieved from /home/airflow/.local/lib/python3.8/site-packages/airflow/example_dags/example_nested_branch_dag.py
[2024-03-27T00:51:23.791+0000] {logging_mixin.py:188} INFO - [2024-03-27T00:51:23.791+0000] {dag.py:3047} INFO - Sync 1 DAGs
[2024-03-27T00:51:23.802+0000] {logging_mixin.py:188} INFO - [2024-03-27T00:51:23.802+0000] {dag.py:3834} INFO - Setting next_dagrun for example_nested_branch_dag to 2024-03-26 00:00:00+00:00, run_after=2024-03-27 00:00:00+00:00
[2024-03-27T00:51:23.811+0000] {processor.py:183} INFO - Processing /home/airflow/.local/lib/python3.8/site-packages/airflow/example_dags/example_nested_branch_dag.py took 0.040 seconds
[2024-03-27T00:53:01.137+0000] {processor.py:161} INFO - Started process (PID=8103) to work on /home/airflow/.local/lib/python3.8/site-packages/airflow/example_dags/example_nested_branch_dag.py
[2024-03-27T00:53:01.137+0000] {processor.py:830} INFO - Processing file /home/airflow/.local/lib/python3.8/site-packages/airflow/example_dags/example_nested_branch_dag.py for tasks to queue
[2024-03-27T00:53:01.138+0000] {logging_mixin.py:188} INFO - [2024-03-27T00:53:01.138+0000] {dagbag.py:540} INFO - Filling up the DagBag from /home/airflow/.local/lib/python3.8/site-packages/airflow/example_dags/example_nested_branch_dag.py
[2024-03-27T00:53:01.144+0000] {processor.py:840} INFO - DAG(s) 'example_nested_branch_dag' retrieved from /home/airflow/.local/lib/python3.8/site-packages/airflow/example_dags/example_nested_branch_dag.py
[2024-03-27T00:53:01.155+0000] {logging_mixin.py:188} INFO - [2024-03-27T00:53:01.155+0000] {dag.py:3047} INFO - Sync 1 DAGs
[2024-03-27T00:53:01.166+0000] {logging_mixin.py:188} INFO - [2024-03-27T00:53:01.165+0000] {dag.py:3834} INFO - Setting next_dagrun for example_nested_branch_dag to 2024-03-26 00:00:00+00:00, run_after=2024-03-27 00:00:00+00:00
[2024-03-27T00:53:01.175+0000] {processor.py:183} INFO - Processing /home/airflow/.local/lib/python3.8/site-packages/airflow/example_dags/example_nested_branch_dag.py took 0.040 seconds
[2024-03-27T00:54:00.470+0000] {processor.py:161} INFO - Started process (PID=8158) to work on /home/airflow/.local/lib/python3.8/site-packages/airflow/example_dags/example_nested_branch_dag.py
[2024-03-27T00:54:00.470+0000] {processor.py:830} INFO - Processing file /home/airflow/.local/lib/python3.8/site-packages/airflow/example_dags/example_nested_branch_dag.py for tasks to queue
[2024-03-27T00:54:00.471+0000] {logging_mixin.py:188} INFO - [2024-03-27T00:54:00.471+0000] {dagbag.py:540} INFO - Filling up the DagBag from /home/airflow/.local/lib/python3.8/site-packages/airflow/example_dags/example_nested_branch_dag.py
[2024-03-27T00:54:00.477+0000] {processor.py:840} INFO - DAG(s) 'example_nested_branch_dag' retrieved from /home/airflow/.local/lib/python3.8/site-packages/airflow/example_dags/example_nested_branch_dag.py
[2024-03-27T00:54:00.488+0000] {logging_mixin.py:188} INFO - [2024-03-27T00:54:00.488+0000] {dag.py:3047} INFO - Sync 1 DAGs
[2024-03-27T00:54:00.498+0000] {logging_mixin.py:188} INFO - [2024-03-27T00:54:00.498+0000] {dag.py:3834} INFO - Setting next_dagrun for example_nested_branch_dag to 2024-03-26 00:00:00+00:00, run_after=2024-03-27 00:00:00+00:00
[2024-03-27T00:54:00.507+0000] {processor.py:183} INFO - Processing /home/airflow/.local/lib/python3.8/site-packages/airflow/example_dags/example_nested_branch_dag.py took 0.040 seconds
[2024-03-27T00:54:44.097+0000] {processor.py:161} INFO - Started process (PID=8213) to work on /home/airflow/.local/lib/python3.8/site-packages/airflow/example_dags/example_nested_branch_dag.py
[2024-03-27T00:54:44.098+0000] {processor.py:830} INFO - Processing file /home/airflow/.local/lib/python3.8/site-packages/airflow/example_dags/example_nested_branch_dag.py for tasks to queue
[2024-03-27T00:54:44.099+0000] {logging_mixin.py:188} INFO - [2024-03-27T00:54:44.098+0000] {dagbag.py:540} INFO - Filling up the DagBag from /home/airflow/.local/lib/python3.8/site-packages/airflow/example_dags/example_nested_branch_dag.py
[2024-03-27T00:54:44.104+0000] {processor.py:840} INFO - DAG(s) 'example_nested_branch_dag' retrieved from /home/airflow/.local/lib/python3.8/site-packages/airflow/example_dags/example_nested_branch_dag.py
[2024-03-27T00:54:44.115+0000] {logging_mixin.py:188} INFO - [2024-03-27T00:54:44.115+0000] {dag.py:3047} INFO - Sync 1 DAGs
[2024-03-27T00:54:44.126+0000] {logging_mixin.py:188} INFO - [2024-03-27T00:54:44.125+0000] {dag.py:3834} INFO - Setting next_dagrun for example_nested_branch_dag to 2024-03-26 00:00:00+00:00, run_after=2024-03-27 00:00:00+00:00
[2024-03-27T00:54:44.135+0000] {processor.py:183} INFO - Processing /home/airflow/.local/lib/python3.8/site-packages/airflow/example_dags/example_nested_branch_dag.py took 0.040 seconds
[2024-03-27T00:55:16.946+0000] {processor.py:161} INFO - Started process (PID=8268) to work on /home/airflow/.local/lib/python3.8/site-packages/airflow/example_dags/example_nested_branch_dag.py
[2024-03-27T00:55:16.946+0000] {processor.py:830} INFO - Processing file /home/airflow/.local/lib/python3.8/site-packages/airflow/example_dags/example_nested_branch_dag.py for tasks to queue
[2024-03-27T00:55:16.947+0000] {logging_mixin.py:188} INFO - [2024-03-27T00:55:16.947+0000] {dagbag.py:540} INFO - Filling up the DagBag from /home/airflow/.local/lib/python3.8/site-packages/airflow/example_dags/example_nested_branch_dag.py
[2024-03-27T00:55:16.952+0000] {processor.py:840} INFO - DAG(s) 'example_nested_branch_dag' retrieved from /home/airflow/.local/lib/python3.8/site-packages/airflow/example_dags/example_nested_branch_dag.py
[2024-03-27T00:55:16.963+0000] {logging_mixin.py:188} INFO - [2024-03-27T00:55:16.963+0000] {dag.py:3047} INFO - Sync 1 DAGs
[2024-03-27T00:55:16.974+0000] {logging_mixin.py:188} INFO - [2024-03-27T00:55:16.973+0000] {dag.py:3834} INFO - Setting next_dagrun for example_nested_branch_dag to 2024-03-26 00:00:00+00:00, run_after=2024-03-27 00:00:00+00:00
[2024-03-27T00:55:16.983+0000] {processor.py:183} INFO - Processing /home/airflow/.local/lib/python3.8/site-packages/airflow/example_dags/example_nested_branch_dag.py took 0.039 seconds
[2024-03-27T00:55:59.160+0000] {processor.py:161} INFO - Started process (PID=8322) to work on /home/airflow/.local/lib/python3.8/site-packages/airflow/example_dags/example_nested_branch_dag.py
[2024-03-27T00:55:59.160+0000] {processor.py:830} INFO - Processing file /home/airflow/.local/lib/python3.8/site-packages/airflow/example_dags/example_nested_branch_dag.py for tasks to queue
[2024-03-27T00:55:59.161+0000] {logging_mixin.py:188} INFO - [2024-03-27T00:55:59.161+0000] {dagbag.py:540} INFO - Filling up the DagBag from /home/airflow/.local/lib/python3.8/site-packages/airflow/example_dags/example_nested_branch_dag.py
[2024-03-27T00:55:59.167+0000] {processor.py:840} INFO - DAG(s) 'example_nested_branch_dag' retrieved from /home/airflow/.local/lib/python3.8/site-packages/airflow/example_dags/example_nested_branch_dag.py
[2024-03-27T00:55:59.178+0000] {logging_mixin.py:188} INFO - [2024-03-27T00:55:59.177+0000] {dag.py:3047} INFO - Sync 1 DAGs
[2024-03-27T00:55:59.189+0000] {logging_mixin.py:188} INFO - [2024-03-27T00:55:59.189+0000] {dag.py:3834} INFO - Setting next_dagrun for example_nested_branch_dag to 2024-03-26 00:00:00+00:00, run_after=2024-03-27 00:00:00+00:00
[2024-03-27T00:55:59.197+0000] {processor.py:183} INFO - Processing /home/airflow/.local/lib/python3.8/site-packages/airflow/example_dags/example_nested_branch_dag.py took 0.040 seconds
[2024-03-27T00:58:45.819+0000] {processor.py:161} INFO - Started process (PID=8377) to work on /home/airflow/.local/lib/python3.8/site-packages/airflow/example_dags/example_nested_branch_dag.py
[2024-03-27T00:58:45.821+0000] {processor.py:830} INFO - Processing file /home/airflow/.local/lib/python3.8/site-packages/airflow/example_dags/example_nested_branch_dag.py for tasks to queue
[2024-03-27T00:58:45.822+0000] {logging_mixin.py:188} INFO - [2024-03-27T00:58:45.822+0000] {dagbag.py:540} INFO - Filling up the DagBag from /home/airflow/.local/lib/python3.8/site-packages/airflow/example_dags/example_nested_branch_dag.py
[2024-03-27T00:58:45.828+0000] {processor.py:840} INFO - DAG(s) 'example_nested_branch_dag' retrieved from /home/airflow/.local/lib/python3.8/site-packages/airflow/example_dags/example_nested_branch_dag.py
[2024-03-27T00:58:45.841+0000] {logging_mixin.py:188} INFO - [2024-03-27T00:58:45.841+0000] {dag.py:3047} INFO - Sync 1 DAGs
[2024-03-27T00:58:45.852+0000] {logging_mixin.py:188} INFO - [2024-03-27T00:58:45.852+0000] {dag.py:3834} INFO - Setting next_dagrun for example_nested_branch_dag to 2024-03-26 00:00:00+00:00, run_after=2024-03-27 00:00:00+00:00
[2024-03-27T00:58:45.861+0000] {processor.py:183} INFO - Processing /home/airflow/.local/lib/python3.8/site-packages/airflow/example_dags/example_nested_branch_dag.py took 0.044 seconds
[2024-03-27T01:01:15.363+0000] {processor.py:161} INFO - Started process (PID=8432) to work on /home/airflow/.local/lib/python3.8/site-packages/airflow/example_dags/example_nested_branch_dag.py
[2024-03-27T01:01:15.363+0000] {processor.py:830} INFO - Processing file /home/airflow/.local/lib/python3.8/site-packages/airflow/example_dags/example_nested_branch_dag.py for tasks to queue
[2024-03-27T01:01:15.365+0000] {logging_mixin.py:188} INFO - [2024-03-27T01:01:15.364+0000] {dagbag.py:540} INFO - Filling up the DagBag from /home/airflow/.local/lib/python3.8/site-packages/airflow/example_dags/example_nested_branch_dag.py
[2024-03-27T01:01:15.370+0000] {processor.py:840} INFO - DAG(s) 'example_nested_branch_dag' retrieved from /home/airflow/.local/lib/python3.8/site-packages/airflow/example_dags/example_nested_branch_dag.py
[2024-03-27T01:01:15.382+0000] {logging_mixin.py:188} INFO - [2024-03-27T01:01:15.382+0000] {dag.py:3047} INFO - Sync 1 DAGs
[2024-03-27T01:01:15.393+0000] {logging_mixin.py:188} INFO - [2024-03-27T01:01:15.393+0000] {dag.py:3834} INFO - Setting next_dagrun for example_nested_branch_dag to 2024-03-26 00:00:00+00:00, run_after=2024-03-27 00:00:00+00:00
[2024-03-27T01:01:15.403+0000] {processor.py:183} INFO - Processing /home/airflow/.local/lib/python3.8/site-packages/airflow/example_dags/example_nested_branch_dag.py took 0.042 seconds
[2024-03-27T01:04:44.458+0000] {processor.py:161} INFO - Started process (PID=8487) to work on /home/airflow/.local/lib/python3.8/site-packages/airflow/example_dags/example_nested_branch_dag.py
[2024-03-27T01:04:44.459+0000] {processor.py:830} INFO - Processing file /home/airflow/.local/lib/python3.8/site-packages/airflow/example_dags/example_nested_branch_dag.py for tasks to queue
[2024-03-27T01:04:44.460+0000] {logging_mixin.py:188} INFO - [2024-03-27T01:04:44.460+0000] {dagbag.py:540} INFO - Filling up the DagBag from /home/airflow/.local/lib/python3.8/site-packages/airflow/example_dags/example_nested_branch_dag.py
[2024-03-27T01:04:44.466+0000] {processor.py:840} INFO - DAG(s) 'example_nested_branch_dag' retrieved from /home/airflow/.local/lib/python3.8/site-packages/airflow/example_dags/example_nested_branch_dag.py
[2024-03-27T01:04:44.477+0000] {logging_mixin.py:188} INFO - [2024-03-27T01:04:44.477+0000] {dag.py:3047} INFO - Sync 1 DAGs
[2024-03-27T01:04:44.489+0000] {logging_mixin.py:188} INFO - [2024-03-27T01:04:44.489+0000] {dag.py:3834} INFO - Setting next_dagrun for example_nested_branch_dag to 2024-03-26 00:00:00+00:00, run_after=2024-03-27 00:00:00+00:00
[2024-03-27T01:04:44.497+0000] {processor.py:183} INFO - Processing /home/airflow/.local/lib/python3.8/site-packages/airflow/example_dags/example_nested_branch_dag.py took 0.041 seconds
[2024-03-27T01:08:49.680+0000] {processor.py:161} INFO - Started process (PID=8542) to work on /home/airflow/.local/lib/python3.8/site-packages/airflow/example_dags/example_nested_branch_dag.py
[2024-03-27T01:08:49.681+0000] {processor.py:830} INFO - Processing file /home/airflow/.local/lib/python3.8/site-packages/airflow/example_dags/example_nested_branch_dag.py for tasks to queue
[2024-03-27T01:08:49.683+0000] {logging_mixin.py:188} INFO - [2024-03-27T01:08:49.682+0000] {dagbag.py:540} INFO - Filling up the DagBag from /home/airflow/.local/lib/python3.8/site-packages/airflow/example_dags/example_nested_branch_dag.py
[2024-03-27T01:08:49.690+0000] {processor.py:840} INFO - DAG(s) 'example_nested_branch_dag' retrieved from /home/airflow/.local/lib/python3.8/site-packages/airflow/example_dags/example_nested_branch_dag.py
[2024-03-27T01:08:49.704+0000] {logging_mixin.py:188} INFO - [2024-03-27T01:08:49.704+0000] {dag.py:3047} INFO - Sync 1 DAGs
[2024-03-27T01:08:49.718+0000] {logging_mixin.py:188} INFO - [2024-03-27T01:08:49.718+0000] {dag.py:3834} INFO - Setting next_dagrun for example_nested_branch_dag to 2024-03-26 00:00:00+00:00, run_after=2024-03-27 00:00:00+00:00
[2024-03-27T01:08:49.730+0000] {processor.py:183} INFO - Processing /home/airflow/.local/lib/python3.8/site-packages/airflow/example_dags/example_nested_branch_dag.py took 0.053 seconds
[2024-03-27T01:13:47.997+0000] {processor.py:161} INFO - Started process (PID=8597) to work on /home/airflow/.local/lib/python3.8/site-packages/airflow/example_dags/example_nested_branch_dag.py
[2024-03-27T01:13:47.998+0000] {processor.py:830} INFO - Processing file /home/airflow/.local/lib/python3.8/site-packages/airflow/example_dags/example_nested_branch_dag.py for tasks to queue
[2024-03-27T01:13:47.999+0000] {logging_mixin.py:188} INFO - [2024-03-27T01:13:47.999+0000] {dagbag.py:540} INFO - Filling up the DagBag from /home/airflow/.local/lib/python3.8/site-packages/airflow/example_dags/example_nested_branch_dag.py
[2024-03-27T01:13:48.004+0000] {processor.py:840} INFO - DAG(s) 'example_nested_branch_dag' retrieved from /home/airflow/.local/lib/python3.8/site-packages/airflow/example_dags/example_nested_branch_dag.py
[2024-03-27T01:13:48.015+0000] {logging_mixin.py:188} INFO - [2024-03-27T01:13:48.015+0000] {dag.py:3047} INFO - Sync 1 DAGs
[2024-03-27T01:13:48.026+0000] {logging_mixin.py:188} INFO - [2024-03-27T01:13:48.026+0000] {dag.py:3834} INFO - Setting next_dagrun for example_nested_branch_dag to 2024-03-26 00:00:00+00:00, run_after=2024-03-27 00:00:00+00:00
[2024-03-27T01:13:48.036+0000] {processor.py:183} INFO - Processing /home/airflow/.local/lib/python3.8/site-packages/airflow/example_dags/example_nested_branch_dag.py took 0.040 seconds
[2024-03-27T01:47:16.966+0000] {processor.py:161} INFO - Started process (PID=8652) to work on /home/airflow/.local/lib/python3.8/site-packages/airflow/example_dags/example_nested_branch_dag.py
[2024-03-27T01:47:16.967+0000] {processor.py:830} INFO - Processing file /home/airflow/.local/lib/python3.8/site-packages/airflow/example_dags/example_nested_branch_dag.py for tasks to queue
[2024-03-27T01:47:16.968+0000] {logging_mixin.py:188} INFO - [2024-03-27T01:47:16.967+0000] {dagbag.py:540} INFO - Filling up the DagBag from /home/airflow/.local/lib/python3.8/site-packages/airflow/example_dags/example_nested_branch_dag.py
[2024-03-27T01:47:16.973+0000] {processor.py:840} INFO - DAG(s) 'example_nested_branch_dag' retrieved from /home/airflow/.local/lib/python3.8/site-packages/airflow/example_dags/example_nested_branch_dag.py
[2024-03-27T01:47:16.984+0000] {logging_mixin.py:188} INFO - [2024-03-27T01:47:16.984+0000] {dag.py:3047} INFO - Sync 1 DAGs
[2024-03-27T01:47:16.995+0000] {logging_mixin.py:188} INFO - [2024-03-27T01:47:16.995+0000] {dag.py:3834} INFO - Setting next_dagrun for example_nested_branch_dag to 2024-03-26 00:00:00+00:00, run_after=2024-03-27 00:00:00+00:00
[2024-03-27T01:47:17.004+0000] {processor.py:183} INFO - Processing /home/airflow/.local/lib/python3.8/site-packages/airflow/example_dags/example_nested_branch_dag.py took 0.040 seconds
[2024-03-27T02:30:30.159+0000] {processor.py:161} INFO - Started process (PID=8707) to work on /home/airflow/.local/lib/python3.8/site-packages/airflow/example_dags/example_nested_branch_dag.py
[2024-03-27T02:30:30.160+0000] {processor.py:830} INFO - Processing file /home/airflow/.local/lib/python3.8/site-packages/airflow/example_dags/example_nested_branch_dag.py for tasks to queue
[2024-03-27T02:30:30.161+0000] {logging_mixin.py:188} INFO - [2024-03-27T02:30:30.161+0000] {dagbag.py:540} INFO - Filling up the DagBag from /home/airflow/.local/lib/python3.8/site-packages/airflow/example_dags/example_nested_branch_dag.py
[2024-03-27T02:30:30.167+0000] {processor.py:840} INFO - DAG(s) 'example_nested_branch_dag' retrieved from /home/airflow/.local/lib/python3.8/site-packages/airflow/example_dags/example_nested_branch_dag.py
[2024-03-27T02:30:30.178+0000] {logging_mixin.py:188} INFO - [2024-03-27T02:30:30.178+0000] {dag.py:3047} INFO - Sync 1 DAGs
[2024-03-27T02:30:30.189+0000] {logging_mixin.py:188} INFO - [2024-03-27T02:30:30.189+0000] {dag.py:3834} INFO - Setting next_dagrun for example_nested_branch_dag to 2024-03-26 00:00:00+00:00, run_after=2024-03-27 00:00:00+00:00
[2024-03-27T02:30:30.198+0000] {processor.py:183} INFO - Processing /home/airflow/.local/lib/python3.8/site-packages/airflow/example_dags/example_nested_branch_dag.py took 0.040 seconds
[2024-03-27T02:31:20.931+0000] {processor.py:161} INFO - Started process (PID=8762) to work on /home/airflow/.local/lib/python3.8/site-packages/airflow/example_dags/example_nested_branch_dag.py
[2024-03-27T02:31:20.931+0000] {processor.py:830} INFO - Processing file /home/airflow/.local/lib/python3.8/site-packages/airflow/example_dags/example_nested_branch_dag.py for tasks to queue
[2024-03-27T02:31:20.932+0000] {logging_mixin.py:188} INFO - [2024-03-27T02:31:20.932+0000] {dagbag.py:540} INFO - Filling up the DagBag from /home/airflow/.local/lib/python3.8/site-packages/airflow/example_dags/example_nested_branch_dag.py
[2024-03-27T02:31:20.938+0000] {processor.py:840} INFO - DAG(s) 'example_nested_branch_dag' retrieved from /home/airflow/.local/lib/python3.8/site-packages/airflow/example_dags/example_nested_branch_dag.py
[2024-03-27T02:31:20.949+0000] {logging_mixin.py:188} INFO - [2024-03-27T02:31:20.949+0000] {dag.py:3047} INFO - Sync 1 DAGs
[2024-03-27T02:31:20.961+0000] {logging_mixin.py:188} INFO - [2024-03-27T02:31:20.960+0000] {dag.py:3834} INFO - Setting next_dagrun for example_nested_branch_dag to 2024-03-26 00:00:00+00:00, run_after=2024-03-27 00:00:00+00:00
[2024-03-27T02:31:20.969+0000] {processor.py:183} INFO - Processing /home/airflow/.local/lib/python3.8/site-packages/airflow/example_dags/example_nested_branch_dag.py took 0.040 seconds
[2024-03-27T02:33:49.840+0000] {processor.py:161} INFO - Started process (PID=8817) to work on /home/airflow/.local/lib/python3.8/site-packages/airflow/example_dags/example_nested_branch_dag.py
[2024-03-27T02:33:49.841+0000] {processor.py:830} INFO - Processing file /home/airflow/.local/lib/python3.8/site-packages/airflow/example_dags/example_nested_branch_dag.py for tasks to queue
[2024-03-27T02:33:49.842+0000] {logging_mixin.py:188} INFO - [2024-03-27T02:33:49.842+0000] {dagbag.py:540} INFO - Filling up the DagBag from /home/airflow/.local/lib/python3.8/site-packages/airflow/example_dags/example_nested_branch_dag.py
[2024-03-27T02:33:49.847+0000] {processor.py:840} INFO - DAG(s) 'example_nested_branch_dag' retrieved from /home/airflow/.local/lib/python3.8/site-packages/airflow/example_dags/example_nested_branch_dag.py
[2024-03-27T02:33:49.858+0000] {logging_mixin.py:188} INFO - [2024-03-27T02:33:49.858+0000] {dag.py:3047} INFO - Sync 1 DAGs
[2024-03-27T02:33:49.870+0000] {logging_mixin.py:188} INFO - [2024-03-27T02:33:49.870+0000] {dag.py:3834} INFO - Setting next_dagrun for example_nested_branch_dag to 2024-03-26 00:00:00+00:00, run_after=2024-03-27 00:00:00+00:00
[2024-03-27T02:33:49.879+0000] {processor.py:183} INFO - Processing /home/airflow/.local/lib/python3.8/site-packages/airflow/example_dags/example_nested_branch_dag.py took 0.041 seconds
[2024-03-27T02:49:01.955+0000] {processor.py:161} INFO - Started process (PID=8872) to work on /home/airflow/.local/lib/python3.8/site-packages/airflow/example_dags/example_nested_branch_dag.py
[2024-03-27T02:49:01.956+0000] {processor.py:830} INFO - Processing file /home/airflow/.local/lib/python3.8/site-packages/airflow/example_dags/example_nested_branch_dag.py for tasks to queue
[2024-03-27T02:49:01.957+0000] {logging_mixin.py:188} INFO - [2024-03-27T02:49:01.957+0000] {dagbag.py:540} INFO - Filling up the DagBag from /home/airflow/.local/lib/python3.8/site-packages/airflow/example_dags/example_nested_branch_dag.py
[2024-03-27T02:49:01.963+0000] {processor.py:840} INFO - DAG(s) 'example_nested_branch_dag' retrieved from /home/airflow/.local/lib/python3.8/site-packages/airflow/example_dags/example_nested_branch_dag.py
[2024-03-27T02:49:01.975+0000] {logging_mixin.py:188} INFO - [2024-03-27T02:49:01.975+0000] {dag.py:3047} INFO - Sync 1 DAGs
[2024-03-27T02:49:01.987+0000] {logging_mixin.py:188} INFO - [2024-03-27T02:49:01.986+0000] {dag.py:3834} INFO - Setting next_dagrun for example_nested_branch_dag to 2024-03-26 00:00:00+00:00, run_after=2024-03-27 00:00:00+00:00
[2024-03-27T02:49:01.995+0000] {processor.py:183} INFO - Processing /home/airflow/.local/lib/python3.8/site-packages/airflow/example_dags/example_nested_branch_dag.py took 0.041 seconds
[2024-03-27T02:49:32.787+0000] {processor.py:161} INFO - Started process (PID=8927) to work on /home/airflow/.local/lib/python3.8/site-packages/airflow/example_dags/example_nested_branch_dag.py
[2024-03-27T02:49:32.787+0000] {processor.py:830} INFO - Processing file /home/airflow/.local/lib/python3.8/site-packages/airflow/example_dags/example_nested_branch_dag.py for tasks to queue
[2024-03-27T02:49:32.788+0000] {logging_mixin.py:188} INFO - [2024-03-27T02:49:32.788+0000] {dagbag.py:540} INFO - Filling up the DagBag from /home/airflow/.local/lib/python3.8/site-packages/airflow/example_dags/example_nested_branch_dag.py
[2024-03-27T02:49:32.794+0000] {processor.py:840} INFO - DAG(s) 'example_nested_branch_dag' retrieved from /home/airflow/.local/lib/python3.8/site-packages/airflow/example_dags/example_nested_branch_dag.py
[2024-03-27T02:49:32.804+0000] {logging_mixin.py:188} INFO - [2024-03-27T02:49:32.804+0000] {dag.py:3047} INFO - Sync 1 DAGs
[2024-03-27T02:49:32.815+0000] {logging_mixin.py:188} INFO - [2024-03-27T02:49:32.815+0000] {dag.py:3834} INFO - Setting next_dagrun for example_nested_branch_dag to 2024-03-26 00:00:00+00:00, run_after=2024-03-27 00:00:00+00:00
[2024-03-27T02:49:32.825+0000] {processor.py:183} INFO - Processing /home/airflow/.local/lib/python3.8/site-packages/airflow/example_dags/example_nested_branch_dag.py took 0.040 seconds
[2024-03-27T02:50:03.554+0000] {processor.py:161} INFO - Started process (PID=8982) to work on /home/airflow/.local/lib/python3.8/site-packages/airflow/example_dags/example_nested_branch_dag.py
[2024-03-27T02:50:03.554+0000] {processor.py:830} INFO - Processing file /home/airflow/.local/lib/python3.8/site-packages/airflow/example_dags/example_nested_branch_dag.py for tasks to queue
[2024-03-27T02:50:03.555+0000] {logging_mixin.py:188} INFO - [2024-03-27T02:50:03.555+0000] {dagbag.py:540} INFO - Filling up the DagBag from /home/airflow/.local/lib/python3.8/site-packages/airflow/example_dags/example_nested_branch_dag.py
[2024-03-27T02:50:03.561+0000] {processor.py:840} INFO - DAG(s) 'example_nested_branch_dag' retrieved from /home/airflow/.local/lib/python3.8/site-packages/airflow/example_dags/example_nested_branch_dag.py
[2024-03-27T02:50:03.571+0000] {logging_mixin.py:188} INFO - [2024-03-27T02:50:03.571+0000] {dag.py:3047} INFO - Sync 1 DAGs
[2024-03-27T02:50:03.582+0000] {logging_mixin.py:188} INFO - [2024-03-27T02:50:03.582+0000] {dag.py:3834} INFO - Setting next_dagrun for example_nested_branch_dag to 2024-03-26 00:00:00+00:00, run_after=2024-03-27 00:00:00+00:00
[2024-03-27T02:50:03.590+0000] {processor.py:183} INFO - Processing /home/airflow/.local/lib/python3.8/site-packages/airflow/example_dags/example_nested_branch_dag.py took 0.038 seconds
[2024-03-27T02:50:34.379+0000] {processor.py:161} INFO - Started process (PID=9037) to work on /home/airflow/.local/lib/python3.8/site-packages/airflow/example_dags/example_nested_branch_dag.py
[2024-03-27T02:50:34.380+0000] {processor.py:830} INFO - Processing file /home/airflow/.local/lib/python3.8/site-packages/airflow/example_dags/example_nested_branch_dag.py for tasks to queue
[2024-03-27T02:50:34.381+0000] {logging_mixin.py:188} INFO - [2024-03-27T02:50:34.381+0000] {dagbag.py:540} INFO - Filling up the DagBag from /home/airflow/.local/lib/python3.8/site-packages/airflow/example_dags/example_nested_branch_dag.py
[2024-03-27T02:50:34.387+0000] {processor.py:840} INFO - DAG(s) 'example_nested_branch_dag' retrieved from /home/airflow/.local/lib/python3.8/site-packages/airflow/example_dags/example_nested_branch_dag.py
[2024-03-27T02:50:34.398+0000] {logging_mixin.py:188} INFO - [2024-03-27T02:50:34.398+0000] {dag.py:3047} INFO - Sync 1 DAGs
[2024-03-27T02:50:34.408+0000] {logging_mixin.py:188} INFO - [2024-03-27T02:50:34.408+0000] {dag.py:3834} INFO - Setting next_dagrun for example_nested_branch_dag to 2024-03-26 00:00:00+00:00, run_after=2024-03-27 00:00:00+00:00
[2024-03-27T02:50:34.417+0000] {processor.py:183} INFO - Processing /home/airflow/.local/lib/python3.8/site-packages/airflow/example_dags/example_nested_branch_dag.py took 0.040 seconds
[2024-03-27T18:16:33.542+0000] {processor.py:161} INFO - Started process (PID=71) to work on /home/airflow/.local/lib/python3.8/site-packages/airflow/example_dags/example_nested_branch_dag.py
[2024-03-27T18:16:33.544+0000] {processor.py:830} INFO - Processing file /home/airflow/.local/lib/python3.8/site-packages/airflow/example_dags/example_nested_branch_dag.py for tasks to queue
[2024-03-27T18:16:33.545+0000] {logging_mixin.py:188} INFO - [2024-03-27T18:16:33.545+0000] {dagbag.py:540} INFO - Filling up the DagBag from /home/airflow/.local/lib/python3.8/site-packages/airflow/example_dags/example_nested_branch_dag.py
[2024-03-27T18:16:33.554+0000] {processor.py:840} INFO - DAG(s) 'example_nested_branch_dag' retrieved from /home/airflow/.local/lib/python3.8/site-packages/airflow/example_dags/example_nested_branch_dag.py
[2024-03-27T18:16:33.575+0000] {logging_mixin.py:188} INFO - [2024-03-27T18:16:33.574+0000] {dag.py:3047} INFO - Sync 1 DAGs
[2024-03-27T18:16:33.598+0000] {logging_mixin.py:188} INFO - [2024-03-27T18:16:33.598+0000] {dag.py:3834} INFO - Setting next_dagrun for example_nested_branch_dag to 2024-03-26 00:00:00+00:00, run_after=2024-03-27 00:00:00+00:00
[2024-03-27T18:16:33.615+0000] {processor.py:183} INFO - Processing /home/airflow/.local/lib/python3.8/site-packages/airflow/example_dags/example_nested_branch_dag.py took 0.076 seconds
