[2024-03-27T00:00:24.168+0000] {processor.py:161} INFO - Started process (PID=5242) to work on /home/airflow/.local/lib/python3.8/site-packages/airflow/example_dags/example_setup_teardown.py
[2024-03-27T00:00:24.168+0000] {processor.py:830} INFO - Processing file /home/airflow/.local/lib/python3.8/site-packages/airflow/example_dags/example_setup_teardown.py for tasks to queue
[2024-03-27T00:00:24.169+0000] {logging_mixin.py:188} INFO - [2024-03-27T00:00:24.169+0000] {dagbag.py:540} INFO - Filling up the DagBag from /home/airflow/.local/lib/python3.8/site-packages/airflow/example_dags/example_setup_teardown.py
[2024-03-27T00:00:24.173+0000] {processor.py:840} INFO - DAG(s) 'example_setup_teardown' retrieved from /home/airflow/.local/lib/python3.8/site-packages/airflow/example_dags/example_setup_teardown.py
[2024-03-27T00:00:24.183+0000] {logging_mixin.py:188} INFO - [2024-03-27T00:00:24.183+0000] {dag.py:3047} INFO - Sync 1 DAGs
[2024-03-27T00:00:24.193+0000] {logging_mixin.py:188} INFO - [2024-03-27T00:00:24.193+0000] {dag.py:3834} INFO - Setting next_dagrun for example_setup_teardown to 2024-03-26 00:00:00+00:00, run_after=2024-03-27 00:00:00+00:00
[2024-03-27T00:00:24.202+0000] {processor.py:183} INFO - Processing /home/airflow/.local/lib/python3.8/site-packages/airflow/example_dags/example_setup_teardown.py took 0.036 seconds
[2024-03-27T00:00:55.112+0000] {processor.py:161} INFO - Started process (PID=5297) to work on /home/airflow/.local/lib/python3.8/site-packages/airflow/example_dags/example_setup_teardown.py
[2024-03-27T00:00:55.112+0000] {processor.py:830} INFO - Processing file /home/airflow/.local/lib/python3.8/site-packages/airflow/example_dags/example_setup_teardown.py for tasks to queue
[2024-03-27T00:00:55.113+0000] {logging_mixin.py:188} INFO - [2024-03-27T00:00:55.113+0000] {dagbag.py:540} INFO - Filling up the DagBag from /home/airflow/.local/lib/python3.8/site-packages/airflow/example_dags/example_setup_teardown.py
[2024-03-27T00:00:55.117+0000] {processor.py:840} INFO - DAG(s) 'example_setup_teardown' retrieved from /home/airflow/.local/lib/python3.8/site-packages/airflow/example_dags/example_setup_teardown.py
[2024-03-27T00:00:55.131+0000] {logging_mixin.py:188} INFO - [2024-03-27T00:00:55.131+0000] {dag.py:3047} INFO - Sync 1 DAGs
[2024-03-27T00:00:55.144+0000] {logging_mixin.py:188} INFO - [2024-03-27T00:00:55.144+0000] {dag.py:3834} INFO - Setting next_dagrun for example_setup_teardown to 2024-03-26 00:00:00+00:00, run_after=2024-03-27 00:00:00+00:00
[2024-03-27T00:00:55.153+0000] {processor.py:183} INFO - Processing /home/airflow/.local/lib/python3.8/site-packages/airflow/example_dags/example_setup_teardown.py took 0.043 seconds
[2024-03-27T00:01:25.989+0000] {processor.py:161} INFO - Started process (PID=5352) to work on /home/airflow/.local/lib/python3.8/site-packages/airflow/example_dags/example_setup_teardown.py
[2024-03-27T00:01:25.990+0000] {processor.py:830} INFO - Processing file /home/airflow/.local/lib/python3.8/site-packages/airflow/example_dags/example_setup_teardown.py for tasks to queue
[2024-03-27T00:01:25.991+0000] {logging_mixin.py:188} INFO - [2024-03-27T00:01:25.991+0000] {dagbag.py:540} INFO - Filling up the DagBag from /home/airflow/.local/lib/python3.8/site-packages/airflow/example_dags/example_setup_teardown.py
[2024-03-27T00:01:25.995+0000] {processor.py:840} INFO - DAG(s) 'example_setup_teardown' retrieved from /home/airflow/.local/lib/python3.8/site-packages/airflow/example_dags/example_setup_teardown.py
[2024-03-27T00:01:26.005+0000] {logging_mixin.py:188} INFO - [2024-03-27T00:01:26.005+0000] {dag.py:3047} INFO - Sync 1 DAGs
[2024-03-27T00:01:26.015+0000] {logging_mixin.py:188} INFO - [2024-03-27T00:01:26.015+0000] {dag.py:3834} INFO - Setting next_dagrun for example_setup_teardown to 2024-03-26 00:00:00+00:00, run_after=2024-03-27 00:00:00+00:00
[2024-03-27T00:01:26.024+0000] {processor.py:183} INFO - Processing /home/airflow/.local/lib/python3.8/site-packages/airflow/example_dags/example_setup_teardown.py took 0.036 seconds
[2024-03-27T00:01:56.977+0000] {processor.py:161} INFO - Started process (PID=5407) to work on /home/airflow/.local/lib/python3.8/site-packages/airflow/example_dags/example_setup_teardown.py
[2024-03-27T00:01:56.978+0000] {processor.py:830} INFO - Processing file /home/airflow/.local/lib/python3.8/site-packages/airflow/example_dags/example_setup_teardown.py for tasks to queue
[2024-03-27T00:01:56.979+0000] {logging_mixin.py:188} INFO - [2024-03-27T00:01:56.979+0000] {dagbag.py:540} INFO - Filling up the DagBag from /home/airflow/.local/lib/python3.8/site-packages/airflow/example_dags/example_setup_teardown.py
[2024-03-27T00:01:56.982+0000] {processor.py:840} INFO - DAG(s) 'example_setup_teardown' retrieved from /home/airflow/.local/lib/python3.8/site-packages/airflow/example_dags/example_setup_teardown.py
[2024-03-27T00:01:56.992+0000] {logging_mixin.py:188} INFO - [2024-03-27T00:01:56.992+0000] {dag.py:3047} INFO - Sync 1 DAGs
[2024-03-27T00:01:57.003+0000] {logging_mixin.py:188} INFO - [2024-03-27T00:01:57.002+0000] {dag.py:3834} INFO - Setting next_dagrun for example_setup_teardown to 2024-03-26 00:00:00+00:00, run_after=2024-03-27 00:00:00+00:00
[2024-03-27T00:01:57.012+0000] {processor.py:183} INFO - Processing /home/airflow/.local/lib/python3.8/site-packages/airflow/example_dags/example_setup_teardown.py took 0.037 seconds
[2024-03-27T00:02:27.974+0000] {processor.py:161} INFO - Started process (PID=5462) to work on /home/airflow/.local/lib/python3.8/site-packages/airflow/example_dags/example_setup_teardown.py
[2024-03-27T00:02:27.975+0000] {processor.py:830} INFO - Processing file /home/airflow/.local/lib/python3.8/site-packages/airflow/example_dags/example_setup_teardown.py for tasks to queue
[2024-03-27T00:02:27.976+0000] {logging_mixin.py:188} INFO - [2024-03-27T00:02:27.975+0000] {dagbag.py:540} INFO - Filling up the DagBag from /home/airflow/.local/lib/python3.8/site-packages/airflow/example_dags/example_setup_teardown.py
[2024-03-27T00:02:27.979+0000] {processor.py:840} INFO - DAG(s) 'example_setup_teardown' retrieved from /home/airflow/.local/lib/python3.8/site-packages/airflow/example_dags/example_setup_teardown.py
[2024-03-27T00:02:27.990+0000] {logging_mixin.py:188} INFO - [2024-03-27T00:02:27.990+0000] {dag.py:3047} INFO - Sync 1 DAGs
[2024-03-27T00:02:28.000+0000] {logging_mixin.py:188} INFO - [2024-03-27T00:02:28.000+0000] {dag.py:3834} INFO - Setting next_dagrun for example_setup_teardown to 2024-03-26 00:00:00+00:00, run_after=2024-03-27 00:00:00+00:00
[2024-03-27T00:02:28.009+0000] {processor.py:183} INFO - Processing /home/airflow/.local/lib/python3.8/site-packages/airflow/example_dags/example_setup_teardown.py took 0.037 seconds
[2024-03-27T00:02:59.132+0000] {processor.py:161} INFO - Started process (PID=5517) to work on /home/airflow/.local/lib/python3.8/site-packages/airflow/example_dags/example_setup_teardown.py
[2024-03-27T00:02:59.133+0000] {processor.py:830} INFO - Processing file /home/airflow/.local/lib/python3.8/site-packages/airflow/example_dags/example_setup_teardown.py for tasks to queue
[2024-03-27T00:02:59.135+0000] {logging_mixin.py:188} INFO - [2024-03-27T00:02:59.134+0000] {dagbag.py:540} INFO - Filling up the DagBag from /home/airflow/.local/lib/python3.8/site-packages/airflow/example_dags/example_setup_teardown.py
[2024-03-27T00:02:59.139+0000] {processor.py:840} INFO - DAG(s) 'example_setup_teardown' retrieved from /home/airflow/.local/lib/python3.8/site-packages/airflow/example_dags/example_setup_teardown.py
[2024-03-27T00:02:59.153+0000] {logging_mixin.py:188} INFO - [2024-03-27T00:02:59.153+0000] {dag.py:3047} INFO - Sync 1 DAGs
[2024-03-27T00:02:59.169+0000] {logging_mixin.py:188} INFO - [2024-03-27T00:02:59.168+0000] {dag.py:3834} INFO - Setting next_dagrun for example_setup_teardown to 2024-03-26 00:00:00+00:00, run_after=2024-03-27 00:00:00+00:00
[2024-03-27T00:02:59.186+0000] {processor.py:183} INFO - Processing /home/airflow/.local/lib/python3.8/site-packages/airflow/example_dags/example_setup_teardown.py took 0.056 seconds
[2024-03-27T00:03:30.340+0000] {processor.py:161} INFO - Started process (PID=5571) to work on /home/airflow/.local/lib/python3.8/site-packages/airflow/example_dags/example_setup_teardown.py
[2024-03-27T00:03:30.341+0000] {processor.py:830} INFO - Processing file /home/airflow/.local/lib/python3.8/site-packages/airflow/example_dags/example_setup_teardown.py for tasks to queue
[2024-03-27T00:03:30.343+0000] {logging_mixin.py:188} INFO - [2024-03-27T00:03:30.343+0000] {dagbag.py:540} INFO - Filling up the DagBag from /home/airflow/.local/lib/python3.8/site-packages/airflow/example_dags/example_setup_teardown.py
[2024-03-27T00:03:30.354+0000] {processor.py:840} INFO - DAG(s) 'example_setup_teardown' retrieved from /home/airflow/.local/lib/python3.8/site-packages/airflow/example_dags/example_setup_teardown.py
[2024-03-27T00:03:30.388+0000] {logging_mixin.py:188} INFO - [2024-03-27T00:03:30.388+0000] {dag.py:3047} INFO - Sync 1 DAGs
[2024-03-27T00:03:30.407+0000] {logging_mixin.py:188} INFO - [2024-03-27T00:03:30.407+0000] {dag.py:3834} INFO - Setting next_dagrun for example_setup_teardown to 2024-03-26 00:00:00+00:00, run_after=2024-03-27 00:00:00+00:00
[2024-03-27T00:03:30.431+0000] {processor.py:183} INFO - Processing /home/airflow/.local/lib/python3.8/site-packages/airflow/example_dags/example_setup_teardown.py took 0.094 seconds
[2024-03-27T00:04:03.312+0000] {processor.py:161} INFO - Started process (PID=5626) to work on /home/airflow/.local/lib/python3.8/site-packages/airflow/example_dags/example_setup_teardown.py
[2024-03-27T00:04:03.313+0000] {processor.py:830} INFO - Processing file /home/airflow/.local/lib/python3.8/site-packages/airflow/example_dags/example_setup_teardown.py for tasks to queue
[2024-03-27T00:04:03.314+0000] {logging_mixin.py:188} INFO - [2024-03-27T00:04:03.314+0000] {dagbag.py:540} INFO - Filling up the DagBag from /home/airflow/.local/lib/python3.8/site-packages/airflow/example_dags/example_setup_teardown.py
[2024-03-27T00:04:03.317+0000] {processor.py:840} INFO - DAG(s) 'example_setup_teardown' retrieved from /home/airflow/.local/lib/python3.8/site-packages/airflow/example_dags/example_setup_teardown.py
[2024-03-27T00:04:03.327+0000] {logging_mixin.py:188} INFO - [2024-03-27T00:04:03.327+0000] {dag.py:3047} INFO - Sync 1 DAGs
[2024-03-27T00:04:03.337+0000] {logging_mixin.py:188} INFO - [2024-03-27T00:04:03.337+0000] {dag.py:3834} INFO - Setting next_dagrun for example_setup_teardown to 2024-03-26 00:00:00+00:00, run_after=2024-03-27 00:00:00+00:00
[2024-03-27T00:04:03.345+0000] {processor.py:183} INFO - Processing /home/airflow/.local/lib/python3.8/site-packages/airflow/example_dags/example_setup_teardown.py took 0.035 seconds
[2024-03-27T00:04:34.035+0000] {processor.py:161} INFO - Started process (PID=5681) to work on /home/airflow/.local/lib/python3.8/site-packages/airflow/example_dags/example_setup_teardown.py
[2024-03-27T00:04:34.036+0000] {processor.py:830} INFO - Processing file /home/airflow/.local/lib/python3.8/site-packages/airflow/example_dags/example_setup_teardown.py for tasks to queue
[2024-03-27T00:04:34.037+0000] {logging_mixin.py:188} INFO - [2024-03-27T00:04:34.037+0000] {dagbag.py:540} INFO - Filling up the DagBag from /home/airflow/.local/lib/python3.8/site-packages/airflow/example_dags/example_setup_teardown.py
[2024-03-27T00:04:34.041+0000] {processor.py:840} INFO - DAG(s) 'example_setup_teardown' retrieved from /home/airflow/.local/lib/python3.8/site-packages/airflow/example_dags/example_setup_teardown.py
[2024-03-27T00:04:34.051+0000] {logging_mixin.py:188} INFO - [2024-03-27T00:04:34.051+0000] {dag.py:3047} INFO - Sync 1 DAGs
[2024-03-27T00:04:34.061+0000] {logging_mixin.py:188} INFO - [2024-03-27T00:04:34.061+0000] {dag.py:3834} INFO - Setting next_dagrun for example_setup_teardown to 2024-03-26 00:00:00+00:00, run_after=2024-03-27 00:00:00+00:00
[2024-03-27T00:04:34.069+0000] {processor.py:183} INFO - Processing /home/airflow/.local/lib/python3.8/site-packages/airflow/example_dags/example_setup_teardown.py took 0.036 seconds
[2024-03-27T00:05:04.776+0000] {processor.py:161} INFO - Started process (PID=5736) to work on /home/airflow/.local/lib/python3.8/site-packages/airflow/example_dags/example_setup_teardown.py
[2024-03-27T00:05:04.776+0000] {processor.py:830} INFO - Processing file /home/airflow/.local/lib/python3.8/site-packages/airflow/example_dags/example_setup_teardown.py for tasks to queue
[2024-03-27T00:05:04.777+0000] {logging_mixin.py:188} INFO - [2024-03-27T00:05:04.777+0000] {dagbag.py:540} INFO - Filling up the DagBag from /home/airflow/.local/lib/python3.8/site-packages/airflow/example_dags/example_setup_teardown.py
[2024-03-27T00:05:04.780+0000] {processor.py:840} INFO - DAG(s) 'example_setup_teardown' retrieved from /home/airflow/.local/lib/python3.8/site-packages/airflow/example_dags/example_setup_teardown.py
[2024-03-27T00:05:04.791+0000] {logging_mixin.py:188} INFO - [2024-03-27T00:05:04.791+0000] {dag.py:3047} INFO - Sync 1 DAGs
[2024-03-27T00:05:04.801+0000] {logging_mixin.py:188} INFO - [2024-03-27T00:05:04.801+0000] {dag.py:3834} INFO - Setting next_dagrun for example_setup_teardown to 2024-03-26 00:00:00+00:00, run_after=2024-03-27 00:00:00+00:00
[2024-03-27T00:05:04.809+0000] {processor.py:183} INFO - Processing /home/airflow/.local/lib/python3.8/site-packages/airflow/example_dags/example_setup_teardown.py took 0.035 seconds
[2024-03-27T00:05:35.496+0000] {processor.py:161} INFO - Started process (PID=5791) to work on /home/airflow/.local/lib/python3.8/site-packages/airflow/example_dags/example_setup_teardown.py
[2024-03-27T00:05:35.497+0000] {processor.py:830} INFO - Processing file /home/airflow/.local/lib/python3.8/site-packages/airflow/example_dags/example_setup_teardown.py for tasks to queue
[2024-03-27T00:05:35.498+0000] {logging_mixin.py:188} INFO - [2024-03-27T00:05:35.498+0000] {dagbag.py:540} INFO - Filling up the DagBag from /home/airflow/.local/lib/python3.8/site-packages/airflow/example_dags/example_setup_teardown.py
[2024-03-27T00:05:35.502+0000] {processor.py:840} INFO - DAG(s) 'example_setup_teardown' retrieved from /home/airflow/.local/lib/python3.8/site-packages/airflow/example_dags/example_setup_teardown.py
[2024-03-27T00:05:35.512+0000] {logging_mixin.py:188} INFO - [2024-03-27T00:05:35.512+0000] {dag.py:3047} INFO - Sync 1 DAGs
[2024-03-27T00:05:35.523+0000] {logging_mixin.py:188} INFO - [2024-03-27T00:05:35.523+0000] {dag.py:3834} INFO - Setting next_dagrun for example_setup_teardown to 2024-03-26 00:00:00+00:00, run_after=2024-03-27 00:00:00+00:00
[2024-03-27T00:05:35.532+0000] {processor.py:183} INFO - Processing /home/airflow/.local/lib/python3.8/site-packages/airflow/example_dags/example_setup_teardown.py took 0.038 seconds
[2024-03-27T00:06:06.168+0000] {processor.py:161} INFO - Started process (PID=5846) to work on /home/airflow/.local/lib/python3.8/site-packages/airflow/example_dags/example_setup_teardown.py
[2024-03-27T00:06:06.169+0000] {processor.py:830} INFO - Processing file /home/airflow/.local/lib/python3.8/site-packages/airflow/example_dags/example_setup_teardown.py for tasks to queue
[2024-03-27T00:06:06.170+0000] {logging_mixin.py:188} INFO - [2024-03-27T00:06:06.170+0000] {dagbag.py:540} INFO - Filling up the DagBag from /home/airflow/.local/lib/python3.8/site-packages/airflow/example_dags/example_setup_teardown.py
[2024-03-27T00:06:06.173+0000] {processor.py:840} INFO - DAG(s) 'example_setup_teardown' retrieved from /home/airflow/.local/lib/python3.8/site-packages/airflow/example_dags/example_setup_teardown.py
[2024-03-27T00:06:06.183+0000] {logging_mixin.py:188} INFO - [2024-03-27T00:06:06.183+0000] {dag.py:3047} INFO - Sync 1 DAGs
[2024-03-27T00:06:06.193+0000] {logging_mixin.py:188} INFO - [2024-03-27T00:06:06.193+0000] {dag.py:3834} INFO - Setting next_dagrun for example_setup_teardown to 2024-03-26 00:00:00+00:00, run_after=2024-03-27 00:00:00+00:00
[2024-03-27T00:06:06.201+0000] {processor.py:183} INFO - Processing /home/airflow/.local/lib/python3.8/site-packages/airflow/example_dags/example_setup_teardown.py took 0.035 seconds
[2024-03-27T00:09:25.527+0000] {processor.py:161} INFO - Started process (PID=5901) to work on /home/airflow/.local/lib/python3.8/site-packages/airflow/example_dags/example_setup_teardown.py
[2024-03-27T00:09:25.528+0000] {processor.py:830} INFO - Processing file /home/airflow/.local/lib/python3.8/site-packages/airflow/example_dags/example_setup_teardown.py for tasks to queue
[2024-03-27T00:09:25.529+0000] {logging_mixin.py:188} INFO - [2024-03-27T00:09:25.529+0000] {dagbag.py:540} INFO - Filling up the DagBag from /home/airflow/.local/lib/python3.8/site-packages/airflow/example_dags/example_setup_teardown.py
[2024-03-27T00:09:25.533+0000] {processor.py:840} INFO - DAG(s) 'example_setup_teardown' retrieved from /home/airflow/.local/lib/python3.8/site-packages/airflow/example_dags/example_setup_teardown.py
[2024-03-27T00:09:25.543+0000] {logging_mixin.py:188} INFO - [2024-03-27T00:09:25.543+0000] {dag.py:3047} INFO - Sync 1 DAGs
[2024-03-27T00:09:25.555+0000] {logging_mixin.py:188} INFO - [2024-03-27T00:09:25.555+0000] {dag.py:3834} INFO - Setting next_dagrun for example_setup_teardown to 2024-03-26 00:00:00+00:00, run_after=2024-03-27 00:00:00+00:00
[2024-03-27T00:09:25.564+0000] {processor.py:183} INFO - Processing /home/airflow/.local/lib/python3.8/site-packages/airflow/example_dags/example_setup_teardown.py took 0.039 seconds
[2024-03-27T00:09:56.435+0000] {processor.py:161} INFO - Started process (PID=5955) to work on /home/airflow/.local/lib/python3.8/site-packages/airflow/example_dags/example_setup_teardown.py
[2024-03-27T00:09:56.436+0000] {processor.py:830} INFO - Processing file /home/airflow/.local/lib/python3.8/site-packages/airflow/example_dags/example_setup_teardown.py for tasks to queue
[2024-03-27T00:09:56.437+0000] {logging_mixin.py:188} INFO - [2024-03-27T00:09:56.437+0000] {dagbag.py:540} INFO - Filling up the DagBag from /home/airflow/.local/lib/python3.8/site-packages/airflow/example_dags/example_setup_teardown.py
[2024-03-27T00:09:56.441+0000] {processor.py:840} INFO - DAG(s) 'example_setup_teardown' retrieved from /home/airflow/.local/lib/python3.8/site-packages/airflow/example_dags/example_setup_teardown.py
[2024-03-27T00:09:56.451+0000] {logging_mixin.py:188} INFO - [2024-03-27T00:09:56.451+0000] {dag.py:3047} INFO - Sync 1 DAGs
[2024-03-27T00:09:56.462+0000] {logging_mixin.py:188} INFO - [2024-03-27T00:09:56.462+0000] {dag.py:3834} INFO - Setting next_dagrun for example_setup_teardown to 2024-03-26 00:00:00+00:00, run_after=2024-03-27 00:00:00+00:00
[2024-03-27T00:09:56.471+0000] {processor.py:183} INFO - Processing /home/airflow/.local/lib/python3.8/site-packages/airflow/example_dags/example_setup_teardown.py took 0.038 seconds
[2024-03-27T00:10:27.471+0000] {processor.py:161} INFO - Started process (PID=6010) to work on /home/airflow/.local/lib/python3.8/site-packages/airflow/example_dags/example_setup_teardown.py
[2024-03-27T00:10:27.471+0000] {processor.py:830} INFO - Processing file /home/airflow/.local/lib/python3.8/site-packages/airflow/example_dags/example_setup_teardown.py for tasks to queue
[2024-03-27T00:10:27.472+0000] {logging_mixin.py:188} INFO - [2024-03-27T00:10:27.472+0000] {dagbag.py:540} INFO - Filling up the DagBag from /home/airflow/.local/lib/python3.8/site-packages/airflow/example_dags/example_setup_teardown.py
[2024-03-27T00:10:27.476+0000] {processor.py:840} INFO - DAG(s) 'example_setup_teardown' retrieved from /home/airflow/.local/lib/python3.8/site-packages/airflow/example_dags/example_setup_teardown.py
[2024-03-27T00:10:27.487+0000] {logging_mixin.py:188} INFO - [2024-03-27T00:10:27.487+0000] {dag.py:3047} INFO - Sync 1 DAGs
[2024-03-27T00:10:27.498+0000] {logging_mixin.py:188} INFO - [2024-03-27T00:10:27.498+0000] {dag.py:3834} INFO - Setting next_dagrun for example_setup_teardown to 2024-03-26 00:00:00+00:00, run_after=2024-03-27 00:00:00+00:00
[2024-03-27T00:10:27.507+0000] {processor.py:183} INFO - Processing /home/airflow/.local/lib/python3.8/site-packages/airflow/example_dags/example_setup_teardown.py took 0.038 seconds
[2024-03-27T00:10:58.471+0000] {processor.py:161} INFO - Started process (PID=6065) to work on /home/airflow/.local/lib/python3.8/site-packages/airflow/example_dags/example_setup_teardown.py
[2024-03-27T00:10:58.472+0000] {processor.py:830} INFO - Processing file /home/airflow/.local/lib/python3.8/site-packages/airflow/example_dags/example_setup_teardown.py for tasks to queue
[2024-03-27T00:10:58.473+0000] {logging_mixin.py:188} INFO - [2024-03-27T00:10:58.473+0000] {dagbag.py:540} INFO - Filling up the DagBag from /home/airflow/.local/lib/python3.8/site-packages/airflow/example_dags/example_setup_teardown.py
[2024-03-27T00:10:58.476+0000] {processor.py:840} INFO - DAG(s) 'example_setup_teardown' retrieved from /home/airflow/.local/lib/python3.8/site-packages/airflow/example_dags/example_setup_teardown.py
[2024-03-27T00:10:58.486+0000] {logging_mixin.py:188} INFO - [2024-03-27T00:10:58.486+0000] {dag.py:3047} INFO - Sync 1 DAGs
[2024-03-27T00:10:58.495+0000] {logging_mixin.py:188} INFO - [2024-03-27T00:10:58.495+0000] {dag.py:3834} INFO - Setting next_dagrun for example_setup_teardown to 2024-03-26 00:00:00+00:00, run_after=2024-03-27 00:00:00+00:00
[2024-03-27T00:10:58.503+0000] {processor.py:183} INFO - Processing /home/airflow/.local/lib/python3.8/site-packages/airflow/example_dags/example_setup_teardown.py took 0.033 seconds
[2024-03-27T00:11:29.319+0000] {processor.py:161} INFO - Started process (PID=6119) to work on /home/airflow/.local/lib/python3.8/site-packages/airflow/example_dags/example_setup_teardown.py
[2024-03-27T00:11:29.320+0000] {processor.py:830} INFO - Processing file /home/airflow/.local/lib/python3.8/site-packages/airflow/example_dags/example_setup_teardown.py for tasks to queue
[2024-03-27T00:11:29.321+0000] {logging_mixin.py:188} INFO - [2024-03-27T00:11:29.321+0000] {dagbag.py:540} INFO - Filling up the DagBag from /home/airflow/.local/lib/python3.8/site-packages/airflow/example_dags/example_setup_teardown.py
[2024-03-27T00:11:29.324+0000] {processor.py:840} INFO - DAG(s) 'example_setup_teardown' retrieved from /home/airflow/.local/lib/python3.8/site-packages/airflow/example_dags/example_setup_teardown.py
[2024-03-27T00:11:29.335+0000] {logging_mixin.py:188} INFO - [2024-03-27T00:11:29.335+0000] {dag.py:3047} INFO - Sync 1 DAGs
[2024-03-27T00:11:29.351+0000] {logging_mixin.py:188} INFO - [2024-03-27T00:11:29.350+0000] {dag.py:3834} INFO - Setting next_dagrun for example_setup_teardown to 2024-03-26 00:00:00+00:00, run_after=2024-03-27 00:00:00+00:00
[2024-03-27T00:11:29.363+0000] {processor.py:183} INFO - Processing /home/airflow/.local/lib/python3.8/site-packages/airflow/example_dags/example_setup_teardown.py took 0.046 seconds
[2024-03-27T00:12:00.365+0000] {processor.py:161} INFO - Started process (PID=6174) to work on /home/airflow/.local/lib/python3.8/site-packages/airflow/example_dags/example_setup_teardown.py
[2024-03-27T00:12:00.365+0000] {processor.py:830} INFO - Processing file /home/airflow/.local/lib/python3.8/site-packages/airflow/example_dags/example_setup_teardown.py for tasks to queue
[2024-03-27T00:12:00.366+0000] {logging_mixin.py:188} INFO - [2024-03-27T00:12:00.366+0000] {dagbag.py:540} INFO - Filling up the DagBag from /home/airflow/.local/lib/python3.8/site-packages/airflow/example_dags/example_setup_teardown.py
[2024-03-27T00:12:00.370+0000] {processor.py:840} INFO - DAG(s) 'example_setup_teardown' retrieved from /home/airflow/.local/lib/python3.8/site-packages/airflow/example_dags/example_setup_teardown.py
[2024-03-27T00:12:00.381+0000] {logging_mixin.py:188} INFO - [2024-03-27T00:12:00.380+0000] {dag.py:3047} INFO - Sync 1 DAGs
[2024-03-27T00:12:00.391+0000] {logging_mixin.py:188} INFO - [2024-03-27T00:12:00.391+0000] {dag.py:3834} INFO - Setting next_dagrun for example_setup_teardown to 2024-03-26 00:00:00+00:00, run_after=2024-03-27 00:00:00+00:00
[2024-03-27T00:12:00.400+0000] {processor.py:183} INFO - Processing /home/airflow/.local/lib/python3.8/site-packages/airflow/example_dags/example_setup_teardown.py took 0.038 seconds
[2024-03-27T00:12:31.225+0000] {processor.py:161} INFO - Started process (PID=6228) to work on /home/airflow/.local/lib/python3.8/site-packages/airflow/example_dags/example_setup_teardown.py
[2024-03-27T00:12:31.226+0000] {processor.py:830} INFO - Processing file /home/airflow/.local/lib/python3.8/site-packages/airflow/example_dags/example_setup_teardown.py for tasks to queue
[2024-03-27T00:12:31.227+0000] {logging_mixin.py:188} INFO - [2024-03-27T00:12:31.227+0000] {dagbag.py:540} INFO - Filling up the DagBag from /home/airflow/.local/lib/python3.8/site-packages/airflow/example_dags/example_setup_teardown.py
[2024-03-27T00:12:31.231+0000] {processor.py:840} INFO - DAG(s) 'example_setup_teardown' retrieved from /home/airflow/.local/lib/python3.8/site-packages/airflow/example_dags/example_setup_teardown.py
[2024-03-27T00:12:31.241+0000] {logging_mixin.py:188} INFO - [2024-03-27T00:12:31.241+0000] {dag.py:3047} INFO - Sync 1 DAGs
[2024-03-27T00:12:31.252+0000] {logging_mixin.py:188} INFO - [2024-03-27T00:12:31.252+0000] {dag.py:3834} INFO - Setting next_dagrun for example_setup_teardown to 2024-03-26 00:00:00+00:00, run_after=2024-03-27 00:00:00+00:00
[2024-03-27T00:12:31.260+0000] {processor.py:183} INFO - Processing /home/airflow/.local/lib/python3.8/site-packages/airflow/example_dags/example_setup_teardown.py took 0.037 seconds
[2024-03-27T00:13:01.973+0000] {processor.py:161} INFO - Started process (PID=6283) to work on /home/airflow/.local/lib/python3.8/site-packages/airflow/example_dags/example_setup_teardown.py
[2024-03-27T00:13:01.973+0000] {processor.py:830} INFO - Processing file /home/airflow/.local/lib/python3.8/site-packages/airflow/example_dags/example_setup_teardown.py for tasks to queue
[2024-03-27T00:13:01.974+0000] {logging_mixin.py:188} INFO - [2024-03-27T00:13:01.974+0000] {dagbag.py:540} INFO - Filling up the DagBag from /home/airflow/.local/lib/python3.8/site-packages/airflow/example_dags/example_setup_teardown.py
[2024-03-27T00:13:01.978+0000] {processor.py:840} INFO - DAG(s) 'example_setup_teardown' retrieved from /home/airflow/.local/lib/python3.8/site-packages/airflow/example_dags/example_setup_teardown.py
[2024-03-27T00:13:01.988+0000] {logging_mixin.py:188} INFO - [2024-03-27T00:13:01.988+0000] {dag.py:3047} INFO - Sync 1 DAGs
[2024-03-27T00:13:01.999+0000] {logging_mixin.py:188} INFO - [2024-03-27T00:13:01.999+0000] {dag.py:3834} INFO - Setting next_dagrun for example_setup_teardown to 2024-03-26 00:00:00+00:00, run_after=2024-03-27 00:00:00+00:00
[2024-03-27T00:13:02.007+0000] {processor.py:183} INFO - Processing /home/airflow/.local/lib/python3.8/site-packages/airflow/example_dags/example_setup_teardown.py took 0.036 seconds
[2024-03-27T00:13:32.984+0000] {processor.py:161} INFO - Started process (PID=6338) to work on /home/airflow/.local/lib/python3.8/site-packages/airflow/example_dags/example_setup_teardown.py
[2024-03-27T00:13:32.985+0000] {processor.py:830} INFO - Processing file /home/airflow/.local/lib/python3.8/site-packages/airflow/example_dags/example_setup_teardown.py for tasks to queue
[2024-03-27T00:13:32.986+0000] {logging_mixin.py:188} INFO - [2024-03-27T00:13:32.985+0000] {dagbag.py:540} INFO - Filling up the DagBag from /home/airflow/.local/lib/python3.8/site-packages/airflow/example_dags/example_setup_teardown.py
[2024-03-27T00:13:32.989+0000] {processor.py:840} INFO - DAG(s) 'example_setup_teardown' retrieved from /home/airflow/.local/lib/python3.8/site-packages/airflow/example_dags/example_setup_teardown.py
[2024-03-27T00:13:32.999+0000] {logging_mixin.py:188} INFO - [2024-03-27T00:13:32.999+0000] {dag.py:3047} INFO - Sync 1 DAGs
[2024-03-27T00:13:33.009+0000] {logging_mixin.py:188} INFO - [2024-03-27T00:13:33.009+0000] {dag.py:3834} INFO - Setting next_dagrun for example_setup_teardown to 2024-03-26 00:00:00+00:00, run_after=2024-03-27 00:00:00+00:00
[2024-03-27T00:13:33.017+0000] {processor.py:183} INFO - Processing /home/airflow/.local/lib/python3.8/site-packages/airflow/example_dags/example_setup_teardown.py took 0.035 seconds
[2024-03-27T00:14:03.404+0000] {processor.py:161} INFO - Started process (PID=6393) to work on /home/airflow/.local/lib/python3.8/site-packages/airflow/example_dags/example_setup_teardown.py
[2024-03-27T00:14:03.406+0000] {processor.py:830} INFO - Processing file /home/airflow/.local/lib/python3.8/site-packages/airflow/example_dags/example_setup_teardown.py for tasks to queue
[2024-03-27T00:14:03.407+0000] {logging_mixin.py:188} INFO - [2024-03-27T00:14:03.407+0000] {dagbag.py:540} INFO - Filling up the DagBag from /home/airflow/.local/lib/python3.8/site-packages/airflow/example_dags/example_setup_teardown.py
[2024-03-27T00:14:03.411+0000] {processor.py:840} INFO - DAG(s) 'example_setup_teardown' retrieved from /home/airflow/.local/lib/python3.8/site-packages/airflow/example_dags/example_setup_teardown.py
[2024-03-27T00:14:03.422+0000] {logging_mixin.py:188} INFO - [2024-03-27T00:14:03.422+0000] {dag.py:3047} INFO - Sync 1 DAGs
[2024-03-27T00:14:03.434+0000] {logging_mixin.py:188} INFO - [2024-03-27T00:14:03.434+0000] {dag.py:3834} INFO - Setting next_dagrun for example_setup_teardown to 2024-03-26 00:00:00+00:00, run_after=2024-03-27 00:00:00+00:00
[2024-03-27T00:14:03.443+0000] {processor.py:183} INFO - Processing /home/airflow/.local/lib/python3.8/site-packages/airflow/example_dags/example_setup_teardown.py took 0.041 seconds
[2024-03-27T00:14:33.510+0000] {processor.py:161} INFO - Started process (PID=6448) to work on /home/airflow/.local/lib/python3.8/site-packages/airflow/example_dags/example_setup_teardown.py
[2024-03-27T00:14:33.511+0000] {processor.py:830} INFO - Processing file /home/airflow/.local/lib/python3.8/site-packages/airflow/example_dags/example_setup_teardown.py for tasks to queue
[2024-03-27T00:14:33.511+0000] {logging_mixin.py:188} INFO - [2024-03-27T00:14:33.511+0000] {dagbag.py:540} INFO - Filling up the DagBag from /home/airflow/.local/lib/python3.8/site-packages/airflow/example_dags/example_setup_teardown.py
[2024-03-27T00:14:33.515+0000] {processor.py:840} INFO - DAG(s) 'example_setup_teardown' retrieved from /home/airflow/.local/lib/python3.8/site-packages/airflow/example_dags/example_setup_teardown.py
[2024-03-27T00:14:33.524+0000] {logging_mixin.py:188} INFO - [2024-03-27T00:14:33.524+0000] {dag.py:3047} INFO - Sync 1 DAGs
[2024-03-27T00:14:33.534+0000] {logging_mixin.py:188} INFO - [2024-03-27T00:14:33.534+0000] {dag.py:3834} INFO - Setting next_dagrun for example_setup_teardown to 2024-03-26 00:00:00+00:00, run_after=2024-03-27 00:00:00+00:00
[2024-03-27T00:14:33.542+0000] {processor.py:183} INFO - Processing /home/airflow/.local/lib/python3.8/site-packages/airflow/example_dags/example_setup_teardown.py took 0.034 seconds
[2024-03-27T00:15:04.220+0000] {processor.py:161} INFO - Started process (PID=6503) to work on /home/airflow/.local/lib/python3.8/site-packages/airflow/example_dags/example_setup_teardown.py
[2024-03-27T00:15:04.221+0000] {processor.py:830} INFO - Processing file /home/airflow/.local/lib/python3.8/site-packages/airflow/example_dags/example_setup_teardown.py for tasks to queue
[2024-03-27T00:15:04.221+0000] {logging_mixin.py:188} INFO - [2024-03-27T00:15:04.221+0000] {dagbag.py:540} INFO - Filling up the DagBag from /home/airflow/.local/lib/python3.8/site-packages/airflow/example_dags/example_setup_teardown.py
[2024-03-27T00:15:04.225+0000] {processor.py:840} INFO - DAG(s) 'example_setup_teardown' retrieved from /home/airflow/.local/lib/python3.8/site-packages/airflow/example_dags/example_setup_teardown.py
[2024-03-27T00:15:04.236+0000] {logging_mixin.py:188} INFO - [2024-03-27T00:15:04.236+0000] {dag.py:3047} INFO - Sync 1 DAGs
[2024-03-27T00:15:04.248+0000] {logging_mixin.py:188} INFO - [2024-03-27T00:15:04.247+0000] {dag.py:3834} INFO - Setting next_dagrun for example_setup_teardown to 2024-03-26 00:00:00+00:00, run_after=2024-03-27 00:00:00+00:00
[2024-03-27T00:15:04.256+0000] {processor.py:183} INFO - Processing /home/airflow/.local/lib/python3.8/site-packages/airflow/example_dags/example_setup_teardown.py took 0.038 seconds
[2024-03-27T00:15:35.116+0000] {processor.py:161} INFO - Started process (PID=6558) to work on /home/airflow/.local/lib/python3.8/site-packages/airflow/example_dags/example_setup_teardown.py
[2024-03-27T00:15:35.117+0000] {processor.py:830} INFO - Processing file /home/airflow/.local/lib/python3.8/site-packages/airflow/example_dags/example_setup_teardown.py for tasks to queue
[2024-03-27T00:15:35.118+0000] {logging_mixin.py:188} INFO - [2024-03-27T00:15:35.118+0000] {dagbag.py:540} INFO - Filling up the DagBag from /home/airflow/.local/lib/python3.8/site-packages/airflow/example_dags/example_setup_teardown.py
[2024-03-27T00:15:35.123+0000] {processor.py:840} INFO - DAG(s) 'example_setup_teardown' retrieved from /home/airflow/.local/lib/python3.8/site-packages/airflow/example_dags/example_setup_teardown.py
[2024-03-27T00:15:35.143+0000] {logging_mixin.py:188} INFO - [2024-03-27T00:15:35.143+0000] {dag.py:3047} INFO - Sync 1 DAGs
[2024-03-27T00:15:35.168+0000] {logging_mixin.py:188} INFO - [2024-03-27T00:15:35.167+0000] {dag.py:3834} INFO - Setting next_dagrun for example_setup_teardown to 2024-03-26 00:00:00+00:00, run_after=2024-03-27 00:00:00+00:00
[2024-03-27T00:15:35.184+0000] {processor.py:183} INFO - Processing /home/airflow/.local/lib/python3.8/site-packages/airflow/example_dags/example_setup_teardown.py took 0.071 seconds
[2024-03-27T00:16:05.295+0000] {processor.py:161} INFO - Started process (PID=6613) to work on /home/airflow/.local/lib/python3.8/site-packages/airflow/example_dags/example_setup_teardown.py
[2024-03-27T00:16:05.296+0000] {processor.py:830} INFO - Processing file /home/airflow/.local/lib/python3.8/site-packages/airflow/example_dags/example_setup_teardown.py for tasks to queue
[2024-03-27T00:16:05.297+0000] {logging_mixin.py:188} INFO - [2024-03-27T00:16:05.297+0000] {dagbag.py:540} INFO - Filling up the DagBag from /home/airflow/.local/lib/python3.8/site-packages/airflow/example_dags/example_setup_teardown.py
[2024-03-27T00:16:05.300+0000] {processor.py:840} INFO - DAG(s) 'example_setup_teardown' retrieved from /home/airflow/.local/lib/python3.8/site-packages/airflow/example_dags/example_setup_teardown.py
[2024-03-27T00:16:05.310+0000] {logging_mixin.py:188} INFO - [2024-03-27T00:16:05.310+0000] {dag.py:3047} INFO - Sync 1 DAGs
[2024-03-27T00:16:05.321+0000] {logging_mixin.py:188} INFO - [2024-03-27T00:16:05.321+0000] {dag.py:3834} INFO - Setting next_dagrun for example_setup_teardown to 2024-03-26 00:00:00+00:00, run_after=2024-03-27 00:00:00+00:00
[2024-03-27T00:16:05.329+0000] {processor.py:183} INFO - Processing /home/airflow/.local/lib/python3.8/site-packages/airflow/example_dags/example_setup_teardown.py took 0.036 seconds
[2024-03-27T00:16:36.045+0000] {processor.py:161} INFO - Started process (PID=6668) to work on /home/airflow/.local/lib/python3.8/site-packages/airflow/example_dags/example_setup_teardown.py
[2024-03-27T00:16:36.047+0000] {processor.py:830} INFO - Processing file /home/airflow/.local/lib/python3.8/site-packages/airflow/example_dags/example_setup_teardown.py for tasks to queue
[2024-03-27T00:16:36.051+0000] {logging_mixin.py:188} INFO - [2024-03-27T00:16:36.051+0000] {dagbag.py:540} INFO - Filling up the DagBag from /home/airflow/.local/lib/python3.8/site-packages/airflow/example_dags/example_setup_teardown.py
[2024-03-27T00:16:36.055+0000] {processor.py:840} INFO - DAG(s) 'example_setup_teardown' retrieved from /home/airflow/.local/lib/python3.8/site-packages/airflow/example_dags/example_setup_teardown.py
[2024-03-27T00:16:36.065+0000] {logging_mixin.py:188} INFO - [2024-03-27T00:16:36.065+0000] {dag.py:3047} INFO - Sync 1 DAGs
[2024-03-27T00:16:36.075+0000] {logging_mixin.py:188} INFO - [2024-03-27T00:16:36.075+0000] {dag.py:3834} INFO - Setting next_dagrun for example_setup_teardown to 2024-03-26 00:00:00+00:00, run_after=2024-03-27 00:00:00+00:00
[2024-03-27T00:16:36.084+0000] {processor.py:183} INFO - Processing /home/airflow/.local/lib/python3.8/site-packages/airflow/example_dags/example_setup_teardown.py took 0.040 seconds
[2024-03-27T00:17:06.827+0000] {processor.py:161} INFO - Started process (PID=6723) to work on /home/airflow/.local/lib/python3.8/site-packages/airflow/example_dags/example_setup_teardown.py
[2024-03-27T00:17:06.828+0000] {processor.py:830} INFO - Processing file /home/airflow/.local/lib/python3.8/site-packages/airflow/example_dags/example_setup_teardown.py for tasks to queue
[2024-03-27T00:17:06.829+0000] {logging_mixin.py:188} INFO - [2024-03-27T00:17:06.829+0000] {dagbag.py:540} INFO - Filling up the DagBag from /home/airflow/.local/lib/python3.8/site-packages/airflow/example_dags/example_setup_teardown.py
[2024-03-27T00:17:06.833+0000] {processor.py:840} INFO - DAG(s) 'example_setup_teardown' retrieved from /home/airflow/.local/lib/python3.8/site-packages/airflow/example_dags/example_setup_teardown.py
[2024-03-27T00:17:06.843+0000] {logging_mixin.py:188} INFO - [2024-03-27T00:17:06.843+0000] {dag.py:3047} INFO - Sync 1 DAGs
[2024-03-27T00:17:06.853+0000] {logging_mixin.py:188} INFO - [2024-03-27T00:17:06.853+0000] {dag.py:3834} INFO - Setting next_dagrun for example_setup_teardown to 2024-03-26 00:00:00+00:00, run_after=2024-03-27 00:00:00+00:00
[2024-03-27T00:17:06.861+0000] {processor.py:183} INFO - Processing /home/airflow/.local/lib/python3.8/site-packages/airflow/example_dags/example_setup_teardown.py took 0.036 seconds
[2024-03-27T00:17:37.859+0000] {processor.py:161} INFO - Started process (PID=6778) to work on /home/airflow/.local/lib/python3.8/site-packages/airflow/example_dags/example_setup_teardown.py
[2024-03-27T00:17:37.859+0000] {processor.py:830} INFO - Processing file /home/airflow/.local/lib/python3.8/site-packages/airflow/example_dags/example_setup_teardown.py for tasks to queue
[2024-03-27T00:17:37.860+0000] {logging_mixin.py:188} INFO - [2024-03-27T00:17:37.860+0000] {dagbag.py:540} INFO - Filling up the DagBag from /home/airflow/.local/lib/python3.8/site-packages/airflow/example_dags/example_setup_teardown.py
[2024-03-27T00:17:37.864+0000] {processor.py:840} INFO - DAG(s) 'example_setup_teardown' retrieved from /home/airflow/.local/lib/python3.8/site-packages/airflow/example_dags/example_setup_teardown.py
[2024-03-27T00:17:37.875+0000] {logging_mixin.py:188} INFO - [2024-03-27T00:17:37.875+0000] {dag.py:3047} INFO - Sync 1 DAGs
[2024-03-27T00:17:37.886+0000] {logging_mixin.py:188} INFO - [2024-03-27T00:17:37.886+0000] {dag.py:3834} INFO - Setting next_dagrun for example_setup_teardown to 2024-03-26 00:00:00+00:00, run_after=2024-03-27 00:00:00+00:00
[2024-03-27T00:17:37.895+0000] {processor.py:183} INFO - Processing /home/airflow/.local/lib/python3.8/site-packages/airflow/example_dags/example_setup_teardown.py took 0.038 seconds
[2024-03-27T00:18:08.986+0000] {processor.py:161} INFO - Started process (PID=6833) to work on /home/airflow/.local/lib/python3.8/site-packages/airflow/example_dags/example_setup_teardown.py
[2024-03-27T00:18:08.989+0000] {processor.py:830} INFO - Processing file /home/airflow/.local/lib/python3.8/site-packages/airflow/example_dags/example_setup_teardown.py for tasks to queue
[2024-03-27T00:18:08.991+0000] {logging_mixin.py:188} INFO - [2024-03-27T00:18:08.990+0000] {dagbag.py:540} INFO - Filling up the DagBag from /home/airflow/.local/lib/python3.8/site-packages/airflow/example_dags/example_setup_teardown.py
[2024-03-27T00:18:08.997+0000] {processor.py:840} INFO - DAG(s) 'example_setup_teardown' retrieved from /home/airflow/.local/lib/python3.8/site-packages/airflow/example_dags/example_setup_teardown.py
[2024-03-27T00:18:09.017+0000] {logging_mixin.py:188} INFO - [2024-03-27T00:18:09.016+0000] {dag.py:3047} INFO - Sync 1 DAGs
[2024-03-27T00:18:09.039+0000] {logging_mixin.py:188} INFO - [2024-03-27T00:18:09.039+0000] {dag.py:3834} INFO - Setting next_dagrun for example_setup_teardown to 2024-03-26 00:00:00+00:00, run_after=2024-03-27 00:00:00+00:00
[2024-03-27T00:18:09.054+0000] {processor.py:183} INFO - Processing /home/airflow/.local/lib/python3.8/site-packages/airflow/example_dags/example_setup_teardown.py took 0.071 seconds
[2024-03-27T00:18:39.108+0000] {processor.py:161} INFO - Started process (PID=6888) to work on /home/airflow/.local/lib/python3.8/site-packages/airflow/example_dags/example_setup_teardown.py
[2024-03-27T00:18:39.109+0000] {processor.py:830} INFO - Processing file /home/airflow/.local/lib/python3.8/site-packages/airflow/example_dags/example_setup_teardown.py for tasks to queue
[2024-03-27T00:18:39.110+0000] {logging_mixin.py:188} INFO - [2024-03-27T00:18:39.110+0000] {dagbag.py:540} INFO - Filling up the DagBag from /home/airflow/.local/lib/python3.8/site-packages/airflow/example_dags/example_setup_teardown.py
[2024-03-27T00:18:39.113+0000] {processor.py:840} INFO - DAG(s) 'example_setup_teardown' retrieved from /home/airflow/.local/lib/python3.8/site-packages/airflow/example_dags/example_setup_teardown.py
[2024-03-27T00:18:39.123+0000] {logging_mixin.py:188} INFO - [2024-03-27T00:18:39.123+0000] {dag.py:3047} INFO - Sync 1 DAGs
[2024-03-27T00:18:39.132+0000] {logging_mixin.py:188} INFO - [2024-03-27T00:18:39.132+0000] {dag.py:3834} INFO - Setting next_dagrun for example_setup_teardown to 2024-03-26 00:00:00+00:00, run_after=2024-03-27 00:00:00+00:00
[2024-03-27T00:18:39.140+0000] {processor.py:183} INFO - Processing /home/airflow/.local/lib/python3.8/site-packages/airflow/example_dags/example_setup_teardown.py took 0.033 seconds
[2024-03-27T00:19:09.355+0000] {processor.py:161} INFO - Started process (PID=6943) to work on /home/airflow/.local/lib/python3.8/site-packages/airflow/example_dags/example_setup_teardown.py
[2024-03-27T00:19:09.356+0000] {processor.py:830} INFO - Processing file /home/airflow/.local/lib/python3.8/site-packages/airflow/example_dags/example_setup_teardown.py for tasks to queue
[2024-03-27T00:19:09.357+0000] {logging_mixin.py:188} INFO - [2024-03-27T00:19:09.357+0000] {dagbag.py:540} INFO - Filling up the DagBag from /home/airflow/.local/lib/python3.8/site-packages/airflow/example_dags/example_setup_teardown.py
[2024-03-27T00:19:09.360+0000] {processor.py:840} INFO - DAG(s) 'example_setup_teardown' retrieved from /home/airflow/.local/lib/python3.8/site-packages/airflow/example_dags/example_setup_teardown.py
[2024-03-27T00:19:09.370+0000] {logging_mixin.py:188} INFO - [2024-03-27T00:19:09.370+0000] {dag.py:3047} INFO - Sync 1 DAGs
[2024-03-27T00:19:09.380+0000] {logging_mixin.py:188} INFO - [2024-03-27T00:19:09.380+0000] {dag.py:3834} INFO - Setting next_dagrun for example_setup_teardown to 2024-03-26 00:00:00+00:00, run_after=2024-03-27 00:00:00+00:00
[2024-03-27T00:19:09.388+0000] {processor.py:183} INFO - Processing /home/airflow/.local/lib/python3.8/site-packages/airflow/example_dags/example_setup_teardown.py took 0.035 seconds
[2024-03-27T00:19:39.452+0000] {processor.py:161} INFO - Started process (PID=6998) to work on /home/airflow/.local/lib/python3.8/site-packages/airflow/example_dags/example_setup_teardown.py
[2024-03-27T00:19:39.453+0000] {processor.py:830} INFO - Processing file /home/airflow/.local/lib/python3.8/site-packages/airflow/example_dags/example_setup_teardown.py for tasks to queue
[2024-03-27T00:19:39.454+0000] {logging_mixin.py:188} INFO - [2024-03-27T00:19:39.454+0000] {dagbag.py:540} INFO - Filling up the DagBag from /home/airflow/.local/lib/python3.8/site-packages/airflow/example_dags/example_setup_teardown.py
[2024-03-27T00:19:39.458+0000] {processor.py:840} INFO - DAG(s) 'example_setup_teardown' retrieved from /home/airflow/.local/lib/python3.8/site-packages/airflow/example_dags/example_setup_teardown.py
[2024-03-27T00:19:39.469+0000] {logging_mixin.py:188} INFO - [2024-03-27T00:19:39.469+0000] {dag.py:3047} INFO - Sync 1 DAGs
[2024-03-27T00:19:39.480+0000] {logging_mixin.py:188} INFO - [2024-03-27T00:19:39.480+0000] {dag.py:3834} INFO - Setting next_dagrun for example_setup_teardown to 2024-03-26 00:00:00+00:00, run_after=2024-03-27 00:00:00+00:00
[2024-03-27T00:19:39.488+0000] {processor.py:183} INFO - Processing /home/airflow/.local/lib/python3.8/site-packages/airflow/example_dags/example_setup_teardown.py took 0.038 seconds
[2024-03-27T00:20:10.332+0000] {processor.py:161} INFO - Started process (PID=7053) to work on /home/airflow/.local/lib/python3.8/site-packages/airflow/example_dags/example_setup_teardown.py
[2024-03-27T00:20:10.332+0000] {processor.py:830} INFO - Processing file /home/airflow/.local/lib/python3.8/site-packages/airflow/example_dags/example_setup_teardown.py for tasks to queue
[2024-03-27T00:20:10.333+0000] {logging_mixin.py:188} INFO - [2024-03-27T00:20:10.333+0000] {dagbag.py:540} INFO - Filling up the DagBag from /home/airflow/.local/lib/python3.8/site-packages/airflow/example_dags/example_setup_teardown.py
[2024-03-27T00:20:10.337+0000] {processor.py:840} INFO - DAG(s) 'example_setup_teardown' retrieved from /home/airflow/.local/lib/python3.8/site-packages/airflow/example_dags/example_setup_teardown.py
[2024-03-27T00:20:10.348+0000] {logging_mixin.py:188} INFO - [2024-03-27T00:20:10.348+0000] {dag.py:3047} INFO - Sync 1 DAGs
[2024-03-27T00:20:10.359+0000] {logging_mixin.py:188} INFO - [2024-03-27T00:20:10.358+0000] {dag.py:3834} INFO - Setting next_dagrun for example_setup_teardown to 2024-03-26 00:00:00+00:00, run_after=2024-03-27 00:00:00+00:00
[2024-03-27T00:20:10.367+0000] {processor.py:183} INFO - Processing /home/airflow/.local/lib/python3.8/site-packages/airflow/example_dags/example_setup_teardown.py took 0.037 seconds
[2024-03-27T00:20:40.924+0000] {processor.py:161} INFO - Started process (PID=7108) to work on /home/airflow/.local/lib/python3.8/site-packages/airflow/example_dags/example_setup_teardown.py
[2024-03-27T00:20:40.924+0000] {processor.py:830} INFO - Processing file /home/airflow/.local/lib/python3.8/site-packages/airflow/example_dags/example_setup_teardown.py for tasks to queue
[2024-03-27T00:20:40.925+0000] {logging_mixin.py:188} INFO - [2024-03-27T00:20:40.925+0000] {dagbag.py:540} INFO - Filling up the DagBag from /home/airflow/.local/lib/python3.8/site-packages/airflow/example_dags/example_setup_teardown.py
[2024-03-27T00:20:40.929+0000] {processor.py:840} INFO - DAG(s) 'example_setup_teardown' retrieved from /home/airflow/.local/lib/python3.8/site-packages/airflow/example_dags/example_setup_teardown.py
[2024-03-27T00:20:40.939+0000] {logging_mixin.py:188} INFO - [2024-03-27T00:20:40.939+0000] {dag.py:3047} INFO - Sync 1 DAGs
[2024-03-27T00:20:40.950+0000] {logging_mixin.py:188} INFO - [2024-03-27T00:20:40.950+0000] {dag.py:3834} INFO - Setting next_dagrun for example_setup_teardown to 2024-03-26 00:00:00+00:00, run_after=2024-03-27 00:00:00+00:00
[2024-03-27T00:20:40.958+0000] {processor.py:183} INFO - Processing /home/airflow/.local/lib/python3.8/site-packages/airflow/example_dags/example_setup_teardown.py took 0.036 seconds
[2024-03-27T00:21:11.617+0000] {processor.py:161} INFO - Started process (PID=7163) to work on /home/airflow/.local/lib/python3.8/site-packages/airflow/example_dags/example_setup_teardown.py
[2024-03-27T00:21:11.618+0000] {processor.py:830} INFO - Processing file /home/airflow/.local/lib/python3.8/site-packages/airflow/example_dags/example_setup_teardown.py for tasks to queue
[2024-03-27T00:21:11.619+0000] {logging_mixin.py:188} INFO - [2024-03-27T00:21:11.619+0000] {dagbag.py:540} INFO - Filling up the DagBag from /home/airflow/.local/lib/python3.8/site-packages/airflow/example_dags/example_setup_teardown.py
[2024-03-27T00:21:11.623+0000] {processor.py:840} INFO - DAG(s) 'example_setup_teardown' retrieved from /home/airflow/.local/lib/python3.8/site-packages/airflow/example_dags/example_setup_teardown.py
[2024-03-27T00:21:11.633+0000] {logging_mixin.py:188} INFO - [2024-03-27T00:21:11.633+0000] {dag.py:3047} INFO - Sync 1 DAGs
[2024-03-27T00:21:11.643+0000] {logging_mixin.py:188} INFO - [2024-03-27T00:21:11.643+0000] {dag.py:3834} INFO - Setting next_dagrun for example_setup_teardown to 2024-03-26 00:00:00+00:00, run_after=2024-03-27 00:00:00+00:00
[2024-03-27T00:21:11.652+0000] {processor.py:183} INFO - Processing /home/airflow/.local/lib/python3.8/site-packages/airflow/example_dags/example_setup_teardown.py took 0.036 seconds
[2024-03-27T00:21:42.339+0000] {processor.py:161} INFO - Started process (PID=7218) to work on /home/airflow/.local/lib/python3.8/site-packages/airflow/example_dags/example_setup_teardown.py
[2024-03-27T00:21:42.340+0000] {processor.py:830} INFO - Processing file /home/airflow/.local/lib/python3.8/site-packages/airflow/example_dags/example_setup_teardown.py for tasks to queue
[2024-03-27T00:21:42.341+0000] {logging_mixin.py:188} INFO - [2024-03-27T00:21:42.341+0000] {dagbag.py:540} INFO - Filling up the DagBag from /home/airflow/.local/lib/python3.8/site-packages/airflow/example_dags/example_setup_teardown.py
[2024-03-27T00:21:42.345+0000] {processor.py:840} INFO - DAG(s) 'example_setup_teardown' retrieved from /home/airflow/.local/lib/python3.8/site-packages/airflow/example_dags/example_setup_teardown.py
[2024-03-27T00:21:42.356+0000] {logging_mixin.py:188} INFO - [2024-03-27T00:21:42.356+0000] {dag.py:3047} INFO - Sync 1 DAGs
[2024-03-27T00:21:42.367+0000] {logging_mixin.py:188} INFO - [2024-03-27T00:21:42.367+0000] {dag.py:3834} INFO - Setting next_dagrun for example_setup_teardown to 2024-03-26 00:00:00+00:00, run_after=2024-03-27 00:00:00+00:00
[2024-03-27T00:21:42.375+0000] {processor.py:183} INFO - Processing /home/airflow/.local/lib/python3.8/site-packages/airflow/example_dags/example_setup_teardown.py took 0.038 seconds
[2024-03-27T00:22:13.024+0000] {processor.py:161} INFO - Started process (PID=7273) to work on /home/airflow/.local/lib/python3.8/site-packages/airflow/example_dags/example_setup_teardown.py
[2024-03-27T00:22:13.025+0000] {processor.py:830} INFO - Processing file /home/airflow/.local/lib/python3.8/site-packages/airflow/example_dags/example_setup_teardown.py for tasks to queue
[2024-03-27T00:22:13.026+0000] {logging_mixin.py:188} INFO - [2024-03-27T00:22:13.025+0000] {dagbag.py:540} INFO - Filling up the DagBag from /home/airflow/.local/lib/python3.8/site-packages/airflow/example_dags/example_setup_teardown.py
[2024-03-27T00:22:13.029+0000] {processor.py:840} INFO - DAG(s) 'example_setup_teardown' retrieved from /home/airflow/.local/lib/python3.8/site-packages/airflow/example_dags/example_setup_teardown.py
[2024-03-27T00:22:13.040+0000] {logging_mixin.py:188} INFO - [2024-03-27T00:22:13.040+0000] {dag.py:3047} INFO - Sync 1 DAGs
[2024-03-27T00:22:13.050+0000] {logging_mixin.py:188} INFO - [2024-03-27T00:22:13.050+0000] {dag.py:3834} INFO - Setting next_dagrun for example_setup_teardown to 2024-03-26 00:00:00+00:00, run_after=2024-03-27 00:00:00+00:00
[2024-03-27T00:22:13.058+0000] {processor.py:183} INFO - Processing /home/airflow/.local/lib/python3.8/site-packages/airflow/example_dags/example_setup_teardown.py took 0.036 seconds
[2024-03-27T00:22:43.685+0000] {processor.py:161} INFO - Started process (PID=7328) to work on /home/airflow/.local/lib/python3.8/site-packages/airflow/example_dags/example_setup_teardown.py
[2024-03-27T00:22:43.686+0000] {processor.py:830} INFO - Processing file /home/airflow/.local/lib/python3.8/site-packages/airflow/example_dags/example_setup_teardown.py for tasks to queue
[2024-03-27T00:22:43.687+0000] {logging_mixin.py:188} INFO - [2024-03-27T00:22:43.687+0000] {dagbag.py:540} INFO - Filling up the DagBag from /home/airflow/.local/lib/python3.8/site-packages/airflow/example_dags/example_setup_teardown.py
[2024-03-27T00:22:43.690+0000] {processor.py:840} INFO - DAG(s) 'example_setup_teardown' retrieved from /home/airflow/.local/lib/python3.8/site-packages/airflow/example_dags/example_setup_teardown.py
[2024-03-27T00:22:43.701+0000] {logging_mixin.py:188} INFO - [2024-03-27T00:22:43.701+0000] {dag.py:3047} INFO - Sync 1 DAGs
[2024-03-27T00:22:43.712+0000] {logging_mixin.py:188} INFO - [2024-03-27T00:22:43.712+0000] {dag.py:3834} INFO - Setting next_dagrun for example_setup_teardown to 2024-03-26 00:00:00+00:00, run_after=2024-03-27 00:00:00+00:00
[2024-03-27T00:22:43.721+0000] {processor.py:183} INFO - Processing /home/airflow/.local/lib/python3.8/site-packages/airflow/example_dags/example_setup_teardown.py took 0.037 seconds
[2024-03-27T00:23:14.369+0000] {processor.py:161} INFO - Started process (PID=7383) to work on /home/airflow/.local/lib/python3.8/site-packages/airflow/example_dags/example_setup_teardown.py
[2024-03-27T00:23:14.370+0000] {processor.py:830} INFO - Processing file /home/airflow/.local/lib/python3.8/site-packages/airflow/example_dags/example_setup_teardown.py for tasks to queue
[2024-03-27T00:23:14.370+0000] {logging_mixin.py:188} INFO - [2024-03-27T00:23:14.370+0000] {dagbag.py:540} INFO - Filling up the DagBag from /home/airflow/.local/lib/python3.8/site-packages/airflow/example_dags/example_setup_teardown.py
[2024-03-27T00:23:14.374+0000] {processor.py:840} INFO - DAG(s) 'example_setup_teardown' retrieved from /home/airflow/.local/lib/python3.8/site-packages/airflow/example_dags/example_setup_teardown.py
[2024-03-27T00:23:14.384+0000] {logging_mixin.py:188} INFO - [2024-03-27T00:23:14.384+0000] {dag.py:3047} INFO - Sync 1 DAGs
[2024-03-27T00:23:14.394+0000] {logging_mixin.py:188} INFO - [2024-03-27T00:23:14.394+0000] {dag.py:3834} INFO - Setting next_dagrun for example_setup_teardown to 2024-03-26 00:00:00+00:00, run_after=2024-03-27 00:00:00+00:00
[2024-03-27T00:23:14.402+0000] {processor.py:183} INFO - Processing /home/airflow/.local/lib/python3.8/site-packages/airflow/example_dags/example_setup_teardown.py took 0.035 seconds
[2024-03-27T00:23:45.037+0000] {processor.py:161} INFO - Started process (PID=7438) to work on /home/airflow/.local/lib/python3.8/site-packages/airflow/example_dags/example_setup_teardown.py
[2024-03-27T00:23:45.038+0000] {processor.py:830} INFO - Processing file /home/airflow/.local/lib/python3.8/site-packages/airflow/example_dags/example_setup_teardown.py for tasks to queue
[2024-03-27T00:23:45.039+0000] {logging_mixin.py:188} INFO - [2024-03-27T00:23:45.039+0000] {dagbag.py:540} INFO - Filling up the DagBag from /home/airflow/.local/lib/python3.8/site-packages/airflow/example_dags/example_setup_teardown.py
[2024-03-27T00:23:45.042+0000] {processor.py:840} INFO - DAG(s) 'example_setup_teardown' retrieved from /home/airflow/.local/lib/python3.8/site-packages/airflow/example_dags/example_setup_teardown.py
[2024-03-27T00:23:45.053+0000] {logging_mixin.py:188} INFO - [2024-03-27T00:23:45.053+0000] {dag.py:3047} INFO - Sync 1 DAGs
[2024-03-27T00:23:45.064+0000] {logging_mixin.py:188} INFO - [2024-03-27T00:23:45.064+0000] {dag.py:3834} INFO - Setting next_dagrun for example_setup_teardown to 2024-03-26 00:00:00+00:00, run_after=2024-03-27 00:00:00+00:00
[2024-03-27T00:23:45.073+0000] {processor.py:183} INFO - Processing /home/airflow/.local/lib/python3.8/site-packages/airflow/example_dags/example_setup_teardown.py took 0.037 seconds
[2024-03-27T00:24:15.731+0000] {processor.py:161} INFO - Started process (PID=7493) to work on /home/airflow/.local/lib/python3.8/site-packages/airflow/example_dags/example_setup_teardown.py
[2024-03-27T00:24:15.731+0000] {processor.py:830} INFO - Processing file /home/airflow/.local/lib/python3.8/site-packages/airflow/example_dags/example_setup_teardown.py for tasks to queue
[2024-03-27T00:24:15.732+0000] {logging_mixin.py:188} INFO - [2024-03-27T00:24:15.732+0000] {dagbag.py:540} INFO - Filling up the DagBag from /home/airflow/.local/lib/python3.8/site-packages/airflow/example_dags/example_setup_teardown.py
[2024-03-27T00:24:15.736+0000] {processor.py:840} INFO - DAG(s) 'example_setup_teardown' retrieved from /home/airflow/.local/lib/python3.8/site-packages/airflow/example_dags/example_setup_teardown.py
[2024-03-27T00:24:15.746+0000] {logging_mixin.py:188} INFO - [2024-03-27T00:24:15.746+0000] {dag.py:3047} INFO - Sync 1 DAGs
[2024-03-27T00:24:15.756+0000] {logging_mixin.py:188} INFO - [2024-03-27T00:24:15.756+0000] {dag.py:3834} INFO - Setting next_dagrun for example_setup_teardown to 2024-03-26 00:00:00+00:00, run_after=2024-03-27 00:00:00+00:00
[2024-03-27T00:24:15.764+0000] {processor.py:183} INFO - Processing /home/airflow/.local/lib/python3.8/site-packages/airflow/example_dags/example_setup_teardown.py took 0.036 seconds
[2024-03-27T00:24:46.617+0000] {processor.py:161} INFO - Started process (PID=7548) to work on /home/airflow/.local/lib/python3.8/site-packages/airflow/example_dags/example_setup_teardown.py
[2024-03-27T00:24:46.617+0000] {processor.py:830} INFO - Processing file /home/airflow/.local/lib/python3.8/site-packages/airflow/example_dags/example_setup_teardown.py for tasks to queue
[2024-03-27T00:24:46.618+0000] {logging_mixin.py:188} INFO - [2024-03-27T00:24:46.618+0000] {dagbag.py:540} INFO - Filling up the DagBag from /home/airflow/.local/lib/python3.8/site-packages/airflow/example_dags/example_setup_teardown.py
[2024-03-27T00:24:46.622+0000] {processor.py:840} INFO - DAG(s) 'example_setup_teardown' retrieved from /home/airflow/.local/lib/python3.8/site-packages/airflow/example_dags/example_setup_teardown.py
[2024-03-27T00:24:46.633+0000] {logging_mixin.py:188} INFO - [2024-03-27T00:24:46.633+0000] {dag.py:3047} INFO - Sync 1 DAGs
[2024-03-27T00:24:46.644+0000] {logging_mixin.py:188} INFO - [2024-03-27T00:24:46.644+0000] {dag.py:3834} INFO - Setting next_dagrun for example_setup_teardown to 2024-03-26 00:00:00+00:00, run_after=2024-03-27 00:00:00+00:00
[2024-03-27T00:24:46.652+0000] {processor.py:183} INFO - Processing /home/airflow/.local/lib/python3.8/site-packages/airflow/example_dags/example_setup_teardown.py took 0.037 seconds
[2024-03-27T00:31:02.802+0000] {processor.py:161} INFO - Started process (PID=7603) to work on /home/airflow/.local/lib/python3.8/site-packages/airflow/example_dags/example_setup_teardown.py
[2024-03-27T00:31:02.803+0000] {processor.py:830} INFO - Processing file /home/airflow/.local/lib/python3.8/site-packages/airflow/example_dags/example_setup_teardown.py for tasks to queue
[2024-03-27T00:31:02.804+0000] {logging_mixin.py:188} INFO - [2024-03-27T00:31:02.804+0000] {dagbag.py:540} INFO - Filling up the DagBag from /home/airflow/.local/lib/python3.8/site-packages/airflow/example_dags/example_setup_teardown.py
[2024-03-27T00:31:02.808+0000] {processor.py:840} INFO - DAG(s) 'example_setup_teardown' retrieved from /home/airflow/.local/lib/python3.8/site-packages/airflow/example_dags/example_setup_teardown.py
[2024-03-27T00:31:02.822+0000] {logging_mixin.py:188} INFO - [2024-03-27T00:31:02.822+0000] {dag.py:3047} INFO - Sync 1 DAGs
[2024-03-27T00:31:02.834+0000] {logging_mixin.py:188} INFO - [2024-03-27T00:31:02.834+0000] {dag.py:3834} INFO - Setting next_dagrun for example_setup_teardown to 2024-03-26 00:00:00+00:00, run_after=2024-03-27 00:00:00+00:00
[2024-03-27T00:31:02.844+0000] {processor.py:183} INFO - Processing /home/airflow/.local/lib/python3.8/site-packages/airflow/example_dags/example_setup_teardown.py took 0.044 seconds
[2024-03-27T00:34:03.161+0000] {processor.py:161} INFO - Started process (PID=7658) to work on /home/airflow/.local/lib/python3.8/site-packages/airflow/example_dags/example_setup_teardown.py
[2024-03-27T00:34:03.162+0000] {processor.py:830} INFO - Processing file /home/airflow/.local/lib/python3.8/site-packages/airflow/example_dags/example_setup_teardown.py for tasks to queue
[2024-03-27T00:34:03.163+0000] {logging_mixin.py:188} INFO - [2024-03-27T00:34:03.163+0000] {dagbag.py:540} INFO - Filling up the DagBag from /home/airflow/.local/lib/python3.8/site-packages/airflow/example_dags/example_setup_teardown.py
[2024-03-27T00:34:03.166+0000] {processor.py:840} INFO - DAG(s) 'example_setup_teardown' retrieved from /home/airflow/.local/lib/python3.8/site-packages/airflow/example_dags/example_setup_teardown.py
[2024-03-27T00:34:03.177+0000] {logging_mixin.py:188} INFO - [2024-03-27T00:34:03.176+0000] {dag.py:3047} INFO - Sync 1 DAGs
[2024-03-27T00:34:03.187+0000] {logging_mixin.py:188} INFO - [2024-03-27T00:34:03.187+0000] {dag.py:3834} INFO - Setting next_dagrun for example_setup_teardown to 2024-03-26 00:00:00+00:00, run_after=2024-03-27 00:00:00+00:00
[2024-03-27T00:34:03.195+0000] {processor.py:183} INFO - Processing /home/airflow/.local/lib/python3.8/site-packages/airflow/example_dags/example_setup_teardown.py took 0.035 seconds
[2024-03-27T00:40:16.767+0000] {processor.py:161} INFO - Started process (PID=7713) to work on /home/airflow/.local/lib/python3.8/site-packages/airflow/example_dags/example_setup_teardown.py
[2024-03-27T00:40:16.769+0000] {processor.py:830} INFO - Processing file /home/airflow/.local/lib/python3.8/site-packages/airflow/example_dags/example_setup_teardown.py for tasks to queue
[2024-03-27T00:40:16.773+0000] {logging_mixin.py:188} INFO - [2024-03-27T00:40:16.772+0000] {dagbag.py:540} INFO - Filling up the DagBag from /home/airflow/.local/lib/python3.8/site-packages/airflow/example_dags/example_setup_teardown.py
[2024-03-27T00:40:16.780+0000] {processor.py:840} INFO - DAG(s) 'example_setup_teardown' retrieved from /home/airflow/.local/lib/python3.8/site-packages/airflow/example_dags/example_setup_teardown.py
[2024-03-27T00:40:16.825+0000] {logging_mixin.py:188} INFO - [2024-03-27T00:40:16.824+0000] {dag.py:3047} INFO - Sync 1 DAGs
[2024-03-27T00:40:16.852+0000] {logging_mixin.py:188} INFO - [2024-03-27T00:40:16.851+0000] {dag.py:3834} INFO - Setting next_dagrun for example_setup_teardown to 2024-03-26 00:00:00+00:00, run_after=2024-03-27 00:00:00+00:00
[2024-03-27T00:40:16.886+0000] {processor.py:183} INFO - Processing /home/airflow/.local/lib/python3.8/site-packages/airflow/example_dags/example_setup_teardown.py took 0.124 seconds
[2024-03-27T00:41:13.641+0000] {processor.py:161} INFO - Started process (PID=7768) to work on /home/airflow/.local/lib/python3.8/site-packages/airflow/example_dags/example_setup_teardown.py
[2024-03-27T00:41:13.641+0000] {processor.py:830} INFO - Processing file /home/airflow/.local/lib/python3.8/site-packages/airflow/example_dags/example_setup_teardown.py for tasks to queue
[2024-03-27T00:41:13.642+0000] {logging_mixin.py:188} INFO - [2024-03-27T00:41:13.642+0000] {dagbag.py:540} INFO - Filling up the DagBag from /home/airflow/.local/lib/python3.8/site-packages/airflow/example_dags/example_setup_teardown.py
[2024-03-27T00:41:13.646+0000] {processor.py:840} INFO - DAG(s) 'example_setup_teardown' retrieved from /home/airflow/.local/lib/python3.8/site-packages/airflow/example_dags/example_setup_teardown.py
[2024-03-27T00:41:13.656+0000] {logging_mixin.py:188} INFO - [2024-03-27T00:41:13.656+0000] {dag.py:3047} INFO - Sync 1 DAGs
[2024-03-27T00:41:13.666+0000] {logging_mixin.py:188} INFO - [2024-03-27T00:41:13.666+0000] {dag.py:3834} INFO - Setting next_dagrun for example_setup_teardown to 2024-03-26 00:00:00+00:00, run_after=2024-03-27 00:00:00+00:00
[2024-03-27T00:41:13.674+0000] {processor.py:183} INFO - Processing /home/airflow/.local/lib/python3.8/site-packages/airflow/example_dags/example_setup_teardown.py took 0.036 seconds
[2024-03-27T00:42:56.204+0000] {processor.py:161} INFO - Started process (PID=7823) to work on /home/airflow/.local/lib/python3.8/site-packages/airflow/example_dags/example_setup_teardown.py
[2024-03-27T00:42:56.205+0000] {processor.py:830} INFO - Processing file /home/airflow/.local/lib/python3.8/site-packages/airflow/example_dags/example_setup_teardown.py for tasks to queue
[2024-03-27T00:42:56.206+0000] {logging_mixin.py:188} INFO - [2024-03-27T00:42:56.206+0000] {dagbag.py:540} INFO - Filling up the DagBag from /home/airflow/.local/lib/python3.8/site-packages/airflow/example_dags/example_setup_teardown.py
[2024-03-27T00:42:56.210+0000] {processor.py:840} INFO - DAG(s) 'example_setup_teardown' retrieved from /home/airflow/.local/lib/python3.8/site-packages/airflow/example_dags/example_setup_teardown.py
[2024-03-27T00:42:56.220+0000] {logging_mixin.py:188} INFO - [2024-03-27T00:42:56.220+0000] {dag.py:3047} INFO - Sync 1 DAGs
[2024-03-27T00:42:56.231+0000] {logging_mixin.py:188} INFO - [2024-03-27T00:42:56.231+0000] {dag.py:3834} INFO - Setting next_dagrun for example_setup_teardown to 2024-03-26 00:00:00+00:00, run_after=2024-03-27 00:00:00+00:00
[2024-03-27T00:42:56.239+0000] {processor.py:183} INFO - Processing /home/airflow/.local/lib/python3.8/site-packages/airflow/example_dags/example_setup_teardown.py took 0.037 seconds
[2024-03-27T00:45:42.435+0000] {processor.py:161} INFO - Started process (PID=7878) to work on /home/airflow/.local/lib/python3.8/site-packages/airflow/example_dags/example_setup_teardown.py
[2024-03-27T00:45:42.436+0000] {processor.py:830} INFO - Processing file /home/airflow/.local/lib/python3.8/site-packages/airflow/example_dags/example_setup_teardown.py for tasks to queue
[2024-03-27T00:45:42.437+0000] {logging_mixin.py:188} INFO - [2024-03-27T00:45:42.437+0000] {dagbag.py:540} INFO - Filling up the DagBag from /home/airflow/.local/lib/python3.8/site-packages/airflow/example_dags/example_setup_teardown.py
[2024-03-27T00:45:42.441+0000] {processor.py:840} INFO - DAG(s) 'example_setup_teardown' retrieved from /home/airflow/.local/lib/python3.8/site-packages/airflow/example_dags/example_setup_teardown.py
[2024-03-27T00:45:42.452+0000] {logging_mixin.py:188} INFO - [2024-03-27T00:45:42.452+0000] {dag.py:3047} INFO - Sync 1 DAGs
[2024-03-27T00:45:42.463+0000] {logging_mixin.py:188} INFO - [2024-03-27T00:45:42.463+0000] {dag.py:3834} INFO - Setting next_dagrun for example_setup_teardown to 2024-03-26 00:00:00+00:00, run_after=2024-03-27 00:00:00+00:00
[2024-03-27T00:45:42.471+0000] {processor.py:183} INFO - Processing /home/airflow/.local/lib/python3.8/site-packages/airflow/example_dags/example_setup_teardown.py took 0.038 seconds
[2024-03-27T00:49:39.568+0000] {processor.py:161} INFO - Started process (PID=7933) to work on /home/airflow/.local/lib/python3.8/site-packages/airflow/example_dags/example_setup_teardown.py
[2024-03-27T00:49:39.568+0000] {processor.py:830} INFO - Processing file /home/airflow/.local/lib/python3.8/site-packages/airflow/example_dags/example_setup_teardown.py for tasks to queue
[2024-03-27T00:49:39.569+0000] {logging_mixin.py:188} INFO - [2024-03-27T00:49:39.569+0000] {dagbag.py:540} INFO - Filling up the DagBag from /home/airflow/.local/lib/python3.8/site-packages/airflow/example_dags/example_setup_teardown.py
[2024-03-27T00:49:39.573+0000] {processor.py:840} INFO - DAG(s) 'example_setup_teardown' retrieved from /home/airflow/.local/lib/python3.8/site-packages/airflow/example_dags/example_setup_teardown.py
[2024-03-27T00:49:39.584+0000] {logging_mixin.py:188} INFO - [2024-03-27T00:49:39.583+0000] {dag.py:3047} INFO - Sync 1 DAGs
[2024-03-27T00:49:39.594+0000] {logging_mixin.py:188} INFO - [2024-03-27T00:49:39.594+0000] {dag.py:3834} INFO - Setting next_dagrun for example_setup_teardown to 2024-03-26 00:00:00+00:00, run_after=2024-03-27 00:00:00+00:00
[2024-03-27T00:49:39.602+0000] {processor.py:183} INFO - Processing /home/airflow/.local/lib/python3.8/site-packages/airflow/example_dags/example_setup_teardown.py took 0.037 seconds
[2024-03-27T00:50:38.676+0000] {processor.py:161} INFO - Started process (PID=7988) to work on /home/airflow/.local/lib/python3.8/site-packages/airflow/example_dags/example_setup_teardown.py
[2024-03-27T00:50:38.677+0000] {processor.py:830} INFO - Processing file /home/airflow/.local/lib/python3.8/site-packages/airflow/example_dags/example_setup_teardown.py for tasks to queue
[2024-03-27T00:50:38.678+0000] {logging_mixin.py:188} INFO - [2024-03-27T00:50:38.677+0000] {dagbag.py:540} INFO - Filling up the DagBag from /home/airflow/.local/lib/python3.8/site-packages/airflow/example_dags/example_setup_teardown.py
[2024-03-27T00:50:38.681+0000] {processor.py:840} INFO - DAG(s) 'example_setup_teardown' retrieved from /home/airflow/.local/lib/python3.8/site-packages/airflow/example_dags/example_setup_teardown.py
[2024-03-27T00:50:38.693+0000] {logging_mixin.py:188} INFO - [2024-03-27T00:50:38.693+0000] {dag.py:3047} INFO - Sync 1 DAGs
[2024-03-27T00:50:38.703+0000] {logging_mixin.py:188} INFO - [2024-03-27T00:50:38.703+0000] {dag.py:3834} INFO - Setting next_dagrun for example_setup_teardown to 2024-03-26 00:00:00+00:00, run_after=2024-03-27 00:00:00+00:00
[2024-03-27T00:50:38.711+0000] {processor.py:183} INFO - Processing /home/airflow/.local/lib/python3.8/site-packages/airflow/example_dags/example_setup_teardown.py took 0.037 seconds
[2024-03-27T00:51:23.650+0000] {processor.py:161} INFO - Started process (PID=8043) to work on /home/airflow/.local/lib/python3.8/site-packages/airflow/example_dags/example_setup_teardown.py
[2024-03-27T00:51:23.650+0000] {processor.py:830} INFO - Processing file /home/airflow/.local/lib/python3.8/site-packages/airflow/example_dags/example_setup_teardown.py for tasks to queue
[2024-03-27T00:51:23.651+0000] {logging_mixin.py:188} INFO - [2024-03-27T00:51:23.651+0000] {dagbag.py:540} INFO - Filling up the DagBag from /home/airflow/.local/lib/python3.8/site-packages/airflow/example_dags/example_setup_teardown.py
[2024-03-27T00:51:23.655+0000] {processor.py:840} INFO - DAG(s) 'example_setup_teardown' retrieved from /home/airflow/.local/lib/python3.8/site-packages/airflow/example_dags/example_setup_teardown.py
[2024-03-27T00:51:23.665+0000] {logging_mixin.py:188} INFO - [2024-03-27T00:51:23.665+0000] {dag.py:3047} INFO - Sync 1 DAGs
[2024-03-27T00:51:23.677+0000] {logging_mixin.py:188} INFO - [2024-03-27T00:51:23.677+0000] {dag.py:3834} INFO - Setting next_dagrun for example_setup_teardown to 2024-03-26 00:00:00+00:00, run_after=2024-03-27 00:00:00+00:00
[2024-03-27T00:51:23.686+0000] {processor.py:183} INFO - Processing /home/airflow/.local/lib/python3.8/site-packages/airflow/example_dags/example_setup_teardown.py took 0.038 seconds
[2024-03-27T00:53:01.032+0000] {processor.py:161} INFO - Started process (PID=8098) to work on /home/airflow/.local/lib/python3.8/site-packages/airflow/example_dags/example_setup_teardown.py
[2024-03-27T00:53:01.033+0000] {processor.py:830} INFO - Processing file /home/airflow/.local/lib/python3.8/site-packages/airflow/example_dags/example_setup_teardown.py for tasks to queue
[2024-03-27T00:53:01.034+0000] {logging_mixin.py:188} INFO - [2024-03-27T00:53:01.034+0000] {dagbag.py:540} INFO - Filling up the DagBag from /home/airflow/.local/lib/python3.8/site-packages/airflow/example_dags/example_setup_teardown.py
[2024-03-27T00:53:01.038+0000] {processor.py:840} INFO - DAG(s) 'example_setup_teardown' retrieved from /home/airflow/.local/lib/python3.8/site-packages/airflow/example_dags/example_setup_teardown.py
[2024-03-27T00:53:01.048+0000] {logging_mixin.py:188} INFO - [2024-03-27T00:53:01.048+0000] {dag.py:3047} INFO - Sync 1 DAGs
[2024-03-27T00:53:01.059+0000] {logging_mixin.py:188} INFO - [2024-03-27T00:53:01.058+0000] {dag.py:3834} INFO - Setting next_dagrun for example_setup_teardown to 2024-03-26 00:00:00+00:00, run_after=2024-03-27 00:00:00+00:00
[2024-03-27T00:53:01.067+0000] {processor.py:183} INFO - Processing /home/airflow/.local/lib/python3.8/site-packages/airflow/example_dags/example_setup_teardown.py took 0.037 seconds
[2024-03-27T00:54:00.368+0000] {processor.py:161} INFO - Started process (PID=8153) to work on /home/airflow/.local/lib/python3.8/site-packages/airflow/example_dags/example_setup_teardown.py
[2024-03-27T00:54:00.369+0000] {processor.py:830} INFO - Processing file /home/airflow/.local/lib/python3.8/site-packages/airflow/example_dags/example_setup_teardown.py for tasks to queue
[2024-03-27T00:54:00.370+0000] {logging_mixin.py:188} INFO - [2024-03-27T00:54:00.370+0000] {dagbag.py:540} INFO - Filling up the DagBag from /home/airflow/.local/lib/python3.8/site-packages/airflow/example_dags/example_setup_teardown.py
[2024-03-27T00:54:00.373+0000] {processor.py:840} INFO - DAG(s) 'example_setup_teardown' retrieved from /home/airflow/.local/lib/python3.8/site-packages/airflow/example_dags/example_setup_teardown.py
[2024-03-27T00:54:00.384+0000] {logging_mixin.py:188} INFO - [2024-03-27T00:54:00.384+0000] {dag.py:3047} INFO - Sync 1 DAGs
[2024-03-27T00:54:00.394+0000] {logging_mixin.py:188} INFO - [2024-03-27T00:54:00.394+0000] {dag.py:3834} INFO - Setting next_dagrun for example_setup_teardown to 2024-03-26 00:00:00+00:00, run_after=2024-03-27 00:00:00+00:00
[2024-03-27T00:54:00.402+0000] {processor.py:183} INFO - Processing /home/airflow/.local/lib/python3.8/site-packages/airflow/example_dags/example_setup_teardown.py took 0.036 seconds
[2024-03-27T00:54:43.962+0000] {processor.py:161} INFO - Started process (PID=8208) to work on /home/airflow/.local/lib/python3.8/site-packages/airflow/example_dags/example_setup_teardown.py
[2024-03-27T00:54:43.962+0000] {processor.py:830} INFO - Processing file /home/airflow/.local/lib/python3.8/site-packages/airflow/example_dags/example_setup_teardown.py for tasks to queue
[2024-03-27T00:54:43.963+0000] {logging_mixin.py:188} INFO - [2024-03-27T00:54:43.963+0000] {dagbag.py:540} INFO - Filling up the DagBag from /home/airflow/.local/lib/python3.8/site-packages/airflow/example_dags/example_setup_teardown.py
[2024-03-27T00:54:43.966+0000] {processor.py:840} INFO - DAG(s) 'example_setup_teardown' retrieved from /home/airflow/.local/lib/python3.8/site-packages/airflow/example_dags/example_setup_teardown.py
[2024-03-27T00:54:43.977+0000] {logging_mixin.py:188} INFO - [2024-03-27T00:54:43.977+0000] {dag.py:3047} INFO - Sync 1 DAGs
[2024-03-27T00:54:43.987+0000] {logging_mixin.py:188} INFO - [2024-03-27T00:54:43.987+0000] {dag.py:3834} INFO - Setting next_dagrun for example_setup_teardown to 2024-03-26 00:00:00+00:00, run_after=2024-03-27 00:00:00+00:00
[2024-03-27T00:54:43.995+0000] {processor.py:183} INFO - Processing /home/airflow/.local/lib/python3.8/site-packages/airflow/example_dags/example_setup_teardown.py took 0.035 seconds
[2024-03-27T00:55:16.848+0000] {processor.py:161} INFO - Started process (PID=8263) to work on /home/airflow/.local/lib/python3.8/site-packages/airflow/example_dags/example_setup_teardown.py
[2024-03-27T00:55:16.849+0000] {processor.py:830} INFO - Processing file /home/airflow/.local/lib/python3.8/site-packages/airflow/example_dags/example_setup_teardown.py for tasks to queue
[2024-03-27T00:55:16.850+0000] {logging_mixin.py:188} INFO - [2024-03-27T00:55:16.849+0000] {dagbag.py:540} INFO - Filling up the DagBag from /home/airflow/.local/lib/python3.8/site-packages/airflow/example_dags/example_setup_teardown.py
[2024-03-27T00:55:16.853+0000] {processor.py:840} INFO - DAG(s) 'example_setup_teardown' retrieved from /home/airflow/.local/lib/python3.8/site-packages/airflow/example_dags/example_setup_teardown.py
[2024-03-27T00:55:16.864+0000] {logging_mixin.py:188} INFO - [2024-03-27T00:55:16.864+0000] {dag.py:3047} INFO - Sync 1 DAGs
[2024-03-27T00:55:16.874+0000] {logging_mixin.py:188} INFO - [2024-03-27T00:55:16.874+0000] {dag.py:3834} INFO - Setting next_dagrun for example_setup_teardown to 2024-03-26 00:00:00+00:00, run_after=2024-03-27 00:00:00+00:00
[2024-03-27T00:55:16.882+0000] {processor.py:183} INFO - Processing /home/airflow/.local/lib/python3.8/site-packages/airflow/example_dags/example_setup_teardown.py took 0.036 seconds
[2024-03-27T00:55:59.044+0000] {processor.py:161} INFO - Started process (PID=8317) to work on /home/airflow/.local/lib/python3.8/site-packages/airflow/example_dags/example_setup_teardown.py
[2024-03-27T00:55:59.045+0000] {processor.py:830} INFO - Processing file /home/airflow/.local/lib/python3.8/site-packages/airflow/example_dags/example_setup_teardown.py for tasks to queue
[2024-03-27T00:55:59.046+0000] {logging_mixin.py:188} INFO - [2024-03-27T00:55:59.046+0000] {dagbag.py:540} INFO - Filling up the DagBag from /home/airflow/.local/lib/python3.8/site-packages/airflow/example_dags/example_setup_teardown.py
[2024-03-27T00:55:59.049+0000] {processor.py:840} INFO - DAG(s) 'example_setup_teardown' retrieved from /home/airflow/.local/lib/python3.8/site-packages/airflow/example_dags/example_setup_teardown.py
[2024-03-27T00:55:59.061+0000] {logging_mixin.py:188} INFO - [2024-03-27T00:55:59.060+0000] {dag.py:3047} INFO - Sync 1 DAGs
[2024-03-27T00:55:59.071+0000] {logging_mixin.py:188} INFO - [2024-03-27T00:55:59.071+0000] {dag.py:3834} INFO - Setting next_dagrun for example_setup_teardown to 2024-03-26 00:00:00+00:00, run_after=2024-03-27 00:00:00+00:00
[2024-03-27T00:55:59.080+0000] {processor.py:183} INFO - Processing /home/airflow/.local/lib/python3.8/site-packages/airflow/example_dags/example_setup_teardown.py took 0.038 seconds
[2024-03-27T00:58:45.717+0000] {processor.py:161} INFO - Started process (PID=8372) to work on /home/airflow/.local/lib/python3.8/site-packages/airflow/example_dags/example_setup_teardown.py
[2024-03-27T00:58:45.718+0000] {processor.py:830} INFO - Processing file /home/airflow/.local/lib/python3.8/site-packages/airflow/example_dags/example_setup_teardown.py for tasks to queue
[2024-03-27T00:58:45.719+0000] {logging_mixin.py:188} INFO - [2024-03-27T00:58:45.719+0000] {dagbag.py:540} INFO - Filling up the DagBag from /home/airflow/.local/lib/python3.8/site-packages/airflow/example_dags/example_setup_teardown.py
[2024-03-27T00:58:45.723+0000] {processor.py:840} INFO - DAG(s) 'example_setup_teardown' retrieved from /home/airflow/.local/lib/python3.8/site-packages/airflow/example_dags/example_setup_teardown.py
[2024-03-27T00:58:45.734+0000] {logging_mixin.py:188} INFO - [2024-03-27T00:58:45.733+0000] {dag.py:3047} INFO - Sync 1 DAGs
[2024-03-27T00:58:45.744+0000] {logging_mixin.py:188} INFO - [2024-03-27T00:58:45.744+0000] {dag.py:3834} INFO - Setting next_dagrun for example_setup_teardown to 2024-03-26 00:00:00+00:00, run_after=2024-03-27 00:00:00+00:00
[2024-03-27T00:58:45.752+0000] {processor.py:183} INFO - Processing /home/airflow/.local/lib/python3.8/site-packages/airflow/example_dags/example_setup_teardown.py took 0.036 seconds
[2024-03-27T01:01:15.221+0000] {processor.py:161} INFO - Started process (PID=8427) to work on /home/airflow/.local/lib/python3.8/site-packages/airflow/example_dags/example_setup_teardown.py
[2024-03-27T01:01:15.221+0000] {processor.py:830} INFO - Processing file /home/airflow/.local/lib/python3.8/site-packages/airflow/example_dags/example_setup_teardown.py for tasks to queue
[2024-03-27T01:01:15.222+0000] {logging_mixin.py:188} INFO - [2024-03-27T01:01:15.222+0000] {dagbag.py:540} INFO - Filling up the DagBag from /home/airflow/.local/lib/python3.8/site-packages/airflow/example_dags/example_setup_teardown.py
[2024-03-27T01:01:15.225+0000] {processor.py:840} INFO - DAG(s) 'example_setup_teardown' retrieved from /home/airflow/.local/lib/python3.8/site-packages/airflow/example_dags/example_setup_teardown.py
[2024-03-27T01:01:15.236+0000] {logging_mixin.py:188} INFO - [2024-03-27T01:01:15.236+0000] {dag.py:3047} INFO - Sync 1 DAGs
[2024-03-27T01:01:15.246+0000] {logging_mixin.py:188} INFO - [2024-03-27T01:01:15.246+0000] {dag.py:3834} INFO - Setting next_dagrun for example_setup_teardown to 2024-03-26 00:00:00+00:00, run_after=2024-03-27 00:00:00+00:00
[2024-03-27T01:01:15.255+0000] {processor.py:183} INFO - Processing /home/airflow/.local/lib/python3.8/site-packages/airflow/example_dags/example_setup_teardown.py took 0.036 seconds
[2024-03-27T01:04:44.268+0000] {processor.py:161} INFO - Started process (PID=8482) to work on /home/airflow/.local/lib/python3.8/site-packages/airflow/example_dags/example_setup_teardown.py
[2024-03-27T01:04:44.269+0000] {processor.py:830} INFO - Processing file /home/airflow/.local/lib/python3.8/site-packages/airflow/example_dags/example_setup_teardown.py for tasks to queue
[2024-03-27T01:04:44.271+0000] {logging_mixin.py:188} INFO - [2024-03-27T01:04:44.271+0000] {dagbag.py:540} INFO - Filling up the DagBag from /home/airflow/.local/lib/python3.8/site-packages/airflow/example_dags/example_setup_teardown.py
[2024-03-27T01:04:44.277+0000] {processor.py:840} INFO - DAG(s) 'example_setup_teardown' retrieved from /home/airflow/.local/lib/python3.8/site-packages/airflow/example_dags/example_setup_teardown.py
[2024-03-27T01:04:44.294+0000] {logging_mixin.py:188} INFO - [2024-03-27T01:04:44.293+0000] {dag.py:3047} INFO - Sync 1 DAGs
[2024-03-27T01:04:44.308+0000] {logging_mixin.py:188} INFO - [2024-03-27T01:04:44.308+0000] {dag.py:3834} INFO - Setting next_dagrun for example_setup_teardown to 2024-03-26 00:00:00+00:00, run_after=2024-03-27 00:00:00+00:00
[2024-03-27T01:04:44.321+0000] {processor.py:183} INFO - Processing /home/airflow/.local/lib/python3.8/site-packages/airflow/example_dags/example_setup_teardown.py took 0.057 seconds
[2024-03-27T01:08:49.495+0000] {processor.py:161} INFO - Started process (PID=8537) to work on /home/airflow/.local/lib/python3.8/site-packages/airflow/example_dags/example_setup_teardown.py
[2024-03-27T01:08:49.496+0000] {processor.py:830} INFO - Processing file /home/airflow/.local/lib/python3.8/site-packages/airflow/example_dags/example_setup_teardown.py for tasks to queue
[2024-03-27T01:08:49.498+0000] {logging_mixin.py:188} INFO - [2024-03-27T01:08:49.497+0000] {dagbag.py:540} INFO - Filling up the DagBag from /home/airflow/.local/lib/python3.8/site-packages/airflow/example_dags/example_setup_teardown.py
[2024-03-27T01:08:49.502+0000] {processor.py:840} INFO - DAG(s) 'example_setup_teardown' retrieved from /home/airflow/.local/lib/python3.8/site-packages/airflow/example_dags/example_setup_teardown.py
[2024-03-27T01:08:49.519+0000] {logging_mixin.py:188} INFO - [2024-03-27T01:08:49.519+0000] {dag.py:3047} INFO - Sync 1 DAGs
[2024-03-27T01:08:49.532+0000] {logging_mixin.py:188} INFO - [2024-03-27T01:08:49.532+0000] {dag.py:3834} INFO - Setting next_dagrun for example_setup_teardown to 2024-03-26 00:00:00+00:00, run_after=2024-03-27 00:00:00+00:00
[2024-03-27T01:08:49.542+0000] {processor.py:183} INFO - Processing /home/airflow/.local/lib/python3.8/site-packages/airflow/example_dags/example_setup_teardown.py took 0.050 seconds
[2024-03-27T01:13:47.897+0000] {processor.py:161} INFO - Started process (PID=8592) to work on /home/airflow/.local/lib/python3.8/site-packages/airflow/example_dags/example_setup_teardown.py
[2024-03-27T01:13:47.897+0000] {processor.py:830} INFO - Processing file /home/airflow/.local/lib/python3.8/site-packages/airflow/example_dags/example_setup_teardown.py for tasks to queue
[2024-03-27T01:13:47.898+0000] {logging_mixin.py:188} INFO - [2024-03-27T01:13:47.898+0000] {dagbag.py:540} INFO - Filling up the DagBag from /home/airflow/.local/lib/python3.8/site-packages/airflow/example_dags/example_setup_teardown.py
[2024-03-27T01:13:47.902+0000] {processor.py:840} INFO - DAG(s) 'example_setup_teardown' retrieved from /home/airflow/.local/lib/python3.8/site-packages/airflow/example_dags/example_setup_teardown.py
[2024-03-27T01:13:47.913+0000] {logging_mixin.py:188} INFO - [2024-03-27T01:13:47.912+0000] {dag.py:3047} INFO - Sync 1 DAGs
[2024-03-27T01:13:47.923+0000] {logging_mixin.py:188} INFO - [2024-03-27T01:13:47.923+0000] {dag.py:3834} INFO - Setting next_dagrun for example_setup_teardown to 2024-03-26 00:00:00+00:00, run_after=2024-03-27 00:00:00+00:00
[2024-03-27T01:13:47.932+0000] {processor.py:183} INFO - Processing /home/airflow/.local/lib/python3.8/site-packages/airflow/example_dags/example_setup_teardown.py took 0.037 seconds
[2024-03-27T01:47:16.828+0000] {processor.py:161} INFO - Started process (PID=8647) to work on /home/airflow/.local/lib/python3.8/site-packages/airflow/example_dags/example_setup_teardown.py
[2024-03-27T01:47:16.829+0000] {processor.py:830} INFO - Processing file /home/airflow/.local/lib/python3.8/site-packages/airflow/example_dags/example_setup_teardown.py for tasks to queue
[2024-03-27T01:47:16.830+0000] {logging_mixin.py:188} INFO - [2024-03-27T01:47:16.830+0000] {dagbag.py:540} INFO - Filling up the DagBag from /home/airflow/.local/lib/python3.8/site-packages/airflow/example_dags/example_setup_teardown.py
[2024-03-27T01:47:16.833+0000] {processor.py:840} INFO - DAG(s) 'example_setup_teardown' retrieved from /home/airflow/.local/lib/python3.8/site-packages/airflow/example_dags/example_setup_teardown.py
[2024-03-27T01:47:16.844+0000] {logging_mixin.py:188} INFO - [2024-03-27T01:47:16.843+0000] {dag.py:3047} INFO - Sync 1 DAGs
[2024-03-27T01:47:16.854+0000] {logging_mixin.py:188} INFO - [2024-03-27T01:47:16.854+0000] {dag.py:3834} INFO - Setting next_dagrun for example_setup_teardown to 2024-03-26 00:00:00+00:00, run_after=2024-03-27 00:00:00+00:00
[2024-03-27T01:47:16.862+0000] {processor.py:183} INFO - Processing /home/airflow/.local/lib/python3.8/site-packages/airflow/example_dags/example_setup_teardown.py took 0.036 seconds
[2024-03-27T02:30:30.032+0000] {processor.py:161} INFO - Started process (PID=8702) to work on /home/airflow/.local/lib/python3.8/site-packages/airflow/example_dags/example_setup_teardown.py
[2024-03-27T02:30:30.033+0000] {processor.py:830} INFO - Processing file /home/airflow/.local/lib/python3.8/site-packages/airflow/example_dags/example_setup_teardown.py for tasks to queue
[2024-03-27T02:30:30.034+0000] {logging_mixin.py:188} INFO - [2024-03-27T02:30:30.034+0000] {dagbag.py:540} INFO - Filling up the DagBag from /home/airflow/.local/lib/python3.8/site-packages/airflow/example_dags/example_setup_teardown.py
[2024-03-27T02:30:30.038+0000] {processor.py:840} INFO - DAG(s) 'example_setup_teardown' retrieved from /home/airflow/.local/lib/python3.8/site-packages/airflow/example_dags/example_setup_teardown.py
[2024-03-27T02:30:30.048+0000] {logging_mixin.py:188} INFO - [2024-03-27T02:30:30.048+0000] {dag.py:3047} INFO - Sync 1 DAGs
[2024-03-27T02:30:30.059+0000] {logging_mixin.py:188} INFO - [2024-03-27T02:30:30.059+0000] {dag.py:3834} INFO - Setting next_dagrun for example_setup_teardown to 2024-03-26 00:00:00+00:00, run_after=2024-03-27 00:00:00+00:00
[2024-03-27T02:30:30.068+0000] {processor.py:183} INFO - Processing /home/airflow/.local/lib/python3.8/site-packages/airflow/example_dags/example_setup_teardown.py took 0.037 seconds
[2024-03-27T02:31:20.823+0000] {processor.py:161} INFO - Started process (PID=8757) to work on /home/airflow/.local/lib/python3.8/site-packages/airflow/example_dags/example_setup_teardown.py
[2024-03-27T02:31:20.823+0000] {processor.py:830} INFO - Processing file /home/airflow/.local/lib/python3.8/site-packages/airflow/example_dags/example_setup_teardown.py for tasks to queue
[2024-03-27T02:31:20.825+0000] {logging_mixin.py:188} INFO - [2024-03-27T02:31:20.824+0000] {dagbag.py:540} INFO - Filling up the DagBag from /home/airflow/.local/lib/python3.8/site-packages/airflow/example_dags/example_setup_teardown.py
[2024-03-27T02:31:20.828+0000] {processor.py:840} INFO - DAG(s) 'example_setup_teardown' retrieved from /home/airflow/.local/lib/python3.8/site-packages/airflow/example_dags/example_setup_teardown.py
[2024-03-27T02:31:20.839+0000] {logging_mixin.py:188} INFO - [2024-03-27T02:31:20.839+0000] {dag.py:3047} INFO - Sync 1 DAGs
[2024-03-27T02:31:20.850+0000] {logging_mixin.py:188} INFO - [2024-03-27T02:31:20.849+0000] {dag.py:3834} INFO - Setting next_dagrun for example_setup_teardown to 2024-03-26 00:00:00+00:00, run_after=2024-03-27 00:00:00+00:00
[2024-03-27T02:31:20.858+0000] {processor.py:183} INFO - Processing /home/airflow/.local/lib/python3.8/site-packages/airflow/example_dags/example_setup_teardown.py took 0.037 seconds
[2024-03-27T02:33:49.721+0000] {processor.py:161} INFO - Started process (PID=8812) to work on /home/airflow/.local/lib/python3.8/site-packages/airflow/example_dags/example_setup_teardown.py
[2024-03-27T02:33:49.722+0000] {processor.py:830} INFO - Processing file /home/airflow/.local/lib/python3.8/site-packages/airflow/example_dags/example_setup_teardown.py for tasks to queue
[2024-03-27T02:33:49.723+0000] {logging_mixin.py:188} INFO - [2024-03-27T02:33:49.723+0000] {dagbag.py:540} INFO - Filling up the DagBag from /home/airflow/.local/lib/python3.8/site-packages/airflow/example_dags/example_setup_teardown.py
[2024-03-27T02:33:49.727+0000] {processor.py:840} INFO - DAG(s) 'example_setup_teardown' retrieved from /home/airflow/.local/lib/python3.8/site-packages/airflow/example_dags/example_setup_teardown.py
[2024-03-27T02:33:49.737+0000] {logging_mixin.py:188} INFO - [2024-03-27T02:33:49.737+0000] {dag.py:3047} INFO - Sync 1 DAGs
[2024-03-27T02:33:49.748+0000] {logging_mixin.py:188} INFO - [2024-03-27T02:33:49.748+0000] {dag.py:3834} INFO - Setting next_dagrun for example_setup_teardown to 2024-03-26 00:00:00+00:00, run_after=2024-03-27 00:00:00+00:00
[2024-03-27T02:33:49.756+0000] {processor.py:183} INFO - Processing /home/airflow/.local/lib/python3.8/site-packages/airflow/example_dags/example_setup_teardown.py took 0.037 seconds
[2024-03-27T02:49:01.824+0000] {processor.py:161} INFO - Started process (PID=8867) to work on /home/airflow/.local/lib/python3.8/site-packages/airflow/example_dags/example_setup_teardown.py
[2024-03-27T02:49:01.824+0000] {processor.py:830} INFO - Processing file /home/airflow/.local/lib/python3.8/site-packages/airflow/example_dags/example_setup_teardown.py for tasks to queue
[2024-03-27T02:49:01.825+0000] {logging_mixin.py:188} INFO - [2024-03-27T02:49:01.825+0000] {dagbag.py:540} INFO - Filling up the DagBag from /home/airflow/.local/lib/python3.8/site-packages/airflow/example_dags/example_setup_teardown.py
[2024-03-27T02:49:01.829+0000] {processor.py:840} INFO - DAG(s) 'example_setup_teardown' retrieved from /home/airflow/.local/lib/python3.8/site-packages/airflow/example_dags/example_setup_teardown.py
[2024-03-27T02:49:01.840+0000] {logging_mixin.py:188} INFO - [2024-03-27T02:49:01.840+0000] {dag.py:3047} INFO - Sync 1 DAGs
[2024-03-27T02:49:01.852+0000] {logging_mixin.py:188} INFO - [2024-03-27T02:49:01.852+0000] {dag.py:3834} INFO - Setting next_dagrun for example_setup_teardown to 2024-03-26 00:00:00+00:00, run_after=2024-03-27 00:00:00+00:00
[2024-03-27T02:49:01.861+0000] {processor.py:183} INFO - Processing /home/airflow/.local/lib/python3.8/site-packages/airflow/example_dags/example_setup_teardown.py took 0.039 seconds
[2024-03-27T02:49:32.683+0000] {processor.py:161} INFO - Started process (PID=8922) to work on /home/airflow/.local/lib/python3.8/site-packages/airflow/example_dags/example_setup_teardown.py
[2024-03-27T02:49:32.684+0000] {processor.py:830} INFO - Processing file /home/airflow/.local/lib/python3.8/site-packages/airflow/example_dags/example_setup_teardown.py for tasks to queue
[2024-03-27T02:49:32.685+0000] {logging_mixin.py:188} INFO - [2024-03-27T02:49:32.685+0000] {dagbag.py:540} INFO - Filling up the DagBag from /home/airflow/.local/lib/python3.8/site-packages/airflow/example_dags/example_setup_teardown.py
[2024-03-27T02:49:32.689+0000] {processor.py:840} INFO - DAG(s) 'example_setup_teardown' retrieved from /home/airflow/.local/lib/python3.8/site-packages/airflow/example_dags/example_setup_teardown.py
[2024-03-27T02:49:32.699+0000] {logging_mixin.py:188} INFO - [2024-03-27T02:49:32.699+0000] {dag.py:3047} INFO - Sync 1 DAGs
[2024-03-27T02:49:32.709+0000] {logging_mixin.py:188} INFO - [2024-03-27T02:49:32.709+0000] {dag.py:3834} INFO - Setting next_dagrun for example_setup_teardown to 2024-03-26 00:00:00+00:00, run_after=2024-03-27 00:00:00+00:00
[2024-03-27T02:49:32.717+0000] {processor.py:183} INFO - Processing /home/airflow/.local/lib/python3.8/site-packages/airflow/example_dags/example_setup_teardown.py took 0.035 seconds
[2024-03-27T02:50:03.375+0000] {processor.py:161} INFO - Started process (PID=8977) to work on /home/airflow/.local/lib/python3.8/site-packages/airflow/example_dags/example_setup_teardown.py
[2024-03-27T02:50:03.376+0000] {processor.py:830} INFO - Processing file /home/airflow/.local/lib/python3.8/site-packages/airflow/example_dags/example_setup_teardown.py for tasks to queue
[2024-03-27T02:50:03.377+0000] {logging_mixin.py:188} INFO - [2024-03-27T02:50:03.377+0000] {dagbag.py:540} INFO - Filling up the DagBag from /home/airflow/.local/lib/python3.8/site-packages/airflow/example_dags/example_setup_teardown.py
[2024-03-27T02:50:03.380+0000] {processor.py:840} INFO - DAG(s) 'example_setup_teardown' retrieved from /home/airflow/.local/lib/python3.8/site-packages/airflow/example_dags/example_setup_teardown.py
[2024-03-27T02:50:03.391+0000] {logging_mixin.py:188} INFO - [2024-03-27T02:50:03.391+0000] {dag.py:3047} INFO - Sync 1 DAGs
[2024-03-27T02:50:03.401+0000] {logging_mixin.py:188} INFO - [2024-03-27T02:50:03.401+0000] {dag.py:3834} INFO - Setting next_dagrun for example_setup_teardown to 2024-03-26 00:00:00+00:00, run_after=2024-03-27 00:00:00+00:00
[2024-03-27T02:50:03.409+0000] {processor.py:183} INFO - Processing /home/airflow/.local/lib/python3.8/site-packages/airflow/example_dags/example_setup_teardown.py took 0.036 seconds
[2024-03-27T02:50:34.277+0000] {processor.py:161} INFO - Started process (PID=9032) to work on /home/airflow/.local/lib/python3.8/site-packages/airflow/example_dags/example_setup_teardown.py
[2024-03-27T02:50:34.277+0000] {processor.py:830} INFO - Processing file /home/airflow/.local/lib/python3.8/site-packages/airflow/example_dags/example_setup_teardown.py for tasks to queue
[2024-03-27T02:50:34.278+0000] {logging_mixin.py:188} INFO - [2024-03-27T02:50:34.278+0000] {dagbag.py:540} INFO - Filling up the DagBag from /home/airflow/.local/lib/python3.8/site-packages/airflow/example_dags/example_setup_teardown.py
[2024-03-27T02:50:34.282+0000] {processor.py:840} INFO - DAG(s) 'example_setup_teardown' retrieved from /home/airflow/.local/lib/python3.8/site-packages/airflow/example_dags/example_setup_teardown.py
[2024-03-27T02:50:34.292+0000] {logging_mixin.py:188} INFO - [2024-03-27T02:50:34.292+0000] {dag.py:3047} INFO - Sync 1 DAGs
[2024-03-27T02:50:34.302+0000] {logging_mixin.py:188} INFO - [2024-03-27T02:50:34.302+0000] {dag.py:3834} INFO - Setting next_dagrun for example_setup_teardown to 2024-03-26 00:00:00+00:00, run_after=2024-03-27 00:00:00+00:00
[2024-03-27T02:50:34.311+0000] {processor.py:183} INFO - Processing /home/airflow/.local/lib/python3.8/site-packages/airflow/example_dags/example_setup_teardown.py took 0.036 seconds
[2024-03-27T18:16:33.294+0000] {processor.py:161} INFO - Started process (PID=66) to work on /home/airflow/.local/lib/python3.8/site-packages/airflow/example_dags/example_setup_teardown.py
[2024-03-27T18:16:33.295+0000] {processor.py:830} INFO - Processing file /home/airflow/.local/lib/python3.8/site-packages/airflow/example_dags/example_setup_teardown.py for tasks to queue
[2024-03-27T18:16:33.296+0000] {logging_mixin.py:188} INFO - [2024-03-27T18:16:33.296+0000] {dagbag.py:540} INFO - Filling up the DagBag from /home/airflow/.local/lib/python3.8/site-packages/airflow/example_dags/example_setup_teardown.py
[2024-03-27T18:16:33.300+0000] {processor.py:840} INFO - DAG(s) 'example_setup_teardown' retrieved from /home/airflow/.local/lib/python3.8/site-packages/airflow/example_dags/example_setup_teardown.py
[2024-03-27T18:16:33.317+0000] {logging_mixin.py:188} INFO - [2024-03-27T18:16:33.317+0000] {dag.py:3047} INFO - Sync 1 DAGs
[2024-03-27T18:16:33.339+0000] {logging_mixin.py:188} INFO - [2024-03-27T18:16:33.339+0000] {dag.py:3834} INFO - Setting next_dagrun for example_setup_teardown to 2024-03-26 00:00:00+00:00, run_after=2024-03-27 00:00:00+00:00
[2024-03-27T18:16:33.353+0000] {processor.py:183} INFO - Processing /home/airflow/.local/lib/python3.8/site-packages/airflow/example_dags/example_setup_teardown.py took 0.061 seconds
