[2024-03-27T00:00:24.458+0000] {processor.py:161} INFO - Started process (PID=5252) to work on /home/airflow/.local/lib/python3.8/site-packages/airflow/example_dags/example_latest_only.py
[2024-03-27T00:00:24.459+0000] {processor.py:830} INFO - Processing file /home/airflow/.local/lib/python3.8/site-packages/airflow/example_dags/example_latest_only.py for tasks to queue
[2024-03-27T00:00:24.460+0000] {logging_mixin.py:188} INFO - [2024-03-27T00:00:24.460+0000] {dagbag.py:540} INFO - Filling up the DagBag from /home/airflow/.local/lib/python3.8/site-packages/airflow/example_dags/example_latest_only.py
[2024-03-27T00:00:24.463+0000] {processor.py:840} INFO - DAG(s) 'latest_only' retrieved from /home/airflow/.local/lib/python3.8/site-packages/airflow/example_dags/example_latest_only.py
[2024-03-27T00:00:24.473+0000] {logging_mixin.py:188} INFO - [2024-03-27T00:00:24.473+0000] {dag.py:3047} INFO - Sync 1 DAGs
[2024-03-27T00:00:24.485+0000] {logging_mixin.py:188} INFO - [2024-03-27T00:00:24.485+0000] {dag.py:3834} INFO - Setting next_dagrun for latest_only to 2024-03-26 20:00:00+00:00, run_after=2024-03-27 00:00:00+00:00
[2024-03-27T00:00:24.494+0000] {processor.py:183} INFO - Processing /home/airflow/.local/lib/python3.8/site-packages/airflow/example_dags/example_latest_only.py took 0.038 seconds
[2024-03-27T00:00:55.406+0000] {processor.py:161} INFO - Started process (PID=5307) to work on /home/airflow/.local/lib/python3.8/site-packages/airflow/example_dags/example_latest_only.py
[2024-03-27T00:00:55.408+0000] {processor.py:830} INFO - Processing file /home/airflow/.local/lib/python3.8/site-packages/airflow/example_dags/example_latest_only.py for tasks to queue
[2024-03-27T00:00:55.409+0000] {logging_mixin.py:188} INFO - [2024-03-27T00:00:55.409+0000] {dagbag.py:540} INFO - Filling up the DagBag from /home/airflow/.local/lib/python3.8/site-packages/airflow/example_dags/example_latest_only.py
[2024-03-27T00:00:55.412+0000] {processor.py:840} INFO - DAG(s) 'latest_only' retrieved from /home/airflow/.local/lib/python3.8/site-packages/airflow/example_dags/example_latest_only.py
[2024-03-27T00:00:55.423+0000] {logging_mixin.py:188} INFO - [2024-03-27T00:00:55.423+0000] {dag.py:3047} INFO - Sync 1 DAGs
[2024-03-27T00:00:55.433+0000] {logging_mixin.py:188} INFO - [2024-03-27T00:00:55.433+0000] {dag.py:3834} INFO - Setting next_dagrun for latest_only to 2024-03-26 20:00:00+00:00, run_after=2024-03-27 00:00:00+00:00
[2024-03-27T00:00:55.441+0000] {processor.py:183} INFO - Processing /home/airflow/.local/lib/python3.8/site-packages/airflow/example_dags/example_latest_only.py took 0.039 seconds
[2024-03-27T00:01:26.241+0000] {processor.py:161} INFO - Started process (PID=5362) to work on /home/airflow/.local/lib/python3.8/site-packages/airflow/example_dags/example_latest_only.py
[2024-03-27T00:01:26.242+0000] {processor.py:830} INFO - Processing file /home/airflow/.local/lib/python3.8/site-packages/airflow/example_dags/example_latest_only.py for tasks to queue
[2024-03-27T00:01:26.243+0000] {logging_mixin.py:188} INFO - [2024-03-27T00:01:26.243+0000] {dagbag.py:540} INFO - Filling up the DagBag from /home/airflow/.local/lib/python3.8/site-packages/airflow/example_dags/example_latest_only.py
[2024-03-27T00:01:26.246+0000] {processor.py:840} INFO - DAG(s) 'latest_only' retrieved from /home/airflow/.local/lib/python3.8/site-packages/airflow/example_dags/example_latest_only.py
[2024-03-27T00:01:26.255+0000] {logging_mixin.py:188} INFO - [2024-03-27T00:01:26.255+0000] {dag.py:3047} INFO - Sync 1 DAGs
[2024-03-27T00:01:26.267+0000] {logging_mixin.py:188} INFO - [2024-03-27T00:01:26.267+0000] {dag.py:3834} INFO - Setting next_dagrun for latest_only to 2024-03-26 20:00:00+00:00, run_after=2024-03-27 00:00:00+00:00
[2024-03-27T00:01:26.276+0000] {processor.py:183} INFO - Processing /home/airflow/.local/lib/python3.8/site-packages/airflow/example_dags/example_latest_only.py took 0.036 seconds
[2024-03-27T00:01:57.268+0000] {processor.py:161} INFO - Started process (PID=5417) to work on /home/airflow/.local/lib/python3.8/site-packages/airflow/example_dags/example_latest_only.py
[2024-03-27T00:01:57.269+0000] {processor.py:830} INFO - Processing file /home/airflow/.local/lib/python3.8/site-packages/airflow/example_dags/example_latest_only.py for tasks to queue
[2024-03-27T00:01:57.270+0000] {logging_mixin.py:188} INFO - [2024-03-27T00:01:57.270+0000] {dagbag.py:540} INFO - Filling up the DagBag from /home/airflow/.local/lib/python3.8/site-packages/airflow/example_dags/example_latest_only.py
[2024-03-27T00:01:57.272+0000] {processor.py:840} INFO - DAG(s) 'latest_only' retrieved from /home/airflow/.local/lib/python3.8/site-packages/airflow/example_dags/example_latest_only.py
[2024-03-27T00:01:57.282+0000] {logging_mixin.py:188} INFO - [2024-03-27T00:01:57.282+0000] {dag.py:3047} INFO - Sync 1 DAGs
[2024-03-27T00:01:57.292+0000] {logging_mixin.py:188} INFO - [2024-03-27T00:01:57.292+0000] {dag.py:3834} INFO - Setting next_dagrun for latest_only to 2024-03-26 20:00:00+00:00, run_after=2024-03-27 00:00:00+00:00
[2024-03-27T00:01:57.300+0000] {processor.py:183} INFO - Processing /home/airflow/.local/lib/python3.8/site-packages/airflow/example_dags/example_latest_only.py took 0.033 seconds
[2024-03-27T00:02:28.207+0000] {processor.py:161} INFO - Started process (PID=5472) to work on /home/airflow/.local/lib/python3.8/site-packages/airflow/example_dags/example_latest_only.py
[2024-03-27T00:02:28.208+0000] {processor.py:830} INFO - Processing file /home/airflow/.local/lib/python3.8/site-packages/airflow/example_dags/example_latest_only.py for tasks to queue
[2024-03-27T00:02:28.209+0000] {logging_mixin.py:188} INFO - [2024-03-27T00:02:28.208+0000] {dagbag.py:540} INFO - Filling up the DagBag from /home/airflow/.local/lib/python3.8/site-packages/airflow/example_dags/example_latest_only.py
[2024-03-27T00:02:28.211+0000] {processor.py:840} INFO - DAG(s) 'latest_only' retrieved from /home/airflow/.local/lib/python3.8/site-packages/airflow/example_dags/example_latest_only.py
[2024-03-27T00:02:28.222+0000] {logging_mixin.py:188} INFO - [2024-03-27T00:02:28.222+0000] {dag.py:3047} INFO - Sync 1 DAGs
[2024-03-27T00:02:28.233+0000] {logging_mixin.py:188} INFO - [2024-03-27T00:02:28.233+0000] {dag.py:3834} INFO - Setting next_dagrun for latest_only to 2024-03-26 20:00:00+00:00, run_after=2024-03-27 00:00:00+00:00
[2024-03-27T00:02:28.242+0000] {processor.py:183} INFO - Processing /home/airflow/.local/lib/python3.8/site-packages/airflow/example_dags/example_latest_only.py took 0.037 seconds
[2024-03-27T00:02:59.589+0000] {processor.py:161} INFO - Started process (PID=5527) to work on /home/airflow/.local/lib/python3.8/site-packages/airflow/example_dags/example_latest_only.py
[2024-03-27T00:02:59.590+0000] {processor.py:830} INFO - Processing file /home/airflow/.local/lib/python3.8/site-packages/airflow/example_dags/example_latest_only.py for tasks to queue
[2024-03-27T00:02:59.591+0000] {logging_mixin.py:188} INFO - [2024-03-27T00:02:59.591+0000] {dagbag.py:540} INFO - Filling up the DagBag from /home/airflow/.local/lib/python3.8/site-packages/airflow/example_dags/example_latest_only.py
[2024-03-27T00:02:59.594+0000] {processor.py:840} INFO - DAG(s) 'latest_only' retrieved from /home/airflow/.local/lib/python3.8/site-packages/airflow/example_dags/example_latest_only.py
[2024-03-27T00:02:59.605+0000] {logging_mixin.py:188} INFO - [2024-03-27T00:02:59.605+0000] {dag.py:3047} INFO - Sync 1 DAGs
[2024-03-27T00:02:59.616+0000] {logging_mixin.py:188} INFO - [2024-03-27T00:02:59.616+0000] {dag.py:3834} INFO - Setting next_dagrun for latest_only to 2024-03-26 20:00:00+00:00, run_after=2024-03-27 00:00:00+00:00
[2024-03-27T00:02:59.626+0000] {processor.py:183} INFO - Processing /home/airflow/.local/lib/python3.8/site-packages/airflow/example_dags/example_latest_only.py took 0.039 seconds
[2024-03-27T00:03:30.780+0000] {processor.py:161} INFO - Started process (PID=5581) to work on /home/airflow/.local/lib/python3.8/site-packages/airflow/example_dags/example_latest_only.py
[2024-03-27T00:03:30.781+0000] {processor.py:830} INFO - Processing file /home/airflow/.local/lib/python3.8/site-packages/airflow/example_dags/example_latest_only.py for tasks to queue
[2024-03-27T00:03:30.784+0000] {logging_mixin.py:188} INFO - [2024-03-27T00:03:30.783+0000] {dagbag.py:540} INFO - Filling up the DagBag from /home/airflow/.local/lib/python3.8/site-packages/airflow/example_dags/example_latest_only.py
[2024-03-27T00:03:30.792+0000] {processor.py:840} INFO - DAG(s) 'latest_only' retrieved from /home/airflow/.local/lib/python3.8/site-packages/airflow/example_dags/example_latest_only.py
[2024-03-27T00:03:30.806+0000] {logging_mixin.py:188} INFO - [2024-03-27T00:03:30.806+0000] {dag.py:3047} INFO - Sync 1 DAGs
[2024-03-27T00:03:30.822+0000] {logging_mixin.py:188} INFO - [2024-03-27T00:03:30.822+0000] {dag.py:3834} INFO - Setting next_dagrun for latest_only to 2024-03-26 20:00:00+00:00, run_after=2024-03-27 00:00:00+00:00
[2024-03-27T00:03:30.834+0000] {processor.py:183} INFO - Processing /home/airflow/.local/lib/python3.8/site-packages/airflow/example_dags/example_latest_only.py took 0.057 seconds
[2024-03-27T00:04:03.586+0000] {processor.py:161} INFO - Started process (PID=5636) to work on /home/airflow/.local/lib/python3.8/site-packages/airflow/example_dags/example_latest_only.py
[2024-03-27T00:04:03.587+0000] {processor.py:830} INFO - Processing file /home/airflow/.local/lib/python3.8/site-packages/airflow/example_dags/example_latest_only.py for tasks to queue
[2024-03-27T00:04:03.588+0000] {logging_mixin.py:188} INFO - [2024-03-27T00:04:03.588+0000] {dagbag.py:540} INFO - Filling up the DagBag from /home/airflow/.local/lib/python3.8/site-packages/airflow/example_dags/example_latest_only.py
[2024-03-27T00:04:03.591+0000] {processor.py:840} INFO - DAG(s) 'latest_only' retrieved from /home/airflow/.local/lib/python3.8/site-packages/airflow/example_dags/example_latest_only.py
[2024-03-27T00:04:03.605+0000] {logging_mixin.py:188} INFO - [2024-03-27T00:04:03.604+0000] {dag.py:3047} INFO - Sync 1 DAGs
[2024-03-27T00:04:03.617+0000] {logging_mixin.py:188} INFO - [2024-03-27T00:04:03.617+0000] {dag.py:3834} INFO - Setting next_dagrun for latest_only to 2024-03-26 20:00:00+00:00, run_after=2024-03-27 00:00:00+00:00
[2024-03-27T00:04:03.628+0000] {processor.py:183} INFO - Processing /home/airflow/.local/lib/python3.8/site-packages/airflow/example_dags/example_latest_only.py took 0.044 seconds
[2024-03-27T00:04:34.323+0000] {processor.py:161} INFO - Started process (PID=5691) to work on /home/airflow/.local/lib/python3.8/site-packages/airflow/example_dags/example_latest_only.py
[2024-03-27T00:04:34.324+0000] {processor.py:830} INFO - Processing file /home/airflow/.local/lib/python3.8/site-packages/airflow/example_dags/example_latest_only.py for tasks to queue
[2024-03-27T00:04:34.325+0000] {logging_mixin.py:188} INFO - [2024-03-27T00:04:34.325+0000] {dagbag.py:540} INFO - Filling up the DagBag from /home/airflow/.local/lib/python3.8/site-packages/airflow/example_dags/example_latest_only.py
[2024-03-27T00:04:34.329+0000] {processor.py:840} INFO - DAG(s) 'latest_only' retrieved from /home/airflow/.local/lib/python3.8/site-packages/airflow/example_dags/example_latest_only.py
[2024-03-27T00:04:34.346+0000] {logging_mixin.py:188} INFO - [2024-03-27T00:04:34.346+0000] {dag.py:3047} INFO - Sync 1 DAGs
[2024-03-27T00:04:34.357+0000] {logging_mixin.py:188} INFO - [2024-03-27T00:04:34.357+0000] {dag.py:3834} INFO - Setting next_dagrun for latest_only to 2024-03-26 20:00:00+00:00, run_after=2024-03-27 00:00:00+00:00
[2024-03-27T00:04:34.366+0000] {processor.py:183} INFO - Processing /home/airflow/.local/lib/python3.8/site-packages/airflow/example_dags/example_latest_only.py took 0.044 seconds
[2024-03-27T00:05:05.057+0000] {processor.py:161} INFO - Started process (PID=5746) to work on /home/airflow/.local/lib/python3.8/site-packages/airflow/example_dags/example_latest_only.py
[2024-03-27T00:05:05.058+0000] {processor.py:830} INFO - Processing file /home/airflow/.local/lib/python3.8/site-packages/airflow/example_dags/example_latest_only.py for tasks to queue
[2024-03-27T00:05:05.059+0000] {logging_mixin.py:188} INFO - [2024-03-27T00:05:05.059+0000] {dagbag.py:540} INFO - Filling up the DagBag from /home/airflow/.local/lib/python3.8/site-packages/airflow/example_dags/example_latest_only.py
[2024-03-27T00:05:05.061+0000] {processor.py:840} INFO - DAG(s) 'latest_only' retrieved from /home/airflow/.local/lib/python3.8/site-packages/airflow/example_dags/example_latest_only.py
[2024-03-27T00:05:05.072+0000] {logging_mixin.py:188} INFO - [2024-03-27T00:05:05.072+0000] {dag.py:3047} INFO - Sync 1 DAGs
[2024-03-27T00:05:05.082+0000] {logging_mixin.py:188} INFO - [2024-03-27T00:05:05.081+0000] {dag.py:3834} INFO - Setting next_dagrun for latest_only to 2024-03-26 20:00:00+00:00, run_after=2024-03-27 00:00:00+00:00
[2024-03-27T00:05:05.090+0000] {processor.py:183} INFO - Processing /home/airflow/.local/lib/python3.8/site-packages/airflow/example_dags/example_latest_only.py took 0.034 seconds
[2024-03-27T00:05:35.731+0000] {processor.py:161} INFO - Started process (PID=5801) to work on /home/airflow/.local/lib/python3.8/site-packages/airflow/example_dags/example_latest_only.py
[2024-03-27T00:05:35.732+0000] {processor.py:830} INFO - Processing file /home/airflow/.local/lib/python3.8/site-packages/airflow/example_dags/example_latest_only.py for tasks to queue
[2024-03-27T00:05:35.733+0000] {logging_mixin.py:188} INFO - [2024-03-27T00:05:35.733+0000] {dagbag.py:540} INFO - Filling up the DagBag from /home/airflow/.local/lib/python3.8/site-packages/airflow/example_dags/example_latest_only.py
[2024-03-27T00:05:35.736+0000] {processor.py:840} INFO - DAG(s) 'latest_only' retrieved from /home/airflow/.local/lib/python3.8/site-packages/airflow/example_dags/example_latest_only.py
[2024-03-27T00:05:35.746+0000] {logging_mixin.py:188} INFO - [2024-03-27T00:05:35.746+0000] {dag.py:3047} INFO - Sync 1 DAGs
[2024-03-27T00:05:35.756+0000] {logging_mixin.py:188} INFO - [2024-03-27T00:05:35.756+0000] {dag.py:3834} INFO - Setting next_dagrun for latest_only to 2024-03-26 20:00:00+00:00, run_after=2024-03-27 00:00:00+00:00
[2024-03-27T00:05:35.765+0000] {processor.py:183} INFO - Processing /home/airflow/.local/lib/python3.8/site-packages/airflow/example_dags/example_latest_only.py took 0.035 seconds
[2024-03-27T00:06:06.450+0000] {processor.py:161} INFO - Started process (PID=5856) to work on /home/airflow/.local/lib/python3.8/site-packages/airflow/example_dags/example_latest_only.py
[2024-03-27T00:06:06.450+0000] {processor.py:830} INFO - Processing file /home/airflow/.local/lib/python3.8/site-packages/airflow/example_dags/example_latest_only.py for tasks to queue
[2024-03-27T00:06:06.451+0000] {logging_mixin.py:188} INFO - [2024-03-27T00:06:06.451+0000] {dagbag.py:540} INFO - Filling up the DagBag from /home/airflow/.local/lib/python3.8/site-packages/airflow/example_dags/example_latest_only.py
[2024-03-27T00:06:06.454+0000] {processor.py:840} INFO - DAG(s) 'latest_only' retrieved from /home/airflow/.local/lib/python3.8/site-packages/airflow/example_dags/example_latest_only.py
[2024-03-27T00:06:06.464+0000] {logging_mixin.py:188} INFO - [2024-03-27T00:06:06.464+0000] {dag.py:3047} INFO - Sync 1 DAGs
[2024-03-27T00:06:06.475+0000] {logging_mixin.py:188} INFO - [2024-03-27T00:06:06.475+0000] {dag.py:3834} INFO - Setting next_dagrun for latest_only to 2024-03-26 20:00:00+00:00, run_after=2024-03-27 00:00:00+00:00
[2024-03-27T00:06:06.485+0000] {processor.py:183} INFO - Processing /home/airflow/.local/lib/python3.8/site-packages/airflow/example_dags/example_latest_only.py took 0.037 seconds
[2024-03-27T00:09:25.798+0000] {processor.py:161} INFO - Started process (PID=5911) to work on /home/airflow/.local/lib/python3.8/site-packages/airflow/example_dags/example_latest_only.py
[2024-03-27T00:09:25.799+0000] {processor.py:830} INFO - Processing file /home/airflow/.local/lib/python3.8/site-packages/airflow/example_dags/example_latest_only.py for tasks to queue
[2024-03-27T00:09:25.800+0000] {logging_mixin.py:188} INFO - [2024-03-27T00:09:25.800+0000] {dagbag.py:540} INFO - Filling up the DagBag from /home/airflow/.local/lib/python3.8/site-packages/airflow/example_dags/example_latest_only.py
[2024-03-27T00:09:25.804+0000] {processor.py:840} INFO - DAG(s) 'latest_only' retrieved from /home/airflow/.local/lib/python3.8/site-packages/airflow/example_dags/example_latest_only.py
[2024-03-27T00:09:25.814+0000] {logging_mixin.py:188} INFO - [2024-03-27T00:09:25.814+0000] {dag.py:3047} INFO - Sync 1 DAGs
[2024-03-27T00:09:25.827+0000] {logging_mixin.py:188} INFO - [2024-03-27T00:09:25.827+0000] {dag.py:3834} INFO - Setting next_dagrun for latest_only to 2024-03-26 20:00:00+00:00, run_after=2024-03-27 00:00:00+00:00
[2024-03-27T00:09:25.837+0000] {processor.py:183} INFO - Processing /home/airflow/.local/lib/python3.8/site-packages/airflow/example_dags/example_latest_only.py took 0.043 seconds
[2024-03-27T00:09:56.685+0000] {processor.py:161} INFO - Started process (PID=5965) to work on /home/airflow/.local/lib/python3.8/site-packages/airflow/example_dags/example_latest_only.py
[2024-03-27T00:09:56.686+0000] {processor.py:830} INFO - Processing file /home/airflow/.local/lib/python3.8/site-packages/airflow/example_dags/example_latest_only.py for tasks to queue
[2024-03-27T00:09:56.687+0000] {logging_mixin.py:188} INFO - [2024-03-27T00:09:56.686+0000] {dagbag.py:540} INFO - Filling up the DagBag from /home/airflow/.local/lib/python3.8/site-packages/airflow/example_dags/example_latest_only.py
[2024-03-27T00:09:56.689+0000] {processor.py:840} INFO - DAG(s) 'latest_only' retrieved from /home/airflow/.local/lib/python3.8/site-packages/airflow/example_dags/example_latest_only.py
[2024-03-27T00:09:56.700+0000] {logging_mixin.py:188} INFO - [2024-03-27T00:09:56.700+0000] {dag.py:3047} INFO - Sync 1 DAGs
[2024-03-27T00:09:56.712+0000] {logging_mixin.py:188} INFO - [2024-03-27T00:09:56.712+0000] {dag.py:3834} INFO - Setting next_dagrun for latest_only to 2024-03-26 20:00:00+00:00, run_after=2024-03-27 00:00:00+00:00
[2024-03-27T00:09:56.722+0000] {processor.py:183} INFO - Processing /home/airflow/.local/lib/python3.8/site-packages/airflow/example_dags/example_latest_only.py took 0.038 seconds
[2024-03-27T00:10:27.717+0000] {processor.py:161} INFO - Started process (PID=6020) to work on /home/airflow/.local/lib/python3.8/site-packages/airflow/example_dags/example_latest_only.py
[2024-03-27T00:10:27.718+0000] {processor.py:830} INFO - Processing file /home/airflow/.local/lib/python3.8/site-packages/airflow/example_dags/example_latest_only.py for tasks to queue
[2024-03-27T00:10:27.719+0000] {logging_mixin.py:188} INFO - [2024-03-27T00:10:27.719+0000] {dagbag.py:540} INFO - Filling up the DagBag from /home/airflow/.local/lib/python3.8/site-packages/airflow/example_dags/example_latest_only.py
[2024-03-27T00:10:27.722+0000] {processor.py:840} INFO - DAG(s) 'latest_only' retrieved from /home/airflow/.local/lib/python3.8/site-packages/airflow/example_dags/example_latest_only.py
[2024-03-27T00:10:27.732+0000] {logging_mixin.py:188} INFO - [2024-03-27T00:10:27.731+0000] {dag.py:3047} INFO - Sync 1 DAGs
[2024-03-27T00:10:27.744+0000] {logging_mixin.py:188} INFO - [2024-03-27T00:10:27.744+0000] {dag.py:3834} INFO - Setting next_dagrun for latest_only to 2024-03-26 20:00:00+00:00, run_after=2024-03-27 00:00:00+00:00
[2024-03-27T00:10:27.754+0000] {processor.py:183} INFO - Processing /home/airflow/.local/lib/python3.8/site-packages/airflow/example_dags/example_latest_only.py took 0.038 seconds
[2024-03-27T00:10:58.751+0000] {processor.py:161} INFO - Started process (PID=6075) to work on /home/airflow/.local/lib/python3.8/site-packages/airflow/example_dags/example_latest_only.py
[2024-03-27T00:10:58.752+0000] {processor.py:830} INFO - Processing file /home/airflow/.local/lib/python3.8/site-packages/airflow/example_dags/example_latest_only.py for tasks to queue
[2024-03-27T00:10:58.753+0000] {logging_mixin.py:188} INFO - [2024-03-27T00:10:58.753+0000] {dagbag.py:540} INFO - Filling up the DagBag from /home/airflow/.local/lib/python3.8/site-packages/airflow/example_dags/example_latest_only.py
[2024-03-27T00:10:58.756+0000] {processor.py:840} INFO - DAG(s) 'latest_only' retrieved from /home/airflow/.local/lib/python3.8/site-packages/airflow/example_dags/example_latest_only.py
[2024-03-27T00:10:58.769+0000] {logging_mixin.py:188} INFO - [2024-03-27T00:10:58.769+0000] {dag.py:3047} INFO - Sync 1 DAGs
[2024-03-27T00:10:58.787+0000] {logging_mixin.py:188} INFO - [2024-03-27T00:10:58.787+0000] {dag.py:3834} INFO - Setting next_dagrun for latest_only to 2024-03-26 20:00:00+00:00, run_after=2024-03-27 00:00:00+00:00
[2024-03-27T00:10:58.798+0000] {processor.py:183} INFO - Processing /home/airflow/.local/lib/python3.8/site-packages/airflow/example_dags/example_latest_only.py took 0.051 seconds
[2024-03-27T00:11:29.723+0000] {processor.py:161} INFO - Started process (PID=6129) to work on /home/airflow/.local/lib/python3.8/site-packages/airflow/example_dags/example_latest_only.py
[2024-03-27T00:11:29.724+0000] {processor.py:830} INFO - Processing file /home/airflow/.local/lib/python3.8/site-packages/airflow/example_dags/example_latest_only.py for tasks to queue
[2024-03-27T00:11:29.725+0000] {logging_mixin.py:188} INFO - [2024-03-27T00:11:29.725+0000] {dagbag.py:540} INFO - Filling up the DagBag from /home/airflow/.local/lib/python3.8/site-packages/airflow/example_dags/example_latest_only.py
[2024-03-27T00:11:29.728+0000] {processor.py:840} INFO - DAG(s) 'latest_only' retrieved from /home/airflow/.local/lib/python3.8/site-packages/airflow/example_dags/example_latest_only.py
[2024-03-27T00:11:29.740+0000] {logging_mixin.py:188} INFO - [2024-03-27T00:11:29.740+0000] {dag.py:3047} INFO - Sync 1 DAGs
[2024-03-27T00:11:29.753+0000] {logging_mixin.py:188} INFO - [2024-03-27T00:11:29.753+0000] {dag.py:3834} INFO - Setting next_dagrun for latest_only to 2024-03-26 20:00:00+00:00, run_after=2024-03-27 00:00:00+00:00
[2024-03-27T00:11:29.766+0000] {processor.py:183} INFO - Processing /home/airflow/.local/lib/python3.8/site-packages/airflow/example_dags/example_latest_only.py took 0.047 seconds
[2024-03-27T00:12:00.678+0000] {processor.py:161} INFO - Started process (PID=6184) to work on /home/airflow/.local/lib/python3.8/site-packages/airflow/example_dags/example_latest_only.py
[2024-03-27T00:12:00.679+0000] {processor.py:830} INFO - Processing file /home/airflow/.local/lib/python3.8/site-packages/airflow/example_dags/example_latest_only.py for tasks to queue
[2024-03-27T00:12:00.680+0000] {logging_mixin.py:188} INFO - [2024-03-27T00:12:00.680+0000] {dagbag.py:540} INFO - Filling up the DagBag from /home/airflow/.local/lib/python3.8/site-packages/airflow/example_dags/example_latest_only.py
[2024-03-27T00:12:00.683+0000] {processor.py:840} INFO - DAG(s) 'latest_only' retrieved from /home/airflow/.local/lib/python3.8/site-packages/airflow/example_dags/example_latest_only.py
[2024-03-27T00:12:00.693+0000] {logging_mixin.py:188} INFO - [2024-03-27T00:12:00.693+0000] {dag.py:3047} INFO - Sync 1 DAGs
[2024-03-27T00:12:00.703+0000] {logging_mixin.py:188} INFO - [2024-03-27T00:12:00.703+0000] {dag.py:3834} INFO - Setting next_dagrun for latest_only to 2024-03-26 20:00:00+00:00, run_after=2024-03-27 00:00:00+00:00
[2024-03-27T00:12:00.711+0000] {processor.py:183} INFO - Processing /home/airflow/.local/lib/python3.8/site-packages/airflow/example_dags/example_latest_only.py took 0.036 seconds
[2024-03-27T00:12:31.463+0000] {processor.py:161} INFO - Started process (PID=6238) to work on /home/airflow/.local/lib/python3.8/site-packages/airflow/example_dags/example_latest_only.py
[2024-03-27T00:12:31.463+0000] {processor.py:830} INFO - Processing file /home/airflow/.local/lib/python3.8/site-packages/airflow/example_dags/example_latest_only.py for tasks to queue
[2024-03-27T00:12:31.464+0000] {logging_mixin.py:188} INFO - [2024-03-27T00:12:31.464+0000] {dagbag.py:540} INFO - Filling up the DagBag from /home/airflow/.local/lib/python3.8/site-packages/airflow/example_dags/example_latest_only.py
[2024-03-27T00:12:31.467+0000] {processor.py:840} INFO - DAG(s) 'latest_only' retrieved from /home/airflow/.local/lib/python3.8/site-packages/airflow/example_dags/example_latest_only.py
[2024-03-27T00:12:31.477+0000] {logging_mixin.py:188} INFO - [2024-03-27T00:12:31.477+0000] {dag.py:3047} INFO - Sync 1 DAGs
[2024-03-27T00:12:31.489+0000] {logging_mixin.py:188} INFO - [2024-03-27T00:12:31.489+0000] {dag.py:3834} INFO - Setting next_dagrun for latest_only to 2024-03-26 20:00:00+00:00, run_after=2024-03-27 00:00:00+00:00
[2024-03-27T00:12:31.497+0000] {processor.py:183} INFO - Processing /home/airflow/.local/lib/python3.8/site-packages/airflow/example_dags/example_latest_only.py took 0.036 seconds
[2024-03-27T00:13:02.208+0000] {processor.py:161} INFO - Started process (PID=6293) to work on /home/airflow/.local/lib/python3.8/site-packages/airflow/example_dags/example_latest_only.py
[2024-03-27T00:13:02.209+0000] {processor.py:830} INFO - Processing file /home/airflow/.local/lib/python3.8/site-packages/airflow/example_dags/example_latest_only.py for tasks to queue
[2024-03-27T00:13:02.210+0000] {logging_mixin.py:188} INFO - [2024-03-27T00:13:02.210+0000] {dagbag.py:540} INFO - Filling up the DagBag from /home/airflow/.local/lib/python3.8/site-packages/airflow/example_dags/example_latest_only.py
[2024-03-27T00:13:02.212+0000] {processor.py:840} INFO - DAG(s) 'latest_only' retrieved from /home/airflow/.local/lib/python3.8/site-packages/airflow/example_dags/example_latest_only.py
[2024-03-27T00:13:02.222+0000] {logging_mixin.py:188} INFO - [2024-03-27T00:13:02.222+0000] {dag.py:3047} INFO - Sync 1 DAGs
[2024-03-27T00:13:02.237+0000] {logging_mixin.py:188} INFO - [2024-03-27T00:13:02.237+0000] {dag.py:3834} INFO - Setting next_dagrun for latest_only to 2024-03-26 20:00:00+00:00, run_after=2024-03-27 00:00:00+00:00
[2024-03-27T00:13:02.247+0000] {processor.py:183} INFO - Processing /home/airflow/.local/lib/python3.8/site-packages/airflow/example_dags/example_latest_only.py took 0.041 seconds
[2024-03-27T00:13:33.317+0000] {processor.py:161} INFO - Started process (PID=6348) to work on /home/airflow/.local/lib/python3.8/site-packages/airflow/example_dags/example_latest_only.py
[2024-03-27T00:13:33.317+0000] {processor.py:830} INFO - Processing file /home/airflow/.local/lib/python3.8/site-packages/airflow/example_dags/example_latest_only.py for tasks to queue
[2024-03-27T00:13:33.318+0000] {logging_mixin.py:188} INFO - [2024-03-27T00:13:33.318+0000] {dagbag.py:540} INFO - Filling up the DagBag from /home/airflow/.local/lib/python3.8/site-packages/airflow/example_dags/example_latest_only.py
[2024-03-27T00:13:33.322+0000] {processor.py:840} INFO - DAG(s) 'latest_only' retrieved from /home/airflow/.local/lib/python3.8/site-packages/airflow/example_dags/example_latest_only.py
[2024-03-27T00:13:33.332+0000] {logging_mixin.py:188} INFO - [2024-03-27T00:13:33.332+0000] {dag.py:3047} INFO - Sync 1 DAGs
[2024-03-27T00:13:33.343+0000] {logging_mixin.py:188} INFO - [2024-03-27T00:13:33.343+0000] {dag.py:3834} INFO - Setting next_dagrun for latest_only to 2024-03-26 20:00:00+00:00, run_after=2024-03-27 00:00:00+00:00
[2024-03-27T00:13:33.352+0000] {processor.py:183} INFO - Processing /home/airflow/.local/lib/python3.8/site-packages/airflow/example_dags/example_latest_only.py took 0.038 seconds
[2024-03-27T00:14:03.696+0000] {processor.py:161} INFO - Started process (PID=6403) to work on /home/airflow/.local/lib/python3.8/site-packages/airflow/example_dags/example_latest_only.py
[2024-03-27T00:14:03.697+0000] {processor.py:830} INFO - Processing file /home/airflow/.local/lib/python3.8/site-packages/airflow/example_dags/example_latest_only.py for tasks to queue
[2024-03-27T00:14:03.700+0000] {logging_mixin.py:188} INFO - [2024-03-27T00:14:03.699+0000] {dagbag.py:540} INFO - Filling up the DagBag from /home/airflow/.local/lib/python3.8/site-packages/airflow/example_dags/example_latest_only.py
[2024-03-27T00:14:03.704+0000] {processor.py:840} INFO - DAG(s) 'latest_only' retrieved from /home/airflow/.local/lib/python3.8/site-packages/airflow/example_dags/example_latest_only.py
[2024-03-27T00:14:03.715+0000] {logging_mixin.py:188} INFO - [2024-03-27T00:14:03.715+0000] {dag.py:3047} INFO - Sync 1 DAGs
[2024-03-27T00:14:03.726+0000] {logging_mixin.py:188} INFO - [2024-03-27T00:14:03.726+0000] {dag.py:3834} INFO - Setting next_dagrun for latest_only to 2024-03-26 20:00:00+00:00, run_after=2024-03-27 00:00:00+00:00
[2024-03-27T00:14:03.736+0000] {processor.py:183} INFO - Processing /home/airflow/.local/lib/python3.8/site-packages/airflow/example_dags/example_latest_only.py took 0.043 seconds
[2024-03-27T00:14:33.802+0000] {processor.py:161} INFO - Started process (PID=6458) to work on /home/airflow/.local/lib/python3.8/site-packages/airflow/example_dags/example_latest_only.py
[2024-03-27T00:14:33.803+0000] {processor.py:830} INFO - Processing file /home/airflow/.local/lib/python3.8/site-packages/airflow/example_dags/example_latest_only.py for tasks to queue
[2024-03-27T00:14:33.804+0000] {logging_mixin.py:188} INFO - [2024-03-27T00:14:33.804+0000] {dagbag.py:540} INFO - Filling up the DagBag from /home/airflow/.local/lib/python3.8/site-packages/airflow/example_dags/example_latest_only.py
[2024-03-27T00:14:33.807+0000] {processor.py:840} INFO - DAG(s) 'latest_only' retrieved from /home/airflow/.local/lib/python3.8/site-packages/airflow/example_dags/example_latest_only.py
[2024-03-27T00:14:33.818+0000] {logging_mixin.py:188} INFO - [2024-03-27T00:14:33.818+0000] {dag.py:3047} INFO - Sync 1 DAGs
[2024-03-27T00:14:33.829+0000] {logging_mixin.py:188} INFO - [2024-03-27T00:14:33.829+0000] {dag.py:3834} INFO - Setting next_dagrun for latest_only to 2024-03-26 20:00:00+00:00, run_after=2024-03-27 00:00:00+00:00
[2024-03-27T00:14:33.838+0000] {processor.py:183} INFO - Processing /home/airflow/.local/lib/python3.8/site-packages/airflow/example_dags/example_latest_only.py took 0.038 seconds
[2024-03-27T00:15:04.484+0000] {processor.py:161} INFO - Started process (PID=6513) to work on /home/airflow/.local/lib/python3.8/site-packages/airflow/example_dags/example_latest_only.py
[2024-03-27T00:15:04.485+0000] {processor.py:830} INFO - Processing file /home/airflow/.local/lib/python3.8/site-packages/airflow/example_dags/example_latest_only.py for tasks to queue
[2024-03-27T00:15:04.486+0000] {logging_mixin.py:188} INFO - [2024-03-27T00:15:04.486+0000] {dagbag.py:540} INFO - Filling up the DagBag from /home/airflow/.local/lib/python3.8/site-packages/airflow/example_dags/example_latest_only.py
[2024-03-27T00:15:04.489+0000] {processor.py:840} INFO - DAG(s) 'latest_only' retrieved from /home/airflow/.local/lib/python3.8/site-packages/airflow/example_dags/example_latest_only.py
[2024-03-27T00:15:04.502+0000] {logging_mixin.py:188} INFO - [2024-03-27T00:15:04.501+0000] {dag.py:3047} INFO - Sync 1 DAGs
[2024-03-27T00:15:04.515+0000] {logging_mixin.py:188} INFO - [2024-03-27T00:15:04.515+0000] {dag.py:3834} INFO - Setting next_dagrun for latest_only to 2024-03-26 20:00:00+00:00, run_after=2024-03-27 00:00:00+00:00
[2024-03-27T00:15:04.527+0000] {processor.py:183} INFO - Processing /home/airflow/.local/lib/python3.8/site-packages/airflow/example_dags/example_latest_only.py took 0.045 seconds
[2024-03-27T00:15:35.466+0000] {processor.py:161} INFO - Started process (PID=6568) to work on /home/airflow/.local/lib/python3.8/site-packages/airflow/example_dags/example_latest_only.py
[2024-03-27T00:15:35.467+0000] {processor.py:830} INFO - Processing file /home/airflow/.local/lib/python3.8/site-packages/airflow/example_dags/example_latest_only.py for tasks to queue
[2024-03-27T00:15:35.469+0000] {logging_mixin.py:188} INFO - [2024-03-27T00:15:35.468+0000] {dagbag.py:540} INFO - Filling up the DagBag from /home/airflow/.local/lib/python3.8/site-packages/airflow/example_dags/example_latest_only.py
[2024-03-27T00:15:35.473+0000] {processor.py:840} INFO - DAG(s) 'latest_only' retrieved from /home/airflow/.local/lib/python3.8/site-packages/airflow/example_dags/example_latest_only.py
[2024-03-27T00:15:35.485+0000] {logging_mixin.py:188} INFO - [2024-03-27T00:15:35.485+0000] {dag.py:3047} INFO - Sync 1 DAGs
[2024-03-27T00:15:35.501+0000] {logging_mixin.py:188} INFO - [2024-03-27T00:15:35.501+0000] {dag.py:3834} INFO - Setting next_dagrun for latest_only to 2024-03-26 20:00:00+00:00, run_after=2024-03-27 00:00:00+00:00
[2024-03-27T00:15:35.514+0000] {processor.py:183} INFO - Processing /home/airflow/.local/lib/python3.8/site-packages/airflow/example_dags/example_latest_only.py took 0.051 seconds
[2024-03-27T00:16:05.621+0000] {processor.py:161} INFO - Started process (PID=6623) to work on /home/airflow/.local/lib/python3.8/site-packages/airflow/example_dags/example_latest_only.py
[2024-03-27T00:16:05.622+0000] {processor.py:830} INFO - Processing file /home/airflow/.local/lib/python3.8/site-packages/airflow/example_dags/example_latest_only.py for tasks to queue
[2024-03-27T00:16:05.623+0000] {logging_mixin.py:188} INFO - [2024-03-27T00:16:05.623+0000] {dagbag.py:540} INFO - Filling up the DagBag from /home/airflow/.local/lib/python3.8/site-packages/airflow/example_dags/example_latest_only.py
[2024-03-27T00:16:05.625+0000] {processor.py:840} INFO - DAG(s) 'latest_only' retrieved from /home/airflow/.local/lib/python3.8/site-packages/airflow/example_dags/example_latest_only.py
[2024-03-27T00:16:05.635+0000] {logging_mixin.py:188} INFO - [2024-03-27T00:16:05.635+0000] {dag.py:3047} INFO - Sync 1 DAGs
[2024-03-27T00:16:05.644+0000] {logging_mixin.py:188} INFO - [2024-03-27T00:16:05.644+0000] {dag.py:3834} INFO - Setting next_dagrun for latest_only to 2024-03-26 20:00:00+00:00, run_after=2024-03-27 00:00:00+00:00
[2024-03-27T00:16:05.652+0000] {processor.py:183} INFO - Processing /home/airflow/.local/lib/python3.8/site-packages/airflow/example_dags/example_latest_only.py took 0.032 seconds
[2024-03-27T00:16:36.285+0000] {processor.py:161} INFO - Started process (PID=6678) to work on /home/airflow/.local/lib/python3.8/site-packages/airflow/example_dags/example_latest_only.py
[2024-03-27T00:16:36.286+0000] {processor.py:830} INFO - Processing file /home/airflow/.local/lib/python3.8/site-packages/airflow/example_dags/example_latest_only.py for tasks to queue
[2024-03-27T00:16:36.287+0000] {logging_mixin.py:188} INFO - [2024-03-27T00:16:36.286+0000] {dagbag.py:540} INFO - Filling up the DagBag from /home/airflow/.local/lib/python3.8/site-packages/airflow/example_dags/example_latest_only.py
[2024-03-27T00:16:36.289+0000] {processor.py:840} INFO - DAG(s) 'latest_only' retrieved from /home/airflow/.local/lib/python3.8/site-packages/airflow/example_dags/example_latest_only.py
[2024-03-27T00:16:36.300+0000] {logging_mixin.py:188} INFO - [2024-03-27T00:16:36.300+0000] {dag.py:3047} INFO - Sync 1 DAGs
[2024-03-27T00:16:36.312+0000] {logging_mixin.py:188} INFO - [2024-03-27T00:16:36.311+0000] {dag.py:3834} INFO - Setting next_dagrun for latest_only to 2024-03-26 20:00:00+00:00, run_after=2024-03-27 00:00:00+00:00
[2024-03-27T00:16:36.320+0000] {processor.py:183} INFO - Processing /home/airflow/.local/lib/python3.8/site-packages/airflow/example_dags/example_latest_only.py took 0.037 seconds
[2024-03-27T00:17:07.061+0000] {processor.py:161} INFO - Started process (PID=6733) to work on /home/airflow/.local/lib/python3.8/site-packages/airflow/example_dags/example_latest_only.py
[2024-03-27T00:17:07.061+0000] {processor.py:830} INFO - Processing file /home/airflow/.local/lib/python3.8/site-packages/airflow/example_dags/example_latest_only.py for tasks to queue
[2024-03-27T00:17:07.062+0000] {logging_mixin.py:188} INFO - [2024-03-27T00:17:07.062+0000] {dagbag.py:540} INFO - Filling up the DagBag from /home/airflow/.local/lib/python3.8/site-packages/airflow/example_dags/example_latest_only.py
[2024-03-27T00:17:07.065+0000] {processor.py:840} INFO - DAG(s) 'latest_only' retrieved from /home/airflow/.local/lib/python3.8/site-packages/airflow/example_dags/example_latest_only.py
[2024-03-27T00:17:07.075+0000] {logging_mixin.py:188} INFO - [2024-03-27T00:17:07.075+0000] {dag.py:3047} INFO - Sync 1 DAGs
[2024-03-27T00:17:07.086+0000] {logging_mixin.py:188} INFO - [2024-03-27T00:17:07.086+0000] {dag.py:3834} INFO - Setting next_dagrun for latest_only to 2024-03-26 20:00:00+00:00, run_after=2024-03-27 00:00:00+00:00
[2024-03-27T00:17:07.096+0000] {processor.py:183} INFO - Processing /home/airflow/.local/lib/python3.8/site-packages/airflow/example_dags/example_latest_only.py took 0.037 seconds
[2024-03-27T00:17:38.093+0000] {processor.py:161} INFO - Started process (PID=6788) to work on /home/airflow/.local/lib/python3.8/site-packages/airflow/example_dags/example_latest_only.py
[2024-03-27T00:17:38.094+0000] {processor.py:830} INFO - Processing file /home/airflow/.local/lib/python3.8/site-packages/airflow/example_dags/example_latest_only.py for tasks to queue
[2024-03-27T00:17:38.095+0000] {logging_mixin.py:188} INFO - [2024-03-27T00:17:38.095+0000] {dagbag.py:540} INFO - Filling up the DagBag from /home/airflow/.local/lib/python3.8/site-packages/airflow/example_dags/example_latest_only.py
[2024-03-27T00:17:38.098+0000] {processor.py:840} INFO - DAG(s) 'latest_only' retrieved from /home/airflow/.local/lib/python3.8/site-packages/airflow/example_dags/example_latest_only.py
[2024-03-27T00:17:38.108+0000] {logging_mixin.py:188} INFO - [2024-03-27T00:17:38.107+0000] {dag.py:3047} INFO - Sync 1 DAGs
[2024-03-27T00:17:38.118+0000] {logging_mixin.py:188} INFO - [2024-03-27T00:17:38.118+0000] {dag.py:3834} INFO - Setting next_dagrun for latest_only to 2024-03-26 20:00:00+00:00, run_after=2024-03-27 00:00:00+00:00
[2024-03-27T00:17:38.127+0000] {processor.py:183} INFO - Processing /home/airflow/.local/lib/python3.8/site-packages/airflow/example_dags/example_latest_only.py took 0.036 seconds
[2024-03-27T00:18:09.355+0000] {processor.py:161} INFO - Started process (PID=6843) to work on /home/airflow/.local/lib/python3.8/site-packages/airflow/example_dags/example_latest_only.py
[2024-03-27T00:18:09.356+0000] {processor.py:830} INFO - Processing file /home/airflow/.local/lib/python3.8/site-packages/airflow/example_dags/example_latest_only.py for tasks to queue
[2024-03-27T00:18:09.357+0000] {logging_mixin.py:188} INFO - [2024-03-27T00:18:09.356+0000] {dagbag.py:540} INFO - Filling up the DagBag from /home/airflow/.local/lib/python3.8/site-packages/airflow/example_dags/example_latest_only.py
[2024-03-27T00:18:09.360+0000] {processor.py:840} INFO - DAG(s) 'latest_only' retrieved from /home/airflow/.local/lib/python3.8/site-packages/airflow/example_dags/example_latest_only.py
[2024-03-27T00:18:09.370+0000] {logging_mixin.py:188} INFO - [2024-03-27T00:18:09.370+0000] {dag.py:3047} INFO - Sync 1 DAGs
[2024-03-27T00:18:09.381+0000] {logging_mixin.py:188} INFO - [2024-03-27T00:18:09.381+0000] {dag.py:3834} INFO - Setting next_dagrun for latest_only to 2024-03-26 20:00:00+00:00, run_after=2024-03-27 00:00:00+00:00
[2024-03-27T00:18:09.389+0000] {processor.py:183} INFO - Processing /home/airflow/.local/lib/python3.8/site-packages/airflow/example_dags/example_latest_only.py took 0.036 seconds
[2024-03-27T00:18:40.532+0000] {processor.py:161} INFO - Started process (PID=6898) to work on /home/airflow/.local/lib/python3.8/site-packages/airflow/example_dags/example_latest_only.py
[2024-03-27T00:18:40.533+0000] {processor.py:830} INFO - Processing file /home/airflow/.local/lib/python3.8/site-packages/airflow/example_dags/example_latest_only.py for tasks to queue
[2024-03-27T00:18:40.535+0000] {logging_mixin.py:188} INFO - [2024-03-27T00:18:40.535+0000] {dagbag.py:540} INFO - Filling up the DagBag from /home/airflow/.local/lib/python3.8/site-packages/airflow/example_dags/example_latest_only.py
[2024-03-27T00:18:40.541+0000] {processor.py:840} INFO - DAG(s) 'latest_only' retrieved from /home/airflow/.local/lib/python3.8/site-packages/airflow/example_dags/example_latest_only.py
[2024-03-27T00:18:40.562+0000] {logging_mixin.py:188} INFO - [2024-03-27T00:18:40.562+0000] {dag.py:3047} INFO - Sync 1 DAGs
[2024-03-27T00:18:40.577+0000] {logging_mixin.py:188} INFO - [2024-03-27T00:18:40.577+0000] {dag.py:3834} INFO - Setting next_dagrun for latest_only to 2024-03-26 20:00:00+00:00, run_after=2024-03-27 00:00:00+00:00
[2024-03-27T00:18:40.591+0000] {processor.py:183} INFO - Processing /home/airflow/.local/lib/python3.8/site-packages/airflow/example_dags/example_latest_only.py took 0.062 seconds
[2024-03-27T00:19:10.720+0000] {processor.py:161} INFO - Started process (PID=6953) to work on /home/airflow/.local/lib/python3.8/site-packages/airflow/example_dags/example_latest_only.py
[2024-03-27T00:19:10.721+0000] {processor.py:830} INFO - Processing file /home/airflow/.local/lib/python3.8/site-packages/airflow/example_dags/example_latest_only.py for tasks to queue
[2024-03-27T00:19:10.722+0000] {logging_mixin.py:188} INFO - [2024-03-27T00:19:10.722+0000] {dagbag.py:540} INFO - Filling up the DagBag from /home/airflow/.local/lib/python3.8/site-packages/airflow/example_dags/example_latest_only.py
[2024-03-27T00:19:10.726+0000] {processor.py:840} INFO - DAG(s) 'latest_only' retrieved from /home/airflow/.local/lib/python3.8/site-packages/airflow/example_dags/example_latest_only.py
[2024-03-27T00:19:10.737+0000] {logging_mixin.py:188} INFO - [2024-03-27T00:19:10.737+0000] {dag.py:3047} INFO - Sync 1 DAGs
[2024-03-27T00:19:10.749+0000] {logging_mixin.py:188} INFO - [2024-03-27T00:19:10.749+0000] {dag.py:3834} INFO - Setting next_dagrun for latest_only to 2024-03-26 20:00:00+00:00, run_after=2024-03-27 00:00:00+00:00
[2024-03-27T00:19:10.760+0000] {processor.py:183} INFO - Processing /home/airflow/.local/lib/python3.8/site-packages/airflow/example_dags/example_latest_only.py took 0.043 seconds
[2024-03-27T00:19:40.819+0000] {processor.py:161} INFO - Started process (PID=7008) to work on /home/airflow/.local/lib/python3.8/site-packages/airflow/example_dags/example_latest_only.py
[2024-03-27T00:19:40.820+0000] {processor.py:830} INFO - Processing file /home/airflow/.local/lib/python3.8/site-packages/airflow/example_dags/example_latest_only.py for tasks to queue
[2024-03-27T00:19:40.821+0000] {logging_mixin.py:188} INFO - [2024-03-27T00:19:40.821+0000] {dagbag.py:540} INFO - Filling up the DagBag from /home/airflow/.local/lib/python3.8/site-packages/airflow/example_dags/example_latest_only.py
[2024-03-27T00:19:40.824+0000] {processor.py:840} INFO - DAG(s) 'latest_only' retrieved from /home/airflow/.local/lib/python3.8/site-packages/airflow/example_dags/example_latest_only.py
[2024-03-27T00:19:40.834+0000] {logging_mixin.py:188} INFO - [2024-03-27T00:19:40.834+0000] {dag.py:3047} INFO - Sync 1 DAGs
[2024-03-27T00:19:40.845+0000] {logging_mixin.py:188} INFO - [2024-03-27T00:19:40.844+0000] {dag.py:3834} INFO - Setting next_dagrun for latest_only to 2024-03-26 20:00:00+00:00, run_after=2024-03-27 00:00:00+00:00
[2024-03-27T00:19:40.853+0000] {processor.py:183} INFO - Processing /home/airflow/.local/lib/python3.8/site-packages/airflow/example_dags/example_latest_only.py took 0.035 seconds
[2024-03-27T00:20:11.592+0000] {processor.py:161} INFO - Started process (PID=7063) to work on /home/airflow/.local/lib/python3.8/site-packages/airflow/example_dags/example_latest_only.py
[2024-03-27T00:20:11.593+0000] {processor.py:830} INFO - Processing file /home/airflow/.local/lib/python3.8/site-packages/airflow/example_dags/example_latest_only.py for tasks to queue
[2024-03-27T00:20:11.594+0000] {logging_mixin.py:188} INFO - [2024-03-27T00:20:11.594+0000] {dagbag.py:540} INFO - Filling up the DagBag from /home/airflow/.local/lib/python3.8/site-packages/airflow/example_dags/example_latest_only.py
[2024-03-27T00:20:11.598+0000] {processor.py:840} INFO - DAG(s) 'latest_only' retrieved from /home/airflow/.local/lib/python3.8/site-packages/airflow/example_dags/example_latest_only.py
[2024-03-27T00:20:11.609+0000] {logging_mixin.py:188} INFO - [2024-03-27T00:20:11.608+0000] {dag.py:3047} INFO - Sync 1 DAGs
[2024-03-27T00:20:11.620+0000] {logging_mixin.py:188} INFO - [2024-03-27T00:20:11.620+0000] {dag.py:3834} INFO - Setting next_dagrun for latest_only to 2024-03-26 20:00:00+00:00, run_after=2024-03-27 00:00:00+00:00
[2024-03-27T00:20:11.629+0000] {processor.py:183} INFO - Processing /home/airflow/.local/lib/python3.8/site-packages/airflow/example_dags/example_latest_only.py took 0.038 seconds
[2024-03-27T00:20:42.229+0000] {processor.py:161} INFO - Started process (PID=7118) to work on /home/airflow/.local/lib/python3.8/site-packages/airflow/example_dags/example_latest_only.py
[2024-03-27T00:20:42.229+0000] {processor.py:830} INFO - Processing file /home/airflow/.local/lib/python3.8/site-packages/airflow/example_dags/example_latest_only.py for tasks to queue
[2024-03-27T00:20:42.230+0000] {logging_mixin.py:188} INFO - [2024-03-27T00:20:42.230+0000] {dagbag.py:540} INFO - Filling up the DagBag from /home/airflow/.local/lib/python3.8/site-packages/airflow/example_dags/example_latest_only.py
[2024-03-27T00:20:42.233+0000] {processor.py:840} INFO - DAG(s) 'latest_only' retrieved from /home/airflow/.local/lib/python3.8/site-packages/airflow/example_dags/example_latest_only.py
[2024-03-27T00:20:42.244+0000] {logging_mixin.py:188} INFO - [2024-03-27T00:20:42.244+0000] {dag.py:3047} INFO - Sync 1 DAGs
[2024-03-27T00:20:42.255+0000] {logging_mixin.py:188} INFO - [2024-03-27T00:20:42.255+0000] {dag.py:3834} INFO - Setting next_dagrun for latest_only to 2024-03-26 20:00:00+00:00, run_after=2024-03-27 00:00:00+00:00
[2024-03-27T00:20:42.263+0000] {processor.py:183} INFO - Processing /home/airflow/.local/lib/python3.8/site-packages/airflow/example_dags/example_latest_only.py took 0.036 seconds
[2024-03-27T00:21:12.938+0000] {processor.py:161} INFO - Started process (PID=7173) to work on /home/airflow/.local/lib/python3.8/site-packages/airflow/example_dags/example_latest_only.py
[2024-03-27T00:21:12.939+0000] {processor.py:830} INFO - Processing file /home/airflow/.local/lib/python3.8/site-packages/airflow/example_dags/example_latest_only.py for tasks to queue
[2024-03-27T00:21:12.940+0000] {logging_mixin.py:188} INFO - [2024-03-27T00:21:12.939+0000] {dagbag.py:540} INFO - Filling up the DagBag from /home/airflow/.local/lib/python3.8/site-packages/airflow/example_dags/example_latest_only.py
[2024-03-27T00:21:12.942+0000] {processor.py:840} INFO - DAG(s) 'latest_only' retrieved from /home/airflow/.local/lib/python3.8/site-packages/airflow/example_dags/example_latest_only.py
[2024-03-27T00:21:12.952+0000] {logging_mixin.py:188} INFO - [2024-03-27T00:21:12.951+0000] {dag.py:3047} INFO - Sync 1 DAGs
[2024-03-27T00:21:12.961+0000] {logging_mixin.py:188} INFO - [2024-03-27T00:21:12.961+0000] {dag.py:3834} INFO - Setting next_dagrun for latest_only to 2024-03-26 20:00:00+00:00, run_after=2024-03-27 00:00:00+00:00
[2024-03-27T00:21:12.968+0000] {processor.py:183} INFO - Processing /home/airflow/.local/lib/python3.8/site-packages/airflow/example_dags/example_latest_only.py took 0.032 seconds
[2024-03-27T00:21:43.655+0000] {processor.py:161} INFO - Started process (PID=7228) to work on /home/airflow/.local/lib/python3.8/site-packages/airflow/example_dags/example_latest_only.py
[2024-03-27T00:21:43.655+0000] {processor.py:830} INFO - Processing file /home/airflow/.local/lib/python3.8/site-packages/airflow/example_dags/example_latest_only.py for tasks to queue
[2024-03-27T00:21:43.656+0000] {logging_mixin.py:188} INFO - [2024-03-27T00:21:43.656+0000] {dagbag.py:540} INFO - Filling up the DagBag from /home/airflow/.local/lib/python3.8/site-packages/airflow/example_dags/example_latest_only.py
[2024-03-27T00:21:43.660+0000] {processor.py:840} INFO - DAG(s) 'latest_only' retrieved from /home/airflow/.local/lib/python3.8/site-packages/airflow/example_dags/example_latest_only.py
[2024-03-27T00:21:43.670+0000] {logging_mixin.py:188} INFO - [2024-03-27T00:21:43.670+0000] {dag.py:3047} INFO - Sync 1 DAGs
[2024-03-27T00:21:43.681+0000] {logging_mixin.py:188} INFO - [2024-03-27T00:21:43.680+0000] {dag.py:3834} INFO - Setting next_dagrun for latest_only to 2024-03-26 20:00:00+00:00, run_after=2024-03-27 00:00:00+00:00
[2024-03-27T00:21:43.689+0000] {processor.py:183} INFO - Processing /home/airflow/.local/lib/python3.8/site-packages/airflow/example_dags/example_latest_only.py took 0.037 seconds
[2024-03-27T00:22:14.315+0000] {processor.py:161} INFO - Started process (PID=7283) to work on /home/airflow/.local/lib/python3.8/site-packages/airflow/example_dags/example_latest_only.py
[2024-03-27T00:22:14.316+0000] {processor.py:830} INFO - Processing file /home/airflow/.local/lib/python3.8/site-packages/airflow/example_dags/example_latest_only.py for tasks to queue
[2024-03-27T00:22:14.316+0000] {logging_mixin.py:188} INFO - [2024-03-27T00:22:14.316+0000] {dagbag.py:540} INFO - Filling up the DagBag from /home/airflow/.local/lib/python3.8/site-packages/airflow/example_dags/example_latest_only.py
[2024-03-27T00:22:14.319+0000] {processor.py:840} INFO - DAG(s) 'latest_only' retrieved from /home/airflow/.local/lib/python3.8/site-packages/airflow/example_dags/example_latest_only.py
[2024-03-27T00:22:14.328+0000] {logging_mixin.py:188} INFO - [2024-03-27T00:22:14.328+0000] {dag.py:3047} INFO - Sync 1 DAGs
[2024-03-27T00:22:14.338+0000] {logging_mixin.py:188} INFO - [2024-03-27T00:22:14.337+0000] {dag.py:3834} INFO - Setting next_dagrun for latest_only to 2024-03-26 20:00:00+00:00, run_after=2024-03-27 00:00:00+00:00
[2024-03-27T00:22:14.345+0000] {processor.py:183} INFO - Processing /home/airflow/.local/lib/python3.8/site-packages/airflow/example_dags/example_latest_only.py took 0.032 seconds
[2024-03-27T00:22:44.995+0000] {processor.py:161} INFO - Started process (PID=7338) to work on /home/airflow/.local/lib/python3.8/site-packages/airflow/example_dags/example_latest_only.py
[2024-03-27T00:22:44.995+0000] {processor.py:830} INFO - Processing file /home/airflow/.local/lib/python3.8/site-packages/airflow/example_dags/example_latest_only.py for tasks to queue
[2024-03-27T00:22:44.997+0000] {logging_mixin.py:188} INFO - [2024-03-27T00:22:44.997+0000] {dagbag.py:540} INFO - Filling up the DagBag from /home/airflow/.local/lib/python3.8/site-packages/airflow/example_dags/example_latest_only.py
[2024-03-27T00:22:45.000+0000] {processor.py:840} INFO - DAG(s) 'latest_only' retrieved from /home/airflow/.local/lib/python3.8/site-packages/airflow/example_dags/example_latest_only.py
[2024-03-27T00:22:45.010+0000] {logging_mixin.py:188} INFO - [2024-03-27T00:22:45.010+0000] {dag.py:3047} INFO - Sync 1 DAGs
[2024-03-27T00:22:45.021+0000] {logging_mixin.py:188} INFO - [2024-03-27T00:22:45.021+0000] {dag.py:3834} INFO - Setting next_dagrun for latest_only to 2024-03-26 20:00:00+00:00, run_after=2024-03-27 00:00:00+00:00
[2024-03-27T00:22:45.030+0000] {processor.py:183} INFO - Processing /home/airflow/.local/lib/python3.8/site-packages/airflow/example_dags/example_latest_only.py took 0.037 seconds
[2024-03-27T00:23:15.698+0000] {processor.py:161} INFO - Started process (PID=7393) to work on /home/airflow/.local/lib/python3.8/site-packages/airflow/example_dags/example_latest_only.py
[2024-03-27T00:23:15.699+0000] {processor.py:830} INFO - Processing file /home/airflow/.local/lib/python3.8/site-packages/airflow/example_dags/example_latest_only.py for tasks to queue
[2024-03-27T00:23:15.700+0000] {logging_mixin.py:188} INFO - [2024-03-27T00:23:15.699+0000] {dagbag.py:540} INFO - Filling up the DagBag from /home/airflow/.local/lib/python3.8/site-packages/airflow/example_dags/example_latest_only.py
[2024-03-27T00:23:15.703+0000] {processor.py:840} INFO - DAG(s) 'latest_only' retrieved from /home/airflow/.local/lib/python3.8/site-packages/airflow/example_dags/example_latest_only.py
[2024-03-27T00:23:15.713+0000] {logging_mixin.py:188} INFO - [2024-03-27T00:23:15.713+0000] {dag.py:3047} INFO - Sync 1 DAGs
[2024-03-27T00:23:15.724+0000] {logging_mixin.py:188} INFO - [2024-03-27T00:23:15.723+0000] {dag.py:3834} INFO - Setting next_dagrun for latest_only to 2024-03-26 20:00:00+00:00, run_after=2024-03-27 00:00:00+00:00
[2024-03-27T00:23:15.732+0000] {processor.py:183} INFO - Processing /home/airflow/.local/lib/python3.8/site-packages/airflow/example_dags/example_latest_only.py took 0.036 seconds
[2024-03-27T00:23:46.328+0000] {processor.py:161} INFO - Started process (PID=7448) to work on /home/airflow/.local/lib/python3.8/site-packages/airflow/example_dags/example_latest_only.py
[2024-03-27T00:23:46.329+0000] {processor.py:830} INFO - Processing file /home/airflow/.local/lib/python3.8/site-packages/airflow/example_dags/example_latest_only.py for tasks to queue
[2024-03-27T00:23:46.330+0000] {logging_mixin.py:188} INFO - [2024-03-27T00:23:46.330+0000] {dagbag.py:540} INFO - Filling up the DagBag from /home/airflow/.local/lib/python3.8/site-packages/airflow/example_dags/example_latest_only.py
[2024-03-27T00:23:46.333+0000] {processor.py:840} INFO - DAG(s) 'latest_only' retrieved from /home/airflow/.local/lib/python3.8/site-packages/airflow/example_dags/example_latest_only.py
[2024-03-27T00:23:46.343+0000] {logging_mixin.py:188} INFO - [2024-03-27T00:23:46.343+0000] {dag.py:3047} INFO - Sync 1 DAGs
[2024-03-27T00:23:46.354+0000] {logging_mixin.py:188} INFO - [2024-03-27T00:23:46.354+0000] {dag.py:3834} INFO - Setting next_dagrun for latest_only to 2024-03-26 20:00:00+00:00, run_after=2024-03-27 00:00:00+00:00
[2024-03-27T00:23:46.363+0000] {processor.py:183} INFO - Processing /home/airflow/.local/lib/python3.8/site-packages/airflow/example_dags/example_latest_only.py took 0.036 seconds
[2024-03-27T00:24:17.012+0000] {processor.py:161} INFO - Started process (PID=7503) to work on /home/airflow/.local/lib/python3.8/site-packages/airflow/example_dags/example_latest_only.py
[2024-03-27T00:24:17.013+0000] {processor.py:830} INFO - Processing file /home/airflow/.local/lib/python3.8/site-packages/airflow/example_dags/example_latest_only.py for tasks to queue
[2024-03-27T00:24:17.014+0000] {logging_mixin.py:188} INFO - [2024-03-27T00:24:17.014+0000] {dagbag.py:540} INFO - Filling up the DagBag from /home/airflow/.local/lib/python3.8/site-packages/airflow/example_dags/example_latest_only.py
[2024-03-27T00:24:17.017+0000] {processor.py:840} INFO - DAG(s) 'latest_only' retrieved from /home/airflow/.local/lib/python3.8/site-packages/airflow/example_dags/example_latest_only.py
[2024-03-27T00:24:17.027+0000] {logging_mixin.py:188} INFO - [2024-03-27T00:24:17.027+0000] {dag.py:3047} INFO - Sync 1 DAGs
[2024-03-27T00:24:17.038+0000] {logging_mixin.py:188} INFO - [2024-03-27T00:24:17.038+0000] {dag.py:3834} INFO - Setting next_dagrun for latest_only to 2024-03-26 20:00:00+00:00, run_after=2024-03-27 00:00:00+00:00
[2024-03-27T00:24:17.046+0000] {processor.py:183} INFO - Processing /home/airflow/.local/lib/python3.8/site-packages/airflow/example_dags/example_latest_only.py took 0.036 seconds
[2024-03-27T00:24:47.911+0000] {processor.py:161} INFO - Started process (PID=7558) to work on /home/airflow/.local/lib/python3.8/site-packages/airflow/example_dags/example_latest_only.py
[2024-03-27T00:24:47.912+0000] {processor.py:830} INFO - Processing file /home/airflow/.local/lib/python3.8/site-packages/airflow/example_dags/example_latest_only.py for tasks to queue
[2024-03-27T00:24:47.913+0000] {logging_mixin.py:188} INFO - [2024-03-27T00:24:47.913+0000] {dagbag.py:540} INFO - Filling up the DagBag from /home/airflow/.local/lib/python3.8/site-packages/airflow/example_dags/example_latest_only.py
[2024-03-27T00:24:47.916+0000] {processor.py:840} INFO - DAG(s) 'latest_only' retrieved from /home/airflow/.local/lib/python3.8/site-packages/airflow/example_dags/example_latest_only.py
[2024-03-27T00:24:47.926+0000] {logging_mixin.py:188} INFO - [2024-03-27T00:24:47.926+0000] {dag.py:3047} INFO - Sync 1 DAGs
[2024-03-27T00:24:47.937+0000] {logging_mixin.py:188} INFO - [2024-03-27T00:24:47.937+0000] {dag.py:3834} INFO - Setting next_dagrun for latest_only to 2024-03-26 20:00:00+00:00, run_after=2024-03-27 00:00:00+00:00
[2024-03-27T00:24:47.947+0000] {processor.py:183} INFO - Processing /home/airflow/.local/lib/python3.8/site-packages/airflow/example_dags/example_latest_only.py took 0.037 seconds
[2024-03-27T00:31:03.089+0000] {processor.py:161} INFO - Started process (PID=7613) to work on /home/airflow/.local/lib/python3.8/site-packages/airflow/example_dags/example_latest_only.py
[2024-03-27T00:31:03.090+0000] {processor.py:830} INFO - Processing file /home/airflow/.local/lib/python3.8/site-packages/airflow/example_dags/example_latest_only.py for tasks to queue
[2024-03-27T00:31:03.091+0000] {logging_mixin.py:188} INFO - [2024-03-27T00:31:03.091+0000] {dagbag.py:540} INFO - Filling up the DagBag from /home/airflow/.local/lib/python3.8/site-packages/airflow/example_dags/example_latest_only.py
[2024-03-27T00:31:03.094+0000] {processor.py:840} INFO - DAG(s) 'latest_only' retrieved from /home/airflow/.local/lib/python3.8/site-packages/airflow/example_dags/example_latest_only.py
[2024-03-27T00:31:03.106+0000] {logging_mixin.py:188} INFO - [2024-03-27T00:31:03.106+0000] {dag.py:3047} INFO - Sync 1 DAGs
[2024-03-27T00:31:03.121+0000] {logging_mixin.py:188} INFO - [2024-03-27T00:31:03.121+0000] {dag.py:3834} INFO - Setting next_dagrun for latest_only to 2024-03-26 20:00:00+00:00, run_after=2024-03-27 00:00:00+00:00
[2024-03-27T00:31:03.132+0000] {processor.py:183} INFO - Processing /home/airflow/.local/lib/python3.8/site-packages/airflow/example_dags/example_latest_only.py took 0.045 seconds
[2024-03-27T00:34:03.442+0000] {processor.py:161} INFO - Started process (PID=7668) to work on /home/airflow/.local/lib/python3.8/site-packages/airflow/example_dags/example_latest_only.py
[2024-03-27T00:34:03.442+0000] {processor.py:830} INFO - Processing file /home/airflow/.local/lib/python3.8/site-packages/airflow/example_dags/example_latest_only.py for tasks to queue
[2024-03-27T00:34:03.443+0000] {logging_mixin.py:188} INFO - [2024-03-27T00:34:03.443+0000] {dagbag.py:540} INFO - Filling up the DagBag from /home/airflow/.local/lib/python3.8/site-packages/airflow/example_dags/example_latest_only.py
[2024-03-27T00:34:03.446+0000] {processor.py:840} INFO - DAG(s) 'latest_only' retrieved from /home/airflow/.local/lib/python3.8/site-packages/airflow/example_dags/example_latest_only.py
[2024-03-27T00:34:03.457+0000] {logging_mixin.py:188} INFO - [2024-03-27T00:34:03.456+0000] {dag.py:3047} INFO - Sync 1 DAGs
[2024-03-27T00:34:03.466+0000] {logging_mixin.py:188} INFO - [2024-03-27T00:34:03.466+0000] {dag.py:3834} INFO - Setting next_dagrun for latest_only to 2024-03-26 20:00:00+00:00, run_after=2024-03-27 00:00:00+00:00
[2024-03-27T00:34:03.474+0000] {processor.py:183} INFO - Processing /home/airflow/.local/lib/python3.8/site-packages/airflow/example_dags/example_latest_only.py took 0.034 seconds
[2024-03-27T00:40:17.675+0000] {processor.py:161} INFO - Started process (PID=7723) to work on /home/airflow/.local/lib/python3.8/site-packages/airflow/example_dags/example_latest_only.py
[2024-03-27T00:40:17.676+0000] {processor.py:830} INFO - Processing file /home/airflow/.local/lib/python3.8/site-packages/airflow/example_dags/example_latest_only.py for tasks to queue
[2024-03-27T00:40:17.677+0000] {logging_mixin.py:188} INFO - [2024-03-27T00:40:17.677+0000] {dagbag.py:540} INFO - Filling up the DagBag from /home/airflow/.local/lib/python3.8/site-packages/airflow/example_dags/example_latest_only.py
[2024-03-27T00:40:17.680+0000] {processor.py:840} INFO - DAG(s) 'latest_only' retrieved from /home/airflow/.local/lib/python3.8/site-packages/airflow/example_dags/example_latest_only.py
[2024-03-27T00:40:17.691+0000] {logging_mixin.py:188} INFO - [2024-03-27T00:40:17.691+0000] {dag.py:3047} INFO - Sync 1 DAGs
[2024-03-27T00:40:17.702+0000] {logging_mixin.py:188} INFO - [2024-03-27T00:40:17.702+0000] {dag.py:3834} INFO - Setting next_dagrun for latest_only to 2024-03-26 20:00:00+00:00, run_after=2024-03-27 00:00:00+00:00
[2024-03-27T00:40:17.711+0000] {processor.py:183} INFO - Processing /home/airflow/.local/lib/python3.8/site-packages/airflow/example_dags/example_latest_only.py took 0.037 seconds
[2024-03-27T00:41:13.879+0000] {processor.py:161} INFO - Started process (PID=7778) to work on /home/airflow/.local/lib/python3.8/site-packages/airflow/example_dags/example_latest_only.py
[2024-03-27T00:41:13.880+0000] {processor.py:830} INFO - Processing file /home/airflow/.local/lib/python3.8/site-packages/airflow/example_dags/example_latest_only.py for tasks to queue
[2024-03-27T00:41:13.881+0000] {logging_mixin.py:188} INFO - [2024-03-27T00:41:13.880+0000] {dagbag.py:540} INFO - Filling up the DagBag from /home/airflow/.local/lib/python3.8/site-packages/airflow/example_dags/example_latest_only.py
[2024-03-27T00:41:13.883+0000] {processor.py:840} INFO - DAG(s) 'latest_only' retrieved from /home/airflow/.local/lib/python3.8/site-packages/airflow/example_dags/example_latest_only.py
[2024-03-27T00:41:13.894+0000] {logging_mixin.py:188} INFO - [2024-03-27T00:41:13.894+0000] {dag.py:3047} INFO - Sync 1 DAGs
[2024-03-27T00:41:13.905+0000] {logging_mixin.py:188} INFO - [2024-03-27T00:41:13.905+0000] {dag.py:3834} INFO - Setting next_dagrun for latest_only to 2024-03-26 20:00:00+00:00, run_after=2024-03-27 00:00:00+00:00
[2024-03-27T00:41:13.913+0000] {processor.py:183} INFO - Processing /home/airflow/.local/lib/python3.8/site-packages/airflow/example_dags/example_latest_only.py took 0.036 seconds
[2024-03-27T00:42:56.437+0000] {processor.py:161} INFO - Started process (PID=7833) to work on /home/airflow/.local/lib/python3.8/site-packages/airflow/example_dags/example_latest_only.py
[2024-03-27T00:42:56.437+0000] {processor.py:830} INFO - Processing file /home/airflow/.local/lib/python3.8/site-packages/airflow/example_dags/example_latest_only.py for tasks to queue
[2024-03-27T00:42:56.438+0000] {logging_mixin.py:188} INFO - [2024-03-27T00:42:56.438+0000] {dagbag.py:540} INFO - Filling up the DagBag from /home/airflow/.local/lib/python3.8/site-packages/airflow/example_dags/example_latest_only.py
[2024-03-27T00:42:56.441+0000] {processor.py:840} INFO - DAG(s) 'latest_only' retrieved from /home/airflow/.local/lib/python3.8/site-packages/airflow/example_dags/example_latest_only.py
[2024-03-27T00:42:56.451+0000] {logging_mixin.py:188} INFO - [2024-03-27T00:42:56.451+0000] {dag.py:3047} INFO - Sync 1 DAGs
[2024-03-27T00:42:56.462+0000] {logging_mixin.py:188} INFO - [2024-03-27T00:42:56.462+0000] {dag.py:3834} INFO - Setting next_dagrun for latest_only to 2024-03-26 20:00:00+00:00, run_after=2024-03-27 00:00:00+00:00
[2024-03-27T00:42:56.471+0000] {processor.py:183} INFO - Processing /home/airflow/.local/lib/python3.8/site-packages/airflow/example_dags/example_latest_only.py took 0.036 seconds
[2024-03-27T00:45:42.669+0000] {processor.py:161} INFO - Started process (PID=7888) to work on /home/airflow/.local/lib/python3.8/site-packages/airflow/example_dags/example_latest_only.py
[2024-03-27T00:45:42.670+0000] {processor.py:830} INFO - Processing file /home/airflow/.local/lib/python3.8/site-packages/airflow/example_dags/example_latest_only.py for tasks to queue
[2024-03-27T00:45:42.671+0000] {logging_mixin.py:188} INFO - [2024-03-27T00:45:42.670+0000] {dagbag.py:540} INFO - Filling up the DagBag from /home/airflow/.local/lib/python3.8/site-packages/airflow/example_dags/example_latest_only.py
[2024-03-27T00:45:42.673+0000] {processor.py:840} INFO - DAG(s) 'latest_only' retrieved from /home/airflow/.local/lib/python3.8/site-packages/airflow/example_dags/example_latest_only.py
[2024-03-27T00:45:42.684+0000] {logging_mixin.py:188} INFO - [2024-03-27T00:45:42.684+0000] {dag.py:3047} INFO - Sync 1 DAGs
[2024-03-27T00:45:42.696+0000] {logging_mixin.py:188} INFO - [2024-03-27T00:45:42.696+0000] {dag.py:3834} INFO - Setting next_dagrun for latest_only to 2024-03-26 20:00:00+00:00, run_after=2024-03-27 00:00:00+00:00
[2024-03-27T00:45:42.705+0000] {processor.py:183} INFO - Processing /home/airflow/.local/lib/python3.8/site-packages/airflow/example_dags/example_latest_only.py took 0.038 seconds
[2024-03-27T00:49:39.808+0000] {processor.py:161} INFO - Started process (PID=7943) to work on /home/airflow/.local/lib/python3.8/site-packages/airflow/example_dags/example_latest_only.py
[2024-03-27T00:49:39.809+0000] {processor.py:830} INFO - Processing file /home/airflow/.local/lib/python3.8/site-packages/airflow/example_dags/example_latest_only.py for tasks to queue
[2024-03-27T00:49:39.810+0000] {logging_mixin.py:188} INFO - [2024-03-27T00:49:39.810+0000] {dagbag.py:540} INFO - Filling up the DagBag from /home/airflow/.local/lib/python3.8/site-packages/airflow/example_dags/example_latest_only.py
[2024-03-27T00:49:39.813+0000] {processor.py:840} INFO - DAG(s) 'latest_only' retrieved from /home/airflow/.local/lib/python3.8/site-packages/airflow/example_dags/example_latest_only.py
[2024-03-27T00:49:39.823+0000] {logging_mixin.py:188} INFO - [2024-03-27T00:49:39.823+0000] {dag.py:3047} INFO - Sync 1 DAGs
[2024-03-27T00:49:39.834+0000] {logging_mixin.py:188} INFO - [2024-03-27T00:49:39.833+0000] {dag.py:3834} INFO - Setting next_dagrun for latest_only to 2024-03-26 20:00:00+00:00, run_after=2024-03-27 00:00:00+00:00
[2024-03-27T00:49:39.842+0000] {processor.py:183} INFO - Processing /home/airflow/.local/lib/python3.8/site-packages/airflow/example_dags/example_latest_only.py took 0.036 seconds
[2024-03-27T00:50:38.910+0000] {processor.py:161} INFO - Started process (PID=7998) to work on /home/airflow/.local/lib/python3.8/site-packages/airflow/example_dags/example_latest_only.py
[2024-03-27T00:50:38.910+0000] {processor.py:830} INFO - Processing file /home/airflow/.local/lib/python3.8/site-packages/airflow/example_dags/example_latest_only.py for tasks to queue
[2024-03-27T00:50:38.911+0000] {logging_mixin.py:188} INFO - [2024-03-27T00:50:38.911+0000] {dagbag.py:540} INFO - Filling up the DagBag from /home/airflow/.local/lib/python3.8/site-packages/airflow/example_dags/example_latest_only.py
[2024-03-27T00:50:38.914+0000] {processor.py:840} INFO - DAG(s) 'latest_only' retrieved from /home/airflow/.local/lib/python3.8/site-packages/airflow/example_dags/example_latest_only.py
[2024-03-27T00:50:38.924+0000] {logging_mixin.py:188} INFO - [2024-03-27T00:50:38.924+0000] {dag.py:3047} INFO - Sync 1 DAGs
[2024-03-27T00:50:38.935+0000] {logging_mixin.py:188} INFO - [2024-03-27T00:50:38.935+0000] {dag.py:3834} INFO - Setting next_dagrun for latest_only to 2024-03-26 20:00:00+00:00, run_after=2024-03-27 00:00:00+00:00
[2024-03-27T00:50:38.944+0000] {processor.py:183} INFO - Processing /home/airflow/.local/lib/python3.8/site-packages/airflow/example_dags/example_latest_only.py took 0.037 seconds
[2024-03-27T00:51:23.885+0000] {processor.py:161} INFO - Started process (PID=8053) to work on /home/airflow/.local/lib/python3.8/site-packages/airflow/example_dags/example_latest_only.py
[2024-03-27T00:51:23.885+0000] {processor.py:830} INFO - Processing file /home/airflow/.local/lib/python3.8/site-packages/airflow/example_dags/example_latest_only.py for tasks to queue
[2024-03-27T00:51:23.886+0000] {logging_mixin.py:188} INFO - [2024-03-27T00:51:23.886+0000] {dagbag.py:540} INFO - Filling up the DagBag from /home/airflow/.local/lib/python3.8/site-packages/airflow/example_dags/example_latest_only.py
[2024-03-27T00:51:23.889+0000] {processor.py:840} INFO - DAG(s) 'latest_only' retrieved from /home/airflow/.local/lib/python3.8/site-packages/airflow/example_dags/example_latest_only.py
[2024-03-27T00:51:23.899+0000] {logging_mixin.py:188} INFO - [2024-03-27T00:51:23.899+0000] {dag.py:3047} INFO - Sync 1 DAGs
[2024-03-27T00:51:23.909+0000] {logging_mixin.py:188} INFO - [2024-03-27T00:51:23.909+0000] {dag.py:3834} INFO - Setting next_dagrun for latest_only to 2024-03-26 20:00:00+00:00, run_after=2024-03-27 00:00:00+00:00
[2024-03-27T00:51:23.919+0000] {processor.py:183} INFO - Processing /home/airflow/.local/lib/python3.8/site-packages/airflow/example_dags/example_latest_only.py took 0.036 seconds
[2024-03-27T00:53:01.266+0000] {processor.py:161} INFO - Started process (PID=8108) to work on /home/airflow/.local/lib/python3.8/site-packages/airflow/example_dags/example_latest_only.py
[2024-03-27T00:53:01.267+0000] {processor.py:830} INFO - Processing file /home/airflow/.local/lib/python3.8/site-packages/airflow/example_dags/example_latest_only.py for tasks to queue
[2024-03-27T00:53:01.268+0000] {logging_mixin.py:188} INFO - [2024-03-27T00:53:01.268+0000] {dagbag.py:540} INFO - Filling up the DagBag from /home/airflow/.local/lib/python3.8/site-packages/airflow/example_dags/example_latest_only.py
[2024-03-27T00:53:01.271+0000] {processor.py:840} INFO - DAG(s) 'latest_only' retrieved from /home/airflow/.local/lib/python3.8/site-packages/airflow/example_dags/example_latest_only.py
[2024-03-27T00:53:01.281+0000] {logging_mixin.py:188} INFO - [2024-03-27T00:53:01.280+0000] {dag.py:3047} INFO - Sync 1 DAGs
[2024-03-27T00:53:01.291+0000] {logging_mixin.py:188} INFO - [2024-03-27T00:53:01.291+0000] {dag.py:3834} INFO - Setting next_dagrun for latest_only to 2024-03-26 20:00:00+00:00, run_after=2024-03-27 00:00:00+00:00
[2024-03-27T00:53:01.301+0000] {processor.py:183} INFO - Processing /home/airflow/.local/lib/python3.8/site-packages/airflow/example_dags/example_latest_only.py took 0.036 seconds
[2024-03-27T00:54:00.601+0000] {processor.py:161} INFO - Started process (PID=8163) to work on /home/airflow/.local/lib/python3.8/site-packages/airflow/example_dags/example_latest_only.py
[2024-03-27T00:54:00.602+0000] {processor.py:830} INFO - Processing file /home/airflow/.local/lib/python3.8/site-packages/airflow/example_dags/example_latest_only.py for tasks to queue
[2024-03-27T00:54:00.603+0000] {logging_mixin.py:188} INFO - [2024-03-27T00:54:00.603+0000] {dagbag.py:540} INFO - Filling up the DagBag from /home/airflow/.local/lib/python3.8/site-packages/airflow/example_dags/example_latest_only.py
[2024-03-27T00:54:00.605+0000] {processor.py:840} INFO - DAG(s) 'latest_only' retrieved from /home/airflow/.local/lib/python3.8/site-packages/airflow/example_dags/example_latest_only.py
[2024-03-27T00:54:00.616+0000] {logging_mixin.py:188} INFO - [2024-03-27T00:54:00.616+0000] {dag.py:3047} INFO - Sync 1 DAGs
[2024-03-27T00:54:00.627+0000] {logging_mixin.py:188} INFO - [2024-03-27T00:54:00.627+0000] {dag.py:3834} INFO - Setting next_dagrun for latest_only to 2024-03-26 20:00:00+00:00, run_after=2024-03-27 00:00:00+00:00
[2024-03-27T00:54:00.636+0000] {processor.py:183} INFO - Processing /home/airflow/.local/lib/python3.8/site-packages/airflow/example_dags/example_latest_only.py took 0.037 seconds
[2024-03-27T00:54:44.283+0000] {processor.py:161} INFO - Started process (PID=8218) to work on /home/airflow/.local/lib/python3.8/site-packages/airflow/example_dags/example_latest_only.py
[2024-03-27T00:54:44.284+0000] {processor.py:830} INFO - Processing file /home/airflow/.local/lib/python3.8/site-packages/airflow/example_dags/example_latest_only.py for tasks to queue
[2024-03-27T00:54:44.285+0000] {logging_mixin.py:188} INFO - [2024-03-27T00:54:44.285+0000] {dagbag.py:540} INFO - Filling up the DagBag from /home/airflow/.local/lib/python3.8/site-packages/airflow/example_dags/example_latest_only.py
[2024-03-27T00:54:44.288+0000] {processor.py:840} INFO - DAG(s) 'latest_only' retrieved from /home/airflow/.local/lib/python3.8/site-packages/airflow/example_dags/example_latest_only.py
[2024-03-27T00:54:44.298+0000] {logging_mixin.py:188} INFO - [2024-03-27T00:54:44.298+0000] {dag.py:3047} INFO - Sync 1 DAGs
[2024-03-27T00:54:44.310+0000] {logging_mixin.py:188} INFO - [2024-03-27T00:54:44.309+0000] {dag.py:3834} INFO - Setting next_dagrun for latest_only to 2024-03-26 20:00:00+00:00, run_after=2024-03-27 00:00:00+00:00
[2024-03-27T00:54:44.319+0000] {processor.py:183} INFO - Processing /home/airflow/.local/lib/python3.8/site-packages/airflow/example_dags/example_latest_only.py took 0.037 seconds
[2024-03-27T00:55:17.080+0000] {processor.py:161} INFO - Started process (PID=8273) to work on /home/airflow/.local/lib/python3.8/site-packages/airflow/example_dags/example_latest_only.py
[2024-03-27T00:55:17.081+0000] {processor.py:830} INFO - Processing file /home/airflow/.local/lib/python3.8/site-packages/airflow/example_dags/example_latest_only.py for tasks to queue
[2024-03-27T00:55:17.082+0000] {logging_mixin.py:188} INFO - [2024-03-27T00:55:17.082+0000] {dagbag.py:540} INFO - Filling up the DagBag from /home/airflow/.local/lib/python3.8/site-packages/airflow/example_dags/example_latest_only.py
[2024-03-27T00:55:17.085+0000] {processor.py:840} INFO - DAG(s) 'latest_only' retrieved from /home/airflow/.local/lib/python3.8/site-packages/airflow/example_dags/example_latest_only.py
[2024-03-27T00:55:17.096+0000] {logging_mixin.py:188} INFO - [2024-03-27T00:55:17.095+0000] {dag.py:3047} INFO - Sync 1 DAGs
[2024-03-27T00:55:17.107+0000] {logging_mixin.py:188} INFO - [2024-03-27T00:55:17.107+0000] {dag.py:3834} INFO - Setting next_dagrun for latest_only to 2024-03-26 20:00:00+00:00, run_after=2024-03-27 00:00:00+00:00
[2024-03-27T00:55:17.116+0000] {processor.py:183} INFO - Processing /home/airflow/.local/lib/python3.8/site-packages/airflow/example_dags/example_latest_only.py took 0.037 seconds
[2024-03-27T00:55:59.281+0000] {processor.py:161} INFO - Started process (PID=8327) to work on /home/airflow/.local/lib/python3.8/site-packages/airflow/example_dags/example_latest_only.py
[2024-03-27T00:55:59.281+0000] {processor.py:830} INFO - Processing file /home/airflow/.local/lib/python3.8/site-packages/airflow/example_dags/example_latest_only.py for tasks to queue
[2024-03-27T00:55:59.282+0000] {logging_mixin.py:188} INFO - [2024-03-27T00:55:59.282+0000] {dagbag.py:540} INFO - Filling up the DagBag from /home/airflow/.local/lib/python3.8/site-packages/airflow/example_dags/example_latest_only.py
[2024-03-27T00:55:59.285+0000] {processor.py:840} INFO - DAG(s) 'latest_only' retrieved from /home/airflow/.local/lib/python3.8/site-packages/airflow/example_dags/example_latest_only.py
[2024-03-27T00:55:59.296+0000] {logging_mixin.py:188} INFO - [2024-03-27T00:55:59.295+0000] {dag.py:3047} INFO - Sync 1 DAGs
[2024-03-27T00:55:59.306+0000] {logging_mixin.py:188} INFO - [2024-03-27T00:55:59.306+0000] {dag.py:3834} INFO - Setting next_dagrun for latest_only to 2024-03-26 20:00:00+00:00, run_after=2024-03-27 00:00:00+00:00
[2024-03-27T00:55:59.314+0000] {processor.py:183} INFO - Processing /home/airflow/.local/lib/python3.8/site-packages/airflow/example_dags/example_latest_only.py took 0.036 seconds
[2024-03-27T00:58:45.946+0000] {processor.py:161} INFO - Started process (PID=8382) to work on /home/airflow/.local/lib/python3.8/site-packages/airflow/example_dags/example_latest_only.py
[2024-03-27T00:58:45.947+0000] {processor.py:830} INFO - Processing file /home/airflow/.local/lib/python3.8/site-packages/airflow/example_dags/example_latest_only.py for tasks to queue
[2024-03-27T00:58:45.948+0000] {logging_mixin.py:188} INFO - [2024-03-27T00:58:45.948+0000] {dagbag.py:540} INFO - Filling up the DagBag from /home/airflow/.local/lib/python3.8/site-packages/airflow/example_dags/example_latest_only.py
[2024-03-27T00:58:45.950+0000] {processor.py:840} INFO - DAG(s) 'latest_only' retrieved from /home/airflow/.local/lib/python3.8/site-packages/airflow/example_dags/example_latest_only.py
[2024-03-27T00:58:45.961+0000] {logging_mixin.py:188} INFO - [2024-03-27T00:58:45.961+0000] {dag.py:3047} INFO - Sync 1 DAGs
[2024-03-27T00:58:45.971+0000] {logging_mixin.py:188} INFO - [2024-03-27T00:58:45.971+0000] {dag.py:3834} INFO - Setting next_dagrun for latest_only to 2024-03-26 20:00:00+00:00, run_after=2024-03-27 00:00:00+00:00
[2024-03-27T00:58:45.980+0000] {processor.py:183} INFO - Processing /home/airflow/.local/lib/python3.8/site-packages/airflow/example_dags/example_latest_only.py took 0.036 seconds
[2024-03-27T01:01:15.499+0000] {processor.py:161} INFO - Started process (PID=8437) to work on /home/airflow/.local/lib/python3.8/site-packages/airflow/example_dags/example_latest_only.py
[2024-03-27T01:01:15.501+0000] {processor.py:830} INFO - Processing file /home/airflow/.local/lib/python3.8/site-packages/airflow/example_dags/example_latest_only.py for tasks to queue
[2024-03-27T01:01:15.502+0000] {logging_mixin.py:188} INFO - [2024-03-27T01:01:15.502+0000] {dagbag.py:540} INFO - Filling up the DagBag from /home/airflow/.local/lib/python3.8/site-packages/airflow/example_dags/example_latest_only.py
[2024-03-27T01:01:15.506+0000] {processor.py:840} INFO - DAG(s) 'latest_only' retrieved from /home/airflow/.local/lib/python3.8/site-packages/airflow/example_dags/example_latest_only.py
[2024-03-27T01:01:15.516+0000] {logging_mixin.py:188} INFO - [2024-03-27T01:01:15.516+0000] {dag.py:3047} INFO - Sync 1 DAGs
[2024-03-27T01:01:15.528+0000] {logging_mixin.py:188} INFO - [2024-03-27T01:01:15.527+0000] {dag.py:3834} INFO - Setting next_dagrun for latest_only to 2024-03-26 20:00:00+00:00, run_after=2024-03-27 00:00:00+00:00
[2024-03-27T01:01:15.536+0000] {processor.py:183} INFO - Processing /home/airflow/.local/lib/python3.8/site-packages/airflow/example_dags/example_latest_only.py took 0.039 seconds
[2024-03-27T01:04:44.646+0000] {processor.py:161} INFO - Started process (PID=8492) to work on /home/airflow/.local/lib/python3.8/site-packages/airflow/example_dags/example_latest_only.py
[2024-03-27T01:04:44.647+0000] {processor.py:830} INFO - Processing file /home/airflow/.local/lib/python3.8/site-packages/airflow/example_dags/example_latest_only.py for tasks to queue
[2024-03-27T01:04:44.648+0000] {logging_mixin.py:188} INFO - [2024-03-27T01:04:44.648+0000] {dagbag.py:540} INFO - Filling up the DagBag from /home/airflow/.local/lib/python3.8/site-packages/airflow/example_dags/example_latest_only.py
[2024-03-27T01:04:44.651+0000] {processor.py:840} INFO - DAG(s) 'latest_only' retrieved from /home/airflow/.local/lib/python3.8/site-packages/airflow/example_dags/example_latest_only.py
[2024-03-27T01:04:44.661+0000] {logging_mixin.py:188} INFO - [2024-03-27T01:04:44.661+0000] {dag.py:3047} INFO - Sync 1 DAGs
[2024-03-27T01:04:44.672+0000] {logging_mixin.py:188} INFO - [2024-03-27T01:04:44.672+0000] {dag.py:3834} INFO - Setting next_dagrun for latest_only to 2024-03-26 20:00:00+00:00, run_after=2024-03-27 00:00:00+00:00
[2024-03-27T01:04:44.681+0000] {processor.py:183} INFO - Processing /home/airflow/.local/lib/python3.8/site-packages/airflow/example_dags/example_latest_only.py took 0.037 seconds
[2024-03-27T01:08:49.861+0000] {processor.py:161} INFO - Started process (PID=8547) to work on /home/airflow/.local/lib/python3.8/site-packages/airflow/example_dags/example_latest_only.py
[2024-03-27T01:08:49.862+0000] {processor.py:830} INFO - Processing file /home/airflow/.local/lib/python3.8/site-packages/airflow/example_dags/example_latest_only.py for tasks to queue
[2024-03-27T01:08:49.863+0000] {logging_mixin.py:188} INFO - [2024-03-27T01:08:49.862+0000] {dagbag.py:540} INFO - Filling up the DagBag from /home/airflow/.local/lib/python3.8/site-packages/airflow/example_dags/example_latest_only.py
[2024-03-27T01:08:49.866+0000] {processor.py:840} INFO - DAG(s) 'latest_only' retrieved from /home/airflow/.local/lib/python3.8/site-packages/airflow/example_dags/example_latest_only.py
[2024-03-27T01:08:49.878+0000] {logging_mixin.py:188} INFO - [2024-03-27T01:08:49.878+0000] {dag.py:3047} INFO - Sync 1 DAGs
[2024-03-27T01:08:49.890+0000] {logging_mixin.py:188} INFO - [2024-03-27T01:08:49.890+0000] {dag.py:3834} INFO - Setting next_dagrun for latest_only to 2024-03-26 20:00:00+00:00, run_after=2024-03-27 00:00:00+00:00
[2024-03-27T01:08:49.900+0000] {processor.py:183} INFO - Processing /home/airflow/.local/lib/python3.8/site-packages/airflow/example_dags/example_latest_only.py took 0.041 seconds
[2024-03-27T01:13:48.132+0000] {processor.py:161} INFO - Started process (PID=8602) to work on /home/airflow/.local/lib/python3.8/site-packages/airflow/example_dags/example_latest_only.py
[2024-03-27T01:13:48.132+0000] {processor.py:830} INFO - Processing file /home/airflow/.local/lib/python3.8/site-packages/airflow/example_dags/example_latest_only.py for tasks to queue
[2024-03-27T01:13:48.133+0000] {logging_mixin.py:188} INFO - [2024-03-27T01:13:48.133+0000] {dagbag.py:540} INFO - Filling up the DagBag from /home/airflow/.local/lib/python3.8/site-packages/airflow/example_dags/example_latest_only.py
[2024-03-27T01:13:48.136+0000] {processor.py:840} INFO - DAG(s) 'latest_only' retrieved from /home/airflow/.local/lib/python3.8/site-packages/airflow/example_dags/example_latest_only.py
[2024-03-27T01:13:48.146+0000] {logging_mixin.py:188} INFO - [2024-03-27T01:13:48.146+0000] {dag.py:3047} INFO - Sync 1 DAGs
[2024-03-27T01:13:48.160+0000] {logging_mixin.py:188} INFO - [2024-03-27T01:13:48.160+0000] {dag.py:3834} INFO - Setting next_dagrun for latest_only to 2024-03-26 20:00:00+00:00, run_after=2024-03-27 00:00:00+00:00
[2024-03-27T01:13:48.169+0000] {processor.py:183} INFO - Processing /home/airflow/.local/lib/python3.8/site-packages/airflow/example_dags/example_latest_only.py took 0.039 seconds
[2024-03-27T01:47:17.070+0000] {processor.py:161} INFO - Started process (PID=8657) to work on /home/airflow/.local/lib/python3.8/site-packages/airflow/example_dags/example_latest_only.py
[2024-03-27T01:47:17.070+0000] {processor.py:830} INFO - Processing file /home/airflow/.local/lib/python3.8/site-packages/airflow/example_dags/example_latest_only.py for tasks to queue
[2024-03-27T01:47:17.071+0000] {logging_mixin.py:188} INFO - [2024-03-27T01:47:17.071+0000] {dagbag.py:540} INFO - Filling up the DagBag from /home/airflow/.local/lib/python3.8/site-packages/airflow/example_dags/example_latest_only.py
[2024-03-27T01:47:17.074+0000] {processor.py:840} INFO - DAG(s) 'latest_only' retrieved from /home/airflow/.local/lib/python3.8/site-packages/airflow/example_dags/example_latest_only.py
[2024-03-27T01:47:17.084+0000] {logging_mixin.py:188} INFO - [2024-03-27T01:47:17.084+0000] {dag.py:3047} INFO - Sync 1 DAGs
[2024-03-27T01:47:17.094+0000] {logging_mixin.py:188} INFO - [2024-03-27T01:47:17.094+0000] {dag.py:3834} INFO - Setting next_dagrun for latest_only to 2024-03-26 20:00:00+00:00, run_after=2024-03-27 00:00:00+00:00
[2024-03-27T01:47:17.102+0000] {processor.py:183} INFO - Processing /home/airflow/.local/lib/python3.8/site-packages/airflow/example_dags/example_latest_only.py took 0.034 seconds
[2024-03-27T02:30:30.268+0000] {processor.py:161} INFO - Started process (PID=8712) to work on /home/airflow/.local/lib/python3.8/site-packages/airflow/example_dags/example_latest_only.py
[2024-03-27T02:30:30.268+0000] {processor.py:830} INFO - Processing file /home/airflow/.local/lib/python3.8/site-packages/airflow/example_dags/example_latest_only.py for tasks to queue
[2024-03-27T02:30:30.269+0000] {logging_mixin.py:188} INFO - [2024-03-27T02:30:30.269+0000] {dagbag.py:540} INFO - Filling up the DagBag from /home/airflow/.local/lib/python3.8/site-packages/airflow/example_dags/example_latest_only.py
[2024-03-27T02:30:30.272+0000] {processor.py:840} INFO - DAG(s) 'latest_only' retrieved from /home/airflow/.local/lib/python3.8/site-packages/airflow/example_dags/example_latest_only.py
[2024-03-27T02:30:30.282+0000] {logging_mixin.py:188} INFO - [2024-03-27T02:30:30.282+0000] {dag.py:3047} INFO - Sync 1 DAGs
[2024-03-27T02:30:30.292+0000] {logging_mixin.py:188} INFO - [2024-03-27T02:30:30.292+0000] {dag.py:3834} INFO - Setting next_dagrun for latest_only to 2024-03-26 20:00:00+00:00, run_after=2024-03-27 00:00:00+00:00
[2024-03-27T02:30:30.300+0000] {processor.py:183} INFO - Processing /home/airflow/.local/lib/python3.8/site-packages/airflow/example_dags/example_latest_only.py took 0.034 seconds
[2024-03-27T02:31:21.060+0000] {processor.py:161} INFO - Started process (PID=8767) to work on /home/airflow/.local/lib/python3.8/site-packages/airflow/example_dags/example_latest_only.py
[2024-03-27T02:31:21.061+0000] {processor.py:830} INFO - Processing file /home/airflow/.local/lib/python3.8/site-packages/airflow/example_dags/example_latest_only.py for tasks to queue
[2024-03-27T02:31:21.062+0000] {logging_mixin.py:188} INFO - [2024-03-27T02:31:21.062+0000] {dagbag.py:540} INFO - Filling up the DagBag from /home/airflow/.local/lib/python3.8/site-packages/airflow/example_dags/example_latest_only.py
[2024-03-27T02:31:21.065+0000] {processor.py:840} INFO - DAG(s) 'latest_only' retrieved from /home/airflow/.local/lib/python3.8/site-packages/airflow/example_dags/example_latest_only.py
[2024-03-27T02:31:21.075+0000] {logging_mixin.py:188} INFO - [2024-03-27T02:31:21.075+0000] {dag.py:3047} INFO - Sync 1 DAGs
[2024-03-27T02:31:21.087+0000] {logging_mixin.py:188} INFO - [2024-03-27T02:31:21.086+0000] {dag.py:3834} INFO - Setting next_dagrun for latest_only to 2024-03-26 20:00:00+00:00, run_after=2024-03-27 00:00:00+00:00
[2024-03-27T02:31:21.096+0000] {processor.py:183} INFO - Processing /home/airflow/.local/lib/python3.8/site-packages/airflow/example_dags/example_latest_only.py took 0.037 seconds
[2024-03-27T02:33:49.967+0000] {processor.py:161} INFO - Started process (PID=8822) to work on /home/airflow/.local/lib/python3.8/site-packages/airflow/example_dags/example_latest_only.py
[2024-03-27T02:33:49.968+0000] {processor.py:830} INFO - Processing file /home/airflow/.local/lib/python3.8/site-packages/airflow/example_dags/example_latest_only.py for tasks to queue
[2024-03-27T02:33:49.969+0000] {logging_mixin.py:188} INFO - [2024-03-27T02:33:49.969+0000] {dagbag.py:540} INFO - Filling up the DagBag from /home/airflow/.local/lib/python3.8/site-packages/airflow/example_dags/example_latest_only.py
[2024-03-27T02:33:49.972+0000] {processor.py:840} INFO - DAG(s) 'latest_only' retrieved from /home/airflow/.local/lib/python3.8/site-packages/airflow/example_dags/example_latest_only.py
[2024-03-27T02:33:49.982+0000] {logging_mixin.py:188} INFO - [2024-03-27T02:33:49.982+0000] {dag.py:3047} INFO - Sync 1 DAGs
[2024-03-27T02:33:49.993+0000] {logging_mixin.py:188} INFO - [2024-03-27T02:33:49.993+0000] {dag.py:3834} INFO - Setting next_dagrun for latest_only to 2024-03-26 20:00:00+00:00, run_after=2024-03-27 00:00:00+00:00
[2024-03-27T02:33:50.002+0000] {processor.py:183} INFO - Processing /home/airflow/.local/lib/python3.8/site-packages/airflow/example_dags/example_latest_only.py took 0.037 seconds
[2024-03-27T02:49:02.110+0000] {processor.py:161} INFO - Started process (PID=8877) to work on /home/airflow/.local/lib/python3.8/site-packages/airflow/example_dags/example_latest_only.py
[2024-03-27T02:49:02.111+0000] {processor.py:830} INFO - Processing file /home/airflow/.local/lib/python3.8/site-packages/airflow/example_dags/example_latest_only.py for tasks to queue
[2024-03-27T02:49:02.112+0000] {logging_mixin.py:188} INFO - [2024-03-27T02:49:02.112+0000] {dagbag.py:540} INFO - Filling up the DagBag from /home/airflow/.local/lib/python3.8/site-packages/airflow/example_dags/example_latest_only.py
[2024-03-27T02:49:02.115+0000] {processor.py:840} INFO - DAG(s) 'latest_only' retrieved from /home/airflow/.local/lib/python3.8/site-packages/airflow/example_dags/example_latest_only.py
[2024-03-27T02:49:02.126+0000] {logging_mixin.py:188} INFO - [2024-03-27T02:49:02.126+0000] {dag.py:3047} INFO - Sync 1 DAGs
[2024-03-27T02:49:02.139+0000] {logging_mixin.py:188} INFO - [2024-03-27T02:49:02.138+0000] {dag.py:3834} INFO - Setting next_dagrun for latest_only to 2024-03-26 20:00:00+00:00, run_after=2024-03-27 00:00:00+00:00
[2024-03-27T02:49:02.148+0000] {processor.py:183} INFO - Processing /home/airflow/.local/lib/python3.8/site-packages/airflow/example_dags/example_latest_only.py took 0.039 seconds
[2024-03-27T02:49:32.977+0000] {processor.py:161} INFO - Started process (PID=8932) to work on /home/airflow/.local/lib/python3.8/site-packages/airflow/example_dags/example_latest_only.py
[2024-03-27T02:49:32.978+0000] {processor.py:830} INFO - Processing file /home/airflow/.local/lib/python3.8/site-packages/airflow/example_dags/example_latest_only.py for tasks to queue
[2024-03-27T02:49:32.979+0000] {logging_mixin.py:188} INFO - [2024-03-27T02:49:32.978+0000] {dagbag.py:540} INFO - Filling up the DagBag from /home/airflow/.local/lib/python3.8/site-packages/airflow/example_dags/example_latest_only.py
[2024-03-27T02:49:32.981+0000] {processor.py:840} INFO - DAG(s) 'latest_only' retrieved from /home/airflow/.local/lib/python3.8/site-packages/airflow/example_dags/example_latest_only.py
[2024-03-27T02:49:32.991+0000] {logging_mixin.py:188} INFO - [2024-03-27T02:49:32.991+0000] {dag.py:3047} INFO - Sync 1 DAGs
[2024-03-27T02:49:33.001+0000] {logging_mixin.py:188} INFO - [2024-03-27T02:49:33.001+0000] {dag.py:3834} INFO - Setting next_dagrun for latest_only to 2024-03-26 20:00:00+00:00, run_after=2024-03-27 00:00:00+00:00
[2024-03-27T02:49:33.009+0000] {processor.py:183} INFO - Processing /home/airflow/.local/lib/python3.8/site-packages/airflow/example_dags/example_latest_only.py took 0.034 seconds
[2024-03-27T02:50:03.699+0000] {processor.py:161} INFO - Started process (PID=8987) to work on /home/airflow/.local/lib/python3.8/site-packages/airflow/example_dags/example_latest_only.py
[2024-03-27T02:50:03.699+0000] {processor.py:830} INFO - Processing file /home/airflow/.local/lib/python3.8/site-packages/airflow/example_dags/example_latest_only.py for tasks to queue
[2024-03-27T02:50:03.700+0000] {logging_mixin.py:188} INFO - [2024-03-27T02:50:03.700+0000] {dagbag.py:540} INFO - Filling up the DagBag from /home/airflow/.local/lib/python3.8/site-packages/airflow/example_dags/example_latest_only.py
[2024-03-27T02:50:03.703+0000] {processor.py:840} INFO - DAG(s) 'latest_only' retrieved from /home/airflow/.local/lib/python3.8/site-packages/airflow/example_dags/example_latest_only.py
[2024-03-27T02:50:03.713+0000] {logging_mixin.py:188} INFO - [2024-03-27T02:50:03.713+0000] {dag.py:3047} INFO - Sync 1 DAGs
[2024-03-27T02:50:03.725+0000] {logging_mixin.py:188} INFO - [2024-03-27T02:50:03.725+0000] {dag.py:3834} INFO - Setting next_dagrun for latest_only to 2024-03-26 20:00:00+00:00, run_after=2024-03-27 00:00:00+00:00
[2024-03-27T02:50:03.734+0000] {processor.py:183} INFO - Processing /home/airflow/.local/lib/python3.8/site-packages/airflow/example_dags/example_latest_only.py took 0.037 seconds
[2024-03-27T02:50:34.509+0000] {processor.py:161} INFO - Started process (PID=9042) to work on /home/airflow/.local/lib/python3.8/site-packages/airflow/example_dags/example_latest_only.py
[2024-03-27T02:50:34.510+0000] {processor.py:830} INFO - Processing file /home/airflow/.local/lib/python3.8/site-packages/airflow/example_dags/example_latest_only.py for tasks to queue
[2024-03-27T02:50:34.511+0000] {logging_mixin.py:188} INFO - [2024-03-27T02:50:34.511+0000] {dagbag.py:540} INFO - Filling up the DagBag from /home/airflow/.local/lib/python3.8/site-packages/airflow/example_dags/example_latest_only.py
[2024-03-27T02:50:34.514+0000] {processor.py:840} INFO - DAG(s) 'latest_only' retrieved from /home/airflow/.local/lib/python3.8/site-packages/airflow/example_dags/example_latest_only.py
[2024-03-27T02:50:34.524+0000] {logging_mixin.py:188} INFO - [2024-03-27T02:50:34.523+0000] {dag.py:3047} INFO - Sync 1 DAGs
[2024-03-27T02:50:34.535+0000] {logging_mixin.py:188} INFO - [2024-03-27T02:50:34.534+0000] {dag.py:3834} INFO - Setting next_dagrun for latest_only to 2024-03-26 20:00:00+00:00, run_after=2024-03-27 00:00:00+00:00
[2024-03-27T02:50:34.543+0000] {processor.py:183} INFO - Processing /home/airflow/.local/lib/python3.8/site-packages/airflow/example_dags/example_latest_only.py took 0.036 seconds
[2024-03-27T18:16:33.896+0000] {processor.py:161} INFO - Started process (PID=76) to work on /home/airflow/.local/lib/python3.8/site-packages/airflow/example_dags/example_latest_only.py
[2024-03-27T18:16:33.900+0000] {processor.py:830} INFO - Processing file /home/airflow/.local/lib/python3.8/site-packages/airflow/example_dags/example_latest_only.py for tasks to queue
[2024-03-27T18:16:33.901+0000] {logging_mixin.py:188} INFO - [2024-03-27T18:16:33.901+0000] {dagbag.py:540} INFO - Filling up the DagBag from /home/airflow/.local/lib/python3.8/site-packages/airflow/example_dags/example_latest_only.py
[2024-03-27T18:16:33.907+0000] {processor.py:840} INFO - DAG(s) 'latest_only' retrieved from /home/airflow/.local/lib/python3.8/site-packages/airflow/example_dags/example_latest_only.py
[2024-03-27T18:16:33.925+0000] {logging_mixin.py:188} INFO - [2024-03-27T18:16:33.925+0000] {dag.py:3047} INFO - Sync 1 DAGs
[2024-03-27T18:16:33.944+0000] {logging_mixin.py:188} INFO - [2024-03-27T18:16:33.944+0000] {dag.py:3834} INFO - Setting next_dagrun for latest_only to 2024-03-27 12:00:00+00:00, run_after=2024-03-27 16:00:00+00:00
[2024-03-27T18:16:33.965+0000] {processor.py:183} INFO - Processing /home/airflow/.local/lib/python3.8/site-packages/airflow/example_dags/example_latest_only.py took 0.071 seconds
