[2024-03-27T00:00:24.151+0000] {processor.py:161} INFO - Started process (PID=5241) to work on /home/airflow/.local/lib/python3.8/site-packages/airflow/example_dags/example_complex.py
[2024-03-27T00:00:24.152+0000] {processor.py:830} INFO - Processing file /home/airflow/.local/lib/python3.8/site-packages/airflow/example_dags/example_complex.py for tasks to queue
[2024-03-27T00:00:24.153+0000] {logging_mixin.py:188} INFO - [2024-03-27T00:00:24.153+0000] {dagbag.py:540} INFO - Filling up the DagBag from /home/airflow/.local/lib/python3.8/site-packages/airflow/example_dags/example_complex.py
[2024-03-27T00:00:24.159+0000] {processor.py:840} INFO - DAG(s) 'example_complex' retrieved from /home/airflow/.local/lib/python3.8/site-packages/airflow/example_dags/example_complex.py
[2024-03-27T00:00:24.174+0000] {logging_mixin.py:188} INFO - [2024-03-27T00:00:24.174+0000] {dag.py:3047} INFO - Sync 1 DAGs
[2024-03-27T00:00:24.180+0000] {logging_mixin.py:188} INFO - [2024-03-27T00:00:24.180+0000] {dag.py:3834} INFO - Setting next_dagrun for example_complex to None, run_after=None
[2024-03-27T00:00:24.189+0000] {processor.py:183} INFO - Processing /home/airflow/.local/lib/python3.8/site-packages/airflow/example_dags/example_complex.py took 0.039 seconds
[2024-03-27T00:00:55.099+0000] {processor.py:161} INFO - Started process (PID=5296) to work on /home/airflow/.local/lib/python3.8/site-packages/airflow/example_dags/example_complex.py
[2024-03-27T00:00:55.099+0000] {processor.py:830} INFO - Processing file /home/airflow/.local/lib/python3.8/site-packages/airflow/example_dags/example_complex.py for tasks to queue
[2024-03-27T00:00:55.100+0000] {logging_mixin.py:188} INFO - [2024-03-27T00:00:55.100+0000] {dagbag.py:540} INFO - Filling up the DagBag from /home/airflow/.local/lib/python3.8/site-packages/airflow/example_dags/example_complex.py
[2024-03-27T00:00:55.106+0000] {processor.py:840} INFO - DAG(s) 'example_complex' retrieved from /home/airflow/.local/lib/python3.8/site-packages/airflow/example_dags/example_complex.py
[2024-03-27T00:00:55.122+0000] {logging_mixin.py:188} INFO - [2024-03-27T00:00:55.121+0000] {dag.py:3047} INFO - Sync 1 DAGs
[2024-03-27T00:00:55.132+0000] {logging_mixin.py:188} INFO - [2024-03-27T00:00:55.132+0000] {dag.py:3834} INFO - Setting next_dagrun for example_complex to None, run_after=None
[2024-03-27T00:00:55.142+0000] {processor.py:183} INFO - Processing /home/airflow/.local/lib/python3.8/site-packages/airflow/example_dags/example_complex.py took 0.045 seconds
[2024-03-27T00:01:25.946+0000] {processor.py:161} INFO - Started process (PID=5351) to work on /home/airflow/.local/lib/python3.8/site-packages/airflow/example_dags/example_complex.py
[2024-03-27T00:01:25.947+0000] {processor.py:830} INFO - Processing file /home/airflow/.local/lib/python3.8/site-packages/airflow/example_dags/example_complex.py for tasks to queue
[2024-03-27T00:01:25.948+0000] {logging_mixin.py:188} INFO - [2024-03-27T00:01:25.947+0000] {dagbag.py:540} INFO - Filling up the DagBag from /home/airflow/.local/lib/python3.8/site-packages/airflow/example_dags/example_complex.py
[2024-03-27T00:01:25.953+0000] {processor.py:840} INFO - DAG(s) 'example_complex' retrieved from /home/airflow/.local/lib/python3.8/site-packages/airflow/example_dags/example_complex.py
[2024-03-27T00:01:25.967+0000] {logging_mixin.py:188} INFO - [2024-03-27T00:01:25.967+0000] {dag.py:3047} INFO - Sync 1 DAGs
[2024-03-27T00:01:25.972+0000] {logging_mixin.py:188} INFO - [2024-03-27T00:01:25.972+0000] {dag.py:3834} INFO - Setting next_dagrun for example_complex to None, run_after=None
[2024-03-27T00:01:25.980+0000] {processor.py:183} INFO - Processing /home/airflow/.local/lib/python3.8/site-packages/airflow/example_dags/example_complex.py took 0.035 seconds
[2024-03-27T00:01:56.963+0000] {processor.py:161} INFO - Started process (PID=5406) to work on /home/airflow/.local/lib/python3.8/site-packages/airflow/example_dags/example_complex.py
[2024-03-27T00:01:56.964+0000] {processor.py:830} INFO - Processing file /home/airflow/.local/lib/python3.8/site-packages/airflow/example_dags/example_complex.py for tasks to queue
[2024-03-27T00:01:56.965+0000] {logging_mixin.py:188} INFO - [2024-03-27T00:01:56.965+0000] {dagbag.py:540} INFO - Filling up the DagBag from /home/airflow/.local/lib/python3.8/site-packages/airflow/example_dags/example_complex.py
[2024-03-27T00:01:56.971+0000] {processor.py:840} INFO - DAG(s) 'example_complex' retrieved from /home/airflow/.local/lib/python3.8/site-packages/airflow/example_dags/example_complex.py
[2024-03-27T00:01:56.986+0000] {logging_mixin.py:188} INFO - [2024-03-27T00:01:56.986+0000] {dag.py:3047} INFO - Sync 1 DAGs
[2024-03-27T00:01:56.992+0000] {logging_mixin.py:188} INFO - [2024-03-27T00:01:56.992+0000] {dag.py:3834} INFO - Setting next_dagrun for example_complex to None, run_after=None
[2024-03-27T00:01:57.001+0000] {processor.py:183} INFO - Processing /home/airflow/.local/lib/python3.8/site-packages/airflow/example_dags/example_complex.py took 0.039 seconds
[2024-03-27T00:02:27.930+0000] {processor.py:161} INFO - Started process (PID=5461) to work on /home/airflow/.local/lib/python3.8/site-packages/airflow/example_dags/example_complex.py
[2024-03-27T00:02:27.931+0000] {processor.py:830} INFO - Processing file /home/airflow/.local/lib/python3.8/site-packages/airflow/example_dags/example_complex.py for tasks to queue
[2024-03-27T00:02:27.932+0000] {logging_mixin.py:188} INFO - [2024-03-27T00:02:27.932+0000] {dagbag.py:540} INFO - Filling up the DagBag from /home/airflow/.local/lib/python3.8/site-packages/airflow/example_dags/example_complex.py
[2024-03-27T00:02:27.937+0000] {processor.py:840} INFO - DAG(s) 'example_complex' retrieved from /home/airflow/.local/lib/python3.8/site-packages/airflow/example_dags/example_complex.py
[2024-03-27T00:02:27.951+0000] {logging_mixin.py:188} INFO - [2024-03-27T00:02:27.951+0000] {dag.py:3047} INFO - Sync 1 DAGs
[2024-03-27T00:02:27.956+0000] {logging_mixin.py:188} INFO - [2024-03-27T00:02:27.956+0000] {dag.py:3834} INFO - Setting next_dagrun for example_complex to None, run_after=None
[2024-03-27T00:02:27.964+0000] {processor.py:183} INFO - Processing /home/airflow/.local/lib/python3.8/site-packages/airflow/example_dags/example_complex.py took 0.035 seconds
[2024-03-27T00:02:59.086+0000] {processor.py:161} INFO - Started process (PID=5516) to work on /home/airflow/.local/lib/python3.8/site-packages/airflow/example_dags/example_complex.py
[2024-03-27T00:02:59.088+0000] {processor.py:830} INFO - Processing file /home/airflow/.local/lib/python3.8/site-packages/airflow/example_dags/example_complex.py for tasks to queue
[2024-03-27T00:02:59.091+0000] {logging_mixin.py:188} INFO - [2024-03-27T00:02:59.091+0000] {dagbag.py:540} INFO - Filling up the DagBag from /home/airflow/.local/lib/python3.8/site-packages/airflow/example_dags/example_complex.py
[2024-03-27T00:02:59.098+0000] {processor.py:840} INFO - DAG(s) 'example_complex' retrieved from /home/airflow/.local/lib/python3.8/site-packages/airflow/example_dags/example_complex.py
[2024-03-27T00:02:59.119+0000] {logging_mixin.py:188} INFO - [2024-03-27T00:02:59.118+0000] {dag.py:3047} INFO - Sync 1 DAGs
[2024-03-27T00:02:59.128+0000] {logging_mixin.py:188} INFO - [2024-03-27T00:02:59.128+0000] {dag.py:3834} INFO - Setting next_dagrun for example_complex to None, run_after=None
[2024-03-27T00:02:59.143+0000] {processor.py:183} INFO - Processing /home/airflow/.local/lib/python3.8/site-packages/airflow/example_dags/example_complex.py took 0.062 seconds
[2024-03-27T00:03:30.301+0000] {processor.py:161} INFO - Started process (PID=5570) to work on /home/airflow/.local/lib/python3.8/site-packages/airflow/example_dags/example_complex.py
[2024-03-27T00:03:30.305+0000] {processor.py:830} INFO - Processing file /home/airflow/.local/lib/python3.8/site-packages/airflow/example_dags/example_complex.py for tasks to queue
[2024-03-27T00:03:30.308+0000] {logging_mixin.py:188} INFO - [2024-03-27T00:03:30.307+0000] {dagbag.py:540} INFO - Filling up the DagBag from /home/airflow/.local/lib/python3.8/site-packages/airflow/example_dags/example_complex.py
[2024-03-27T00:03:30.321+0000] {processor.py:840} INFO - DAG(s) 'example_complex' retrieved from /home/airflow/.local/lib/python3.8/site-packages/airflow/example_dags/example_complex.py
[2024-03-27T00:03:30.355+0000] {logging_mixin.py:188} INFO - [2024-03-27T00:03:30.355+0000] {dag.py:3047} INFO - Sync 1 DAGs
[2024-03-27T00:03:30.376+0000] {logging_mixin.py:188} INFO - [2024-03-27T00:03:30.376+0000] {dag.py:3834} INFO - Setting next_dagrun for example_complex to None, run_after=None
[2024-03-27T00:03:30.395+0000] {processor.py:183} INFO - Processing /home/airflow/.local/lib/python3.8/site-packages/airflow/example_dags/example_complex.py took 0.104 seconds
[2024-03-27T00:04:03.310+0000] {processor.py:161} INFO - Started process (PID=5625) to work on /home/airflow/.local/lib/python3.8/site-packages/airflow/example_dags/example_complex.py
[2024-03-27T00:04:03.311+0000] {processor.py:830} INFO - Processing file /home/airflow/.local/lib/python3.8/site-packages/airflow/example_dags/example_complex.py for tasks to queue
[2024-03-27T00:04:03.312+0000] {logging_mixin.py:188} INFO - [2024-03-27T00:04:03.311+0000] {dagbag.py:540} INFO - Filling up the DagBag from /home/airflow/.local/lib/python3.8/site-packages/airflow/example_dags/example_complex.py
[2024-03-27T00:04:03.317+0000] {processor.py:840} INFO - DAG(s) 'example_complex' retrieved from /home/airflow/.local/lib/python3.8/site-packages/airflow/example_dags/example_complex.py
[2024-03-27T00:04:03.331+0000] {logging_mixin.py:188} INFO - [2024-03-27T00:04:03.331+0000] {dag.py:3047} INFO - Sync 1 DAGs
[2024-03-27T00:04:03.337+0000] {logging_mixin.py:188} INFO - [2024-03-27T00:04:03.337+0000] {dag.py:3834} INFO - Setting next_dagrun for example_complex to None, run_after=None
[2024-03-27T00:04:03.345+0000] {processor.py:183} INFO - Processing /home/airflow/.local/lib/python3.8/site-packages/airflow/example_dags/example_complex.py took 0.037 seconds
[2024-03-27T00:04:34.024+0000] {processor.py:161} INFO - Started process (PID=5680) to work on /home/airflow/.local/lib/python3.8/site-packages/airflow/example_dags/example_complex.py
[2024-03-27T00:04:34.024+0000] {processor.py:830} INFO - Processing file /home/airflow/.local/lib/python3.8/site-packages/airflow/example_dags/example_complex.py for tasks to queue
[2024-03-27T00:04:34.026+0000] {logging_mixin.py:188} INFO - [2024-03-27T00:04:34.025+0000] {dagbag.py:540} INFO - Filling up the DagBag from /home/airflow/.local/lib/python3.8/site-packages/airflow/example_dags/example_complex.py
[2024-03-27T00:04:34.031+0000] {processor.py:840} INFO - DAG(s) 'example_complex' retrieved from /home/airflow/.local/lib/python3.8/site-packages/airflow/example_dags/example_complex.py
[2024-03-27T00:04:34.047+0000] {logging_mixin.py:188} INFO - [2024-03-27T00:04:34.047+0000] {dag.py:3047} INFO - Sync 1 DAGs
[2024-03-27T00:04:34.053+0000] {logging_mixin.py:188} INFO - [2024-03-27T00:04:34.052+0000] {dag.py:3834} INFO - Setting next_dagrun for example_complex to None, run_after=None
[2024-03-27T00:04:34.061+0000] {processor.py:183} INFO - Processing /home/airflow/.local/lib/python3.8/site-packages/airflow/example_dags/example_complex.py took 0.039 seconds
[2024-03-27T00:05:04.774+0000] {processor.py:161} INFO - Started process (PID=5735) to work on /home/airflow/.local/lib/python3.8/site-packages/airflow/example_dags/example_complex.py
[2024-03-27T00:05:04.776+0000] {processor.py:830} INFO - Processing file /home/airflow/.local/lib/python3.8/site-packages/airflow/example_dags/example_complex.py for tasks to queue
[2024-03-27T00:05:04.777+0000] {logging_mixin.py:188} INFO - [2024-03-27T00:05:04.777+0000] {dagbag.py:540} INFO - Filling up the DagBag from /home/airflow/.local/lib/python3.8/site-packages/airflow/example_dags/example_complex.py
[2024-03-27T00:05:04.782+0000] {processor.py:840} INFO - DAG(s) 'example_complex' retrieved from /home/airflow/.local/lib/python3.8/site-packages/airflow/example_dags/example_complex.py
[2024-03-27T00:05:04.797+0000] {logging_mixin.py:188} INFO - [2024-03-27T00:05:04.796+0000] {dag.py:3047} INFO - Sync 1 DAGs
[2024-03-27T00:05:04.802+0000] {logging_mixin.py:188} INFO - [2024-03-27T00:05:04.802+0000] {dag.py:3834} INFO - Setting next_dagrun for example_complex to None, run_after=None
[2024-03-27T00:05:04.810+0000] {processor.py:183} INFO - Processing /home/airflow/.local/lib/python3.8/site-packages/airflow/example_dags/example_complex.py took 0.038 seconds
[2024-03-27T00:05:35.466+0000] {processor.py:161} INFO - Started process (PID=5790) to work on /home/airflow/.local/lib/python3.8/site-packages/airflow/example_dags/example_complex.py
[2024-03-27T00:05:35.467+0000] {processor.py:830} INFO - Processing file /home/airflow/.local/lib/python3.8/site-packages/airflow/example_dags/example_complex.py for tasks to queue
[2024-03-27T00:05:35.468+0000] {logging_mixin.py:188} INFO - [2024-03-27T00:05:35.468+0000] {dagbag.py:540} INFO - Filling up the DagBag from /home/airflow/.local/lib/python3.8/site-packages/airflow/example_dags/example_complex.py
[2024-03-27T00:05:35.473+0000] {processor.py:840} INFO - DAG(s) 'example_complex' retrieved from /home/airflow/.local/lib/python3.8/site-packages/airflow/example_dags/example_complex.py
[2024-03-27T00:05:35.489+0000] {logging_mixin.py:188} INFO - [2024-03-27T00:05:35.488+0000] {dag.py:3047} INFO - Sync 1 DAGs
[2024-03-27T00:05:35.495+0000] {logging_mixin.py:188} INFO - [2024-03-27T00:05:35.495+0000] {dag.py:3834} INFO - Setting next_dagrun for example_complex to None, run_after=None
[2024-03-27T00:05:35.504+0000] {processor.py:183} INFO - Processing /home/airflow/.local/lib/python3.8/site-packages/airflow/example_dags/example_complex.py took 0.040 seconds
[2024-03-27T00:06:06.166+0000] {processor.py:161} INFO - Started process (PID=5845) to work on /home/airflow/.local/lib/python3.8/site-packages/airflow/example_dags/example_complex.py
[2024-03-27T00:06:06.167+0000] {processor.py:830} INFO - Processing file /home/airflow/.local/lib/python3.8/site-packages/airflow/example_dags/example_complex.py for tasks to queue
[2024-03-27T00:06:06.168+0000] {logging_mixin.py:188} INFO - [2024-03-27T00:06:06.168+0000] {dagbag.py:540} INFO - Filling up the DagBag from /home/airflow/.local/lib/python3.8/site-packages/airflow/example_dags/example_complex.py
[2024-03-27T00:06:06.173+0000] {processor.py:840} INFO - DAG(s) 'example_complex' retrieved from /home/airflow/.local/lib/python3.8/site-packages/airflow/example_dags/example_complex.py
[2024-03-27T00:06:06.187+0000] {logging_mixin.py:188} INFO - [2024-03-27T00:06:06.187+0000] {dag.py:3047} INFO - Sync 1 DAGs
[2024-03-27T00:06:06.193+0000] {logging_mixin.py:188} INFO - [2024-03-27T00:06:06.193+0000] {dag.py:3834} INFO - Setting next_dagrun for example_complex to None, run_after=None
[2024-03-27T00:06:06.201+0000] {processor.py:183} INFO - Processing /home/airflow/.local/lib/python3.8/site-packages/airflow/example_dags/example_complex.py took 0.037 seconds
[2024-03-27T00:09:25.514+0000] {processor.py:161} INFO - Started process (PID=5900) to work on /home/airflow/.local/lib/python3.8/site-packages/airflow/example_dags/example_complex.py
[2024-03-27T00:09:25.515+0000] {processor.py:830} INFO - Processing file /home/airflow/.local/lib/python3.8/site-packages/airflow/example_dags/example_complex.py for tasks to queue
[2024-03-27T00:09:25.517+0000] {logging_mixin.py:188} INFO - [2024-03-27T00:09:25.516+0000] {dagbag.py:540} INFO - Filling up the DagBag from /home/airflow/.local/lib/python3.8/site-packages/airflow/example_dags/example_complex.py
[2024-03-27T00:09:25.522+0000] {processor.py:840} INFO - DAG(s) 'example_complex' retrieved from /home/airflow/.local/lib/python3.8/site-packages/airflow/example_dags/example_complex.py
[2024-03-27T00:09:25.538+0000] {logging_mixin.py:188} INFO - [2024-03-27T00:09:25.538+0000] {dag.py:3047} INFO - Sync 1 DAGs
[2024-03-27T00:09:25.545+0000] {logging_mixin.py:188} INFO - [2024-03-27T00:09:25.545+0000] {dag.py:3834} INFO - Setting next_dagrun for example_complex to None, run_after=None
[2024-03-27T00:09:25.554+0000] {processor.py:183} INFO - Processing /home/airflow/.local/lib/python3.8/site-packages/airflow/example_dags/example_complex.py took 0.042 seconds
[2024-03-27T00:09:56.393+0000] {processor.py:161} INFO - Started process (PID=5954) to work on /home/airflow/.local/lib/python3.8/site-packages/airflow/example_dags/example_complex.py
[2024-03-27T00:09:56.394+0000] {processor.py:830} INFO - Processing file /home/airflow/.local/lib/python3.8/site-packages/airflow/example_dags/example_complex.py for tasks to queue
[2024-03-27T00:09:56.395+0000] {logging_mixin.py:188} INFO - [2024-03-27T00:09:56.395+0000] {dagbag.py:540} INFO - Filling up the DagBag from /home/airflow/.local/lib/python3.8/site-packages/airflow/example_dags/example_complex.py
[2024-03-27T00:09:56.401+0000] {processor.py:840} INFO - DAG(s) 'example_complex' retrieved from /home/airflow/.local/lib/python3.8/site-packages/airflow/example_dags/example_complex.py
[2024-03-27T00:09:56.416+0000] {logging_mixin.py:188} INFO - [2024-03-27T00:09:56.416+0000] {dag.py:3047} INFO - Sync 1 DAGs
[2024-03-27T00:09:56.422+0000] {logging_mixin.py:188} INFO - [2024-03-27T00:09:56.422+0000] {dag.py:3834} INFO - Setting next_dagrun for example_complex to None, run_after=None
[2024-03-27T00:09:56.431+0000] {processor.py:183} INFO - Processing /home/airflow/.local/lib/python3.8/site-packages/airflow/example_dags/example_complex.py took 0.039 seconds
[2024-03-27T00:10:27.432+0000] {processor.py:161} INFO - Started process (PID=6009) to work on /home/airflow/.local/lib/python3.8/site-packages/airflow/example_dags/example_complex.py
[2024-03-27T00:10:27.433+0000] {processor.py:830} INFO - Processing file /home/airflow/.local/lib/python3.8/site-packages/airflow/example_dags/example_complex.py for tasks to queue
[2024-03-27T00:10:27.434+0000] {logging_mixin.py:188} INFO - [2024-03-27T00:10:27.433+0000] {dagbag.py:540} INFO - Filling up the DagBag from /home/airflow/.local/lib/python3.8/site-packages/airflow/example_dags/example_complex.py
[2024-03-27T00:10:27.439+0000] {processor.py:840} INFO - DAG(s) 'example_complex' retrieved from /home/airflow/.local/lib/python3.8/site-packages/airflow/example_dags/example_complex.py
[2024-03-27T00:10:27.454+0000] {logging_mixin.py:188} INFO - [2024-03-27T00:10:27.454+0000] {dag.py:3047} INFO - Sync 1 DAGs
[2024-03-27T00:10:27.459+0000] {logging_mixin.py:188} INFO - [2024-03-27T00:10:27.459+0000] {dag.py:3834} INFO - Setting next_dagrun for example_complex to None, run_after=None
[2024-03-27T00:10:27.468+0000] {processor.py:183} INFO - Processing /home/airflow/.local/lib/python3.8/site-packages/airflow/example_dags/example_complex.py took 0.038 seconds
[2024-03-27T00:10:58.428+0000] {processor.py:161} INFO - Started process (PID=6064) to work on /home/airflow/.local/lib/python3.8/site-packages/airflow/example_dags/example_complex.py
[2024-03-27T00:10:58.428+0000] {processor.py:830} INFO - Processing file /home/airflow/.local/lib/python3.8/site-packages/airflow/example_dags/example_complex.py for tasks to queue
[2024-03-27T00:10:58.429+0000] {logging_mixin.py:188} INFO - [2024-03-27T00:10:58.429+0000] {dagbag.py:540} INFO - Filling up the DagBag from /home/airflow/.local/lib/python3.8/site-packages/airflow/example_dags/example_complex.py
[2024-03-27T00:10:58.435+0000] {processor.py:840} INFO - DAG(s) 'example_complex' retrieved from /home/airflow/.local/lib/python3.8/site-packages/airflow/example_dags/example_complex.py
[2024-03-27T00:10:58.449+0000] {logging_mixin.py:188} INFO - [2024-03-27T00:10:58.449+0000] {dag.py:3047} INFO - Sync 1 DAGs
[2024-03-27T00:10:58.454+0000] {logging_mixin.py:188} INFO - [2024-03-27T00:10:58.454+0000] {dag.py:3834} INFO - Setting next_dagrun for example_complex to None, run_after=None
[2024-03-27T00:10:58.462+0000] {processor.py:183} INFO - Processing /home/airflow/.local/lib/python3.8/site-packages/airflow/example_dags/example_complex.py took 0.036 seconds
[2024-03-27T00:11:29.316+0000] {processor.py:161} INFO - Started process (PID=6118) to work on /home/airflow/.local/lib/python3.8/site-packages/airflow/example_dags/example_complex.py
[2024-03-27T00:11:29.317+0000] {processor.py:830} INFO - Processing file /home/airflow/.local/lib/python3.8/site-packages/airflow/example_dags/example_complex.py for tasks to queue
[2024-03-27T00:11:29.318+0000] {logging_mixin.py:188} INFO - [2024-03-27T00:11:29.318+0000] {dagbag.py:540} INFO - Filling up the DagBag from /home/airflow/.local/lib/python3.8/site-packages/airflow/example_dags/example_complex.py
[2024-03-27T00:11:29.324+0000] {processor.py:840} INFO - DAG(s) 'example_complex' retrieved from /home/airflow/.local/lib/python3.8/site-packages/airflow/example_dags/example_complex.py
[2024-03-27T00:11:29.340+0000] {logging_mixin.py:188} INFO - [2024-03-27T00:11:29.340+0000] {dag.py:3047} INFO - Sync 1 DAGs
[2024-03-27T00:11:29.351+0000] {logging_mixin.py:188} INFO - [2024-03-27T00:11:29.351+0000] {dag.py:3834} INFO - Setting next_dagrun for example_complex to None, run_after=None
[2024-03-27T00:11:29.363+0000] {processor.py:183} INFO - Processing /home/airflow/.local/lib/python3.8/site-packages/airflow/example_dags/example_complex.py took 0.049 seconds
[2024-03-27T00:12:00.351+0000] {processor.py:161} INFO - Started process (PID=6173) to work on /home/airflow/.local/lib/python3.8/site-packages/airflow/example_dags/example_complex.py
[2024-03-27T00:12:00.352+0000] {processor.py:830} INFO - Processing file /home/airflow/.local/lib/python3.8/site-packages/airflow/example_dags/example_complex.py for tasks to queue
[2024-03-27T00:12:00.353+0000] {logging_mixin.py:188} INFO - [2024-03-27T00:12:00.353+0000] {dagbag.py:540} INFO - Filling up the DagBag from /home/airflow/.local/lib/python3.8/site-packages/airflow/example_dags/example_complex.py
[2024-03-27T00:12:00.359+0000] {processor.py:840} INFO - DAG(s) 'example_complex' retrieved from /home/airflow/.local/lib/python3.8/site-packages/airflow/example_dags/example_complex.py
[2024-03-27T00:12:00.374+0000] {logging_mixin.py:188} INFO - [2024-03-27T00:12:00.374+0000] {dag.py:3047} INFO - Sync 1 DAGs
[2024-03-27T00:12:00.380+0000] {logging_mixin.py:188} INFO - [2024-03-27T00:12:00.380+0000] {dag.py:3834} INFO - Setting next_dagrun for example_complex to None, run_after=None
[2024-03-27T00:12:00.390+0000] {processor.py:183} INFO - Processing /home/airflow/.local/lib/python3.8/site-packages/airflow/example_dags/example_complex.py took 0.040 seconds
[2024-03-27T00:12:31.166+0000] {processor.py:161} INFO - Started process (PID=6227) to work on /home/airflow/.local/lib/python3.8/site-packages/airflow/example_dags/example_complex.py
[2024-03-27T00:12:31.167+0000] {processor.py:830} INFO - Processing file /home/airflow/.local/lib/python3.8/site-packages/airflow/example_dags/example_complex.py for tasks to queue
[2024-03-27T00:12:31.168+0000] {logging_mixin.py:188} INFO - [2024-03-27T00:12:31.168+0000] {dagbag.py:540} INFO - Filling up the DagBag from /home/airflow/.local/lib/python3.8/site-packages/airflow/example_dags/example_complex.py
[2024-03-27T00:12:31.173+0000] {processor.py:840} INFO - DAG(s) 'example_complex' retrieved from /home/airflow/.local/lib/python3.8/site-packages/airflow/example_dags/example_complex.py
[2024-03-27T00:12:31.195+0000] {logging_mixin.py:188} INFO - [2024-03-27T00:12:31.194+0000] {dag.py:3047} INFO - Sync 1 DAGs
[2024-03-27T00:12:31.204+0000] {logging_mixin.py:188} INFO - [2024-03-27T00:12:31.204+0000] {dag.py:3834} INFO - Setting next_dagrun for example_complex to None, run_after=None
[2024-03-27T00:12:31.215+0000] {processor.py:183} INFO - Processing /home/airflow/.local/lib/python3.8/site-packages/airflow/example_dags/example_complex.py took 0.050 seconds
[2024-03-27T00:13:01.928+0000] {processor.py:161} INFO - Started process (PID=6282) to work on /home/airflow/.local/lib/python3.8/site-packages/airflow/example_dags/example_complex.py
[2024-03-27T00:13:01.929+0000] {processor.py:830} INFO - Processing file /home/airflow/.local/lib/python3.8/site-packages/airflow/example_dags/example_complex.py for tasks to queue
[2024-03-27T00:13:01.930+0000] {logging_mixin.py:188} INFO - [2024-03-27T00:13:01.930+0000] {dagbag.py:540} INFO - Filling up the DagBag from /home/airflow/.local/lib/python3.8/site-packages/airflow/example_dags/example_complex.py
[2024-03-27T00:13:01.935+0000] {processor.py:840} INFO - DAG(s) 'example_complex' retrieved from /home/airflow/.local/lib/python3.8/site-packages/airflow/example_dags/example_complex.py
[2024-03-27T00:13:01.949+0000] {logging_mixin.py:188} INFO - [2024-03-27T00:13:01.949+0000] {dag.py:3047} INFO - Sync 1 DAGs
[2024-03-27T00:13:01.955+0000] {logging_mixin.py:188} INFO - [2024-03-27T00:13:01.954+0000] {dag.py:3834} INFO - Setting next_dagrun for example_complex to None, run_after=None
[2024-03-27T00:13:01.963+0000] {processor.py:183} INFO - Processing /home/airflow/.local/lib/python3.8/site-packages/airflow/example_dags/example_complex.py took 0.036 seconds
[2024-03-27T00:13:32.982+0000] {processor.py:161} INFO - Started process (PID=6337) to work on /home/airflow/.local/lib/python3.8/site-packages/airflow/example_dags/example_complex.py
[2024-03-27T00:13:32.983+0000] {processor.py:830} INFO - Processing file /home/airflow/.local/lib/python3.8/site-packages/airflow/example_dags/example_complex.py for tasks to queue
[2024-03-27T00:13:32.984+0000] {logging_mixin.py:188} INFO - [2024-03-27T00:13:32.983+0000] {dagbag.py:540} INFO - Filling up the DagBag from /home/airflow/.local/lib/python3.8/site-packages/airflow/example_dags/example_complex.py
[2024-03-27T00:13:32.989+0000] {processor.py:840} INFO - DAG(s) 'example_complex' retrieved from /home/airflow/.local/lib/python3.8/site-packages/airflow/example_dags/example_complex.py
[2024-03-27T00:13:33.004+0000] {logging_mixin.py:188} INFO - [2024-03-27T00:13:33.004+0000] {dag.py:3047} INFO - Sync 1 DAGs
[2024-03-27T00:13:33.009+0000] {logging_mixin.py:188} INFO - [2024-03-27T00:13:33.009+0000] {dag.py:3834} INFO - Setting next_dagrun for example_complex to None, run_after=None
[2024-03-27T00:13:33.017+0000] {processor.py:183} INFO - Processing /home/airflow/.local/lib/python3.8/site-packages/airflow/example_dags/example_complex.py took 0.038 seconds
[2024-03-27T00:14:03.379+0000] {processor.py:161} INFO - Started process (PID=6392) to work on /home/airflow/.local/lib/python3.8/site-packages/airflow/example_dags/example_complex.py
[2024-03-27T00:14:03.380+0000] {processor.py:830} INFO - Processing file /home/airflow/.local/lib/python3.8/site-packages/airflow/example_dags/example_complex.py for tasks to queue
[2024-03-27T00:14:03.383+0000] {logging_mixin.py:188} INFO - [2024-03-27T00:14:03.383+0000] {dagbag.py:540} INFO - Filling up the DagBag from /home/airflow/.local/lib/python3.8/site-packages/airflow/example_dags/example_complex.py
[2024-03-27T00:14:03.394+0000] {processor.py:840} INFO - DAG(s) 'example_complex' retrieved from /home/airflow/.local/lib/python3.8/site-packages/airflow/example_dags/example_complex.py
[2024-03-27T00:14:03.413+0000] {logging_mixin.py:188} INFO - [2024-03-27T00:14:03.412+0000] {dag.py:3047} INFO - Sync 1 DAGs
[2024-03-27T00:14:03.419+0000] {logging_mixin.py:188} INFO - [2024-03-27T00:14:03.419+0000] {dag.py:3834} INFO - Setting next_dagrun for example_complex to None, run_after=None
[2024-03-27T00:14:03.427+0000] {processor.py:183} INFO - Processing /home/airflow/.local/lib/python3.8/site-packages/airflow/example_dags/example_complex.py took 0.052 seconds
[2024-03-27T00:14:33.464+0000] {processor.py:161} INFO - Started process (PID=6447) to work on /home/airflow/.local/lib/python3.8/site-packages/airflow/example_dags/example_complex.py
[2024-03-27T00:14:33.465+0000] {processor.py:830} INFO - Processing file /home/airflow/.local/lib/python3.8/site-packages/airflow/example_dags/example_complex.py for tasks to queue
[2024-03-27T00:14:33.466+0000] {logging_mixin.py:188} INFO - [2024-03-27T00:14:33.466+0000] {dagbag.py:540} INFO - Filling up the DagBag from /home/airflow/.local/lib/python3.8/site-packages/airflow/example_dags/example_complex.py
[2024-03-27T00:14:33.472+0000] {processor.py:840} INFO - DAG(s) 'example_complex' retrieved from /home/airflow/.local/lib/python3.8/site-packages/airflow/example_dags/example_complex.py
[2024-03-27T00:14:33.486+0000] {logging_mixin.py:188} INFO - [2024-03-27T00:14:33.486+0000] {dag.py:3047} INFO - Sync 1 DAGs
[2024-03-27T00:14:33.492+0000] {logging_mixin.py:188} INFO - [2024-03-27T00:14:33.492+0000] {dag.py:3834} INFO - Setting next_dagrun for example_complex to None, run_after=None
[2024-03-27T00:14:33.500+0000] {processor.py:183} INFO - Processing /home/airflow/.local/lib/python3.8/site-packages/airflow/example_dags/example_complex.py took 0.037 seconds
[2024-03-27T00:15:04.191+0000] {processor.py:161} INFO - Started process (PID=6502) to work on /home/airflow/.local/lib/python3.8/site-packages/airflow/example_dags/example_complex.py
[2024-03-27T00:15:04.192+0000] {processor.py:830} INFO - Processing file /home/airflow/.local/lib/python3.8/site-packages/airflow/example_dags/example_complex.py for tasks to queue
[2024-03-27T00:15:04.193+0000] {logging_mixin.py:188} INFO - [2024-03-27T00:15:04.193+0000] {dagbag.py:540} INFO - Filling up the DagBag from /home/airflow/.local/lib/python3.8/site-packages/airflow/example_dags/example_complex.py
[2024-03-27T00:15:04.199+0000] {processor.py:840} INFO - DAG(s) 'example_complex' retrieved from /home/airflow/.local/lib/python3.8/site-packages/airflow/example_dags/example_complex.py
[2024-03-27T00:15:04.214+0000] {logging_mixin.py:188} INFO - [2024-03-27T00:15:04.214+0000] {dag.py:3047} INFO - Sync 1 DAGs
[2024-03-27T00:15:04.221+0000] {logging_mixin.py:188} INFO - [2024-03-27T00:15:04.220+0000] {dag.py:3834} INFO - Setting next_dagrun for example_complex to None, run_after=None
[2024-03-27T00:15:04.230+0000] {processor.py:183} INFO - Processing /home/airflow/.local/lib/python3.8/site-packages/airflow/example_dags/example_complex.py took 0.040 seconds
[2024-03-27T00:15:35.059+0000] {processor.py:161} INFO - Started process (PID=6557) to work on /home/airflow/.local/lib/python3.8/site-packages/airflow/example_dags/example_complex.py
[2024-03-27T00:15:35.060+0000] {processor.py:830} INFO - Processing file /home/airflow/.local/lib/python3.8/site-packages/airflow/example_dags/example_complex.py for tasks to queue
[2024-03-27T00:15:35.061+0000] {logging_mixin.py:188} INFO - [2024-03-27T00:15:35.061+0000] {dagbag.py:540} INFO - Filling up the DagBag from /home/airflow/.local/lib/python3.8/site-packages/airflow/example_dags/example_complex.py
[2024-03-27T00:15:35.069+0000] {processor.py:840} INFO - DAG(s) 'example_complex' retrieved from /home/airflow/.local/lib/python3.8/site-packages/airflow/example_dags/example_complex.py
[2024-03-27T00:15:35.088+0000] {logging_mixin.py:188} INFO - [2024-03-27T00:15:35.088+0000] {dag.py:3047} INFO - Sync 1 DAGs
[2024-03-27T00:15:35.095+0000] {logging_mixin.py:188} INFO - [2024-03-27T00:15:35.095+0000] {dag.py:3834} INFO - Setting next_dagrun for example_complex to None, run_after=None
[2024-03-27T00:15:35.103+0000] {processor.py:183} INFO - Processing /home/airflow/.local/lib/python3.8/site-packages/airflow/example_dags/example_complex.py took 0.047 seconds
[2024-03-27T00:16:05.295+0000] {processor.py:161} INFO - Started process (PID=6612) to work on /home/airflow/.local/lib/python3.8/site-packages/airflow/example_dags/example_complex.py
[2024-03-27T00:16:05.296+0000] {processor.py:830} INFO - Processing file /home/airflow/.local/lib/python3.8/site-packages/airflow/example_dags/example_complex.py for tasks to queue
[2024-03-27T00:16:05.297+0000] {logging_mixin.py:188} INFO - [2024-03-27T00:16:05.297+0000] {dagbag.py:540} INFO - Filling up the DagBag from /home/airflow/.local/lib/python3.8/site-packages/airflow/example_dags/example_complex.py
[2024-03-27T00:16:05.302+0000] {processor.py:840} INFO - DAG(s) 'example_complex' retrieved from /home/airflow/.local/lib/python3.8/site-packages/airflow/example_dags/example_complex.py
[2024-03-27T00:16:05.316+0000] {logging_mixin.py:188} INFO - [2024-03-27T00:16:05.316+0000] {dag.py:3047} INFO - Sync 1 DAGs
[2024-03-27T00:16:05.322+0000] {logging_mixin.py:188} INFO - [2024-03-27T00:16:05.322+0000] {dag.py:3834} INFO - Setting next_dagrun for example_complex to None, run_after=None
[2024-03-27T00:16:05.330+0000] {processor.py:183} INFO - Processing /home/airflow/.local/lib/python3.8/site-packages/airflow/example_dags/example_complex.py took 0.037 seconds
[2024-03-27T00:16:36.007+0000] {processor.py:161} INFO - Started process (PID=6667) to work on /home/airflow/.local/lib/python3.8/site-packages/airflow/example_dags/example_complex.py
[2024-03-27T00:16:36.007+0000] {processor.py:830} INFO - Processing file /home/airflow/.local/lib/python3.8/site-packages/airflow/example_dags/example_complex.py for tasks to queue
[2024-03-27T00:16:36.008+0000] {logging_mixin.py:188} INFO - [2024-03-27T00:16:36.008+0000] {dagbag.py:540} INFO - Filling up the DagBag from /home/airflow/.local/lib/python3.8/site-packages/airflow/example_dags/example_complex.py
[2024-03-27T00:16:36.014+0000] {processor.py:840} INFO - DAG(s) 'example_complex' retrieved from /home/airflow/.local/lib/python3.8/site-packages/airflow/example_dags/example_complex.py
[2024-03-27T00:16:36.029+0000] {logging_mixin.py:188} INFO - [2024-03-27T00:16:36.029+0000] {dag.py:3047} INFO - Sync 1 DAGs
[2024-03-27T00:16:36.034+0000] {logging_mixin.py:188} INFO - [2024-03-27T00:16:36.034+0000] {dag.py:3834} INFO - Setting next_dagrun for example_complex to None, run_after=None
[2024-03-27T00:16:36.043+0000] {processor.py:183} INFO - Processing /home/airflow/.local/lib/python3.8/site-packages/airflow/example_dags/example_complex.py took 0.038 seconds
[2024-03-27T00:17:06.789+0000] {processor.py:161} INFO - Started process (PID=6722) to work on /home/airflow/.local/lib/python3.8/site-packages/airflow/example_dags/example_complex.py
[2024-03-27T00:17:06.789+0000] {processor.py:830} INFO - Processing file /home/airflow/.local/lib/python3.8/site-packages/airflow/example_dags/example_complex.py for tasks to queue
[2024-03-27T00:17:06.790+0000] {logging_mixin.py:188} INFO - [2024-03-27T00:17:06.790+0000] {dagbag.py:540} INFO - Filling up the DagBag from /home/airflow/.local/lib/python3.8/site-packages/airflow/example_dags/example_complex.py
[2024-03-27T00:17:06.796+0000] {processor.py:840} INFO - DAG(s) 'example_complex' retrieved from /home/airflow/.local/lib/python3.8/site-packages/airflow/example_dags/example_complex.py
[2024-03-27T00:17:06.810+0000] {logging_mixin.py:188} INFO - [2024-03-27T00:17:06.810+0000] {dag.py:3047} INFO - Sync 1 DAGs
[2024-03-27T00:17:06.816+0000] {logging_mixin.py:188} INFO - [2024-03-27T00:17:06.816+0000] {dag.py:3834} INFO - Setting next_dagrun for example_complex to None, run_after=None
[2024-03-27T00:17:06.825+0000] {processor.py:183} INFO - Processing /home/airflow/.local/lib/python3.8/site-packages/airflow/example_dags/example_complex.py took 0.038 seconds
[2024-03-27T00:17:37.829+0000] {processor.py:161} INFO - Started process (PID=6777) to work on /home/airflow/.local/lib/python3.8/site-packages/airflow/example_dags/example_complex.py
[2024-03-27T00:17:37.829+0000] {processor.py:830} INFO - Processing file /home/airflow/.local/lib/python3.8/site-packages/airflow/example_dags/example_complex.py for tasks to queue
[2024-03-27T00:17:37.830+0000] {logging_mixin.py:188} INFO - [2024-03-27T00:17:37.830+0000] {dagbag.py:540} INFO - Filling up the DagBag from /home/airflow/.local/lib/python3.8/site-packages/airflow/example_dags/example_complex.py
[2024-03-27T00:17:37.836+0000] {processor.py:840} INFO - DAG(s) 'example_complex' retrieved from /home/airflow/.local/lib/python3.8/site-packages/airflow/example_dags/example_complex.py
[2024-03-27T00:17:37.851+0000] {logging_mixin.py:188} INFO - [2024-03-27T00:17:37.851+0000] {dag.py:3047} INFO - Sync 1 DAGs
[2024-03-27T00:17:37.857+0000] {logging_mixin.py:188} INFO - [2024-03-27T00:17:37.857+0000] {dag.py:3834} INFO - Setting next_dagrun for example_complex to None, run_after=None
[2024-03-27T00:17:37.867+0000] {processor.py:183} INFO - Processing /home/airflow/.local/lib/python3.8/site-packages/airflow/example_dags/example_complex.py took 0.041 seconds
[2024-03-27T00:18:08.979+0000] {processor.py:161} INFO - Started process (PID=6832) to work on /home/airflow/.local/lib/python3.8/site-packages/airflow/example_dags/example_complex.py
[2024-03-27T00:18:08.980+0000] {processor.py:830} INFO - Processing file /home/airflow/.local/lib/python3.8/site-packages/airflow/example_dags/example_complex.py for tasks to queue
[2024-03-27T00:18:08.982+0000] {logging_mixin.py:188} INFO - [2024-03-27T00:18:08.982+0000] {dagbag.py:540} INFO - Filling up the DagBag from /home/airflow/.local/lib/python3.8/site-packages/airflow/example_dags/example_complex.py
[2024-03-27T00:18:08.990+0000] {processor.py:840} INFO - DAG(s) 'example_complex' retrieved from /home/airflow/.local/lib/python3.8/site-packages/airflow/example_dags/example_complex.py
[2024-03-27T00:18:09.011+0000] {logging_mixin.py:188} INFO - [2024-03-27T00:18:09.011+0000] {dag.py:3047} INFO - Sync 1 DAGs
[2024-03-27T00:18:09.021+0000] {logging_mixin.py:188} INFO - [2024-03-27T00:18:09.021+0000] {dag.py:3834} INFO - Setting next_dagrun for example_complex to None, run_after=None
[2024-03-27T00:18:09.036+0000] {processor.py:183} INFO - Processing /home/airflow/.local/lib/python3.8/site-packages/airflow/example_dags/example_complex.py took 0.061 seconds
[2024-03-27T00:18:39.065+0000] {processor.py:161} INFO - Started process (PID=6887) to work on /home/airflow/.local/lib/python3.8/site-packages/airflow/example_dags/example_complex.py
[2024-03-27T00:18:39.066+0000] {processor.py:830} INFO - Processing file /home/airflow/.local/lib/python3.8/site-packages/airflow/example_dags/example_complex.py for tasks to queue
[2024-03-27T00:18:39.067+0000] {logging_mixin.py:188} INFO - [2024-03-27T00:18:39.067+0000] {dagbag.py:540} INFO - Filling up the DagBag from /home/airflow/.local/lib/python3.8/site-packages/airflow/example_dags/example_complex.py
[2024-03-27T00:18:39.072+0000] {processor.py:840} INFO - DAG(s) 'example_complex' retrieved from /home/airflow/.local/lib/python3.8/site-packages/airflow/example_dags/example_complex.py
[2024-03-27T00:18:39.086+0000] {logging_mixin.py:188} INFO - [2024-03-27T00:18:39.086+0000] {dag.py:3047} INFO - Sync 1 DAGs
[2024-03-27T00:18:39.091+0000] {logging_mixin.py:188} INFO - [2024-03-27T00:18:39.091+0000] {dag.py:3834} INFO - Setting next_dagrun for example_complex to None, run_after=None
[2024-03-27T00:18:39.099+0000] {processor.py:183} INFO - Processing /home/airflow/.local/lib/python3.8/site-packages/airflow/example_dags/example_complex.py took 0.035 seconds
[2024-03-27T00:19:09.353+0000] {processor.py:161} INFO - Started process (PID=6942) to work on /home/airflow/.local/lib/python3.8/site-packages/airflow/example_dags/example_complex.py
[2024-03-27T00:19:09.354+0000] {processor.py:830} INFO - Processing file /home/airflow/.local/lib/python3.8/site-packages/airflow/example_dags/example_complex.py for tasks to queue
[2024-03-27T00:19:09.355+0000] {logging_mixin.py:188} INFO - [2024-03-27T00:19:09.354+0000] {dagbag.py:540} INFO - Filling up the DagBag from /home/airflow/.local/lib/python3.8/site-packages/airflow/example_dags/example_complex.py
[2024-03-27T00:19:09.360+0000] {processor.py:840} INFO - DAG(s) 'example_complex' retrieved from /home/airflow/.local/lib/python3.8/site-packages/airflow/example_dags/example_complex.py
[2024-03-27T00:19:09.375+0000] {logging_mixin.py:188} INFO - [2024-03-27T00:19:09.375+0000] {dag.py:3047} INFO - Sync 1 DAGs
[2024-03-27T00:19:09.380+0000] {logging_mixin.py:188} INFO - [2024-03-27T00:19:09.380+0000] {dag.py:3834} INFO - Setting next_dagrun for example_complex to None, run_after=None
[2024-03-27T00:19:09.388+0000] {processor.py:183} INFO - Processing /home/airflow/.local/lib/python3.8/site-packages/airflow/example_dags/example_complex.py took 0.038 seconds
[2024-03-27T00:19:39.414+0000] {processor.py:161} INFO - Started process (PID=6997) to work on /home/airflow/.local/lib/python3.8/site-packages/airflow/example_dags/example_complex.py
[2024-03-27T00:19:39.415+0000] {processor.py:830} INFO - Processing file /home/airflow/.local/lib/python3.8/site-packages/airflow/example_dags/example_complex.py for tasks to queue
[2024-03-27T00:19:39.416+0000] {logging_mixin.py:188} INFO - [2024-03-27T00:19:39.416+0000] {dagbag.py:540} INFO - Filling up the DagBag from /home/airflow/.local/lib/python3.8/site-packages/airflow/example_dags/example_complex.py
[2024-03-27T00:19:39.422+0000] {processor.py:840} INFO - DAG(s) 'example_complex' retrieved from /home/airflow/.local/lib/python3.8/site-packages/airflow/example_dags/example_complex.py
[2024-03-27T00:19:39.436+0000] {logging_mixin.py:188} INFO - [2024-03-27T00:19:39.436+0000] {dag.py:3047} INFO - Sync 1 DAGs
[2024-03-27T00:19:39.443+0000] {logging_mixin.py:188} INFO - [2024-03-27T00:19:39.442+0000] {dag.py:3834} INFO - Setting next_dagrun for example_complex to None, run_after=None
[2024-03-27T00:19:39.452+0000] {processor.py:183} INFO - Processing /home/airflow/.local/lib/python3.8/site-packages/airflow/example_dags/example_complex.py took 0.040 seconds
[2024-03-27T00:20:10.298+0000] {processor.py:161} INFO - Started process (PID=7052) to work on /home/airflow/.local/lib/python3.8/site-packages/airflow/example_dags/example_complex.py
[2024-03-27T00:20:10.299+0000] {processor.py:830} INFO - Processing file /home/airflow/.local/lib/python3.8/site-packages/airflow/example_dags/example_complex.py for tasks to queue
[2024-03-27T00:20:10.300+0000] {logging_mixin.py:188} INFO - [2024-03-27T00:20:10.299+0000] {dagbag.py:540} INFO - Filling up the DagBag from /home/airflow/.local/lib/python3.8/site-packages/airflow/example_dags/example_complex.py
[2024-03-27T00:20:10.305+0000] {processor.py:840} INFO - DAG(s) 'example_complex' retrieved from /home/airflow/.local/lib/python3.8/site-packages/airflow/example_dags/example_complex.py
[2024-03-27T00:20:10.320+0000] {logging_mixin.py:188} INFO - [2024-03-27T00:20:10.319+0000] {dag.py:3047} INFO - Sync 1 DAGs
[2024-03-27T00:20:10.326+0000] {logging_mixin.py:188} INFO - [2024-03-27T00:20:10.325+0000] {dag.py:3834} INFO - Setting next_dagrun for example_complex to None, run_after=None
[2024-03-27T00:20:10.335+0000] {processor.py:183} INFO - Processing /home/airflow/.local/lib/python3.8/site-packages/airflow/example_dags/example_complex.py took 0.039 seconds
[2024-03-27T00:20:40.889+0000] {processor.py:161} INFO - Started process (PID=7107) to work on /home/airflow/.local/lib/python3.8/site-packages/airflow/example_dags/example_complex.py
[2024-03-27T00:20:40.889+0000] {processor.py:830} INFO - Processing file /home/airflow/.local/lib/python3.8/site-packages/airflow/example_dags/example_complex.py for tasks to queue
[2024-03-27T00:20:40.890+0000] {logging_mixin.py:188} INFO - [2024-03-27T00:20:40.890+0000] {dagbag.py:540} INFO - Filling up the DagBag from /home/airflow/.local/lib/python3.8/site-packages/airflow/example_dags/example_complex.py
[2024-03-27T00:20:40.896+0000] {processor.py:840} INFO - DAG(s) 'example_complex' retrieved from /home/airflow/.local/lib/python3.8/site-packages/airflow/example_dags/example_complex.py
[2024-03-27T00:20:40.910+0000] {logging_mixin.py:188} INFO - [2024-03-27T00:20:40.910+0000] {dag.py:3047} INFO - Sync 1 DAGs
[2024-03-27T00:20:40.916+0000] {logging_mixin.py:188} INFO - [2024-03-27T00:20:40.916+0000] {dag.py:3834} INFO - Setting next_dagrun for example_complex to None, run_after=None
[2024-03-27T00:20:40.925+0000] {processor.py:183} INFO - Processing /home/airflow/.local/lib/python3.8/site-packages/airflow/example_dags/example_complex.py took 0.038 seconds
[2024-03-27T00:21:11.579+0000] {processor.py:161} INFO - Started process (PID=7162) to work on /home/airflow/.local/lib/python3.8/site-packages/airflow/example_dags/example_complex.py
[2024-03-27T00:21:11.580+0000] {processor.py:830} INFO - Processing file /home/airflow/.local/lib/python3.8/site-packages/airflow/example_dags/example_complex.py for tasks to queue
[2024-03-27T00:21:11.581+0000] {logging_mixin.py:188} INFO - [2024-03-27T00:21:11.581+0000] {dagbag.py:540} INFO - Filling up the DagBag from /home/airflow/.local/lib/python3.8/site-packages/airflow/example_dags/example_complex.py
[2024-03-27T00:21:11.586+0000] {processor.py:840} INFO - DAG(s) 'example_complex' retrieved from /home/airflow/.local/lib/python3.8/site-packages/airflow/example_dags/example_complex.py
[2024-03-27T00:21:11.603+0000] {logging_mixin.py:188} INFO - [2024-03-27T00:21:11.603+0000] {dag.py:3047} INFO - Sync 1 DAGs
[2024-03-27T00:21:11.609+0000] {logging_mixin.py:188} INFO - [2024-03-27T00:21:11.609+0000] {dag.py:3834} INFO - Setting next_dagrun for example_complex to None, run_after=None
[2024-03-27T00:21:11.618+0000] {processor.py:183} INFO - Processing /home/airflow/.local/lib/python3.8/site-packages/airflow/example_dags/example_complex.py took 0.041 seconds
[2024-03-27T00:21:42.310+0000] {processor.py:161} INFO - Started process (PID=7217) to work on /home/airflow/.local/lib/python3.8/site-packages/airflow/example_dags/example_complex.py
[2024-03-27T00:21:42.310+0000] {processor.py:830} INFO - Processing file /home/airflow/.local/lib/python3.8/site-packages/airflow/example_dags/example_complex.py for tasks to queue
[2024-03-27T00:21:42.311+0000] {logging_mixin.py:188} INFO - [2024-03-27T00:21:42.311+0000] {dagbag.py:540} INFO - Filling up the DagBag from /home/airflow/.local/lib/python3.8/site-packages/airflow/example_dags/example_complex.py
[2024-03-27T00:21:42.317+0000] {processor.py:840} INFO - DAG(s) 'example_complex' retrieved from /home/airflow/.local/lib/python3.8/site-packages/airflow/example_dags/example_complex.py
[2024-03-27T00:21:42.332+0000] {logging_mixin.py:188} INFO - [2024-03-27T00:21:42.331+0000] {dag.py:3047} INFO - Sync 1 DAGs
[2024-03-27T00:21:42.338+0000] {logging_mixin.py:188} INFO - [2024-03-27T00:21:42.338+0000] {dag.py:3834} INFO - Setting next_dagrun for example_complex to None, run_after=None
[2024-03-27T00:21:42.347+0000] {processor.py:183} INFO - Processing /home/airflow/.local/lib/python3.8/site-packages/airflow/example_dags/example_complex.py took 0.039 seconds
[2024-03-27T00:22:12.981+0000] {processor.py:161} INFO - Started process (PID=7272) to work on /home/airflow/.local/lib/python3.8/site-packages/airflow/example_dags/example_complex.py
[2024-03-27T00:22:12.982+0000] {processor.py:830} INFO - Processing file /home/airflow/.local/lib/python3.8/site-packages/airflow/example_dags/example_complex.py for tasks to queue
[2024-03-27T00:22:12.983+0000] {logging_mixin.py:188} INFO - [2024-03-27T00:22:12.982+0000] {dagbag.py:540} INFO - Filling up the DagBag from /home/airflow/.local/lib/python3.8/site-packages/airflow/example_dags/example_complex.py
[2024-03-27T00:22:12.988+0000] {processor.py:840} INFO - DAG(s) 'example_complex' retrieved from /home/airflow/.local/lib/python3.8/site-packages/airflow/example_dags/example_complex.py
[2024-03-27T00:22:13.002+0000] {logging_mixin.py:188} INFO - [2024-03-27T00:22:13.002+0000] {dag.py:3047} INFO - Sync 1 DAGs
[2024-03-27T00:22:13.007+0000] {logging_mixin.py:188} INFO - [2024-03-27T00:22:13.007+0000] {dag.py:3834} INFO - Setting next_dagrun for example_complex to None, run_after=None
[2024-03-27T00:22:13.014+0000] {processor.py:183} INFO - Processing /home/airflow/.local/lib/python3.8/site-packages/airflow/example_dags/example_complex.py took 0.035 seconds
[2024-03-27T00:22:43.659+0000] {processor.py:161} INFO - Started process (PID=7327) to work on /home/airflow/.local/lib/python3.8/site-packages/airflow/example_dags/example_complex.py
[2024-03-27T00:22:43.659+0000] {processor.py:830} INFO - Processing file /home/airflow/.local/lib/python3.8/site-packages/airflow/example_dags/example_complex.py for tasks to queue
[2024-03-27T00:22:43.660+0000] {logging_mixin.py:188} INFO - [2024-03-27T00:22:43.660+0000] {dagbag.py:540} INFO - Filling up the DagBag from /home/airflow/.local/lib/python3.8/site-packages/airflow/example_dags/example_complex.py
[2024-03-27T00:22:43.666+0000] {processor.py:840} INFO - DAG(s) 'example_complex' retrieved from /home/airflow/.local/lib/python3.8/site-packages/airflow/example_dags/example_complex.py
[2024-03-27T00:22:43.681+0000] {logging_mixin.py:188} INFO - [2024-03-27T00:22:43.681+0000] {dag.py:3047} INFO - Sync 1 DAGs
[2024-03-27T00:22:43.688+0000] {logging_mixin.py:188} INFO - [2024-03-27T00:22:43.688+0000] {dag.py:3834} INFO - Setting next_dagrun for example_complex to None, run_after=None
[2024-03-27T00:22:43.697+0000] {processor.py:183} INFO - Processing /home/airflow/.local/lib/python3.8/site-packages/airflow/example_dags/example_complex.py took 0.040 seconds
[2024-03-27T00:23:14.367+0000] {processor.py:161} INFO - Started process (PID=7382) to work on /home/airflow/.local/lib/python3.8/site-packages/airflow/example_dags/example_complex.py
[2024-03-27T00:23:14.367+0000] {processor.py:830} INFO - Processing file /home/airflow/.local/lib/python3.8/site-packages/airflow/example_dags/example_complex.py for tasks to queue
[2024-03-27T00:23:14.368+0000] {logging_mixin.py:188} INFO - [2024-03-27T00:23:14.368+0000] {dagbag.py:540} INFO - Filling up the DagBag from /home/airflow/.local/lib/python3.8/site-packages/airflow/example_dags/example_complex.py
[2024-03-27T00:23:14.374+0000] {processor.py:840} INFO - DAG(s) 'example_complex' retrieved from /home/airflow/.local/lib/python3.8/site-packages/airflow/example_dags/example_complex.py
[2024-03-27T00:23:14.388+0000] {logging_mixin.py:188} INFO - [2024-03-27T00:23:14.388+0000] {dag.py:3047} INFO - Sync 1 DAGs
[2024-03-27T00:23:14.394+0000] {logging_mixin.py:188} INFO - [2024-03-27T00:23:14.394+0000] {dag.py:3834} INFO - Setting next_dagrun for example_complex to None, run_after=None
[2024-03-27T00:23:14.402+0000] {processor.py:183} INFO - Processing /home/airflow/.local/lib/python3.8/site-packages/airflow/example_dags/example_complex.py took 0.037 seconds
[2024-03-27T00:23:45.008+0000] {processor.py:161} INFO - Started process (PID=7437) to work on /home/airflow/.local/lib/python3.8/site-packages/airflow/example_dags/example_complex.py
[2024-03-27T00:23:45.008+0000] {processor.py:830} INFO - Processing file /home/airflow/.local/lib/python3.8/site-packages/airflow/example_dags/example_complex.py for tasks to queue
[2024-03-27T00:23:45.009+0000] {logging_mixin.py:188} INFO - [2024-03-27T00:23:45.009+0000] {dagbag.py:540} INFO - Filling up the DagBag from /home/airflow/.local/lib/python3.8/site-packages/airflow/example_dags/example_complex.py
[2024-03-27T00:23:45.015+0000] {processor.py:840} INFO - DAG(s) 'example_complex' retrieved from /home/airflow/.local/lib/python3.8/site-packages/airflow/example_dags/example_complex.py
[2024-03-27T00:23:45.030+0000] {logging_mixin.py:188} INFO - [2024-03-27T00:23:45.030+0000] {dag.py:3047} INFO - Sync 1 DAGs
[2024-03-27T00:23:45.036+0000] {logging_mixin.py:188} INFO - [2024-03-27T00:23:45.036+0000] {dag.py:3834} INFO - Setting next_dagrun for example_complex to None, run_after=None
[2024-03-27T00:23:45.045+0000] {processor.py:183} INFO - Processing /home/airflow/.local/lib/python3.8/site-packages/airflow/example_dags/example_complex.py took 0.039 seconds
[2024-03-27T00:24:15.688+0000] {processor.py:161} INFO - Started process (PID=7492) to work on /home/airflow/.local/lib/python3.8/site-packages/airflow/example_dags/example_complex.py
[2024-03-27T00:24:15.688+0000] {processor.py:830} INFO - Processing file /home/airflow/.local/lib/python3.8/site-packages/airflow/example_dags/example_complex.py for tasks to queue
[2024-03-27T00:24:15.689+0000] {logging_mixin.py:188} INFO - [2024-03-27T00:24:15.689+0000] {dagbag.py:540} INFO - Filling up the DagBag from /home/airflow/.local/lib/python3.8/site-packages/airflow/example_dags/example_complex.py
[2024-03-27T00:24:15.695+0000] {processor.py:840} INFO - DAG(s) 'example_complex' retrieved from /home/airflow/.local/lib/python3.8/site-packages/airflow/example_dags/example_complex.py
[2024-03-27T00:24:15.708+0000] {logging_mixin.py:188} INFO - [2024-03-27T00:24:15.708+0000] {dag.py:3047} INFO - Sync 1 DAGs
[2024-03-27T00:24:15.713+0000] {logging_mixin.py:188} INFO - [2024-03-27T00:24:15.713+0000] {dag.py:3834} INFO - Setting next_dagrun for example_complex to None, run_after=None
[2024-03-27T00:24:15.721+0000] {processor.py:183} INFO - Processing /home/airflow/.local/lib/python3.8/site-packages/airflow/example_dags/example_complex.py took 0.035 seconds
[2024-03-27T00:24:46.587+0000] {processor.py:161} INFO - Started process (PID=7547) to work on /home/airflow/.local/lib/python3.8/site-packages/airflow/example_dags/example_complex.py
[2024-03-27T00:24:46.588+0000] {processor.py:830} INFO - Processing file /home/airflow/.local/lib/python3.8/site-packages/airflow/example_dags/example_complex.py for tasks to queue
[2024-03-27T00:24:46.589+0000] {logging_mixin.py:188} INFO - [2024-03-27T00:24:46.589+0000] {dagbag.py:540} INFO - Filling up the DagBag from /home/airflow/.local/lib/python3.8/site-packages/airflow/example_dags/example_complex.py
[2024-03-27T00:24:46.594+0000] {processor.py:840} INFO - DAG(s) 'example_complex' retrieved from /home/airflow/.local/lib/python3.8/site-packages/airflow/example_dags/example_complex.py
[2024-03-27T00:24:46.609+0000] {logging_mixin.py:188} INFO - [2024-03-27T00:24:46.609+0000] {dag.py:3047} INFO - Sync 1 DAGs
[2024-03-27T00:24:46.616+0000] {logging_mixin.py:188} INFO - [2024-03-27T00:24:46.615+0000] {dag.py:3834} INFO - Setting next_dagrun for example_complex to None, run_after=None
[2024-03-27T00:24:46.625+0000] {processor.py:183} INFO - Processing /home/airflow/.local/lib/python3.8/site-packages/airflow/example_dags/example_complex.py took 0.040 seconds
[2024-03-27T00:31:02.757+0000] {processor.py:161} INFO - Started process (PID=7602) to work on /home/airflow/.local/lib/python3.8/site-packages/airflow/example_dags/example_complex.py
[2024-03-27T00:31:02.758+0000] {processor.py:830} INFO - Processing file /home/airflow/.local/lib/python3.8/site-packages/airflow/example_dags/example_complex.py for tasks to queue
[2024-03-27T00:31:02.759+0000] {logging_mixin.py:188} INFO - [2024-03-27T00:31:02.759+0000] {dagbag.py:540} INFO - Filling up the DagBag from /home/airflow/.local/lib/python3.8/site-packages/airflow/example_dags/example_complex.py
[2024-03-27T00:31:02.765+0000] {processor.py:840} INFO - DAG(s) 'example_complex' retrieved from /home/airflow/.local/lib/python3.8/site-packages/airflow/example_dags/example_complex.py
[2024-03-27T00:31:02.785+0000] {logging_mixin.py:188} INFO - [2024-03-27T00:31:02.785+0000] {dag.py:3047} INFO - Sync 1 DAGs
[2024-03-27T00:31:02.791+0000] {logging_mixin.py:188} INFO - [2024-03-27T00:31:02.791+0000] {dag.py:3834} INFO - Setting next_dagrun for example_complex to None, run_after=None
[2024-03-27T00:31:02.804+0000] {processor.py:183} INFO - Processing /home/airflow/.local/lib/python3.8/site-packages/airflow/example_dags/example_complex.py took 0.049 seconds
[2024-03-27T00:34:03.159+0000] {processor.py:161} INFO - Started process (PID=7657) to work on /home/airflow/.local/lib/python3.8/site-packages/airflow/example_dags/example_complex.py
[2024-03-27T00:34:03.160+0000] {processor.py:830} INFO - Processing file /home/airflow/.local/lib/python3.8/site-packages/airflow/example_dags/example_complex.py for tasks to queue
[2024-03-27T00:34:03.161+0000] {logging_mixin.py:188} INFO - [2024-03-27T00:34:03.161+0000] {dagbag.py:540} INFO - Filling up the DagBag from /home/airflow/.local/lib/python3.8/site-packages/airflow/example_dags/example_complex.py
[2024-03-27T00:34:03.166+0000] {processor.py:840} INFO - DAG(s) 'example_complex' retrieved from /home/airflow/.local/lib/python3.8/site-packages/airflow/example_dags/example_complex.py
[2024-03-27T00:34:03.181+0000] {logging_mixin.py:188} INFO - [2024-03-27T00:34:03.181+0000] {dag.py:3047} INFO - Sync 1 DAGs
[2024-03-27T00:34:03.187+0000] {logging_mixin.py:188} INFO - [2024-03-27T00:34:03.187+0000] {dag.py:3834} INFO - Setting next_dagrun for example_complex to None, run_after=None
[2024-03-27T00:34:03.195+0000] {processor.py:183} INFO - Processing /home/airflow/.local/lib/python3.8/site-packages/airflow/example_dags/example_complex.py took 0.038 seconds
[2024-03-27T00:40:16.762+0000] {processor.py:161} INFO - Started process (PID=7712) to work on /home/airflow/.local/lib/python3.8/site-packages/airflow/example_dags/example_complex.py
[2024-03-27T00:40:16.765+0000] {processor.py:830} INFO - Processing file /home/airflow/.local/lib/python3.8/site-packages/airflow/example_dags/example_complex.py for tasks to queue
[2024-03-27T00:40:16.769+0000] {logging_mixin.py:188} INFO - [2024-03-27T00:40:16.769+0000] {dagbag.py:540} INFO - Filling up the DagBag from /home/airflow/.local/lib/python3.8/site-packages/airflow/example_dags/example_complex.py
[2024-03-27T00:40:16.784+0000] {processor.py:840} INFO - DAG(s) 'example_complex' retrieved from /home/airflow/.local/lib/python3.8/site-packages/airflow/example_dags/example_complex.py
[2024-03-27T00:40:16.830+0000] {logging_mixin.py:188} INFO - [2024-03-27T00:40:16.829+0000] {dag.py:3047} INFO - Sync 1 DAGs
[2024-03-27T00:40:16.844+0000] {logging_mixin.py:188} INFO - [2024-03-27T00:40:16.843+0000] {dag.py:3834} INFO - Setting next_dagrun for example_complex to None, run_after=None
[2024-03-27T00:40:16.874+0000] {processor.py:183} INFO - Processing /home/airflow/.local/lib/python3.8/site-packages/airflow/example_dags/example_complex.py took 0.116 seconds
[2024-03-27T00:41:13.598+0000] {processor.py:161} INFO - Started process (PID=7767) to work on /home/airflow/.local/lib/python3.8/site-packages/airflow/example_dags/example_complex.py
[2024-03-27T00:41:13.599+0000] {processor.py:830} INFO - Processing file /home/airflow/.local/lib/python3.8/site-packages/airflow/example_dags/example_complex.py for tasks to queue
[2024-03-27T00:41:13.599+0000] {logging_mixin.py:188} INFO - [2024-03-27T00:41:13.599+0000] {dagbag.py:540} INFO - Filling up the DagBag from /home/airflow/.local/lib/python3.8/site-packages/airflow/example_dags/example_complex.py
[2024-03-27T00:41:13.605+0000] {processor.py:840} INFO - DAG(s) 'example_complex' retrieved from /home/airflow/.local/lib/python3.8/site-packages/airflow/example_dags/example_complex.py
[2024-03-27T00:41:13.618+0000] {logging_mixin.py:188} INFO - [2024-03-27T00:41:13.618+0000] {dag.py:3047} INFO - Sync 1 DAGs
[2024-03-27T00:41:13.624+0000] {logging_mixin.py:188} INFO - [2024-03-27T00:41:13.623+0000] {dag.py:3834} INFO - Setting next_dagrun for example_complex to None, run_after=None
[2024-03-27T00:41:13.631+0000] {processor.py:183} INFO - Processing /home/airflow/.local/lib/python3.8/site-packages/airflow/example_dags/example_complex.py took 0.035 seconds
[2024-03-27T00:42:56.166+0000] {processor.py:161} INFO - Started process (PID=7822) to work on /home/airflow/.local/lib/python3.8/site-packages/airflow/example_dags/example_complex.py
[2024-03-27T00:42:56.166+0000] {processor.py:830} INFO - Processing file /home/airflow/.local/lib/python3.8/site-packages/airflow/example_dags/example_complex.py for tasks to queue
[2024-03-27T00:42:56.167+0000] {logging_mixin.py:188} INFO - [2024-03-27T00:42:56.167+0000] {dagbag.py:540} INFO - Filling up the DagBag from /home/airflow/.local/lib/python3.8/site-packages/airflow/example_dags/example_complex.py
[2024-03-27T00:42:56.173+0000] {processor.py:840} INFO - DAG(s) 'example_complex' retrieved from /home/airflow/.local/lib/python3.8/site-packages/airflow/example_dags/example_complex.py
[2024-03-27T00:42:56.188+0000] {logging_mixin.py:188} INFO - [2024-03-27T00:42:56.188+0000] {dag.py:3047} INFO - Sync 1 DAGs
[2024-03-27T00:42:56.194+0000] {logging_mixin.py:188} INFO - [2024-03-27T00:42:56.193+0000] {dag.py:3834} INFO - Setting next_dagrun for example_complex to None, run_after=None
[2024-03-27T00:42:56.203+0000] {processor.py:183} INFO - Processing /home/airflow/.local/lib/python3.8/site-packages/airflow/example_dags/example_complex.py took 0.039 seconds
[2024-03-27T00:45:42.392+0000] {processor.py:161} INFO - Started process (PID=7877) to work on /home/airflow/.local/lib/python3.8/site-packages/airflow/example_dags/example_complex.py
[2024-03-27T00:45:42.392+0000] {processor.py:830} INFO - Processing file /home/airflow/.local/lib/python3.8/site-packages/airflow/example_dags/example_complex.py for tasks to queue
[2024-03-27T00:45:42.393+0000] {logging_mixin.py:188} INFO - [2024-03-27T00:45:42.393+0000] {dagbag.py:540} INFO - Filling up the DagBag from /home/airflow/.local/lib/python3.8/site-packages/airflow/example_dags/example_complex.py
[2024-03-27T00:45:42.398+0000] {processor.py:840} INFO - DAG(s) 'example_complex' retrieved from /home/airflow/.local/lib/python3.8/site-packages/airflow/example_dags/example_complex.py
[2024-03-27T00:45:42.412+0000] {logging_mixin.py:188} INFO - [2024-03-27T00:45:42.412+0000] {dag.py:3047} INFO - Sync 1 DAGs
[2024-03-27T00:45:42.418+0000] {logging_mixin.py:188} INFO - [2024-03-27T00:45:42.418+0000] {dag.py:3834} INFO - Setting next_dagrun for example_complex to None, run_after=None
[2024-03-27T00:45:42.425+0000] {processor.py:183} INFO - Processing /home/airflow/.local/lib/python3.8/site-packages/airflow/example_dags/example_complex.py took 0.035 seconds
[2024-03-27T00:49:39.525+0000] {processor.py:161} INFO - Started process (PID=7932) to work on /home/airflow/.local/lib/python3.8/site-packages/airflow/example_dags/example_complex.py
[2024-03-27T00:49:39.525+0000] {processor.py:830} INFO - Processing file /home/airflow/.local/lib/python3.8/site-packages/airflow/example_dags/example_complex.py for tasks to queue
[2024-03-27T00:49:39.526+0000] {logging_mixin.py:188} INFO - [2024-03-27T00:49:39.526+0000] {dagbag.py:540} INFO - Filling up the DagBag from /home/airflow/.local/lib/python3.8/site-packages/airflow/example_dags/example_complex.py
[2024-03-27T00:49:39.531+0000] {processor.py:840} INFO - DAG(s) 'example_complex' retrieved from /home/airflow/.local/lib/python3.8/site-packages/airflow/example_dags/example_complex.py
[2024-03-27T00:49:39.545+0000] {logging_mixin.py:188} INFO - [2024-03-27T00:49:39.545+0000] {dag.py:3047} INFO - Sync 1 DAGs
[2024-03-27T00:49:39.550+0000] {logging_mixin.py:188} INFO - [2024-03-27T00:49:39.550+0000] {dag.py:3834} INFO - Setting next_dagrun for example_complex to None, run_after=None
[2024-03-27T00:49:39.558+0000] {processor.py:183} INFO - Processing /home/airflow/.local/lib/python3.8/site-packages/airflow/example_dags/example_complex.py took 0.035 seconds
[2024-03-27T00:50:38.633+0000] {processor.py:161} INFO - Started process (PID=7987) to work on /home/airflow/.local/lib/python3.8/site-packages/airflow/example_dags/example_complex.py
[2024-03-27T00:50:38.634+0000] {processor.py:830} INFO - Processing file /home/airflow/.local/lib/python3.8/site-packages/airflow/example_dags/example_complex.py for tasks to queue
[2024-03-27T00:50:38.635+0000] {logging_mixin.py:188} INFO - [2024-03-27T00:50:38.634+0000] {dagbag.py:540} INFO - Filling up the DagBag from /home/airflow/.local/lib/python3.8/site-packages/airflow/example_dags/example_complex.py
[2024-03-27T00:50:38.640+0000] {processor.py:840} INFO - DAG(s) 'example_complex' retrieved from /home/airflow/.local/lib/python3.8/site-packages/airflow/example_dags/example_complex.py
[2024-03-27T00:50:38.653+0000] {logging_mixin.py:188} INFO - [2024-03-27T00:50:38.653+0000] {dag.py:3047} INFO - Sync 1 DAGs
[2024-03-27T00:50:38.658+0000] {logging_mixin.py:188} INFO - [2024-03-27T00:50:38.658+0000] {dag.py:3834} INFO - Setting next_dagrun for example_complex to None, run_after=None
[2024-03-27T00:50:38.666+0000] {processor.py:183} INFO - Processing /home/airflow/.local/lib/python3.8/site-packages/airflow/example_dags/example_complex.py took 0.035 seconds
[2024-03-27T00:51:23.622+0000] {processor.py:161} INFO - Started process (PID=8042) to work on /home/airflow/.local/lib/python3.8/site-packages/airflow/example_dags/example_complex.py
[2024-03-27T00:51:23.623+0000] {processor.py:830} INFO - Processing file /home/airflow/.local/lib/python3.8/site-packages/airflow/example_dags/example_complex.py for tasks to queue
[2024-03-27T00:51:23.624+0000] {logging_mixin.py:188} INFO - [2024-03-27T00:51:23.623+0000] {dagbag.py:540} INFO - Filling up the DagBag from /home/airflow/.local/lib/python3.8/site-packages/airflow/example_dags/example_complex.py
[2024-03-27T00:51:23.629+0000] {processor.py:840} INFO - DAG(s) 'example_complex' retrieved from /home/airflow/.local/lib/python3.8/site-packages/airflow/example_dags/example_complex.py
[2024-03-27T00:51:23.644+0000] {logging_mixin.py:188} INFO - [2024-03-27T00:51:23.644+0000] {dag.py:3047} INFO - Sync 1 DAGs
[2024-03-27T00:51:23.652+0000] {logging_mixin.py:188} INFO - [2024-03-27T00:51:23.652+0000] {dag.py:3834} INFO - Setting next_dagrun for example_complex to None, run_after=None
[2024-03-27T00:51:23.661+0000] {processor.py:183} INFO - Processing /home/airflow/.local/lib/python3.8/site-packages/airflow/example_dags/example_complex.py took 0.041 seconds
[2024-03-27T00:53:00.988+0000] {processor.py:161} INFO - Started process (PID=8097) to work on /home/airflow/.local/lib/python3.8/site-packages/airflow/example_dags/example_complex.py
[2024-03-27T00:53:00.989+0000] {processor.py:830} INFO - Processing file /home/airflow/.local/lib/python3.8/site-packages/airflow/example_dags/example_complex.py for tasks to queue
[2024-03-27T00:53:00.990+0000] {logging_mixin.py:188} INFO - [2024-03-27T00:53:00.989+0000] {dagbag.py:540} INFO - Filling up the DagBag from /home/airflow/.local/lib/python3.8/site-packages/airflow/example_dags/example_complex.py
[2024-03-27T00:53:00.995+0000] {processor.py:840} INFO - DAG(s) 'example_complex' retrieved from /home/airflow/.local/lib/python3.8/site-packages/airflow/example_dags/example_complex.py
[2024-03-27T00:53:01.009+0000] {logging_mixin.py:188} INFO - [2024-03-27T00:53:01.009+0000] {dag.py:3047} INFO - Sync 1 DAGs
[2024-03-27T00:53:01.014+0000] {logging_mixin.py:188} INFO - [2024-03-27T00:53:01.014+0000] {dag.py:3834} INFO - Setting next_dagrun for example_complex to None, run_after=None
[2024-03-27T00:53:01.022+0000] {processor.py:183} INFO - Processing /home/airflow/.local/lib/python3.8/site-packages/airflow/example_dags/example_complex.py took 0.036 seconds
[2024-03-27T00:54:00.326+0000] {processor.py:161} INFO - Started process (PID=8152) to work on /home/airflow/.local/lib/python3.8/site-packages/airflow/example_dags/example_complex.py
[2024-03-27T00:54:00.326+0000] {processor.py:830} INFO - Processing file /home/airflow/.local/lib/python3.8/site-packages/airflow/example_dags/example_complex.py for tasks to queue
[2024-03-27T00:54:00.327+0000] {logging_mixin.py:188} INFO - [2024-03-27T00:54:00.327+0000] {dagbag.py:540} INFO - Filling up the DagBag from /home/airflow/.local/lib/python3.8/site-packages/airflow/example_dags/example_complex.py
[2024-03-27T00:54:00.332+0000] {processor.py:840} INFO - DAG(s) 'example_complex' retrieved from /home/airflow/.local/lib/python3.8/site-packages/airflow/example_dags/example_complex.py
[2024-03-27T00:54:00.346+0000] {logging_mixin.py:188} INFO - [2024-03-27T00:54:00.346+0000] {dag.py:3047} INFO - Sync 1 DAGs
[2024-03-27T00:54:00.351+0000] {logging_mixin.py:188} INFO - [2024-03-27T00:54:00.351+0000] {dag.py:3834} INFO - Setting next_dagrun for example_complex to None, run_after=None
[2024-03-27T00:54:00.359+0000] {processor.py:183} INFO - Processing /home/airflow/.local/lib/python3.8/site-packages/airflow/example_dags/example_complex.py took 0.035 seconds
[2024-03-27T00:54:43.961+0000] {processor.py:161} INFO - Started process (PID=8207) to work on /home/airflow/.local/lib/python3.8/site-packages/airflow/example_dags/example_complex.py
[2024-03-27T00:54:43.962+0000] {processor.py:830} INFO - Processing file /home/airflow/.local/lib/python3.8/site-packages/airflow/example_dags/example_complex.py for tasks to queue
[2024-03-27T00:54:43.963+0000] {logging_mixin.py:188} INFO - [2024-03-27T00:54:43.963+0000] {dagbag.py:540} INFO - Filling up the DagBag from /home/airflow/.local/lib/python3.8/site-packages/airflow/example_dags/example_complex.py
[2024-03-27T00:54:43.968+0000] {processor.py:840} INFO - DAG(s) 'example_complex' retrieved from /home/airflow/.local/lib/python3.8/site-packages/airflow/example_dags/example_complex.py
[2024-03-27T00:54:43.982+0000] {logging_mixin.py:188} INFO - [2024-03-27T00:54:43.982+0000] {dag.py:3047} INFO - Sync 1 DAGs
[2024-03-27T00:54:43.988+0000] {logging_mixin.py:188} INFO - [2024-03-27T00:54:43.988+0000] {dag.py:3834} INFO - Setting next_dagrun for example_complex to None, run_after=None
[2024-03-27T00:54:43.996+0000] {processor.py:183} INFO - Processing /home/airflow/.local/lib/python3.8/site-packages/airflow/example_dags/example_complex.py took 0.036 seconds
[2024-03-27T00:55:16.805+0000] {processor.py:161} INFO - Started process (PID=8262) to work on /home/airflow/.local/lib/python3.8/site-packages/airflow/example_dags/example_complex.py
[2024-03-27T00:55:16.805+0000] {processor.py:830} INFO - Processing file /home/airflow/.local/lib/python3.8/site-packages/airflow/example_dags/example_complex.py for tasks to queue
[2024-03-27T00:55:16.806+0000] {logging_mixin.py:188} INFO - [2024-03-27T00:55:16.806+0000] {dagbag.py:540} INFO - Filling up the DagBag from /home/airflow/.local/lib/python3.8/site-packages/airflow/example_dags/example_complex.py
[2024-03-27T00:55:16.812+0000] {processor.py:840} INFO - DAG(s) 'example_complex' retrieved from /home/airflow/.local/lib/python3.8/site-packages/airflow/example_dags/example_complex.py
[2024-03-27T00:55:16.825+0000] {logging_mixin.py:188} INFO - [2024-03-27T00:55:16.825+0000] {dag.py:3047} INFO - Sync 1 DAGs
[2024-03-27T00:55:16.831+0000] {logging_mixin.py:188} INFO - [2024-03-27T00:55:16.830+0000] {dag.py:3834} INFO - Setting next_dagrun for example_complex to None, run_after=None
[2024-03-27T00:55:16.838+0000] {processor.py:183} INFO - Processing /home/airflow/.local/lib/python3.8/site-packages/airflow/example_dags/example_complex.py took 0.035 seconds
[2024-03-27T00:55:59.012+0000] {processor.py:161} INFO - Started process (PID=8316) to work on /home/airflow/.local/lib/python3.8/site-packages/airflow/example_dags/example_complex.py
[2024-03-27T00:55:59.012+0000] {processor.py:830} INFO - Processing file /home/airflow/.local/lib/python3.8/site-packages/airflow/example_dags/example_complex.py for tasks to queue
[2024-03-27T00:55:59.013+0000] {logging_mixin.py:188} INFO - [2024-03-27T00:55:59.013+0000] {dagbag.py:540} INFO - Filling up the DagBag from /home/airflow/.local/lib/python3.8/site-packages/airflow/example_dags/example_complex.py
[2024-03-27T00:55:59.019+0000] {processor.py:840} INFO - DAG(s) 'example_complex' retrieved from /home/airflow/.local/lib/python3.8/site-packages/airflow/example_dags/example_complex.py
[2024-03-27T00:55:59.033+0000] {logging_mixin.py:188} INFO - [2024-03-27T00:55:59.033+0000] {dag.py:3047} INFO - Sync 1 DAGs
[2024-03-27T00:55:59.039+0000] {logging_mixin.py:188} INFO - [2024-03-27T00:55:59.039+0000] {dag.py:3834} INFO - Setting next_dagrun for example_complex to None, run_after=None
[2024-03-27T00:55:59.049+0000] {processor.py:183} INFO - Processing /home/airflow/.local/lib/python3.8/site-packages/airflow/example_dags/example_complex.py took 0.039 seconds
[2024-03-27T00:58:45.674+0000] {processor.py:161} INFO - Started process (PID=8371) to work on /home/airflow/.local/lib/python3.8/site-packages/airflow/example_dags/example_complex.py
[2024-03-27T00:58:45.675+0000] {processor.py:830} INFO - Processing file /home/airflow/.local/lib/python3.8/site-packages/airflow/example_dags/example_complex.py for tasks to queue
[2024-03-27T00:58:45.676+0000] {logging_mixin.py:188} INFO - [2024-03-27T00:58:45.675+0000] {dagbag.py:540} INFO - Filling up the DagBag from /home/airflow/.local/lib/python3.8/site-packages/airflow/example_dags/example_complex.py
[2024-03-27T00:58:45.681+0000] {processor.py:840} INFO - DAG(s) 'example_complex' retrieved from /home/airflow/.local/lib/python3.8/site-packages/airflow/example_dags/example_complex.py
[2024-03-27T00:58:45.694+0000] {logging_mixin.py:188} INFO - [2024-03-27T00:58:45.694+0000] {dag.py:3047} INFO - Sync 1 DAGs
[2024-03-27T00:58:45.700+0000] {logging_mixin.py:188} INFO - [2024-03-27T00:58:45.700+0000] {dag.py:3834} INFO - Setting next_dagrun for example_complex to None, run_after=None
[2024-03-27T00:58:45.707+0000] {processor.py:183} INFO - Processing /home/airflow/.local/lib/python3.8/site-packages/airflow/example_dags/example_complex.py took 0.035 seconds
[2024-03-27T01:01:15.218+0000] {processor.py:161} INFO - Started process (PID=8426) to work on /home/airflow/.local/lib/python3.8/site-packages/airflow/example_dags/example_complex.py
[2024-03-27T01:01:15.219+0000] {processor.py:830} INFO - Processing file /home/airflow/.local/lib/python3.8/site-packages/airflow/example_dags/example_complex.py for tasks to queue
[2024-03-27T01:01:15.220+0000] {logging_mixin.py:188} INFO - [2024-03-27T01:01:15.220+0000] {dagbag.py:540} INFO - Filling up the DagBag from /home/airflow/.local/lib/python3.8/site-packages/airflow/example_dags/example_complex.py
[2024-03-27T01:01:15.226+0000] {processor.py:840} INFO - DAG(s) 'example_complex' retrieved from /home/airflow/.local/lib/python3.8/site-packages/airflow/example_dags/example_complex.py
[2024-03-27T01:01:15.240+0000] {logging_mixin.py:188} INFO - [2024-03-27T01:01:15.240+0000] {dag.py:3047} INFO - Sync 1 DAGs
[2024-03-27T01:01:15.246+0000] {logging_mixin.py:188} INFO - [2024-03-27T01:01:15.246+0000] {dag.py:3834} INFO - Setting next_dagrun for example_complex to None, run_after=None
[2024-03-27T01:01:15.255+0000] {processor.py:183} INFO - Processing /home/airflow/.local/lib/python3.8/site-packages/airflow/example_dags/example_complex.py took 0.038 seconds
[2024-03-27T01:04:44.242+0000] {processor.py:161} INFO - Started process (PID=8481) to work on /home/airflow/.local/lib/python3.8/site-packages/airflow/example_dags/example_complex.py
[2024-03-27T01:04:44.244+0000] {processor.py:830} INFO - Processing file /home/airflow/.local/lib/python3.8/site-packages/airflow/example_dags/example_complex.py for tasks to queue
[2024-03-27T01:04:44.248+0000] {logging_mixin.py:188} INFO - [2024-03-27T01:04:44.247+0000] {dagbag.py:540} INFO - Filling up the DagBag from /home/airflow/.local/lib/python3.8/site-packages/airflow/example_dags/example_complex.py
[2024-03-27T01:04:44.260+0000] {processor.py:840} INFO - DAG(s) 'example_complex' retrieved from /home/airflow/.local/lib/python3.8/site-packages/airflow/example_dags/example_complex.py
[2024-03-27T01:04:44.282+0000] {logging_mixin.py:188} INFO - [2024-03-27T01:04:44.282+0000] {dag.py:3047} INFO - Sync 1 DAGs
[2024-03-27T01:04:44.290+0000] {logging_mixin.py:188} INFO - [2024-03-27T01:04:44.290+0000] {dag.py:3834} INFO - Setting next_dagrun for example_complex to None, run_after=None
[2024-03-27T01:04:44.308+0000] {processor.py:183} INFO - Processing /home/airflow/.local/lib/python3.8/site-packages/airflow/example_dags/example_complex.py took 0.069 seconds
[2024-03-27T01:08:49.476+0000] {processor.py:161} INFO - Started process (PID=8536) to work on /home/airflow/.local/lib/python3.8/site-packages/airflow/example_dags/example_complex.py
[2024-03-27T01:08:49.477+0000] {processor.py:830} INFO - Processing file /home/airflow/.local/lib/python3.8/site-packages/airflow/example_dags/example_complex.py for tasks to queue
[2024-03-27T01:08:49.480+0000] {logging_mixin.py:188} INFO - [2024-03-27T01:08:49.479+0000] {dagbag.py:540} INFO - Filling up the DagBag from /home/airflow/.local/lib/python3.8/site-packages/airflow/example_dags/example_complex.py
[2024-03-27T01:08:49.488+0000] {processor.py:840} INFO - DAG(s) 'example_complex' retrieved from /home/airflow/.local/lib/python3.8/site-packages/airflow/example_dags/example_complex.py
[2024-03-27T01:08:49.510+0000] {logging_mixin.py:188} INFO - [2024-03-27T01:08:49.510+0000] {dag.py:3047} INFO - Sync 1 DAGs
[2024-03-27T01:08:49.519+0000] {logging_mixin.py:188} INFO - [2024-03-27T01:08:49.519+0000] {dag.py:3834} INFO - Setting next_dagrun for example_complex to None, run_after=None
[2024-03-27T01:08:49.530+0000] {processor.py:183} INFO - Processing /home/airflow/.local/lib/python3.8/site-packages/airflow/example_dags/example_complex.py took 0.057 seconds
[2024-03-27T01:13:47.853+0000] {processor.py:161} INFO - Started process (PID=8591) to work on /home/airflow/.local/lib/python3.8/site-packages/airflow/example_dags/example_complex.py
[2024-03-27T01:13:47.854+0000] {processor.py:830} INFO - Processing file /home/airflow/.local/lib/python3.8/site-packages/airflow/example_dags/example_complex.py for tasks to queue
[2024-03-27T01:13:47.854+0000] {logging_mixin.py:188} INFO - [2024-03-27T01:13:47.854+0000] {dagbag.py:540} INFO - Filling up the DagBag from /home/airflow/.local/lib/python3.8/site-packages/airflow/example_dags/example_complex.py
[2024-03-27T01:13:47.860+0000] {processor.py:840} INFO - DAG(s) 'example_complex' retrieved from /home/airflow/.local/lib/python3.8/site-packages/airflow/example_dags/example_complex.py
[2024-03-27T01:13:47.874+0000] {logging_mixin.py:188} INFO - [2024-03-27T01:13:47.874+0000] {dag.py:3047} INFO - Sync 1 DAGs
[2024-03-27T01:13:47.879+0000] {logging_mixin.py:188} INFO - [2024-03-27T01:13:47.879+0000] {dag.py:3834} INFO - Setting next_dagrun for example_complex to None, run_after=None
[2024-03-27T01:13:47.887+0000] {processor.py:183} INFO - Processing /home/airflow/.local/lib/python3.8/site-packages/airflow/example_dags/example_complex.py took 0.035 seconds
[2024-03-27T01:47:16.826+0000] {processor.py:161} INFO - Started process (PID=8646) to work on /home/airflow/.local/lib/python3.8/site-packages/airflow/example_dags/example_complex.py
[2024-03-27T01:47:16.827+0000] {processor.py:830} INFO - Processing file /home/airflow/.local/lib/python3.8/site-packages/airflow/example_dags/example_complex.py for tasks to queue
[2024-03-27T01:47:16.828+0000] {logging_mixin.py:188} INFO - [2024-03-27T01:47:16.828+0000] {dagbag.py:540} INFO - Filling up the DagBag from /home/airflow/.local/lib/python3.8/site-packages/airflow/example_dags/example_complex.py
[2024-03-27T01:47:16.833+0000] {processor.py:840} INFO - DAG(s) 'example_complex' retrieved from /home/airflow/.local/lib/python3.8/site-packages/airflow/example_dags/example_complex.py
[2024-03-27T01:47:16.848+0000] {logging_mixin.py:188} INFO - [2024-03-27T01:47:16.848+0000] {dag.py:3047} INFO - Sync 1 DAGs
[2024-03-27T01:47:16.854+0000] {logging_mixin.py:188} INFO - [2024-03-27T01:47:16.854+0000] {dag.py:3834} INFO - Setting next_dagrun for example_complex to None, run_after=None
[2024-03-27T01:47:16.862+0000] {processor.py:183} INFO - Processing /home/airflow/.local/lib/python3.8/site-packages/airflow/example_dags/example_complex.py took 0.038 seconds
[2024-03-27T02:30:30.014+0000] {processor.py:161} INFO - Started process (PID=8701) to work on /home/airflow/.local/lib/python3.8/site-packages/airflow/example_dags/example_complex.py
[2024-03-27T02:30:30.015+0000] {processor.py:830} INFO - Processing file /home/airflow/.local/lib/python3.8/site-packages/airflow/example_dags/example_complex.py for tasks to queue
[2024-03-27T02:30:30.016+0000] {logging_mixin.py:188} INFO - [2024-03-27T02:30:30.016+0000] {dagbag.py:540} INFO - Filling up the DagBag from /home/airflow/.local/lib/python3.8/site-packages/airflow/example_dags/example_complex.py
[2024-03-27T02:30:30.022+0000] {processor.py:840} INFO - DAG(s) 'example_complex' retrieved from /home/airflow/.local/lib/python3.8/site-packages/airflow/example_dags/example_complex.py
[2024-03-27T02:30:30.038+0000] {logging_mixin.py:188} INFO - [2024-03-27T02:30:30.037+0000] {dag.py:3047} INFO - Sync 1 DAGs
[2024-03-27T02:30:30.044+0000] {logging_mixin.py:188} INFO - [2024-03-27T02:30:30.044+0000] {dag.py:3834} INFO - Setting next_dagrun for example_complex to None, run_after=None
[2024-03-27T02:30:30.052+0000] {processor.py:183} INFO - Processing /home/airflow/.local/lib/python3.8/site-packages/airflow/example_dags/example_complex.py took 0.040 seconds
[2024-03-27T02:31:20.784+0000] {processor.py:161} INFO - Started process (PID=8756) to work on /home/airflow/.local/lib/python3.8/site-packages/airflow/example_dags/example_complex.py
[2024-03-27T02:31:20.784+0000] {processor.py:830} INFO - Processing file /home/airflow/.local/lib/python3.8/site-packages/airflow/example_dags/example_complex.py for tasks to queue
[2024-03-27T02:31:20.785+0000] {logging_mixin.py:188} INFO - [2024-03-27T02:31:20.785+0000] {dagbag.py:540} INFO - Filling up the DagBag from /home/airflow/.local/lib/python3.8/site-packages/airflow/example_dags/example_complex.py
[2024-03-27T02:31:20.791+0000] {processor.py:840} INFO - DAG(s) 'example_complex' retrieved from /home/airflow/.local/lib/python3.8/site-packages/airflow/example_dags/example_complex.py
[2024-03-27T02:31:20.806+0000] {logging_mixin.py:188} INFO - [2024-03-27T02:31:20.806+0000] {dag.py:3047} INFO - Sync 1 DAGs
[2024-03-27T02:31:20.812+0000] {logging_mixin.py:188} INFO - [2024-03-27T02:31:20.812+0000] {dag.py:3834} INFO - Setting next_dagrun for example_complex to None, run_after=None
[2024-03-27T02:31:20.821+0000] {processor.py:183} INFO - Processing /home/airflow/.local/lib/python3.8/site-packages/airflow/example_dags/example_complex.py took 0.039 seconds
[2024-03-27T02:33:49.682+0000] {processor.py:161} INFO - Started process (PID=8811) to work on /home/airflow/.local/lib/python3.8/site-packages/airflow/example_dags/example_complex.py
[2024-03-27T02:33:49.683+0000] {processor.py:830} INFO - Processing file /home/airflow/.local/lib/python3.8/site-packages/airflow/example_dags/example_complex.py for tasks to queue
[2024-03-27T02:33:49.684+0000] {logging_mixin.py:188} INFO - [2024-03-27T02:33:49.684+0000] {dagbag.py:540} INFO - Filling up the DagBag from /home/airflow/.local/lib/python3.8/site-packages/airflow/example_dags/example_complex.py
[2024-03-27T02:33:49.690+0000] {processor.py:840} INFO - DAG(s) 'example_complex' retrieved from /home/airflow/.local/lib/python3.8/site-packages/airflow/example_dags/example_complex.py
[2024-03-27T02:33:49.705+0000] {logging_mixin.py:188} INFO - [2024-03-27T02:33:49.704+0000] {dag.py:3047} INFO - Sync 1 DAGs
[2024-03-27T02:33:49.710+0000] {logging_mixin.py:188} INFO - [2024-03-27T02:33:49.710+0000] {dag.py:3834} INFO - Setting next_dagrun for example_complex to None, run_after=None
[2024-03-27T02:33:49.720+0000] {processor.py:183} INFO - Processing /home/airflow/.local/lib/python3.8/site-packages/airflow/example_dags/example_complex.py took 0.039 seconds
[2024-03-27T02:49:01.790+0000] {processor.py:161} INFO - Started process (PID=8866) to work on /home/airflow/.local/lib/python3.8/site-packages/airflow/example_dags/example_complex.py
[2024-03-27T02:49:01.791+0000] {processor.py:830} INFO - Processing file /home/airflow/.local/lib/python3.8/site-packages/airflow/example_dags/example_complex.py for tasks to queue
[2024-03-27T02:49:01.793+0000] {logging_mixin.py:188} INFO - [2024-03-27T02:49:01.792+0000] {dagbag.py:540} INFO - Filling up the DagBag from /home/airflow/.local/lib/python3.8/site-packages/airflow/example_dags/example_complex.py
[2024-03-27T02:49:01.801+0000] {processor.py:840} INFO - DAG(s) 'example_complex' retrieved from /home/airflow/.local/lib/python3.8/site-packages/airflow/example_dags/example_complex.py
[2024-03-27T02:49:01.818+0000] {logging_mixin.py:188} INFO - [2024-03-27T02:49:01.818+0000] {dag.py:3047} INFO - Sync 1 DAGs
[2024-03-27T02:49:01.826+0000] {logging_mixin.py:188} INFO - [2024-03-27T02:49:01.826+0000] {dag.py:3834} INFO - Setting next_dagrun for example_complex to None, run_after=None
[2024-03-27T02:49:01.836+0000] {processor.py:183} INFO - Processing /home/airflow/.local/lib/python3.8/site-packages/airflow/example_dags/example_complex.py took 0.049 seconds
[2024-03-27T02:49:32.641+0000] {processor.py:161} INFO - Started process (PID=8921) to work on /home/airflow/.local/lib/python3.8/site-packages/airflow/example_dags/example_complex.py
[2024-03-27T02:49:32.642+0000] {processor.py:830} INFO - Processing file /home/airflow/.local/lib/python3.8/site-packages/airflow/example_dags/example_complex.py for tasks to queue
[2024-03-27T02:49:32.643+0000] {logging_mixin.py:188} INFO - [2024-03-27T02:49:32.643+0000] {dagbag.py:540} INFO - Filling up the DagBag from /home/airflow/.local/lib/python3.8/site-packages/airflow/example_dags/example_complex.py
[2024-03-27T02:49:32.649+0000] {processor.py:840} INFO - DAG(s) 'example_complex' retrieved from /home/airflow/.local/lib/python3.8/site-packages/airflow/example_dags/example_complex.py
[2024-03-27T02:49:32.663+0000] {logging_mixin.py:188} INFO - [2024-03-27T02:49:32.663+0000] {dag.py:3047} INFO - Sync 1 DAGs
[2024-03-27T02:49:32.669+0000] {logging_mixin.py:188} INFO - [2024-03-27T02:49:32.669+0000] {dag.py:3834} INFO - Setting next_dagrun for example_complex to None, run_after=None
[2024-03-27T02:49:32.677+0000] {processor.py:183} INFO - Processing /home/airflow/.local/lib/python3.8/site-packages/airflow/example_dags/example_complex.py took 0.038 seconds
[2024-03-27T02:50:03.373+0000] {processor.py:161} INFO - Started process (PID=8976) to work on /home/airflow/.local/lib/python3.8/site-packages/airflow/example_dags/example_complex.py
[2024-03-27T02:50:03.374+0000] {processor.py:830} INFO - Processing file /home/airflow/.local/lib/python3.8/site-packages/airflow/example_dags/example_complex.py for tasks to queue
[2024-03-27T02:50:03.375+0000] {logging_mixin.py:188} INFO - [2024-03-27T02:50:03.375+0000] {dagbag.py:540} INFO - Filling up the DagBag from /home/airflow/.local/lib/python3.8/site-packages/airflow/example_dags/example_complex.py
[2024-03-27T02:50:03.381+0000] {processor.py:840} INFO - DAG(s) 'example_complex' retrieved from /home/airflow/.local/lib/python3.8/site-packages/airflow/example_dags/example_complex.py
[2024-03-27T02:50:03.395+0000] {logging_mixin.py:188} INFO - [2024-03-27T02:50:03.395+0000] {dag.py:3047} INFO - Sync 1 DAGs
[2024-03-27T02:50:03.401+0000] {logging_mixin.py:188} INFO - [2024-03-27T02:50:03.401+0000] {dag.py:3834} INFO - Setting next_dagrun for example_complex to None, run_after=None
[2024-03-27T02:50:03.409+0000] {processor.py:183} INFO - Processing /home/airflow/.local/lib/python3.8/site-packages/airflow/example_dags/example_complex.py took 0.038 seconds
[2024-03-27T02:50:34.235+0000] {processor.py:161} INFO - Started process (PID=9031) to work on /home/airflow/.local/lib/python3.8/site-packages/airflow/example_dags/example_complex.py
[2024-03-27T02:50:34.236+0000] {processor.py:830} INFO - Processing file /home/airflow/.local/lib/python3.8/site-packages/airflow/example_dags/example_complex.py for tasks to queue
[2024-03-27T02:50:34.237+0000] {logging_mixin.py:188} INFO - [2024-03-27T02:50:34.237+0000] {dagbag.py:540} INFO - Filling up the DagBag from /home/airflow/.local/lib/python3.8/site-packages/airflow/example_dags/example_complex.py
[2024-03-27T02:50:34.243+0000] {processor.py:840} INFO - DAG(s) 'example_complex' retrieved from /home/airflow/.local/lib/python3.8/site-packages/airflow/example_dags/example_complex.py
[2024-03-27T02:50:34.257+0000] {logging_mixin.py:188} INFO - [2024-03-27T02:50:34.257+0000] {dag.py:3047} INFO - Sync 1 DAGs
[2024-03-27T02:50:34.263+0000] {logging_mixin.py:188} INFO - [2024-03-27T02:50:34.263+0000] {dag.py:3834} INFO - Setting next_dagrun for example_complex to None, run_after=None
[2024-03-27T02:50:34.271+0000] {processor.py:183} INFO - Processing /home/airflow/.local/lib/python3.8/site-packages/airflow/example_dags/example_complex.py took 0.038 seconds
[2024-03-27T18:16:33.291+0000] {processor.py:161} INFO - Started process (PID=65) to work on /home/airflow/.local/lib/python3.8/site-packages/airflow/example_dags/example_complex.py
[2024-03-27T18:16:33.292+0000] {processor.py:830} INFO - Processing file /home/airflow/.local/lib/python3.8/site-packages/airflow/example_dags/example_complex.py for tasks to queue
[2024-03-27T18:16:33.293+0000] {logging_mixin.py:188} INFO - [2024-03-27T18:16:33.293+0000] {dagbag.py:540} INFO - Filling up the DagBag from /home/airflow/.local/lib/python3.8/site-packages/airflow/example_dags/example_complex.py
[2024-03-27T18:16:33.299+0000] {processor.py:840} INFO - DAG(s) 'example_complex' retrieved from /home/airflow/.local/lib/python3.8/site-packages/airflow/example_dags/example_complex.py
[2024-03-27T18:16:33.324+0000] {logging_mixin.py:188} INFO - [2024-03-27T18:16:33.324+0000] {dag.py:3047} INFO - Sync 1 DAGs
[2024-03-27T18:16:33.335+0000] {logging_mixin.py:188} INFO - [2024-03-27T18:16:33.334+0000] {dag.py:3834} INFO - Setting next_dagrun for example_complex to None, run_after=None
[2024-03-27T18:16:33.348+0000] {processor.py:183} INFO - Processing /home/airflow/.local/lib/python3.8/site-packages/airflow/example_dags/example_complex.py took 0.059 seconds
