[2024-03-27T00:00:23.846+0000] {processor.py:161} INFO - Started process (PID=5230) to work on /home/airflow/.local/lib/python3.8/site-packages/airflow/example_dags/example_python_operator.py
[2024-03-27T00:00:23.847+0000] {processor.py:830} INFO - Processing file /home/airflow/.local/lib/python3.8/site-packages/airflow/example_dags/example_python_operator.py for tasks to queue
[2024-03-27T00:00:23.848+0000] {logging_mixin.py:188} INFO - [2024-03-27T00:00:23.848+0000] {dagbag.py:540} INFO - Filling up the DagBag from /home/airflow/.local/lib/python3.8/site-packages/airflow/example_dags/example_python_operator.py
[2024-03-27T00:00:23.856+0000] {processor.py:840} INFO - DAG(s) 'example_python_operator' retrieved from /home/airflow/.local/lib/python3.8/site-packages/airflow/example_dags/example_python_operator.py
[2024-03-27T00:00:23.868+0000] {logging_mixin.py:188} INFO - [2024-03-27T00:00:23.868+0000] {dag.py:3047} INFO - Sync 1 DAGs
[2024-03-27T00:00:23.875+0000] {logging_mixin.py:188} INFO - [2024-03-27T00:00:23.875+0000] {dag.py:3834} INFO - Setting next_dagrun for example_python_operator to None, run_after=None
[2024-03-27T00:00:23.884+0000] {processor.py:183} INFO - Processing /home/airflow/.local/lib/python3.8/site-packages/airflow/example_dags/example_python_operator.py took 0.039 seconds
[2024-03-27T00:00:54.799+0000] {processor.py:161} INFO - Started process (PID=5285) to work on /home/airflow/.local/lib/python3.8/site-packages/airflow/example_dags/example_python_operator.py
[2024-03-27T00:00:54.799+0000] {processor.py:830} INFO - Processing file /home/airflow/.local/lib/python3.8/site-packages/airflow/example_dags/example_python_operator.py for tasks to queue
[2024-03-27T00:00:54.800+0000] {logging_mixin.py:188} INFO - [2024-03-27T00:00:54.800+0000] {dagbag.py:540} INFO - Filling up the DagBag from /home/airflow/.local/lib/python3.8/site-packages/airflow/example_dags/example_python_operator.py
[2024-03-27T00:00:54.806+0000] {processor.py:840} INFO - DAG(s) 'example_python_operator' retrieved from /home/airflow/.local/lib/python3.8/site-packages/airflow/example_dags/example_python_operator.py
[2024-03-27T00:00:54.818+0000] {logging_mixin.py:188} INFO - [2024-03-27T00:00:54.818+0000] {dag.py:3047} INFO - Sync 1 DAGs
[2024-03-27T00:00:54.824+0000] {logging_mixin.py:188} INFO - [2024-03-27T00:00:54.824+0000] {dag.py:3834} INFO - Setting next_dagrun for example_python_operator to None, run_after=None
[2024-03-27T00:00:54.833+0000] {processor.py:183} INFO - Processing /home/airflow/.local/lib/python3.8/site-packages/airflow/example_dags/example_python_operator.py took 0.036 seconds
[2024-03-27T00:01:25.622+0000] {processor.py:161} INFO - Started process (PID=5340) to work on /home/airflow/.local/lib/python3.8/site-packages/airflow/example_dags/example_python_operator.py
[2024-03-27T00:01:25.622+0000] {processor.py:830} INFO - Processing file /home/airflow/.local/lib/python3.8/site-packages/airflow/example_dags/example_python_operator.py for tasks to queue
[2024-03-27T00:01:25.623+0000] {logging_mixin.py:188} INFO - [2024-03-27T00:01:25.623+0000] {dagbag.py:540} INFO - Filling up the DagBag from /home/airflow/.local/lib/python3.8/site-packages/airflow/example_dags/example_python_operator.py
[2024-03-27T00:01:25.629+0000] {processor.py:840} INFO - DAG(s) 'example_python_operator' retrieved from /home/airflow/.local/lib/python3.8/site-packages/airflow/example_dags/example_python_operator.py
[2024-03-27T00:01:25.640+0000] {logging_mixin.py:188} INFO - [2024-03-27T00:01:25.640+0000] {dag.py:3047} INFO - Sync 1 DAGs
[2024-03-27T00:01:25.646+0000] {logging_mixin.py:188} INFO - [2024-03-27T00:01:25.646+0000] {dag.py:3834} INFO - Setting next_dagrun for example_python_operator to None, run_after=None
[2024-03-27T00:01:25.657+0000] {processor.py:183} INFO - Processing /home/airflow/.local/lib/python3.8/site-packages/airflow/example_dags/example_python_operator.py took 0.037 seconds
[2024-03-27T00:01:56.650+0000] {processor.py:161} INFO - Started process (PID=5395) to work on /home/airflow/.local/lib/python3.8/site-packages/airflow/example_dags/example_python_operator.py
[2024-03-27T00:01:56.651+0000] {processor.py:830} INFO - Processing file /home/airflow/.local/lib/python3.8/site-packages/airflow/example_dags/example_python_operator.py for tasks to queue
[2024-03-27T00:01:56.652+0000] {logging_mixin.py:188} INFO - [2024-03-27T00:01:56.652+0000] {dagbag.py:540} INFO - Filling up the DagBag from /home/airflow/.local/lib/python3.8/site-packages/airflow/example_dags/example_python_operator.py
[2024-03-27T00:01:56.658+0000] {processor.py:840} INFO - DAG(s) 'example_python_operator' retrieved from /home/airflow/.local/lib/python3.8/site-packages/airflow/example_dags/example_python_operator.py
[2024-03-27T00:01:56.678+0000] {logging_mixin.py:188} INFO - [2024-03-27T00:01:56.677+0000] {dag.py:3047} INFO - Sync 1 DAGs
[2024-03-27T00:01:56.684+0000] {logging_mixin.py:188} INFO - [2024-03-27T00:01:56.684+0000] {dag.py:3834} INFO - Setting next_dagrun for example_python_operator to None, run_after=None
[2024-03-27T00:01:56.694+0000] {processor.py:183} INFO - Processing /home/airflow/.local/lib/python3.8/site-packages/airflow/example_dags/example_python_operator.py took 0.046 seconds
[2024-03-27T00:02:27.495+0000] {processor.py:161} INFO - Started process (PID=5450) to work on /home/airflow/.local/lib/python3.8/site-packages/airflow/example_dags/example_python_operator.py
[2024-03-27T00:02:27.496+0000] {processor.py:830} INFO - Processing file /home/airflow/.local/lib/python3.8/site-packages/airflow/example_dags/example_python_operator.py for tasks to queue
[2024-03-27T00:02:27.497+0000] {logging_mixin.py:188} INFO - [2024-03-27T00:02:27.497+0000] {dagbag.py:540} INFO - Filling up the DagBag from /home/airflow/.local/lib/python3.8/site-packages/airflow/example_dags/example_python_operator.py
[2024-03-27T00:02:27.506+0000] {processor.py:840} INFO - DAG(s) 'example_python_operator' retrieved from /home/airflow/.local/lib/python3.8/site-packages/airflow/example_dags/example_python_operator.py
[2024-03-27T00:02:27.522+0000] {logging_mixin.py:188} INFO - [2024-03-27T00:02:27.522+0000] {dag.py:3047} INFO - Sync 1 DAGs
[2024-03-27T00:02:27.535+0000] {logging_mixin.py:188} INFO - [2024-03-27T00:02:27.534+0000] {dag.py:3834} INFO - Setting next_dagrun for example_python_operator to None, run_after=None
[2024-03-27T00:02:27.548+0000] {processor.py:183} INFO - Processing /home/airflow/.local/lib/python3.8/site-packages/airflow/example_dags/example_python_operator.py took 0.056 seconds
[2024-03-27T00:02:58.632+0000] {processor.py:161} INFO - Started process (PID=5505) to work on /home/airflow/.local/lib/python3.8/site-packages/airflow/example_dags/example_python_operator.py
[2024-03-27T00:02:58.636+0000] {processor.py:830} INFO - Processing file /home/airflow/.local/lib/python3.8/site-packages/airflow/example_dags/example_python_operator.py for tasks to queue
[2024-03-27T00:02:58.638+0000] {logging_mixin.py:188} INFO - [2024-03-27T00:02:58.638+0000] {dagbag.py:540} INFO - Filling up the DagBag from /home/airflow/.local/lib/python3.8/site-packages/airflow/example_dags/example_python_operator.py
[2024-03-27T00:02:58.651+0000] {processor.py:840} INFO - DAG(s) 'example_python_operator' retrieved from /home/airflow/.local/lib/python3.8/site-packages/airflow/example_dags/example_python_operator.py
[2024-03-27T00:02:58.672+0000] {logging_mixin.py:188} INFO - [2024-03-27T00:02:58.671+0000] {dag.py:3047} INFO - Sync 1 DAGs
[2024-03-27T00:02:58.680+0000] {logging_mixin.py:188} INFO - [2024-03-27T00:02:58.680+0000] {dag.py:3834} INFO - Setting next_dagrun for example_python_operator to None, run_after=None
[2024-03-27T00:02:58.698+0000] {processor.py:183} INFO - Processing /home/airflow/.local/lib/python3.8/site-packages/airflow/example_dags/example_python_operator.py took 0.068 seconds
[2024-03-27T00:03:29.551+0000] {processor.py:161} INFO - Started process (PID=5559) to work on /home/airflow/.local/lib/python3.8/site-packages/airflow/example_dags/example_python_operator.py
[2024-03-27T00:03:29.552+0000] {processor.py:830} INFO - Processing file /home/airflow/.local/lib/python3.8/site-packages/airflow/example_dags/example_python_operator.py for tasks to queue
[2024-03-27T00:03:29.553+0000] {logging_mixin.py:188} INFO - [2024-03-27T00:03:29.553+0000] {dagbag.py:540} INFO - Filling up the DagBag from /home/airflow/.local/lib/python3.8/site-packages/airflow/example_dags/example_python_operator.py
[2024-03-27T00:03:29.559+0000] {processor.py:840} INFO - DAG(s) 'example_python_operator' retrieved from /home/airflow/.local/lib/python3.8/site-packages/airflow/example_dags/example_python_operator.py
[2024-03-27T00:03:29.634+0000] {logging_mixin.py:188} INFO - [2024-03-27T00:03:29.633+0000] {dag.py:3047} INFO - Sync 1 DAGs
[2024-03-27T00:03:29.657+0000] {logging_mixin.py:188} INFO - [2024-03-27T00:03:29.657+0000] {dag.py:3834} INFO - Setting next_dagrun for example_python_operator to None, run_after=None
[2024-03-27T00:03:29.682+0000] {processor.py:183} INFO - Processing /home/airflow/.local/lib/python3.8/site-packages/airflow/example_dags/example_python_operator.py took 0.133 seconds
[2024-03-27T00:04:02.976+0000] {processor.py:161} INFO - Started process (PID=5614) to work on /home/airflow/.local/lib/python3.8/site-packages/airflow/example_dags/example_python_operator.py
[2024-03-27T00:04:02.976+0000] {processor.py:830} INFO - Processing file /home/airflow/.local/lib/python3.8/site-packages/airflow/example_dags/example_python_operator.py for tasks to queue
[2024-03-27T00:04:02.977+0000] {logging_mixin.py:188} INFO - [2024-03-27T00:04:02.977+0000] {dagbag.py:540} INFO - Filling up the DagBag from /home/airflow/.local/lib/python3.8/site-packages/airflow/example_dags/example_python_operator.py
[2024-03-27T00:04:02.983+0000] {processor.py:840} INFO - DAG(s) 'example_python_operator' retrieved from /home/airflow/.local/lib/python3.8/site-packages/airflow/example_dags/example_python_operator.py
[2024-03-27T00:04:02.994+0000] {logging_mixin.py:188} INFO - [2024-03-27T00:04:02.993+0000] {dag.py:3047} INFO - Sync 1 DAGs
[2024-03-27T00:04:02.999+0000] {logging_mixin.py:188} INFO - [2024-03-27T00:04:02.999+0000] {dag.py:3834} INFO - Setting next_dagrun for example_python_operator to None, run_after=None
[2024-03-27T00:04:03.009+0000] {processor.py:183} INFO - Processing /home/airflow/.local/lib/python3.8/site-packages/airflow/example_dags/example_python_operator.py took 0.035 seconds
[2024-03-27T00:04:33.709+0000] {processor.py:161} INFO - Started process (PID=5669) to work on /home/airflow/.local/lib/python3.8/site-packages/airflow/example_dags/example_python_operator.py
[2024-03-27T00:04:33.710+0000] {processor.py:830} INFO - Processing file /home/airflow/.local/lib/python3.8/site-packages/airflow/example_dags/example_python_operator.py for tasks to queue
[2024-03-27T00:04:33.711+0000] {logging_mixin.py:188} INFO - [2024-03-27T00:04:33.711+0000] {dagbag.py:540} INFO - Filling up the DagBag from /home/airflow/.local/lib/python3.8/site-packages/airflow/example_dags/example_python_operator.py
[2024-03-27T00:04:33.717+0000] {processor.py:840} INFO - DAG(s) 'example_python_operator' retrieved from /home/airflow/.local/lib/python3.8/site-packages/airflow/example_dags/example_python_operator.py
[2024-03-27T00:04:33.729+0000] {logging_mixin.py:188} INFO - [2024-03-27T00:04:33.729+0000] {dag.py:3047} INFO - Sync 1 DAGs
[2024-03-27T00:04:33.735+0000] {logging_mixin.py:188} INFO - [2024-03-27T00:04:33.735+0000] {dag.py:3834} INFO - Setting next_dagrun for example_python_operator to None, run_after=None
[2024-03-27T00:04:33.743+0000] {processor.py:183} INFO - Processing /home/airflow/.local/lib/python3.8/site-packages/airflow/example_dags/example_python_operator.py took 0.036 seconds
[2024-03-27T00:05:04.457+0000] {processor.py:161} INFO - Started process (PID=5724) to work on /home/airflow/.local/lib/python3.8/site-packages/airflow/example_dags/example_python_operator.py
[2024-03-27T00:05:04.458+0000] {processor.py:830} INFO - Processing file /home/airflow/.local/lib/python3.8/site-packages/airflow/example_dags/example_python_operator.py for tasks to queue
[2024-03-27T00:05:04.459+0000] {logging_mixin.py:188} INFO - [2024-03-27T00:05:04.459+0000] {dagbag.py:540} INFO - Filling up the DagBag from /home/airflow/.local/lib/python3.8/site-packages/airflow/example_dags/example_python_operator.py
[2024-03-27T00:05:04.464+0000] {processor.py:840} INFO - DAG(s) 'example_python_operator' retrieved from /home/airflow/.local/lib/python3.8/site-packages/airflow/example_dags/example_python_operator.py
[2024-03-27T00:05:04.477+0000] {logging_mixin.py:188} INFO - [2024-03-27T00:05:04.477+0000] {dag.py:3047} INFO - Sync 1 DAGs
[2024-03-27T00:05:04.484+0000] {logging_mixin.py:188} INFO - [2024-03-27T00:05:04.484+0000] {dag.py:3834} INFO - Setting next_dagrun for example_python_operator to None, run_after=None
[2024-03-27T00:05:04.495+0000] {processor.py:183} INFO - Processing /home/airflow/.local/lib/python3.8/site-packages/airflow/example_dags/example_python_operator.py took 0.039 seconds
[2024-03-27T00:05:35.125+0000] {processor.py:161} INFO - Started process (PID=5779) to work on /home/airflow/.local/lib/python3.8/site-packages/airflow/example_dags/example_python_operator.py
[2024-03-27T00:05:35.125+0000] {processor.py:830} INFO - Processing file /home/airflow/.local/lib/python3.8/site-packages/airflow/example_dags/example_python_operator.py for tasks to queue
[2024-03-27T00:05:35.126+0000] {logging_mixin.py:188} INFO - [2024-03-27T00:05:35.126+0000] {dagbag.py:540} INFO - Filling up the DagBag from /home/airflow/.local/lib/python3.8/site-packages/airflow/example_dags/example_python_operator.py
[2024-03-27T00:05:35.132+0000] {processor.py:840} INFO - DAG(s) 'example_python_operator' retrieved from /home/airflow/.local/lib/python3.8/site-packages/airflow/example_dags/example_python_operator.py
[2024-03-27T00:05:35.147+0000] {logging_mixin.py:188} INFO - [2024-03-27T00:05:35.147+0000] {dag.py:3047} INFO - Sync 1 DAGs
[2024-03-27T00:05:35.153+0000] {logging_mixin.py:188} INFO - [2024-03-27T00:05:35.152+0000] {dag.py:3834} INFO - Setting next_dagrun for example_python_operator to None, run_after=None
[2024-03-27T00:05:35.161+0000] {processor.py:183} INFO - Processing /home/airflow/.local/lib/python3.8/site-packages/airflow/example_dags/example_python_operator.py took 0.038 seconds
[2024-03-27T00:06:05.839+0000] {processor.py:161} INFO - Started process (PID=5834) to work on /home/airflow/.local/lib/python3.8/site-packages/airflow/example_dags/example_python_operator.py
[2024-03-27T00:06:05.840+0000] {processor.py:830} INFO - Processing file /home/airflow/.local/lib/python3.8/site-packages/airflow/example_dags/example_python_operator.py for tasks to queue
[2024-03-27T00:06:05.841+0000] {logging_mixin.py:188} INFO - [2024-03-27T00:06:05.841+0000] {dagbag.py:540} INFO - Filling up the DagBag from /home/airflow/.local/lib/python3.8/site-packages/airflow/example_dags/example_python_operator.py
[2024-03-27T00:06:05.849+0000] {processor.py:840} INFO - DAG(s) 'example_python_operator' retrieved from /home/airflow/.local/lib/python3.8/site-packages/airflow/example_dags/example_python_operator.py
[2024-03-27T00:06:05.861+0000] {logging_mixin.py:188} INFO - [2024-03-27T00:06:05.861+0000] {dag.py:3047} INFO - Sync 1 DAGs
[2024-03-27T00:06:05.867+0000] {logging_mixin.py:188} INFO - [2024-03-27T00:06:05.867+0000] {dag.py:3834} INFO - Setting next_dagrun for example_python_operator to None, run_after=None
[2024-03-27T00:06:05.876+0000] {processor.py:183} INFO - Processing /home/airflow/.local/lib/python3.8/site-packages/airflow/example_dags/example_python_operator.py took 0.040 seconds
[2024-03-27T00:09:25.114+0000] {processor.py:161} INFO - Started process (PID=5889) to work on /home/airflow/.local/lib/python3.8/site-packages/airflow/example_dags/example_python_operator.py
[2024-03-27T00:09:25.116+0000] {processor.py:830} INFO - Processing file /home/airflow/.local/lib/python3.8/site-packages/airflow/example_dags/example_python_operator.py for tasks to queue
[2024-03-27T00:09:25.117+0000] {logging_mixin.py:188} INFO - [2024-03-27T00:09:25.117+0000] {dagbag.py:540} INFO - Filling up the DagBag from /home/airflow/.local/lib/python3.8/site-packages/airflow/example_dags/example_python_operator.py
[2024-03-27T00:09:25.124+0000] {processor.py:840} INFO - DAG(s) 'example_python_operator' retrieved from /home/airflow/.local/lib/python3.8/site-packages/airflow/example_dags/example_python_operator.py
[2024-03-27T00:09:25.137+0000] {logging_mixin.py:188} INFO - [2024-03-27T00:09:25.136+0000] {dag.py:3047} INFO - Sync 1 DAGs
[2024-03-27T00:09:25.143+0000] {logging_mixin.py:188} INFO - [2024-03-27T00:09:25.143+0000] {dag.py:3834} INFO - Setting next_dagrun for example_python_operator to None, run_after=None
[2024-03-27T00:09:25.152+0000] {processor.py:183} INFO - Processing /home/airflow/.local/lib/python3.8/site-packages/airflow/example_dags/example_python_operator.py took 0.041 seconds
[2024-03-27T00:09:56.119+0000] {processor.py:161} INFO - Started process (PID=5943) to work on /home/airflow/.local/lib/python3.8/site-packages/airflow/example_dags/example_python_operator.py
[2024-03-27T00:09:56.120+0000] {processor.py:830} INFO - Processing file /home/airflow/.local/lib/python3.8/site-packages/airflow/example_dags/example_python_operator.py for tasks to queue
[2024-03-27T00:09:56.121+0000] {logging_mixin.py:188} INFO - [2024-03-27T00:09:56.121+0000] {dagbag.py:540} INFO - Filling up the DagBag from /home/airflow/.local/lib/python3.8/site-packages/airflow/example_dags/example_python_operator.py
[2024-03-27T00:09:56.127+0000] {processor.py:840} INFO - DAG(s) 'example_python_operator' retrieved from /home/airflow/.local/lib/python3.8/site-packages/airflow/example_dags/example_python_operator.py
[2024-03-27T00:09:56.138+0000] {logging_mixin.py:188} INFO - [2024-03-27T00:09:56.138+0000] {dag.py:3047} INFO - Sync 1 DAGs
[2024-03-27T00:09:56.144+0000] {logging_mixin.py:188} INFO - [2024-03-27T00:09:56.144+0000] {dag.py:3834} INFO - Setting next_dagrun for example_python_operator to None, run_after=None
[2024-03-27T00:09:56.154+0000] {processor.py:183} INFO - Processing /home/airflow/.local/lib/python3.8/site-packages/airflow/example_dags/example_python_operator.py took 0.036 seconds
[2024-03-27T00:10:27.169+0000] {processor.py:161} INFO - Started process (PID=5998) to work on /home/airflow/.local/lib/python3.8/site-packages/airflow/example_dags/example_python_operator.py
[2024-03-27T00:10:27.170+0000] {processor.py:830} INFO - Processing file /home/airflow/.local/lib/python3.8/site-packages/airflow/example_dags/example_python_operator.py for tasks to queue
[2024-03-27T00:10:27.171+0000] {logging_mixin.py:188} INFO - [2024-03-27T00:10:27.171+0000] {dagbag.py:540} INFO - Filling up the DagBag from /home/airflow/.local/lib/python3.8/site-packages/airflow/example_dags/example_python_operator.py
[2024-03-27T00:10:27.177+0000] {processor.py:840} INFO - DAG(s) 'example_python_operator' retrieved from /home/airflow/.local/lib/python3.8/site-packages/airflow/example_dags/example_python_operator.py
[2024-03-27T00:10:27.189+0000] {logging_mixin.py:188} INFO - [2024-03-27T00:10:27.189+0000] {dag.py:3047} INFO - Sync 1 DAGs
[2024-03-27T00:10:27.195+0000] {logging_mixin.py:188} INFO - [2024-03-27T00:10:27.195+0000] {dag.py:3834} INFO - Setting next_dagrun for example_python_operator to None, run_after=None
[2024-03-27T00:10:27.204+0000] {processor.py:183} INFO - Processing /home/airflow/.local/lib/python3.8/site-packages/airflow/example_dags/example_python_operator.py took 0.037 seconds
[2024-03-27T00:10:58.101+0000] {processor.py:161} INFO - Started process (PID=6053) to work on /home/airflow/.local/lib/python3.8/site-packages/airflow/example_dags/example_python_operator.py
[2024-03-27T00:10:58.102+0000] {processor.py:830} INFO - Processing file /home/airflow/.local/lib/python3.8/site-packages/airflow/example_dags/example_python_operator.py for tasks to queue
[2024-03-27T00:10:58.103+0000] {logging_mixin.py:188} INFO - [2024-03-27T00:10:58.103+0000] {dagbag.py:540} INFO - Filling up the DagBag from /home/airflow/.local/lib/python3.8/site-packages/airflow/example_dags/example_python_operator.py
[2024-03-27T00:10:58.109+0000] {processor.py:840} INFO - DAG(s) 'example_python_operator' retrieved from /home/airflow/.local/lib/python3.8/site-packages/airflow/example_dags/example_python_operator.py
[2024-03-27T00:10:58.122+0000] {logging_mixin.py:188} INFO - [2024-03-27T00:10:58.121+0000] {dag.py:3047} INFO - Sync 1 DAGs
[2024-03-27T00:10:58.129+0000] {logging_mixin.py:188} INFO - [2024-03-27T00:10:58.128+0000] {dag.py:3834} INFO - Setting next_dagrun for example_python_operator to None, run_after=None
[2024-03-27T00:10:58.138+0000] {processor.py:183} INFO - Processing /home/airflow/.local/lib/python3.8/site-packages/airflow/example_dags/example_python_operator.py took 0.039 seconds
[2024-03-27T00:11:28.945+0000] {processor.py:161} INFO - Started process (PID=6107) to work on /home/airflow/.local/lib/python3.8/site-packages/airflow/example_dags/example_python_operator.py
[2024-03-27T00:11:28.946+0000] {processor.py:830} INFO - Processing file /home/airflow/.local/lib/python3.8/site-packages/airflow/example_dags/example_python_operator.py for tasks to queue
[2024-03-27T00:11:28.947+0000] {logging_mixin.py:188} INFO - [2024-03-27T00:11:28.947+0000] {dagbag.py:540} INFO - Filling up the DagBag from /home/airflow/.local/lib/python3.8/site-packages/airflow/example_dags/example_python_operator.py
[2024-03-27T00:11:28.953+0000] {processor.py:840} INFO - DAG(s) 'example_python_operator' retrieved from /home/airflow/.local/lib/python3.8/site-packages/airflow/example_dags/example_python_operator.py
[2024-03-27T00:11:28.964+0000] {logging_mixin.py:188} INFO - [2024-03-27T00:11:28.964+0000] {dag.py:3047} INFO - Sync 1 DAGs
[2024-03-27T00:11:28.970+0000] {logging_mixin.py:188} INFO - [2024-03-27T00:11:28.970+0000] {dag.py:3834} INFO - Setting next_dagrun for example_python_operator to None, run_after=None
[2024-03-27T00:11:28.980+0000] {processor.py:183} INFO - Processing /home/airflow/.local/lib/python3.8/site-packages/airflow/example_dags/example_python_operator.py took 0.037 seconds
[2024-03-27T00:12:00.037+0000] {processor.py:161} INFO - Started process (PID=6162) to work on /home/airflow/.local/lib/python3.8/site-packages/airflow/example_dags/example_python_operator.py
[2024-03-27T00:12:00.038+0000] {processor.py:830} INFO - Processing file /home/airflow/.local/lib/python3.8/site-packages/airflow/example_dags/example_python_operator.py for tasks to queue
[2024-03-27T00:12:00.039+0000] {logging_mixin.py:188} INFO - [2024-03-27T00:12:00.039+0000] {dagbag.py:540} INFO - Filling up the DagBag from /home/airflow/.local/lib/python3.8/site-packages/airflow/example_dags/example_python_operator.py
[2024-03-27T00:12:00.045+0000] {processor.py:840} INFO - DAG(s) 'example_python_operator' retrieved from /home/airflow/.local/lib/python3.8/site-packages/airflow/example_dags/example_python_operator.py
[2024-03-27T00:12:00.058+0000] {logging_mixin.py:188} INFO - [2024-03-27T00:12:00.058+0000] {dag.py:3047} INFO - Sync 1 DAGs
[2024-03-27T00:12:00.065+0000] {logging_mixin.py:188} INFO - [2024-03-27T00:12:00.064+0000] {dag.py:3834} INFO - Setting next_dagrun for example_python_operator to None, run_after=None
[2024-03-27T00:12:00.076+0000] {processor.py:183} INFO - Processing /home/airflow/.local/lib/python3.8/site-packages/airflow/example_dags/example_python_operator.py took 0.041 seconds
[2024-03-27T00:12:30.837+0000] {processor.py:161} INFO - Started process (PID=6216) to work on /home/airflow/.local/lib/python3.8/site-packages/airflow/example_dags/example_python_operator.py
[2024-03-27T00:12:30.838+0000] {processor.py:830} INFO - Processing file /home/airflow/.local/lib/python3.8/site-packages/airflow/example_dags/example_python_operator.py for tasks to queue
[2024-03-27T00:12:30.839+0000] {logging_mixin.py:188} INFO - [2024-03-27T00:12:30.839+0000] {dagbag.py:540} INFO - Filling up the DagBag from /home/airflow/.local/lib/python3.8/site-packages/airflow/example_dags/example_python_operator.py
[2024-03-27T00:12:30.845+0000] {processor.py:840} INFO - DAG(s) 'example_python_operator' retrieved from /home/airflow/.local/lib/python3.8/site-packages/airflow/example_dags/example_python_operator.py
[2024-03-27T00:12:30.858+0000] {logging_mixin.py:188} INFO - [2024-03-27T00:12:30.858+0000] {dag.py:3047} INFO - Sync 1 DAGs
[2024-03-27T00:12:30.865+0000] {logging_mixin.py:188} INFO - [2024-03-27T00:12:30.865+0000] {dag.py:3834} INFO - Setting next_dagrun for example_python_operator to None, run_after=None
[2024-03-27T00:12:30.878+0000] {processor.py:183} INFO - Processing /home/airflow/.local/lib/python3.8/site-packages/airflow/example_dags/example_python_operator.py took 0.042 seconds
[2024-03-27T00:13:01.624+0000] {processor.py:161} INFO - Started process (PID=6271) to work on /home/airflow/.local/lib/python3.8/site-packages/airflow/example_dags/example_python_operator.py
[2024-03-27T00:13:01.625+0000] {processor.py:830} INFO - Processing file /home/airflow/.local/lib/python3.8/site-packages/airflow/example_dags/example_python_operator.py for tasks to queue
[2024-03-27T00:13:01.626+0000] {logging_mixin.py:188} INFO - [2024-03-27T00:13:01.626+0000] {dagbag.py:540} INFO - Filling up the DagBag from /home/airflow/.local/lib/python3.8/site-packages/airflow/example_dags/example_python_operator.py
[2024-03-27T00:13:01.631+0000] {processor.py:840} INFO - DAG(s) 'example_python_operator' retrieved from /home/airflow/.local/lib/python3.8/site-packages/airflow/example_dags/example_python_operator.py
[2024-03-27T00:13:01.643+0000] {logging_mixin.py:188} INFO - [2024-03-27T00:13:01.643+0000] {dag.py:3047} INFO - Sync 1 DAGs
[2024-03-27T00:13:01.649+0000] {logging_mixin.py:188} INFO - [2024-03-27T00:13:01.649+0000] {dag.py:3834} INFO - Setting next_dagrun for example_python_operator to None, run_after=None
[2024-03-27T00:13:01.658+0000] {processor.py:183} INFO - Processing /home/airflow/.local/lib/python3.8/site-packages/airflow/example_dags/example_python_operator.py took 0.036 seconds
[2024-03-27T00:13:32.651+0000] {processor.py:161} INFO - Started process (PID=6326) to work on /home/airflow/.local/lib/python3.8/site-packages/airflow/example_dags/example_python_operator.py
[2024-03-27T00:13:32.652+0000] {processor.py:830} INFO - Processing file /home/airflow/.local/lib/python3.8/site-packages/airflow/example_dags/example_python_operator.py for tasks to queue
[2024-03-27T00:13:32.653+0000] {logging_mixin.py:188} INFO - [2024-03-27T00:13:32.653+0000] {dagbag.py:540} INFO - Filling up the DagBag from /home/airflow/.local/lib/python3.8/site-packages/airflow/example_dags/example_python_operator.py
[2024-03-27T00:13:32.660+0000] {processor.py:840} INFO - DAG(s) 'example_python_operator' retrieved from /home/airflow/.local/lib/python3.8/site-packages/airflow/example_dags/example_python_operator.py
[2024-03-27T00:13:32.672+0000] {logging_mixin.py:188} INFO - [2024-03-27T00:13:32.672+0000] {dag.py:3047} INFO - Sync 1 DAGs
[2024-03-27T00:13:32.678+0000] {logging_mixin.py:188} INFO - [2024-03-27T00:13:32.677+0000] {dag.py:3834} INFO - Setting next_dagrun for example_python_operator to None, run_after=None
[2024-03-27T00:13:32.686+0000] {processor.py:183} INFO - Processing /home/airflow/.local/lib/python3.8/site-packages/airflow/example_dags/example_python_operator.py took 0.037 seconds
[2024-03-27T00:14:03.024+0000] {processor.py:161} INFO - Started process (PID=6381) to work on /home/airflow/.local/lib/python3.8/site-packages/airflow/example_dags/example_python_operator.py
[2024-03-27T00:14:03.024+0000] {processor.py:830} INFO - Processing file /home/airflow/.local/lib/python3.8/site-packages/airflow/example_dags/example_python_operator.py for tasks to queue
[2024-03-27T00:14:03.026+0000] {logging_mixin.py:188} INFO - [2024-03-27T00:14:03.026+0000] {dagbag.py:540} INFO - Filling up the DagBag from /home/airflow/.local/lib/python3.8/site-packages/airflow/example_dags/example_python_operator.py
[2024-03-27T00:14:03.032+0000] {processor.py:840} INFO - DAG(s) 'example_python_operator' retrieved from /home/airflow/.local/lib/python3.8/site-packages/airflow/example_dags/example_python_operator.py
[2024-03-27T00:14:03.049+0000] {logging_mixin.py:188} INFO - [2024-03-27T00:14:03.049+0000] {dag.py:3047} INFO - Sync 1 DAGs
[2024-03-27T00:14:03.056+0000] {logging_mixin.py:188} INFO - [2024-03-27T00:14:03.056+0000] {dag.py:3834} INFO - Setting next_dagrun for example_python_operator to None, run_after=None
[2024-03-27T00:14:03.065+0000] {processor.py:183} INFO - Processing /home/airflow/.local/lib/python3.8/site-packages/airflow/example_dags/example_python_operator.py took 0.043 seconds
[2024-03-27T00:14:33.083+0000] {processor.py:161} INFO - Started process (PID=6436) to work on /home/airflow/.local/lib/python3.8/site-packages/airflow/example_dags/example_python_operator.py
[2024-03-27T00:14:33.084+0000] {processor.py:830} INFO - Processing file /home/airflow/.local/lib/python3.8/site-packages/airflow/example_dags/example_python_operator.py for tasks to queue
[2024-03-27T00:14:33.085+0000] {logging_mixin.py:188} INFO - [2024-03-27T00:14:33.085+0000] {dagbag.py:540} INFO - Filling up the DagBag from /home/airflow/.local/lib/python3.8/site-packages/airflow/example_dags/example_python_operator.py
[2024-03-27T00:14:33.091+0000] {processor.py:840} INFO - DAG(s) 'example_python_operator' retrieved from /home/airflow/.local/lib/python3.8/site-packages/airflow/example_dags/example_python_operator.py
[2024-03-27T00:14:33.102+0000] {logging_mixin.py:188} INFO - [2024-03-27T00:14:33.102+0000] {dag.py:3047} INFO - Sync 1 DAGs
[2024-03-27T00:14:33.109+0000] {logging_mixin.py:188} INFO - [2024-03-27T00:14:33.108+0000] {dag.py:3834} INFO - Setting next_dagrun for example_python_operator to None, run_after=None
[2024-03-27T00:14:33.118+0000] {processor.py:183} INFO - Processing /home/airflow/.local/lib/python3.8/site-packages/airflow/example_dags/example_python_operator.py took 0.037 seconds
[2024-03-27T00:15:03.896+0000] {processor.py:161} INFO - Started process (PID=6491) to work on /home/airflow/.local/lib/python3.8/site-packages/airflow/example_dags/example_python_operator.py
[2024-03-27T00:15:03.897+0000] {processor.py:830} INFO - Processing file /home/airflow/.local/lib/python3.8/site-packages/airflow/example_dags/example_python_operator.py for tasks to queue
[2024-03-27T00:15:03.898+0000] {logging_mixin.py:188} INFO - [2024-03-27T00:15:03.898+0000] {dagbag.py:540} INFO - Filling up the DagBag from /home/airflow/.local/lib/python3.8/site-packages/airflow/example_dags/example_python_operator.py
[2024-03-27T00:15:03.904+0000] {processor.py:840} INFO - DAG(s) 'example_python_operator' retrieved from /home/airflow/.local/lib/python3.8/site-packages/airflow/example_dags/example_python_operator.py
[2024-03-27T00:15:03.916+0000] {logging_mixin.py:188} INFO - [2024-03-27T00:15:03.915+0000] {dag.py:3047} INFO - Sync 1 DAGs
[2024-03-27T00:15:03.922+0000] {logging_mixin.py:188} INFO - [2024-03-27T00:15:03.921+0000] {dag.py:3834} INFO - Setting next_dagrun for example_python_operator to None, run_after=None
[2024-03-27T00:15:03.931+0000] {processor.py:183} INFO - Processing /home/airflow/.local/lib/python3.8/site-packages/airflow/example_dags/example_python_operator.py took 0.036 seconds
[2024-03-27T00:15:34.728+0000] {processor.py:161} INFO - Started process (PID=6546) to work on /home/airflow/.local/lib/python3.8/site-packages/airflow/example_dags/example_python_operator.py
[2024-03-27T00:15:34.728+0000] {processor.py:830} INFO - Processing file /home/airflow/.local/lib/python3.8/site-packages/airflow/example_dags/example_python_operator.py for tasks to queue
[2024-03-27T00:15:34.729+0000] {logging_mixin.py:188} INFO - [2024-03-27T00:15:34.729+0000] {dagbag.py:540} INFO - Filling up the DagBag from /home/airflow/.local/lib/python3.8/site-packages/airflow/example_dags/example_python_operator.py
[2024-03-27T00:15:34.735+0000] {processor.py:840} INFO - DAG(s) 'example_python_operator' retrieved from /home/airflow/.local/lib/python3.8/site-packages/airflow/example_dags/example_python_operator.py
[2024-03-27T00:15:34.746+0000] {logging_mixin.py:188} INFO - [2024-03-27T00:15:34.746+0000] {dag.py:3047} INFO - Sync 1 DAGs
[2024-03-27T00:15:34.752+0000] {logging_mixin.py:188} INFO - [2024-03-27T00:15:34.752+0000] {dag.py:3834} INFO - Setting next_dagrun for example_python_operator to None, run_after=None
[2024-03-27T00:15:34.761+0000] {processor.py:183} INFO - Processing /home/airflow/.local/lib/python3.8/site-packages/airflow/example_dags/example_python_operator.py took 0.035 seconds
[2024-03-27T00:16:04.973+0000] {processor.py:161} INFO - Started process (PID=6601) to work on /home/airflow/.local/lib/python3.8/site-packages/airflow/example_dags/example_python_operator.py
[2024-03-27T00:16:04.973+0000] {processor.py:830} INFO - Processing file /home/airflow/.local/lib/python3.8/site-packages/airflow/example_dags/example_python_operator.py for tasks to queue
[2024-03-27T00:16:04.975+0000] {logging_mixin.py:188} INFO - [2024-03-27T00:16:04.974+0000] {dagbag.py:540} INFO - Filling up the DagBag from /home/airflow/.local/lib/python3.8/site-packages/airflow/example_dags/example_python_operator.py
[2024-03-27T00:16:04.980+0000] {processor.py:840} INFO - DAG(s) 'example_python_operator' retrieved from /home/airflow/.local/lib/python3.8/site-packages/airflow/example_dags/example_python_operator.py
[2024-03-27T00:16:04.991+0000] {logging_mixin.py:188} INFO - [2024-03-27T00:16:04.991+0000] {dag.py:3047} INFO - Sync 1 DAGs
[2024-03-27T00:16:04.996+0000] {logging_mixin.py:188} INFO - [2024-03-27T00:16:04.996+0000] {dag.py:3834} INFO - Setting next_dagrun for example_python_operator to None, run_after=None
[2024-03-27T00:16:05.004+0000] {processor.py:183} INFO - Processing /home/airflow/.local/lib/python3.8/site-packages/airflow/example_dags/example_python_operator.py took 0.033 seconds
[2024-03-27T00:16:35.738+0000] {processor.py:161} INFO - Started process (PID=6656) to work on /home/airflow/.local/lib/python3.8/site-packages/airflow/example_dags/example_python_operator.py
[2024-03-27T00:16:35.739+0000] {processor.py:830} INFO - Processing file /home/airflow/.local/lib/python3.8/site-packages/airflow/example_dags/example_python_operator.py for tasks to queue
[2024-03-27T00:16:35.740+0000] {logging_mixin.py:188} INFO - [2024-03-27T00:16:35.739+0000] {dagbag.py:540} INFO - Filling up the DagBag from /home/airflow/.local/lib/python3.8/site-packages/airflow/example_dags/example_python_operator.py
[2024-03-27T00:16:35.746+0000] {processor.py:840} INFO - DAG(s) 'example_python_operator' retrieved from /home/airflow/.local/lib/python3.8/site-packages/airflow/example_dags/example_python_operator.py
[2024-03-27T00:16:35.758+0000] {logging_mixin.py:188} INFO - [2024-03-27T00:16:35.758+0000] {dag.py:3047} INFO - Sync 1 DAGs
[2024-03-27T00:16:35.766+0000] {logging_mixin.py:188} INFO - [2024-03-27T00:16:35.766+0000] {dag.py:3834} INFO - Setting next_dagrun for example_python_operator to None, run_after=None
[2024-03-27T00:16:35.778+0000] {processor.py:183} INFO - Processing /home/airflow/.local/lib/python3.8/site-packages/airflow/example_dags/example_python_operator.py took 0.042 seconds
[2024-03-27T00:17:06.525+0000] {processor.py:161} INFO - Started process (PID=6711) to work on /home/airflow/.local/lib/python3.8/site-packages/airflow/example_dags/example_python_operator.py
[2024-03-27T00:17:06.526+0000] {processor.py:830} INFO - Processing file /home/airflow/.local/lib/python3.8/site-packages/airflow/example_dags/example_python_operator.py for tasks to queue
[2024-03-27T00:17:06.527+0000] {logging_mixin.py:188} INFO - [2024-03-27T00:17:06.527+0000] {dagbag.py:540} INFO - Filling up the DagBag from /home/airflow/.local/lib/python3.8/site-packages/airflow/example_dags/example_python_operator.py
[2024-03-27T00:17:06.532+0000] {processor.py:840} INFO - DAG(s) 'example_python_operator' retrieved from /home/airflow/.local/lib/python3.8/site-packages/airflow/example_dags/example_python_operator.py
[2024-03-27T00:17:06.544+0000] {logging_mixin.py:188} INFO - [2024-03-27T00:17:06.543+0000] {dag.py:3047} INFO - Sync 1 DAGs
[2024-03-27T00:17:06.550+0000] {logging_mixin.py:188} INFO - [2024-03-27T00:17:06.550+0000] {dag.py:3834} INFO - Setting next_dagrun for example_python_operator to None, run_after=None
[2024-03-27T00:17:06.559+0000] {processor.py:183} INFO - Processing /home/airflow/.local/lib/python3.8/site-packages/airflow/example_dags/example_python_operator.py took 0.035 seconds
[2024-03-27T00:17:37.433+0000] {processor.py:161} INFO - Started process (PID=6766) to work on /home/airflow/.local/lib/python3.8/site-packages/airflow/example_dags/example_python_operator.py
[2024-03-27T00:17:37.439+0000] {processor.py:830} INFO - Processing file /home/airflow/.local/lib/python3.8/site-packages/airflow/example_dags/example_python_operator.py for tasks to queue
[2024-03-27T00:17:37.443+0000] {logging_mixin.py:188} INFO - [2024-03-27T00:17:37.442+0000] {dagbag.py:540} INFO - Filling up the DagBag from /home/airflow/.local/lib/python3.8/site-packages/airflow/example_dags/example_python_operator.py
[2024-03-27T00:17:37.458+0000] {processor.py:840} INFO - DAG(s) 'example_python_operator' retrieved from /home/airflow/.local/lib/python3.8/site-packages/airflow/example_dags/example_python_operator.py
[2024-03-27T00:17:37.477+0000] {logging_mixin.py:188} INFO - [2024-03-27T00:17:37.477+0000] {dag.py:3047} INFO - Sync 1 DAGs
[2024-03-27T00:17:37.487+0000] {logging_mixin.py:188} INFO - [2024-03-27T00:17:37.486+0000] {dag.py:3834} INFO - Setting next_dagrun for example_python_operator to None, run_after=None
[2024-03-27T00:17:37.501+0000] {processor.py:183} INFO - Processing /home/airflow/.local/lib/python3.8/site-packages/airflow/example_dags/example_python_operator.py took 0.075 seconds
[2024-03-27T00:18:08.539+0000] {processor.py:161} INFO - Started process (PID=6821) to work on /home/airflow/.local/lib/python3.8/site-packages/airflow/example_dags/example_python_operator.py
[2024-03-27T00:18:08.540+0000] {processor.py:830} INFO - Processing file /home/airflow/.local/lib/python3.8/site-packages/airflow/example_dags/example_python_operator.py for tasks to queue
[2024-03-27T00:18:08.542+0000] {logging_mixin.py:188} INFO - [2024-03-27T00:18:08.541+0000] {dagbag.py:540} INFO - Filling up the DagBag from /home/airflow/.local/lib/python3.8/site-packages/airflow/example_dags/example_python_operator.py
[2024-03-27T00:18:08.549+0000] {processor.py:840} INFO - DAG(s) 'example_python_operator' retrieved from /home/airflow/.local/lib/python3.8/site-packages/airflow/example_dags/example_python_operator.py
[2024-03-27T00:18:08.565+0000] {logging_mixin.py:188} INFO - [2024-03-27T00:18:08.565+0000] {dag.py:3047} INFO - Sync 1 DAGs
[2024-03-27T00:18:08.574+0000] {logging_mixin.py:188} INFO - [2024-03-27T00:18:08.574+0000] {dag.py:3834} INFO - Setting next_dagrun for example_python_operator to None, run_after=None
[2024-03-27T00:18:08.586+0000] {processor.py:183} INFO - Processing /home/airflow/.local/lib/python3.8/site-packages/airflow/example_dags/example_python_operator.py took 0.050 seconds
[2024-03-27T00:18:38.619+0000] {processor.py:161} INFO - Started process (PID=6875) to work on /home/airflow/.local/lib/python3.8/site-packages/airflow/example_dags/example_python_operator.py
[2024-03-27T00:18:38.621+0000] {processor.py:830} INFO - Processing file /home/airflow/.local/lib/python3.8/site-packages/airflow/example_dags/example_python_operator.py for tasks to queue
[2024-03-27T00:18:38.623+0000] {logging_mixin.py:188} INFO - [2024-03-27T00:18:38.622+0000] {dagbag.py:540} INFO - Filling up the DagBag from /home/airflow/.local/lib/python3.8/site-packages/airflow/example_dags/example_python_operator.py
[2024-03-27T00:18:38.633+0000] {processor.py:840} INFO - DAG(s) 'example_python_operator' retrieved from /home/airflow/.local/lib/python3.8/site-packages/airflow/example_dags/example_python_operator.py
[2024-03-27T00:18:38.649+0000] {logging_mixin.py:188} INFO - [2024-03-27T00:18:38.649+0000] {dag.py:3047} INFO - Sync 1 DAGs
[2024-03-27T00:18:38.656+0000] {logging_mixin.py:188} INFO - [2024-03-27T00:18:38.655+0000] {dag.py:3834} INFO - Setting next_dagrun for example_python_operator to None, run_after=None
[2024-03-27T00:18:38.665+0000] {processor.py:183} INFO - Processing /home/airflow/.local/lib/python3.8/site-packages/airflow/example_dags/example_python_operator.py took 0.050 seconds
[2024-03-27T00:19:08.960+0000] {processor.py:161} INFO - Started process (PID=6931) to work on /home/airflow/.local/lib/python3.8/site-packages/airflow/example_dags/example_python_operator.py
[2024-03-27T00:19:08.961+0000] {processor.py:830} INFO - Processing file /home/airflow/.local/lib/python3.8/site-packages/airflow/example_dags/example_python_operator.py for tasks to queue
[2024-03-27T00:19:08.962+0000] {logging_mixin.py:188} INFO - [2024-03-27T00:19:08.962+0000] {dagbag.py:540} INFO - Filling up the DagBag from /home/airflow/.local/lib/python3.8/site-packages/airflow/example_dags/example_python_operator.py
[2024-03-27T00:19:08.968+0000] {processor.py:840} INFO - DAG(s) 'example_python_operator' retrieved from /home/airflow/.local/lib/python3.8/site-packages/airflow/example_dags/example_python_operator.py
[2024-03-27T00:19:08.979+0000] {logging_mixin.py:188} INFO - [2024-03-27T00:19:08.979+0000] {dag.py:3047} INFO - Sync 1 DAGs
[2024-03-27T00:19:08.986+0000] {logging_mixin.py:188} INFO - [2024-03-27T00:19:08.986+0000] {dag.py:3834} INFO - Setting next_dagrun for example_python_operator to None, run_after=None
[2024-03-27T00:19:08.996+0000] {processor.py:183} INFO - Processing /home/airflow/.local/lib/python3.8/site-packages/airflow/example_dags/example_python_operator.py took 0.037 seconds
[2024-03-27T00:19:39.086+0000] {processor.py:161} INFO - Started process (PID=6986) to work on /home/airflow/.local/lib/python3.8/site-packages/airflow/example_dags/example_python_operator.py
[2024-03-27T00:19:39.087+0000] {processor.py:830} INFO - Processing file /home/airflow/.local/lib/python3.8/site-packages/airflow/example_dags/example_python_operator.py for tasks to queue
[2024-03-27T00:19:39.088+0000] {logging_mixin.py:188} INFO - [2024-03-27T00:19:39.088+0000] {dagbag.py:540} INFO - Filling up the DagBag from /home/airflow/.local/lib/python3.8/site-packages/airflow/example_dags/example_python_operator.py
[2024-03-27T00:19:39.095+0000] {processor.py:840} INFO - DAG(s) 'example_python_operator' retrieved from /home/airflow/.local/lib/python3.8/site-packages/airflow/example_dags/example_python_operator.py
[2024-03-27T00:19:39.109+0000] {logging_mixin.py:188} INFO - [2024-03-27T00:19:39.109+0000] {dag.py:3047} INFO - Sync 1 DAGs
[2024-03-27T00:19:39.115+0000] {logging_mixin.py:188} INFO - [2024-03-27T00:19:39.114+0000] {dag.py:3834} INFO - Setting next_dagrun for example_python_operator to None, run_after=None
[2024-03-27T00:19:39.124+0000] {processor.py:183} INFO - Processing /home/airflow/.local/lib/python3.8/site-packages/airflow/example_dags/example_python_operator.py took 0.040 seconds
[2024-03-27T00:20:09.978+0000] {processor.py:161} INFO - Started process (PID=7041) to work on /home/airflow/.local/lib/python3.8/site-packages/airflow/example_dags/example_python_operator.py
[2024-03-27T00:20:09.979+0000] {processor.py:830} INFO - Processing file /home/airflow/.local/lib/python3.8/site-packages/airflow/example_dags/example_python_operator.py for tasks to queue
[2024-03-27T00:20:09.980+0000] {logging_mixin.py:188} INFO - [2024-03-27T00:20:09.980+0000] {dagbag.py:540} INFO - Filling up the DagBag from /home/airflow/.local/lib/python3.8/site-packages/airflow/example_dags/example_python_operator.py
[2024-03-27T00:20:09.985+0000] {processor.py:840} INFO - DAG(s) 'example_python_operator' retrieved from /home/airflow/.local/lib/python3.8/site-packages/airflow/example_dags/example_python_operator.py
[2024-03-27T00:20:09.996+0000] {logging_mixin.py:188} INFO - [2024-03-27T00:20:09.996+0000] {dag.py:3047} INFO - Sync 1 DAGs
[2024-03-27T00:20:10.003+0000] {logging_mixin.py:188} INFO - [2024-03-27T00:20:10.003+0000] {dag.py:3834} INFO - Setting next_dagrun for example_python_operator to None, run_after=None
[2024-03-27T00:20:10.012+0000] {processor.py:183} INFO - Processing /home/airflow/.local/lib/python3.8/site-packages/airflow/example_dags/example_python_operator.py took 0.036 seconds
[2024-03-27T00:20:40.621+0000] {processor.py:161} INFO - Started process (PID=7096) to work on /home/airflow/.local/lib/python3.8/site-packages/airflow/example_dags/example_python_operator.py
[2024-03-27T00:20:40.622+0000] {processor.py:830} INFO - Processing file /home/airflow/.local/lib/python3.8/site-packages/airflow/example_dags/example_python_operator.py for tasks to queue
[2024-03-27T00:20:40.623+0000] {logging_mixin.py:188} INFO - [2024-03-27T00:20:40.623+0000] {dagbag.py:540} INFO - Filling up the DagBag from /home/airflow/.local/lib/python3.8/site-packages/airflow/example_dags/example_python_operator.py
[2024-03-27T00:20:40.628+0000] {processor.py:840} INFO - DAG(s) 'example_python_operator' retrieved from /home/airflow/.local/lib/python3.8/site-packages/airflow/example_dags/example_python_operator.py
[2024-03-27T00:20:40.640+0000] {logging_mixin.py:188} INFO - [2024-03-27T00:20:40.640+0000] {dag.py:3047} INFO - Sync 1 DAGs
[2024-03-27T00:20:40.646+0000] {logging_mixin.py:188} INFO - [2024-03-27T00:20:40.645+0000] {dag.py:3834} INFO - Setting next_dagrun for example_python_operator to None, run_after=None
[2024-03-27T00:20:40.654+0000] {processor.py:183} INFO - Processing /home/airflow/.local/lib/python3.8/site-packages/airflow/example_dags/example_python_operator.py took 0.034 seconds
[2024-03-27T00:21:11.286+0000] {processor.py:161} INFO - Started process (PID=7151) to work on /home/airflow/.local/lib/python3.8/site-packages/airflow/example_dags/example_python_operator.py
[2024-03-27T00:21:11.287+0000] {processor.py:830} INFO - Processing file /home/airflow/.local/lib/python3.8/site-packages/airflow/example_dags/example_python_operator.py for tasks to queue
[2024-03-27T00:21:11.288+0000] {logging_mixin.py:188} INFO - [2024-03-27T00:21:11.288+0000] {dagbag.py:540} INFO - Filling up the DagBag from /home/airflow/.local/lib/python3.8/site-packages/airflow/example_dags/example_python_operator.py
[2024-03-27T00:21:11.293+0000] {processor.py:840} INFO - DAG(s) 'example_python_operator' retrieved from /home/airflow/.local/lib/python3.8/site-packages/airflow/example_dags/example_python_operator.py
[2024-03-27T00:21:11.305+0000] {logging_mixin.py:188} INFO - [2024-03-27T00:21:11.305+0000] {dag.py:3047} INFO - Sync 1 DAGs
[2024-03-27T00:21:11.311+0000] {logging_mixin.py:188} INFO - [2024-03-27T00:21:11.311+0000] {dag.py:3834} INFO - Setting next_dagrun for example_python_operator to None, run_after=None
[2024-03-27T00:21:11.323+0000] {processor.py:183} INFO - Processing /home/airflow/.local/lib/python3.8/site-packages/airflow/example_dags/example_python_operator.py took 0.039 seconds
[2024-03-27T00:21:41.995+0000] {processor.py:161} INFO - Started process (PID=7206) to work on /home/airflow/.local/lib/python3.8/site-packages/airflow/example_dags/example_python_operator.py
[2024-03-27T00:21:41.996+0000] {processor.py:830} INFO - Processing file /home/airflow/.local/lib/python3.8/site-packages/airflow/example_dags/example_python_operator.py for tasks to queue
[2024-03-27T00:21:41.997+0000] {logging_mixin.py:188} INFO - [2024-03-27T00:21:41.997+0000] {dagbag.py:540} INFO - Filling up the DagBag from /home/airflow/.local/lib/python3.8/site-packages/airflow/example_dags/example_python_operator.py
[2024-03-27T00:21:42.003+0000] {processor.py:840} INFO - DAG(s) 'example_python_operator' retrieved from /home/airflow/.local/lib/python3.8/site-packages/airflow/example_dags/example_python_operator.py
[2024-03-27T00:21:42.016+0000] {logging_mixin.py:188} INFO - [2024-03-27T00:21:42.016+0000] {dag.py:3047} INFO - Sync 1 DAGs
[2024-03-27T00:21:42.026+0000] {logging_mixin.py:188} INFO - [2024-03-27T00:21:42.025+0000] {dag.py:3834} INFO - Setting next_dagrun for example_python_operator to None, run_after=None
[2024-03-27T00:21:42.035+0000] {processor.py:183} INFO - Processing /home/airflow/.local/lib/python3.8/site-packages/airflow/example_dags/example_python_operator.py took 0.041 seconds
[2024-03-27T00:22:12.679+0000] {processor.py:161} INFO - Started process (PID=7261) to work on /home/airflow/.local/lib/python3.8/site-packages/airflow/example_dags/example_python_operator.py
[2024-03-27T00:22:12.680+0000] {processor.py:830} INFO - Processing file /home/airflow/.local/lib/python3.8/site-packages/airflow/example_dags/example_python_operator.py for tasks to queue
[2024-03-27T00:22:12.681+0000] {logging_mixin.py:188} INFO - [2024-03-27T00:22:12.681+0000] {dagbag.py:540} INFO - Filling up the DagBag from /home/airflow/.local/lib/python3.8/site-packages/airflow/example_dags/example_python_operator.py
[2024-03-27T00:22:12.687+0000] {processor.py:840} INFO - DAG(s) 'example_python_operator' retrieved from /home/airflow/.local/lib/python3.8/site-packages/airflow/example_dags/example_python_operator.py
[2024-03-27T00:22:12.698+0000] {logging_mixin.py:188} INFO - [2024-03-27T00:22:12.698+0000] {dag.py:3047} INFO - Sync 1 DAGs
[2024-03-27T00:22:12.704+0000] {logging_mixin.py:188} INFO - [2024-03-27T00:22:12.704+0000] {dag.py:3834} INFO - Setting next_dagrun for example_python_operator to None, run_after=None
[2024-03-27T00:22:12.714+0000] {processor.py:183} INFO - Processing /home/airflow/.local/lib/python3.8/site-packages/airflow/example_dags/example_python_operator.py took 0.037 seconds
[2024-03-27T00:22:43.349+0000] {processor.py:161} INFO - Started process (PID=7316) to work on /home/airflow/.local/lib/python3.8/site-packages/airflow/example_dags/example_python_operator.py
[2024-03-27T00:22:43.350+0000] {processor.py:830} INFO - Processing file /home/airflow/.local/lib/python3.8/site-packages/airflow/example_dags/example_python_operator.py for tasks to queue
[2024-03-27T00:22:43.351+0000] {logging_mixin.py:188} INFO - [2024-03-27T00:22:43.351+0000] {dagbag.py:540} INFO - Filling up the DagBag from /home/airflow/.local/lib/python3.8/site-packages/airflow/example_dags/example_python_operator.py
[2024-03-27T00:22:43.357+0000] {processor.py:840} INFO - DAG(s) 'example_python_operator' retrieved from /home/airflow/.local/lib/python3.8/site-packages/airflow/example_dags/example_python_operator.py
[2024-03-27T00:22:43.368+0000] {logging_mixin.py:188} INFO - [2024-03-27T00:22:43.368+0000] {dag.py:3047} INFO - Sync 1 DAGs
[2024-03-27T00:22:43.374+0000] {logging_mixin.py:188} INFO - [2024-03-27T00:22:43.374+0000] {dag.py:3834} INFO - Setting next_dagrun for example_python_operator to None, run_after=None
[2024-03-27T00:22:43.382+0000] {processor.py:183} INFO - Processing /home/airflow/.local/lib/python3.8/site-packages/airflow/example_dags/example_python_operator.py took 0.035 seconds
[2024-03-27T00:23:14.049+0000] {processor.py:161} INFO - Started process (PID=7371) to work on /home/airflow/.local/lib/python3.8/site-packages/airflow/example_dags/example_python_operator.py
[2024-03-27T00:23:14.050+0000] {processor.py:830} INFO - Processing file /home/airflow/.local/lib/python3.8/site-packages/airflow/example_dags/example_python_operator.py for tasks to queue
[2024-03-27T00:23:14.054+0000] {logging_mixin.py:188} INFO - [2024-03-27T00:23:14.054+0000] {dagbag.py:540} INFO - Filling up the DagBag from /home/airflow/.local/lib/python3.8/site-packages/airflow/example_dags/example_python_operator.py
[2024-03-27T00:23:14.060+0000] {processor.py:840} INFO - DAG(s) 'example_python_operator' retrieved from /home/airflow/.local/lib/python3.8/site-packages/airflow/example_dags/example_python_operator.py
[2024-03-27T00:23:14.071+0000] {logging_mixin.py:188} INFO - [2024-03-27T00:23:14.071+0000] {dag.py:3047} INFO - Sync 1 DAGs
[2024-03-27T00:23:14.077+0000] {logging_mixin.py:188} INFO - [2024-03-27T00:23:14.077+0000] {dag.py:3834} INFO - Setting next_dagrun for example_python_operator to None, run_after=None
[2024-03-27T00:23:14.086+0000] {processor.py:183} INFO - Processing /home/airflow/.local/lib/python3.8/site-packages/airflow/example_dags/example_python_operator.py took 0.038 seconds
[2024-03-27T00:23:44.703+0000] {processor.py:161} INFO - Started process (PID=7426) to work on /home/airflow/.local/lib/python3.8/site-packages/airflow/example_dags/example_python_operator.py
[2024-03-27T00:23:44.704+0000] {processor.py:830} INFO - Processing file /home/airflow/.local/lib/python3.8/site-packages/airflow/example_dags/example_python_operator.py for tasks to queue
[2024-03-27T00:23:44.705+0000] {logging_mixin.py:188} INFO - [2024-03-27T00:23:44.704+0000] {dagbag.py:540} INFO - Filling up the DagBag from /home/airflow/.local/lib/python3.8/site-packages/airflow/example_dags/example_python_operator.py
[2024-03-27T00:23:44.710+0000] {processor.py:840} INFO - DAG(s) 'example_python_operator' retrieved from /home/airflow/.local/lib/python3.8/site-packages/airflow/example_dags/example_python_operator.py
[2024-03-27T00:23:44.722+0000] {logging_mixin.py:188} INFO - [2024-03-27T00:23:44.721+0000] {dag.py:3047} INFO - Sync 1 DAGs
[2024-03-27T00:23:44.727+0000] {logging_mixin.py:188} INFO - [2024-03-27T00:23:44.727+0000] {dag.py:3834} INFO - Setting next_dagrun for example_python_operator to None, run_after=None
[2024-03-27T00:23:44.736+0000] {processor.py:183} INFO - Processing /home/airflow/.local/lib/python3.8/site-packages/airflow/example_dags/example_python_operator.py took 0.035 seconds
[2024-03-27T00:24:15.387+0000] {processor.py:161} INFO - Started process (PID=7481) to work on /home/airflow/.local/lib/python3.8/site-packages/airflow/example_dags/example_python_operator.py
[2024-03-27T00:24:15.388+0000] {processor.py:830} INFO - Processing file /home/airflow/.local/lib/python3.8/site-packages/airflow/example_dags/example_python_operator.py for tasks to queue
[2024-03-27T00:24:15.389+0000] {logging_mixin.py:188} INFO - [2024-03-27T00:24:15.389+0000] {dagbag.py:540} INFO - Filling up the DagBag from /home/airflow/.local/lib/python3.8/site-packages/airflow/example_dags/example_python_operator.py
[2024-03-27T00:24:15.395+0000] {processor.py:840} INFO - DAG(s) 'example_python_operator' retrieved from /home/airflow/.local/lib/python3.8/site-packages/airflow/example_dags/example_python_operator.py
[2024-03-27T00:24:15.407+0000] {logging_mixin.py:188} INFO - [2024-03-27T00:24:15.407+0000] {dag.py:3047} INFO - Sync 1 DAGs
[2024-03-27T00:24:15.413+0000] {logging_mixin.py:188} INFO - [2024-03-27T00:24:15.413+0000] {dag.py:3834} INFO - Setting next_dagrun for example_python_operator to None, run_after=None
[2024-03-27T00:24:15.422+0000] {processor.py:183} INFO - Processing /home/airflow/.local/lib/python3.8/site-packages/airflow/example_dags/example_python_operator.py took 0.037 seconds
[2024-03-27T00:24:46.281+0000] {processor.py:161} INFO - Started process (PID=7536) to work on /home/airflow/.local/lib/python3.8/site-packages/airflow/example_dags/example_python_operator.py
[2024-03-27T00:24:46.282+0000] {processor.py:830} INFO - Processing file /home/airflow/.local/lib/python3.8/site-packages/airflow/example_dags/example_python_operator.py for tasks to queue
[2024-03-27T00:24:46.283+0000] {logging_mixin.py:188} INFO - [2024-03-27T00:24:46.282+0000] {dagbag.py:540} INFO - Filling up the DagBag from /home/airflow/.local/lib/python3.8/site-packages/airflow/example_dags/example_python_operator.py
[2024-03-27T00:24:46.288+0000] {processor.py:840} INFO - DAG(s) 'example_python_operator' retrieved from /home/airflow/.local/lib/python3.8/site-packages/airflow/example_dags/example_python_operator.py
[2024-03-27T00:24:46.300+0000] {logging_mixin.py:188} INFO - [2024-03-27T00:24:46.300+0000] {dag.py:3047} INFO - Sync 1 DAGs
[2024-03-27T00:24:46.306+0000] {logging_mixin.py:188} INFO - [2024-03-27T00:24:46.305+0000] {dag.py:3834} INFO - Setting next_dagrun for example_python_operator to None, run_after=None
[2024-03-27T00:24:46.314+0000] {processor.py:183} INFO - Processing /home/airflow/.local/lib/python3.8/site-packages/airflow/example_dags/example_python_operator.py took 0.034 seconds
[2024-03-27T00:31:02.454+0000] {processor.py:161} INFO - Started process (PID=7591) to work on /home/airflow/.local/lib/python3.8/site-packages/airflow/example_dags/example_python_operator.py
[2024-03-27T00:31:02.455+0000] {processor.py:830} INFO - Processing file /home/airflow/.local/lib/python3.8/site-packages/airflow/example_dags/example_python_operator.py for tasks to queue
[2024-03-27T00:31:02.456+0000] {logging_mixin.py:188} INFO - [2024-03-27T00:31:02.456+0000] {dagbag.py:540} INFO - Filling up the DagBag from /home/airflow/.local/lib/python3.8/site-packages/airflow/example_dags/example_python_operator.py
[2024-03-27T00:31:02.463+0000] {processor.py:840} INFO - DAG(s) 'example_python_operator' retrieved from /home/airflow/.local/lib/python3.8/site-packages/airflow/example_dags/example_python_operator.py
[2024-03-27T00:31:02.475+0000] {logging_mixin.py:188} INFO - [2024-03-27T00:31:02.475+0000] {dag.py:3047} INFO - Sync 1 DAGs
[2024-03-27T00:31:02.481+0000] {logging_mixin.py:188} INFO - [2024-03-27T00:31:02.481+0000] {dag.py:3834} INFO - Setting next_dagrun for example_python_operator to None, run_after=None
[2024-03-27T00:31:02.490+0000] {processor.py:183} INFO - Processing /home/airflow/.local/lib/python3.8/site-packages/airflow/example_dags/example_python_operator.py took 0.037 seconds
[2024-03-27T00:34:02.855+0000] {processor.py:161} INFO - Started process (PID=7646) to work on /home/airflow/.local/lib/python3.8/site-packages/airflow/example_dags/example_python_operator.py
[2024-03-27T00:34:02.855+0000] {processor.py:830} INFO - Processing file /home/airflow/.local/lib/python3.8/site-packages/airflow/example_dags/example_python_operator.py for tasks to queue
[2024-03-27T00:34:02.856+0000] {logging_mixin.py:188} INFO - [2024-03-27T00:34:02.856+0000] {dagbag.py:540} INFO - Filling up the DagBag from /home/airflow/.local/lib/python3.8/site-packages/airflow/example_dags/example_python_operator.py
[2024-03-27T00:34:02.862+0000] {processor.py:840} INFO - DAG(s) 'example_python_operator' retrieved from /home/airflow/.local/lib/python3.8/site-packages/airflow/example_dags/example_python_operator.py
[2024-03-27T00:34:02.872+0000] {logging_mixin.py:188} INFO - [2024-03-27T00:34:02.872+0000] {dag.py:3047} INFO - Sync 1 DAGs
[2024-03-27T00:34:02.878+0000] {logging_mixin.py:188} INFO - [2024-03-27T00:34:02.878+0000] {dag.py:3834} INFO - Setting next_dagrun for example_python_operator to None, run_after=None
[2024-03-27T00:34:02.885+0000] {processor.py:183} INFO - Processing /home/airflow/.local/lib/python3.8/site-packages/airflow/example_dags/example_python_operator.py took 0.032 seconds
[2024-03-27T00:40:16.280+0000] {processor.py:161} INFO - Started process (PID=7701) to work on /home/airflow/.local/lib/python3.8/site-packages/airflow/example_dags/example_python_operator.py
[2024-03-27T00:40:16.281+0000] {processor.py:830} INFO - Processing file /home/airflow/.local/lib/python3.8/site-packages/airflow/example_dags/example_python_operator.py for tasks to queue
[2024-03-27T00:40:16.282+0000] {logging_mixin.py:188} INFO - [2024-03-27T00:40:16.282+0000] {dagbag.py:540} INFO - Filling up the DagBag from /home/airflow/.local/lib/python3.8/site-packages/airflow/example_dags/example_python_operator.py
[2024-03-27T00:40:16.288+0000] {processor.py:840} INFO - DAG(s) 'example_python_operator' retrieved from /home/airflow/.local/lib/python3.8/site-packages/airflow/example_dags/example_python_operator.py
[2024-03-27T00:40:16.301+0000] {logging_mixin.py:188} INFO - [2024-03-27T00:40:16.301+0000] {dag.py:3047} INFO - Sync 1 DAGs
[2024-03-27T00:40:16.308+0000] {logging_mixin.py:188} INFO - [2024-03-27T00:40:16.307+0000] {dag.py:3834} INFO - Setting next_dagrun for example_python_operator to None, run_after=None
[2024-03-27T00:40:16.318+0000] {processor.py:183} INFO - Processing /home/airflow/.local/lib/python3.8/site-packages/airflow/example_dags/example_python_operator.py took 0.039 seconds
[2024-03-27T00:41:13.269+0000] {processor.py:161} INFO - Started process (PID=7756) to work on /home/airflow/.local/lib/python3.8/site-packages/airflow/example_dags/example_python_operator.py
[2024-03-27T00:41:13.270+0000] {processor.py:830} INFO - Processing file /home/airflow/.local/lib/python3.8/site-packages/airflow/example_dags/example_python_operator.py for tasks to queue
[2024-03-27T00:41:13.271+0000] {logging_mixin.py:188} INFO - [2024-03-27T00:41:13.271+0000] {dagbag.py:540} INFO - Filling up the DagBag from /home/airflow/.local/lib/python3.8/site-packages/airflow/example_dags/example_python_operator.py
[2024-03-27T00:41:13.278+0000] {processor.py:840} INFO - DAG(s) 'example_python_operator' retrieved from /home/airflow/.local/lib/python3.8/site-packages/airflow/example_dags/example_python_operator.py
[2024-03-27T00:41:13.290+0000] {logging_mixin.py:188} INFO - [2024-03-27T00:41:13.290+0000] {dag.py:3047} INFO - Sync 1 DAGs
[2024-03-27T00:41:13.297+0000] {logging_mixin.py:188} INFO - [2024-03-27T00:41:13.297+0000] {dag.py:3834} INFO - Setting next_dagrun for example_python_operator to None, run_after=None
[2024-03-27T00:41:13.308+0000] {processor.py:183} INFO - Processing /home/airflow/.local/lib/python3.8/site-packages/airflow/example_dags/example_python_operator.py took 0.041 seconds
[2024-03-27T00:42:55.901+0000] {processor.py:161} INFO - Started process (PID=7811) to work on /home/airflow/.local/lib/python3.8/site-packages/airflow/example_dags/example_python_operator.py
[2024-03-27T00:42:55.901+0000] {processor.py:830} INFO - Processing file /home/airflow/.local/lib/python3.8/site-packages/airflow/example_dags/example_python_operator.py for tasks to queue
[2024-03-27T00:42:55.902+0000] {logging_mixin.py:188} INFO - [2024-03-27T00:42:55.902+0000] {dagbag.py:540} INFO - Filling up the DagBag from /home/airflow/.local/lib/python3.8/site-packages/airflow/example_dags/example_python_operator.py
[2024-03-27T00:42:55.908+0000] {processor.py:840} INFO - DAG(s) 'example_python_operator' retrieved from /home/airflow/.local/lib/python3.8/site-packages/airflow/example_dags/example_python_operator.py
[2024-03-27T00:42:55.919+0000] {logging_mixin.py:188} INFO - [2024-03-27T00:42:55.919+0000] {dag.py:3047} INFO - Sync 1 DAGs
[2024-03-27T00:42:55.925+0000] {logging_mixin.py:188} INFO - [2024-03-27T00:42:55.925+0000] {dag.py:3834} INFO - Setting next_dagrun for example_python_operator to None, run_after=None
[2024-03-27T00:42:55.933+0000] {processor.py:183} INFO - Processing /home/airflow/.local/lib/python3.8/site-packages/airflow/example_dags/example_python_operator.py took 0.034 seconds
[2024-03-27T00:45:42.087+0000] {processor.py:161} INFO - Started process (PID=7866) to work on /home/airflow/.local/lib/python3.8/site-packages/airflow/example_dags/example_python_operator.py
[2024-03-27T00:45:42.087+0000] {processor.py:830} INFO - Processing file /home/airflow/.local/lib/python3.8/site-packages/airflow/example_dags/example_python_operator.py for tasks to queue
[2024-03-27T00:45:42.088+0000] {logging_mixin.py:188} INFO - [2024-03-27T00:45:42.088+0000] {dagbag.py:540} INFO - Filling up the DagBag from /home/airflow/.local/lib/python3.8/site-packages/airflow/example_dags/example_python_operator.py
[2024-03-27T00:45:42.095+0000] {processor.py:840} INFO - DAG(s) 'example_python_operator' retrieved from /home/airflow/.local/lib/python3.8/site-packages/airflow/example_dags/example_python_operator.py
[2024-03-27T00:45:42.106+0000] {logging_mixin.py:188} INFO - [2024-03-27T00:45:42.106+0000] {dag.py:3047} INFO - Sync 1 DAGs
[2024-03-27T00:45:42.112+0000] {logging_mixin.py:188} INFO - [2024-03-27T00:45:42.112+0000] {dag.py:3834} INFO - Setting next_dagrun for example_python_operator to None, run_after=None
[2024-03-27T00:45:42.121+0000] {processor.py:183} INFO - Processing /home/airflow/.local/lib/python3.8/site-packages/airflow/example_dags/example_python_operator.py took 0.037 seconds
[2024-03-27T00:49:39.221+0000] {processor.py:161} INFO - Started process (PID=7921) to work on /home/airflow/.local/lib/python3.8/site-packages/airflow/example_dags/example_python_operator.py
[2024-03-27T00:49:39.222+0000] {processor.py:830} INFO - Processing file /home/airflow/.local/lib/python3.8/site-packages/airflow/example_dags/example_python_operator.py for tasks to queue
[2024-03-27T00:49:39.223+0000] {logging_mixin.py:188} INFO - [2024-03-27T00:49:39.223+0000] {dagbag.py:540} INFO - Filling up the DagBag from /home/airflow/.local/lib/python3.8/site-packages/airflow/example_dags/example_python_operator.py
[2024-03-27T00:49:39.228+0000] {processor.py:840} INFO - DAG(s) 'example_python_operator' retrieved from /home/airflow/.local/lib/python3.8/site-packages/airflow/example_dags/example_python_operator.py
[2024-03-27T00:49:39.240+0000] {logging_mixin.py:188} INFO - [2024-03-27T00:49:39.240+0000] {dag.py:3047} INFO - Sync 1 DAGs
[2024-03-27T00:49:39.246+0000] {logging_mixin.py:188} INFO - [2024-03-27T00:49:39.246+0000] {dag.py:3834} INFO - Setting next_dagrun for example_python_operator to None, run_after=None
[2024-03-27T00:49:39.256+0000] {processor.py:183} INFO - Processing /home/airflow/.local/lib/python3.8/site-packages/airflow/example_dags/example_python_operator.py took 0.036 seconds
[2024-03-27T00:50:38.333+0000] {processor.py:161} INFO - Started process (PID=7976) to work on /home/airflow/.local/lib/python3.8/site-packages/airflow/example_dags/example_python_operator.py
[2024-03-27T00:50:38.334+0000] {processor.py:830} INFO - Processing file /home/airflow/.local/lib/python3.8/site-packages/airflow/example_dags/example_python_operator.py for tasks to queue
[2024-03-27T00:50:38.335+0000] {logging_mixin.py:188} INFO - [2024-03-27T00:50:38.335+0000] {dagbag.py:540} INFO - Filling up the DagBag from /home/airflow/.local/lib/python3.8/site-packages/airflow/example_dags/example_python_operator.py
[2024-03-27T00:50:38.341+0000] {processor.py:840} INFO - DAG(s) 'example_python_operator' retrieved from /home/airflow/.local/lib/python3.8/site-packages/airflow/example_dags/example_python_operator.py
[2024-03-27T00:50:38.352+0000] {logging_mixin.py:188} INFO - [2024-03-27T00:50:38.352+0000] {dag.py:3047} INFO - Sync 1 DAGs
[2024-03-27T00:50:38.359+0000] {logging_mixin.py:188} INFO - [2024-03-27T00:50:38.359+0000] {dag.py:3834} INFO - Setting next_dagrun for example_python_operator to None, run_after=None
[2024-03-27T00:50:38.367+0000] {processor.py:183} INFO - Processing /home/airflow/.local/lib/python3.8/site-packages/airflow/example_dags/example_python_operator.py took 0.036 seconds
[2024-03-27T00:51:23.345+0000] {processor.py:161} INFO - Started process (PID=8031) to work on /home/airflow/.local/lib/python3.8/site-packages/airflow/example_dags/example_python_operator.py
[2024-03-27T00:51:23.346+0000] {processor.py:830} INFO - Processing file /home/airflow/.local/lib/python3.8/site-packages/airflow/example_dags/example_python_operator.py for tasks to queue
[2024-03-27T00:51:23.347+0000] {logging_mixin.py:188} INFO - [2024-03-27T00:51:23.346+0000] {dagbag.py:540} INFO - Filling up the DagBag from /home/airflow/.local/lib/python3.8/site-packages/airflow/example_dags/example_python_operator.py
[2024-03-27T00:51:23.352+0000] {processor.py:840} INFO - DAG(s) 'example_python_operator' retrieved from /home/airflow/.local/lib/python3.8/site-packages/airflow/example_dags/example_python_operator.py
[2024-03-27T00:51:23.364+0000] {logging_mixin.py:188} INFO - [2024-03-27T00:51:23.364+0000] {dag.py:3047} INFO - Sync 1 DAGs
[2024-03-27T00:51:23.370+0000] {logging_mixin.py:188} INFO - [2024-03-27T00:51:23.370+0000] {dag.py:3834} INFO - Setting next_dagrun for example_python_operator to None, run_after=None
[2024-03-27T00:51:23.378+0000] {processor.py:183} INFO - Processing /home/airflow/.local/lib/python3.8/site-packages/airflow/example_dags/example_python_operator.py took 0.035 seconds
[2024-03-27T00:53:00.431+0000] {processor.py:161} INFO - Started process (PID=8086) to work on /home/airflow/.local/lib/python3.8/site-packages/airflow/example_dags/example_python_operator.py
[2024-03-27T00:53:00.432+0000] {processor.py:830} INFO - Processing file /home/airflow/.local/lib/python3.8/site-packages/airflow/example_dags/example_python_operator.py for tasks to queue
[2024-03-27T00:53:00.433+0000] {logging_mixin.py:188} INFO - [2024-03-27T00:53:00.433+0000] {dagbag.py:540} INFO - Filling up the DagBag from /home/airflow/.local/lib/python3.8/site-packages/airflow/example_dags/example_python_operator.py
[2024-03-27T00:53:00.439+0000] {processor.py:840} INFO - DAG(s) 'example_python_operator' retrieved from /home/airflow/.local/lib/python3.8/site-packages/airflow/example_dags/example_python_operator.py
[2024-03-27T00:53:00.454+0000] {logging_mixin.py:188} INFO - [2024-03-27T00:53:00.454+0000] {dag.py:3047} INFO - Sync 1 DAGs
[2024-03-27T00:53:00.460+0000] {logging_mixin.py:188} INFO - [2024-03-27T00:53:00.459+0000] {dag.py:3834} INFO - Setting next_dagrun for example_python_operator to None, run_after=None
[2024-03-27T00:53:00.468+0000] {processor.py:183} INFO - Processing /home/airflow/.local/lib/python3.8/site-packages/airflow/example_dags/example_python_operator.py took 0.040 seconds
[2024-03-27T00:54:00.023+0000] {processor.py:161} INFO - Started process (PID=8141) to work on /home/airflow/.local/lib/python3.8/site-packages/airflow/example_dags/example_python_operator.py
[2024-03-27T00:54:00.024+0000] {processor.py:830} INFO - Processing file /home/airflow/.local/lib/python3.8/site-packages/airflow/example_dags/example_python_operator.py for tasks to queue
[2024-03-27T00:54:00.025+0000] {logging_mixin.py:188} INFO - [2024-03-27T00:54:00.025+0000] {dagbag.py:540} INFO - Filling up the DagBag from /home/airflow/.local/lib/python3.8/site-packages/airflow/example_dags/example_python_operator.py
[2024-03-27T00:54:00.031+0000] {processor.py:840} INFO - DAG(s) 'example_python_operator' retrieved from /home/airflow/.local/lib/python3.8/site-packages/airflow/example_dags/example_python_operator.py
[2024-03-27T00:54:00.042+0000] {logging_mixin.py:188} INFO - [2024-03-27T00:54:00.042+0000] {dag.py:3047} INFO - Sync 1 DAGs
[2024-03-27T00:54:00.048+0000] {logging_mixin.py:188} INFO - [2024-03-27T00:54:00.048+0000] {dag.py:3834} INFO - Setting next_dagrun for example_python_operator to None, run_after=None
[2024-03-27T00:54:00.057+0000] {processor.py:183} INFO - Processing /home/airflow/.local/lib/python3.8/site-packages/airflow/example_dags/example_python_operator.py took 0.035 seconds
[2024-03-27T00:54:43.647+0000] {processor.py:161} INFO - Started process (PID=8196) to work on /home/airflow/.local/lib/python3.8/site-packages/airflow/example_dags/example_python_operator.py
[2024-03-27T00:54:43.647+0000] {processor.py:830} INFO - Processing file /home/airflow/.local/lib/python3.8/site-packages/airflow/example_dags/example_python_operator.py for tasks to queue
[2024-03-27T00:54:43.649+0000] {logging_mixin.py:188} INFO - [2024-03-27T00:54:43.648+0000] {dagbag.py:540} INFO - Filling up the DagBag from /home/airflow/.local/lib/python3.8/site-packages/airflow/example_dags/example_python_operator.py
[2024-03-27T00:54:43.655+0000] {processor.py:840} INFO - DAG(s) 'example_python_operator' retrieved from /home/airflow/.local/lib/python3.8/site-packages/airflow/example_dags/example_python_operator.py
[2024-03-27T00:54:43.670+0000] {logging_mixin.py:188} INFO - [2024-03-27T00:54:43.670+0000] {dag.py:3047} INFO - Sync 1 DAGs
[2024-03-27T00:54:43.676+0000] {logging_mixin.py:188} INFO - [2024-03-27T00:54:43.675+0000] {dag.py:3834} INFO - Setting next_dagrun for example_python_operator to None, run_after=None
[2024-03-27T00:54:43.684+0000] {processor.py:183} INFO - Processing /home/airflow/.local/lib/python3.8/site-packages/airflow/example_dags/example_python_operator.py took 0.039 seconds
[2024-03-27T00:55:16.505+0000] {processor.py:161} INFO - Started process (PID=8251) to work on /home/airflow/.local/lib/python3.8/site-packages/airflow/example_dags/example_python_operator.py
[2024-03-27T00:55:16.505+0000] {processor.py:830} INFO - Processing file /home/airflow/.local/lib/python3.8/site-packages/airflow/example_dags/example_python_operator.py for tasks to queue
[2024-03-27T00:55:16.506+0000] {logging_mixin.py:188} INFO - [2024-03-27T00:55:16.506+0000] {dagbag.py:540} INFO - Filling up the DagBag from /home/airflow/.local/lib/python3.8/site-packages/airflow/example_dags/example_python_operator.py
[2024-03-27T00:55:16.512+0000] {processor.py:840} INFO - DAG(s) 'example_python_operator' retrieved from /home/airflow/.local/lib/python3.8/site-packages/airflow/example_dags/example_python_operator.py
[2024-03-27T00:55:16.523+0000] {logging_mixin.py:188} INFO - [2024-03-27T00:55:16.523+0000] {dag.py:3047} INFO - Sync 1 DAGs
[2024-03-27T00:55:16.529+0000] {logging_mixin.py:188} INFO - [2024-03-27T00:55:16.529+0000] {dag.py:3834} INFO - Setting next_dagrun for example_python_operator to None, run_after=None
[2024-03-27T00:55:16.537+0000] {processor.py:183} INFO - Processing /home/airflow/.local/lib/python3.8/site-packages/airflow/example_dags/example_python_operator.py took 0.035 seconds
[2024-03-27T00:55:58.722+0000] {processor.py:161} INFO - Started process (PID=8305) to work on /home/airflow/.local/lib/python3.8/site-packages/airflow/example_dags/example_python_operator.py
[2024-03-27T00:55:58.723+0000] {processor.py:830} INFO - Processing file /home/airflow/.local/lib/python3.8/site-packages/airflow/example_dags/example_python_operator.py for tasks to queue
[2024-03-27T00:55:58.724+0000] {logging_mixin.py:188} INFO - [2024-03-27T00:55:58.724+0000] {dagbag.py:540} INFO - Filling up the DagBag from /home/airflow/.local/lib/python3.8/site-packages/airflow/example_dags/example_python_operator.py
[2024-03-27T00:55:58.730+0000] {processor.py:840} INFO - DAG(s) 'example_python_operator' retrieved from /home/airflow/.local/lib/python3.8/site-packages/airflow/example_dags/example_python_operator.py
[2024-03-27T00:55:58.743+0000] {logging_mixin.py:188} INFO - [2024-03-27T00:55:58.743+0000] {dag.py:3047} INFO - Sync 1 DAGs
[2024-03-27T00:55:58.750+0000] {logging_mixin.py:188} INFO - [2024-03-27T00:55:58.750+0000] {dag.py:3834} INFO - Setting next_dagrun for example_python_operator to None, run_after=None
[2024-03-27T00:55:58.760+0000] {processor.py:183} INFO - Processing /home/airflow/.local/lib/python3.8/site-packages/airflow/example_dags/example_python_operator.py took 0.040 seconds
[2024-03-27T00:58:45.310+0000] {processor.py:161} INFO - Started process (PID=8360) to work on /home/airflow/.local/lib/python3.8/site-packages/airflow/example_dags/example_python_operator.py
[2024-03-27T00:58:45.313+0000] {processor.py:830} INFO - Processing file /home/airflow/.local/lib/python3.8/site-packages/airflow/example_dags/example_python_operator.py for tasks to queue
[2024-03-27T00:58:45.317+0000] {logging_mixin.py:188} INFO - [2024-03-27T00:58:45.316+0000] {dagbag.py:540} INFO - Filling up the DagBag from /home/airflow/.local/lib/python3.8/site-packages/airflow/example_dags/example_python_operator.py
[2024-03-27T00:58:45.332+0000] {processor.py:840} INFO - DAG(s) 'example_python_operator' retrieved from /home/airflow/.local/lib/python3.8/site-packages/airflow/example_dags/example_python_operator.py
[2024-03-27T00:58:45.370+0000] {logging_mixin.py:188} INFO - [2024-03-27T00:58:45.370+0000] {dag.py:3047} INFO - Sync 1 DAGs
[2024-03-27T00:58:45.386+0000] {logging_mixin.py:188} INFO - [2024-03-27T00:58:45.386+0000] {dag.py:3834} INFO - Setting next_dagrun for example_python_operator to None, run_after=None
[2024-03-27T00:58:45.397+0000] {processor.py:183} INFO - Processing /home/airflow/.local/lib/python3.8/site-packages/airflow/example_dags/example_python_operator.py took 0.093 seconds
[2024-03-27T01:01:14.676+0000] {processor.py:161} INFO - Started process (PID=8415) to work on /home/airflow/.local/lib/python3.8/site-packages/airflow/example_dags/example_python_operator.py
[2024-03-27T01:01:14.677+0000] {processor.py:830} INFO - Processing file /home/airflow/.local/lib/python3.8/site-packages/airflow/example_dags/example_python_operator.py for tasks to queue
[2024-03-27T01:01:14.680+0000] {logging_mixin.py:188} INFO - [2024-03-27T01:01:14.680+0000] {dagbag.py:540} INFO - Filling up the DagBag from /home/airflow/.local/lib/python3.8/site-packages/airflow/example_dags/example_python_operator.py
[2024-03-27T01:01:14.692+0000] {processor.py:840} INFO - DAG(s) 'example_python_operator' retrieved from /home/airflow/.local/lib/python3.8/site-packages/airflow/example_dags/example_python_operator.py
[2024-03-27T01:01:14.720+0000] {logging_mixin.py:188} INFO - [2024-03-27T01:01:14.719+0000] {dag.py:3047} INFO - Sync 1 DAGs
[2024-03-27T01:01:14.738+0000] {logging_mixin.py:188} INFO - [2024-03-27T01:01:14.738+0000] {dag.py:3834} INFO - Setting next_dagrun for example_python_operator to None, run_after=None
[2024-03-27T01:01:14.770+0000] {processor.py:183} INFO - Processing /home/airflow/.local/lib/python3.8/site-packages/airflow/example_dags/example_python_operator.py took 0.099 seconds
[2024-03-27T01:04:43.763+0000] {processor.py:161} INFO - Started process (PID=8470) to work on /home/airflow/.local/lib/python3.8/site-packages/airflow/example_dags/example_python_operator.py
[2024-03-27T01:04:43.764+0000] {processor.py:830} INFO - Processing file /home/airflow/.local/lib/python3.8/site-packages/airflow/example_dags/example_python_operator.py for tasks to queue
[2024-03-27T01:04:43.766+0000] {logging_mixin.py:188} INFO - [2024-03-27T01:04:43.766+0000] {dagbag.py:540} INFO - Filling up the DagBag from /home/airflow/.local/lib/python3.8/site-packages/airflow/example_dags/example_python_operator.py
[2024-03-27T01:04:43.774+0000] {processor.py:840} INFO - DAG(s) 'example_python_operator' retrieved from /home/airflow/.local/lib/python3.8/site-packages/airflow/example_dags/example_python_operator.py
[2024-03-27T01:04:43.789+0000] {logging_mixin.py:188} INFO - [2024-03-27T01:04:43.789+0000] {dag.py:3047} INFO - Sync 1 DAGs
[2024-03-27T01:04:43.797+0000] {logging_mixin.py:188} INFO - [2024-03-27T01:04:43.796+0000] {dag.py:3834} INFO - Setting next_dagrun for example_python_operator to None, run_after=None
[2024-03-27T01:04:43.810+0000] {processor.py:183} INFO - Processing /home/airflow/.local/lib/python3.8/site-packages/airflow/example_dags/example_python_operator.py took 0.050 seconds
[2024-03-27T01:08:48.922+0000] {processor.py:161} INFO - Started process (PID=8525) to work on /home/airflow/.local/lib/python3.8/site-packages/airflow/example_dags/example_python_operator.py
[2024-03-27T01:08:48.924+0000] {processor.py:830} INFO - Processing file /home/airflow/.local/lib/python3.8/site-packages/airflow/example_dags/example_python_operator.py for tasks to queue
[2024-03-27T01:08:48.925+0000] {logging_mixin.py:188} INFO - [2024-03-27T01:08:48.925+0000] {dagbag.py:540} INFO - Filling up the DagBag from /home/airflow/.local/lib/python3.8/site-packages/airflow/example_dags/example_python_operator.py
[2024-03-27T01:08:48.931+0000] {processor.py:840} INFO - DAG(s) 'example_python_operator' retrieved from /home/airflow/.local/lib/python3.8/site-packages/airflow/example_dags/example_python_operator.py
[2024-03-27T01:08:48.943+0000] {logging_mixin.py:188} INFO - [2024-03-27T01:08:48.942+0000] {dag.py:3047} INFO - Sync 1 DAGs
[2024-03-27T01:08:48.949+0000] {logging_mixin.py:188} INFO - [2024-03-27T01:08:48.949+0000] {dag.py:3834} INFO - Setting next_dagrun for example_python_operator to None, run_after=None
[2024-03-27T01:08:48.959+0000] {processor.py:183} INFO - Processing /home/airflow/.local/lib/python3.8/site-packages/airflow/example_dags/example_python_operator.py took 0.040 seconds
[2024-03-27T01:13:47.548+0000] {processor.py:161} INFO - Started process (PID=8580) to work on /home/airflow/.local/lib/python3.8/site-packages/airflow/example_dags/example_python_operator.py
[2024-03-27T01:13:47.548+0000] {processor.py:830} INFO - Processing file /home/airflow/.local/lib/python3.8/site-packages/airflow/example_dags/example_python_operator.py for tasks to queue
[2024-03-27T01:13:47.549+0000] {logging_mixin.py:188} INFO - [2024-03-27T01:13:47.549+0000] {dagbag.py:540} INFO - Filling up the DagBag from /home/airflow/.local/lib/python3.8/site-packages/airflow/example_dags/example_python_operator.py
[2024-03-27T01:13:47.555+0000] {processor.py:840} INFO - DAG(s) 'example_python_operator' retrieved from /home/airflow/.local/lib/python3.8/site-packages/airflow/example_dags/example_python_operator.py
[2024-03-27T01:13:47.567+0000] {logging_mixin.py:188} INFO - [2024-03-27T01:13:47.566+0000] {dag.py:3047} INFO - Sync 1 DAGs
[2024-03-27T01:13:47.572+0000] {logging_mixin.py:188} INFO - [2024-03-27T01:13:47.572+0000] {dag.py:3834} INFO - Setting next_dagrun for example_python_operator to None, run_after=None
[2024-03-27T01:13:47.581+0000] {processor.py:183} INFO - Processing /home/airflow/.local/lib/python3.8/site-packages/airflow/example_dags/example_python_operator.py took 0.035 seconds
[2024-03-27T01:47:16.520+0000] {processor.py:161} INFO - Started process (PID=8635) to work on /home/airflow/.local/lib/python3.8/site-packages/airflow/example_dags/example_python_operator.py
[2024-03-27T01:47:16.521+0000] {processor.py:830} INFO - Processing file /home/airflow/.local/lib/python3.8/site-packages/airflow/example_dags/example_python_operator.py for tasks to queue
[2024-03-27T01:47:16.522+0000] {logging_mixin.py:188} INFO - [2024-03-27T01:47:16.521+0000] {dagbag.py:540} INFO - Filling up the DagBag from /home/airflow/.local/lib/python3.8/site-packages/airflow/example_dags/example_python_operator.py
[2024-03-27T01:47:16.527+0000] {processor.py:840} INFO - DAG(s) 'example_python_operator' retrieved from /home/airflow/.local/lib/python3.8/site-packages/airflow/example_dags/example_python_operator.py
[2024-03-27T01:47:16.537+0000] {logging_mixin.py:188} INFO - [2024-03-27T01:47:16.537+0000] {dag.py:3047} INFO - Sync 1 DAGs
[2024-03-27T01:47:16.542+0000] {logging_mixin.py:188} INFO - [2024-03-27T01:47:16.542+0000] {dag.py:3834} INFO - Setting next_dagrun for example_python_operator to None, run_after=None
[2024-03-27T01:47:16.550+0000] {processor.py:183} INFO - Processing /home/airflow/.local/lib/python3.8/site-packages/airflow/example_dags/example_python_operator.py took 0.032 seconds
[2024-03-27T02:30:29.687+0000] {processor.py:161} INFO - Started process (PID=8690) to work on /home/airflow/.local/lib/python3.8/site-packages/airflow/example_dags/example_python_operator.py
[2024-03-27T02:30:29.688+0000] {processor.py:830} INFO - Processing file /home/airflow/.local/lib/python3.8/site-packages/airflow/example_dags/example_python_operator.py for tasks to queue
[2024-03-27T02:30:29.689+0000] {logging_mixin.py:188} INFO - [2024-03-27T02:30:29.689+0000] {dagbag.py:540} INFO - Filling up the DagBag from /home/airflow/.local/lib/python3.8/site-packages/airflow/example_dags/example_python_operator.py
[2024-03-27T02:30:29.696+0000] {processor.py:840} INFO - DAG(s) 'example_python_operator' retrieved from /home/airflow/.local/lib/python3.8/site-packages/airflow/example_dags/example_python_operator.py
[2024-03-27T02:30:29.711+0000] {logging_mixin.py:188} INFO - [2024-03-27T02:30:29.711+0000] {dag.py:3047} INFO - Sync 1 DAGs
[2024-03-27T02:30:29.716+0000] {logging_mixin.py:188} INFO - [2024-03-27T02:30:29.716+0000] {dag.py:3834} INFO - Setting next_dagrun for example_python_operator to None, run_after=None
[2024-03-27T02:30:29.724+0000] {processor.py:183} INFO - Processing /home/airflow/.local/lib/python3.8/site-packages/airflow/example_dags/example_python_operator.py took 0.039 seconds
[2024-03-27T02:31:20.537+0000] {processor.py:161} INFO - Started process (PID=8745) to work on /home/airflow/.local/lib/python3.8/site-packages/airflow/example_dags/example_python_operator.py
[2024-03-27T02:31:20.537+0000] {processor.py:830} INFO - Processing file /home/airflow/.local/lib/python3.8/site-packages/airflow/example_dags/example_python_operator.py for tasks to queue
[2024-03-27T02:31:20.538+0000] {logging_mixin.py:188} INFO - [2024-03-27T02:31:20.538+0000] {dagbag.py:540} INFO - Filling up the DagBag from /home/airflow/.local/lib/python3.8/site-packages/airflow/example_dags/example_python_operator.py
[2024-03-27T02:31:20.544+0000] {processor.py:840} INFO - DAG(s) 'example_python_operator' retrieved from /home/airflow/.local/lib/python3.8/site-packages/airflow/example_dags/example_python_operator.py
[2024-03-27T02:31:20.554+0000] {logging_mixin.py:188} INFO - [2024-03-27T02:31:20.554+0000] {dag.py:3047} INFO - Sync 1 DAGs
[2024-03-27T02:31:20.559+0000] {logging_mixin.py:188} INFO - [2024-03-27T02:31:20.559+0000] {dag.py:3834} INFO - Setting next_dagrun for example_python_operator to None, run_after=None
[2024-03-27T02:31:20.568+0000] {processor.py:183} INFO - Processing /home/airflow/.local/lib/python3.8/site-packages/airflow/example_dags/example_python_operator.py took 0.033 seconds
[2024-03-27T02:33:49.415+0000] {processor.py:161} INFO - Started process (PID=8800) to work on /home/airflow/.local/lib/python3.8/site-packages/airflow/example_dags/example_python_operator.py
[2024-03-27T02:33:49.416+0000] {processor.py:830} INFO - Processing file /home/airflow/.local/lib/python3.8/site-packages/airflow/example_dags/example_python_operator.py for tasks to queue
[2024-03-27T02:33:49.417+0000] {logging_mixin.py:188} INFO - [2024-03-27T02:33:49.417+0000] {dagbag.py:540} INFO - Filling up the DagBag from /home/airflow/.local/lib/python3.8/site-packages/airflow/example_dags/example_python_operator.py
[2024-03-27T02:33:49.422+0000] {processor.py:840} INFO - DAG(s) 'example_python_operator' retrieved from /home/airflow/.local/lib/python3.8/site-packages/airflow/example_dags/example_python_operator.py
[2024-03-27T02:33:49.434+0000] {logging_mixin.py:188} INFO - [2024-03-27T02:33:49.434+0000] {dag.py:3047} INFO - Sync 1 DAGs
[2024-03-27T02:33:49.439+0000] {logging_mixin.py:188} INFO - [2024-03-27T02:33:49.439+0000] {dag.py:3834} INFO - Setting next_dagrun for example_python_operator to None, run_after=None
[2024-03-27T02:33:49.448+0000] {processor.py:183} INFO - Processing /home/airflow/.local/lib/python3.8/site-packages/airflow/example_dags/example_python_operator.py took 0.034 seconds
[2024-03-27T02:49:01.420+0000] {processor.py:161} INFO - Started process (PID=8855) to work on /home/airflow/.local/lib/python3.8/site-packages/airflow/example_dags/example_python_operator.py
[2024-03-27T02:49:01.421+0000] {processor.py:830} INFO - Processing file /home/airflow/.local/lib/python3.8/site-packages/airflow/example_dags/example_python_operator.py for tasks to queue
[2024-03-27T02:49:01.422+0000] {logging_mixin.py:188} INFO - [2024-03-27T02:49:01.422+0000] {dagbag.py:540} INFO - Filling up the DagBag from /home/airflow/.local/lib/python3.8/site-packages/airflow/example_dags/example_python_operator.py
[2024-03-27T02:49:01.428+0000] {processor.py:840} INFO - DAG(s) 'example_python_operator' retrieved from /home/airflow/.local/lib/python3.8/site-packages/airflow/example_dags/example_python_operator.py
[2024-03-27T02:49:01.445+0000] {logging_mixin.py:188} INFO - [2024-03-27T02:49:01.444+0000] {dag.py:3047} INFO - Sync 1 DAGs
[2024-03-27T02:49:01.454+0000] {logging_mixin.py:188} INFO - [2024-03-27T02:49:01.454+0000] {dag.py:3834} INFO - Setting next_dagrun for example_python_operator to None, run_after=None
[2024-03-27T02:49:01.466+0000] {processor.py:183} INFO - Processing /home/airflow/.local/lib/python3.8/site-packages/airflow/example_dags/example_python_operator.py took 0.048 seconds
[2024-03-27T02:49:32.306+0000] {processor.py:161} INFO - Started process (PID=8910) to work on /home/airflow/.local/lib/python3.8/site-packages/airflow/example_dags/example_python_operator.py
[2024-03-27T02:49:32.307+0000] {processor.py:830} INFO - Processing file /home/airflow/.local/lib/python3.8/site-packages/airflow/example_dags/example_python_operator.py for tasks to queue
[2024-03-27T02:49:32.308+0000] {logging_mixin.py:188} INFO - [2024-03-27T02:49:32.308+0000] {dagbag.py:540} INFO - Filling up the DagBag from /home/airflow/.local/lib/python3.8/site-packages/airflow/example_dags/example_python_operator.py
[2024-03-27T02:49:32.314+0000] {processor.py:840} INFO - DAG(s) 'example_python_operator' retrieved from /home/airflow/.local/lib/python3.8/site-packages/airflow/example_dags/example_python_operator.py
[2024-03-27T02:49:32.329+0000] {logging_mixin.py:188} INFO - [2024-03-27T02:49:32.329+0000] {dag.py:3047} INFO - Sync 1 DAGs
[2024-03-27T02:49:32.335+0000] {logging_mixin.py:188} INFO - [2024-03-27T02:49:32.335+0000] {dag.py:3834} INFO - Setting next_dagrun for example_python_operator to None, run_after=None
[2024-03-27T02:49:32.343+0000] {processor.py:183} INFO - Processing /home/airflow/.local/lib/python3.8/site-packages/airflow/example_dags/example_python_operator.py took 0.039 seconds
[2024-03-27T02:50:03.064+0000] {processor.py:161} INFO - Started process (PID=8965) to work on /home/airflow/.local/lib/python3.8/site-packages/airflow/example_dags/example_python_operator.py
[2024-03-27T02:50:03.064+0000] {processor.py:830} INFO - Processing file /home/airflow/.local/lib/python3.8/site-packages/airflow/example_dags/example_python_operator.py for tasks to queue
[2024-03-27T02:50:03.065+0000] {logging_mixin.py:188} INFO - [2024-03-27T02:50:03.065+0000] {dagbag.py:540} INFO - Filling up the DagBag from /home/airflow/.local/lib/python3.8/site-packages/airflow/example_dags/example_python_operator.py
[2024-03-27T02:50:03.071+0000] {processor.py:840} INFO - DAG(s) 'example_python_operator' retrieved from /home/airflow/.local/lib/python3.8/site-packages/airflow/example_dags/example_python_operator.py
[2024-03-27T02:50:03.082+0000] {logging_mixin.py:188} INFO - [2024-03-27T02:50:03.082+0000] {dag.py:3047} INFO - Sync 1 DAGs
[2024-03-27T02:50:03.087+0000] {logging_mixin.py:188} INFO - [2024-03-27T02:50:03.087+0000] {dag.py:3834} INFO - Setting next_dagrun for example_python_operator to None, run_after=None
[2024-03-27T02:50:03.096+0000] {processor.py:183} INFO - Processing /home/airflow/.local/lib/python3.8/site-packages/airflow/example_dags/example_python_operator.py took 0.034 seconds
[2024-03-27T02:50:33.958+0000] {processor.py:161} INFO - Started process (PID=9020) to work on /home/airflow/.local/lib/python3.8/site-packages/airflow/example_dags/example_python_operator.py
[2024-03-27T02:50:33.959+0000] {processor.py:830} INFO - Processing file /home/airflow/.local/lib/python3.8/site-packages/airflow/example_dags/example_python_operator.py for tasks to queue
[2024-03-27T02:50:33.960+0000] {logging_mixin.py:188} INFO - [2024-03-27T02:50:33.960+0000] {dagbag.py:540} INFO - Filling up the DagBag from /home/airflow/.local/lib/python3.8/site-packages/airflow/example_dags/example_python_operator.py
[2024-03-27T02:50:33.965+0000] {processor.py:840} INFO - DAG(s) 'example_python_operator' retrieved from /home/airflow/.local/lib/python3.8/site-packages/airflow/example_dags/example_python_operator.py
[2024-03-27T02:50:33.977+0000] {logging_mixin.py:188} INFO - [2024-03-27T02:50:33.976+0000] {dag.py:3047} INFO - Sync 1 DAGs
[2024-03-27T02:50:33.982+0000] {logging_mixin.py:188} INFO - [2024-03-27T02:50:33.982+0000] {dag.py:3834} INFO - Setting next_dagrun for example_python_operator to None, run_after=None
[2024-03-27T02:50:33.990+0000] {processor.py:183} INFO - Processing /home/airflow/.local/lib/python3.8/site-packages/airflow/example_dags/example_python_operator.py took 0.034 seconds
[2024-03-27T18:16:32.152+0000] {processor.py:161} INFO - Started process (PID=54) to work on /home/airflow/.local/lib/python3.8/site-packages/airflow/example_dags/example_python_operator.py
[2024-03-27T18:16:32.163+0000] {processor.py:830} INFO - Processing file /home/airflow/.local/lib/python3.8/site-packages/airflow/example_dags/example_python_operator.py for tasks to queue
[2024-03-27T18:16:32.166+0000] {logging_mixin.py:188} INFO - [2024-03-27T18:16:32.165+0000] {dagbag.py:540} INFO - Filling up the DagBag from /home/airflow/.local/lib/python3.8/site-packages/airflow/example_dags/example_python_operator.py
[2024-03-27T18:16:32.176+0000] {processor.py:840} INFO - DAG(s) 'example_python_operator' retrieved from /home/airflow/.local/lib/python3.8/site-packages/airflow/example_dags/example_python_operator.py
[2024-03-27T18:16:32.296+0000] {logging_mixin.py:188} INFO - [2024-03-27T18:16:32.296+0000] {dag.py:3047} INFO - Sync 1 DAGs
[2024-03-27T18:16:32.306+0000] {logging_mixin.py:188} INFO - [2024-03-27T18:16:32.306+0000] {dag.py:3834} INFO - Setting next_dagrun for example_python_operator to None, run_after=None
[2024-03-27T18:16:32.326+0000] {processor.py:183} INFO - Processing /home/airflow/.local/lib/python3.8/site-packages/airflow/example_dags/example_python_operator.py took 0.178 seconds
