[2024-03-27T00:00:22.520+0000] {processor.py:161} INFO - Started process (PID=5219) to work on /home/airflow/.local/lib/python3.8/site-packages/airflow/example_dags/example_python_decorator.py
[2024-03-27T00:00:22.521+0000] {processor.py:830} INFO - Processing file /home/airflow/.local/lib/python3.8/site-packages/airflow/example_dags/example_python_decorator.py for tasks to queue
[2024-03-27T00:00:22.522+0000] {logging_mixin.py:188} INFO - [2024-03-27T00:00:22.522+0000] {dagbag.py:540} INFO - Filling up the DagBag from /home/airflow/.local/lib/python3.8/site-packages/airflow/example_dags/example_python_decorator.py
[2024-03-27T00:00:22.529+0000] {processor.py:840} INFO - DAG(s) 'example_python_decorator' retrieved from /home/airflow/.local/lib/python3.8/site-packages/airflow/example_dags/example_python_decorator.py
[2024-03-27T00:00:22.541+0000] {logging_mixin.py:188} INFO - [2024-03-27T00:00:22.541+0000] {dag.py:3047} INFO - Sync 1 DAGs
[2024-03-27T00:00:22.547+0000] {logging_mixin.py:188} INFO - [2024-03-27T00:00:22.547+0000] {dag.py:3834} INFO - Setting next_dagrun for example_python_decorator to None, run_after=None
[2024-03-27T00:00:22.556+0000] {processor.py:183} INFO - Processing /home/airflow/.local/lib/python3.8/site-packages/airflow/example_dags/example_python_decorator.py took 0.038 seconds
[2024-03-27T00:00:53.403+0000] {processor.py:161} INFO - Started process (PID=5274) to work on /home/airflow/.local/lib/python3.8/site-packages/airflow/example_dags/example_python_decorator.py
[2024-03-27T00:00:53.403+0000] {processor.py:830} INFO - Processing file /home/airflow/.local/lib/python3.8/site-packages/airflow/example_dags/example_python_decorator.py for tasks to queue
[2024-03-27T00:00:53.404+0000] {logging_mixin.py:188} INFO - [2024-03-27T00:00:53.404+0000] {dagbag.py:540} INFO - Filling up the DagBag from /home/airflow/.local/lib/python3.8/site-packages/airflow/example_dags/example_python_decorator.py
[2024-03-27T00:00:53.412+0000] {processor.py:840} INFO - DAG(s) 'example_python_decorator' retrieved from /home/airflow/.local/lib/python3.8/site-packages/airflow/example_dags/example_python_decorator.py
[2024-03-27T00:00:53.423+0000] {logging_mixin.py:188} INFO - [2024-03-27T00:00:53.423+0000] {dag.py:3047} INFO - Sync 1 DAGs
[2024-03-27T00:00:53.429+0000] {logging_mixin.py:188} INFO - [2024-03-27T00:00:53.429+0000] {dag.py:3834} INFO - Setting next_dagrun for example_python_decorator to None, run_after=None
[2024-03-27T00:00:53.439+0000] {processor.py:183} INFO - Processing /home/airflow/.local/lib/python3.8/site-packages/airflow/example_dags/example_python_decorator.py took 0.038 seconds
[2024-03-27T00:01:24.256+0000] {processor.py:161} INFO - Started process (PID=5329) to work on /home/airflow/.local/lib/python3.8/site-packages/airflow/example_dags/example_python_decorator.py
[2024-03-27T00:01:24.257+0000] {processor.py:830} INFO - Processing file /home/airflow/.local/lib/python3.8/site-packages/airflow/example_dags/example_python_decorator.py for tasks to queue
[2024-03-27T00:01:24.258+0000] {logging_mixin.py:188} INFO - [2024-03-27T00:01:24.258+0000] {dagbag.py:540} INFO - Filling up the DagBag from /home/airflow/.local/lib/python3.8/site-packages/airflow/example_dags/example_python_decorator.py
[2024-03-27T00:01:24.267+0000] {processor.py:840} INFO - DAG(s) 'example_python_decorator' retrieved from /home/airflow/.local/lib/python3.8/site-packages/airflow/example_dags/example_python_decorator.py
[2024-03-27T00:01:24.282+0000] {logging_mixin.py:188} INFO - [2024-03-27T00:01:24.282+0000] {dag.py:3047} INFO - Sync 1 DAGs
[2024-03-27T00:01:24.289+0000] {logging_mixin.py:188} INFO - [2024-03-27T00:01:24.289+0000] {dag.py:3834} INFO - Setting next_dagrun for example_python_decorator to None, run_after=None
[2024-03-27T00:01:24.300+0000] {processor.py:183} INFO - Processing /home/airflow/.local/lib/python3.8/site-packages/airflow/example_dags/example_python_decorator.py took 0.046 seconds
[2024-03-27T00:01:55.276+0000] {processor.py:161} INFO - Started process (PID=5384) to work on /home/airflow/.local/lib/python3.8/site-packages/airflow/example_dags/example_python_decorator.py
[2024-03-27T00:01:55.278+0000] {processor.py:830} INFO - Processing file /home/airflow/.local/lib/python3.8/site-packages/airflow/example_dags/example_python_decorator.py for tasks to queue
[2024-03-27T00:01:55.279+0000] {logging_mixin.py:188} INFO - [2024-03-27T00:01:55.279+0000] {dagbag.py:540} INFO - Filling up the DagBag from /home/airflow/.local/lib/python3.8/site-packages/airflow/example_dags/example_python_decorator.py
[2024-03-27T00:01:55.294+0000] {processor.py:840} INFO - DAG(s) 'example_python_decorator' retrieved from /home/airflow/.local/lib/python3.8/site-packages/airflow/example_dags/example_python_decorator.py
[2024-03-27T00:01:55.337+0000] {logging_mixin.py:188} INFO - [2024-03-27T00:01:55.337+0000] {dag.py:3047} INFO - Sync 1 DAGs
[2024-03-27T00:01:55.347+0000] {logging_mixin.py:188} INFO - [2024-03-27T00:01:55.347+0000] {dag.py:3834} INFO - Setting next_dagrun for example_python_decorator to None, run_after=None
[2024-03-27T00:01:55.362+0000] {processor.py:183} INFO - Processing /home/airflow/.local/lib/python3.8/site-packages/airflow/example_dags/example_python_decorator.py took 0.088 seconds
[2024-03-27T00:02:26.083+0000] {processor.py:161} INFO - Started process (PID=5439) to work on /home/airflow/.local/lib/python3.8/site-packages/airflow/example_dags/example_python_decorator.py
[2024-03-27T00:02:26.084+0000] {processor.py:830} INFO - Processing file /home/airflow/.local/lib/python3.8/site-packages/airflow/example_dags/example_python_decorator.py for tasks to queue
[2024-03-27T00:02:26.085+0000] {logging_mixin.py:188} INFO - [2024-03-27T00:02:26.085+0000] {dagbag.py:540} INFO - Filling up the DagBag from /home/airflow/.local/lib/python3.8/site-packages/airflow/example_dags/example_python_decorator.py
[2024-03-27T00:02:26.093+0000] {processor.py:840} INFO - DAG(s) 'example_python_decorator' retrieved from /home/airflow/.local/lib/python3.8/site-packages/airflow/example_dags/example_python_decorator.py
[2024-03-27T00:02:26.106+0000] {logging_mixin.py:188} INFO - [2024-03-27T00:02:26.105+0000] {dag.py:3047} INFO - Sync 1 DAGs
[2024-03-27T00:02:26.112+0000] {logging_mixin.py:188} INFO - [2024-03-27T00:02:26.112+0000] {dag.py:3834} INFO - Setting next_dagrun for example_python_decorator to None, run_after=None
[2024-03-27T00:02:26.120+0000] {processor.py:183} INFO - Processing /home/airflow/.local/lib/python3.8/site-packages/airflow/example_dags/example_python_decorator.py took 0.038 seconds
[2024-03-27T00:02:57.052+0000] {processor.py:161} INFO - Started process (PID=5494) to work on /home/airflow/.local/lib/python3.8/site-packages/airflow/example_dags/example_python_decorator.py
[2024-03-27T00:02:57.053+0000] {processor.py:830} INFO - Processing file /home/airflow/.local/lib/python3.8/site-packages/airflow/example_dags/example_python_decorator.py for tasks to queue
[2024-03-27T00:02:57.054+0000] {logging_mixin.py:188} INFO - [2024-03-27T00:02:57.054+0000] {dagbag.py:540} INFO - Filling up the DagBag from /home/airflow/.local/lib/python3.8/site-packages/airflow/example_dags/example_python_decorator.py
[2024-03-27T00:02:57.062+0000] {processor.py:840} INFO - DAG(s) 'example_python_decorator' retrieved from /home/airflow/.local/lib/python3.8/site-packages/airflow/example_dags/example_python_decorator.py
[2024-03-27T00:02:57.074+0000] {logging_mixin.py:188} INFO - [2024-03-27T00:02:57.074+0000] {dag.py:3047} INFO - Sync 1 DAGs
[2024-03-27T00:02:57.081+0000] {logging_mixin.py:188} INFO - [2024-03-27T00:02:57.081+0000] {dag.py:3834} INFO - Setting next_dagrun for example_python_decorator to None, run_after=None
[2024-03-27T00:02:57.091+0000] {processor.py:183} INFO - Processing /home/airflow/.local/lib/python3.8/site-packages/airflow/example_dags/example_python_decorator.py took 0.040 seconds
[2024-03-27T00:03:27.380+0000] {processor.py:161} INFO - Started process (PID=5548) to work on /home/airflow/.local/lib/python3.8/site-packages/airflow/example_dags/example_python_decorator.py
[2024-03-27T00:03:27.381+0000] {processor.py:830} INFO - Processing file /home/airflow/.local/lib/python3.8/site-packages/airflow/example_dags/example_python_decorator.py for tasks to queue
[2024-03-27T00:03:27.382+0000] {logging_mixin.py:188} INFO - [2024-03-27T00:03:27.382+0000] {dagbag.py:540} INFO - Filling up the DagBag from /home/airflow/.local/lib/python3.8/site-packages/airflow/example_dags/example_python_decorator.py
[2024-03-27T00:03:27.389+0000] {processor.py:840} INFO - DAG(s) 'example_python_decorator' retrieved from /home/airflow/.local/lib/python3.8/site-packages/airflow/example_dags/example_python_decorator.py
[2024-03-27T00:03:27.401+0000] {logging_mixin.py:188} INFO - [2024-03-27T00:03:27.401+0000] {dag.py:3047} INFO - Sync 1 DAGs
[2024-03-27T00:03:27.407+0000] {logging_mixin.py:188} INFO - [2024-03-27T00:03:27.407+0000] {dag.py:3834} INFO - Setting next_dagrun for example_python_decorator to None, run_after=None
[2024-03-27T00:03:27.415+0000] {processor.py:183} INFO - Processing /home/airflow/.local/lib/python3.8/site-packages/airflow/example_dags/example_python_decorator.py took 0.037 seconds
[2024-03-27T00:04:02.662+0000] {processor.py:161} INFO - Started process (PID=5603) to work on /home/airflow/.local/lib/python3.8/site-packages/airflow/example_dags/example_python_decorator.py
[2024-03-27T00:04:02.663+0000] {processor.py:830} INFO - Processing file /home/airflow/.local/lib/python3.8/site-packages/airflow/example_dags/example_python_decorator.py for tasks to queue
[2024-03-27T00:04:02.664+0000] {logging_mixin.py:188} INFO - [2024-03-27T00:04:02.664+0000] {dagbag.py:540} INFO - Filling up the DagBag from /home/airflow/.local/lib/python3.8/site-packages/airflow/example_dags/example_python_decorator.py
[2024-03-27T00:04:02.671+0000] {processor.py:840} INFO - DAG(s) 'example_python_decorator' retrieved from /home/airflow/.local/lib/python3.8/site-packages/airflow/example_dags/example_python_decorator.py
[2024-03-27T00:04:02.683+0000] {logging_mixin.py:188} INFO - [2024-03-27T00:04:02.683+0000] {dag.py:3047} INFO - Sync 1 DAGs
[2024-03-27T00:04:02.690+0000] {logging_mixin.py:188} INFO - [2024-03-27T00:04:02.689+0000] {dag.py:3834} INFO - Setting next_dagrun for example_python_decorator to None, run_after=None
[2024-03-27T00:04:02.698+0000] {processor.py:183} INFO - Processing /home/airflow/.local/lib/python3.8/site-packages/airflow/example_dags/example_python_decorator.py took 0.038 seconds
[2024-03-27T00:04:33.381+0000] {processor.py:161} INFO - Started process (PID=5658) to work on /home/airflow/.local/lib/python3.8/site-packages/airflow/example_dags/example_python_decorator.py
[2024-03-27T00:04:33.382+0000] {processor.py:830} INFO - Processing file /home/airflow/.local/lib/python3.8/site-packages/airflow/example_dags/example_python_decorator.py for tasks to queue
[2024-03-27T00:04:33.382+0000] {logging_mixin.py:188} INFO - [2024-03-27T00:04:33.382+0000] {dagbag.py:540} INFO - Filling up the DagBag from /home/airflow/.local/lib/python3.8/site-packages/airflow/example_dags/example_python_decorator.py
[2024-03-27T00:04:33.390+0000] {processor.py:840} INFO - DAG(s) 'example_python_decorator' retrieved from /home/airflow/.local/lib/python3.8/site-packages/airflow/example_dags/example_python_decorator.py
[2024-03-27T00:04:33.401+0000] {logging_mixin.py:188} INFO - [2024-03-27T00:04:33.401+0000] {dag.py:3047} INFO - Sync 1 DAGs
[2024-03-27T00:04:33.408+0000] {logging_mixin.py:188} INFO - [2024-03-27T00:04:33.408+0000] {dag.py:3834} INFO - Setting next_dagrun for example_python_decorator to None, run_after=None
[2024-03-27T00:04:33.418+0000] {processor.py:183} INFO - Processing /home/airflow/.local/lib/python3.8/site-packages/airflow/example_dags/example_python_decorator.py took 0.038 seconds
[2024-03-27T00:05:04.097+0000] {processor.py:161} INFO - Started process (PID=5713) to work on /home/airflow/.local/lib/python3.8/site-packages/airflow/example_dags/example_python_decorator.py
[2024-03-27T00:05:04.098+0000] {processor.py:830} INFO - Processing file /home/airflow/.local/lib/python3.8/site-packages/airflow/example_dags/example_python_decorator.py for tasks to queue
[2024-03-27T00:05:04.099+0000] {logging_mixin.py:188} INFO - [2024-03-27T00:05:04.099+0000] {dagbag.py:540} INFO - Filling up the DagBag from /home/airflow/.local/lib/python3.8/site-packages/airflow/example_dags/example_python_decorator.py
[2024-03-27T00:05:04.107+0000] {processor.py:840} INFO - DAG(s) 'example_python_decorator' retrieved from /home/airflow/.local/lib/python3.8/site-packages/airflow/example_dags/example_python_decorator.py
[2024-03-27T00:05:04.118+0000] {logging_mixin.py:188} INFO - [2024-03-27T00:05:04.118+0000] {dag.py:3047} INFO - Sync 1 DAGs
[2024-03-27T00:05:04.123+0000] {logging_mixin.py:188} INFO - [2024-03-27T00:05:04.123+0000] {dag.py:3834} INFO - Setting next_dagrun for example_python_decorator to None, run_after=None
[2024-03-27T00:05:04.132+0000] {processor.py:183} INFO - Processing /home/airflow/.local/lib/python3.8/site-packages/airflow/example_dags/example_python_decorator.py took 0.037 seconds
[2024-03-27T00:05:34.817+0000] {processor.py:161} INFO - Started process (PID=5768) to work on /home/airflow/.local/lib/python3.8/site-packages/airflow/example_dags/example_python_decorator.py
[2024-03-27T00:05:34.818+0000] {processor.py:830} INFO - Processing file /home/airflow/.local/lib/python3.8/site-packages/airflow/example_dags/example_python_decorator.py for tasks to queue
[2024-03-27T00:05:34.819+0000] {logging_mixin.py:188} INFO - [2024-03-27T00:05:34.818+0000] {dagbag.py:540} INFO - Filling up the DagBag from /home/airflow/.local/lib/python3.8/site-packages/airflow/example_dags/example_python_decorator.py
[2024-03-27T00:05:34.826+0000] {processor.py:840} INFO - DAG(s) 'example_python_decorator' retrieved from /home/airflow/.local/lib/python3.8/site-packages/airflow/example_dags/example_python_decorator.py
[2024-03-27T00:05:34.837+0000] {logging_mixin.py:188} INFO - [2024-03-27T00:05:34.837+0000] {dag.py:3047} INFO - Sync 1 DAGs
[2024-03-27T00:05:34.844+0000] {logging_mixin.py:188} INFO - [2024-03-27T00:05:34.843+0000] {dag.py:3834} INFO - Setting next_dagrun for example_python_decorator to None, run_after=None
[2024-03-27T00:05:34.854+0000] {processor.py:183} INFO - Processing /home/airflow/.local/lib/python3.8/site-packages/airflow/example_dags/example_python_decorator.py took 0.038 seconds
[2024-03-27T00:06:05.550+0000] {processor.py:161} INFO - Started process (PID=5823) to work on /home/airflow/.local/lib/python3.8/site-packages/airflow/example_dags/example_python_decorator.py
[2024-03-27T00:06:05.551+0000] {processor.py:830} INFO - Processing file /home/airflow/.local/lib/python3.8/site-packages/airflow/example_dags/example_python_decorator.py for tasks to queue
[2024-03-27T00:06:05.552+0000] {logging_mixin.py:188} INFO - [2024-03-27T00:06:05.552+0000] {dagbag.py:540} INFO - Filling up the DagBag from /home/airflow/.local/lib/python3.8/site-packages/airflow/example_dags/example_python_decorator.py
[2024-03-27T00:06:05.560+0000] {processor.py:840} INFO - DAG(s) 'example_python_decorator' retrieved from /home/airflow/.local/lib/python3.8/site-packages/airflow/example_dags/example_python_decorator.py
[2024-03-27T00:06:05.573+0000] {logging_mixin.py:188} INFO - [2024-03-27T00:06:05.572+0000] {dag.py:3047} INFO - Sync 1 DAGs
[2024-03-27T00:06:05.584+0000] {logging_mixin.py:188} INFO - [2024-03-27T00:06:05.584+0000] {dag.py:3834} INFO - Setting next_dagrun for example_python_decorator to None, run_after=None
[2024-03-27T00:06:05.595+0000] {processor.py:183} INFO - Processing /home/airflow/.local/lib/python3.8/site-packages/airflow/example_dags/example_python_decorator.py took 0.047 seconds
[2024-03-27T00:09:24.766+0000] {processor.py:161} INFO - Started process (PID=5878) to work on /home/airflow/.local/lib/python3.8/site-packages/airflow/example_dags/example_python_decorator.py
[2024-03-27T00:09:24.767+0000] {processor.py:830} INFO - Processing file /home/airflow/.local/lib/python3.8/site-packages/airflow/example_dags/example_python_decorator.py for tasks to queue
[2024-03-27T00:09:24.768+0000] {logging_mixin.py:188} INFO - [2024-03-27T00:09:24.767+0000] {dagbag.py:540} INFO - Filling up the DagBag from /home/airflow/.local/lib/python3.8/site-packages/airflow/example_dags/example_python_decorator.py
[2024-03-27T00:09:24.776+0000] {processor.py:840} INFO - DAG(s) 'example_python_decorator' retrieved from /home/airflow/.local/lib/python3.8/site-packages/airflow/example_dags/example_python_decorator.py
[2024-03-27T00:09:24.794+0000] {logging_mixin.py:188} INFO - [2024-03-27T00:09:24.793+0000] {dag.py:3047} INFO - Sync 1 DAGs
[2024-03-27T00:09:24.804+0000] {logging_mixin.py:188} INFO - [2024-03-27T00:09:24.804+0000] {dag.py:3834} INFO - Setting next_dagrun for example_python_decorator to None, run_after=None
[2024-03-27T00:09:24.815+0000] {processor.py:183} INFO - Processing /home/airflow/.local/lib/python3.8/site-packages/airflow/example_dags/example_python_decorator.py took 0.051 seconds
[2024-03-27T00:09:55.813+0000] {processor.py:161} INFO - Started process (PID=5932) to work on /home/airflow/.local/lib/python3.8/site-packages/airflow/example_dags/example_python_decorator.py
[2024-03-27T00:09:55.814+0000] {processor.py:830} INFO - Processing file /home/airflow/.local/lib/python3.8/site-packages/airflow/example_dags/example_python_decorator.py for tasks to queue
[2024-03-27T00:09:55.815+0000] {logging_mixin.py:188} INFO - [2024-03-27T00:09:55.815+0000] {dagbag.py:540} INFO - Filling up the DagBag from /home/airflow/.local/lib/python3.8/site-packages/airflow/example_dags/example_python_decorator.py
[2024-03-27T00:09:55.823+0000] {processor.py:840} INFO - DAG(s) 'example_python_decorator' retrieved from /home/airflow/.local/lib/python3.8/site-packages/airflow/example_dags/example_python_decorator.py
[2024-03-27T00:09:55.834+0000] {logging_mixin.py:188} INFO - [2024-03-27T00:09:55.834+0000] {dag.py:3047} INFO - Sync 1 DAGs
[2024-03-27T00:09:55.839+0000] {logging_mixin.py:188} INFO - [2024-03-27T00:09:55.839+0000] {dag.py:3834} INFO - Setting next_dagrun for example_python_decorator to None, run_after=None
[2024-03-27T00:09:55.847+0000] {processor.py:183} INFO - Processing /home/airflow/.local/lib/python3.8/site-packages/airflow/example_dags/example_python_decorator.py took 0.037 seconds
[2024-03-27T00:10:26.788+0000] {processor.py:161} INFO - Started process (PID=5987) to work on /home/airflow/.local/lib/python3.8/site-packages/airflow/example_dags/example_python_decorator.py
[2024-03-27T00:10:26.789+0000] {processor.py:830} INFO - Processing file /home/airflow/.local/lib/python3.8/site-packages/airflow/example_dags/example_python_decorator.py for tasks to queue
[2024-03-27T00:10:26.790+0000] {logging_mixin.py:188} INFO - [2024-03-27T00:10:26.790+0000] {dagbag.py:540} INFO - Filling up the DagBag from /home/airflow/.local/lib/python3.8/site-packages/airflow/example_dags/example_python_decorator.py
[2024-03-27T00:10:26.798+0000] {processor.py:840} INFO - DAG(s) 'example_python_decorator' retrieved from /home/airflow/.local/lib/python3.8/site-packages/airflow/example_dags/example_python_decorator.py
[2024-03-27T00:10:26.810+0000] {logging_mixin.py:188} INFO - [2024-03-27T00:10:26.810+0000] {dag.py:3047} INFO - Sync 1 DAGs
[2024-03-27T00:10:26.816+0000] {logging_mixin.py:188} INFO - [2024-03-27T00:10:26.815+0000] {dag.py:3834} INFO - Setting next_dagrun for example_python_decorator to None, run_after=None
[2024-03-27T00:10:26.823+0000] {processor.py:183} INFO - Processing /home/airflow/.local/lib/python3.8/site-packages/airflow/example_dags/example_python_decorator.py took 0.037 seconds
[2024-03-27T00:10:57.767+0000] {processor.py:161} INFO - Started process (PID=6042) to work on /home/airflow/.local/lib/python3.8/site-packages/airflow/example_dags/example_python_decorator.py
[2024-03-27T00:10:57.768+0000] {processor.py:830} INFO - Processing file /home/airflow/.local/lib/python3.8/site-packages/airflow/example_dags/example_python_decorator.py for tasks to queue
[2024-03-27T00:10:57.769+0000] {logging_mixin.py:188} INFO - [2024-03-27T00:10:57.769+0000] {dagbag.py:540} INFO - Filling up the DagBag from /home/airflow/.local/lib/python3.8/site-packages/airflow/example_dags/example_python_decorator.py
[2024-03-27T00:10:57.779+0000] {processor.py:840} INFO - DAG(s) 'example_python_decorator' retrieved from /home/airflow/.local/lib/python3.8/site-packages/airflow/example_dags/example_python_decorator.py
[2024-03-27T00:10:57.791+0000] {logging_mixin.py:188} INFO - [2024-03-27T00:10:57.791+0000] {dag.py:3047} INFO - Sync 1 DAGs
[2024-03-27T00:10:57.797+0000] {logging_mixin.py:188} INFO - [2024-03-27T00:10:57.797+0000] {dag.py:3834} INFO - Setting next_dagrun for example_python_decorator to None, run_after=None
[2024-03-27T00:10:57.805+0000] {processor.py:183} INFO - Processing /home/airflow/.local/lib/python3.8/site-packages/airflow/example_dags/example_python_decorator.py took 0.040 seconds
[2024-03-27T00:11:28.578+0000] {processor.py:161} INFO - Started process (PID=6096) to work on /home/airflow/.local/lib/python3.8/site-packages/airflow/example_dags/example_python_decorator.py
[2024-03-27T00:11:28.579+0000] {processor.py:830} INFO - Processing file /home/airflow/.local/lib/python3.8/site-packages/airflow/example_dags/example_python_decorator.py for tasks to queue
[2024-03-27T00:11:28.580+0000] {logging_mixin.py:188} INFO - [2024-03-27T00:11:28.580+0000] {dagbag.py:540} INFO - Filling up the DagBag from /home/airflow/.local/lib/python3.8/site-packages/airflow/example_dags/example_python_decorator.py
[2024-03-27T00:11:28.588+0000] {processor.py:840} INFO - DAG(s) 'example_python_decorator' retrieved from /home/airflow/.local/lib/python3.8/site-packages/airflow/example_dags/example_python_decorator.py
[2024-03-27T00:11:28.599+0000] {logging_mixin.py:188} INFO - [2024-03-27T00:11:28.599+0000] {dag.py:3047} INFO - Sync 1 DAGs
[2024-03-27T00:11:28.605+0000] {logging_mixin.py:188} INFO - [2024-03-27T00:11:28.605+0000] {dag.py:3834} INFO - Setting next_dagrun for example_python_decorator to None, run_after=None
[2024-03-27T00:11:28.613+0000] {processor.py:183} INFO - Processing /home/airflow/.local/lib/python3.8/site-packages/airflow/example_dags/example_python_decorator.py took 0.037 seconds
[2024-03-27T00:11:59.626+0000] {processor.py:161} INFO - Started process (PID=6151) to work on /home/airflow/.local/lib/python3.8/site-packages/airflow/example_dags/example_python_decorator.py
[2024-03-27T00:11:59.627+0000] {processor.py:830} INFO - Processing file /home/airflow/.local/lib/python3.8/site-packages/airflow/example_dags/example_python_decorator.py for tasks to queue
[2024-03-27T00:11:59.629+0000] {logging_mixin.py:188} INFO - [2024-03-27T00:11:59.629+0000] {dagbag.py:540} INFO - Filling up the DagBag from /home/airflow/.local/lib/python3.8/site-packages/airflow/example_dags/example_python_decorator.py
[2024-03-27T00:11:59.641+0000] {processor.py:840} INFO - DAG(s) 'example_python_decorator' retrieved from /home/airflow/.local/lib/python3.8/site-packages/airflow/example_dags/example_python_decorator.py
[2024-03-27T00:11:59.652+0000] {logging_mixin.py:188} INFO - [2024-03-27T00:11:59.652+0000] {dag.py:3047} INFO - Sync 1 DAGs
[2024-03-27T00:11:59.658+0000] {logging_mixin.py:188} INFO - [2024-03-27T00:11:59.658+0000] {dag.py:3834} INFO - Setting next_dagrun for example_python_decorator to None, run_after=None
[2024-03-27T00:11:59.667+0000] {processor.py:183} INFO - Processing /home/airflow/.local/lib/python3.8/site-packages/airflow/example_dags/example_python_decorator.py took 0.044 seconds
[2024-03-27T00:12:30.495+0000] {processor.py:161} INFO - Started process (PID=6205) to work on /home/airflow/.local/lib/python3.8/site-packages/airflow/example_dags/example_python_decorator.py
[2024-03-27T00:12:30.496+0000] {processor.py:830} INFO - Processing file /home/airflow/.local/lib/python3.8/site-packages/airflow/example_dags/example_python_decorator.py for tasks to queue
[2024-03-27T00:12:30.497+0000] {logging_mixin.py:188} INFO - [2024-03-27T00:12:30.497+0000] {dagbag.py:540} INFO - Filling up the DagBag from /home/airflow/.local/lib/python3.8/site-packages/airflow/example_dags/example_python_decorator.py
[2024-03-27T00:12:30.505+0000] {processor.py:840} INFO - DAG(s) 'example_python_decorator' retrieved from /home/airflow/.local/lib/python3.8/site-packages/airflow/example_dags/example_python_decorator.py
[2024-03-27T00:12:30.516+0000] {logging_mixin.py:188} INFO - [2024-03-27T00:12:30.516+0000] {dag.py:3047} INFO - Sync 1 DAGs
[2024-03-27T00:12:30.521+0000] {logging_mixin.py:188} INFO - [2024-03-27T00:12:30.521+0000] {dag.py:3834} INFO - Setting next_dagrun for example_python_decorator to None, run_after=None
[2024-03-27T00:12:30.530+0000] {processor.py:183} INFO - Processing /home/airflow/.local/lib/python3.8/site-packages/airflow/example_dags/example_python_decorator.py took 0.037 seconds
[2024-03-27T00:13:01.298+0000] {processor.py:161} INFO - Started process (PID=6260) to work on /home/airflow/.local/lib/python3.8/site-packages/airflow/example_dags/example_python_decorator.py
[2024-03-27T00:13:01.298+0000] {processor.py:830} INFO - Processing file /home/airflow/.local/lib/python3.8/site-packages/airflow/example_dags/example_python_decorator.py for tasks to queue
[2024-03-27T00:13:01.299+0000] {logging_mixin.py:188} INFO - [2024-03-27T00:13:01.299+0000] {dagbag.py:540} INFO - Filling up the DagBag from /home/airflow/.local/lib/python3.8/site-packages/airflow/example_dags/example_python_decorator.py
[2024-03-27T00:13:01.308+0000] {processor.py:840} INFO - DAG(s) 'example_python_decorator' retrieved from /home/airflow/.local/lib/python3.8/site-packages/airflow/example_dags/example_python_decorator.py
[2024-03-27T00:13:01.318+0000] {logging_mixin.py:188} INFO - [2024-03-27T00:13:01.318+0000] {dag.py:3047} INFO - Sync 1 DAGs
[2024-03-27T00:13:01.324+0000] {logging_mixin.py:188} INFO - [2024-03-27T00:13:01.323+0000] {dag.py:3834} INFO - Setting next_dagrun for example_python_decorator to None, run_after=None
[2024-03-27T00:13:01.332+0000] {processor.py:183} INFO - Processing /home/airflow/.local/lib/python3.8/site-packages/airflow/example_dags/example_python_decorator.py took 0.036 seconds
[2024-03-27T00:13:32.328+0000] {processor.py:161} INFO - Started process (PID=6315) to work on /home/airflow/.local/lib/python3.8/site-packages/airflow/example_dags/example_python_decorator.py
[2024-03-27T00:13:32.330+0000] {processor.py:830} INFO - Processing file /home/airflow/.local/lib/python3.8/site-packages/airflow/example_dags/example_python_decorator.py for tasks to queue
[2024-03-27T00:13:32.331+0000] {logging_mixin.py:188} INFO - [2024-03-27T00:13:32.331+0000] {dagbag.py:540} INFO - Filling up the DagBag from /home/airflow/.local/lib/python3.8/site-packages/airflow/example_dags/example_python_decorator.py
[2024-03-27T00:13:32.339+0000] {processor.py:840} INFO - DAG(s) 'example_python_decorator' retrieved from /home/airflow/.local/lib/python3.8/site-packages/airflow/example_dags/example_python_decorator.py
[2024-03-27T00:13:32.350+0000] {logging_mixin.py:188} INFO - [2024-03-27T00:13:32.350+0000] {dag.py:3047} INFO - Sync 1 DAGs
[2024-03-27T00:13:32.357+0000] {logging_mixin.py:188} INFO - [2024-03-27T00:13:32.357+0000] {dag.py:3834} INFO - Setting next_dagrun for example_python_decorator to None, run_after=None
[2024-03-27T00:13:32.372+0000] {processor.py:183} INFO - Processing /home/airflow/.local/lib/python3.8/site-packages/airflow/example_dags/example_python_decorator.py took 0.046 seconds
[2024-03-27T00:14:02.692+0000] {processor.py:161} INFO - Started process (PID=6370) to work on /home/airflow/.local/lib/python3.8/site-packages/airflow/example_dags/example_python_decorator.py
[2024-03-27T00:14:02.694+0000] {processor.py:830} INFO - Processing file /home/airflow/.local/lib/python3.8/site-packages/airflow/example_dags/example_python_decorator.py for tasks to queue
[2024-03-27T00:14:02.695+0000] {logging_mixin.py:188} INFO - [2024-03-27T00:14:02.695+0000] {dagbag.py:540} INFO - Filling up the DagBag from /home/airflow/.local/lib/python3.8/site-packages/airflow/example_dags/example_python_decorator.py
[2024-03-27T00:14:02.705+0000] {processor.py:840} INFO - DAG(s) 'example_python_decorator' retrieved from /home/airflow/.local/lib/python3.8/site-packages/airflow/example_dags/example_python_decorator.py
[2024-03-27T00:14:02.717+0000] {logging_mixin.py:188} INFO - [2024-03-27T00:14:02.717+0000] {dag.py:3047} INFO - Sync 1 DAGs
[2024-03-27T00:14:02.726+0000] {logging_mixin.py:188} INFO - [2024-03-27T00:14:02.725+0000] {dag.py:3834} INFO - Setting next_dagrun for example_python_decorator to None, run_after=None
[2024-03-27T00:14:02.736+0000] {processor.py:183} INFO - Processing /home/airflow/.local/lib/python3.8/site-packages/airflow/example_dags/example_python_decorator.py took 0.046 seconds
[2024-03-27T00:14:32.808+0000] {processor.py:161} INFO - Started process (PID=6425) to work on /home/airflow/.local/lib/python3.8/site-packages/airflow/example_dags/example_python_decorator.py
[2024-03-27T00:14:32.809+0000] {processor.py:830} INFO - Processing file /home/airflow/.local/lib/python3.8/site-packages/airflow/example_dags/example_python_decorator.py for tasks to queue
[2024-03-27T00:14:32.810+0000] {logging_mixin.py:188} INFO - [2024-03-27T00:14:32.810+0000] {dagbag.py:540} INFO - Filling up the DagBag from /home/airflow/.local/lib/python3.8/site-packages/airflow/example_dags/example_python_decorator.py
[2024-03-27T00:14:32.818+0000] {processor.py:840} INFO - DAG(s) 'example_python_decorator' retrieved from /home/airflow/.local/lib/python3.8/site-packages/airflow/example_dags/example_python_decorator.py
[2024-03-27T00:14:32.829+0000] {logging_mixin.py:188} INFO - [2024-03-27T00:14:32.829+0000] {dag.py:3047} INFO - Sync 1 DAGs
[2024-03-27T00:14:32.835+0000] {logging_mixin.py:188} INFO - [2024-03-27T00:14:32.835+0000] {dag.py:3834} INFO - Setting next_dagrun for example_python_decorator to None, run_after=None
[2024-03-27T00:14:32.843+0000] {processor.py:183} INFO - Processing /home/airflow/.local/lib/python3.8/site-packages/airflow/example_dags/example_python_decorator.py took 0.037 seconds
[2024-03-27T00:15:03.560+0000] {processor.py:161} INFO - Started process (PID=6480) to work on /home/airflow/.local/lib/python3.8/site-packages/airflow/example_dags/example_python_decorator.py
[2024-03-27T00:15:03.561+0000] {processor.py:830} INFO - Processing file /home/airflow/.local/lib/python3.8/site-packages/airflow/example_dags/example_python_decorator.py for tasks to queue
[2024-03-27T00:15:03.562+0000] {logging_mixin.py:188} INFO - [2024-03-27T00:15:03.562+0000] {dagbag.py:540} INFO - Filling up the DagBag from /home/airflow/.local/lib/python3.8/site-packages/airflow/example_dags/example_python_decorator.py
[2024-03-27T00:15:03.570+0000] {processor.py:840} INFO - DAG(s) 'example_python_decorator' retrieved from /home/airflow/.local/lib/python3.8/site-packages/airflow/example_dags/example_python_decorator.py
[2024-03-27T00:15:03.580+0000] {logging_mixin.py:188} INFO - [2024-03-27T00:15:03.580+0000] {dag.py:3047} INFO - Sync 1 DAGs
[2024-03-27T00:15:03.585+0000] {logging_mixin.py:188} INFO - [2024-03-27T00:15:03.585+0000] {dag.py:3834} INFO - Setting next_dagrun for example_python_decorator to None, run_after=None
[2024-03-27T00:15:03.594+0000] {processor.py:183} INFO - Processing /home/airflow/.local/lib/python3.8/site-packages/airflow/example_dags/example_python_decorator.py took 0.036 seconds
[2024-03-27T00:15:34.352+0000] {processor.py:161} INFO - Started process (PID=6535) to work on /home/airflow/.local/lib/python3.8/site-packages/airflow/example_dags/example_python_decorator.py
[2024-03-27T00:15:34.353+0000] {processor.py:830} INFO - Processing file /home/airflow/.local/lib/python3.8/site-packages/airflow/example_dags/example_python_decorator.py for tasks to queue
[2024-03-27T00:15:34.354+0000] {logging_mixin.py:188} INFO - [2024-03-27T00:15:34.354+0000] {dagbag.py:540} INFO - Filling up the DagBag from /home/airflow/.local/lib/python3.8/site-packages/airflow/example_dags/example_python_decorator.py
[2024-03-27T00:15:34.362+0000] {processor.py:840} INFO - DAG(s) 'example_python_decorator' retrieved from /home/airflow/.local/lib/python3.8/site-packages/airflow/example_dags/example_python_decorator.py
[2024-03-27T00:15:34.373+0000] {logging_mixin.py:188} INFO - [2024-03-27T00:15:34.373+0000] {dag.py:3047} INFO - Sync 1 DAGs
[2024-03-27T00:15:34.378+0000] {logging_mixin.py:188} INFO - [2024-03-27T00:15:34.378+0000] {dag.py:3834} INFO - Setting next_dagrun for example_python_decorator to None, run_after=None
[2024-03-27T00:15:34.386+0000] {processor.py:183} INFO - Processing /home/airflow/.local/lib/python3.8/site-packages/airflow/example_dags/example_python_decorator.py took 0.036 seconds
[2024-03-27T00:16:04.632+0000] {processor.py:161} INFO - Started process (PID=6590) to work on /home/airflow/.local/lib/python3.8/site-packages/airflow/example_dags/example_python_decorator.py
[2024-03-27T00:16:04.632+0000] {processor.py:830} INFO - Processing file /home/airflow/.local/lib/python3.8/site-packages/airflow/example_dags/example_python_decorator.py for tasks to queue
[2024-03-27T00:16:04.633+0000] {logging_mixin.py:188} INFO - [2024-03-27T00:16:04.633+0000] {dagbag.py:540} INFO - Filling up the DagBag from /home/airflow/.local/lib/python3.8/site-packages/airflow/example_dags/example_python_decorator.py
[2024-03-27T00:16:04.641+0000] {processor.py:840} INFO - DAG(s) 'example_python_decorator' retrieved from /home/airflow/.local/lib/python3.8/site-packages/airflow/example_dags/example_python_decorator.py
[2024-03-27T00:16:04.651+0000] {logging_mixin.py:188} INFO - [2024-03-27T00:16:04.651+0000] {dag.py:3047} INFO - Sync 1 DAGs
[2024-03-27T00:16:04.657+0000] {logging_mixin.py:188} INFO - [2024-03-27T00:16:04.657+0000] {dag.py:3834} INFO - Setting next_dagrun for example_python_decorator to None, run_after=None
[2024-03-27T00:16:04.666+0000] {processor.py:183} INFO - Processing /home/airflow/.local/lib/python3.8/site-packages/airflow/example_dags/example_python_decorator.py took 0.036 seconds
[2024-03-27T00:16:35.420+0000] {processor.py:161} INFO - Started process (PID=6645) to work on /home/airflow/.local/lib/python3.8/site-packages/airflow/example_dags/example_python_decorator.py
[2024-03-27T00:16:35.421+0000] {processor.py:830} INFO - Processing file /home/airflow/.local/lib/python3.8/site-packages/airflow/example_dags/example_python_decorator.py for tasks to queue
[2024-03-27T00:16:35.422+0000] {logging_mixin.py:188} INFO - [2024-03-27T00:16:35.421+0000] {dagbag.py:540} INFO - Filling up the DagBag from /home/airflow/.local/lib/python3.8/site-packages/airflow/example_dags/example_python_decorator.py
[2024-03-27T00:16:35.429+0000] {processor.py:840} INFO - DAG(s) 'example_python_decorator' retrieved from /home/airflow/.local/lib/python3.8/site-packages/airflow/example_dags/example_python_decorator.py
[2024-03-27T00:16:35.440+0000] {logging_mixin.py:188} INFO - [2024-03-27T00:16:35.440+0000] {dag.py:3047} INFO - Sync 1 DAGs
[2024-03-27T00:16:35.445+0000] {logging_mixin.py:188} INFO - [2024-03-27T00:16:35.445+0000] {dag.py:3834} INFO - Setting next_dagrun for example_python_decorator to None, run_after=None
[2024-03-27T00:16:35.454+0000] {processor.py:183} INFO - Processing /home/airflow/.local/lib/python3.8/site-packages/airflow/example_dags/example_python_decorator.py took 0.035 seconds
[2024-03-27T00:17:06.201+0000] {processor.py:161} INFO - Started process (PID=6700) to work on /home/airflow/.local/lib/python3.8/site-packages/airflow/example_dags/example_python_decorator.py
[2024-03-27T00:17:06.202+0000] {processor.py:830} INFO - Processing file /home/airflow/.local/lib/python3.8/site-packages/airflow/example_dags/example_python_decorator.py for tasks to queue
[2024-03-27T00:17:06.203+0000] {logging_mixin.py:188} INFO - [2024-03-27T00:17:06.203+0000] {dagbag.py:540} INFO - Filling up the DagBag from /home/airflow/.local/lib/python3.8/site-packages/airflow/example_dags/example_python_decorator.py
[2024-03-27T00:17:06.211+0000] {processor.py:840} INFO - DAG(s) 'example_python_decorator' retrieved from /home/airflow/.local/lib/python3.8/site-packages/airflow/example_dags/example_python_decorator.py
[2024-03-27T00:17:06.221+0000] {logging_mixin.py:188} INFO - [2024-03-27T00:17:06.221+0000] {dag.py:3047} INFO - Sync 1 DAGs
[2024-03-27T00:17:06.226+0000] {logging_mixin.py:188} INFO - [2024-03-27T00:17:06.226+0000] {dag.py:3834} INFO - Setting next_dagrun for example_python_decorator to None, run_after=None
[2024-03-27T00:17:06.234+0000] {processor.py:183} INFO - Processing /home/airflow/.local/lib/python3.8/site-packages/airflow/example_dags/example_python_decorator.py took 0.035 seconds
[2024-03-27T00:17:36.972+0000] {processor.py:161} INFO - Started process (PID=6755) to work on /home/airflow/.local/lib/python3.8/site-packages/airflow/example_dags/example_python_decorator.py
[2024-03-27T00:17:36.972+0000] {processor.py:830} INFO - Processing file /home/airflow/.local/lib/python3.8/site-packages/airflow/example_dags/example_python_decorator.py for tasks to queue
[2024-03-27T00:17:36.974+0000] {logging_mixin.py:188} INFO - [2024-03-27T00:17:36.974+0000] {dagbag.py:540} INFO - Filling up the DagBag from /home/airflow/.local/lib/python3.8/site-packages/airflow/example_dags/example_python_decorator.py
[2024-03-27T00:17:36.983+0000] {processor.py:840} INFO - DAG(s) 'example_python_decorator' retrieved from /home/airflow/.local/lib/python3.8/site-packages/airflow/example_dags/example_python_decorator.py
[2024-03-27T00:17:36.997+0000] {logging_mixin.py:188} INFO - [2024-03-27T00:17:36.997+0000] {dag.py:3047} INFO - Sync 1 DAGs
[2024-03-27T00:17:37.004+0000] {logging_mixin.py:188} INFO - [2024-03-27T00:17:37.004+0000] {dag.py:3834} INFO - Setting next_dagrun for example_python_decorator to None, run_after=None
[2024-03-27T00:17:37.016+0000] {processor.py:183} INFO - Processing /home/airflow/.local/lib/python3.8/site-packages/airflow/example_dags/example_python_decorator.py took 0.047 seconds
[2024-03-27T00:18:07.139+0000] {processor.py:161} INFO - Started process (PID=6810) to work on /home/airflow/.local/lib/python3.8/site-packages/airflow/example_dags/example_python_decorator.py
[2024-03-27T00:18:07.139+0000] {processor.py:830} INFO - Processing file /home/airflow/.local/lib/python3.8/site-packages/airflow/example_dags/example_python_decorator.py for tasks to queue
[2024-03-27T00:18:07.140+0000] {logging_mixin.py:188} INFO - [2024-03-27T00:18:07.140+0000] {dagbag.py:540} INFO - Filling up the DagBag from /home/airflow/.local/lib/python3.8/site-packages/airflow/example_dags/example_python_decorator.py
[2024-03-27T00:18:07.148+0000] {processor.py:840} INFO - DAG(s) 'example_python_decorator' retrieved from /home/airflow/.local/lib/python3.8/site-packages/airflow/example_dags/example_python_decorator.py
[2024-03-27T00:18:07.159+0000] {logging_mixin.py:188} INFO - [2024-03-27T00:18:07.159+0000] {dag.py:3047} INFO - Sync 1 DAGs
[2024-03-27T00:18:07.164+0000] {logging_mixin.py:188} INFO - [2024-03-27T00:18:07.164+0000] {dag.py:3834} INFO - Setting next_dagrun for example_python_decorator to None, run_after=None
[2024-03-27T00:18:07.173+0000] {processor.py:183} INFO - Processing /home/airflow/.local/lib/python3.8/site-packages/airflow/example_dags/example_python_decorator.py took 0.036 seconds
[2024-03-27T00:18:37.345+0000] {processor.py:161} INFO - Started process (PID=6865) to work on /home/airflow/.local/lib/python3.8/site-packages/airflow/example_dags/example_python_decorator.py
[2024-03-27T00:18:37.346+0000] {processor.py:830} INFO - Processing file /home/airflow/.local/lib/python3.8/site-packages/airflow/example_dags/example_python_decorator.py for tasks to queue
[2024-03-27T00:18:37.347+0000] {logging_mixin.py:188} INFO - [2024-03-27T00:18:37.347+0000] {dagbag.py:540} INFO - Filling up the DagBag from /home/airflow/.local/lib/python3.8/site-packages/airflow/example_dags/example_python_decorator.py
[2024-03-27T00:18:37.355+0000] {processor.py:840} INFO - DAG(s) 'example_python_decorator' retrieved from /home/airflow/.local/lib/python3.8/site-packages/airflow/example_dags/example_python_decorator.py
[2024-03-27T00:18:37.366+0000] {logging_mixin.py:188} INFO - [2024-03-27T00:18:37.366+0000] {dag.py:3047} INFO - Sync 1 DAGs
[2024-03-27T00:18:37.371+0000] {logging_mixin.py:188} INFO - [2024-03-27T00:18:37.371+0000] {dag.py:3834} INFO - Setting next_dagrun for example_python_decorator to None, run_after=None
[2024-03-27T00:18:37.379+0000] {processor.py:183} INFO - Processing /home/airflow/.local/lib/python3.8/site-packages/airflow/example_dags/example_python_decorator.py took 0.036 seconds
[2024-03-27T00:19:07.585+0000] {processor.py:161} INFO - Started process (PID=6920) to work on /home/airflow/.local/lib/python3.8/site-packages/airflow/example_dags/example_python_decorator.py
[2024-03-27T00:19:07.586+0000] {processor.py:830} INFO - Processing file /home/airflow/.local/lib/python3.8/site-packages/airflow/example_dags/example_python_decorator.py for tasks to queue
[2024-03-27T00:19:07.587+0000] {logging_mixin.py:188} INFO - [2024-03-27T00:19:07.587+0000] {dagbag.py:540} INFO - Filling up the DagBag from /home/airflow/.local/lib/python3.8/site-packages/airflow/example_dags/example_python_decorator.py
[2024-03-27T00:19:07.595+0000] {processor.py:840} INFO - DAG(s) 'example_python_decorator' retrieved from /home/airflow/.local/lib/python3.8/site-packages/airflow/example_dags/example_python_decorator.py
[2024-03-27T00:19:07.606+0000] {logging_mixin.py:188} INFO - [2024-03-27T00:19:07.606+0000] {dag.py:3047} INFO - Sync 1 DAGs
[2024-03-27T00:19:07.612+0000] {logging_mixin.py:188} INFO - [2024-03-27T00:19:07.612+0000] {dag.py:3834} INFO - Setting next_dagrun for example_python_decorator to None, run_after=None
[2024-03-27T00:19:07.620+0000] {processor.py:183} INFO - Processing /home/airflow/.local/lib/python3.8/site-packages/airflow/example_dags/example_python_decorator.py took 0.036 seconds
[2024-03-27T00:19:37.759+0000] {processor.py:161} INFO - Started process (PID=6975) to work on /home/airflow/.local/lib/python3.8/site-packages/airflow/example_dags/example_python_decorator.py
[2024-03-27T00:19:37.759+0000] {processor.py:830} INFO - Processing file /home/airflow/.local/lib/python3.8/site-packages/airflow/example_dags/example_python_decorator.py for tasks to queue
[2024-03-27T00:19:37.760+0000] {logging_mixin.py:188} INFO - [2024-03-27T00:19:37.760+0000] {dagbag.py:540} INFO - Filling up the DagBag from /home/airflow/.local/lib/python3.8/site-packages/airflow/example_dags/example_python_decorator.py
[2024-03-27T00:19:37.768+0000] {processor.py:840} INFO - DAG(s) 'example_python_decorator' retrieved from /home/airflow/.local/lib/python3.8/site-packages/airflow/example_dags/example_python_decorator.py
[2024-03-27T00:19:37.778+0000] {logging_mixin.py:188} INFO - [2024-03-27T00:19:37.778+0000] {dag.py:3047} INFO - Sync 1 DAGs
[2024-03-27T00:19:37.784+0000] {logging_mixin.py:188} INFO - [2024-03-27T00:19:37.784+0000] {dag.py:3834} INFO - Setting next_dagrun for example_python_decorator to None, run_after=None
[2024-03-27T00:19:37.792+0000] {processor.py:183} INFO - Processing /home/airflow/.local/lib/python3.8/site-packages/airflow/example_dags/example_python_decorator.py took 0.035 seconds
[2024-03-27T00:20:08.681+0000] {processor.py:161} INFO - Started process (PID=7030) to work on /home/airflow/.local/lib/python3.8/site-packages/airflow/example_dags/example_python_decorator.py
[2024-03-27T00:20:08.681+0000] {processor.py:830} INFO - Processing file /home/airflow/.local/lib/python3.8/site-packages/airflow/example_dags/example_python_decorator.py for tasks to queue
[2024-03-27T00:20:08.682+0000] {logging_mixin.py:188} INFO - [2024-03-27T00:20:08.682+0000] {dagbag.py:540} INFO - Filling up the DagBag from /home/airflow/.local/lib/python3.8/site-packages/airflow/example_dags/example_python_decorator.py
[2024-03-27T00:20:08.691+0000] {processor.py:840} INFO - DAG(s) 'example_python_decorator' retrieved from /home/airflow/.local/lib/python3.8/site-packages/airflow/example_dags/example_python_decorator.py
[2024-03-27T00:20:08.702+0000] {logging_mixin.py:188} INFO - [2024-03-27T00:20:08.702+0000] {dag.py:3047} INFO - Sync 1 DAGs
[2024-03-27T00:20:08.708+0000] {logging_mixin.py:188} INFO - [2024-03-27T00:20:08.708+0000] {dag.py:3834} INFO - Setting next_dagrun for example_python_decorator to None, run_after=None
[2024-03-27T00:20:08.717+0000] {processor.py:183} INFO - Processing /home/airflow/.local/lib/python3.8/site-packages/airflow/example_dags/example_python_decorator.py took 0.038 seconds
[2024-03-27T00:20:39.337+0000] {processor.py:161} INFO - Started process (PID=7085) to work on /home/airflow/.local/lib/python3.8/site-packages/airflow/example_dags/example_python_decorator.py
[2024-03-27T00:20:39.337+0000] {processor.py:830} INFO - Processing file /home/airflow/.local/lib/python3.8/site-packages/airflow/example_dags/example_python_decorator.py for tasks to queue
[2024-03-27T00:20:39.338+0000] {logging_mixin.py:188} INFO - [2024-03-27T00:20:39.338+0000] {dagbag.py:540} INFO - Filling up the DagBag from /home/airflow/.local/lib/python3.8/site-packages/airflow/example_dags/example_python_decorator.py
[2024-03-27T00:20:39.345+0000] {processor.py:840} INFO - DAG(s) 'example_python_decorator' retrieved from /home/airflow/.local/lib/python3.8/site-packages/airflow/example_dags/example_python_decorator.py
[2024-03-27T00:20:39.355+0000] {logging_mixin.py:188} INFO - [2024-03-27T00:20:39.355+0000] {dag.py:3047} INFO - Sync 1 DAGs
[2024-03-27T00:20:39.361+0000] {logging_mixin.py:188} INFO - [2024-03-27T00:20:39.361+0000] {dag.py:3834} INFO - Setting next_dagrun for example_python_decorator to None, run_after=None
[2024-03-27T00:20:39.370+0000] {processor.py:183} INFO - Processing /home/airflow/.local/lib/python3.8/site-packages/airflow/example_dags/example_python_decorator.py took 0.035 seconds
[2024-03-27T00:21:09.952+0000] {processor.py:161} INFO - Started process (PID=7140) to work on /home/airflow/.local/lib/python3.8/site-packages/airflow/example_dags/example_python_decorator.py
[2024-03-27T00:21:09.953+0000] {processor.py:830} INFO - Processing file /home/airflow/.local/lib/python3.8/site-packages/airflow/example_dags/example_python_decorator.py for tasks to queue
[2024-03-27T00:21:09.954+0000] {logging_mixin.py:188} INFO - [2024-03-27T00:21:09.954+0000] {dagbag.py:540} INFO - Filling up the DagBag from /home/airflow/.local/lib/python3.8/site-packages/airflow/example_dags/example_python_decorator.py
[2024-03-27T00:21:09.961+0000] {processor.py:840} INFO - DAG(s) 'example_python_decorator' retrieved from /home/airflow/.local/lib/python3.8/site-packages/airflow/example_dags/example_python_decorator.py
[2024-03-27T00:21:09.972+0000] {logging_mixin.py:188} INFO - [2024-03-27T00:21:09.972+0000] {dag.py:3047} INFO - Sync 1 DAGs
[2024-03-27T00:21:09.978+0000] {logging_mixin.py:188} INFO - [2024-03-27T00:21:09.978+0000] {dag.py:3834} INFO - Setting next_dagrun for example_python_decorator to None, run_after=None
[2024-03-27T00:21:09.987+0000] {processor.py:183} INFO - Processing /home/airflow/.local/lib/python3.8/site-packages/airflow/example_dags/example_python_decorator.py took 0.037 seconds
[2024-03-27T00:21:40.673+0000] {processor.py:161} INFO - Started process (PID=7195) to work on /home/airflow/.local/lib/python3.8/site-packages/airflow/example_dags/example_python_decorator.py
[2024-03-27T00:21:40.674+0000] {processor.py:830} INFO - Processing file /home/airflow/.local/lib/python3.8/site-packages/airflow/example_dags/example_python_decorator.py for tasks to queue
[2024-03-27T00:21:40.675+0000] {logging_mixin.py:188} INFO - [2024-03-27T00:21:40.675+0000] {dagbag.py:540} INFO - Filling up the DagBag from /home/airflow/.local/lib/python3.8/site-packages/airflow/example_dags/example_python_decorator.py
[2024-03-27T00:21:40.683+0000] {processor.py:840} INFO - DAG(s) 'example_python_decorator' retrieved from /home/airflow/.local/lib/python3.8/site-packages/airflow/example_dags/example_python_decorator.py
[2024-03-27T00:21:40.694+0000] {logging_mixin.py:188} INFO - [2024-03-27T00:21:40.693+0000] {dag.py:3047} INFO - Sync 1 DAGs
[2024-03-27T00:21:40.699+0000] {logging_mixin.py:188} INFO - [2024-03-27T00:21:40.699+0000] {dag.py:3834} INFO - Setting next_dagrun for example_python_decorator to None, run_after=None
[2024-03-27T00:21:40.708+0000] {processor.py:183} INFO - Processing /home/airflow/.local/lib/python3.8/site-packages/airflow/example_dags/example_python_decorator.py took 0.036 seconds
[2024-03-27T00:22:11.292+0000] {processor.py:161} INFO - Started process (PID=7250) to work on /home/airflow/.local/lib/python3.8/site-packages/airflow/example_dags/example_python_decorator.py
[2024-03-27T00:22:11.293+0000] {processor.py:830} INFO - Processing file /home/airflow/.local/lib/python3.8/site-packages/airflow/example_dags/example_python_decorator.py for tasks to queue
[2024-03-27T00:22:11.294+0000] {logging_mixin.py:188} INFO - [2024-03-27T00:22:11.294+0000] {dagbag.py:540} INFO - Filling up the DagBag from /home/airflow/.local/lib/python3.8/site-packages/airflow/example_dags/example_python_decorator.py
[2024-03-27T00:22:11.301+0000] {processor.py:840} INFO - DAG(s) 'example_python_decorator' retrieved from /home/airflow/.local/lib/python3.8/site-packages/airflow/example_dags/example_python_decorator.py
[2024-03-27T00:22:11.314+0000] {logging_mixin.py:188} INFO - [2024-03-27T00:22:11.314+0000] {dag.py:3047} INFO - Sync 1 DAGs
[2024-03-27T00:22:11.320+0000] {logging_mixin.py:188} INFO - [2024-03-27T00:22:11.320+0000] {dag.py:3834} INFO - Setting next_dagrun for example_python_decorator to None, run_after=None
[2024-03-27T00:22:11.328+0000] {processor.py:183} INFO - Processing /home/airflow/.local/lib/python3.8/site-packages/airflow/example_dags/example_python_decorator.py took 0.038 seconds
[2024-03-27T00:22:42.057+0000] {processor.py:161} INFO - Started process (PID=7305) to work on /home/airflow/.local/lib/python3.8/site-packages/airflow/example_dags/example_python_decorator.py
[2024-03-27T00:22:42.058+0000] {processor.py:830} INFO - Processing file /home/airflow/.local/lib/python3.8/site-packages/airflow/example_dags/example_python_decorator.py for tasks to queue
[2024-03-27T00:22:42.059+0000] {logging_mixin.py:188} INFO - [2024-03-27T00:22:42.058+0000] {dagbag.py:540} INFO - Filling up the DagBag from /home/airflow/.local/lib/python3.8/site-packages/airflow/example_dags/example_python_decorator.py
[2024-03-27T00:22:42.065+0000] {processor.py:840} INFO - DAG(s) 'example_python_decorator' retrieved from /home/airflow/.local/lib/python3.8/site-packages/airflow/example_dags/example_python_decorator.py
[2024-03-27T00:22:42.076+0000] {logging_mixin.py:188} INFO - [2024-03-27T00:22:42.076+0000] {dag.py:3047} INFO - Sync 1 DAGs
[2024-03-27T00:22:42.082+0000] {logging_mixin.py:188} INFO - [2024-03-27T00:22:42.082+0000] {dag.py:3834} INFO - Setting next_dagrun for example_python_decorator to None, run_after=None
[2024-03-27T00:22:42.091+0000] {processor.py:183} INFO - Processing /home/airflow/.local/lib/python3.8/site-packages/airflow/example_dags/example_python_decorator.py took 0.035 seconds
[2024-03-27T00:23:12.737+0000] {processor.py:161} INFO - Started process (PID=7360) to work on /home/airflow/.local/lib/python3.8/site-packages/airflow/example_dags/example_python_decorator.py
[2024-03-27T00:23:12.738+0000] {processor.py:830} INFO - Processing file /home/airflow/.local/lib/python3.8/site-packages/airflow/example_dags/example_python_decorator.py for tasks to queue
[2024-03-27T00:23:12.739+0000] {logging_mixin.py:188} INFO - [2024-03-27T00:23:12.739+0000] {dagbag.py:540} INFO - Filling up the DagBag from /home/airflow/.local/lib/python3.8/site-packages/airflow/example_dags/example_python_decorator.py
[2024-03-27T00:23:12.746+0000] {processor.py:840} INFO - DAG(s) 'example_python_decorator' retrieved from /home/airflow/.local/lib/python3.8/site-packages/airflow/example_dags/example_python_decorator.py
[2024-03-27T00:23:12.756+0000] {logging_mixin.py:188} INFO - [2024-03-27T00:23:12.756+0000] {dag.py:3047} INFO - Sync 1 DAGs
[2024-03-27T00:23:12.761+0000] {logging_mixin.py:188} INFO - [2024-03-27T00:23:12.761+0000] {dag.py:3834} INFO - Setting next_dagrun for example_python_decorator to None, run_after=None
[2024-03-27T00:23:12.769+0000] {processor.py:183} INFO - Processing /home/airflow/.local/lib/python3.8/site-packages/airflow/example_dags/example_python_decorator.py took 0.034 seconds
[2024-03-27T00:23:43.373+0000] {processor.py:161} INFO - Started process (PID=7415) to work on /home/airflow/.local/lib/python3.8/site-packages/airflow/example_dags/example_python_decorator.py
[2024-03-27T00:23:43.374+0000] {processor.py:830} INFO - Processing file /home/airflow/.local/lib/python3.8/site-packages/airflow/example_dags/example_python_decorator.py for tasks to queue
[2024-03-27T00:23:43.375+0000] {logging_mixin.py:188} INFO - [2024-03-27T00:23:43.375+0000] {dagbag.py:540} INFO - Filling up the DagBag from /home/airflow/.local/lib/python3.8/site-packages/airflow/example_dags/example_python_decorator.py
[2024-03-27T00:23:43.382+0000] {processor.py:840} INFO - DAG(s) 'example_python_decorator' retrieved from /home/airflow/.local/lib/python3.8/site-packages/airflow/example_dags/example_python_decorator.py
[2024-03-27T00:23:43.393+0000] {logging_mixin.py:188} INFO - [2024-03-27T00:23:43.393+0000] {dag.py:3047} INFO - Sync 1 DAGs
[2024-03-27T00:23:43.399+0000] {logging_mixin.py:188} INFO - [2024-03-27T00:23:43.399+0000] {dag.py:3834} INFO - Setting next_dagrun for example_python_decorator to None, run_after=None
[2024-03-27T00:23:43.407+0000] {processor.py:183} INFO - Processing /home/airflow/.local/lib/python3.8/site-packages/airflow/example_dags/example_python_decorator.py took 0.036 seconds
[2024-03-27T00:24:14.060+0000] {processor.py:161} INFO - Started process (PID=7470) to work on /home/airflow/.local/lib/python3.8/site-packages/airflow/example_dags/example_python_decorator.py
[2024-03-27T00:24:14.061+0000] {processor.py:830} INFO - Processing file /home/airflow/.local/lib/python3.8/site-packages/airflow/example_dags/example_python_decorator.py for tasks to queue
[2024-03-27T00:24:14.062+0000] {logging_mixin.py:188} INFO - [2024-03-27T00:24:14.062+0000] {dagbag.py:540} INFO - Filling up the DagBag from /home/airflow/.local/lib/python3.8/site-packages/airflow/example_dags/example_python_decorator.py
[2024-03-27T00:24:14.069+0000] {processor.py:840} INFO - DAG(s) 'example_python_decorator' retrieved from /home/airflow/.local/lib/python3.8/site-packages/airflow/example_dags/example_python_decorator.py
[2024-03-27T00:24:14.079+0000] {logging_mixin.py:188} INFO - [2024-03-27T00:24:14.079+0000] {dag.py:3047} INFO - Sync 1 DAGs
[2024-03-27T00:24:14.085+0000] {logging_mixin.py:188} INFO - [2024-03-27T00:24:14.085+0000] {dag.py:3834} INFO - Setting next_dagrun for example_python_decorator to None, run_after=None
[2024-03-27T00:24:14.093+0000] {processor.py:183} INFO - Processing /home/airflow/.local/lib/python3.8/site-packages/airflow/example_dags/example_python_decorator.py took 0.034 seconds
[2024-03-27T00:24:44.978+0000] {processor.py:161} INFO - Started process (PID=7525) to work on /home/airflow/.local/lib/python3.8/site-packages/airflow/example_dags/example_python_decorator.py
[2024-03-27T00:24:44.978+0000] {processor.py:830} INFO - Processing file /home/airflow/.local/lib/python3.8/site-packages/airflow/example_dags/example_python_decorator.py for tasks to queue
[2024-03-27T00:24:44.979+0000] {logging_mixin.py:188} INFO - [2024-03-27T00:24:44.979+0000] {dagbag.py:540} INFO - Filling up the DagBag from /home/airflow/.local/lib/python3.8/site-packages/airflow/example_dags/example_python_decorator.py
[2024-03-27T00:24:44.986+0000] {processor.py:840} INFO - DAG(s) 'example_python_decorator' retrieved from /home/airflow/.local/lib/python3.8/site-packages/airflow/example_dags/example_python_decorator.py
[2024-03-27T00:24:44.997+0000] {logging_mixin.py:188} INFO - [2024-03-27T00:24:44.997+0000] {dag.py:3047} INFO - Sync 1 DAGs
[2024-03-27T00:24:45.003+0000] {logging_mixin.py:188} INFO - [2024-03-27T00:24:45.003+0000] {dag.py:3834} INFO - Setting next_dagrun for example_python_decorator to None, run_after=None
[2024-03-27T00:24:45.012+0000] {processor.py:183} INFO - Processing /home/airflow/.local/lib/python3.8/site-packages/airflow/example_dags/example_python_decorator.py took 0.036 seconds
[2024-03-27T00:31:01.759+0000] {processor.py:161} INFO - Started process (PID=7580) to work on /home/airflow/.local/lib/python3.8/site-packages/airflow/example_dags/example_python_decorator.py
[2024-03-27T00:31:01.759+0000] {processor.py:830} INFO - Processing file /home/airflow/.local/lib/python3.8/site-packages/airflow/example_dags/example_python_decorator.py for tasks to queue
[2024-03-27T00:31:01.761+0000] {logging_mixin.py:188} INFO - [2024-03-27T00:31:01.760+0000] {dagbag.py:540} INFO - Filling up the DagBag from /home/airflow/.local/lib/python3.8/site-packages/airflow/example_dags/example_python_decorator.py
[2024-03-27T00:31:01.770+0000] {processor.py:840} INFO - DAG(s) 'example_python_decorator' retrieved from /home/airflow/.local/lib/python3.8/site-packages/airflow/example_dags/example_python_decorator.py
[2024-03-27T00:31:01.800+0000] {logging_mixin.py:188} INFO - [2024-03-27T00:31:01.800+0000] {dag.py:3047} INFO - Sync 1 DAGs
[2024-03-27T00:31:01.820+0000] {logging_mixin.py:188} INFO - [2024-03-27T00:31:01.820+0000] {dag.py:3834} INFO - Setting next_dagrun for example_python_decorator to None, run_after=None
[2024-03-27T00:31:01.849+0000] {processor.py:183} INFO - Processing /home/airflow/.local/lib/python3.8/site-packages/airflow/example_dags/example_python_decorator.py took 0.092 seconds
[2024-03-27T00:34:02.494+0000] {processor.py:161} INFO - Started process (PID=7635) to work on /home/airflow/.local/lib/python3.8/site-packages/airflow/example_dags/example_python_decorator.py
[2024-03-27T00:34:02.496+0000] {processor.py:830} INFO - Processing file /home/airflow/.local/lib/python3.8/site-packages/airflow/example_dags/example_python_decorator.py for tasks to queue
[2024-03-27T00:34:02.499+0000] {logging_mixin.py:188} INFO - [2024-03-27T00:34:02.498+0000] {dagbag.py:540} INFO - Filling up the DagBag from /home/airflow/.local/lib/python3.8/site-packages/airflow/example_dags/example_python_decorator.py
[2024-03-27T00:34:02.511+0000] {processor.py:840} INFO - DAG(s) 'example_python_decorator' retrieved from /home/airflow/.local/lib/python3.8/site-packages/airflow/example_dags/example_python_decorator.py
[2024-03-27T00:34:02.538+0000] {logging_mixin.py:188} INFO - [2024-03-27T00:34:02.538+0000] {dag.py:3047} INFO - Sync 1 DAGs
[2024-03-27T00:34:02.548+0000] {logging_mixin.py:188} INFO - [2024-03-27T00:34:02.548+0000] {dag.py:3834} INFO - Setting next_dagrun for example_python_decorator to None, run_after=None
[2024-03-27T00:34:02.566+0000] {processor.py:183} INFO - Processing /home/airflow/.local/lib/python3.8/site-packages/airflow/example_dags/example_python_decorator.py took 0.076 seconds
[2024-03-27T00:40:15.977+0000] {processor.py:161} INFO - Started process (PID=7690) to work on /home/airflow/.local/lib/python3.8/site-packages/airflow/example_dags/example_python_decorator.py
[2024-03-27T00:40:15.978+0000] {processor.py:830} INFO - Processing file /home/airflow/.local/lib/python3.8/site-packages/airflow/example_dags/example_python_decorator.py for tasks to queue
[2024-03-27T00:40:15.979+0000] {logging_mixin.py:188} INFO - [2024-03-27T00:40:15.979+0000] {dagbag.py:540} INFO - Filling up the DagBag from /home/airflow/.local/lib/python3.8/site-packages/airflow/example_dags/example_python_decorator.py
[2024-03-27T00:40:15.986+0000] {processor.py:840} INFO - DAG(s) 'example_python_decorator' retrieved from /home/airflow/.local/lib/python3.8/site-packages/airflow/example_dags/example_python_decorator.py
[2024-03-27T00:40:15.997+0000] {logging_mixin.py:188} INFO - [2024-03-27T00:40:15.997+0000] {dag.py:3047} INFO - Sync 1 DAGs
[2024-03-27T00:40:16.003+0000] {logging_mixin.py:188} INFO - [2024-03-27T00:40:16.003+0000] {dag.py:3834} INFO - Setting next_dagrun for example_python_decorator to None, run_after=None
[2024-03-27T00:40:16.013+0000] {processor.py:183} INFO - Processing /home/airflow/.local/lib/python3.8/site-packages/airflow/example_dags/example_python_decorator.py took 0.037 seconds
[2024-03-27T00:41:12.962+0000] {processor.py:161} INFO - Started process (PID=7745) to work on /home/airflow/.local/lib/python3.8/site-packages/airflow/example_dags/example_python_decorator.py
[2024-03-27T00:41:12.963+0000] {processor.py:830} INFO - Processing file /home/airflow/.local/lib/python3.8/site-packages/airflow/example_dags/example_python_decorator.py for tasks to queue
[2024-03-27T00:41:12.964+0000] {logging_mixin.py:188} INFO - [2024-03-27T00:41:12.964+0000] {dagbag.py:540} INFO - Filling up the DagBag from /home/airflow/.local/lib/python3.8/site-packages/airflow/example_dags/example_python_decorator.py
[2024-03-27T00:41:12.971+0000] {processor.py:840} INFO - DAG(s) 'example_python_decorator' retrieved from /home/airflow/.local/lib/python3.8/site-packages/airflow/example_dags/example_python_decorator.py
[2024-03-27T00:41:12.983+0000] {logging_mixin.py:188} INFO - [2024-03-27T00:41:12.983+0000] {dag.py:3047} INFO - Sync 1 DAGs
[2024-03-27T00:41:12.989+0000] {logging_mixin.py:188} INFO - [2024-03-27T00:41:12.989+0000] {dag.py:3834} INFO - Setting next_dagrun for example_python_decorator to None, run_after=None
[2024-03-27T00:41:12.998+0000] {processor.py:183} INFO - Processing /home/airflow/.local/lib/python3.8/site-packages/airflow/example_dags/example_python_decorator.py took 0.038 seconds
[2024-03-27T00:42:55.636+0000] {processor.py:161} INFO - Started process (PID=7800) to work on /home/airflow/.local/lib/python3.8/site-packages/airflow/example_dags/example_python_decorator.py
[2024-03-27T00:42:55.637+0000] {processor.py:830} INFO - Processing file /home/airflow/.local/lib/python3.8/site-packages/airflow/example_dags/example_python_decorator.py for tasks to queue
[2024-03-27T00:42:55.638+0000] {logging_mixin.py:188} INFO - [2024-03-27T00:42:55.638+0000] {dagbag.py:540} INFO - Filling up the DagBag from /home/airflow/.local/lib/python3.8/site-packages/airflow/example_dags/example_python_decorator.py
[2024-03-27T00:42:55.645+0000] {processor.py:840} INFO - DAG(s) 'example_python_decorator' retrieved from /home/airflow/.local/lib/python3.8/site-packages/airflow/example_dags/example_python_decorator.py
[2024-03-27T00:42:55.656+0000] {logging_mixin.py:188} INFO - [2024-03-27T00:42:55.656+0000] {dag.py:3047} INFO - Sync 1 DAGs
[2024-03-27T00:42:55.664+0000] {logging_mixin.py:188} INFO - [2024-03-27T00:42:55.664+0000] {dag.py:3834} INFO - Setting next_dagrun for example_python_decorator to None, run_after=None
[2024-03-27T00:42:55.673+0000] {processor.py:183} INFO - Processing /home/airflow/.local/lib/python3.8/site-packages/airflow/example_dags/example_python_decorator.py took 0.039 seconds
[2024-03-27T00:45:41.649+0000] {processor.py:161} INFO - Started process (PID=7855) to work on /home/airflow/.local/lib/python3.8/site-packages/airflow/example_dags/example_python_decorator.py
[2024-03-27T00:45:41.651+0000] {processor.py:830} INFO - Processing file /home/airflow/.local/lib/python3.8/site-packages/airflow/example_dags/example_python_decorator.py for tasks to queue
[2024-03-27T00:45:41.654+0000] {logging_mixin.py:188} INFO - [2024-03-27T00:45:41.653+0000] {dagbag.py:540} INFO - Filling up the DagBag from /home/airflow/.local/lib/python3.8/site-packages/airflow/example_dags/example_python_decorator.py
[2024-03-27T00:45:41.671+0000] {processor.py:840} INFO - DAG(s) 'example_python_decorator' retrieved from /home/airflow/.local/lib/python3.8/site-packages/airflow/example_dags/example_python_decorator.py
[2024-03-27T00:45:41.702+0000] {logging_mixin.py:188} INFO - [2024-03-27T00:45:41.702+0000] {dag.py:3047} INFO - Sync 1 DAGs
[2024-03-27T00:45:41.721+0000] {logging_mixin.py:188} INFO - [2024-03-27T00:45:41.721+0000] {dag.py:3834} INFO - Setting next_dagrun for example_python_decorator to None, run_after=None
[2024-03-27T00:45:41.753+0000] {processor.py:183} INFO - Processing /home/airflow/.local/lib/python3.8/site-packages/airflow/example_dags/example_python_decorator.py took 0.109 seconds
[2024-03-27T00:49:38.696+0000] {processor.py:161} INFO - Started process (PID=7910) to work on /home/airflow/.local/lib/python3.8/site-packages/airflow/example_dags/example_python_decorator.py
[2024-03-27T00:49:38.698+0000] {processor.py:830} INFO - Processing file /home/airflow/.local/lib/python3.8/site-packages/airflow/example_dags/example_python_decorator.py for tasks to queue
[2024-03-27T00:49:38.703+0000] {logging_mixin.py:188} INFO - [2024-03-27T00:49:38.703+0000] {dagbag.py:540} INFO - Filling up the DagBag from /home/airflow/.local/lib/python3.8/site-packages/airflow/example_dags/example_python_decorator.py
[2024-03-27T00:49:38.730+0000] {processor.py:840} INFO - DAG(s) 'example_python_decorator' retrieved from /home/airflow/.local/lib/python3.8/site-packages/airflow/example_dags/example_python_decorator.py
[2024-03-27T00:49:38.772+0000] {logging_mixin.py:188} INFO - [2024-03-27T00:49:38.771+0000] {dag.py:3047} INFO - Sync 1 DAGs
[2024-03-27T00:49:38.786+0000] {logging_mixin.py:188} INFO - [2024-03-27T00:49:38.785+0000] {dag.py:3834} INFO - Setting next_dagrun for example_python_decorator to None, run_after=None
[2024-03-27T00:49:38.815+0000] {processor.py:183} INFO - Processing /home/airflow/.local/lib/python3.8/site-packages/airflow/example_dags/example_python_decorator.py took 0.127 seconds
[2024-03-27T00:50:38.017+0000] {processor.py:161} INFO - Started process (PID=7965) to work on /home/airflow/.local/lib/python3.8/site-packages/airflow/example_dags/example_python_decorator.py
[2024-03-27T00:50:38.018+0000] {processor.py:830} INFO - Processing file /home/airflow/.local/lib/python3.8/site-packages/airflow/example_dags/example_python_decorator.py for tasks to queue
[2024-03-27T00:50:38.019+0000] {logging_mixin.py:188} INFO - [2024-03-27T00:50:38.019+0000] {dagbag.py:540} INFO - Filling up the DagBag from /home/airflow/.local/lib/python3.8/site-packages/airflow/example_dags/example_python_decorator.py
[2024-03-27T00:50:38.025+0000] {processor.py:840} INFO - DAG(s) 'example_python_decorator' retrieved from /home/airflow/.local/lib/python3.8/site-packages/airflow/example_dags/example_python_decorator.py
[2024-03-27T00:50:38.035+0000] {logging_mixin.py:188} INFO - [2024-03-27T00:50:38.035+0000] {dag.py:3047} INFO - Sync 1 DAGs
[2024-03-27T00:50:38.041+0000] {logging_mixin.py:188} INFO - [2024-03-27T00:50:38.041+0000] {dag.py:3834} INFO - Setting next_dagrun for example_python_decorator to None, run_after=None
[2024-03-27T00:50:38.048+0000] {processor.py:183} INFO - Processing /home/airflow/.local/lib/python3.8/site-packages/airflow/example_dags/example_python_decorator.py took 0.033 seconds
[2024-03-27T00:51:23.051+0000] {processor.py:161} INFO - Started process (PID=8020) to work on /home/airflow/.local/lib/python3.8/site-packages/airflow/example_dags/example_python_decorator.py
[2024-03-27T00:51:23.052+0000] {processor.py:830} INFO - Processing file /home/airflow/.local/lib/python3.8/site-packages/airflow/example_dags/example_python_decorator.py for tasks to queue
[2024-03-27T00:51:23.053+0000] {logging_mixin.py:188} INFO - [2024-03-27T00:51:23.053+0000] {dagbag.py:540} INFO - Filling up the DagBag from /home/airflow/.local/lib/python3.8/site-packages/airflow/example_dags/example_python_decorator.py
[2024-03-27T00:51:23.059+0000] {processor.py:840} INFO - DAG(s) 'example_python_decorator' retrieved from /home/airflow/.local/lib/python3.8/site-packages/airflow/example_dags/example_python_decorator.py
[2024-03-27T00:51:23.071+0000] {logging_mixin.py:188} INFO - [2024-03-27T00:51:23.071+0000] {dag.py:3047} INFO - Sync 1 DAGs
[2024-03-27T00:51:23.077+0000] {logging_mixin.py:188} INFO - [2024-03-27T00:51:23.077+0000] {dag.py:3834} INFO - Setting next_dagrun for example_python_decorator to None, run_after=None
[2024-03-27T00:51:23.086+0000] {processor.py:183} INFO - Processing /home/airflow/.local/lib/python3.8/site-packages/airflow/example_dags/example_python_decorator.py took 0.037 seconds
[2024-03-27T00:53:00.114+0000] {processor.py:161} INFO - Started process (PID=8075) to work on /home/airflow/.local/lib/python3.8/site-packages/airflow/example_dags/example_python_decorator.py
[2024-03-27T00:53:00.114+0000] {processor.py:830} INFO - Processing file /home/airflow/.local/lib/python3.8/site-packages/airflow/example_dags/example_python_decorator.py for tasks to queue
[2024-03-27T00:53:00.115+0000] {logging_mixin.py:188} INFO - [2024-03-27T00:53:00.115+0000] {dagbag.py:540} INFO - Filling up the DagBag from /home/airflow/.local/lib/python3.8/site-packages/airflow/example_dags/example_python_decorator.py
[2024-03-27T00:53:00.122+0000] {processor.py:840} INFO - DAG(s) 'example_python_decorator' retrieved from /home/airflow/.local/lib/python3.8/site-packages/airflow/example_dags/example_python_decorator.py
[2024-03-27T00:53:00.134+0000] {logging_mixin.py:188} INFO - [2024-03-27T00:53:00.133+0000] {dag.py:3047} INFO - Sync 1 DAGs
[2024-03-27T00:53:00.140+0000] {logging_mixin.py:188} INFO - [2024-03-27T00:53:00.140+0000] {dag.py:3834} INFO - Setting next_dagrun for example_python_decorator to None, run_after=None
[2024-03-27T00:53:00.149+0000] {processor.py:183} INFO - Processing /home/airflow/.local/lib/python3.8/site-packages/airflow/example_dags/example_python_decorator.py took 0.037 seconds
[2024-03-27T00:53:59.755+0000] {processor.py:161} INFO - Started process (PID=8130) to work on /home/airflow/.local/lib/python3.8/site-packages/airflow/example_dags/example_python_decorator.py
[2024-03-27T00:53:59.755+0000] {processor.py:830} INFO - Processing file /home/airflow/.local/lib/python3.8/site-packages/airflow/example_dags/example_python_decorator.py for tasks to queue
[2024-03-27T00:53:59.756+0000] {logging_mixin.py:188} INFO - [2024-03-27T00:53:59.756+0000] {dagbag.py:540} INFO - Filling up the DagBag from /home/airflow/.local/lib/python3.8/site-packages/airflow/example_dags/example_python_decorator.py
[2024-03-27T00:53:59.763+0000] {processor.py:840} INFO - DAG(s) 'example_python_decorator' retrieved from /home/airflow/.local/lib/python3.8/site-packages/airflow/example_dags/example_python_decorator.py
[2024-03-27T00:53:59.774+0000] {logging_mixin.py:188} INFO - [2024-03-27T00:53:59.774+0000] {dag.py:3047} INFO - Sync 1 DAGs
[2024-03-27T00:53:59.780+0000] {logging_mixin.py:188} INFO - [2024-03-27T00:53:59.780+0000] {dag.py:3834} INFO - Setting next_dagrun for example_python_decorator to None, run_after=None
[2024-03-27T00:53:59.789+0000] {processor.py:183} INFO - Processing /home/airflow/.local/lib/python3.8/site-packages/airflow/example_dags/example_python_decorator.py took 0.036 seconds
[2024-03-27T00:54:43.325+0000] {processor.py:161} INFO - Started process (PID=8185) to work on /home/airflow/.local/lib/python3.8/site-packages/airflow/example_dags/example_python_decorator.py
[2024-03-27T00:54:43.325+0000] {processor.py:830} INFO - Processing file /home/airflow/.local/lib/python3.8/site-packages/airflow/example_dags/example_python_decorator.py for tasks to queue
[2024-03-27T00:54:43.326+0000] {logging_mixin.py:188} INFO - [2024-03-27T00:54:43.326+0000] {dagbag.py:540} INFO - Filling up the DagBag from /home/airflow/.local/lib/python3.8/site-packages/airflow/example_dags/example_python_decorator.py
[2024-03-27T00:54:43.334+0000] {processor.py:840} INFO - DAG(s) 'example_python_decorator' retrieved from /home/airflow/.local/lib/python3.8/site-packages/airflow/example_dags/example_python_decorator.py
[2024-03-27T00:54:43.345+0000] {logging_mixin.py:188} INFO - [2024-03-27T00:54:43.345+0000] {dag.py:3047} INFO - Sync 1 DAGs
[2024-03-27T00:54:43.351+0000] {logging_mixin.py:188} INFO - [2024-03-27T00:54:43.351+0000] {dag.py:3834} INFO - Setting next_dagrun for example_python_decorator to None, run_after=None
[2024-03-27T00:54:43.360+0000] {processor.py:183} INFO - Processing /home/airflow/.local/lib/python3.8/site-packages/airflow/example_dags/example_python_decorator.py took 0.037 seconds
[2024-03-27T00:55:16.237+0000] {processor.py:161} INFO - Started process (PID=8240) to work on /home/airflow/.local/lib/python3.8/site-packages/airflow/example_dags/example_python_decorator.py
[2024-03-27T00:55:16.237+0000] {processor.py:830} INFO - Processing file /home/airflow/.local/lib/python3.8/site-packages/airflow/example_dags/example_python_decorator.py for tasks to queue
[2024-03-27T00:55:16.238+0000] {logging_mixin.py:188} INFO - [2024-03-27T00:55:16.238+0000] {dagbag.py:540} INFO - Filling up the DagBag from /home/airflow/.local/lib/python3.8/site-packages/airflow/example_dags/example_python_decorator.py
[2024-03-27T00:55:16.244+0000] {processor.py:840} INFO - DAG(s) 'example_python_decorator' retrieved from /home/airflow/.local/lib/python3.8/site-packages/airflow/example_dags/example_python_decorator.py
[2024-03-27T00:55:16.256+0000] {logging_mixin.py:188} INFO - [2024-03-27T00:55:16.256+0000] {dag.py:3047} INFO - Sync 1 DAGs
[2024-03-27T00:55:16.263+0000] {logging_mixin.py:188} INFO - [2024-03-27T00:55:16.262+0000] {dag.py:3834} INFO - Setting next_dagrun for example_python_decorator to None, run_after=None
[2024-03-27T00:55:16.271+0000] {processor.py:183} INFO - Processing /home/airflow/.local/lib/python3.8/site-packages/airflow/example_dags/example_python_decorator.py took 0.037 seconds
[2024-03-27T00:55:58.416+0000] {processor.py:161} INFO - Started process (PID=8294) to work on /home/airflow/.local/lib/python3.8/site-packages/airflow/example_dags/example_python_decorator.py
[2024-03-27T00:55:58.417+0000] {processor.py:830} INFO - Processing file /home/airflow/.local/lib/python3.8/site-packages/airflow/example_dags/example_python_decorator.py for tasks to queue
[2024-03-27T00:55:58.418+0000] {logging_mixin.py:188} INFO - [2024-03-27T00:55:58.418+0000] {dagbag.py:540} INFO - Filling up the DagBag from /home/airflow/.local/lib/python3.8/site-packages/airflow/example_dags/example_python_decorator.py
[2024-03-27T00:55:58.425+0000] {processor.py:840} INFO - DAG(s) 'example_python_decorator' retrieved from /home/airflow/.local/lib/python3.8/site-packages/airflow/example_dags/example_python_decorator.py
[2024-03-27T00:55:58.436+0000] {logging_mixin.py:188} INFO - [2024-03-27T00:55:58.436+0000] {dag.py:3047} INFO - Sync 1 DAGs
[2024-03-27T00:55:58.443+0000] {logging_mixin.py:188} INFO - [2024-03-27T00:55:58.442+0000] {dag.py:3834} INFO - Setting next_dagrun for example_python_decorator to None, run_after=None
[2024-03-27T00:55:58.451+0000] {processor.py:183} INFO - Processing /home/airflow/.local/lib/python3.8/site-packages/airflow/example_dags/example_python_decorator.py took 0.037 seconds
[2024-03-27T00:58:44.337+0000] {processor.py:161} INFO - Started process (PID=8349) to work on /home/airflow/.local/lib/python3.8/site-packages/airflow/example_dags/example_python_decorator.py
[2024-03-27T00:58:44.338+0000] {processor.py:830} INFO - Processing file /home/airflow/.local/lib/python3.8/site-packages/airflow/example_dags/example_python_decorator.py for tasks to queue
[2024-03-27T00:58:44.339+0000] {logging_mixin.py:188} INFO - [2024-03-27T00:58:44.339+0000] {dagbag.py:540} INFO - Filling up the DagBag from /home/airflow/.local/lib/python3.8/site-packages/airflow/example_dags/example_python_decorator.py
[2024-03-27T00:58:44.346+0000] {processor.py:840} INFO - DAG(s) 'example_python_decorator' retrieved from /home/airflow/.local/lib/python3.8/site-packages/airflow/example_dags/example_python_decorator.py
[2024-03-27T00:58:44.357+0000] {logging_mixin.py:188} INFO - [2024-03-27T00:58:44.357+0000] {dag.py:3047} INFO - Sync 1 DAGs
[2024-03-27T00:58:44.363+0000] {logging_mixin.py:188} INFO - [2024-03-27T00:58:44.363+0000] {dag.py:3834} INFO - Setting next_dagrun for example_python_decorator to None, run_after=None
[2024-03-27T00:58:44.392+0000] {processor.py:183} INFO - Processing /home/airflow/.local/lib/python3.8/site-packages/airflow/example_dags/example_python_decorator.py took 0.057 seconds
[2024-03-27T01:01:13.896+0000] {processor.py:161} INFO - Started process (PID=8404) to work on /home/airflow/.local/lib/python3.8/site-packages/airflow/example_dags/example_python_decorator.py
[2024-03-27T01:01:13.896+0000] {processor.py:830} INFO - Processing file /home/airflow/.local/lib/python3.8/site-packages/airflow/example_dags/example_python_decorator.py for tasks to queue
[2024-03-27T01:01:13.897+0000] {logging_mixin.py:188} INFO - [2024-03-27T01:01:13.897+0000] {dagbag.py:540} INFO - Filling up the DagBag from /home/airflow/.local/lib/python3.8/site-packages/airflow/example_dags/example_python_decorator.py
[2024-03-27T01:01:13.904+0000] {processor.py:840} INFO - DAG(s) 'example_python_decorator' retrieved from /home/airflow/.local/lib/python3.8/site-packages/airflow/example_dags/example_python_decorator.py
[2024-03-27T01:01:13.915+0000] {logging_mixin.py:188} INFO - [2024-03-27T01:01:13.915+0000] {dag.py:3047} INFO - Sync 1 DAGs
[2024-03-27T01:01:13.922+0000] {logging_mixin.py:188} INFO - [2024-03-27T01:01:13.922+0000] {dag.py:3834} INFO - Setting next_dagrun for example_python_decorator to None, run_after=None
[2024-03-27T01:01:13.931+0000] {processor.py:183} INFO - Processing /home/airflow/.local/lib/python3.8/site-packages/airflow/example_dags/example_python_decorator.py took 0.037 seconds
[2024-03-27T01:04:43.342+0000] {processor.py:161} INFO - Started process (PID=8459) to work on /home/airflow/.local/lib/python3.8/site-packages/airflow/example_dags/example_python_decorator.py
[2024-03-27T01:04:43.343+0000] {processor.py:830} INFO - Processing file /home/airflow/.local/lib/python3.8/site-packages/airflow/example_dags/example_python_decorator.py for tasks to queue
[2024-03-27T01:04:43.344+0000] {logging_mixin.py:188} INFO - [2024-03-27T01:04:43.344+0000] {dagbag.py:540} INFO - Filling up the DagBag from /home/airflow/.local/lib/python3.8/site-packages/airflow/example_dags/example_python_decorator.py
[2024-03-27T01:04:43.350+0000] {processor.py:840} INFO - DAG(s) 'example_python_decorator' retrieved from /home/airflow/.local/lib/python3.8/site-packages/airflow/example_dags/example_python_decorator.py
[2024-03-27T01:04:43.362+0000] {logging_mixin.py:188} INFO - [2024-03-27T01:04:43.362+0000] {dag.py:3047} INFO - Sync 1 DAGs
[2024-03-27T01:04:43.368+0000] {logging_mixin.py:188} INFO - [2024-03-27T01:04:43.368+0000] {dag.py:3834} INFO - Setting next_dagrun for example_python_decorator to None, run_after=None
[2024-03-27T01:04:43.377+0000] {processor.py:183} INFO - Processing /home/airflow/.local/lib/python3.8/site-packages/airflow/example_dags/example_python_decorator.py took 0.037 seconds
[2024-03-27T01:08:48.596+0000] {processor.py:161} INFO - Started process (PID=8514) to work on /home/airflow/.local/lib/python3.8/site-packages/airflow/example_dags/example_python_decorator.py
[2024-03-27T01:08:48.596+0000] {processor.py:830} INFO - Processing file /home/airflow/.local/lib/python3.8/site-packages/airflow/example_dags/example_python_decorator.py for tasks to queue
[2024-03-27T01:08:48.597+0000] {logging_mixin.py:188} INFO - [2024-03-27T01:08:48.597+0000] {dagbag.py:540} INFO - Filling up the DagBag from /home/airflow/.local/lib/python3.8/site-packages/airflow/example_dags/example_python_decorator.py
[2024-03-27T01:08:48.604+0000] {processor.py:840} INFO - DAG(s) 'example_python_decorator' retrieved from /home/airflow/.local/lib/python3.8/site-packages/airflow/example_dags/example_python_decorator.py
[2024-03-27T01:08:48.616+0000] {logging_mixin.py:188} INFO - [2024-03-27T01:08:48.615+0000] {dag.py:3047} INFO - Sync 1 DAGs
[2024-03-27T01:08:48.622+0000] {logging_mixin.py:188} INFO - [2024-03-27T01:08:48.622+0000] {dag.py:3834} INFO - Setting next_dagrun for example_python_decorator to None, run_after=None
[2024-03-27T01:08:48.631+0000] {processor.py:183} INFO - Processing /home/airflow/.local/lib/python3.8/site-packages/airflow/example_dags/example_python_decorator.py took 0.037 seconds
[2024-03-27T01:13:47.119+0000] {processor.py:161} INFO - Started process (PID=8569) to work on /home/airflow/.local/lib/python3.8/site-packages/airflow/example_dags/example_python_decorator.py
[2024-03-27T01:13:47.121+0000] {processor.py:830} INFO - Processing file /home/airflow/.local/lib/python3.8/site-packages/airflow/example_dags/example_python_decorator.py for tasks to queue
[2024-03-27T01:13:47.124+0000] {logging_mixin.py:188} INFO - [2024-03-27T01:13:47.123+0000] {dagbag.py:540} INFO - Filling up the DagBag from /home/airflow/.local/lib/python3.8/site-packages/airflow/example_dags/example_python_decorator.py
[2024-03-27T01:13:47.141+0000] {processor.py:840} INFO - DAG(s) 'example_python_decorator' retrieved from /home/airflow/.local/lib/python3.8/site-packages/airflow/example_dags/example_python_decorator.py
[2024-03-27T01:13:47.173+0000] {logging_mixin.py:188} INFO - [2024-03-27T01:13:47.172+0000] {dag.py:3047} INFO - Sync 1 DAGs
[2024-03-27T01:13:47.190+0000] {logging_mixin.py:188} INFO - [2024-03-27T01:13:47.190+0000] {dag.py:3834} INFO - Setting next_dagrun for example_python_decorator to None, run_after=None
[2024-03-27T01:13:47.223+0000] {processor.py:183} INFO - Processing /home/airflow/.local/lib/python3.8/site-packages/airflow/example_dags/example_python_decorator.py took 0.109 seconds
[2024-03-27T01:47:16.026+0000] {processor.py:161} INFO - Started process (PID=8624) to work on /home/airflow/.local/lib/python3.8/site-packages/airflow/example_dags/example_python_decorator.py
[2024-03-27T01:47:16.030+0000] {processor.py:830} INFO - Processing file /home/airflow/.local/lib/python3.8/site-packages/airflow/example_dags/example_python_decorator.py for tasks to queue
[2024-03-27T01:47:16.035+0000] {logging_mixin.py:188} INFO - [2024-03-27T01:47:16.034+0000] {dagbag.py:540} INFO - Filling up the DagBag from /home/airflow/.local/lib/python3.8/site-packages/airflow/example_dags/example_python_decorator.py
[2024-03-27T01:47:16.052+0000] {processor.py:840} INFO - DAG(s) 'example_python_decorator' retrieved from /home/airflow/.local/lib/python3.8/site-packages/airflow/example_dags/example_python_decorator.py
[2024-03-27T01:47:16.088+0000] {logging_mixin.py:188} INFO - [2024-03-27T01:47:16.088+0000] {dag.py:3047} INFO - Sync 1 DAGs
[2024-03-27T01:47:16.106+0000] {logging_mixin.py:188} INFO - [2024-03-27T01:47:16.106+0000] {dag.py:3834} INFO - Setting next_dagrun for example_python_decorator to None, run_after=None
[2024-03-27T01:47:16.148+0000] {processor.py:183} INFO - Processing /home/airflow/.local/lib/python3.8/site-packages/airflow/example_dags/example_python_decorator.py took 0.132 seconds
[2024-03-27T02:30:29.328+0000] {processor.py:161} INFO - Started process (PID=8679) to work on /home/airflow/.local/lib/python3.8/site-packages/airflow/example_dags/example_python_decorator.py
[2024-03-27T02:30:29.330+0000] {processor.py:830} INFO - Processing file /home/airflow/.local/lib/python3.8/site-packages/airflow/example_dags/example_python_decorator.py for tasks to queue
[2024-03-27T02:30:29.333+0000] {logging_mixin.py:188} INFO - [2024-03-27T02:30:29.332+0000] {dagbag.py:540} INFO - Filling up the DagBag from /home/airflow/.local/lib/python3.8/site-packages/airflow/example_dags/example_python_decorator.py
[2024-03-27T02:30:29.346+0000] {processor.py:840} INFO - DAG(s) 'example_python_decorator' retrieved from /home/airflow/.local/lib/python3.8/site-packages/airflow/example_dags/example_python_decorator.py
[2024-03-27T02:30:29.377+0000] {logging_mixin.py:188} INFO - [2024-03-27T02:30:29.377+0000] {dag.py:3047} INFO - Sync 1 DAGs
[2024-03-27T02:30:29.384+0000] {logging_mixin.py:188} INFO - [2024-03-27T02:30:29.383+0000] {dag.py:3834} INFO - Setting next_dagrun for example_python_decorator to None, run_after=None
[2024-03-27T02:30:29.394+0000] {processor.py:183} INFO - Processing /home/airflow/.local/lib/python3.8/site-packages/airflow/example_dags/example_python_decorator.py took 0.070 seconds
[2024-03-27T02:31:20.236+0000] {processor.py:161} INFO - Started process (PID=8734) to work on /home/airflow/.local/lib/python3.8/site-packages/airflow/example_dags/example_python_decorator.py
[2024-03-27T02:31:20.236+0000] {processor.py:830} INFO - Processing file /home/airflow/.local/lib/python3.8/site-packages/airflow/example_dags/example_python_decorator.py for tasks to queue
[2024-03-27T02:31:20.237+0000] {logging_mixin.py:188} INFO - [2024-03-27T02:31:20.237+0000] {dagbag.py:540} INFO - Filling up the DagBag from /home/airflow/.local/lib/python3.8/site-packages/airflow/example_dags/example_python_decorator.py
[2024-03-27T02:31:20.244+0000] {processor.py:840} INFO - DAG(s) 'example_python_decorator' retrieved from /home/airflow/.local/lib/python3.8/site-packages/airflow/example_dags/example_python_decorator.py
[2024-03-27T02:31:20.256+0000] {logging_mixin.py:188} INFO - [2024-03-27T02:31:20.255+0000] {dag.py:3047} INFO - Sync 1 DAGs
[2024-03-27T02:31:20.262+0000] {logging_mixin.py:188} INFO - [2024-03-27T02:31:20.262+0000] {dag.py:3834} INFO - Setting next_dagrun for example_python_decorator to None, run_after=None
[2024-03-27T02:31:20.270+0000] {processor.py:183} INFO - Processing /home/airflow/.local/lib/python3.8/site-packages/airflow/example_dags/example_python_decorator.py took 0.036 seconds
[2024-03-27T02:33:49.064+0000] {processor.py:161} INFO - Started process (PID=8789) to work on /home/airflow/.local/lib/python3.8/site-packages/airflow/example_dags/example_python_decorator.py
[2024-03-27T02:33:49.066+0000] {processor.py:830} INFO - Processing file /home/airflow/.local/lib/python3.8/site-packages/airflow/example_dags/example_python_decorator.py for tasks to queue
[2024-03-27T02:33:49.070+0000] {logging_mixin.py:188} INFO - [2024-03-27T02:33:49.069+0000] {dagbag.py:540} INFO - Filling up the DagBag from /home/airflow/.local/lib/python3.8/site-packages/airflow/example_dags/example_python_decorator.py
[2024-03-27T02:33:49.086+0000] {processor.py:840} INFO - DAG(s) 'example_python_decorator' retrieved from /home/airflow/.local/lib/python3.8/site-packages/airflow/example_dags/example_python_decorator.py
[2024-03-27T02:33:49.119+0000] {logging_mixin.py:188} INFO - [2024-03-27T02:33:49.119+0000] {dag.py:3047} INFO - Sync 1 DAGs
[2024-03-27T02:33:49.137+0000] {logging_mixin.py:188} INFO - [2024-03-27T02:33:49.136+0000] {dag.py:3834} INFO - Setting next_dagrun for example_python_decorator to None, run_after=None
[2024-03-27T02:33:49.162+0000] {processor.py:183} INFO - Processing /home/airflow/.local/lib/python3.8/site-packages/airflow/example_dags/example_python_decorator.py took 0.107 seconds
[2024-03-27T02:49:01.119+0000] {processor.py:161} INFO - Started process (PID=8844) to work on /home/airflow/.local/lib/python3.8/site-packages/airflow/example_dags/example_python_decorator.py
[2024-03-27T02:49:01.119+0000] {processor.py:830} INFO - Processing file /home/airflow/.local/lib/python3.8/site-packages/airflow/example_dags/example_python_decorator.py for tasks to queue
[2024-03-27T02:49:01.120+0000] {logging_mixin.py:188} INFO - [2024-03-27T02:49:01.120+0000] {dagbag.py:540} INFO - Filling up the DagBag from /home/airflow/.local/lib/python3.8/site-packages/airflow/example_dags/example_python_decorator.py
[2024-03-27T02:49:01.129+0000] {processor.py:840} INFO - DAG(s) 'example_python_decorator' retrieved from /home/airflow/.local/lib/python3.8/site-packages/airflow/example_dags/example_python_decorator.py
[2024-03-27T02:49:01.141+0000] {logging_mixin.py:188} INFO - [2024-03-27T02:49:01.141+0000] {dag.py:3047} INFO - Sync 1 DAGs
[2024-03-27T02:49:01.147+0000] {logging_mixin.py:188} INFO - [2024-03-27T02:49:01.146+0000] {dag.py:3834} INFO - Setting next_dagrun for example_python_decorator to None, run_after=None
[2024-03-27T02:49:01.155+0000] {processor.py:183} INFO - Processing /home/airflow/.local/lib/python3.8/site-packages/airflow/example_dags/example_python_decorator.py took 0.039 seconds
[2024-03-27T02:49:31.970+0000] {processor.py:161} INFO - Started process (PID=8899) to work on /home/airflow/.local/lib/python3.8/site-packages/airflow/example_dags/example_python_decorator.py
[2024-03-27T02:49:31.971+0000] {processor.py:830} INFO - Processing file /home/airflow/.local/lib/python3.8/site-packages/airflow/example_dags/example_python_decorator.py for tasks to queue
[2024-03-27T02:49:31.972+0000] {logging_mixin.py:188} INFO - [2024-03-27T02:49:31.972+0000] {dagbag.py:540} INFO - Filling up the DagBag from /home/airflow/.local/lib/python3.8/site-packages/airflow/example_dags/example_python_decorator.py
[2024-03-27T02:49:31.980+0000] {processor.py:840} INFO - DAG(s) 'example_python_decorator' retrieved from /home/airflow/.local/lib/python3.8/site-packages/airflow/example_dags/example_python_decorator.py
[2024-03-27T02:49:31.992+0000] {logging_mixin.py:188} INFO - [2024-03-27T02:49:31.991+0000] {dag.py:3047} INFO - Sync 1 DAGs
[2024-03-27T02:49:31.997+0000] {logging_mixin.py:188} INFO - [2024-03-27T02:49:31.997+0000] {dag.py:3834} INFO - Setting next_dagrun for example_python_decorator to None, run_after=None
[2024-03-27T02:49:32.006+0000] {processor.py:183} INFO - Processing /home/airflow/.local/lib/python3.8/site-packages/airflow/example_dags/example_python_decorator.py took 0.037 seconds
[2024-03-27T02:50:02.752+0000] {processor.py:161} INFO - Started process (PID=8954) to work on /home/airflow/.local/lib/python3.8/site-packages/airflow/example_dags/example_python_decorator.py
[2024-03-27T02:50:02.753+0000] {processor.py:830} INFO - Processing file /home/airflow/.local/lib/python3.8/site-packages/airflow/example_dags/example_python_decorator.py for tasks to queue
[2024-03-27T02:50:02.754+0000] {logging_mixin.py:188} INFO - [2024-03-27T02:50:02.754+0000] {dagbag.py:540} INFO - Filling up the DagBag from /home/airflow/.local/lib/python3.8/site-packages/airflow/example_dags/example_python_decorator.py
[2024-03-27T02:50:02.761+0000] {processor.py:840} INFO - DAG(s) 'example_python_decorator' retrieved from /home/airflow/.local/lib/python3.8/site-packages/airflow/example_dags/example_python_decorator.py
[2024-03-27T02:50:02.773+0000] {logging_mixin.py:188} INFO - [2024-03-27T02:50:02.773+0000] {dag.py:3047} INFO - Sync 1 DAGs
[2024-03-27T02:50:02.779+0000] {logging_mixin.py:188} INFO - [2024-03-27T02:50:02.779+0000] {dag.py:3834} INFO - Setting next_dagrun for example_python_decorator to None, run_after=None
[2024-03-27T02:50:02.787+0000] {processor.py:183} INFO - Processing /home/airflow/.local/lib/python3.8/site-packages/airflow/example_dags/example_python_decorator.py took 0.037 seconds
[2024-03-27T02:50:33.623+0000] {processor.py:161} INFO - Started process (PID=9009) to work on /home/airflow/.local/lib/python3.8/site-packages/airflow/example_dags/example_python_decorator.py
[2024-03-27T02:50:33.624+0000] {processor.py:830} INFO - Processing file /home/airflow/.local/lib/python3.8/site-packages/airflow/example_dags/example_python_decorator.py for tasks to queue
[2024-03-27T02:50:33.625+0000] {logging_mixin.py:188} INFO - [2024-03-27T02:50:33.625+0000] {dagbag.py:540} INFO - Filling up the DagBag from /home/airflow/.local/lib/python3.8/site-packages/airflow/example_dags/example_python_decorator.py
[2024-03-27T02:50:33.632+0000] {processor.py:840} INFO - DAG(s) 'example_python_decorator' retrieved from /home/airflow/.local/lib/python3.8/site-packages/airflow/example_dags/example_python_decorator.py
[2024-03-27T02:50:33.643+0000] {logging_mixin.py:188} INFO - [2024-03-27T02:50:33.642+0000] {dag.py:3047} INFO - Sync 1 DAGs
[2024-03-27T02:50:33.648+0000] {logging_mixin.py:188} INFO - [2024-03-27T02:50:33.648+0000] {dag.py:3834} INFO - Setting next_dagrun for example_python_decorator to None, run_after=None
[2024-03-27T02:50:33.657+0000] {processor.py:183} INFO - Processing /home/airflow/.local/lib/python3.8/site-packages/airflow/example_dags/example_python_decorator.py took 0.035 seconds
[2024-03-27T18:16:31.013+0000] {processor.py:161} INFO - Started process (PID=43) to work on /home/airflow/.local/lib/python3.8/site-packages/airflow/example_dags/example_python_decorator.py
[2024-03-27T18:16:31.022+0000] {processor.py:830} INFO - Processing file /home/airflow/.local/lib/python3.8/site-packages/airflow/example_dags/example_python_decorator.py for tasks to queue
[2024-03-27T18:16:31.029+0000] {logging_mixin.py:188} INFO - [2024-03-27T18:16:31.027+0000] {dagbag.py:540} INFO - Filling up the DagBag from /home/airflow/.local/lib/python3.8/site-packages/airflow/example_dags/example_python_decorator.py
[2024-03-27T18:16:31.064+0000] {processor.py:840} INFO - DAG(s) 'example_python_decorator' retrieved from /home/airflow/.local/lib/python3.8/site-packages/airflow/example_dags/example_python_decorator.py
[2024-03-27T18:16:31.469+0000] {logging_mixin.py:188} INFO - [2024-03-27T18:16:31.469+0000] {dag.py:3047} INFO - Sync 1 DAGs
[2024-03-27T18:16:31.500+0000] {logging_mixin.py:188} INFO - [2024-03-27T18:16:31.499+0000] {dag.py:3834} INFO - Setting next_dagrun for example_python_decorator to None, run_after=None
[2024-03-27T18:16:31.551+0000] {processor.py:183} INFO - Processing /home/airflow/.local/lib/python3.8/site-packages/airflow/example_dags/example_python_decorator.py took 0.542 seconds
