[2024-03-27T00:00:24.018+0000] {processor.py:161} INFO - Started process (PID=5237) to work on /home/airflow/.local/lib/python3.8/site-packages/airflow/example_dags/example_branch_labels.py
[2024-03-27T00:00:24.019+0000] {processor.py:830} INFO - Processing file /home/airflow/.local/lib/python3.8/site-packages/airflow/example_dags/example_branch_labels.py for tasks to queue
[2024-03-27T00:00:24.020+0000] {logging_mixin.py:188} INFO - [2024-03-27T00:00:24.020+0000] {dagbag.py:540} INFO - Filling up the DagBag from /home/airflow/.local/lib/python3.8/site-packages/airflow/example_dags/example_branch_labels.py
[2024-03-27T00:00:24.024+0000] {processor.py:840} INFO - DAG(s) 'example_branch_labels' retrieved from /home/airflow/.local/lib/python3.8/site-packages/airflow/example_dags/example_branch_labels.py
[2024-03-27T00:00:24.034+0000] {logging_mixin.py:188} INFO - [2024-03-27T00:00:24.034+0000] {dag.py:3047} INFO - Sync 1 DAGs
[2024-03-27T00:00:24.045+0000] {logging_mixin.py:188} INFO - [2024-03-27T00:00:24.045+0000] {dag.py:3834} INFO - Setting next_dagrun for example_branch_labels to 2024-03-26 00:00:00+00:00, run_after=2024-03-27 00:00:00+00:00
[2024-03-27T00:00:24.054+0000] {processor.py:183} INFO - Processing /home/airflow/.local/lib/python3.8/site-packages/airflow/example_dags/example_branch_labels.py took 0.037 seconds
[2024-03-27T00:00:55.005+0000] {processor.py:161} INFO - Started process (PID=5292) to work on /home/airflow/.local/lib/python3.8/site-packages/airflow/example_dags/example_branch_labels.py
[2024-03-27T00:00:55.006+0000] {processor.py:830} INFO - Processing file /home/airflow/.local/lib/python3.8/site-packages/airflow/example_dags/example_branch_labels.py for tasks to queue
[2024-03-27T00:00:55.007+0000] {logging_mixin.py:188} INFO - [2024-03-27T00:00:55.006+0000] {dagbag.py:540} INFO - Filling up the DagBag from /home/airflow/.local/lib/python3.8/site-packages/airflow/example_dags/example_branch_labels.py
[2024-03-27T00:00:55.011+0000] {processor.py:840} INFO - DAG(s) 'example_branch_labels' retrieved from /home/airflow/.local/lib/python3.8/site-packages/airflow/example_dags/example_branch_labels.py
[2024-03-27T00:00:55.022+0000] {logging_mixin.py:188} INFO - [2024-03-27T00:00:55.022+0000] {dag.py:3047} INFO - Sync 1 DAGs
[2024-03-27T00:00:55.032+0000] {logging_mixin.py:188} INFO - [2024-03-27T00:00:55.032+0000] {dag.py:3834} INFO - Setting next_dagrun for example_branch_labels to 2024-03-26 00:00:00+00:00, run_after=2024-03-27 00:00:00+00:00
[2024-03-27T00:00:55.041+0000] {processor.py:183} INFO - Processing /home/airflow/.local/lib/python3.8/site-packages/airflow/example_dags/example_branch_labels.py took 0.038 seconds
[2024-03-27T00:01:25.806+0000] {processor.py:161} INFO - Started process (PID=5347) to work on /home/airflow/.local/lib/python3.8/site-packages/airflow/example_dags/example_branch_labels.py
[2024-03-27T00:01:25.806+0000] {processor.py:830} INFO - Processing file /home/airflow/.local/lib/python3.8/site-packages/airflow/example_dags/example_branch_labels.py for tasks to queue
[2024-03-27T00:01:25.807+0000] {logging_mixin.py:188} INFO - [2024-03-27T00:01:25.807+0000] {dagbag.py:540} INFO - Filling up the DagBag from /home/airflow/.local/lib/python3.8/site-packages/airflow/example_dags/example_branch_labels.py
[2024-03-27T00:01:25.812+0000] {processor.py:840} INFO - DAG(s) 'example_branch_labels' retrieved from /home/airflow/.local/lib/python3.8/site-packages/airflow/example_dags/example_branch_labels.py
[2024-03-27T00:01:25.822+0000] {logging_mixin.py:188} INFO - [2024-03-27T00:01:25.822+0000] {dag.py:3047} INFO - Sync 1 DAGs
[2024-03-27T00:01:25.833+0000] {logging_mixin.py:188} INFO - [2024-03-27T00:01:25.833+0000] {dag.py:3834} INFO - Setting next_dagrun for example_branch_labels to 2024-03-26 00:00:00+00:00, run_after=2024-03-27 00:00:00+00:00
[2024-03-27T00:01:25.842+0000] {processor.py:183} INFO - Processing /home/airflow/.local/lib/python3.8/site-packages/airflow/example_dags/example_branch_labels.py took 0.038 seconds
[2024-03-27T00:01:56.866+0000] {processor.py:161} INFO - Started process (PID=5402) to work on /home/airflow/.local/lib/python3.8/site-packages/airflow/example_dags/example_branch_labels.py
[2024-03-27T00:01:56.867+0000] {processor.py:830} INFO - Processing file /home/airflow/.local/lib/python3.8/site-packages/airflow/example_dags/example_branch_labels.py for tasks to queue
[2024-03-27T00:01:56.868+0000] {logging_mixin.py:188} INFO - [2024-03-27T00:01:56.867+0000] {dagbag.py:540} INFO - Filling up the DagBag from /home/airflow/.local/lib/python3.8/site-packages/airflow/example_dags/example_branch_labels.py
[2024-03-27T00:01:56.872+0000] {processor.py:840} INFO - DAG(s) 'example_branch_labels' retrieved from /home/airflow/.local/lib/python3.8/site-packages/airflow/example_dags/example_branch_labels.py
[2024-03-27T00:01:56.883+0000] {logging_mixin.py:188} INFO - [2024-03-27T00:01:56.882+0000] {dag.py:3047} INFO - Sync 1 DAGs
[2024-03-27T00:01:56.893+0000] {logging_mixin.py:188} INFO - [2024-03-27T00:01:56.893+0000] {dag.py:3834} INFO - Setting next_dagrun for example_branch_labels to 2024-03-26 00:00:00+00:00, run_after=2024-03-27 00:00:00+00:00
[2024-03-27T00:01:56.903+0000] {processor.py:183} INFO - Processing /home/airflow/.local/lib/python3.8/site-packages/airflow/example_dags/example_branch_labels.py took 0.039 seconds
[2024-03-27T00:02:27.778+0000] {processor.py:161} INFO - Started process (PID=5457) to work on /home/airflow/.local/lib/python3.8/site-packages/airflow/example_dags/example_branch_labels.py
[2024-03-27T00:02:27.779+0000] {processor.py:830} INFO - Processing file /home/airflow/.local/lib/python3.8/site-packages/airflow/example_dags/example_branch_labels.py for tasks to queue
[2024-03-27T00:02:27.781+0000] {logging_mixin.py:188} INFO - [2024-03-27T00:02:27.781+0000] {dagbag.py:540} INFO - Filling up the DagBag from /home/airflow/.local/lib/python3.8/site-packages/airflow/example_dags/example_branch_labels.py
[2024-03-27T00:02:27.789+0000] {processor.py:840} INFO - DAG(s) 'example_branch_labels' retrieved from /home/airflow/.local/lib/python3.8/site-packages/airflow/example_dags/example_branch_labels.py
[2024-03-27T00:02:27.801+0000] {logging_mixin.py:188} INFO - [2024-03-27T00:02:27.800+0000] {dag.py:3047} INFO - Sync 1 DAGs
[2024-03-27T00:02:27.812+0000] {logging_mixin.py:188} INFO - [2024-03-27T00:02:27.812+0000] {dag.py:3834} INFO - Setting next_dagrun for example_branch_labels to 2024-03-26 00:00:00+00:00, run_after=2024-03-27 00:00:00+00:00
[2024-03-27T00:02:27.821+0000] {processor.py:183} INFO - Processing /home/airflow/.local/lib/python3.8/site-packages/airflow/example_dags/example_branch_labels.py took 0.047 seconds
[2024-03-27T00:02:58.927+0000] {processor.py:161} INFO - Started process (PID=5512) to work on /home/airflow/.local/lib/python3.8/site-packages/airflow/example_dags/example_branch_labels.py
[2024-03-27T00:02:58.929+0000] {processor.py:830} INFO - Processing file /home/airflow/.local/lib/python3.8/site-packages/airflow/example_dags/example_branch_labels.py for tasks to queue
[2024-03-27T00:02:58.932+0000] {logging_mixin.py:188} INFO - [2024-03-27T00:02:58.932+0000] {dagbag.py:540} INFO - Filling up the DagBag from /home/airflow/.local/lib/python3.8/site-packages/airflow/example_dags/example_branch_labels.py
[2024-03-27T00:02:58.938+0000] {processor.py:840} INFO - DAG(s) 'example_branch_labels' retrieved from /home/airflow/.local/lib/python3.8/site-packages/airflow/example_dags/example_branch_labels.py
[2024-03-27T00:02:58.954+0000] {logging_mixin.py:188} INFO - [2024-03-27T00:02:58.954+0000] {dag.py:3047} INFO - Sync 1 DAGs
[2024-03-27T00:02:58.968+0000] {logging_mixin.py:188} INFO - [2024-03-27T00:02:58.967+0000] {dag.py:3834} INFO - Setting next_dagrun for example_branch_labels to 2024-03-26 00:00:00+00:00, run_after=2024-03-27 00:00:00+00:00
[2024-03-27T00:02:58.982+0000] {processor.py:183} INFO - Processing /home/airflow/.local/lib/python3.8/site-packages/airflow/example_dags/example_branch_labels.py took 0.058 seconds
[2024-03-27T00:03:30.029+0000] {processor.py:161} INFO - Started process (PID=5566) to work on /home/airflow/.local/lib/python3.8/site-packages/airflow/example_dags/example_branch_labels.py
[2024-03-27T00:03:30.032+0000] {processor.py:830} INFO - Processing file /home/airflow/.local/lib/python3.8/site-packages/airflow/example_dags/example_branch_labels.py for tasks to queue
[2024-03-27T00:03:30.033+0000] {logging_mixin.py:188} INFO - [2024-03-27T00:03:30.033+0000] {dagbag.py:540} INFO - Filling up the DagBag from /home/airflow/.local/lib/python3.8/site-packages/airflow/example_dags/example_branch_labels.py
[2024-03-27T00:03:30.039+0000] {processor.py:840} INFO - DAG(s) 'example_branch_labels' retrieved from /home/airflow/.local/lib/python3.8/site-packages/airflow/example_dags/example_branch_labels.py
[2024-03-27T00:03:30.055+0000] {logging_mixin.py:188} INFO - [2024-03-27T00:03:30.055+0000] {dag.py:3047} INFO - Sync 1 DAGs
[2024-03-27T00:03:30.070+0000] {logging_mixin.py:188} INFO - [2024-03-27T00:03:30.070+0000] {dag.py:3834} INFO - Setting next_dagrun for example_branch_labels to 2024-03-26 00:00:00+00:00, run_after=2024-03-27 00:00:00+00:00
[2024-03-27T00:03:30.107+0000] {processor.py:183} INFO - Processing /home/airflow/.local/lib/python3.8/site-packages/airflow/example_dags/example_branch_labels.py took 0.080 seconds
[2024-03-27T00:04:03.169+0000] {processor.py:161} INFO - Started process (PID=5621) to work on /home/airflow/.local/lib/python3.8/site-packages/airflow/example_dags/example_branch_labels.py
[2024-03-27T00:04:03.170+0000] {processor.py:830} INFO - Processing file /home/airflow/.local/lib/python3.8/site-packages/airflow/example_dags/example_branch_labels.py for tasks to queue
[2024-03-27T00:04:03.171+0000] {logging_mixin.py:188} INFO - [2024-03-27T00:04:03.170+0000] {dagbag.py:540} INFO - Filling up the DagBag from /home/airflow/.local/lib/python3.8/site-packages/airflow/example_dags/example_branch_labels.py
[2024-03-27T00:04:03.175+0000] {processor.py:840} INFO - DAG(s) 'example_branch_labels' retrieved from /home/airflow/.local/lib/python3.8/site-packages/airflow/example_dags/example_branch_labels.py
[2024-03-27T00:04:03.185+0000] {logging_mixin.py:188} INFO - [2024-03-27T00:04:03.185+0000] {dag.py:3047} INFO - Sync 1 DAGs
[2024-03-27T00:04:03.195+0000] {logging_mixin.py:188} INFO - [2024-03-27T00:04:03.195+0000] {dag.py:3834} INFO - Setting next_dagrun for example_branch_labels to 2024-03-26 00:00:00+00:00, run_after=2024-03-27 00:00:00+00:00
[2024-03-27T00:04:03.203+0000] {processor.py:183} INFO - Processing /home/airflow/.local/lib/python3.8/site-packages/airflow/example_dags/example_branch_labels.py took 0.036 seconds
[2024-03-27T00:04:33.926+0000] {processor.py:161} INFO - Started process (PID=5676) to work on /home/airflow/.local/lib/python3.8/site-packages/airflow/example_dags/example_branch_labels.py
[2024-03-27T00:04:33.927+0000] {processor.py:830} INFO - Processing file /home/airflow/.local/lib/python3.8/site-packages/airflow/example_dags/example_branch_labels.py for tasks to queue
[2024-03-27T00:04:33.928+0000] {logging_mixin.py:188} INFO - [2024-03-27T00:04:33.928+0000] {dagbag.py:540} INFO - Filling up the DagBag from /home/airflow/.local/lib/python3.8/site-packages/airflow/example_dags/example_branch_labels.py
[2024-03-27T00:04:33.933+0000] {processor.py:840} INFO - DAG(s) 'example_branch_labels' retrieved from /home/airflow/.local/lib/python3.8/site-packages/airflow/example_dags/example_branch_labels.py
[2024-03-27T00:04:33.948+0000] {logging_mixin.py:188} INFO - [2024-03-27T00:04:33.948+0000] {dag.py:3047} INFO - Sync 1 DAGs
[2024-03-27T00:04:33.959+0000] {logging_mixin.py:188} INFO - [2024-03-27T00:04:33.959+0000] {dag.py:3834} INFO - Setting next_dagrun for example_branch_labels to 2024-03-26 00:00:00+00:00, run_after=2024-03-27 00:00:00+00:00
[2024-03-27T00:04:33.967+0000] {processor.py:183} INFO - Processing /home/airflow/.local/lib/python3.8/site-packages/airflow/example_dags/example_branch_labels.py took 0.043 seconds
[2024-03-27T00:05:04.625+0000] {processor.py:161} INFO - Started process (PID=5731) to work on /home/airflow/.local/lib/python3.8/site-packages/airflow/example_dags/example_branch_labels.py
[2024-03-27T00:05:04.626+0000] {processor.py:830} INFO - Processing file /home/airflow/.local/lib/python3.8/site-packages/airflow/example_dags/example_branch_labels.py for tasks to queue
[2024-03-27T00:05:04.628+0000] {logging_mixin.py:188} INFO - [2024-03-27T00:05:04.628+0000] {dagbag.py:540} INFO - Filling up the DagBag from /home/airflow/.local/lib/python3.8/site-packages/airflow/example_dags/example_branch_labels.py
[2024-03-27T00:05:04.635+0000] {processor.py:840} INFO - DAG(s) 'example_branch_labels' retrieved from /home/airflow/.local/lib/python3.8/site-packages/airflow/example_dags/example_branch_labels.py
[2024-03-27T00:05:04.652+0000] {logging_mixin.py:188} INFO - [2024-03-27T00:05:04.652+0000] {dag.py:3047} INFO - Sync 1 DAGs
[2024-03-27T00:05:04.664+0000] {logging_mixin.py:188} INFO - [2024-03-27T00:05:04.664+0000] {dag.py:3834} INFO - Setting next_dagrun for example_branch_labels to 2024-03-26 00:00:00+00:00, run_after=2024-03-27 00:00:00+00:00
[2024-03-27T00:05:04.673+0000] {processor.py:183} INFO - Processing /home/airflow/.local/lib/python3.8/site-packages/airflow/example_dags/example_branch_labels.py took 0.049 seconds
[2024-03-27T00:05:35.372+0000] {processor.py:161} INFO - Started process (PID=5786) to work on /home/airflow/.local/lib/python3.8/site-packages/airflow/example_dags/example_branch_labels.py
[2024-03-27T00:05:35.372+0000] {processor.py:830} INFO - Processing file /home/airflow/.local/lib/python3.8/site-packages/airflow/example_dags/example_branch_labels.py for tasks to queue
[2024-03-27T00:05:35.373+0000] {logging_mixin.py:188} INFO - [2024-03-27T00:05:35.373+0000] {dagbag.py:540} INFO - Filling up the DagBag from /home/airflow/.local/lib/python3.8/site-packages/airflow/example_dags/example_branch_labels.py
[2024-03-27T00:05:35.378+0000] {processor.py:840} INFO - DAG(s) 'example_branch_labels' retrieved from /home/airflow/.local/lib/python3.8/site-packages/airflow/example_dags/example_branch_labels.py
[2024-03-27T00:05:35.388+0000] {logging_mixin.py:188} INFO - [2024-03-27T00:05:35.388+0000] {dag.py:3047} INFO - Sync 1 DAGs
[2024-03-27T00:05:35.400+0000] {logging_mixin.py:188} INFO - [2024-03-27T00:05:35.400+0000] {dag.py:3834} INFO - Setting next_dagrun for example_branch_labels to 2024-03-26 00:00:00+00:00, run_after=2024-03-27 00:00:00+00:00
[2024-03-27T00:05:35.409+0000] {processor.py:183} INFO - Processing /home/airflow/.local/lib/python3.8/site-packages/airflow/example_dags/example_branch_labels.py took 0.039 seconds
[2024-03-27T00:06:06.028+0000] {processor.py:161} INFO - Started process (PID=5841) to work on /home/airflow/.local/lib/python3.8/site-packages/airflow/example_dags/example_branch_labels.py
[2024-03-27T00:06:06.029+0000] {processor.py:830} INFO - Processing file /home/airflow/.local/lib/python3.8/site-packages/airflow/example_dags/example_branch_labels.py for tasks to queue
[2024-03-27T00:06:06.030+0000] {logging_mixin.py:188} INFO - [2024-03-27T00:06:06.030+0000] {dagbag.py:540} INFO - Filling up the DagBag from /home/airflow/.local/lib/python3.8/site-packages/airflow/example_dags/example_branch_labels.py
[2024-03-27T00:06:06.034+0000] {processor.py:840} INFO - DAG(s) 'example_branch_labels' retrieved from /home/airflow/.local/lib/python3.8/site-packages/airflow/example_dags/example_branch_labels.py
[2024-03-27T00:06:06.045+0000] {logging_mixin.py:188} INFO - [2024-03-27T00:06:06.045+0000] {dag.py:3047} INFO - Sync 1 DAGs
[2024-03-27T00:06:06.055+0000] {logging_mixin.py:188} INFO - [2024-03-27T00:06:06.055+0000] {dag.py:3834} INFO - Setting next_dagrun for example_branch_labels to 2024-03-26 00:00:00+00:00, run_after=2024-03-27 00:00:00+00:00
[2024-03-27T00:06:06.063+0000] {processor.py:183} INFO - Processing /home/airflow/.local/lib/python3.8/site-packages/airflow/example_dags/example_branch_labels.py took 0.037 seconds
[2024-03-27T00:09:25.394+0000] {processor.py:161} INFO - Started process (PID=5896) to work on /home/airflow/.local/lib/python3.8/site-packages/airflow/example_dags/example_branch_labels.py
[2024-03-27T00:09:25.395+0000] {processor.py:830} INFO - Processing file /home/airflow/.local/lib/python3.8/site-packages/airflow/example_dags/example_branch_labels.py for tasks to queue
[2024-03-27T00:09:25.396+0000] {logging_mixin.py:188} INFO - [2024-03-27T00:09:25.396+0000] {dagbag.py:540} INFO - Filling up the DagBag from /home/airflow/.local/lib/python3.8/site-packages/airflow/example_dags/example_branch_labels.py
[2024-03-27T00:09:25.401+0000] {processor.py:840} INFO - DAG(s) 'example_branch_labels' retrieved from /home/airflow/.local/lib/python3.8/site-packages/airflow/example_dags/example_branch_labels.py
[2024-03-27T00:09:25.415+0000] {logging_mixin.py:188} INFO - [2024-03-27T00:09:25.415+0000] {dag.py:3047} INFO - Sync 1 DAGs
[2024-03-27T00:09:25.427+0000] {logging_mixin.py:188} INFO - [2024-03-27T00:09:25.427+0000] {dag.py:3834} INFO - Setting next_dagrun for example_branch_labels to 2024-03-26 00:00:00+00:00, run_after=2024-03-27 00:00:00+00:00
[2024-03-27T00:09:25.437+0000] {processor.py:183} INFO - Processing /home/airflow/.local/lib/python3.8/site-packages/airflow/example_dags/example_branch_labels.py took 0.046 seconds
[2024-03-27T00:09:56.282+0000] {processor.py:161} INFO - Started process (PID=5950) to work on /home/airflow/.local/lib/python3.8/site-packages/airflow/example_dags/example_branch_labels.py
[2024-03-27T00:09:56.283+0000] {processor.py:830} INFO - Processing file /home/airflow/.local/lib/python3.8/site-packages/airflow/example_dags/example_branch_labels.py for tasks to queue
[2024-03-27T00:09:56.284+0000] {logging_mixin.py:188} INFO - [2024-03-27T00:09:56.284+0000] {dagbag.py:540} INFO - Filling up the DagBag from /home/airflow/.local/lib/python3.8/site-packages/airflow/example_dags/example_branch_labels.py
[2024-03-27T00:09:56.288+0000] {processor.py:840} INFO - DAG(s) 'example_branch_labels' retrieved from /home/airflow/.local/lib/python3.8/site-packages/airflow/example_dags/example_branch_labels.py
[2024-03-27T00:09:56.299+0000] {logging_mixin.py:188} INFO - [2024-03-27T00:09:56.299+0000] {dag.py:3047} INFO - Sync 1 DAGs
[2024-03-27T00:09:56.309+0000] {logging_mixin.py:188} INFO - [2024-03-27T00:09:56.309+0000] {dag.py:3834} INFO - Setting next_dagrun for example_branch_labels to 2024-03-26 00:00:00+00:00, run_after=2024-03-27 00:00:00+00:00
[2024-03-27T00:09:56.319+0000] {processor.py:183} INFO - Processing /home/airflow/.local/lib/python3.8/site-packages/airflow/example_dags/example_branch_labels.py took 0.039 seconds
[2024-03-27T00:10:27.328+0000] {processor.py:161} INFO - Started process (PID=6005) to work on /home/airflow/.local/lib/python3.8/site-packages/airflow/example_dags/example_branch_labels.py
[2024-03-27T00:10:27.329+0000] {processor.py:830} INFO - Processing file /home/airflow/.local/lib/python3.8/site-packages/airflow/example_dags/example_branch_labels.py for tasks to queue
[2024-03-27T00:10:27.330+0000] {logging_mixin.py:188} INFO - [2024-03-27T00:10:27.330+0000] {dagbag.py:540} INFO - Filling up the DagBag from /home/airflow/.local/lib/python3.8/site-packages/airflow/example_dags/example_branch_labels.py
[2024-03-27T00:10:27.334+0000] {processor.py:840} INFO - DAG(s) 'example_branch_labels' retrieved from /home/airflow/.local/lib/python3.8/site-packages/airflow/example_dags/example_branch_labels.py
[2024-03-27T00:10:27.345+0000] {logging_mixin.py:188} INFO - [2024-03-27T00:10:27.345+0000] {dag.py:3047} INFO - Sync 1 DAGs
[2024-03-27T00:10:27.355+0000] {logging_mixin.py:188} INFO - [2024-03-27T00:10:27.355+0000] {dag.py:3834} INFO - Setting next_dagrun for example_branch_labels to 2024-03-26 00:00:00+00:00, run_after=2024-03-27 00:00:00+00:00
[2024-03-27T00:10:27.363+0000] {processor.py:183} INFO - Processing /home/airflow/.local/lib/python3.8/site-packages/airflow/example_dags/example_branch_labels.py took 0.037 seconds
[2024-03-27T00:10:58.279+0000] {processor.py:161} INFO - Started process (PID=6060) to work on /home/airflow/.local/lib/python3.8/site-packages/airflow/example_dags/example_branch_labels.py
[2024-03-27T00:10:58.280+0000] {processor.py:830} INFO - Processing file /home/airflow/.local/lib/python3.8/site-packages/airflow/example_dags/example_branch_labels.py for tasks to queue
[2024-03-27T00:10:58.281+0000] {logging_mixin.py:188} INFO - [2024-03-27T00:10:58.281+0000] {dagbag.py:540} INFO - Filling up the DagBag from /home/airflow/.local/lib/python3.8/site-packages/airflow/example_dags/example_branch_labels.py
[2024-03-27T00:10:58.286+0000] {processor.py:840} INFO - DAG(s) 'example_branch_labels' retrieved from /home/airflow/.local/lib/python3.8/site-packages/airflow/example_dags/example_branch_labels.py
[2024-03-27T00:10:58.296+0000] {logging_mixin.py:188} INFO - [2024-03-27T00:10:58.296+0000] {dag.py:3047} INFO - Sync 1 DAGs
[2024-03-27T00:10:58.306+0000] {logging_mixin.py:188} INFO - [2024-03-27T00:10:58.306+0000] {dag.py:3834} INFO - Setting next_dagrun for example_branch_labels to 2024-03-26 00:00:00+00:00, run_after=2024-03-27 00:00:00+00:00
[2024-03-27T00:10:58.314+0000] {processor.py:183} INFO - Processing /home/airflow/.local/lib/python3.8/site-packages/airflow/example_dags/example_branch_labels.py took 0.037 seconds
[2024-03-27T00:11:29.136+0000] {processor.py:161} INFO - Started process (PID=6114) to work on /home/airflow/.local/lib/python3.8/site-packages/airflow/example_dags/example_branch_labels.py
[2024-03-27T00:11:29.137+0000] {processor.py:830} INFO - Processing file /home/airflow/.local/lib/python3.8/site-packages/airflow/example_dags/example_branch_labels.py for tasks to queue
[2024-03-27T00:11:29.138+0000] {logging_mixin.py:188} INFO - [2024-03-27T00:11:29.138+0000] {dagbag.py:540} INFO - Filling up the DagBag from /home/airflow/.local/lib/python3.8/site-packages/airflow/example_dags/example_branch_labels.py
[2024-03-27T00:11:29.143+0000] {processor.py:840} INFO - DAG(s) 'example_branch_labels' retrieved from /home/airflow/.local/lib/python3.8/site-packages/airflow/example_dags/example_branch_labels.py
[2024-03-27T00:11:29.155+0000] {logging_mixin.py:188} INFO - [2024-03-27T00:11:29.155+0000] {dag.py:3047} INFO - Sync 1 DAGs
[2024-03-27T00:11:29.167+0000] {logging_mixin.py:188} INFO - [2024-03-27T00:11:29.167+0000] {dag.py:3834} INFO - Setting next_dagrun for example_branch_labels to 2024-03-26 00:00:00+00:00, run_after=2024-03-27 00:00:00+00:00
[2024-03-27T00:11:29.187+0000] {processor.py:183} INFO - Processing /home/airflow/.local/lib/python3.8/site-packages/airflow/example_dags/example_branch_labels.py took 0.053 seconds
[2024-03-27T00:12:00.258+0000] {processor.py:161} INFO - Started process (PID=6169) to work on /home/airflow/.local/lib/python3.8/site-packages/airflow/example_dags/example_branch_labels.py
[2024-03-27T00:12:00.259+0000] {processor.py:830} INFO - Processing file /home/airflow/.local/lib/python3.8/site-packages/airflow/example_dags/example_branch_labels.py for tasks to queue
[2024-03-27T00:12:00.260+0000] {logging_mixin.py:188} INFO - [2024-03-27T00:12:00.260+0000] {dagbag.py:540} INFO - Filling up the DagBag from /home/airflow/.local/lib/python3.8/site-packages/airflow/example_dags/example_branch_labels.py
[2024-03-27T00:12:00.265+0000] {processor.py:840} INFO - DAG(s) 'example_branch_labels' retrieved from /home/airflow/.local/lib/python3.8/site-packages/airflow/example_dags/example_branch_labels.py
[2024-03-27T00:12:00.276+0000] {logging_mixin.py:188} INFO - [2024-03-27T00:12:00.275+0000] {dag.py:3047} INFO - Sync 1 DAGs
[2024-03-27T00:12:00.286+0000] {logging_mixin.py:188} INFO - [2024-03-27T00:12:00.286+0000] {dag.py:3834} INFO - Setting next_dagrun for example_branch_labels to 2024-03-26 00:00:00+00:00, run_after=2024-03-27 00:00:00+00:00
[2024-03-27T00:12:00.295+0000] {processor.py:183} INFO - Processing /home/airflow/.local/lib/python3.8/site-packages/airflow/example_dags/example_branch_labels.py took 0.038 seconds
[2024-03-27T00:12:31.017+0000] {processor.py:161} INFO - Started process (PID=6223) to work on /home/airflow/.local/lib/python3.8/site-packages/airflow/example_dags/example_branch_labels.py
[2024-03-27T00:12:31.018+0000] {processor.py:830} INFO - Processing file /home/airflow/.local/lib/python3.8/site-packages/airflow/example_dags/example_branch_labels.py for tasks to queue
[2024-03-27T00:12:31.020+0000] {logging_mixin.py:188} INFO - [2024-03-27T00:12:31.020+0000] {dagbag.py:540} INFO - Filling up the DagBag from /home/airflow/.local/lib/python3.8/site-packages/airflow/example_dags/example_branch_labels.py
[2024-03-27T00:12:31.025+0000] {processor.py:840} INFO - DAG(s) 'example_branch_labels' retrieved from /home/airflow/.local/lib/python3.8/site-packages/airflow/example_dags/example_branch_labels.py
[2024-03-27T00:12:31.039+0000] {logging_mixin.py:188} INFO - [2024-03-27T00:12:31.038+0000] {dag.py:3047} INFO - Sync 1 DAGs
[2024-03-27T00:12:31.049+0000] {logging_mixin.py:188} INFO - [2024-03-27T00:12:31.049+0000] {dag.py:3834} INFO - Setting next_dagrun for example_branch_labels to 2024-03-26 00:00:00+00:00, run_after=2024-03-27 00:00:00+00:00
[2024-03-27T00:12:31.059+0000] {processor.py:183} INFO - Processing /home/airflow/.local/lib/python3.8/site-packages/airflow/example_dags/example_branch_labels.py took 0.043 seconds
[2024-03-27T00:13:01.788+0000] {processor.py:161} INFO - Started process (PID=6278) to work on /home/airflow/.local/lib/python3.8/site-packages/airflow/example_dags/example_branch_labels.py
[2024-03-27T00:13:01.788+0000] {processor.py:830} INFO - Processing file /home/airflow/.local/lib/python3.8/site-packages/airflow/example_dags/example_branch_labels.py for tasks to queue
[2024-03-27T00:13:01.790+0000] {logging_mixin.py:188} INFO - [2024-03-27T00:13:01.789+0000] {dagbag.py:540} INFO - Filling up the DagBag from /home/airflow/.local/lib/python3.8/site-packages/airflow/example_dags/example_branch_labels.py
[2024-03-27T00:13:01.794+0000] {processor.py:840} INFO - DAG(s) 'example_branch_labels' retrieved from /home/airflow/.local/lib/python3.8/site-packages/airflow/example_dags/example_branch_labels.py
[2024-03-27T00:13:01.805+0000] {logging_mixin.py:188} INFO - [2024-03-27T00:13:01.804+0000] {dag.py:3047} INFO - Sync 1 DAGs
[2024-03-27T00:13:01.815+0000] {logging_mixin.py:188} INFO - [2024-03-27T00:13:01.815+0000] {dag.py:3834} INFO - Setting next_dagrun for example_branch_labels to 2024-03-26 00:00:00+00:00, run_after=2024-03-27 00:00:00+00:00
[2024-03-27T00:13:01.823+0000] {processor.py:183} INFO - Processing /home/airflow/.local/lib/python3.8/site-packages/airflow/example_dags/example_branch_labels.py took 0.037 seconds
[2024-03-27T00:13:32.838+0000] {processor.py:161} INFO - Started process (PID=6333) to work on /home/airflow/.local/lib/python3.8/site-packages/airflow/example_dags/example_branch_labels.py
[2024-03-27T00:13:32.838+0000] {processor.py:830} INFO - Processing file /home/airflow/.local/lib/python3.8/site-packages/airflow/example_dags/example_branch_labels.py for tasks to queue
[2024-03-27T00:13:32.839+0000] {logging_mixin.py:188} INFO - [2024-03-27T00:13:32.839+0000] {dagbag.py:540} INFO - Filling up the DagBag from /home/airflow/.local/lib/python3.8/site-packages/airflow/example_dags/example_branch_labels.py
[2024-03-27T00:13:32.843+0000] {processor.py:840} INFO - DAG(s) 'example_branch_labels' retrieved from /home/airflow/.local/lib/python3.8/site-packages/airflow/example_dags/example_branch_labels.py
[2024-03-27T00:13:32.854+0000] {logging_mixin.py:188} INFO - [2024-03-27T00:13:32.854+0000] {dag.py:3047} INFO - Sync 1 DAGs
[2024-03-27T00:13:32.864+0000] {logging_mixin.py:188} INFO - [2024-03-27T00:13:32.864+0000] {dag.py:3834} INFO - Setting next_dagrun for example_branch_labels to 2024-03-26 00:00:00+00:00, run_after=2024-03-27 00:00:00+00:00
[2024-03-27T00:13:32.872+0000] {processor.py:183} INFO - Processing /home/airflow/.local/lib/python3.8/site-packages/airflow/example_dags/example_branch_labels.py took 0.036 seconds
[2024-03-27T00:14:03.265+0000] {processor.py:161} INFO - Started process (PID=6388) to work on /home/airflow/.local/lib/python3.8/site-packages/airflow/example_dags/example_branch_labels.py
[2024-03-27T00:14:03.266+0000] {processor.py:830} INFO - Processing file /home/airflow/.local/lib/python3.8/site-packages/airflow/example_dags/example_branch_labels.py for tasks to queue
[2024-03-27T00:14:03.267+0000] {logging_mixin.py:188} INFO - [2024-03-27T00:14:03.267+0000] {dagbag.py:540} INFO - Filling up the DagBag from /home/airflow/.local/lib/python3.8/site-packages/airflow/example_dags/example_branch_labels.py
[2024-03-27T00:14:03.272+0000] {processor.py:840} INFO - DAG(s) 'example_branch_labels' retrieved from /home/airflow/.local/lib/python3.8/site-packages/airflow/example_dags/example_branch_labels.py
[2024-03-27T00:14:03.286+0000] {logging_mixin.py:188} INFO - [2024-03-27T00:14:03.286+0000] {dag.py:3047} INFO - Sync 1 DAGs
[2024-03-27T00:14:03.299+0000] {logging_mixin.py:188} INFO - [2024-03-27T00:14:03.298+0000] {dag.py:3834} INFO - Setting next_dagrun for example_branch_labels to 2024-03-26 00:00:00+00:00, run_after=2024-03-27 00:00:00+00:00
[2024-03-27T00:14:03.308+0000] {processor.py:183} INFO - Processing /home/airflow/.local/lib/python3.8/site-packages/airflow/example_dags/example_branch_labels.py took 0.045 seconds
[2024-03-27T00:14:33.324+0000] {processor.py:161} INFO - Started process (PID=6443) to work on /home/airflow/.local/lib/python3.8/site-packages/airflow/example_dags/example_branch_labels.py
[2024-03-27T00:14:33.325+0000] {processor.py:830} INFO - Processing file /home/airflow/.local/lib/python3.8/site-packages/airflow/example_dags/example_branch_labels.py for tasks to queue
[2024-03-27T00:14:33.326+0000] {logging_mixin.py:188} INFO - [2024-03-27T00:14:33.326+0000] {dagbag.py:540} INFO - Filling up the DagBag from /home/airflow/.local/lib/python3.8/site-packages/airflow/example_dags/example_branch_labels.py
[2024-03-27T00:14:33.330+0000] {processor.py:840} INFO - DAG(s) 'example_branch_labels' retrieved from /home/airflow/.local/lib/python3.8/site-packages/airflow/example_dags/example_branch_labels.py
[2024-03-27T00:14:33.340+0000] {logging_mixin.py:188} INFO - [2024-03-27T00:14:33.340+0000] {dag.py:3047} INFO - Sync 1 DAGs
[2024-03-27T00:14:33.350+0000] {logging_mixin.py:188} INFO - [2024-03-27T00:14:33.349+0000] {dag.py:3834} INFO - Setting next_dagrun for example_branch_labels to 2024-03-26 00:00:00+00:00, run_after=2024-03-27 00:00:00+00:00
[2024-03-27T00:14:33.357+0000] {processor.py:183} INFO - Processing /home/airflow/.local/lib/python3.8/site-packages/airflow/example_dags/example_branch_labels.py took 0.034 seconds
[2024-03-27T00:15:04.094+0000] {processor.py:161} INFO - Started process (PID=6498) to work on /home/airflow/.local/lib/python3.8/site-packages/airflow/example_dags/example_branch_labels.py
[2024-03-27T00:15:04.095+0000] {processor.py:830} INFO - Processing file /home/airflow/.local/lib/python3.8/site-packages/airflow/example_dags/example_branch_labels.py for tasks to queue
[2024-03-27T00:15:04.096+0000] {logging_mixin.py:188} INFO - [2024-03-27T00:15:04.095+0000] {dagbag.py:540} INFO - Filling up the DagBag from /home/airflow/.local/lib/python3.8/site-packages/airflow/example_dags/example_branch_labels.py
[2024-03-27T00:15:04.101+0000] {processor.py:840} INFO - DAG(s) 'example_branch_labels' retrieved from /home/airflow/.local/lib/python3.8/site-packages/airflow/example_dags/example_branch_labels.py
[2024-03-27T00:15:04.112+0000] {logging_mixin.py:188} INFO - [2024-03-27T00:15:04.112+0000] {dag.py:3047} INFO - Sync 1 DAGs
[2024-03-27T00:15:04.124+0000] {logging_mixin.py:188} INFO - [2024-03-27T00:15:04.124+0000] {dag.py:3834} INFO - Setting next_dagrun for example_branch_labels to 2024-03-26 00:00:00+00:00, run_after=2024-03-27 00:00:00+00:00
[2024-03-27T00:15:04.133+0000] {processor.py:183} INFO - Processing /home/airflow/.local/lib/python3.8/site-packages/airflow/example_dags/example_branch_labels.py took 0.041 seconds
[2024-03-27T00:15:34.896+0000] {processor.py:161} INFO - Started process (PID=6553) to work on /home/airflow/.local/lib/python3.8/site-packages/airflow/example_dags/example_branch_labels.py
[2024-03-27T00:15:34.897+0000] {processor.py:830} INFO - Processing file /home/airflow/.local/lib/python3.8/site-packages/airflow/example_dags/example_branch_labels.py for tasks to queue
[2024-03-27T00:15:34.898+0000] {logging_mixin.py:188} INFO - [2024-03-27T00:15:34.898+0000] {dagbag.py:540} INFO - Filling up the DagBag from /home/airflow/.local/lib/python3.8/site-packages/airflow/example_dags/example_branch_labels.py
[2024-03-27T00:15:34.903+0000] {processor.py:840} INFO - DAG(s) 'example_branch_labels' retrieved from /home/airflow/.local/lib/python3.8/site-packages/airflow/example_dags/example_branch_labels.py
[2024-03-27T00:15:34.914+0000] {logging_mixin.py:188} INFO - [2024-03-27T00:15:34.914+0000] {dag.py:3047} INFO - Sync 1 DAGs
[2024-03-27T00:15:34.925+0000] {logging_mixin.py:188} INFO - [2024-03-27T00:15:34.925+0000] {dag.py:3834} INFO - Setting next_dagrun for example_branch_labels to 2024-03-26 00:00:00+00:00, run_after=2024-03-27 00:00:00+00:00
[2024-03-27T00:15:34.934+0000] {processor.py:183} INFO - Processing /home/airflow/.local/lib/python3.8/site-packages/airflow/example_dags/example_branch_labels.py took 0.039 seconds
[2024-03-27T00:16:05.150+0000] {processor.py:161} INFO - Started process (PID=6608) to work on /home/airflow/.local/lib/python3.8/site-packages/airflow/example_dags/example_branch_labels.py
[2024-03-27T00:16:05.150+0000] {processor.py:830} INFO - Processing file /home/airflow/.local/lib/python3.8/site-packages/airflow/example_dags/example_branch_labels.py for tasks to queue
[2024-03-27T00:16:05.151+0000] {logging_mixin.py:188} INFO - [2024-03-27T00:16:05.151+0000] {dagbag.py:540} INFO - Filling up the DagBag from /home/airflow/.local/lib/python3.8/site-packages/airflow/example_dags/example_branch_labels.py
[2024-03-27T00:16:05.156+0000] {processor.py:840} INFO - DAG(s) 'example_branch_labels' retrieved from /home/airflow/.local/lib/python3.8/site-packages/airflow/example_dags/example_branch_labels.py
[2024-03-27T00:16:05.171+0000] {logging_mixin.py:188} INFO - [2024-03-27T00:16:05.170+0000] {dag.py:3047} INFO - Sync 1 DAGs
[2024-03-27T00:16:05.181+0000] {logging_mixin.py:188} INFO - [2024-03-27T00:16:05.181+0000] {dag.py:3834} INFO - Setting next_dagrun for example_branch_labels to 2024-03-26 00:00:00+00:00, run_after=2024-03-27 00:00:00+00:00
[2024-03-27T00:16:05.189+0000] {processor.py:183} INFO - Processing /home/airflow/.local/lib/python3.8/site-packages/airflow/example_dags/example_branch_labels.py took 0.041 seconds
[2024-03-27T00:16:35.901+0000] {processor.py:161} INFO - Started process (PID=6663) to work on /home/airflow/.local/lib/python3.8/site-packages/airflow/example_dags/example_branch_labels.py
[2024-03-27T00:16:35.901+0000] {processor.py:830} INFO - Processing file /home/airflow/.local/lib/python3.8/site-packages/airflow/example_dags/example_branch_labels.py for tasks to queue
[2024-03-27T00:16:35.902+0000] {logging_mixin.py:188} INFO - [2024-03-27T00:16:35.902+0000] {dagbag.py:540} INFO - Filling up the DagBag from /home/airflow/.local/lib/python3.8/site-packages/airflow/example_dags/example_branch_labels.py
[2024-03-27T00:16:35.906+0000] {processor.py:840} INFO - DAG(s) 'example_branch_labels' retrieved from /home/airflow/.local/lib/python3.8/site-packages/airflow/example_dags/example_branch_labels.py
[2024-03-27T00:16:35.916+0000] {logging_mixin.py:188} INFO - [2024-03-27T00:16:35.916+0000] {dag.py:3047} INFO - Sync 1 DAGs
[2024-03-27T00:16:35.930+0000] {logging_mixin.py:188} INFO - [2024-03-27T00:16:35.930+0000] {dag.py:3834} INFO - Setting next_dagrun for example_branch_labels to 2024-03-26 00:00:00+00:00, run_after=2024-03-27 00:00:00+00:00
[2024-03-27T00:16:35.938+0000] {processor.py:183} INFO - Processing /home/airflow/.local/lib/python3.8/site-packages/airflow/example_dags/example_branch_labels.py took 0.040 seconds
[2024-03-27T00:17:06.683+0000] {processor.py:161} INFO - Started process (PID=6718) to work on /home/airflow/.local/lib/python3.8/site-packages/airflow/example_dags/example_branch_labels.py
[2024-03-27T00:17:06.683+0000] {processor.py:830} INFO - Processing file /home/airflow/.local/lib/python3.8/site-packages/airflow/example_dags/example_branch_labels.py for tasks to queue
[2024-03-27T00:17:06.684+0000] {logging_mixin.py:188} INFO - [2024-03-27T00:17:06.684+0000] {dagbag.py:540} INFO - Filling up the DagBag from /home/airflow/.local/lib/python3.8/site-packages/airflow/example_dags/example_branch_labels.py
[2024-03-27T00:17:06.689+0000] {processor.py:840} INFO - DAG(s) 'example_branch_labels' retrieved from /home/airflow/.local/lib/python3.8/site-packages/airflow/example_dags/example_branch_labels.py
[2024-03-27T00:17:06.699+0000] {logging_mixin.py:188} INFO - [2024-03-27T00:17:06.699+0000] {dag.py:3047} INFO - Sync 1 DAGs
[2024-03-27T00:17:06.709+0000] {logging_mixin.py:188} INFO - [2024-03-27T00:17:06.709+0000] {dag.py:3834} INFO - Setting next_dagrun for example_branch_labels to 2024-03-26 00:00:00+00:00, run_after=2024-03-27 00:00:00+00:00
[2024-03-27T00:17:06.717+0000] {processor.py:183} INFO - Processing /home/airflow/.local/lib/python3.8/site-packages/airflow/example_dags/example_branch_labels.py took 0.036 seconds
[2024-03-27T00:17:37.731+0000] {processor.py:161} INFO - Started process (PID=6773) to work on /home/airflow/.local/lib/python3.8/site-packages/airflow/example_dags/example_branch_labels.py
[2024-03-27T00:17:37.731+0000] {processor.py:830} INFO - Processing file /home/airflow/.local/lib/python3.8/site-packages/airflow/example_dags/example_branch_labels.py for tasks to queue
[2024-03-27T00:17:37.733+0000] {logging_mixin.py:188} INFO - [2024-03-27T00:17:37.733+0000] {dagbag.py:540} INFO - Filling up the DagBag from /home/airflow/.local/lib/python3.8/site-packages/airflow/example_dags/example_branch_labels.py
[2024-03-27T00:17:37.738+0000] {processor.py:840} INFO - DAG(s) 'example_branch_labels' retrieved from /home/airflow/.local/lib/python3.8/site-packages/airflow/example_dags/example_branch_labels.py
[2024-03-27T00:17:37.750+0000] {logging_mixin.py:188} INFO - [2024-03-27T00:17:37.750+0000] {dag.py:3047} INFO - Sync 1 DAGs
[2024-03-27T00:17:37.762+0000] {logging_mixin.py:188} INFO - [2024-03-27T00:17:37.762+0000] {dag.py:3834} INFO - Setting next_dagrun for example_branch_labels to 2024-03-26 00:00:00+00:00, run_after=2024-03-27 00:00:00+00:00
[2024-03-27T00:17:37.770+0000] {processor.py:183} INFO - Processing /home/airflow/.local/lib/python3.8/site-packages/airflow/example_dags/example_branch_labels.py took 0.041 seconds
[2024-03-27T00:18:08.775+0000] {processor.py:161} INFO - Started process (PID=6828) to work on /home/airflow/.local/lib/python3.8/site-packages/airflow/example_dags/example_branch_labels.py
[2024-03-27T00:18:08.776+0000] {processor.py:830} INFO - Processing file /home/airflow/.local/lib/python3.8/site-packages/airflow/example_dags/example_branch_labels.py for tasks to queue
[2024-03-27T00:18:08.778+0000] {logging_mixin.py:188} INFO - [2024-03-27T00:18:08.777+0000] {dagbag.py:540} INFO - Filling up the DagBag from /home/airflow/.local/lib/python3.8/site-packages/airflow/example_dags/example_branch_labels.py
[2024-03-27T00:18:08.784+0000] {processor.py:840} INFO - DAG(s) 'example_branch_labels' retrieved from /home/airflow/.local/lib/python3.8/site-packages/airflow/example_dags/example_branch_labels.py
[2024-03-27T00:18:08.803+0000] {logging_mixin.py:188} INFO - [2024-03-27T00:18:08.803+0000] {dag.py:3047} INFO - Sync 1 DAGs
[2024-03-27T00:18:08.816+0000] {logging_mixin.py:188} INFO - [2024-03-27T00:18:08.816+0000] {dag.py:3834} INFO - Setting next_dagrun for example_branch_labels to 2024-03-26 00:00:00+00:00, run_after=2024-03-27 00:00:00+00:00
[2024-03-27T00:18:08.827+0000] {processor.py:183} INFO - Processing /home/airflow/.local/lib/python3.8/site-packages/airflow/example_dags/example_branch_labels.py took 0.054 seconds
[2024-03-27T00:18:38.926+0000] {processor.py:161} INFO - Started process (PID=6883) to work on /home/airflow/.local/lib/python3.8/site-packages/airflow/example_dags/example_branch_labels.py
[2024-03-27T00:18:38.927+0000] {processor.py:830} INFO - Processing file /home/airflow/.local/lib/python3.8/site-packages/airflow/example_dags/example_branch_labels.py for tasks to queue
[2024-03-27T00:18:38.928+0000] {logging_mixin.py:188} INFO - [2024-03-27T00:18:38.928+0000] {dagbag.py:540} INFO - Filling up the DagBag from /home/airflow/.local/lib/python3.8/site-packages/airflow/example_dags/example_branch_labels.py
[2024-03-27T00:18:38.932+0000] {processor.py:840} INFO - DAG(s) 'example_branch_labels' retrieved from /home/airflow/.local/lib/python3.8/site-packages/airflow/example_dags/example_branch_labels.py
[2024-03-27T00:18:38.943+0000] {logging_mixin.py:188} INFO - [2024-03-27T00:18:38.943+0000] {dag.py:3047} INFO - Sync 1 DAGs
[2024-03-27T00:18:38.954+0000] {logging_mixin.py:188} INFO - [2024-03-27T00:18:38.953+0000] {dag.py:3834} INFO - Setting next_dagrun for example_branch_labels to 2024-03-26 00:00:00+00:00, run_after=2024-03-27 00:00:00+00:00
[2024-03-27T00:18:38.962+0000] {processor.py:183} INFO - Processing /home/airflow/.local/lib/python3.8/site-packages/airflow/example_dags/example_branch_labels.py took 0.037 seconds
[2024-03-27T00:19:09.206+0000] {processor.py:161} INFO - Started process (PID=6938) to work on /home/airflow/.local/lib/python3.8/site-packages/airflow/example_dags/example_branch_labels.py
[2024-03-27T00:19:09.207+0000] {processor.py:830} INFO - Processing file /home/airflow/.local/lib/python3.8/site-packages/airflow/example_dags/example_branch_labels.py for tasks to queue
[2024-03-27T00:19:09.208+0000] {logging_mixin.py:188} INFO - [2024-03-27T00:19:09.208+0000] {dagbag.py:540} INFO - Filling up the DagBag from /home/airflow/.local/lib/python3.8/site-packages/airflow/example_dags/example_branch_labels.py
[2024-03-27T00:19:09.214+0000] {processor.py:840} INFO - DAG(s) 'example_branch_labels' retrieved from /home/airflow/.local/lib/python3.8/site-packages/airflow/example_dags/example_branch_labels.py
[2024-03-27T00:19:09.226+0000] {logging_mixin.py:188} INFO - [2024-03-27T00:19:09.226+0000] {dag.py:3047} INFO - Sync 1 DAGs
[2024-03-27T00:19:09.236+0000] {logging_mixin.py:188} INFO - [2024-03-27T00:19:09.236+0000] {dag.py:3834} INFO - Setting next_dagrun for example_branch_labels to 2024-03-26 00:00:00+00:00, run_after=2024-03-27 00:00:00+00:00
[2024-03-27T00:19:09.244+0000] {processor.py:183} INFO - Processing /home/airflow/.local/lib/python3.8/site-packages/airflow/example_dags/example_branch_labels.py took 0.040 seconds
[2024-03-27T00:19:39.315+0000] {processor.py:161} INFO - Started process (PID=6993) to work on /home/airflow/.local/lib/python3.8/site-packages/airflow/example_dags/example_branch_labels.py
[2024-03-27T00:19:39.315+0000] {processor.py:830} INFO - Processing file /home/airflow/.local/lib/python3.8/site-packages/airflow/example_dags/example_branch_labels.py for tasks to queue
[2024-03-27T00:19:39.316+0000] {logging_mixin.py:188} INFO - [2024-03-27T00:19:39.316+0000] {dagbag.py:540} INFO - Filling up the DagBag from /home/airflow/.local/lib/python3.8/site-packages/airflow/example_dags/example_branch_labels.py
[2024-03-27T00:19:39.321+0000] {processor.py:840} INFO - DAG(s) 'example_branch_labels' retrieved from /home/airflow/.local/lib/python3.8/site-packages/airflow/example_dags/example_branch_labels.py
[2024-03-27T00:19:39.331+0000] {logging_mixin.py:188} INFO - [2024-03-27T00:19:39.331+0000] {dag.py:3047} INFO - Sync 1 DAGs
[2024-03-27T00:19:39.341+0000] {logging_mixin.py:188} INFO - [2024-03-27T00:19:39.341+0000] {dag.py:3834} INFO - Setting next_dagrun for example_branch_labels to 2024-03-26 00:00:00+00:00, run_after=2024-03-27 00:00:00+00:00
[2024-03-27T00:19:39.350+0000] {processor.py:183} INFO - Processing /home/airflow/.local/lib/python3.8/site-packages/airflow/example_dags/example_branch_labels.py took 0.037 seconds
[2024-03-27T00:20:10.203+0000] {processor.py:161} INFO - Started process (PID=7048) to work on /home/airflow/.local/lib/python3.8/site-packages/airflow/example_dags/example_branch_labels.py
[2024-03-27T00:20:10.204+0000] {processor.py:830} INFO - Processing file /home/airflow/.local/lib/python3.8/site-packages/airflow/example_dags/example_branch_labels.py for tasks to queue
[2024-03-27T00:20:10.205+0000] {logging_mixin.py:188} INFO - [2024-03-27T00:20:10.205+0000] {dagbag.py:540} INFO - Filling up the DagBag from /home/airflow/.local/lib/python3.8/site-packages/airflow/example_dags/example_branch_labels.py
[2024-03-27T00:20:10.210+0000] {processor.py:840} INFO - DAG(s) 'example_branch_labels' retrieved from /home/airflow/.local/lib/python3.8/site-packages/airflow/example_dags/example_branch_labels.py
[2024-03-27T00:20:10.220+0000] {logging_mixin.py:188} INFO - [2024-03-27T00:20:10.220+0000] {dag.py:3047} INFO - Sync 1 DAGs
[2024-03-27T00:20:10.232+0000] {logging_mixin.py:188} INFO - [2024-03-27T00:20:10.232+0000] {dag.py:3834} INFO - Setting next_dagrun for example_branch_labels to 2024-03-26 00:00:00+00:00, run_after=2024-03-27 00:00:00+00:00
[2024-03-27T00:20:10.241+0000] {processor.py:183} INFO - Processing /home/airflow/.local/lib/python3.8/site-packages/airflow/example_dags/example_branch_labels.py took 0.039 seconds
[2024-03-27T00:20:40.789+0000] {processor.py:161} INFO - Started process (PID=7103) to work on /home/airflow/.local/lib/python3.8/site-packages/airflow/example_dags/example_branch_labels.py
[2024-03-27T00:20:40.789+0000] {processor.py:830} INFO - Processing file /home/airflow/.local/lib/python3.8/site-packages/airflow/example_dags/example_branch_labels.py for tasks to queue
[2024-03-27T00:20:40.790+0000] {logging_mixin.py:188} INFO - [2024-03-27T00:20:40.790+0000] {dagbag.py:540} INFO - Filling up the DagBag from /home/airflow/.local/lib/python3.8/site-packages/airflow/example_dags/example_branch_labels.py
[2024-03-27T00:20:40.794+0000] {processor.py:840} INFO - DAG(s) 'example_branch_labels' retrieved from /home/airflow/.local/lib/python3.8/site-packages/airflow/example_dags/example_branch_labels.py
[2024-03-27T00:20:40.805+0000] {logging_mixin.py:188} INFO - [2024-03-27T00:20:40.804+0000] {dag.py:3047} INFO - Sync 1 DAGs
[2024-03-27T00:20:40.815+0000] {logging_mixin.py:188} INFO - [2024-03-27T00:20:40.814+0000] {dag.py:3834} INFO - Setting next_dagrun for example_branch_labels to 2024-03-26 00:00:00+00:00, run_after=2024-03-27 00:00:00+00:00
[2024-03-27T00:20:40.822+0000] {processor.py:183} INFO - Processing /home/airflow/.local/lib/python3.8/site-packages/airflow/example_dags/example_branch_labels.py took 0.035 seconds
[2024-03-27T00:21:11.480+0000] {processor.py:161} INFO - Started process (PID=7158) to work on /home/airflow/.local/lib/python3.8/site-packages/airflow/example_dags/example_branch_labels.py
[2024-03-27T00:21:11.480+0000] {processor.py:830} INFO - Processing file /home/airflow/.local/lib/python3.8/site-packages/airflow/example_dags/example_branch_labels.py for tasks to queue
[2024-03-27T00:21:11.481+0000] {logging_mixin.py:188} INFO - [2024-03-27T00:21:11.481+0000] {dagbag.py:540} INFO - Filling up the DagBag from /home/airflow/.local/lib/python3.8/site-packages/airflow/example_dags/example_branch_labels.py
[2024-03-27T00:21:11.486+0000] {processor.py:840} INFO - DAG(s) 'example_branch_labels' retrieved from /home/airflow/.local/lib/python3.8/site-packages/airflow/example_dags/example_branch_labels.py
[2024-03-27T00:21:11.496+0000] {logging_mixin.py:188} INFO - [2024-03-27T00:21:11.496+0000] {dag.py:3047} INFO - Sync 1 DAGs
[2024-03-27T00:21:11.506+0000] {logging_mixin.py:188} INFO - [2024-03-27T00:21:11.506+0000] {dag.py:3834} INFO - Setting next_dagrun for example_branch_labels to 2024-03-26 00:00:00+00:00, run_after=2024-03-27 00:00:00+00:00
[2024-03-27T00:21:11.514+0000] {processor.py:183} INFO - Processing /home/airflow/.local/lib/python3.8/site-packages/airflow/example_dags/example_branch_labels.py took 0.036 seconds
[2024-03-27T00:21:42.214+0000] {processor.py:161} INFO - Started process (PID=7213) to work on /home/airflow/.local/lib/python3.8/site-packages/airflow/example_dags/example_branch_labels.py
[2024-03-27T00:21:42.215+0000] {processor.py:830} INFO - Processing file /home/airflow/.local/lib/python3.8/site-packages/airflow/example_dags/example_branch_labels.py for tasks to queue
[2024-03-27T00:21:42.216+0000] {logging_mixin.py:188} INFO - [2024-03-27T00:21:42.216+0000] {dagbag.py:540} INFO - Filling up the DagBag from /home/airflow/.local/lib/python3.8/site-packages/airflow/example_dags/example_branch_labels.py
[2024-03-27T00:21:42.220+0000] {processor.py:840} INFO - DAG(s) 'example_branch_labels' retrieved from /home/airflow/.local/lib/python3.8/site-packages/airflow/example_dags/example_branch_labels.py
[2024-03-27T00:21:42.233+0000] {logging_mixin.py:188} INFO - [2024-03-27T00:21:42.233+0000] {dag.py:3047} INFO - Sync 1 DAGs
[2024-03-27T00:21:42.245+0000] {logging_mixin.py:188} INFO - [2024-03-27T00:21:42.244+0000] {dag.py:3834} INFO - Setting next_dagrun for example_branch_labels to 2024-03-26 00:00:00+00:00, run_after=2024-03-27 00:00:00+00:00
[2024-03-27T00:21:42.253+0000] {processor.py:183} INFO - Processing /home/airflow/.local/lib/python3.8/site-packages/airflow/example_dags/example_branch_labels.py took 0.041 seconds
[2024-03-27T00:22:12.844+0000] {processor.py:161} INFO - Started process (PID=7268) to work on /home/airflow/.local/lib/python3.8/site-packages/airflow/example_dags/example_branch_labels.py
[2024-03-27T00:22:12.845+0000] {processor.py:830} INFO - Processing file /home/airflow/.local/lib/python3.8/site-packages/airflow/example_dags/example_branch_labels.py for tasks to queue
[2024-03-27T00:22:12.846+0000] {logging_mixin.py:188} INFO - [2024-03-27T00:22:12.845+0000] {dagbag.py:540} INFO - Filling up the DagBag from /home/airflow/.local/lib/python3.8/site-packages/airflow/example_dags/example_branch_labels.py
[2024-03-27T00:22:12.850+0000] {processor.py:840} INFO - DAG(s) 'example_branch_labels' retrieved from /home/airflow/.local/lib/python3.8/site-packages/airflow/example_dags/example_branch_labels.py
[2024-03-27T00:22:12.860+0000] {logging_mixin.py:188} INFO - [2024-03-27T00:22:12.860+0000] {dag.py:3047} INFO - Sync 1 DAGs
[2024-03-27T00:22:12.871+0000] {logging_mixin.py:188} INFO - [2024-03-27T00:22:12.871+0000] {dag.py:3834} INFO - Setting next_dagrun for example_branch_labels to 2024-03-26 00:00:00+00:00, run_after=2024-03-27 00:00:00+00:00
[2024-03-27T00:22:12.878+0000] {processor.py:183} INFO - Processing /home/airflow/.local/lib/python3.8/site-packages/airflow/example_dags/example_branch_labels.py took 0.036 seconds
[2024-03-27T00:22:43.566+0000] {processor.py:161} INFO - Started process (PID=7323) to work on /home/airflow/.local/lib/python3.8/site-packages/airflow/example_dags/example_branch_labels.py
[2024-03-27T00:22:43.566+0000] {processor.py:830} INFO - Processing file /home/airflow/.local/lib/python3.8/site-packages/airflow/example_dags/example_branch_labels.py for tasks to queue
[2024-03-27T00:22:43.567+0000] {logging_mixin.py:188} INFO - [2024-03-27T00:22:43.567+0000] {dagbag.py:540} INFO - Filling up the DagBag from /home/airflow/.local/lib/python3.8/site-packages/airflow/example_dags/example_branch_labels.py
[2024-03-27T00:22:43.572+0000] {processor.py:840} INFO - DAG(s) 'example_branch_labels' retrieved from /home/airflow/.local/lib/python3.8/site-packages/airflow/example_dags/example_branch_labels.py
[2024-03-27T00:22:43.583+0000] {logging_mixin.py:188} INFO - [2024-03-27T00:22:43.583+0000] {dag.py:3047} INFO - Sync 1 DAGs
[2024-03-27T00:22:43.594+0000] {logging_mixin.py:188} INFO - [2024-03-27T00:22:43.594+0000] {dag.py:3834} INFO - Setting next_dagrun for example_branch_labels to 2024-03-26 00:00:00+00:00, run_after=2024-03-27 00:00:00+00:00
[2024-03-27T00:22:43.602+0000] {processor.py:183} INFO - Processing /home/airflow/.local/lib/python3.8/site-packages/airflow/example_dags/example_branch_labels.py took 0.039 seconds
[2024-03-27T00:23:14.231+0000] {processor.py:161} INFO - Started process (PID=7378) to work on /home/airflow/.local/lib/python3.8/site-packages/airflow/example_dags/example_branch_labels.py
[2024-03-27T00:23:14.231+0000] {processor.py:830} INFO - Processing file /home/airflow/.local/lib/python3.8/site-packages/airflow/example_dags/example_branch_labels.py for tasks to queue
[2024-03-27T00:23:14.232+0000] {logging_mixin.py:188} INFO - [2024-03-27T00:23:14.232+0000] {dagbag.py:540} INFO - Filling up the DagBag from /home/airflow/.local/lib/python3.8/site-packages/airflow/example_dags/example_branch_labels.py
[2024-03-27T00:23:14.237+0000] {processor.py:840} INFO - DAG(s) 'example_branch_labels' retrieved from /home/airflow/.local/lib/python3.8/site-packages/airflow/example_dags/example_branch_labels.py
[2024-03-27T00:23:14.248+0000] {logging_mixin.py:188} INFO - [2024-03-27T00:23:14.247+0000] {dag.py:3047} INFO - Sync 1 DAGs
[2024-03-27T00:23:14.258+0000] {logging_mixin.py:188} INFO - [2024-03-27T00:23:14.258+0000] {dag.py:3834} INFO - Setting next_dagrun for example_branch_labels to 2024-03-26 00:00:00+00:00, run_after=2024-03-27 00:00:00+00:00
[2024-03-27T00:23:14.266+0000] {processor.py:183} INFO - Processing /home/airflow/.local/lib/python3.8/site-packages/airflow/example_dags/example_branch_labels.py took 0.037 seconds
[2024-03-27T00:23:44.916+0000] {processor.py:161} INFO - Started process (PID=7433) to work on /home/airflow/.local/lib/python3.8/site-packages/airflow/example_dags/example_branch_labels.py
[2024-03-27T00:23:44.917+0000] {processor.py:830} INFO - Processing file /home/airflow/.local/lib/python3.8/site-packages/airflow/example_dags/example_branch_labels.py for tasks to queue
[2024-03-27T00:23:44.918+0000] {logging_mixin.py:188} INFO - [2024-03-27T00:23:44.917+0000] {dagbag.py:540} INFO - Filling up the DagBag from /home/airflow/.local/lib/python3.8/site-packages/airflow/example_dags/example_branch_labels.py
[2024-03-27T00:23:44.922+0000] {processor.py:840} INFO - DAG(s) 'example_branch_labels' retrieved from /home/airflow/.local/lib/python3.8/site-packages/airflow/example_dags/example_branch_labels.py
[2024-03-27T00:23:44.933+0000] {logging_mixin.py:188} INFO - [2024-03-27T00:23:44.933+0000] {dag.py:3047} INFO - Sync 1 DAGs
[2024-03-27T00:23:44.944+0000] {logging_mixin.py:188} INFO - [2024-03-27T00:23:44.944+0000] {dag.py:3834} INFO - Setting next_dagrun for example_branch_labels to 2024-03-26 00:00:00+00:00, run_after=2024-03-27 00:00:00+00:00
[2024-03-27T00:23:44.952+0000] {processor.py:183} INFO - Processing /home/airflow/.local/lib/python3.8/site-packages/airflow/example_dags/example_branch_labels.py took 0.038 seconds
[2024-03-27T00:24:15.555+0000] {processor.py:161} INFO - Started process (PID=7488) to work on /home/airflow/.local/lib/python3.8/site-packages/airflow/example_dags/example_branch_labels.py
[2024-03-27T00:24:15.556+0000] {processor.py:830} INFO - Processing file /home/airflow/.local/lib/python3.8/site-packages/airflow/example_dags/example_branch_labels.py for tasks to queue
[2024-03-27T00:24:15.557+0000] {logging_mixin.py:188} INFO - [2024-03-27T00:24:15.557+0000] {dagbag.py:540} INFO - Filling up the DagBag from /home/airflow/.local/lib/python3.8/site-packages/airflow/example_dags/example_branch_labels.py
[2024-03-27T00:24:15.561+0000] {processor.py:840} INFO - DAG(s) 'example_branch_labels' retrieved from /home/airflow/.local/lib/python3.8/site-packages/airflow/example_dags/example_branch_labels.py
[2024-03-27T00:24:15.572+0000] {logging_mixin.py:188} INFO - [2024-03-27T00:24:15.571+0000] {dag.py:3047} INFO - Sync 1 DAGs
[2024-03-27T00:24:15.582+0000] {logging_mixin.py:188} INFO - [2024-03-27T00:24:15.582+0000] {dag.py:3834} INFO - Setting next_dagrun for example_branch_labels to 2024-03-26 00:00:00+00:00, run_after=2024-03-27 00:00:00+00:00
[2024-03-27T00:24:15.590+0000] {processor.py:183} INFO - Processing /home/airflow/.local/lib/python3.8/site-packages/airflow/example_dags/example_branch_labels.py took 0.036 seconds
[2024-03-27T00:24:46.493+0000] {processor.py:161} INFO - Started process (PID=7543) to work on /home/airflow/.local/lib/python3.8/site-packages/airflow/example_dags/example_branch_labels.py
[2024-03-27T00:24:46.494+0000] {processor.py:830} INFO - Processing file /home/airflow/.local/lib/python3.8/site-packages/airflow/example_dags/example_branch_labels.py for tasks to queue
[2024-03-27T00:24:46.495+0000] {logging_mixin.py:188} INFO - [2024-03-27T00:24:46.495+0000] {dagbag.py:540} INFO - Filling up the DagBag from /home/airflow/.local/lib/python3.8/site-packages/airflow/example_dags/example_branch_labels.py
[2024-03-27T00:24:46.500+0000] {processor.py:840} INFO - DAG(s) 'example_branch_labels' retrieved from /home/airflow/.local/lib/python3.8/site-packages/airflow/example_dags/example_branch_labels.py
[2024-03-27T00:24:46.511+0000] {logging_mixin.py:188} INFO - [2024-03-27T00:24:46.510+0000] {dag.py:3047} INFO - Sync 1 DAGs
[2024-03-27T00:24:46.522+0000] {logging_mixin.py:188} INFO - [2024-03-27T00:24:46.522+0000] {dag.py:3834} INFO - Setting next_dagrun for example_branch_labels to 2024-03-26 00:00:00+00:00, run_after=2024-03-27 00:00:00+00:00
[2024-03-27T00:24:46.530+0000] {processor.py:183} INFO - Processing /home/airflow/.local/lib/python3.8/site-packages/airflow/example_dags/example_branch_labels.py took 0.039 seconds
[2024-03-27T00:31:02.637+0000] {processor.py:161} INFO - Started process (PID=7598) to work on /home/airflow/.local/lib/python3.8/site-packages/airflow/example_dags/example_branch_labels.py
[2024-03-27T00:31:02.638+0000] {processor.py:830} INFO - Processing file /home/airflow/.local/lib/python3.8/site-packages/airflow/example_dags/example_branch_labels.py for tasks to queue
[2024-03-27T00:31:02.639+0000] {logging_mixin.py:188} INFO - [2024-03-27T00:31:02.639+0000] {dagbag.py:540} INFO - Filling up the DagBag from /home/airflow/.local/lib/python3.8/site-packages/airflow/example_dags/example_branch_labels.py
[2024-03-27T00:31:02.643+0000] {processor.py:840} INFO - DAG(s) 'example_branch_labels' retrieved from /home/airflow/.local/lib/python3.8/site-packages/airflow/example_dags/example_branch_labels.py
[2024-03-27T00:31:02.655+0000] {logging_mixin.py:188} INFO - [2024-03-27T00:31:02.655+0000] {dag.py:3047} INFO - Sync 1 DAGs
[2024-03-27T00:31:02.667+0000] {logging_mixin.py:188} INFO - [2024-03-27T00:31:02.667+0000] {dag.py:3834} INFO - Setting next_dagrun for example_branch_labels to 2024-03-26 00:00:00+00:00, run_after=2024-03-27 00:00:00+00:00
[2024-03-27T00:31:02.678+0000] {processor.py:183} INFO - Processing /home/airflow/.local/lib/python3.8/site-packages/airflow/example_dags/example_branch_labels.py took 0.043 seconds
[2024-03-27T00:34:03.027+0000] {processor.py:161} INFO - Started process (PID=7653) to work on /home/airflow/.local/lib/python3.8/site-packages/airflow/example_dags/example_branch_labels.py
[2024-03-27T00:34:03.027+0000] {processor.py:830} INFO - Processing file /home/airflow/.local/lib/python3.8/site-packages/airflow/example_dags/example_branch_labels.py for tasks to queue
[2024-03-27T00:34:03.028+0000] {logging_mixin.py:188} INFO - [2024-03-27T00:34:03.028+0000] {dagbag.py:540} INFO - Filling up the DagBag from /home/airflow/.local/lib/python3.8/site-packages/airflow/example_dags/example_branch_labels.py
[2024-03-27T00:34:03.032+0000] {processor.py:840} INFO - DAG(s) 'example_branch_labels' retrieved from /home/airflow/.local/lib/python3.8/site-packages/airflow/example_dags/example_branch_labels.py
[2024-03-27T00:34:03.043+0000] {logging_mixin.py:188} INFO - [2024-03-27T00:34:03.043+0000] {dag.py:3047} INFO - Sync 1 DAGs
[2024-03-27T00:34:03.055+0000] {logging_mixin.py:188} INFO - [2024-03-27T00:34:03.055+0000] {dag.py:3834} INFO - Setting next_dagrun for example_branch_labels to 2024-03-26 00:00:00+00:00, run_after=2024-03-27 00:00:00+00:00
[2024-03-27T00:34:03.063+0000] {processor.py:183} INFO - Processing /home/airflow/.local/lib/python3.8/site-packages/airflow/example_dags/example_branch_labels.py took 0.039 seconds
[2024-03-27T00:40:16.459+0000] {processor.py:161} INFO - Started process (PID=7708) to work on /home/airflow/.local/lib/python3.8/site-packages/airflow/example_dags/example_branch_labels.py
[2024-03-27T00:40:16.460+0000] {processor.py:830} INFO - Processing file /home/airflow/.local/lib/python3.8/site-packages/airflow/example_dags/example_branch_labels.py for tasks to queue
[2024-03-27T00:40:16.461+0000] {logging_mixin.py:188} INFO - [2024-03-27T00:40:16.460+0000] {dagbag.py:540} INFO - Filling up the DagBag from /home/airflow/.local/lib/python3.8/site-packages/airflow/example_dags/example_branch_labels.py
[2024-03-27T00:40:16.465+0000] {processor.py:840} INFO - DAG(s) 'example_branch_labels' retrieved from /home/airflow/.local/lib/python3.8/site-packages/airflow/example_dags/example_branch_labels.py
[2024-03-27T00:40:16.475+0000] {logging_mixin.py:188} INFO - [2024-03-27T00:40:16.475+0000] {dag.py:3047} INFO - Sync 1 DAGs
[2024-03-27T00:40:16.486+0000] {logging_mixin.py:188} INFO - [2024-03-27T00:40:16.486+0000] {dag.py:3834} INFO - Setting next_dagrun for example_branch_labels to 2024-03-26 00:00:00+00:00, run_after=2024-03-27 00:00:00+00:00
[2024-03-27T00:40:16.494+0000] {processor.py:183} INFO - Processing /home/airflow/.local/lib/python3.8/site-packages/airflow/example_dags/example_branch_labels.py took 0.037 seconds
[2024-03-27T00:41:13.453+0000] {processor.py:161} INFO - Started process (PID=7763) to work on /home/airflow/.local/lib/python3.8/site-packages/airflow/example_dags/example_branch_labels.py
[2024-03-27T00:41:13.454+0000] {processor.py:830} INFO - Processing file /home/airflow/.local/lib/python3.8/site-packages/airflow/example_dags/example_branch_labels.py for tasks to queue
[2024-03-27T00:41:13.456+0000] {logging_mixin.py:188} INFO - [2024-03-27T00:41:13.456+0000] {dagbag.py:540} INFO - Filling up the DagBag from /home/airflow/.local/lib/python3.8/site-packages/airflow/example_dags/example_branch_labels.py
[2024-03-27T00:41:13.461+0000] {processor.py:840} INFO - DAG(s) 'example_branch_labels' retrieved from /home/airflow/.local/lib/python3.8/site-packages/airflow/example_dags/example_branch_labels.py
[2024-03-27T00:41:13.471+0000] {logging_mixin.py:188} INFO - [2024-03-27T00:41:13.471+0000] {dag.py:3047} INFO - Sync 1 DAGs
[2024-03-27T00:41:13.483+0000] {logging_mixin.py:188} INFO - [2024-03-27T00:41:13.483+0000] {dag.py:3834} INFO - Setting next_dagrun for example_branch_labels to 2024-03-26 00:00:00+00:00, run_after=2024-03-27 00:00:00+00:00
[2024-03-27T00:41:13.494+0000] {processor.py:183} INFO - Processing /home/airflow/.local/lib/python3.8/site-packages/airflow/example_dags/example_branch_labels.py took 0.043 seconds
[2024-03-27T00:42:56.069+0000] {processor.py:161} INFO - Started process (PID=7818) to work on /home/airflow/.local/lib/python3.8/site-packages/airflow/example_dags/example_branch_labels.py
[2024-03-27T00:42:56.070+0000] {processor.py:830} INFO - Processing file /home/airflow/.local/lib/python3.8/site-packages/airflow/example_dags/example_branch_labels.py for tasks to queue
[2024-03-27T00:42:56.071+0000] {logging_mixin.py:188} INFO - [2024-03-27T00:42:56.070+0000] {dagbag.py:540} INFO - Filling up the DagBag from /home/airflow/.local/lib/python3.8/site-packages/airflow/example_dags/example_branch_labels.py
[2024-03-27T00:42:56.075+0000] {processor.py:840} INFO - DAG(s) 'example_branch_labels' retrieved from /home/airflow/.local/lib/python3.8/site-packages/airflow/example_dags/example_branch_labels.py
[2024-03-27T00:42:56.085+0000] {logging_mixin.py:188} INFO - [2024-03-27T00:42:56.085+0000] {dag.py:3047} INFO - Sync 1 DAGs
[2024-03-27T00:42:56.096+0000] {logging_mixin.py:188} INFO - [2024-03-27T00:42:56.096+0000] {dag.py:3834} INFO - Setting next_dagrun for example_branch_labels to 2024-03-26 00:00:00+00:00, run_after=2024-03-27 00:00:00+00:00
[2024-03-27T00:42:56.104+0000] {processor.py:183} INFO - Processing /home/airflow/.local/lib/python3.8/site-packages/airflow/example_dags/example_branch_labels.py took 0.037 seconds
[2024-03-27T00:45:42.251+0000] {processor.py:161} INFO - Started process (PID=7873) to work on /home/airflow/.local/lib/python3.8/site-packages/airflow/example_dags/example_branch_labels.py
[2024-03-27T00:45:42.252+0000] {processor.py:830} INFO - Processing file /home/airflow/.local/lib/python3.8/site-packages/airflow/example_dags/example_branch_labels.py for tasks to queue
[2024-03-27T00:45:42.253+0000] {logging_mixin.py:188} INFO - [2024-03-27T00:45:42.253+0000] {dagbag.py:540} INFO - Filling up the DagBag from /home/airflow/.local/lib/python3.8/site-packages/airflow/example_dags/example_branch_labels.py
[2024-03-27T00:45:42.257+0000] {processor.py:840} INFO - DAG(s) 'example_branch_labels' retrieved from /home/airflow/.local/lib/python3.8/site-packages/airflow/example_dags/example_branch_labels.py
[2024-03-27T00:45:42.268+0000] {logging_mixin.py:188} INFO - [2024-03-27T00:45:42.268+0000] {dag.py:3047} INFO - Sync 1 DAGs
[2024-03-27T00:45:42.278+0000] {logging_mixin.py:188} INFO - [2024-03-27T00:45:42.278+0000] {dag.py:3834} INFO - Setting next_dagrun for example_branch_labels to 2024-03-26 00:00:00+00:00, run_after=2024-03-27 00:00:00+00:00
[2024-03-27T00:45:42.287+0000] {processor.py:183} INFO - Processing /home/airflow/.local/lib/python3.8/site-packages/airflow/example_dags/example_branch_labels.py took 0.038 seconds
[2024-03-27T00:49:39.391+0000] {processor.py:161} INFO - Started process (PID=7928) to work on /home/airflow/.local/lib/python3.8/site-packages/airflow/example_dags/example_branch_labels.py
[2024-03-27T00:49:39.392+0000] {processor.py:830} INFO - Processing file /home/airflow/.local/lib/python3.8/site-packages/airflow/example_dags/example_branch_labels.py for tasks to queue
[2024-03-27T00:49:39.393+0000] {logging_mixin.py:188} INFO - [2024-03-27T00:49:39.392+0000] {dagbag.py:540} INFO - Filling up the DagBag from /home/airflow/.local/lib/python3.8/site-packages/airflow/example_dags/example_branch_labels.py
[2024-03-27T00:49:39.397+0000] {processor.py:840} INFO - DAG(s) 'example_branch_labels' retrieved from /home/airflow/.local/lib/python3.8/site-packages/airflow/example_dags/example_branch_labels.py
[2024-03-27T00:49:39.407+0000] {logging_mixin.py:188} INFO - [2024-03-27T00:49:39.407+0000] {dag.py:3047} INFO - Sync 1 DAGs
[2024-03-27T00:49:39.418+0000] {logging_mixin.py:188} INFO - [2024-03-27T00:49:39.418+0000] {dag.py:3834} INFO - Setting next_dagrun for example_branch_labels to 2024-03-26 00:00:00+00:00, run_after=2024-03-27 00:00:00+00:00
[2024-03-27T00:49:39.426+0000] {processor.py:183} INFO - Processing /home/airflow/.local/lib/python3.8/site-packages/airflow/example_dags/example_branch_labels.py took 0.037 seconds
[2024-03-27T00:50:38.491+0000] {processor.py:161} INFO - Started process (PID=7983) to work on /home/airflow/.local/lib/python3.8/site-packages/airflow/example_dags/example_branch_labels.py
[2024-03-27T00:50:38.491+0000] {processor.py:830} INFO - Processing file /home/airflow/.local/lib/python3.8/site-packages/airflow/example_dags/example_branch_labels.py for tasks to queue
[2024-03-27T00:50:38.493+0000] {logging_mixin.py:188} INFO - [2024-03-27T00:50:38.493+0000] {dagbag.py:540} INFO - Filling up the DagBag from /home/airflow/.local/lib/python3.8/site-packages/airflow/example_dags/example_branch_labels.py
[2024-03-27T00:50:38.497+0000] {processor.py:840} INFO - DAG(s) 'example_branch_labels' retrieved from /home/airflow/.local/lib/python3.8/site-packages/airflow/example_dags/example_branch_labels.py
[2024-03-27T00:50:38.510+0000] {logging_mixin.py:188} INFO - [2024-03-27T00:50:38.510+0000] {dag.py:3047} INFO - Sync 1 DAGs
[2024-03-27T00:50:38.521+0000] {logging_mixin.py:188} INFO - [2024-03-27T00:50:38.520+0000] {dag.py:3834} INFO - Setting next_dagrun for example_branch_labels to 2024-03-26 00:00:00+00:00, run_after=2024-03-27 00:00:00+00:00
[2024-03-27T00:50:38.529+0000] {processor.py:183} INFO - Processing /home/airflow/.local/lib/python3.8/site-packages/airflow/example_dags/example_branch_labels.py took 0.040 seconds
[2024-03-27T00:51:23.528+0000] {processor.py:161} INFO - Started process (PID=8038) to work on /home/airflow/.local/lib/python3.8/site-packages/airflow/example_dags/example_branch_labels.py
[2024-03-27T00:51:23.528+0000] {processor.py:830} INFO - Processing file /home/airflow/.local/lib/python3.8/site-packages/airflow/example_dags/example_branch_labels.py for tasks to queue
[2024-03-27T00:51:23.529+0000] {logging_mixin.py:188} INFO - [2024-03-27T00:51:23.529+0000] {dagbag.py:540} INFO - Filling up the DagBag from /home/airflow/.local/lib/python3.8/site-packages/airflow/example_dags/example_branch_labels.py
[2024-03-27T00:51:23.534+0000] {processor.py:840} INFO - DAG(s) 'example_branch_labels' retrieved from /home/airflow/.local/lib/python3.8/site-packages/airflow/example_dags/example_branch_labels.py
[2024-03-27T00:51:23.545+0000] {logging_mixin.py:188} INFO - [2024-03-27T00:51:23.545+0000] {dag.py:3047} INFO - Sync 1 DAGs
[2024-03-27T00:51:23.557+0000] {logging_mixin.py:188} INFO - [2024-03-27T00:51:23.557+0000] {dag.py:3834} INFO - Setting next_dagrun for example_branch_labels to 2024-03-26 00:00:00+00:00, run_after=2024-03-27 00:00:00+00:00
[2024-03-27T00:51:23.565+0000] {processor.py:183} INFO - Processing /home/airflow/.local/lib/python3.8/site-packages/airflow/example_dags/example_branch_labels.py took 0.040 seconds
[2024-03-27T00:53:00.836+0000] {processor.py:161} INFO - Started process (PID=8093) to work on /home/airflow/.local/lib/python3.8/site-packages/airflow/example_dags/example_branch_labels.py
[2024-03-27T00:53:00.836+0000] {processor.py:830} INFO - Processing file /home/airflow/.local/lib/python3.8/site-packages/airflow/example_dags/example_branch_labels.py for tasks to queue
[2024-03-27T00:53:00.837+0000] {logging_mixin.py:188} INFO - [2024-03-27T00:53:00.837+0000] {dagbag.py:540} INFO - Filling up the DagBag from /home/airflow/.local/lib/python3.8/site-packages/airflow/example_dags/example_branch_labels.py
[2024-03-27T00:53:00.842+0000] {processor.py:840} INFO - DAG(s) 'example_branch_labels' retrieved from /home/airflow/.local/lib/python3.8/site-packages/airflow/example_dags/example_branch_labels.py
[2024-03-27T00:53:00.852+0000] {logging_mixin.py:188} INFO - [2024-03-27T00:53:00.852+0000] {dag.py:3047} INFO - Sync 1 DAGs
[2024-03-27T00:53:00.862+0000] {logging_mixin.py:188} INFO - [2024-03-27T00:53:00.862+0000] {dag.py:3834} INFO - Setting next_dagrun for example_branch_labels to 2024-03-26 00:00:00+00:00, run_after=2024-03-27 00:00:00+00:00
[2024-03-27T00:53:00.872+0000] {processor.py:183} INFO - Processing /home/airflow/.local/lib/python3.8/site-packages/airflow/example_dags/example_branch_labels.py took 0.039 seconds
[2024-03-27T00:54:00.188+0000] {processor.py:161} INFO - Started process (PID=8148) to work on /home/airflow/.local/lib/python3.8/site-packages/airflow/example_dags/example_branch_labels.py
[2024-03-27T00:54:00.189+0000] {processor.py:830} INFO - Processing file /home/airflow/.local/lib/python3.8/site-packages/airflow/example_dags/example_branch_labels.py for tasks to queue
[2024-03-27T00:54:00.190+0000] {logging_mixin.py:188} INFO - [2024-03-27T00:54:00.190+0000] {dagbag.py:540} INFO - Filling up the DagBag from /home/airflow/.local/lib/python3.8/site-packages/airflow/example_dags/example_branch_labels.py
[2024-03-27T00:54:00.194+0000] {processor.py:840} INFO - DAG(s) 'example_branch_labels' retrieved from /home/airflow/.local/lib/python3.8/site-packages/airflow/example_dags/example_branch_labels.py
[2024-03-27T00:54:00.205+0000] {logging_mixin.py:188} INFO - [2024-03-27T00:54:00.204+0000] {dag.py:3047} INFO - Sync 1 DAGs
[2024-03-27T00:54:00.215+0000] {logging_mixin.py:188} INFO - [2024-03-27T00:54:00.215+0000] {dag.py:3834} INFO - Setting next_dagrun for example_branch_labels to 2024-03-26 00:00:00+00:00, run_after=2024-03-27 00:00:00+00:00
[2024-03-27T00:54:00.223+0000] {processor.py:183} INFO - Processing /home/airflow/.local/lib/python3.8/site-packages/airflow/example_dags/example_branch_labels.py took 0.036 seconds
[2024-03-27T00:54:43.822+0000] {processor.py:161} INFO - Started process (PID=8203) to work on /home/airflow/.local/lib/python3.8/site-packages/airflow/example_dags/example_branch_labels.py
[2024-03-27T00:54:43.823+0000] {processor.py:830} INFO - Processing file /home/airflow/.local/lib/python3.8/site-packages/airflow/example_dags/example_branch_labels.py for tasks to queue
[2024-03-27T00:54:43.824+0000] {logging_mixin.py:188} INFO - [2024-03-27T00:54:43.824+0000] {dagbag.py:540} INFO - Filling up the DagBag from /home/airflow/.local/lib/python3.8/site-packages/airflow/example_dags/example_branch_labels.py
[2024-03-27T00:54:43.828+0000] {processor.py:840} INFO - DAG(s) 'example_branch_labels' retrieved from /home/airflow/.local/lib/python3.8/site-packages/airflow/example_dags/example_branch_labels.py
[2024-03-27T00:54:43.838+0000] {logging_mixin.py:188} INFO - [2024-03-27T00:54:43.838+0000] {dag.py:3047} INFO - Sync 1 DAGs
[2024-03-27T00:54:43.848+0000] {logging_mixin.py:188} INFO - [2024-03-27T00:54:43.848+0000] {dag.py:3834} INFO - Setting next_dagrun for example_branch_labels to 2024-03-26 00:00:00+00:00, run_after=2024-03-27 00:00:00+00:00
[2024-03-27T00:54:43.856+0000] {processor.py:183} INFO - Processing /home/airflow/.local/lib/python3.8/site-packages/airflow/example_dags/example_branch_labels.py took 0.036 seconds
[2024-03-27T00:55:16.668+0000] {processor.py:161} INFO - Started process (PID=8258) to work on /home/airflow/.local/lib/python3.8/site-packages/airflow/example_dags/example_branch_labels.py
[2024-03-27T00:55:16.668+0000] {processor.py:830} INFO - Processing file /home/airflow/.local/lib/python3.8/site-packages/airflow/example_dags/example_branch_labels.py for tasks to queue
[2024-03-27T00:55:16.669+0000] {logging_mixin.py:188} INFO - [2024-03-27T00:55:16.669+0000] {dagbag.py:540} INFO - Filling up the DagBag from /home/airflow/.local/lib/python3.8/site-packages/airflow/example_dags/example_branch_labels.py
[2024-03-27T00:55:16.674+0000] {processor.py:840} INFO - DAG(s) 'example_branch_labels' retrieved from /home/airflow/.local/lib/python3.8/site-packages/airflow/example_dags/example_branch_labels.py
[2024-03-27T00:55:16.684+0000] {logging_mixin.py:188} INFO - [2024-03-27T00:55:16.684+0000] {dag.py:3047} INFO - Sync 1 DAGs
[2024-03-27T00:55:16.694+0000] {logging_mixin.py:188} INFO - [2024-03-27T00:55:16.694+0000] {dag.py:3834} INFO - Setting next_dagrun for example_branch_labels to 2024-03-26 00:00:00+00:00, run_after=2024-03-27 00:00:00+00:00
[2024-03-27T00:55:16.702+0000] {processor.py:183} INFO - Processing /home/airflow/.local/lib/python3.8/site-packages/airflow/example_dags/example_branch_labels.py took 0.036 seconds
[2024-03-27T00:55:58.909+0000] {processor.py:161} INFO - Started process (PID=8312) to work on /home/airflow/.local/lib/python3.8/site-packages/airflow/example_dags/example_branch_labels.py
[2024-03-27T00:55:58.910+0000] {processor.py:830} INFO - Processing file /home/airflow/.local/lib/python3.8/site-packages/airflow/example_dags/example_branch_labels.py for tasks to queue
[2024-03-27T00:55:58.911+0000] {logging_mixin.py:188} INFO - [2024-03-27T00:55:58.910+0000] {dagbag.py:540} INFO - Filling up the DagBag from /home/airflow/.local/lib/python3.8/site-packages/airflow/example_dags/example_branch_labels.py
[2024-03-27T00:55:58.915+0000] {processor.py:840} INFO - DAG(s) 'example_branch_labels' retrieved from /home/airflow/.local/lib/python3.8/site-packages/airflow/example_dags/example_branch_labels.py
[2024-03-27T00:55:58.925+0000] {logging_mixin.py:188} INFO - [2024-03-27T00:55:58.925+0000] {dag.py:3047} INFO - Sync 1 DAGs
[2024-03-27T00:55:58.936+0000] {logging_mixin.py:188} INFO - [2024-03-27T00:55:58.935+0000] {dag.py:3834} INFO - Setting next_dagrun for example_branch_labels to 2024-03-26 00:00:00+00:00, run_after=2024-03-27 00:00:00+00:00
[2024-03-27T00:55:58.943+0000] {processor.py:183} INFO - Processing /home/airflow/.local/lib/python3.8/site-packages/airflow/example_dags/example_branch_labels.py took 0.036 seconds
[2024-03-27T00:58:45.536+0000] {processor.py:161} INFO - Started process (PID=8367) to work on /home/airflow/.local/lib/python3.8/site-packages/airflow/example_dags/example_branch_labels.py
[2024-03-27T00:58:45.537+0000] {processor.py:830} INFO - Processing file /home/airflow/.local/lib/python3.8/site-packages/airflow/example_dags/example_branch_labels.py for tasks to queue
[2024-03-27T00:58:45.537+0000] {logging_mixin.py:188} INFO - [2024-03-27T00:58:45.537+0000] {dagbag.py:540} INFO - Filling up the DagBag from /home/airflow/.local/lib/python3.8/site-packages/airflow/example_dags/example_branch_labels.py
[2024-03-27T00:58:45.542+0000] {processor.py:840} INFO - DAG(s) 'example_branch_labels' retrieved from /home/airflow/.local/lib/python3.8/site-packages/airflow/example_dags/example_branch_labels.py
[2024-03-27T00:58:45.552+0000] {logging_mixin.py:188} INFO - [2024-03-27T00:58:45.552+0000] {dag.py:3047} INFO - Sync 1 DAGs
[2024-03-27T00:58:45.563+0000] {logging_mixin.py:188} INFO - [2024-03-27T00:58:45.563+0000] {dag.py:3834} INFO - Setting next_dagrun for example_branch_labels to 2024-03-26 00:00:00+00:00, run_after=2024-03-27 00:00:00+00:00
[2024-03-27T00:58:45.571+0000] {processor.py:183} INFO - Processing /home/airflow/.local/lib/python3.8/site-packages/airflow/example_dags/example_branch_labels.py took 0.037 seconds
[2024-03-27T01:01:15.084+0000] {processor.py:161} INFO - Started process (PID=8422) to work on /home/airflow/.local/lib/python3.8/site-packages/airflow/example_dags/example_branch_labels.py
[2024-03-27T01:01:15.085+0000] {processor.py:830} INFO - Processing file /home/airflow/.local/lib/python3.8/site-packages/airflow/example_dags/example_branch_labels.py for tasks to queue
[2024-03-27T01:01:15.086+0000] {logging_mixin.py:188} INFO - [2024-03-27T01:01:15.086+0000] {dagbag.py:540} INFO - Filling up the DagBag from /home/airflow/.local/lib/python3.8/site-packages/airflow/example_dags/example_branch_labels.py
[2024-03-27T01:01:15.091+0000] {processor.py:840} INFO - DAG(s) 'example_branch_labels' retrieved from /home/airflow/.local/lib/python3.8/site-packages/airflow/example_dags/example_branch_labels.py
[2024-03-27T01:01:15.102+0000] {logging_mixin.py:188} INFO - [2024-03-27T01:01:15.102+0000] {dag.py:3047} INFO - Sync 1 DAGs
[2024-03-27T01:01:15.113+0000] {logging_mixin.py:188} INFO - [2024-03-27T01:01:15.113+0000] {dag.py:3834} INFO - Setting next_dagrun for example_branch_labels to 2024-03-26 00:00:00+00:00, run_after=2024-03-27 00:00:00+00:00
[2024-03-27T01:01:15.123+0000] {processor.py:183} INFO - Processing /home/airflow/.local/lib/python3.8/site-packages/airflow/example_dags/example_branch_labels.py took 0.040 seconds
[2024-03-27T01:04:44.100+0000] {processor.py:161} INFO - Started process (PID=8477) to work on /home/airflow/.local/lib/python3.8/site-packages/airflow/example_dags/example_branch_labels.py
[2024-03-27T01:04:44.101+0000] {processor.py:830} INFO - Processing file /home/airflow/.local/lib/python3.8/site-packages/airflow/example_dags/example_branch_labels.py for tasks to queue
[2024-03-27T01:04:44.103+0000] {logging_mixin.py:188} INFO - [2024-03-27T01:04:44.102+0000] {dagbag.py:540} INFO - Filling up the DagBag from /home/airflow/.local/lib/python3.8/site-packages/airflow/example_dags/example_branch_labels.py
[2024-03-27T01:04:44.109+0000] {processor.py:840} INFO - DAG(s) 'example_branch_labels' retrieved from /home/airflow/.local/lib/python3.8/site-packages/airflow/example_dags/example_branch_labels.py
[2024-03-27T01:04:44.126+0000] {logging_mixin.py:188} INFO - [2024-03-27T01:04:44.125+0000] {dag.py:3047} INFO - Sync 1 DAGs
[2024-03-27T01:04:44.142+0000] {logging_mixin.py:188} INFO - [2024-03-27T01:04:44.141+0000] {dag.py:3834} INFO - Setting next_dagrun for example_branch_labels to 2024-03-26 00:00:00+00:00, run_after=2024-03-27 00:00:00+00:00
[2024-03-27T01:04:44.156+0000] {processor.py:183} INFO - Processing /home/airflow/.local/lib/python3.8/site-packages/airflow/example_dags/example_branch_labels.py took 0.061 seconds
[2024-03-27T01:08:49.349+0000] {processor.py:161} INFO - Started process (PID=8532) to work on /home/airflow/.local/lib/python3.8/site-packages/airflow/example_dags/example_branch_labels.py
[2024-03-27T01:08:49.350+0000] {processor.py:830} INFO - Processing file /home/airflow/.local/lib/python3.8/site-packages/airflow/example_dags/example_branch_labels.py for tasks to queue
[2024-03-27T01:08:49.351+0000] {logging_mixin.py:188} INFO - [2024-03-27T01:08:49.351+0000] {dagbag.py:540} INFO - Filling up the DagBag from /home/airflow/.local/lib/python3.8/site-packages/airflow/example_dags/example_branch_labels.py
[2024-03-27T01:08:49.358+0000] {processor.py:840} INFO - DAG(s) 'example_branch_labels' retrieved from /home/airflow/.local/lib/python3.8/site-packages/airflow/example_dags/example_branch_labels.py
[2024-03-27T01:08:49.374+0000] {logging_mixin.py:188} INFO - [2024-03-27T01:08:49.374+0000] {dag.py:3047} INFO - Sync 1 DAGs
[2024-03-27T01:08:49.390+0000] {logging_mixin.py:188} INFO - [2024-03-27T01:08:49.390+0000] {dag.py:3834} INFO - Setting next_dagrun for example_branch_labels to 2024-03-26 00:00:00+00:00, run_after=2024-03-27 00:00:00+00:00
[2024-03-27T01:08:49.401+0000] {processor.py:183} INFO - Processing /home/airflow/.local/lib/python3.8/site-packages/airflow/example_dags/example_branch_labels.py took 0.056 seconds
[2024-03-27T01:13:47.717+0000] {processor.py:161} INFO - Started process (PID=8587) to work on /home/airflow/.local/lib/python3.8/site-packages/airflow/example_dags/example_branch_labels.py
[2024-03-27T01:13:47.717+0000] {processor.py:830} INFO - Processing file /home/airflow/.local/lib/python3.8/site-packages/airflow/example_dags/example_branch_labels.py for tasks to queue
[2024-03-27T01:13:47.718+0000] {logging_mixin.py:188} INFO - [2024-03-27T01:13:47.718+0000] {dagbag.py:540} INFO - Filling up the DagBag from /home/airflow/.local/lib/python3.8/site-packages/airflow/example_dags/example_branch_labels.py
[2024-03-27T01:13:47.723+0000] {processor.py:840} INFO - DAG(s) 'example_branch_labels' retrieved from /home/airflow/.local/lib/python3.8/site-packages/airflow/example_dags/example_branch_labels.py
[2024-03-27T01:13:47.733+0000] {logging_mixin.py:188} INFO - [2024-03-27T01:13:47.733+0000] {dag.py:3047} INFO - Sync 1 DAGs
[2024-03-27T01:13:47.744+0000] {logging_mixin.py:188} INFO - [2024-03-27T01:13:47.743+0000] {dag.py:3834} INFO - Setting next_dagrun for example_branch_labels to 2024-03-26 00:00:00+00:00, run_after=2024-03-27 00:00:00+00:00
[2024-03-27T01:13:47.752+0000] {processor.py:183} INFO - Processing /home/airflow/.local/lib/python3.8/site-packages/airflow/example_dags/example_branch_labels.py took 0.037 seconds
[2024-03-27T01:47:16.693+0000] {processor.py:161} INFO - Started process (PID=8642) to work on /home/airflow/.local/lib/python3.8/site-packages/airflow/example_dags/example_branch_labels.py
[2024-03-27T01:47:16.693+0000] {processor.py:830} INFO - Processing file /home/airflow/.local/lib/python3.8/site-packages/airflow/example_dags/example_branch_labels.py for tasks to queue
[2024-03-27T01:47:16.694+0000] {logging_mixin.py:188} INFO - [2024-03-27T01:47:16.694+0000] {dagbag.py:540} INFO - Filling up the DagBag from /home/airflow/.local/lib/python3.8/site-packages/airflow/example_dags/example_branch_labels.py
[2024-03-27T01:47:16.699+0000] {processor.py:840} INFO - DAG(s) 'example_branch_labels' retrieved from /home/airflow/.local/lib/python3.8/site-packages/airflow/example_dags/example_branch_labels.py
[2024-03-27T01:47:16.709+0000] {logging_mixin.py:188} INFO - [2024-03-27T01:47:16.709+0000] {dag.py:3047} INFO - Sync 1 DAGs
[2024-03-27T01:47:16.720+0000] {logging_mixin.py:188} INFO - [2024-03-27T01:47:16.720+0000] {dag.py:3834} INFO - Setting next_dagrun for example_branch_labels to 2024-03-26 00:00:00+00:00, run_after=2024-03-27 00:00:00+00:00
[2024-03-27T01:47:16.730+0000] {processor.py:183} INFO - Processing /home/airflow/.local/lib/python3.8/site-packages/airflow/example_dags/example_branch_labels.py took 0.039 seconds
[2024-03-27T02:30:29.921+0000] {processor.py:161} INFO - Started process (PID=8697) to work on /home/airflow/.local/lib/python3.8/site-packages/airflow/example_dags/example_branch_labels.py
[2024-03-27T02:30:29.922+0000] {processor.py:830} INFO - Processing file /home/airflow/.local/lib/python3.8/site-packages/airflow/example_dags/example_branch_labels.py for tasks to queue
[2024-03-27T02:30:29.923+0000] {logging_mixin.py:188} INFO - [2024-03-27T02:30:29.922+0000] {dagbag.py:540} INFO - Filling up the DagBag from /home/airflow/.local/lib/python3.8/site-packages/airflow/example_dags/example_branch_labels.py
[2024-03-27T02:30:29.927+0000] {processor.py:840} INFO - DAG(s) 'example_branch_labels' retrieved from /home/airflow/.local/lib/python3.8/site-packages/airflow/example_dags/example_branch_labels.py
[2024-03-27T02:30:29.938+0000] {logging_mixin.py:188} INFO - [2024-03-27T02:30:29.938+0000] {dag.py:3047} INFO - Sync 1 DAGs
[2024-03-27T02:30:29.949+0000] {logging_mixin.py:188} INFO - [2024-03-27T02:30:29.949+0000] {dag.py:3834} INFO - Setting next_dagrun for example_branch_labels to 2024-03-26 00:00:00+00:00, run_after=2024-03-27 00:00:00+00:00
[2024-03-27T02:30:29.958+0000] {processor.py:183} INFO - Processing /home/airflow/.local/lib/python3.8/site-packages/airflow/example_dags/example_branch_labels.py took 0.039 seconds
[2024-03-27T02:31:20.683+0000] {processor.py:161} INFO - Started process (PID=8752) to work on /home/airflow/.local/lib/python3.8/site-packages/airflow/example_dags/example_branch_labels.py
[2024-03-27T02:31:20.683+0000] {processor.py:830} INFO - Processing file /home/airflow/.local/lib/python3.8/site-packages/airflow/example_dags/example_branch_labels.py for tasks to queue
[2024-03-27T02:31:20.684+0000] {logging_mixin.py:188} INFO - [2024-03-27T02:31:20.684+0000] {dagbag.py:540} INFO - Filling up the DagBag from /home/airflow/.local/lib/python3.8/site-packages/airflow/example_dags/example_branch_labels.py
[2024-03-27T02:31:20.689+0000] {processor.py:840} INFO - DAG(s) 'example_branch_labels' retrieved from /home/airflow/.local/lib/python3.8/site-packages/airflow/example_dags/example_branch_labels.py
[2024-03-27T02:31:20.699+0000] {logging_mixin.py:188} INFO - [2024-03-27T02:31:20.699+0000] {dag.py:3047} INFO - Sync 1 DAGs
[2024-03-27T02:31:20.709+0000] {logging_mixin.py:188} INFO - [2024-03-27T02:31:20.709+0000] {dag.py:3834} INFO - Setting next_dagrun for example_branch_labels to 2024-03-26 00:00:00+00:00, run_after=2024-03-27 00:00:00+00:00
[2024-03-27T02:31:20.718+0000] {processor.py:183} INFO - Processing /home/airflow/.local/lib/python3.8/site-packages/airflow/example_dags/example_branch_labels.py took 0.037 seconds
[2024-03-27T02:33:49.587+0000] {processor.py:161} INFO - Started process (PID=8807) to work on /home/airflow/.local/lib/python3.8/site-packages/airflow/example_dags/example_branch_labels.py
[2024-03-27T02:33:49.587+0000] {processor.py:830} INFO - Processing file /home/airflow/.local/lib/python3.8/site-packages/airflow/example_dags/example_branch_labels.py for tasks to queue
[2024-03-27T02:33:49.588+0000] {logging_mixin.py:188} INFO - [2024-03-27T02:33:49.588+0000] {dagbag.py:540} INFO - Filling up the DagBag from /home/airflow/.local/lib/python3.8/site-packages/airflow/example_dags/example_branch_labels.py
[2024-03-27T02:33:49.593+0000] {processor.py:840} INFO - DAG(s) 'example_branch_labels' retrieved from /home/airflow/.local/lib/python3.8/site-packages/airflow/example_dags/example_branch_labels.py
[2024-03-27T02:33:49.603+0000] {logging_mixin.py:188} INFO - [2024-03-27T02:33:49.603+0000] {dag.py:3047} INFO - Sync 1 DAGs
[2024-03-27T02:33:49.613+0000] {logging_mixin.py:188} INFO - [2024-03-27T02:33:49.613+0000] {dag.py:3834} INFO - Setting next_dagrun for example_branch_labels to 2024-03-26 00:00:00+00:00, run_after=2024-03-27 00:00:00+00:00
[2024-03-27T02:33:49.621+0000] {processor.py:183} INFO - Processing /home/airflow/.local/lib/python3.8/site-packages/airflow/example_dags/example_branch_labels.py took 0.036 seconds
[2024-03-27T02:49:01.599+0000] {processor.py:161} INFO - Started process (PID=8862) to work on /home/airflow/.local/lib/python3.8/site-packages/airflow/example_dags/example_branch_labels.py
[2024-03-27T02:49:01.599+0000] {processor.py:830} INFO - Processing file /home/airflow/.local/lib/python3.8/site-packages/airflow/example_dags/example_branch_labels.py for tasks to queue
[2024-03-27T02:49:01.601+0000] {logging_mixin.py:188} INFO - [2024-03-27T02:49:01.600+0000] {dagbag.py:540} INFO - Filling up the DagBag from /home/airflow/.local/lib/python3.8/site-packages/airflow/example_dags/example_branch_labels.py
[2024-03-27T02:49:01.605+0000] {processor.py:840} INFO - DAG(s) 'example_branch_labels' retrieved from /home/airflow/.local/lib/python3.8/site-packages/airflow/example_dags/example_branch_labels.py
[2024-03-27T02:49:01.616+0000] {logging_mixin.py:188} INFO - [2024-03-27T02:49:01.616+0000] {dag.py:3047} INFO - Sync 1 DAGs
[2024-03-27T02:49:01.627+0000] {logging_mixin.py:188} INFO - [2024-03-27T02:49:01.626+0000] {dag.py:3834} INFO - Setting next_dagrun for example_branch_labels to 2024-03-26 00:00:00+00:00, run_after=2024-03-27 00:00:00+00:00
[2024-03-27T02:49:01.635+0000] {processor.py:183} INFO - Processing /home/airflow/.local/lib/python3.8/site-packages/airflow/example_dags/example_branch_labels.py took 0.038 seconds
[2024-03-27T02:49:32.543+0000] {processor.py:161} INFO - Started process (PID=8917) to work on /home/airflow/.local/lib/python3.8/site-packages/airflow/example_dags/example_branch_labels.py
[2024-03-27T02:49:32.544+0000] {processor.py:830} INFO - Processing file /home/airflow/.local/lib/python3.8/site-packages/airflow/example_dags/example_branch_labels.py for tasks to queue
[2024-03-27T02:49:32.545+0000] {logging_mixin.py:188} INFO - [2024-03-27T02:49:32.545+0000] {dagbag.py:540} INFO - Filling up the DagBag from /home/airflow/.local/lib/python3.8/site-packages/airflow/example_dags/example_branch_labels.py
[2024-03-27T02:49:32.550+0000] {processor.py:840} INFO - DAG(s) 'example_branch_labels' retrieved from /home/airflow/.local/lib/python3.8/site-packages/airflow/example_dags/example_branch_labels.py
[2024-03-27T02:49:32.560+0000] {logging_mixin.py:188} INFO - [2024-03-27T02:49:32.560+0000] {dag.py:3047} INFO - Sync 1 DAGs
[2024-03-27T02:49:32.571+0000] {logging_mixin.py:188} INFO - [2024-03-27T02:49:32.571+0000] {dag.py:3834} INFO - Setting next_dagrun for example_branch_labels to 2024-03-26 00:00:00+00:00, run_after=2024-03-27 00:00:00+00:00
[2024-03-27T02:49:32.579+0000] {processor.py:183} INFO - Processing /home/airflow/.local/lib/python3.8/site-packages/airflow/example_dags/example_branch_labels.py took 0.037 seconds
[2024-03-27T02:50:03.235+0000] {processor.py:161} INFO - Started process (PID=8972) to work on /home/airflow/.local/lib/python3.8/site-packages/airflow/example_dags/example_branch_labels.py
[2024-03-27T02:50:03.236+0000] {processor.py:830} INFO - Processing file /home/airflow/.local/lib/python3.8/site-packages/airflow/example_dags/example_branch_labels.py for tasks to queue
[2024-03-27T02:50:03.237+0000] {logging_mixin.py:188} INFO - [2024-03-27T02:50:03.237+0000] {dagbag.py:540} INFO - Filling up the DagBag from /home/airflow/.local/lib/python3.8/site-packages/airflow/example_dags/example_branch_labels.py
[2024-03-27T02:50:03.241+0000] {processor.py:840} INFO - DAG(s) 'example_branch_labels' retrieved from /home/airflow/.local/lib/python3.8/site-packages/airflow/example_dags/example_branch_labels.py
[2024-03-27T02:50:03.252+0000] {logging_mixin.py:188} INFO - [2024-03-27T02:50:03.252+0000] {dag.py:3047} INFO - Sync 1 DAGs
[2024-03-27T02:50:03.262+0000] {logging_mixin.py:188} INFO - [2024-03-27T02:50:03.262+0000] {dag.py:3834} INFO - Setting next_dagrun for example_branch_labels to 2024-03-26 00:00:00+00:00, run_after=2024-03-27 00:00:00+00:00
[2024-03-27T02:50:03.270+0000] {processor.py:183} INFO - Processing /home/airflow/.local/lib/python3.8/site-packages/airflow/example_dags/example_branch_labels.py took 0.037 seconds
[2024-03-27T02:50:34.131+0000] {processor.py:161} INFO - Started process (PID=9027) to work on /home/airflow/.local/lib/python3.8/site-packages/airflow/example_dags/example_branch_labels.py
[2024-03-27T02:50:34.131+0000] {processor.py:830} INFO - Processing file /home/airflow/.local/lib/python3.8/site-packages/airflow/example_dags/example_branch_labels.py for tasks to queue
[2024-03-27T02:50:34.132+0000] {logging_mixin.py:188} INFO - [2024-03-27T02:50:34.132+0000] {dagbag.py:540} INFO - Filling up the DagBag from /home/airflow/.local/lib/python3.8/site-packages/airflow/example_dags/example_branch_labels.py
[2024-03-27T02:50:34.137+0000] {processor.py:840} INFO - DAG(s) 'example_branch_labels' retrieved from /home/airflow/.local/lib/python3.8/site-packages/airflow/example_dags/example_branch_labels.py
[2024-03-27T02:50:34.148+0000] {logging_mixin.py:188} INFO - [2024-03-27T02:50:34.148+0000] {dag.py:3047} INFO - Sync 1 DAGs
[2024-03-27T02:50:34.162+0000] {logging_mixin.py:188} INFO - [2024-03-27T02:50:34.162+0000] {dag.py:3834} INFO - Setting next_dagrun for example_branch_labels to 2024-03-26 00:00:00+00:00, run_after=2024-03-27 00:00:00+00:00
[2024-03-27T02:50:34.175+0000] {processor.py:183} INFO - Processing /home/airflow/.local/lib/python3.8/site-packages/airflow/example_dags/example_branch_labels.py took 0.046 seconds
[2024-03-27T18:16:33.105+0000] {processor.py:161} INFO - Started process (PID=61) to work on /home/airflow/.local/lib/python3.8/site-packages/airflow/example_dags/example_branch_labels.py
[2024-03-27T18:16:33.106+0000] {processor.py:830} INFO - Processing file /home/airflow/.local/lib/python3.8/site-packages/airflow/example_dags/example_branch_labels.py for tasks to queue
[2024-03-27T18:16:33.108+0000] {logging_mixin.py:188} INFO - [2024-03-27T18:16:33.108+0000] {dagbag.py:540} INFO - Filling up the DagBag from /home/airflow/.local/lib/python3.8/site-packages/airflow/example_dags/example_branch_labels.py
[2024-03-27T18:16:33.114+0000] {processor.py:840} INFO - DAG(s) 'example_branch_labels' retrieved from /home/airflow/.local/lib/python3.8/site-packages/airflow/example_dags/example_branch_labels.py
[2024-03-27T18:16:33.128+0000] {logging_mixin.py:188} INFO - [2024-03-27T18:16:33.128+0000] {dag.py:3047} INFO - Sync 1 DAGs
[2024-03-27T18:16:33.142+0000] {logging_mixin.py:188} INFO - [2024-03-27T18:16:33.142+0000] {dag.py:3834} INFO - Setting next_dagrun for example_branch_labels to 2024-03-26 00:00:00+00:00, run_after=2024-03-27 00:00:00+00:00
[2024-03-27T18:16:33.152+0000] {processor.py:183} INFO - Processing /home/airflow/.local/lib/python3.8/site-packages/airflow/example_dags/example_branch_labels.py took 0.049 seconds
