[2024-03-27T00:00:23.779+0000] {processor.py:161} INFO - Started process (PID=5228) to work on /home/airflow/.local/lib/python3.8/site-packages/airflow/example_dags/example_bash_operator.py
[2024-03-27T00:00:23.780+0000] {processor.py:830} INFO - Processing file /home/airflow/.local/lib/python3.8/site-packages/airflow/example_dags/example_bash_operator.py for tasks to queue
[2024-03-27T00:00:23.781+0000] {logging_mixin.py:188} INFO - [2024-03-27T00:00:23.781+0000] {dagbag.py:540} INFO - Filling up the DagBag from /home/airflow/.local/lib/python3.8/site-packages/airflow/example_dags/example_bash_operator.py
[2024-03-27T00:00:23.787+0000] {processor.py:840} INFO - DAG(s) 'example_bash_operator' retrieved from /home/airflow/.local/lib/python3.8/site-packages/airflow/example_dags/example_bash_operator.py
[2024-03-27T00:00:23.801+0000] {logging_mixin.py:188} INFO - [2024-03-27T00:00:23.801+0000] {dag.py:3047} INFO - Sync 1 DAGs
[2024-03-27T00:00:23.812+0000] {logging_mixin.py:188} INFO - [2024-03-27T00:00:23.812+0000] {dag.py:3834} INFO - Setting next_dagrun for example_bash_operator to 2024-03-26 00:00:00+00:00, run_after=2024-03-27 00:00:00+00:00
[2024-03-27T00:00:23.821+0000] {processor.py:183} INFO - Processing /home/airflow/.local/lib/python3.8/site-packages/airflow/example_dags/example_bash_operator.py took 0.043 seconds
[2024-03-27T00:00:54.688+0000] {processor.py:161} INFO - Started process (PID=5283) to work on /home/airflow/.local/lib/python3.8/site-packages/airflow/example_dags/example_bash_operator.py
[2024-03-27T00:00:54.689+0000] {processor.py:830} INFO - Processing file /home/airflow/.local/lib/python3.8/site-packages/airflow/example_dags/example_bash_operator.py for tasks to queue
[2024-03-27T00:00:54.690+0000] {logging_mixin.py:188} INFO - [2024-03-27T00:00:54.690+0000] {dagbag.py:540} INFO - Filling up the DagBag from /home/airflow/.local/lib/python3.8/site-packages/airflow/example_dags/example_bash_operator.py
[2024-03-27T00:00:54.696+0000] {processor.py:840} INFO - DAG(s) 'example_bash_operator' retrieved from /home/airflow/.local/lib/python3.8/site-packages/airflow/example_dags/example_bash_operator.py
[2024-03-27T00:00:54.710+0000] {logging_mixin.py:188} INFO - [2024-03-27T00:00:54.710+0000] {dag.py:3047} INFO - Sync 1 DAGs
[2024-03-27T00:00:54.722+0000] {logging_mixin.py:188} INFO - [2024-03-27T00:00:54.722+0000] {dag.py:3834} INFO - Setting next_dagrun for example_bash_operator to 2024-03-26 00:00:00+00:00, run_after=2024-03-27 00:00:00+00:00
[2024-03-27T00:00:54.734+0000] {processor.py:183} INFO - Processing /home/airflow/.local/lib/python3.8/site-packages/airflow/example_dags/example_bash_operator.py took 0.047 seconds
[2024-03-27T00:01:25.556+0000] {processor.py:161} INFO - Started process (PID=5338) to work on /home/airflow/.local/lib/python3.8/site-packages/airflow/example_dags/example_bash_operator.py
[2024-03-27T00:01:25.557+0000] {processor.py:830} INFO - Processing file /home/airflow/.local/lib/python3.8/site-packages/airflow/example_dags/example_bash_operator.py for tasks to queue
[2024-03-27T00:01:25.558+0000] {logging_mixin.py:188} INFO - [2024-03-27T00:01:25.558+0000] {dagbag.py:540} INFO - Filling up the DagBag from /home/airflow/.local/lib/python3.8/site-packages/airflow/example_dags/example_bash_operator.py
[2024-03-27T00:01:25.564+0000] {processor.py:840} INFO - DAG(s) 'example_bash_operator' retrieved from /home/airflow/.local/lib/python3.8/site-packages/airflow/example_dags/example_bash_operator.py
[2024-03-27T00:01:25.579+0000] {logging_mixin.py:188} INFO - [2024-03-27T00:01:25.578+0000] {dag.py:3047} INFO - Sync 1 DAGs
[2024-03-27T00:01:25.590+0000] {logging_mixin.py:188} INFO - [2024-03-27T00:01:25.590+0000] {dag.py:3834} INFO - Setting next_dagrun for example_bash_operator to 2024-03-26 00:00:00+00:00, run_after=2024-03-27 00:00:00+00:00
[2024-03-27T00:01:25.598+0000] {processor.py:183} INFO - Processing /home/airflow/.local/lib/python3.8/site-packages/airflow/example_dags/example_bash_operator.py took 0.044 seconds
[2024-03-27T00:01:56.572+0000] {processor.py:161} INFO - Started process (PID=5393) to work on /home/airflow/.local/lib/python3.8/site-packages/airflow/example_dags/example_bash_operator.py
[2024-03-27T00:01:56.573+0000] {processor.py:830} INFO - Processing file /home/airflow/.local/lib/python3.8/site-packages/airflow/example_dags/example_bash_operator.py for tasks to queue
[2024-03-27T00:01:56.574+0000] {logging_mixin.py:188} INFO - [2024-03-27T00:01:56.574+0000] {dagbag.py:540} INFO - Filling up the DagBag from /home/airflow/.local/lib/python3.8/site-packages/airflow/example_dags/example_bash_operator.py
[2024-03-27T00:01:56.580+0000] {processor.py:840} INFO - DAG(s) 'example_bash_operator' retrieved from /home/airflow/.local/lib/python3.8/site-packages/airflow/example_dags/example_bash_operator.py
[2024-03-27T00:01:56.594+0000] {logging_mixin.py:188} INFO - [2024-03-27T00:01:56.594+0000] {dag.py:3047} INFO - Sync 1 DAGs
[2024-03-27T00:01:56.605+0000] {logging_mixin.py:188} INFO - [2024-03-27T00:01:56.605+0000] {dag.py:3834} INFO - Setting next_dagrun for example_bash_operator to 2024-03-26 00:00:00+00:00, run_after=2024-03-27 00:00:00+00:00
[2024-03-27T00:01:56.616+0000] {processor.py:183} INFO - Processing /home/airflow/.local/lib/python3.8/site-packages/airflow/example_dags/example_bash_operator.py took 0.046 seconds
[2024-03-27T00:02:27.388+0000] {processor.py:161} INFO - Started process (PID=5448) to work on /home/airflow/.local/lib/python3.8/site-packages/airflow/example_dags/example_bash_operator.py
[2024-03-27T00:02:27.389+0000] {processor.py:830} INFO - Processing file /home/airflow/.local/lib/python3.8/site-packages/airflow/example_dags/example_bash_operator.py for tasks to queue
[2024-03-27T00:02:27.390+0000] {logging_mixin.py:188} INFO - [2024-03-27T00:02:27.390+0000] {dagbag.py:540} INFO - Filling up the DagBag from /home/airflow/.local/lib/python3.8/site-packages/airflow/example_dags/example_bash_operator.py
[2024-03-27T00:02:27.400+0000] {processor.py:840} INFO - DAG(s) 'example_bash_operator' retrieved from /home/airflow/.local/lib/python3.8/site-packages/airflow/example_dags/example_bash_operator.py
[2024-03-27T00:02:27.420+0000] {logging_mixin.py:188} INFO - [2024-03-27T00:02:27.420+0000] {dag.py:3047} INFO - Sync 1 DAGs
[2024-03-27T00:02:27.439+0000] {logging_mixin.py:188} INFO - [2024-03-27T00:02:27.439+0000] {dag.py:3834} INFO - Setting next_dagrun for example_bash_operator to 2024-03-26 00:00:00+00:00, run_after=2024-03-27 00:00:00+00:00
[2024-03-27T00:02:27.451+0000] {processor.py:183} INFO - Processing /home/airflow/.local/lib/python3.8/site-packages/airflow/example_dags/example_bash_operator.py took 0.065 seconds
[2024-03-27T00:02:58.432+0000] {processor.py:161} INFO - Started process (PID=5503) to work on /home/airflow/.local/lib/python3.8/site-packages/airflow/example_dags/example_bash_operator.py
[2024-03-27T00:02:58.436+0000] {processor.py:830} INFO - Processing file /home/airflow/.local/lib/python3.8/site-packages/airflow/example_dags/example_bash_operator.py for tasks to queue
[2024-03-27T00:02:58.440+0000] {logging_mixin.py:188} INFO - [2024-03-27T00:02:58.440+0000] {dagbag.py:540} INFO - Filling up the DagBag from /home/airflow/.local/lib/python3.8/site-packages/airflow/example_dags/example_bash_operator.py
[2024-03-27T00:02:58.454+0000] {processor.py:840} INFO - DAG(s) 'example_bash_operator' retrieved from /home/airflow/.local/lib/python3.8/site-packages/airflow/example_dags/example_bash_operator.py
[2024-03-27T00:02:58.500+0000] {logging_mixin.py:188} INFO - [2024-03-27T00:02:58.499+0000] {dag.py:3047} INFO - Sync 1 DAGs
[2024-03-27T00:02:58.537+0000] {logging_mixin.py:188} INFO - [2024-03-27T00:02:58.537+0000] {dag.py:3834} INFO - Setting next_dagrun for example_bash_operator to 2024-03-26 00:00:00+00:00, run_after=2024-03-27 00:00:00+00:00
[2024-03-27T00:02:58.553+0000] {processor.py:183} INFO - Processing /home/airflow/.local/lib/python3.8/site-packages/airflow/example_dags/example_bash_operator.py took 0.128 seconds
[2024-03-27T00:03:29.450+0000] {processor.py:161} INFO - Started process (PID=5557) to work on /home/airflow/.local/lib/python3.8/site-packages/airflow/example_dags/example_bash_operator.py
[2024-03-27T00:03:29.451+0000] {processor.py:830} INFO - Processing file /home/airflow/.local/lib/python3.8/site-packages/airflow/example_dags/example_bash_operator.py for tasks to queue
[2024-03-27T00:03:29.452+0000] {logging_mixin.py:188} INFO - [2024-03-27T00:03:29.452+0000] {dagbag.py:540} INFO - Filling up the DagBag from /home/airflow/.local/lib/python3.8/site-packages/airflow/example_dags/example_bash_operator.py
[2024-03-27T00:03:29.459+0000] {processor.py:840} INFO - DAG(s) 'example_bash_operator' retrieved from /home/airflow/.local/lib/python3.8/site-packages/airflow/example_dags/example_bash_operator.py
[2024-03-27T00:03:29.473+0000] {logging_mixin.py:188} INFO - [2024-03-27T00:03:29.473+0000] {dag.py:3047} INFO - Sync 1 DAGs
[2024-03-27T00:03:29.516+0000] {logging_mixin.py:188} INFO - [2024-03-27T00:03:29.501+0000] {dag.py:3834} INFO - Setting next_dagrun for example_bash_operator to 2024-03-26 00:00:00+00:00, run_after=2024-03-27 00:00:00+00:00
[2024-03-27T00:03:29.542+0000] {processor.py:183} INFO - Processing /home/airflow/.local/lib/python3.8/site-packages/airflow/example_dags/example_bash_operator.py took 0.094 seconds
[2024-03-27T00:04:02.882+0000] {processor.py:161} INFO - Started process (PID=5612) to work on /home/airflow/.local/lib/python3.8/site-packages/airflow/example_dags/example_bash_operator.py
[2024-03-27T00:04:02.882+0000] {processor.py:830} INFO - Processing file /home/airflow/.local/lib/python3.8/site-packages/airflow/example_dags/example_bash_operator.py for tasks to queue
[2024-03-27T00:04:02.883+0000] {logging_mixin.py:188} INFO - [2024-03-27T00:04:02.883+0000] {dagbag.py:540} INFO - Filling up the DagBag from /home/airflow/.local/lib/python3.8/site-packages/airflow/example_dags/example_bash_operator.py
[2024-03-27T00:04:02.890+0000] {processor.py:840} INFO - DAG(s) 'example_bash_operator' retrieved from /home/airflow/.local/lib/python3.8/site-packages/airflow/example_dags/example_bash_operator.py
[2024-03-27T00:04:02.905+0000] {logging_mixin.py:188} INFO - [2024-03-27T00:04:02.904+0000] {dag.py:3047} INFO - Sync 1 DAGs
[2024-03-27T00:04:02.916+0000] {logging_mixin.py:188} INFO - [2024-03-27T00:04:02.915+0000] {dag.py:3834} INFO - Setting next_dagrun for example_bash_operator to 2024-03-26 00:00:00+00:00, run_after=2024-03-27 00:00:00+00:00
[2024-03-27T00:04:02.925+0000] {processor.py:183} INFO - Processing /home/airflow/.local/lib/python3.8/site-packages/airflow/example_dags/example_bash_operator.py took 0.045 seconds
[2024-03-27T00:04:33.617+0000] {processor.py:161} INFO - Started process (PID=5667) to work on /home/airflow/.local/lib/python3.8/site-packages/airflow/example_dags/example_bash_operator.py
[2024-03-27T00:04:33.618+0000] {processor.py:830} INFO - Processing file /home/airflow/.local/lib/python3.8/site-packages/airflow/example_dags/example_bash_operator.py for tasks to queue
[2024-03-27T00:04:33.619+0000] {logging_mixin.py:188} INFO - [2024-03-27T00:04:33.619+0000] {dagbag.py:540} INFO - Filling up the DagBag from /home/airflow/.local/lib/python3.8/site-packages/airflow/example_dags/example_bash_operator.py
[2024-03-27T00:04:33.625+0000] {processor.py:840} INFO - DAG(s) 'example_bash_operator' retrieved from /home/airflow/.local/lib/python3.8/site-packages/airflow/example_dags/example_bash_operator.py
[2024-03-27T00:04:33.639+0000] {logging_mixin.py:188} INFO - [2024-03-27T00:04:33.639+0000] {dag.py:3047} INFO - Sync 1 DAGs
[2024-03-27T00:04:33.652+0000] {logging_mixin.py:188} INFO - [2024-03-27T00:04:33.652+0000] {dag.py:3834} INFO - Setting next_dagrun for example_bash_operator to 2024-03-26 00:00:00+00:00, run_after=2024-03-27 00:00:00+00:00
[2024-03-27T00:04:33.661+0000] {processor.py:183} INFO - Processing /home/airflow/.local/lib/python3.8/site-packages/airflow/example_dags/example_bash_operator.py took 0.046 seconds
[2024-03-27T00:05:04.357+0000] {processor.py:161} INFO - Started process (PID=5722) to work on /home/airflow/.local/lib/python3.8/site-packages/airflow/example_dags/example_bash_operator.py
[2024-03-27T00:05:04.358+0000] {processor.py:830} INFO - Processing file /home/airflow/.local/lib/python3.8/site-packages/airflow/example_dags/example_bash_operator.py for tasks to queue
[2024-03-27T00:05:04.359+0000] {logging_mixin.py:188} INFO - [2024-03-27T00:05:04.359+0000] {dagbag.py:540} INFO - Filling up the DagBag from /home/airflow/.local/lib/python3.8/site-packages/airflow/example_dags/example_bash_operator.py
[2024-03-27T00:05:04.365+0000] {processor.py:840} INFO - DAG(s) 'example_bash_operator' retrieved from /home/airflow/.local/lib/python3.8/site-packages/airflow/example_dags/example_bash_operator.py
[2024-03-27T00:05:04.378+0000] {logging_mixin.py:188} INFO - [2024-03-27T00:05:04.378+0000] {dag.py:3047} INFO - Sync 1 DAGs
[2024-03-27T00:05:04.389+0000] {logging_mixin.py:188} INFO - [2024-03-27T00:05:04.389+0000] {dag.py:3834} INFO - Setting next_dagrun for example_bash_operator to 2024-03-26 00:00:00+00:00, run_after=2024-03-27 00:00:00+00:00
[2024-03-27T00:05:04.398+0000] {processor.py:183} INFO - Processing /home/airflow/.local/lib/python3.8/site-packages/airflow/example_dags/example_bash_operator.py took 0.042 seconds
[2024-03-27T00:05:35.037+0000] {processor.py:161} INFO - Started process (PID=5777) to work on /home/airflow/.local/lib/python3.8/site-packages/airflow/example_dags/example_bash_operator.py
[2024-03-27T00:05:35.038+0000] {processor.py:830} INFO - Processing file /home/airflow/.local/lib/python3.8/site-packages/airflow/example_dags/example_bash_operator.py for tasks to queue
[2024-03-27T00:05:35.039+0000] {logging_mixin.py:188} INFO - [2024-03-27T00:05:35.039+0000] {dagbag.py:540} INFO - Filling up the DagBag from /home/airflow/.local/lib/python3.8/site-packages/airflow/example_dags/example_bash_operator.py
[2024-03-27T00:05:35.045+0000] {processor.py:840} INFO - DAG(s) 'example_bash_operator' retrieved from /home/airflow/.local/lib/python3.8/site-packages/airflow/example_dags/example_bash_operator.py
[2024-03-27T00:05:35.058+0000] {logging_mixin.py:188} INFO - [2024-03-27T00:05:35.058+0000] {dag.py:3047} INFO - Sync 1 DAGs
[2024-03-27T00:05:35.071+0000] {logging_mixin.py:188} INFO - [2024-03-27T00:05:35.071+0000] {dag.py:3834} INFO - Setting next_dagrun for example_bash_operator to 2024-03-26 00:00:00+00:00, run_after=2024-03-27 00:00:00+00:00
[2024-03-27T00:05:35.081+0000] {processor.py:183} INFO - Processing /home/airflow/.local/lib/python3.8/site-packages/airflow/example_dags/example_bash_operator.py took 0.046 seconds
[2024-03-27T00:06:05.784+0000] {processor.py:161} INFO - Started process (PID=5832) to work on /home/airflow/.local/lib/python3.8/site-packages/airflow/example_dags/example_bash_operator.py
[2024-03-27T00:06:05.784+0000] {processor.py:830} INFO - Processing file /home/airflow/.local/lib/python3.8/site-packages/airflow/example_dags/example_bash_operator.py for tasks to queue
[2024-03-27T00:06:05.785+0000] {logging_mixin.py:188} INFO - [2024-03-27T00:06:05.785+0000] {dagbag.py:540} INFO - Filling up the DagBag from /home/airflow/.local/lib/python3.8/site-packages/airflow/example_dags/example_bash_operator.py
[2024-03-27T00:06:05.792+0000] {processor.py:840} INFO - DAG(s) 'example_bash_operator' retrieved from /home/airflow/.local/lib/python3.8/site-packages/airflow/example_dags/example_bash_operator.py
[2024-03-27T00:06:05.806+0000] {logging_mixin.py:188} INFO - [2024-03-27T00:06:05.806+0000] {dag.py:3047} INFO - Sync 1 DAGs
[2024-03-27T00:06:05.817+0000] {logging_mixin.py:188} INFO - [2024-03-27T00:06:05.817+0000] {dag.py:3834} INFO - Setting next_dagrun for example_bash_operator to 2024-03-26 00:00:00+00:00, run_after=2024-03-27 00:00:00+00:00
[2024-03-27T00:06:05.827+0000] {processor.py:183} INFO - Processing /home/airflow/.local/lib/python3.8/site-packages/airflow/example_dags/example_bash_operator.py took 0.045 seconds
[2024-03-27T00:09:25.042+0000] {processor.py:161} INFO - Started process (PID=5887) to work on /home/airflow/.local/lib/python3.8/site-packages/airflow/example_dags/example_bash_operator.py
[2024-03-27T00:09:25.043+0000] {processor.py:830} INFO - Processing file /home/airflow/.local/lib/python3.8/site-packages/airflow/example_dags/example_bash_operator.py for tasks to queue
[2024-03-27T00:09:25.045+0000] {logging_mixin.py:188} INFO - [2024-03-27T00:09:25.045+0000] {dagbag.py:540} INFO - Filling up the DagBag from /home/airflow/.local/lib/python3.8/site-packages/airflow/example_dags/example_bash_operator.py
[2024-03-27T00:09:25.051+0000] {processor.py:840} INFO - DAG(s) 'example_bash_operator' retrieved from /home/airflow/.local/lib/python3.8/site-packages/airflow/example_dags/example_bash_operator.py
[2024-03-27T00:09:25.066+0000] {logging_mixin.py:188} INFO - [2024-03-27T00:09:25.066+0000] {dag.py:3047} INFO - Sync 1 DAGs
[2024-03-27T00:09:25.079+0000] {logging_mixin.py:188} INFO - [2024-03-27T00:09:25.079+0000] {dag.py:3834} INFO - Setting next_dagrun for example_bash_operator to 2024-03-26 00:00:00+00:00, run_after=2024-03-27 00:00:00+00:00
[2024-03-27T00:09:25.094+0000] {processor.py:183} INFO - Processing /home/airflow/.local/lib/python3.8/site-packages/airflow/example_dags/example_bash_operator.py took 0.054 seconds
[2024-03-27T00:09:56.051+0000] {processor.py:161} INFO - Started process (PID=5941) to work on /home/airflow/.local/lib/python3.8/site-packages/airflow/example_dags/example_bash_operator.py
[2024-03-27T00:09:56.051+0000] {processor.py:830} INFO - Processing file /home/airflow/.local/lib/python3.8/site-packages/airflow/example_dags/example_bash_operator.py for tasks to queue
[2024-03-27T00:09:56.052+0000] {logging_mixin.py:188} INFO - [2024-03-27T00:09:56.052+0000] {dagbag.py:540} INFO - Filling up the DagBag from /home/airflow/.local/lib/python3.8/site-packages/airflow/example_dags/example_bash_operator.py
[2024-03-27T00:09:56.059+0000] {processor.py:840} INFO - DAG(s) 'example_bash_operator' retrieved from /home/airflow/.local/lib/python3.8/site-packages/airflow/example_dags/example_bash_operator.py
[2024-03-27T00:09:56.073+0000] {logging_mixin.py:188} INFO - [2024-03-27T00:09:56.073+0000] {dag.py:3047} INFO - Sync 1 DAGs
[2024-03-27T00:09:56.085+0000] {logging_mixin.py:188} INFO - [2024-03-27T00:09:56.084+0000] {dag.py:3834} INFO - Setting next_dagrun for example_bash_operator to 2024-03-26 00:00:00+00:00, run_after=2024-03-27 00:00:00+00:00
[2024-03-27T00:09:56.093+0000] {processor.py:183} INFO - Processing /home/airflow/.local/lib/python3.8/site-packages/airflow/example_dags/example_bash_operator.py took 0.044 seconds
[2024-03-27T00:10:27.055+0000] {processor.py:161} INFO - Started process (PID=5996) to work on /home/airflow/.local/lib/python3.8/site-packages/airflow/example_dags/example_bash_operator.py
[2024-03-27T00:10:27.056+0000] {processor.py:830} INFO - Processing file /home/airflow/.local/lib/python3.8/site-packages/airflow/example_dags/example_bash_operator.py for tasks to queue
[2024-03-27T00:10:27.057+0000] {logging_mixin.py:188} INFO - [2024-03-27T00:10:27.056+0000] {dagbag.py:540} INFO - Filling up the DagBag from /home/airflow/.local/lib/python3.8/site-packages/airflow/example_dags/example_bash_operator.py
[2024-03-27T00:10:27.065+0000] {processor.py:840} INFO - DAG(s) 'example_bash_operator' retrieved from /home/airflow/.local/lib/python3.8/site-packages/airflow/example_dags/example_bash_operator.py
[2024-03-27T00:10:27.079+0000] {logging_mixin.py:188} INFO - [2024-03-27T00:10:27.078+0000] {dag.py:3047} INFO - Sync 1 DAGs
[2024-03-27T00:10:27.090+0000] {logging_mixin.py:188} INFO - [2024-03-27T00:10:27.090+0000] {dag.py:3834} INFO - Setting next_dagrun for example_bash_operator to 2024-03-26 00:00:00+00:00, run_after=2024-03-27 00:00:00+00:00
[2024-03-27T00:10:27.099+0000] {processor.py:183} INFO - Processing /home/airflow/.local/lib/python3.8/site-packages/airflow/example_dags/example_bash_operator.py took 0.046 seconds
[2024-03-27T00:10:58.000+0000] {processor.py:161} INFO - Started process (PID=6051) to work on /home/airflow/.local/lib/python3.8/site-packages/airflow/example_dags/example_bash_operator.py
[2024-03-27T00:10:58.000+0000] {processor.py:830} INFO - Processing file /home/airflow/.local/lib/python3.8/site-packages/airflow/example_dags/example_bash_operator.py for tasks to queue
[2024-03-27T00:10:58.001+0000] {logging_mixin.py:188} INFO - [2024-03-27T00:10:58.001+0000] {dagbag.py:540} INFO - Filling up the DagBag from /home/airflow/.local/lib/python3.8/site-packages/airflow/example_dags/example_bash_operator.py
[2024-03-27T00:10:58.007+0000] {processor.py:840} INFO - DAG(s) 'example_bash_operator' retrieved from /home/airflow/.local/lib/python3.8/site-packages/airflow/example_dags/example_bash_operator.py
[2024-03-27T00:10:58.021+0000] {logging_mixin.py:188} INFO - [2024-03-27T00:10:58.021+0000] {dag.py:3047} INFO - Sync 1 DAGs
[2024-03-27T00:10:58.032+0000] {logging_mixin.py:188} INFO - [2024-03-27T00:10:58.032+0000] {dag.py:3834} INFO - Setting next_dagrun for example_bash_operator to 2024-03-26 00:00:00+00:00, run_after=2024-03-27 00:00:00+00:00
[2024-03-27T00:10:58.040+0000] {processor.py:183} INFO - Processing /home/airflow/.local/lib/python3.8/site-packages/airflow/example_dags/example_bash_operator.py took 0.042 seconds
[2024-03-27T00:11:28.845+0000] {processor.py:161} INFO - Started process (PID=6105) to work on /home/airflow/.local/lib/python3.8/site-packages/airflow/example_dags/example_bash_operator.py
[2024-03-27T00:11:28.846+0000] {processor.py:830} INFO - Processing file /home/airflow/.local/lib/python3.8/site-packages/airflow/example_dags/example_bash_operator.py for tasks to queue
[2024-03-27T00:11:28.848+0000] {logging_mixin.py:188} INFO - [2024-03-27T00:11:28.848+0000] {dagbag.py:540} INFO - Filling up the DagBag from /home/airflow/.local/lib/python3.8/site-packages/airflow/example_dags/example_bash_operator.py
[2024-03-27T00:11:28.854+0000] {processor.py:840} INFO - DAG(s) 'example_bash_operator' retrieved from /home/airflow/.local/lib/python3.8/site-packages/airflow/example_dags/example_bash_operator.py
[2024-03-27T00:11:28.867+0000] {logging_mixin.py:188} INFO - [2024-03-27T00:11:28.867+0000] {dag.py:3047} INFO - Sync 1 DAGs
[2024-03-27T00:11:28.879+0000] {logging_mixin.py:188} INFO - [2024-03-27T00:11:28.879+0000] {dag.py:3834} INFO - Setting next_dagrun for example_bash_operator to 2024-03-26 00:00:00+00:00, run_after=2024-03-27 00:00:00+00:00
[2024-03-27T00:11:28.888+0000] {processor.py:183} INFO - Processing /home/airflow/.local/lib/python3.8/site-packages/airflow/example_dags/example_bash_operator.py took 0.045 seconds
[2024-03-27T00:11:59.945+0000] {processor.py:161} INFO - Started process (PID=6160) to work on /home/airflow/.local/lib/python3.8/site-packages/airflow/example_dags/example_bash_operator.py
[2024-03-27T00:11:59.946+0000] {processor.py:830} INFO - Processing file /home/airflow/.local/lib/python3.8/site-packages/airflow/example_dags/example_bash_operator.py for tasks to queue
[2024-03-27T00:11:59.947+0000] {logging_mixin.py:188} INFO - [2024-03-27T00:11:59.947+0000] {dagbag.py:540} INFO - Filling up the DagBag from /home/airflow/.local/lib/python3.8/site-packages/airflow/example_dags/example_bash_operator.py
[2024-03-27T00:11:59.953+0000] {processor.py:840} INFO - DAG(s) 'example_bash_operator' retrieved from /home/airflow/.local/lib/python3.8/site-packages/airflow/example_dags/example_bash_operator.py
[2024-03-27T00:11:59.968+0000] {logging_mixin.py:188} INFO - [2024-03-27T00:11:59.968+0000] {dag.py:3047} INFO - Sync 1 DAGs
[2024-03-27T00:11:59.980+0000] {logging_mixin.py:188} INFO - [2024-03-27T00:11:59.980+0000] {dag.py:3834} INFO - Setting next_dagrun for example_bash_operator to 2024-03-26 00:00:00+00:00, run_after=2024-03-27 00:00:00+00:00
[2024-03-27T00:11:59.989+0000] {processor.py:183} INFO - Processing /home/airflow/.local/lib/python3.8/site-packages/airflow/example_dags/example_bash_operator.py took 0.047 seconds
[2024-03-27T00:12:30.732+0000] {processor.py:161} INFO - Started process (PID=6214) to work on /home/airflow/.local/lib/python3.8/site-packages/airflow/example_dags/example_bash_operator.py
[2024-03-27T00:12:30.733+0000] {processor.py:830} INFO - Processing file /home/airflow/.local/lib/python3.8/site-packages/airflow/example_dags/example_bash_operator.py for tasks to queue
[2024-03-27T00:12:30.734+0000] {logging_mixin.py:188} INFO - [2024-03-27T00:12:30.733+0000] {dagbag.py:540} INFO - Filling up the DagBag from /home/airflow/.local/lib/python3.8/site-packages/airflow/example_dags/example_bash_operator.py
[2024-03-27T00:12:30.740+0000] {processor.py:840} INFO - DAG(s) 'example_bash_operator' retrieved from /home/airflow/.local/lib/python3.8/site-packages/airflow/example_dags/example_bash_operator.py
[2024-03-27T00:12:30.754+0000] {logging_mixin.py:188} INFO - [2024-03-27T00:12:30.754+0000] {dag.py:3047} INFO - Sync 1 DAGs
[2024-03-27T00:12:30.764+0000] {logging_mixin.py:188} INFO - [2024-03-27T00:12:30.764+0000] {dag.py:3834} INFO - Setting next_dagrun for example_bash_operator to 2024-03-26 00:00:00+00:00, run_after=2024-03-27 00:00:00+00:00
[2024-03-27T00:12:30.774+0000] {processor.py:183} INFO - Processing /home/airflow/.local/lib/python3.8/site-packages/airflow/example_dags/example_bash_operator.py took 0.043 seconds
[2024-03-27T00:13:01.518+0000] {processor.py:161} INFO - Started process (PID=6269) to work on /home/airflow/.local/lib/python3.8/site-packages/airflow/example_dags/example_bash_operator.py
[2024-03-27T00:13:01.518+0000] {processor.py:830} INFO - Processing file /home/airflow/.local/lib/python3.8/site-packages/airflow/example_dags/example_bash_operator.py for tasks to queue
[2024-03-27T00:13:01.519+0000] {logging_mixin.py:188} INFO - [2024-03-27T00:13:01.519+0000] {dagbag.py:540} INFO - Filling up the DagBag from /home/airflow/.local/lib/python3.8/site-packages/airflow/example_dags/example_bash_operator.py
[2024-03-27T00:13:01.526+0000] {processor.py:840} INFO - DAG(s) 'example_bash_operator' retrieved from /home/airflow/.local/lib/python3.8/site-packages/airflow/example_dags/example_bash_operator.py
[2024-03-27T00:13:01.538+0000] {logging_mixin.py:188} INFO - [2024-03-27T00:13:01.538+0000] {dag.py:3047} INFO - Sync 1 DAGs
[2024-03-27T00:13:01.549+0000] {logging_mixin.py:188} INFO - [2024-03-27T00:13:01.549+0000] {dag.py:3834} INFO - Setting next_dagrun for example_bash_operator to 2024-03-26 00:00:00+00:00, run_after=2024-03-27 00:00:00+00:00
[2024-03-27T00:13:01.558+0000] {processor.py:183} INFO - Processing /home/airflow/.local/lib/python3.8/site-packages/airflow/example_dags/example_bash_operator.py took 0.042 seconds
[2024-03-27T00:13:32.543+0000] {processor.py:161} INFO - Started process (PID=6324) to work on /home/airflow/.local/lib/python3.8/site-packages/airflow/example_dags/example_bash_operator.py
[2024-03-27T00:13:32.544+0000] {processor.py:830} INFO - Processing file /home/airflow/.local/lib/python3.8/site-packages/airflow/example_dags/example_bash_operator.py for tasks to queue
[2024-03-27T00:13:32.545+0000] {logging_mixin.py:188} INFO - [2024-03-27T00:13:32.545+0000] {dagbag.py:540} INFO - Filling up the DagBag from /home/airflow/.local/lib/python3.8/site-packages/airflow/example_dags/example_bash_operator.py
[2024-03-27T00:13:32.551+0000] {processor.py:840} INFO - DAG(s) 'example_bash_operator' retrieved from /home/airflow/.local/lib/python3.8/site-packages/airflow/example_dags/example_bash_operator.py
[2024-03-27T00:13:32.566+0000] {logging_mixin.py:188} INFO - [2024-03-27T00:13:32.566+0000] {dag.py:3047} INFO - Sync 1 DAGs
[2024-03-27T00:13:32.577+0000] {logging_mixin.py:188} INFO - [2024-03-27T00:13:32.577+0000] {dag.py:3834} INFO - Setting next_dagrun for example_bash_operator to 2024-03-26 00:00:00+00:00, run_after=2024-03-27 00:00:00+00:00
[2024-03-27T00:13:32.587+0000] {processor.py:183} INFO - Processing /home/airflow/.local/lib/python3.8/site-packages/airflow/example_dags/example_bash_operator.py took 0.046 seconds
[2024-03-27T00:14:02.921+0000] {processor.py:161} INFO - Started process (PID=6379) to work on /home/airflow/.local/lib/python3.8/site-packages/airflow/example_dags/example_bash_operator.py
[2024-03-27T00:14:02.922+0000] {processor.py:830} INFO - Processing file /home/airflow/.local/lib/python3.8/site-packages/airflow/example_dags/example_bash_operator.py for tasks to queue
[2024-03-27T00:14:02.923+0000] {logging_mixin.py:188} INFO - [2024-03-27T00:14:02.923+0000] {dagbag.py:540} INFO - Filling up the DagBag from /home/airflow/.local/lib/python3.8/site-packages/airflow/example_dags/example_bash_operator.py
[2024-03-27T00:14:02.930+0000] {processor.py:840} INFO - DAG(s) 'example_bash_operator' retrieved from /home/airflow/.local/lib/python3.8/site-packages/airflow/example_dags/example_bash_operator.py
[2024-03-27T00:14:02.944+0000] {logging_mixin.py:188} INFO - [2024-03-27T00:14:02.944+0000] {dag.py:3047} INFO - Sync 1 DAGs
[2024-03-27T00:14:02.956+0000] {logging_mixin.py:188} INFO - [2024-03-27T00:14:02.955+0000] {dag.py:3834} INFO - Setting next_dagrun for example_bash_operator to 2024-03-26 00:00:00+00:00, run_after=2024-03-27 00:00:00+00:00
[2024-03-27T00:14:02.964+0000] {processor.py:183} INFO - Processing /home/airflow/.local/lib/python3.8/site-packages/airflow/example_dags/example_bash_operator.py took 0.045 seconds
[2024-03-27T00:14:32.988+0000] {processor.py:161} INFO - Started process (PID=6433) to work on /home/airflow/.local/lib/python3.8/site-packages/airflow/example_dags/example_bash_operator.py
[2024-03-27T00:14:32.989+0000] {processor.py:830} INFO - Processing file /home/airflow/.local/lib/python3.8/site-packages/airflow/example_dags/example_bash_operator.py for tasks to queue
[2024-03-27T00:14:32.989+0000] {logging_mixin.py:188} INFO - [2024-03-27T00:14:32.989+0000] {dagbag.py:540} INFO - Filling up the DagBag from /home/airflow/.local/lib/python3.8/site-packages/airflow/example_dags/example_bash_operator.py
[2024-03-27T00:14:32.996+0000] {processor.py:840} INFO - DAG(s) 'example_bash_operator' retrieved from /home/airflow/.local/lib/python3.8/site-packages/airflow/example_dags/example_bash_operator.py
[2024-03-27T00:14:33.009+0000] {logging_mixin.py:188} INFO - [2024-03-27T00:14:33.009+0000] {dag.py:3047} INFO - Sync 1 DAGs
[2024-03-27T00:14:33.019+0000] {logging_mixin.py:188} INFO - [2024-03-27T00:14:33.019+0000] {dag.py:3834} INFO - Setting next_dagrun for example_bash_operator to 2024-03-26 00:00:00+00:00, run_after=2024-03-27 00:00:00+00:00
[2024-03-27T00:14:33.027+0000] {processor.py:183} INFO - Processing /home/airflow/.local/lib/python3.8/site-packages/airflow/example_dags/example_bash_operator.py took 0.041 seconds
[2024-03-27T00:15:03.780+0000] {processor.py:161} INFO - Started process (PID=6489) to work on /home/airflow/.local/lib/python3.8/site-packages/airflow/example_dags/example_bash_operator.py
[2024-03-27T00:15:03.781+0000] {processor.py:830} INFO - Processing file /home/airflow/.local/lib/python3.8/site-packages/airflow/example_dags/example_bash_operator.py for tasks to queue
[2024-03-27T00:15:03.782+0000] {logging_mixin.py:188} INFO - [2024-03-27T00:15:03.781+0000] {dagbag.py:540} INFO - Filling up the DagBag from /home/airflow/.local/lib/python3.8/site-packages/airflow/example_dags/example_bash_operator.py
[2024-03-27T00:15:03.788+0000] {processor.py:840} INFO - DAG(s) 'example_bash_operator' retrieved from /home/airflow/.local/lib/python3.8/site-packages/airflow/example_dags/example_bash_operator.py
[2024-03-27T00:15:03.800+0000] {logging_mixin.py:188} INFO - [2024-03-27T00:15:03.800+0000] {dag.py:3047} INFO - Sync 1 DAGs
[2024-03-27T00:15:03.812+0000] {logging_mixin.py:188} INFO - [2024-03-27T00:15:03.812+0000] {dag.py:3834} INFO - Setting next_dagrun for example_bash_operator to 2024-03-26 00:00:00+00:00, run_after=2024-03-27 00:00:00+00:00
[2024-03-27T00:15:03.821+0000] {processor.py:183} INFO - Processing /home/airflow/.local/lib/python3.8/site-packages/airflow/example_dags/example_bash_operator.py took 0.042 seconds
[2024-03-27T00:15:34.620+0000] {processor.py:161} INFO - Started process (PID=6544) to work on /home/airflow/.local/lib/python3.8/site-packages/airflow/example_dags/example_bash_operator.py
[2024-03-27T00:15:34.621+0000] {processor.py:830} INFO - Processing file /home/airflow/.local/lib/python3.8/site-packages/airflow/example_dags/example_bash_operator.py for tasks to queue
[2024-03-27T00:15:34.622+0000] {logging_mixin.py:188} INFO - [2024-03-27T00:15:34.622+0000] {dagbag.py:540} INFO - Filling up the DagBag from /home/airflow/.local/lib/python3.8/site-packages/airflow/example_dags/example_bash_operator.py
[2024-03-27T00:15:34.628+0000] {processor.py:840} INFO - DAG(s) 'example_bash_operator' retrieved from /home/airflow/.local/lib/python3.8/site-packages/airflow/example_dags/example_bash_operator.py
[2024-03-27T00:15:34.642+0000] {logging_mixin.py:188} INFO - [2024-03-27T00:15:34.642+0000] {dag.py:3047} INFO - Sync 1 DAGs
[2024-03-27T00:15:34.653+0000] {logging_mixin.py:188} INFO - [2024-03-27T00:15:34.653+0000] {dag.py:3834} INFO - Setting next_dagrun for example_bash_operator to 2024-03-26 00:00:00+00:00, run_after=2024-03-27 00:00:00+00:00
[2024-03-27T00:15:34.664+0000] {processor.py:183} INFO - Processing /home/airflow/.local/lib/python3.8/site-packages/airflow/example_dags/example_bash_operator.py took 0.046 seconds
[2024-03-27T00:16:04.810+0000] {processor.py:161} INFO - Started process (PID=6598) to work on /home/airflow/.local/lib/python3.8/site-packages/airflow/example_dags/example_bash_operator.py
[2024-03-27T00:16:04.811+0000] {processor.py:830} INFO - Processing file /home/airflow/.local/lib/python3.8/site-packages/airflow/example_dags/example_bash_operator.py for tasks to queue
[2024-03-27T00:16:04.812+0000] {logging_mixin.py:188} INFO - [2024-03-27T00:16:04.811+0000] {dagbag.py:540} INFO - Filling up the DagBag from /home/airflow/.local/lib/python3.8/site-packages/airflow/example_dags/example_bash_operator.py
[2024-03-27T00:16:04.818+0000] {processor.py:840} INFO - DAG(s) 'example_bash_operator' retrieved from /home/airflow/.local/lib/python3.8/site-packages/airflow/example_dags/example_bash_operator.py
[2024-03-27T00:16:04.831+0000] {logging_mixin.py:188} INFO - [2024-03-27T00:16:04.830+0000] {dag.py:3047} INFO - Sync 1 DAGs
[2024-03-27T00:16:04.841+0000] {logging_mixin.py:188} INFO - [2024-03-27T00:16:04.841+0000] {dag.py:3834} INFO - Setting next_dagrun for example_bash_operator to 2024-03-26 00:00:00+00:00, run_after=2024-03-27 00:00:00+00:00
[2024-03-27T00:16:04.849+0000] {processor.py:183} INFO - Processing /home/airflow/.local/lib/python3.8/site-packages/airflow/example_dags/example_bash_operator.py took 0.041 seconds
[2024-03-27T00:16:35.642+0000] {processor.py:161} INFO - Started process (PID=6654) to work on /home/airflow/.local/lib/python3.8/site-packages/airflow/example_dags/example_bash_operator.py
[2024-03-27T00:16:35.643+0000] {processor.py:830} INFO - Processing file /home/airflow/.local/lib/python3.8/site-packages/airflow/example_dags/example_bash_operator.py for tasks to queue
[2024-03-27T00:16:35.643+0000] {logging_mixin.py:188} INFO - [2024-03-27T00:16:35.643+0000] {dagbag.py:540} INFO - Filling up the DagBag from /home/airflow/.local/lib/python3.8/site-packages/airflow/example_dags/example_bash_operator.py
[2024-03-27T00:16:35.649+0000] {processor.py:840} INFO - DAG(s) 'example_bash_operator' retrieved from /home/airflow/.local/lib/python3.8/site-packages/airflow/example_dags/example_bash_operator.py
[2024-03-27T00:16:35.663+0000] {logging_mixin.py:188} INFO - [2024-03-27T00:16:35.663+0000] {dag.py:3047} INFO - Sync 1 DAGs
[2024-03-27T00:16:35.675+0000] {logging_mixin.py:188} INFO - [2024-03-27T00:16:35.674+0000] {dag.py:3834} INFO - Setting next_dagrun for example_bash_operator to 2024-03-26 00:00:00+00:00, run_after=2024-03-27 00:00:00+00:00
[2024-03-27T00:16:35.683+0000] {processor.py:183} INFO - Processing /home/airflow/.local/lib/python3.8/site-packages/airflow/example_dags/example_bash_operator.py took 0.043 seconds
[2024-03-27T00:17:06.428+0000] {processor.py:161} INFO - Started process (PID=6709) to work on /home/airflow/.local/lib/python3.8/site-packages/airflow/example_dags/example_bash_operator.py
[2024-03-27T00:17:06.429+0000] {processor.py:830} INFO - Processing file /home/airflow/.local/lib/python3.8/site-packages/airflow/example_dags/example_bash_operator.py for tasks to queue
[2024-03-27T00:17:06.430+0000] {logging_mixin.py:188} INFO - [2024-03-27T00:17:06.430+0000] {dagbag.py:540} INFO - Filling up the DagBag from /home/airflow/.local/lib/python3.8/site-packages/airflow/example_dags/example_bash_operator.py
[2024-03-27T00:17:06.437+0000] {processor.py:840} INFO - DAG(s) 'example_bash_operator' retrieved from /home/airflow/.local/lib/python3.8/site-packages/airflow/example_dags/example_bash_operator.py
[2024-03-27T00:17:06.450+0000] {logging_mixin.py:188} INFO - [2024-03-27T00:17:06.450+0000] {dag.py:3047} INFO - Sync 1 DAGs
[2024-03-27T00:17:06.461+0000] {logging_mixin.py:188} INFO - [2024-03-27T00:17:06.461+0000] {dag.py:3834} INFO - Setting next_dagrun for example_bash_operator to 2024-03-26 00:00:00+00:00, run_after=2024-03-27 00:00:00+00:00
[2024-03-27T00:17:06.469+0000] {processor.py:183} INFO - Processing /home/airflow/.local/lib/python3.8/site-packages/airflow/example_dags/example_bash_operator.py took 0.043 seconds
[2024-03-27T00:17:37.277+0000] {processor.py:161} INFO - Started process (PID=6764) to work on /home/airflow/.local/lib/python3.8/site-packages/airflow/example_dags/example_bash_operator.py
[2024-03-27T00:17:37.278+0000] {processor.py:830} INFO - Processing file /home/airflow/.local/lib/python3.8/site-packages/airflow/example_dags/example_bash_operator.py for tasks to queue
[2024-03-27T00:17:37.280+0000] {logging_mixin.py:188} INFO - [2024-03-27T00:17:37.280+0000] {dagbag.py:540} INFO - Filling up the DagBag from /home/airflow/.local/lib/python3.8/site-packages/airflow/example_dags/example_bash_operator.py
[2024-03-27T00:17:37.287+0000] {processor.py:840} INFO - DAG(s) 'example_bash_operator' retrieved from /home/airflow/.local/lib/python3.8/site-packages/airflow/example_dags/example_bash_operator.py
[2024-03-27T00:17:37.303+0000] {logging_mixin.py:188} INFO - [2024-03-27T00:17:37.303+0000] {dag.py:3047} INFO - Sync 1 DAGs
[2024-03-27T00:17:37.316+0000] {logging_mixin.py:188} INFO - [2024-03-27T00:17:37.316+0000] {dag.py:3834} INFO - Setting next_dagrun for example_bash_operator to 2024-03-26 00:00:00+00:00, run_after=2024-03-27 00:00:00+00:00
[2024-03-27T00:17:37.331+0000] {processor.py:183} INFO - Processing /home/airflow/.local/lib/python3.8/site-packages/airflow/example_dags/example_bash_operator.py took 0.056 seconds
[2024-03-27T00:18:07.350+0000] {processor.py:161} INFO - Started process (PID=6818) to work on /home/airflow/.local/lib/python3.8/site-packages/airflow/example_dags/example_bash_operator.py
[2024-03-27T00:18:07.350+0000] {processor.py:830} INFO - Processing file /home/airflow/.local/lib/python3.8/site-packages/airflow/example_dags/example_bash_operator.py for tasks to queue
[2024-03-27T00:18:07.351+0000] {logging_mixin.py:188} INFO - [2024-03-27T00:18:07.351+0000] {dagbag.py:540} INFO - Filling up the DagBag from /home/airflow/.local/lib/python3.8/site-packages/airflow/example_dags/example_bash_operator.py
[2024-03-27T00:18:07.357+0000] {processor.py:840} INFO - DAG(s) 'example_bash_operator' retrieved from /home/airflow/.local/lib/python3.8/site-packages/airflow/example_dags/example_bash_operator.py
[2024-03-27T00:18:07.371+0000] {logging_mixin.py:188} INFO - [2024-03-27T00:18:07.371+0000] {dag.py:3047} INFO - Sync 1 DAGs
[2024-03-27T00:18:07.381+0000] {logging_mixin.py:188} INFO - [2024-03-27T00:18:07.381+0000] {dag.py:3834} INFO - Setting next_dagrun for example_bash_operator to 2024-03-26 00:00:00+00:00, run_after=2024-03-27 00:00:00+00:00
[2024-03-27T00:18:07.388+0000] {processor.py:183} INFO - Processing /home/airflow/.local/lib/python3.8/site-packages/airflow/example_dags/example_bash_operator.py took 0.041 seconds
[2024-03-27T00:18:37.549+0000] {processor.py:161} INFO - Started process (PID=6873) to work on /home/airflow/.local/lib/python3.8/site-packages/airflow/example_dags/example_bash_operator.py
[2024-03-27T00:18:37.550+0000] {processor.py:830} INFO - Processing file /home/airflow/.local/lib/python3.8/site-packages/airflow/example_dags/example_bash_operator.py for tasks to queue
[2024-03-27T00:18:37.551+0000] {logging_mixin.py:188} INFO - [2024-03-27T00:18:37.551+0000] {dagbag.py:540} INFO - Filling up the DagBag from /home/airflow/.local/lib/python3.8/site-packages/airflow/example_dags/example_bash_operator.py
[2024-03-27T00:18:37.557+0000] {processor.py:840} INFO - DAG(s) 'example_bash_operator' retrieved from /home/airflow/.local/lib/python3.8/site-packages/airflow/example_dags/example_bash_operator.py
[2024-03-27T00:18:37.571+0000] {logging_mixin.py:188} INFO - [2024-03-27T00:18:37.571+0000] {dag.py:3047} INFO - Sync 1 DAGs
[2024-03-27T00:18:37.581+0000] {logging_mixin.py:188} INFO - [2024-03-27T00:18:37.581+0000] {dag.py:3834} INFO - Setting next_dagrun for example_bash_operator to 2024-03-26 00:00:00+00:00, run_after=2024-03-27 00:00:00+00:00
[2024-03-27T00:18:37.589+0000] {processor.py:183} INFO - Processing /home/airflow/.local/lib/python3.8/site-packages/airflow/example_dags/example_bash_operator.py took 0.041 seconds
[2024-03-27T00:19:07.805+0000] {processor.py:161} INFO - Started process (PID=6928) to work on /home/airflow/.local/lib/python3.8/site-packages/airflow/example_dags/example_bash_operator.py
[2024-03-27T00:19:07.806+0000] {processor.py:830} INFO - Processing file /home/airflow/.local/lib/python3.8/site-packages/airflow/example_dags/example_bash_operator.py for tasks to queue
[2024-03-27T00:19:07.807+0000] {logging_mixin.py:188} INFO - [2024-03-27T00:19:07.806+0000] {dagbag.py:540} INFO - Filling up the DagBag from /home/airflow/.local/lib/python3.8/site-packages/airflow/example_dags/example_bash_operator.py
[2024-03-27T00:19:07.812+0000] {processor.py:840} INFO - DAG(s) 'example_bash_operator' retrieved from /home/airflow/.local/lib/python3.8/site-packages/airflow/example_dags/example_bash_operator.py
[2024-03-27T00:19:07.825+0000] {logging_mixin.py:188} INFO - [2024-03-27T00:19:07.825+0000] {dag.py:3047} INFO - Sync 1 DAGs
[2024-03-27T00:19:07.836+0000] {logging_mixin.py:188} INFO - [2024-03-27T00:19:07.836+0000] {dag.py:3834} INFO - Setting next_dagrun for example_bash_operator to 2024-03-26 00:00:00+00:00, run_after=2024-03-27 00:00:00+00:00
[2024-03-27T00:19:07.844+0000] {processor.py:183} INFO - Processing /home/airflow/.local/lib/python3.8/site-packages/airflow/example_dags/example_bash_operator.py took 0.041 seconds
[2024-03-27T00:19:37.936+0000] {processor.py:161} INFO - Started process (PID=6983) to work on /home/airflow/.local/lib/python3.8/site-packages/airflow/example_dags/example_bash_operator.py
[2024-03-27T00:19:37.937+0000] {processor.py:830} INFO - Processing file /home/airflow/.local/lib/python3.8/site-packages/airflow/example_dags/example_bash_operator.py for tasks to queue
[2024-03-27T00:19:37.938+0000] {logging_mixin.py:188} INFO - [2024-03-27T00:19:37.938+0000] {dagbag.py:540} INFO - Filling up the DagBag from /home/airflow/.local/lib/python3.8/site-packages/airflow/example_dags/example_bash_operator.py
[2024-03-27T00:19:37.944+0000] {processor.py:840} INFO - DAG(s) 'example_bash_operator' retrieved from /home/airflow/.local/lib/python3.8/site-packages/airflow/example_dags/example_bash_operator.py
[2024-03-27T00:19:37.957+0000] {logging_mixin.py:188} INFO - [2024-03-27T00:19:37.957+0000] {dag.py:3047} INFO - Sync 1 DAGs
[2024-03-27T00:19:37.967+0000] {logging_mixin.py:188} INFO - [2024-03-27T00:19:37.967+0000] {dag.py:3834} INFO - Setting next_dagrun for example_bash_operator to 2024-03-26 00:00:00+00:00, run_after=2024-03-27 00:00:00+00:00
[2024-03-27T00:19:37.975+0000] {processor.py:183} INFO - Processing /home/airflow/.local/lib/python3.8/site-packages/airflow/example_dags/example_bash_operator.py took 0.041 seconds
[2024-03-27T00:20:08.854+0000] {processor.py:161} INFO - Started process (PID=7038) to work on /home/airflow/.local/lib/python3.8/site-packages/airflow/example_dags/example_bash_operator.py
[2024-03-27T00:20:08.855+0000] {processor.py:830} INFO - Processing file /home/airflow/.local/lib/python3.8/site-packages/airflow/example_dags/example_bash_operator.py for tasks to queue
[2024-03-27T00:20:08.856+0000] {logging_mixin.py:188} INFO - [2024-03-27T00:20:08.856+0000] {dagbag.py:540} INFO - Filling up the DagBag from /home/airflow/.local/lib/python3.8/site-packages/airflow/example_dags/example_bash_operator.py
[2024-03-27T00:20:08.862+0000] {processor.py:840} INFO - DAG(s) 'example_bash_operator' retrieved from /home/airflow/.local/lib/python3.8/site-packages/airflow/example_dags/example_bash_operator.py
[2024-03-27T00:20:08.876+0000] {logging_mixin.py:188} INFO - [2024-03-27T00:20:08.876+0000] {dag.py:3047} INFO - Sync 1 DAGs
[2024-03-27T00:20:08.886+0000] {logging_mixin.py:188} INFO - [2024-03-27T00:20:08.886+0000] {dag.py:3834} INFO - Setting next_dagrun for example_bash_operator to 2024-03-26 00:00:00+00:00, run_after=2024-03-27 00:00:00+00:00
[2024-03-27T00:20:08.894+0000] {processor.py:183} INFO - Processing /home/airflow/.local/lib/python3.8/site-packages/airflow/example_dags/example_bash_operator.py took 0.041 seconds
[2024-03-27T00:20:39.504+0000] {processor.py:161} INFO - Started process (PID=7093) to work on /home/airflow/.local/lib/python3.8/site-packages/airflow/example_dags/example_bash_operator.py
[2024-03-27T00:20:39.505+0000] {processor.py:830} INFO - Processing file /home/airflow/.local/lib/python3.8/site-packages/airflow/example_dags/example_bash_operator.py for tasks to queue
[2024-03-27T00:20:39.505+0000] {logging_mixin.py:188} INFO - [2024-03-27T00:20:39.505+0000] {dagbag.py:540} INFO - Filling up the DagBag from /home/airflow/.local/lib/python3.8/site-packages/airflow/example_dags/example_bash_operator.py
[2024-03-27T00:20:39.511+0000] {processor.py:840} INFO - DAG(s) 'example_bash_operator' retrieved from /home/airflow/.local/lib/python3.8/site-packages/airflow/example_dags/example_bash_operator.py
[2024-03-27T00:20:39.525+0000] {logging_mixin.py:188} INFO - [2024-03-27T00:20:39.525+0000] {dag.py:3047} INFO - Sync 1 DAGs
[2024-03-27T00:20:39.535+0000] {logging_mixin.py:188} INFO - [2024-03-27T00:20:39.535+0000] {dag.py:3834} INFO - Setting next_dagrun for example_bash_operator to 2024-03-26 00:00:00+00:00, run_after=2024-03-27 00:00:00+00:00
[2024-03-27T00:20:39.543+0000] {processor.py:183} INFO - Processing /home/airflow/.local/lib/python3.8/site-packages/airflow/example_dags/example_bash_operator.py took 0.041 seconds
[2024-03-27T00:21:10.171+0000] {processor.py:161} INFO - Started process (PID=7148) to work on /home/airflow/.local/lib/python3.8/site-packages/airflow/example_dags/example_bash_operator.py
[2024-03-27T00:21:10.172+0000] {processor.py:830} INFO - Processing file /home/airflow/.local/lib/python3.8/site-packages/airflow/example_dags/example_bash_operator.py for tasks to queue
[2024-03-27T00:21:10.173+0000] {logging_mixin.py:188} INFO - [2024-03-27T00:21:10.173+0000] {dagbag.py:540} INFO - Filling up the DagBag from /home/airflow/.local/lib/python3.8/site-packages/airflow/example_dags/example_bash_operator.py
[2024-03-27T00:21:10.179+0000] {processor.py:840} INFO - DAG(s) 'example_bash_operator' retrieved from /home/airflow/.local/lib/python3.8/site-packages/airflow/example_dags/example_bash_operator.py
[2024-03-27T00:21:10.192+0000] {logging_mixin.py:188} INFO - [2024-03-27T00:21:10.192+0000] {dag.py:3047} INFO - Sync 1 DAGs
[2024-03-27T00:21:10.202+0000] {logging_mixin.py:188} INFO - [2024-03-27T00:21:10.202+0000] {dag.py:3834} INFO - Setting next_dagrun for example_bash_operator to 2024-03-26 00:00:00+00:00, run_after=2024-03-27 00:00:00+00:00
[2024-03-27T00:21:10.210+0000] {processor.py:183} INFO - Processing /home/airflow/.local/lib/python3.8/site-packages/airflow/example_dags/example_bash_operator.py took 0.040 seconds
[2024-03-27T00:21:40.895+0000] {processor.py:161} INFO - Started process (PID=7203) to work on /home/airflow/.local/lib/python3.8/site-packages/airflow/example_dags/example_bash_operator.py
[2024-03-27T00:21:40.896+0000] {processor.py:830} INFO - Processing file /home/airflow/.local/lib/python3.8/site-packages/airflow/example_dags/example_bash_operator.py for tasks to queue
[2024-03-27T00:21:40.897+0000] {logging_mixin.py:188} INFO - [2024-03-27T00:21:40.896+0000] {dagbag.py:540} INFO - Filling up the DagBag from /home/airflow/.local/lib/python3.8/site-packages/airflow/example_dags/example_bash_operator.py
[2024-03-27T00:21:40.902+0000] {processor.py:840} INFO - DAG(s) 'example_bash_operator' retrieved from /home/airflow/.local/lib/python3.8/site-packages/airflow/example_dags/example_bash_operator.py
[2024-03-27T00:21:40.915+0000] {logging_mixin.py:188} INFO - [2024-03-27T00:21:40.915+0000] {dag.py:3047} INFO - Sync 1 DAGs
[2024-03-27T00:21:40.925+0000] {logging_mixin.py:188} INFO - [2024-03-27T00:21:40.925+0000] {dag.py:3834} INFO - Setting next_dagrun for example_bash_operator to 2024-03-26 00:00:00+00:00, run_after=2024-03-27 00:00:00+00:00
[2024-03-27T00:21:40.933+0000] {processor.py:183} INFO - Processing /home/airflow/.local/lib/python3.8/site-packages/airflow/example_dags/example_bash_operator.py took 0.039 seconds
[2024-03-27T00:22:11.526+0000] {processor.py:161} INFO - Started process (PID=7258) to work on /home/airflow/.local/lib/python3.8/site-packages/airflow/example_dags/example_bash_operator.py
[2024-03-27T00:22:11.526+0000] {processor.py:830} INFO - Processing file /home/airflow/.local/lib/python3.8/site-packages/airflow/example_dags/example_bash_operator.py for tasks to queue
[2024-03-27T00:22:11.527+0000] {logging_mixin.py:188} INFO - [2024-03-27T00:22:11.527+0000] {dagbag.py:540} INFO - Filling up the DagBag from /home/airflow/.local/lib/python3.8/site-packages/airflow/example_dags/example_bash_operator.py
[2024-03-27T00:22:11.535+0000] {processor.py:840} INFO - DAG(s) 'example_bash_operator' retrieved from /home/airflow/.local/lib/python3.8/site-packages/airflow/example_dags/example_bash_operator.py
[2024-03-27T00:22:11.548+0000] {logging_mixin.py:188} INFO - [2024-03-27T00:22:11.548+0000] {dag.py:3047} INFO - Sync 1 DAGs
[2024-03-27T00:22:11.558+0000] {logging_mixin.py:188} INFO - [2024-03-27T00:22:11.558+0000] {dag.py:3834} INFO - Setting next_dagrun for example_bash_operator to 2024-03-26 00:00:00+00:00, run_after=2024-03-27 00:00:00+00:00
[2024-03-27T00:22:11.567+0000] {processor.py:183} INFO - Processing /home/airflow/.local/lib/python3.8/site-packages/airflow/example_dags/example_bash_operator.py took 0.043 seconds
[2024-03-27T00:22:42.230+0000] {processor.py:161} INFO - Started process (PID=7313) to work on /home/airflow/.local/lib/python3.8/site-packages/airflow/example_dags/example_bash_operator.py
[2024-03-27T00:22:42.230+0000] {processor.py:830} INFO - Processing file /home/airflow/.local/lib/python3.8/site-packages/airflow/example_dags/example_bash_operator.py for tasks to queue
[2024-03-27T00:22:42.231+0000] {logging_mixin.py:188} INFO - [2024-03-27T00:22:42.231+0000] {dagbag.py:540} INFO - Filling up the DagBag from /home/airflow/.local/lib/python3.8/site-packages/airflow/example_dags/example_bash_operator.py
[2024-03-27T00:22:42.237+0000] {processor.py:840} INFO - DAG(s) 'example_bash_operator' retrieved from /home/airflow/.local/lib/python3.8/site-packages/airflow/example_dags/example_bash_operator.py
[2024-03-27T00:22:42.251+0000] {logging_mixin.py:188} INFO - [2024-03-27T00:22:42.250+0000] {dag.py:3047} INFO - Sync 1 DAGs
[2024-03-27T00:22:42.261+0000] {logging_mixin.py:188} INFO - [2024-03-27T00:22:42.261+0000] {dag.py:3834} INFO - Setting next_dagrun for example_bash_operator to 2024-03-26 00:00:00+00:00, run_after=2024-03-27 00:00:00+00:00
[2024-03-27T00:22:42.268+0000] {processor.py:183} INFO - Processing /home/airflow/.local/lib/python3.8/site-packages/airflow/example_dags/example_bash_operator.py took 0.041 seconds
[2024-03-27T00:23:12.957+0000] {processor.py:161} INFO - Started process (PID=7368) to work on /home/airflow/.local/lib/python3.8/site-packages/airflow/example_dags/example_bash_operator.py
[2024-03-27T00:23:12.958+0000] {processor.py:830} INFO - Processing file /home/airflow/.local/lib/python3.8/site-packages/airflow/example_dags/example_bash_operator.py for tasks to queue
[2024-03-27T00:23:12.959+0000] {logging_mixin.py:188} INFO - [2024-03-27T00:23:12.958+0000] {dagbag.py:540} INFO - Filling up the DagBag from /home/airflow/.local/lib/python3.8/site-packages/airflow/example_dags/example_bash_operator.py
[2024-03-27T00:23:12.964+0000] {processor.py:840} INFO - DAG(s) 'example_bash_operator' retrieved from /home/airflow/.local/lib/python3.8/site-packages/airflow/example_dags/example_bash_operator.py
[2024-03-27T00:23:12.977+0000] {logging_mixin.py:188} INFO - [2024-03-27T00:23:12.977+0000] {dag.py:3047} INFO - Sync 1 DAGs
[2024-03-27T00:23:12.987+0000] {logging_mixin.py:188} INFO - [2024-03-27T00:23:12.987+0000] {dag.py:3834} INFO - Setting next_dagrun for example_bash_operator to 2024-03-26 00:00:00+00:00, run_after=2024-03-27 00:00:00+00:00
[2024-03-27T00:23:12.994+0000] {processor.py:183} INFO - Processing /home/airflow/.local/lib/python3.8/site-packages/airflow/example_dags/example_bash_operator.py took 0.039 seconds
[2024-03-27T00:23:43.592+0000] {processor.py:161} INFO - Started process (PID=7423) to work on /home/airflow/.local/lib/python3.8/site-packages/airflow/example_dags/example_bash_operator.py
[2024-03-27T00:23:43.593+0000] {processor.py:830} INFO - Processing file /home/airflow/.local/lib/python3.8/site-packages/airflow/example_dags/example_bash_operator.py for tasks to queue
[2024-03-27T00:23:43.594+0000] {logging_mixin.py:188} INFO - [2024-03-27T00:23:43.593+0000] {dagbag.py:540} INFO - Filling up the DagBag from /home/airflow/.local/lib/python3.8/site-packages/airflow/example_dags/example_bash_operator.py
[2024-03-27T00:23:43.600+0000] {processor.py:840} INFO - DAG(s) 'example_bash_operator' retrieved from /home/airflow/.local/lib/python3.8/site-packages/airflow/example_dags/example_bash_operator.py
[2024-03-27T00:23:43.612+0000] {logging_mixin.py:188} INFO - [2024-03-27T00:23:43.612+0000] {dag.py:3047} INFO - Sync 1 DAGs
[2024-03-27T00:23:43.622+0000] {logging_mixin.py:188} INFO - [2024-03-27T00:23:43.622+0000] {dag.py:3834} INFO - Setting next_dagrun for example_bash_operator to 2024-03-26 00:00:00+00:00, run_after=2024-03-27 00:00:00+00:00
[2024-03-27T00:23:43.630+0000] {processor.py:183} INFO - Processing /home/airflow/.local/lib/python3.8/site-packages/airflow/example_dags/example_bash_operator.py took 0.039 seconds
[2024-03-27T00:24:14.276+0000] {processor.py:161} INFO - Started process (PID=7478) to work on /home/airflow/.local/lib/python3.8/site-packages/airflow/example_dags/example_bash_operator.py
[2024-03-27T00:24:14.277+0000] {processor.py:830} INFO - Processing file /home/airflow/.local/lib/python3.8/site-packages/airflow/example_dags/example_bash_operator.py for tasks to queue
[2024-03-27T00:24:14.278+0000] {logging_mixin.py:188} INFO - [2024-03-27T00:24:14.278+0000] {dagbag.py:540} INFO - Filling up the DagBag from /home/airflow/.local/lib/python3.8/site-packages/airflow/example_dags/example_bash_operator.py
[2024-03-27T00:24:14.284+0000] {processor.py:840} INFO - DAG(s) 'example_bash_operator' retrieved from /home/airflow/.local/lib/python3.8/site-packages/airflow/example_dags/example_bash_operator.py
[2024-03-27T00:24:14.296+0000] {logging_mixin.py:188} INFO - [2024-03-27T00:24:14.296+0000] {dag.py:3047} INFO - Sync 1 DAGs
[2024-03-27T00:24:14.306+0000] {logging_mixin.py:188} INFO - [2024-03-27T00:24:14.306+0000] {dag.py:3834} INFO - Setting next_dagrun for example_bash_operator to 2024-03-26 00:00:00+00:00, run_after=2024-03-27 00:00:00+00:00
[2024-03-27T00:24:14.313+0000] {processor.py:183} INFO - Processing /home/airflow/.local/lib/python3.8/site-packages/airflow/example_dags/example_bash_operator.py took 0.039 seconds
[2024-03-27T00:24:45.206+0000] {processor.py:161} INFO - Started process (PID=7533) to work on /home/airflow/.local/lib/python3.8/site-packages/airflow/example_dags/example_bash_operator.py
[2024-03-27T00:24:45.207+0000] {processor.py:830} INFO - Processing file /home/airflow/.local/lib/python3.8/site-packages/airflow/example_dags/example_bash_operator.py for tasks to queue
[2024-03-27T00:24:45.207+0000] {logging_mixin.py:188} INFO - [2024-03-27T00:24:45.207+0000] {dagbag.py:540} INFO - Filling up the DagBag from /home/airflow/.local/lib/python3.8/site-packages/airflow/example_dags/example_bash_operator.py
[2024-03-27T00:24:45.213+0000] {processor.py:840} INFO - DAG(s) 'example_bash_operator' retrieved from /home/airflow/.local/lib/python3.8/site-packages/airflow/example_dags/example_bash_operator.py
[2024-03-27T00:24:45.226+0000] {logging_mixin.py:188} INFO - [2024-03-27T00:24:45.226+0000] {dag.py:3047} INFO - Sync 1 DAGs
[2024-03-27T00:24:45.236+0000] {logging_mixin.py:188} INFO - [2024-03-27T00:24:45.236+0000] {dag.py:3834} INFO - Setting next_dagrun for example_bash_operator to 2024-03-26 00:00:00+00:00, run_after=2024-03-27 00:00:00+00:00
[2024-03-27T00:24:45.244+0000] {processor.py:183} INFO - Processing /home/airflow/.local/lib/python3.8/site-packages/airflow/example_dags/example_bash_operator.py took 0.040 seconds
[2024-03-27T00:31:02.353+0000] {processor.py:161} INFO - Started process (PID=7589) to work on /home/airflow/.local/lib/python3.8/site-packages/airflow/example_dags/example_bash_operator.py
[2024-03-27T00:31:02.354+0000] {processor.py:830} INFO - Processing file /home/airflow/.local/lib/python3.8/site-packages/airflow/example_dags/example_bash_operator.py for tasks to queue
[2024-03-27T00:31:02.355+0000] {logging_mixin.py:188} INFO - [2024-03-27T00:31:02.355+0000] {dagbag.py:540} INFO - Filling up the DagBag from /home/airflow/.local/lib/python3.8/site-packages/airflow/example_dags/example_bash_operator.py
[2024-03-27T00:31:02.361+0000] {processor.py:840} INFO - DAG(s) 'example_bash_operator' retrieved from /home/airflow/.local/lib/python3.8/site-packages/airflow/example_dags/example_bash_operator.py
[2024-03-27T00:31:02.376+0000] {logging_mixin.py:188} INFO - [2024-03-27T00:31:02.376+0000] {dag.py:3047} INFO - Sync 1 DAGs
[2024-03-27T00:31:02.387+0000] {logging_mixin.py:188} INFO - [2024-03-27T00:31:02.387+0000] {dag.py:3834} INFO - Setting next_dagrun for example_bash_operator to 2024-03-26 00:00:00+00:00, run_after=2024-03-27 00:00:00+00:00
[2024-03-27T00:31:02.396+0000] {processor.py:183} INFO - Processing /home/airflow/.local/lib/python3.8/site-packages/airflow/example_dags/example_bash_operator.py took 0.045 seconds
[2024-03-27T00:34:02.762+0000] {processor.py:161} INFO - Started process (PID=7644) to work on /home/airflow/.local/lib/python3.8/site-packages/airflow/example_dags/example_bash_operator.py
[2024-03-27T00:34:02.762+0000] {processor.py:830} INFO - Processing file /home/airflow/.local/lib/python3.8/site-packages/airflow/example_dags/example_bash_operator.py for tasks to queue
[2024-03-27T00:34:02.763+0000] {logging_mixin.py:188} INFO - [2024-03-27T00:34:02.763+0000] {dagbag.py:540} INFO - Filling up the DagBag from /home/airflow/.local/lib/python3.8/site-packages/airflow/example_dags/example_bash_operator.py
[2024-03-27T00:34:02.769+0000] {processor.py:840} INFO - DAG(s) 'example_bash_operator' retrieved from /home/airflow/.local/lib/python3.8/site-packages/airflow/example_dags/example_bash_operator.py
[2024-03-27T00:34:02.783+0000] {logging_mixin.py:188} INFO - [2024-03-27T00:34:02.783+0000] {dag.py:3047} INFO - Sync 1 DAGs
[2024-03-27T00:34:02.794+0000] {logging_mixin.py:188} INFO - [2024-03-27T00:34:02.793+0000] {dag.py:3834} INFO - Setting next_dagrun for example_bash_operator to 2024-03-26 00:00:00+00:00, run_after=2024-03-27 00:00:00+00:00
[2024-03-27T00:34:02.802+0000] {processor.py:183} INFO - Processing /home/airflow/.local/lib/python3.8/site-packages/airflow/example_dags/example_bash_operator.py took 0.042 seconds
[2024-03-27T00:40:16.183+0000] {processor.py:161} INFO - Started process (PID=7699) to work on /home/airflow/.local/lib/python3.8/site-packages/airflow/example_dags/example_bash_operator.py
[2024-03-27T00:40:16.184+0000] {processor.py:830} INFO - Processing file /home/airflow/.local/lib/python3.8/site-packages/airflow/example_dags/example_bash_operator.py for tasks to queue
[2024-03-27T00:40:16.185+0000] {logging_mixin.py:188} INFO - [2024-03-27T00:40:16.184+0000] {dagbag.py:540} INFO - Filling up the DagBag from /home/airflow/.local/lib/python3.8/site-packages/airflow/example_dags/example_bash_operator.py
[2024-03-27T00:40:16.191+0000] {processor.py:840} INFO - DAG(s) 'example_bash_operator' retrieved from /home/airflow/.local/lib/python3.8/site-packages/airflow/example_dags/example_bash_operator.py
[2024-03-27T00:40:16.204+0000] {logging_mixin.py:188} INFO - [2024-03-27T00:40:16.204+0000] {dag.py:3047} INFO - Sync 1 DAGs
[2024-03-27T00:40:16.215+0000] {logging_mixin.py:188} INFO - [2024-03-27T00:40:16.215+0000] {dag.py:3834} INFO - Setting next_dagrun for example_bash_operator to 2024-03-26 00:00:00+00:00, run_after=2024-03-27 00:00:00+00:00
[2024-03-27T00:40:16.223+0000] {processor.py:183} INFO - Processing /home/airflow/.local/lib/python3.8/site-packages/airflow/example_dags/example_bash_operator.py took 0.042 seconds
[2024-03-27T00:41:13.169+0000] {processor.py:161} INFO - Started process (PID=7754) to work on /home/airflow/.local/lib/python3.8/site-packages/airflow/example_dags/example_bash_operator.py
[2024-03-27T00:41:13.170+0000] {processor.py:830} INFO - Processing file /home/airflow/.local/lib/python3.8/site-packages/airflow/example_dags/example_bash_operator.py for tasks to queue
[2024-03-27T00:41:13.171+0000] {logging_mixin.py:188} INFO - [2024-03-27T00:41:13.171+0000] {dagbag.py:540} INFO - Filling up the DagBag from /home/airflow/.local/lib/python3.8/site-packages/airflow/example_dags/example_bash_operator.py
[2024-03-27T00:41:13.177+0000] {processor.py:840} INFO - DAG(s) 'example_bash_operator' retrieved from /home/airflow/.local/lib/python3.8/site-packages/airflow/example_dags/example_bash_operator.py
[2024-03-27T00:41:13.191+0000] {logging_mixin.py:188} INFO - [2024-03-27T00:41:13.190+0000] {dag.py:3047} INFO - Sync 1 DAGs
[2024-03-27T00:41:13.201+0000] {logging_mixin.py:188} INFO - [2024-03-27T00:41:13.201+0000] {dag.py:3834} INFO - Setting next_dagrun for example_bash_operator to 2024-03-26 00:00:00+00:00, run_after=2024-03-27 00:00:00+00:00
[2024-03-27T00:41:13.209+0000] {processor.py:183} INFO - Processing /home/airflow/.local/lib/python3.8/site-packages/airflow/example_dags/example_bash_operator.py took 0.042 seconds
[2024-03-27T00:42:55.848+0000] {processor.py:161} INFO - Started process (PID=7809) to work on /home/airflow/.local/lib/python3.8/site-packages/airflow/example_dags/example_bash_operator.py
[2024-03-27T00:42:55.849+0000] {processor.py:830} INFO - Processing file /home/airflow/.local/lib/python3.8/site-packages/airflow/example_dags/example_bash_operator.py for tasks to queue
[2024-03-27T00:42:55.850+0000] {logging_mixin.py:188} INFO - [2024-03-27T00:42:55.850+0000] {dagbag.py:540} INFO - Filling up the DagBag from /home/airflow/.local/lib/python3.8/site-packages/airflow/example_dags/example_bash_operator.py
[2024-03-27T00:42:55.856+0000] {processor.py:840} INFO - DAG(s) 'example_bash_operator' retrieved from /home/airflow/.local/lib/python3.8/site-packages/airflow/example_dags/example_bash_operator.py
[2024-03-27T00:42:55.870+0000] {logging_mixin.py:188} INFO - [2024-03-27T00:42:55.869+0000] {dag.py:3047} INFO - Sync 1 DAGs
[2024-03-27T00:42:55.880+0000] {logging_mixin.py:188} INFO - [2024-03-27T00:42:55.880+0000] {dag.py:3834} INFO - Setting next_dagrun for example_bash_operator to 2024-03-26 00:00:00+00:00, run_after=2024-03-27 00:00:00+00:00
[2024-03-27T00:42:55.889+0000] {processor.py:183} INFO - Processing /home/airflow/.local/lib/python3.8/site-packages/airflow/example_dags/example_bash_operator.py took 0.042 seconds
[2024-03-27T00:45:42.033+0000] {processor.py:161} INFO - Started process (PID=7864) to work on /home/airflow/.local/lib/python3.8/site-packages/airflow/example_dags/example_bash_operator.py
[2024-03-27T00:45:42.034+0000] {processor.py:830} INFO - Processing file /home/airflow/.local/lib/python3.8/site-packages/airflow/example_dags/example_bash_operator.py for tasks to queue
[2024-03-27T00:45:42.035+0000] {logging_mixin.py:188} INFO - [2024-03-27T00:45:42.034+0000] {dagbag.py:540} INFO - Filling up the DagBag from /home/airflow/.local/lib/python3.8/site-packages/airflow/example_dags/example_bash_operator.py
[2024-03-27T00:45:42.041+0000] {processor.py:840} INFO - DAG(s) 'example_bash_operator' retrieved from /home/airflow/.local/lib/python3.8/site-packages/airflow/example_dags/example_bash_operator.py
[2024-03-27T00:45:42.054+0000] {logging_mixin.py:188} INFO - [2024-03-27T00:45:42.054+0000] {dag.py:3047} INFO - Sync 1 DAGs
[2024-03-27T00:45:42.065+0000] {logging_mixin.py:188} INFO - [2024-03-27T00:45:42.065+0000] {dag.py:3834} INFO - Setting next_dagrun for example_bash_operator to 2024-03-26 00:00:00+00:00, run_after=2024-03-27 00:00:00+00:00
[2024-03-27T00:45:42.075+0000] {processor.py:183} INFO - Processing /home/airflow/.local/lib/python3.8/site-packages/airflow/example_dags/example_bash_operator.py took 0.043 seconds
[2024-03-27T00:49:39.165+0000] {processor.py:161} INFO - Started process (PID=7919) to work on /home/airflow/.local/lib/python3.8/site-packages/airflow/example_dags/example_bash_operator.py
[2024-03-27T00:49:39.165+0000] {processor.py:830} INFO - Processing file /home/airflow/.local/lib/python3.8/site-packages/airflow/example_dags/example_bash_operator.py for tasks to queue
[2024-03-27T00:49:39.167+0000] {logging_mixin.py:188} INFO - [2024-03-27T00:49:39.166+0000] {dagbag.py:540} INFO - Filling up the DagBag from /home/airflow/.local/lib/python3.8/site-packages/airflow/example_dags/example_bash_operator.py
[2024-03-27T00:49:39.173+0000] {processor.py:840} INFO - DAG(s) 'example_bash_operator' retrieved from /home/airflow/.local/lib/python3.8/site-packages/airflow/example_dags/example_bash_operator.py
[2024-03-27T00:49:39.187+0000] {logging_mixin.py:188} INFO - [2024-03-27T00:49:39.187+0000] {dag.py:3047} INFO - Sync 1 DAGs
[2024-03-27T00:49:39.199+0000] {logging_mixin.py:188} INFO - [2024-03-27T00:49:39.199+0000] {dag.py:3834} INFO - Setting next_dagrun for example_bash_operator to 2024-03-26 00:00:00+00:00, run_after=2024-03-27 00:00:00+00:00
[2024-03-27T00:49:39.209+0000] {processor.py:183} INFO - Processing /home/airflow/.local/lib/python3.8/site-packages/airflow/example_dags/example_bash_operator.py took 0.046 seconds
[2024-03-27T00:50:38.240+0000] {processor.py:161} INFO - Started process (PID=7974) to work on /home/airflow/.local/lib/python3.8/site-packages/airflow/example_dags/example_bash_operator.py
[2024-03-27T00:50:38.240+0000] {processor.py:830} INFO - Processing file /home/airflow/.local/lib/python3.8/site-packages/airflow/example_dags/example_bash_operator.py for tasks to queue
[2024-03-27T00:50:38.241+0000] {logging_mixin.py:188} INFO - [2024-03-27T00:50:38.241+0000] {dagbag.py:540} INFO - Filling up the DagBag from /home/airflow/.local/lib/python3.8/site-packages/airflow/example_dags/example_bash_operator.py
[2024-03-27T00:50:38.247+0000] {processor.py:840} INFO - DAG(s) 'example_bash_operator' retrieved from /home/airflow/.local/lib/python3.8/site-packages/airflow/example_dags/example_bash_operator.py
[2024-03-27T00:50:38.260+0000] {logging_mixin.py:188} INFO - [2024-03-27T00:50:38.260+0000] {dag.py:3047} INFO - Sync 1 DAGs
[2024-03-27T00:50:38.270+0000] {logging_mixin.py:188} INFO - [2024-03-27T00:50:38.270+0000] {dag.py:3834} INFO - Setting next_dagrun for example_bash_operator to 2024-03-26 00:00:00+00:00, run_after=2024-03-27 00:00:00+00:00
[2024-03-27T00:50:38.279+0000] {processor.py:183} INFO - Processing /home/airflow/.local/lib/python3.8/site-packages/airflow/example_dags/example_bash_operator.py took 0.041 seconds
[2024-03-27T00:51:23.263+0000] {processor.py:161} INFO - Started process (PID=8029) to work on /home/airflow/.local/lib/python3.8/site-packages/airflow/example_dags/example_bash_operator.py
[2024-03-27T00:51:23.264+0000] {processor.py:830} INFO - Processing file /home/airflow/.local/lib/python3.8/site-packages/airflow/example_dags/example_bash_operator.py for tasks to queue
[2024-03-27T00:51:23.265+0000] {logging_mixin.py:188} INFO - [2024-03-27T00:51:23.265+0000] {dagbag.py:540} INFO - Filling up the DagBag from /home/airflow/.local/lib/python3.8/site-packages/airflow/example_dags/example_bash_operator.py
[2024-03-27T00:51:23.271+0000] {processor.py:840} INFO - DAG(s) 'example_bash_operator' retrieved from /home/airflow/.local/lib/python3.8/site-packages/airflow/example_dags/example_bash_operator.py
[2024-03-27T00:51:23.285+0000] {logging_mixin.py:188} INFO - [2024-03-27T00:51:23.285+0000] {dag.py:3047} INFO - Sync 1 DAGs
[2024-03-27T00:51:23.295+0000] {logging_mixin.py:188} INFO - [2024-03-27T00:51:23.295+0000] {dag.py:3834} INFO - Setting next_dagrun for example_bash_operator to 2024-03-26 00:00:00+00:00, run_after=2024-03-27 00:00:00+00:00
[2024-03-27T00:51:23.304+0000] {processor.py:183} INFO - Processing /home/airflow/.local/lib/python3.8/site-packages/airflow/example_dags/example_bash_operator.py took 0.042 seconds
[2024-03-27T00:53:00.325+0000] {processor.py:161} INFO - Started process (PID=8084) to work on /home/airflow/.local/lib/python3.8/site-packages/airflow/example_dags/example_bash_operator.py
[2024-03-27T00:53:00.326+0000] {processor.py:830} INFO - Processing file /home/airflow/.local/lib/python3.8/site-packages/airflow/example_dags/example_bash_operator.py for tasks to queue
[2024-03-27T00:53:00.327+0000] {logging_mixin.py:188} INFO - [2024-03-27T00:53:00.327+0000] {dagbag.py:540} INFO - Filling up the DagBag from /home/airflow/.local/lib/python3.8/site-packages/airflow/example_dags/example_bash_operator.py
[2024-03-27T00:53:00.333+0000] {processor.py:840} INFO - DAG(s) 'example_bash_operator' retrieved from /home/airflow/.local/lib/python3.8/site-packages/airflow/example_dags/example_bash_operator.py
[2024-03-27T00:53:00.347+0000] {logging_mixin.py:188} INFO - [2024-03-27T00:53:00.347+0000] {dag.py:3047} INFO - Sync 1 DAGs
[2024-03-27T00:53:00.358+0000] {logging_mixin.py:188} INFO - [2024-03-27T00:53:00.358+0000] {dag.py:3834} INFO - Setting next_dagrun for example_bash_operator to 2024-03-26 00:00:00+00:00, run_after=2024-03-27 00:00:00+00:00
[2024-03-27T00:53:00.366+0000] {processor.py:183} INFO - Processing /home/airflow/.local/lib/python3.8/site-packages/airflow/example_dags/example_bash_operator.py took 0.042 seconds
[2024-03-27T00:53:59.971+0000] {processor.py:161} INFO - Started process (PID=8139) to work on /home/airflow/.local/lib/python3.8/site-packages/airflow/example_dags/example_bash_operator.py
[2024-03-27T00:53:59.972+0000] {processor.py:830} INFO - Processing file /home/airflow/.local/lib/python3.8/site-packages/airflow/example_dags/example_bash_operator.py for tasks to queue
[2024-03-27T00:53:59.973+0000] {logging_mixin.py:188} INFO - [2024-03-27T00:53:59.972+0000] {dagbag.py:540} INFO - Filling up the DagBag from /home/airflow/.local/lib/python3.8/site-packages/airflow/example_dags/example_bash_operator.py
[2024-03-27T00:53:59.979+0000] {processor.py:840} INFO - DAG(s) 'example_bash_operator' retrieved from /home/airflow/.local/lib/python3.8/site-packages/airflow/example_dags/example_bash_operator.py
[2024-03-27T00:53:59.992+0000] {logging_mixin.py:188} INFO - [2024-03-27T00:53:59.992+0000] {dag.py:3047} INFO - Sync 1 DAGs
[2024-03-27T00:54:00.003+0000] {logging_mixin.py:188} INFO - [2024-03-27T00:54:00.003+0000] {dag.py:3834} INFO - Setting next_dagrun for example_bash_operator to 2024-03-26 00:00:00+00:00, run_after=2024-03-27 00:00:00+00:00
[2024-03-27T00:54:00.012+0000] {processor.py:183} INFO - Processing /home/airflow/.local/lib/python3.8/site-packages/airflow/example_dags/example_bash_operator.py took 0.043 seconds
[2024-03-27T00:54:43.541+0000] {processor.py:161} INFO - Started process (PID=8194) to work on /home/airflow/.local/lib/python3.8/site-packages/airflow/example_dags/example_bash_operator.py
[2024-03-27T00:54:43.542+0000] {processor.py:830} INFO - Processing file /home/airflow/.local/lib/python3.8/site-packages/airflow/example_dags/example_bash_operator.py for tasks to queue
[2024-03-27T00:54:43.543+0000] {logging_mixin.py:188} INFO - [2024-03-27T00:54:43.543+0000] {dagbag.py:540} INFO - Filling up the DagBag from /home/airflow/.local/lib/python3.8/site-packages/airflow/example_dags/example_bash_operator.py
[2024-03-27T00:54:43.549+0000] {processor.py:840} INFO - DAG(s) 'example_bash_operator' retrieved from /home/airflow/.local/lib/python3.8/site-packages/airflow/example_dags/example_bash_operator.py
[2024-03-27T00:54:43.562+0000] {logging_mixin.py:188} INFO - [2024-03-27T00:54:43.562+0000] {dag.py:3047} INFO - Sync 1 DAGs
[2024-03-27T00:54:43.573+0000] {logging_mixin.py:188} INFO - [2024-03-27T00:54:43.573+0000] {dag.py:3834} INFO - Setting next_dagrun for example_bash_operator to 2024-03-26 00:00:00+00:00, run_after=2024-03-27 00:00:00+00:00
[2024-03-27T00:54:43.581+0000] {processor.py:183} INFO - Processing /home/airflow/.local/lib/python3.8/site-packages/airflow/example_dags/example_bash_operator.py took 0.042 seconds
[2024-03-27T00:55:16.453+0000] {processor.py:161} INFO - Started process (PID=8249) to work on /home/airflow/.local/lib/python3.8/site-packages/airflow/example_dags/example_bash_operator.py
[2024-03-27T00:55:16.453+0000] {processor.py:830} INFO - Processing file /home/airflow/.local/lib/python3.8/site-packages/airflow/example_dags/example_bash_operator.py for tasks to queue
[2024-03-27T00:55:16.454+0000] {logging_mixin.py:188} INFO - [2024-03-27T00:55:16.454+0000] {dagbag.py:540} INFO - Filling up the DagBag from /home/airflow/.local/lib/python3.8/site-packages/airflow/example_dags/example_bash_operator.py
[2024-03-27T00:55:16.460+0000] {processor.py:840} INFO - DAG(s) 'example_bash_operator' retrieved from /home/airflow/.local/lib/python3.8/site-packages/airflow/example_dags/example_bash_operator.py
[2024-03-27T00:55:16.473+0000] {logging_mixin.py:188} INFO - [2024-03-27T00:55:16.473+0000] {dag.py:3047} INFO - Sync 1 DAGs
[2024-03-27T00:55:16.484+0000] {logging_mixin.py:188} INFO - [2024-03-27T00:55:16.484+0000] {dag.py:3834} INFO - Setting next_dagrun for example_bash_operator to 2024-03-26 00:00:00+00:00, run_after=2024-03-27 00:00:00+00:00
[2024-03-27T00:55:16.493+0000] {processor.py:183} INFO - Processing /home/airflow/.local/lib/python3.8/site-packages/airflow/example_dags/example_bash_operator.py took 0.042 seconds
[2024-03-27T00:55:58.624+0000] {processor.py:161} INFO - Started process (PID=8303) to work on /home/airflow/.local/lib/python3.8/site-packages/airflow/example_dags/example_bash_operator.py
[2024-03-27T00:55:58.625+0000] {processor.py:830} INFO - Processing file /home/airflow/.local/lib/python3.8/site-packages/airflow/example_dags/example_bash_operator.py for tasks to queue
[2024-03-27T00:55:58.626+0000] {logging_mixin.py:188} INFO - [2024-03-27T00:55:58.626+0000] {dagbag.py:540} INFO - Filling up the DagBag from /home/airflow/.local/lib/python3.8/site-packages/airflow/example_dags/example_bash_operator.py
[2024-03-27T00:55:58.632+0000] {processor.py:840} INFO - DAG(s) 'example_bash_operator' retrieved from /home/airflow/.local/lib/python3.8/site-packages/airflow/example_dags/example_bash_operator.py
[2024-03-27T00:55:58.646+0000] {logging_mixin.py:188} INFO - [2024-03-27T00:55:58.645+0000] {dag.py:3047} INFO - Sync 1 DAGs
[2024-03-27T00:55:58.656+0000] {logging_mixin.py:188} INFO - [2024-03-27T00:55:58.656+0000] {dag.py:3834} INFO - Setting next_dagrun for example_bash_operator to 2024-03-26 00:00:00+00:00, run_after=2024-03-27 00:00:00+00:00
[2024-03-27T00:55:58.664+0000] {processor.py:183} INFO - Processing /home/airflow/.local/lib/python3.8/site-packages/airflow/example_dags/example_bash_operator.py took 0.042 seconds
[2024-03-27T00:58:44.960+0000] {processor.py:161} INFO - Started process (PID=8358) to work on /home/airflow/.local/lib/python3.8/site-packages/airflow/example_dags/example_bash_operator.py
[2024-03-27T00:58:44.962+0000] {processor.py:830} INFO - Processing file /home/airflow/.local/lib/python3.8/site-packages/airflow/example_dags/example_bash_operator.py for tasks to queue
[2024-03-27T00:58:44.966+0000] {logging_mixin.py:188} INFO - [2024-03-27T00:58:44.965+0000] {dagbag.py:540} INFO - Filling up the DagBag from /home/airflow/.local/lib/python3.8/site-packages/airflow/example_dags/example_bash_operator.py
[2024-03-27T00:58:44.981+0000] {processor.py:840} INFO - DAG(s) 'example_bash_operator' retrieved from /home/airflow/.local/lib/python3.8/site-packages/airflow/example_dags/example_bash_operator.py
[2024-03-27T00:58:45.015+0000] {logging_mixin.py:188} INFO - [2024-03-27T00:58:45.015+0000] {dag.py:3047} INFO - Sync 1 DAGs
[2024-03-27T00:58:45.053+0000] {logging_mixin.py:188} INFO - [2024-03-27T00:58:45.052+0000] {dag.py:3834} INFO - Setting next_dagrun for example_bash_operator to 2024-03-26 00:00:00+00:00, run_after=2024-03-27 00:00:00+00:00
[2024-03-27T00:58:45.091+0000] {processor.py:183} INFO - Processing /home/airflow/.local/lib/python3.8/site-packages/airflow/example_dags/example_bash_operator.py took 0.136 seconds
[2024-03-27T01:01:14.365+0000] {processor.py:161} INFO - Started process (PID=8413) to work on /home/airflow/.local/lib/python3.8/site-packages/airflow/example_dags/example_bash_operator.py
[2024-03-27T01:01:14.367+0000] {processor.py:830} INFO - Processing file /home/airflow/.local/lib/python3.8/site-packages/airflow/example_dags/example_bash_operator.py for tasks to queue
[2024-03-27T01:01:14.372+0000] {logging_mixin.py:188} INFO - [2024-03-27T01:01:14.372+0000] {dagbag.py:540} INFO - Filling up the DagBag from /home/airflow/.local/lib/python3.8/site-packages/airflow/example_dags/example_bash_operator.py
[2024-03-27T01:01:14.391+0000] {processor.py:840} INFO - DAG(s) 'example_bash_operator' retrieved from /home/airflow/.local/lib/python3.8/site-packages/airflow/example_dags/example_bash_operator.py
[2024-03-27T01:01:14.424+0000] {logging_mixin.py:188} INFO - [2024-03-27T01:01:14.424+0000] {dag.py:3047} INFO - Sync 1 DAGs
[2024-03-27T01:01:14.460+0000] {logging_mixin.py:188} INFO - [2024-03-27T01:01:14.459+0000] {dag.py:3834} INFO - Setting next_dagrun for example_bash_operator to 2024-03-26 00:00:00+00:00, run_after=2024-03-27 00:00:00+00:00
[2024-03-27T01:01:14.498+0000] {processor.py:183} INFO - Processing /home/airflow/.local/lib/python3.8/site-packages/airflow/example_dags/example_bash_operator.py took 0.139 seconds
[2024-03-27T01:04:43.596+0000] {processor.py:161} INFO - Started process (PID=8468) to work on /home/airflow/.local/lib/python3.8/site-packages/airflow/example_dags/example_bash_operator.py
[2024-03-27T01:04:43.597+0000] {processor.py:830} INFO - Processing file /home/airflow/.local/lib/python3.8/site-packages/airflow/example_dags/example_bash_operator.py for tasks to queue
[2024-03-27T01:04:43.599+0000] {logging_mixin.py:188} INFO - [2024-03-27T01:04:43.599+0000] {dagbag.py:540} INFO - Filling up the DagBag from /home/airflow/.local/lib/python3.8/site-packages/airflow/example_dags/example_bash_operator.py
[2024-03-27T01:04:43.607+0000] {processor.py:840} INFO - DAG(s) 'example_bash_operator' retrieved from /home/airflow/.local/lib/python3.8/site-packages/airflow/example_dags/example_bash_operator.py
[2024-03-27T01:04:43.626+0000] {logging_mixin.py:188} INFO - [2024-03-27T01:04:43.625+0000] {dag.py:3047} INFO - Sync 1 DAGs
[2024-03-27T01:04:43.647+0000] {logging_mixin.py:188} INFO - [2024-03-27T01:04:43.647+0000] {dag.py:3834} INFO - Setting next_dagrun for example_bash_operator to 2024-03-26 00:00:00+00:00, run_after=2024-03-27 00:00:00+00:00
[2024-03-27T01:04:43.661+0000] {processor.py:183} INFO - Processing /home/airflow/.local/lib/python3.8/site-packages/airflow/example_dags/example_bash_operator.py took 0.067 seconds
[2024-03-27T01:08:48.810+0000] {processor.py:161} INFO - Started process (PID=8523) to work on /home/airflow/.local/lib/python3.8/site-packages/airflow/example_dags/example_bash_operator.py
[2024-03-27T01:08:48.810+0000] {processor.py:830} INFO - Processing file /home/airflow/.local/lib/python3.8/site-packages/airflow/example_dags/example_bash_operator.py for tasks to queue
[2024-03-27T01:08:48.812+0000] {logging_mixin.py:188} INFO - [2024-03-27T01:08:48.811+0000] {dagbag.py:540} INFO - Filling up the DagBag from /home/airflow/.local/lib/python3.8/site-packages/airflow/example_dags/example_bash_operator.py
[2024-03-27T01:08:48.819+0000] {processor.py:840} INFO - DAG(s) 'example_bash_operator' retrieved from /home/airflow/.local/lib/python3.8/site-packages/airflow/example_dags/example_bash_operator.py
[2024-03-27T01:08:48.833+0000] {logging_mixin.py:188} INFO - [2024-03-27T01:08:48.833+0000] {dag.py:3047} INFO - Sync 1 DAGs
[2024-03-27T01:08:48.844+0000] {logging_mixin.py:188} INFO - [2024-03-27T01:08:48.844+0000] {dag.py:3834} INFO - Setting next_dagrun for example_bash_operator to 2024-03-26 00:00:00+00:00, run_after=2024-03-27 00:00:00+00:00
[2024-03-27T01:08:48.853+0000] {processor.py:183} INFO - Processing /home/airflow/.local/lib/python3.8/site-packages/airflow/example_dags/example_bash_operator.py took 0.046 seconds
[2024-03-27T01:13:47.493+0000] {processor.py:161} INFO - Started process (PID=8578) to work on /home/airflow/.local/lib/python3.8/site-packages/airflow/example_dags/example_bash_operator.py
[2024-03-27T01:13:47.494+0000] {processor.py:830} INFO - Processing file /home/airflow/.local/lib/python3.8/site-packages/airflow/example_dags/example_bash_operator.py for tasks to queue
[2024-03-27T01:13:47.495+0000] {logging_mixin.py:188} INFO - [2024-03-27T01:13:47.495+0000] {dagbag.py:540} INFO - Filling up the DagBag from /home/airflow/.local/lib/python3.8/site-packages/airflow/example_dags/example_bash_operator.py
[2024-03-27T01:13:47.501+0000] {processor.py:840} INFO - DAG(s) 'example_bash_operator' retrieved from /home/airflow/.local/lib/python3.8/site-packages/airflow/example_dags/example_bash_operator.py
[2024-03-27T01:13:47.515+0000] {logging_mixin.py:188} INFO - [2024-03-27T01:13:47.515+0000] {dag.py:3047} INFO - Sync 1 DAGs
[2024-03-27T01:13:47.527+0000] {logging_mixin.py:188} INFO - [2024-03-27T01:13:47.526+0000] {dag.py:3834} INFO - Setting next_dagrun for example_bash_operator to 2024-03-26 00:00:00+00:00, run_after=2024-03-27 00:00:00+00:00
[2024-03-27T01:13:47.536+0000] {processor.py:183} INFO - Processing /home/airflow/.local/lib/python3.8/site-packages/airflow/example_dags/example_bash_operator.py took 0.045 seconds
[2024-03-27T01:47:16.413+0000] {processor.py:161} INFO - Started process (PID=8633) to work on /home/airflow/.local/lib/python3.8/site-packages/airflow/example_dags/example_bash_operator.py
[2024-03-27T01:47:16.414+0000] {processor.py:830} INFO - Processing file /home/airflow/.local/lib/python3.8/site-packages/airflow/example_dags/example_bash_operator.py for tasks to queue
[2024-03-27T01:47:16.415+0000] {logging_mixin.py:188} INFO - [2024-03-27T01:47:16.415+0000] {dagbag.py:540} INFO - Filling up the DagBag from /home/airflow/.local/lib/python3.8/site-packages/airflow/example_dags/example_bash_operator.py
[2024-03-27T01:47:16.421+0000] {processor.py:840} INFO - DAG(s) 'example_bash_operator' retrieved from /home/airflow/.local/lib/python3.8/site-packages/airflow/example_dags/example_bash_operator.py
[2024-03-27T01:47:16.435+0000] {logging_mixin.py:188} INFO - [2024-03-27T01:47:16.435+0000] {dag.py:3047} INFO - Sync 1 DAGs
[2024-03-27T01:47:16.448+0000] {logging_mixin.py:188} INFO - [2024-03-27T01:47:16.448+0000] {dag.py:3834} INFO - Setting next_dagrun for example_bash_operator to 2024-03-26 00:00:00+00:00, run_after=2024-03-27 00:00:00+00:00
[2024-03-27T01:47:16.458+0000] {processor.py:183} INFO - Processing /home/airflow/.local/lib/python3.8/site-packages/airflow/example_dags/example_bash_operator.py took 0.046 seconds
[2024-03-27T02:30:29.581+0000] {processor.py:161} INFO - Started process (PID=8688) to work on /home/airflow/.local/lib/python3.8/site-packages/airflow/example_dags/example_bash_operator.py
[2024-03-27T02:30:29.581+0000] {processor.py:830} INFO - Processing file /home/airflow/.local/lib/python3.8/site-packages/airflow/example_dags/example_bash_operator.py for tasks to queue
[2024-03-27T02:30:29.582+0000] {logging_mixin.py:188} INFO - [2024-03-27T02:30:29.582+0000] {dagbag.py:540} INFO - Filling up the DagBag from /home/airflow/.local/lib/python3.8/site-packages/airflow/example_dags/example_bash_operator.py
[2024-03-27T02:30:29.589+0000] {processor.py:840} INFO - DAG(s) 'example_bash_operator' retrieved from /home/airflow/.local/lib/python3.8/site-packages/airflow/example_dags/example_bash_operator.py
[2024-03-27T02:30:29.604+0000] {logging_mixin.py:188} INFO - [2024-03-27T02:30:29.604+0000] {dag.py:3047} INFO - Sync 1 DAGs
[2024-03-27T02:30:29.614+0000] {logging_mixin.py:188} INFO - [2024-03-27T02:30:29.614+0000] {dag.py:3834} INFO - Setting next_dagrun for example_bash_operator to 2024-03-26 00:00:00+00:00, run_after=2024-03-27 00:00:00+00:00
[2024-03-27T02:30:29.624+0000] {processor.py:183} INFO - Processing /home/airflow/.local/lib/python3.8/site-packages/airflow/example_dags/example_bash_operator.py took 0.045 seconds
[2024-03-27T02:31:20.446+0000] {processor.py:161} INFO - Started process (PID=8743) to work on /home/airflow/.local/lib/python3.8/site-packages/airflow/example_dags/example_bash_operator.py
[2024-03-27T02:31:20.447+0000] {processor.py:830} INFO - Processing file /home/airflow/.local/lib/python3.8/site-packages/airflow/example_dags/example_bash_operator.py for tasks to queue
[2024-03-27T02:31:20.448+0000] {logging_mixin.py:188} INFO - [2024-03-27T02:31:20.448+0000] {dagbag.py:540} INFO - Filling up the DagBag from /home/airflow/.local/lib/python3.8/site-packages/airflow/example_dags/example_bash_operator.py
[2024-03-27T02:31:20.455+0000] {processor.py:840} INFO - DAG(s) 'example_bash_operator' retrieved from /home/airflow/.local/lib/python3.8/site-packages/airflow/example_dags/example_bash_operator.py
[2024-03-27T02:31:20.469+0000] {logging_mixin.py:188} INFO - [2024-03-27T02:31:20.469+0000] {dag.py:3047} INFO - Sync 1 DAGs
[2024-03-27T02:31:20.479+0000] {logging_mixin.py:188} INFO - [2024-03-27T02:31:20.479+0000] {dag.py:3834} INFO - Setting next_dagrun for example_bash_operator to 2024-03-26 00:00:00+00:00, run_after=2024-03-27 00:00:00+00:00
[2024-03-27T02:31:20.488+0000] {processor.py:183} INFO - Processing /home/airflow/.local/lib/python3.8/site-packages/airflow/example_dags/example_bash_operator.py took 0.043 seconds
[2024-03-27T02:33:49.358+0000] {processor.py:161} INFO - Started process (PID=8798) to work on /home/airflow/.local/lib/python3.8/site-packages/airflow/example_dags/example_bash_operator.py
[2024-03-27T02:33:49.359+0000] {processor.py:830} INFO - Processing file /home/airflow/.local/lib/python3.8/site-packages/airflow/example_dags/example_bash_operator.py for tasks to queue
[2024-03-27T02:33:49.360+0000] {logging_mixin.py:188} INFO - [2024-03-27T02:33:49.360+0000] {dagbag.py:540} INFO - Filling up the DagBag from /home/airflow/.local/lib/python3.8/site-packages/airflow/example_dags/example_bash_operator.py
[2024-03-27T02:33:49.367+0000] {processor.py:840} INFO - DAG(s) 'example_bash_operator' retrieved from /home/airflow/.local/lib/python3.8/site-packages/airflow/example_dags/example_bash_operator.py
[2024-03-27T02:33:49.381+0000] {logging_mixin.py:188} INFO - [2024-03-27T02:33:49.381+0000] {dag.py:3047} INFO - Sync 1 DAGs
[2024-03-27T02:33:49.392+0000] {logging_mixin.py:188} INFO - [2024-03-27T02:33:49.392+0000] {dag.py:3834} INFO - Setting next_dagrun for example_bash_operator to 2024-03-26 00:00:00+00:00, run_after=2024-03-27 00:00:00+00:00
[2024-03-27T02:33:49.403+0000] {processor.py:183} INFO - Processing /home/airflow/.local/lib/python3.8/site-packages/airflow/example_dags/example_bash_operator.py took 0.047 seconds
[2024-03-27T02:49:01.354+0000] {processor.py:161} INFO - Started process (PID=8853) to work on /home/airflow/.local/lib/python3.8/site-packages/airflow/example_dags/example_bash_operator.py
[2024-03-27T02:49:01.355+0000] {processor.py:830} INFO - Processing file /home/airflow/.local/lib/python3.8/site-packages/airflow/example_dags/example_bash_operator.py for tasks to queue
[2024-03-27T02:49:01.356+0000] {logging_mixin.py:188} INFO - [2024-03-27T02:49:01.356+0000] {dagbag.py:540} INFO - Filling up the DagBag from /home/airflow/.local/lib/python3.8/site-packages/airflow/example_dags/example_bash_operator.py
[2024-03-27T02:49:01.362+0000] {processor.py:840} INFO - DAG(s) 'example_bash_operator' retrieved from /home/airflow/.local/lib/python3.8/site-packages/airflow/example_dags/example_bash_operator.py
[2024-03-27T02:49:01.379+0000] {logging_mixin.py:188} INFO - [2024-03-27T02:49:01.379+0000] {dag.py:3047} INFO - Sync 1 DAGs
[2024-03-27T02:49:01.391+0000] {logging_mixin.py:188} INFO - [2024-03-27T02:49:01.391+0000] {dag.py:3834} INFO - Setting next_dagrun for example_bash_operator to 2024-03-26 00:00:00+00:00, run_after=2024-03-27 00:00:00+00:00
[2024-03-27T02:49:01.407+0000] {processor.py:183} INFO - Processing /home/airflow/.local/lib/python3.8/site-packages/airflow/example_dags/example_bash_operator.py took 0.054 seconds
[2024-03-27T02:49:32.194+0000] {processor.py:161} INFO - Started process (PID=8908) to work on /home/airflow/.local/lib/python3.8/site-packages/airflow/example_dags/example_bash_operator.py
[2024-03-27T02:49:32.195+0000] {processor.py:830} INFO - Processing file /home/airflow/.local/lib/python3.8/site-packages/airflow/example_dags/example_bash_operator.py for tasks to queue
[2024-03-27T02:49:32.196+0000] {logging_mixin.py:188} INFO - [2024-03-27T02:49:32.196+0000] {dagbag.py:540} INFO - Filling up the DagBag from /home/airflow/.local/lib/python3.8/site-packages/airflow/example_dags/example_bash_operator.py
[2024-03-27T02:49:32.203+0000] {processor.py:840} INFO - DAG(s) 'example_bash_operator' retrieved from /home/airflow/.local/lib/python3.8/site-packages/airflow/example_dags/example_bash_operator.py
[2024-03-27T02:49:32.216+0000] {logging_mixin.py:188} INFO - [2024-03-27T02:49:32.216+0000] {dag.py:3047} INFO - Sync 1 DAGs
[2024-03-27T02:49:32.227+0000] {logging_mixin.py:188} INFO - [2024-03-27T02:49:32.227+0000] {dag.py:3834} INFO - Setting next_dagrun for example_bash_operator to 2024-03-26 00:00:00+00:00, run_after=2024-03-27 00:00:00+00:00
[2024-03-27T02:49:32.236+0000] {processor.py:183} INFO - Processing /home/airflow/.local/lib/python3.8/site-packages/airflow/example_dags/example_bash_operator.py took 0.043 seconds
[2024-03-27T02:50:02.959+0000] {processor.py:161} INFO - Started process (PID=8963) to work on /home/airflow/.local/lib/python3.8/site-packages/airflow/example_dags/example_bash_operator.py
[2024-03-27T02:50:02.960+0000] {processor.py:830} INFO - Processing file /home/airflow/.local/lib/python3.8/site-packages/airflow/example_dags/example_bash_operator.py for tasks to queue
[2024-03-27T02:50:02.961+0000] {logging_mixin.py:188} INFO - [2024-03-27T02:50:02.961+0000] {dagbag.py:540} INFO - Filling up the DagBag from /home/airflow/.local/lib/python3.8/site-packages/airflow/example_dags/example_bash_operator.py
[2024-03-27T02:50:02.967+0000] {processor.py:840} INFO - DAG(s) 'example_bash_operator' retrieved from /home/airflow/.local/lib/python3.8/site-packages/airflow/example_dags/example_bash_operator.py
[2024-03-27T02:50:02.981+0000] {logging_mixin.py:188} INFO - [2024-03-27T02:50:02.980+0000] {dag.py:3047} INFO - Sync 1 DAGs
[2024-03-27T02:50:02.992+0000] {logging_mixin.py:188} INFO - [2024-03-27T02:50:02.992+0000] {dag.py:3834} INFO - Setting next_dagrun for example_bash_operator to 2024-03-26 00:00:00+00:00, run_after=2024-03-27 00:00:00+00:00
[2024-03-27T02:50:03.002+0000] {processor.py:183} INFO - Processing /home/airflow/.local/lib/python3.8/site-packages/airflow/example_dags/example_bash_operator.py took 0.044 seconds
[2024-03-27T02:50:33.854+0000] {processor.py:161} INFO - Started process (PID=9018) to work on /home/airflow/.local/lib/python3.8/site-packages/airflow/example_dags/example_bash_operator.py
[2024-03-27T02:50:33.854+0000] {processor.py:830} INFO - Processing file /home/airflow/.local/lib/python3.8/site-packages/airflow/example_dags/example_bash_operator.py for tasks to queue
[2024-03-27T02:50:33.855+0000] {logging_mixin.py:188} INFO - [2024-03-27T02:50:33.855+0000] {dagbag.py:540} INFO - Filling up the DagBag from /home/airflow/.local/lib/python3.8/site-packages/airflow/example_dags/example_bash_operator.py
[2024-03-27T02:50:33.861+0000] {processor.py:840} INFO - DAG(s) 'example_bash_operator' retrieved from /home/airflow/.local/lib/python3.8/site-packages/airflow/example_dags/example_bash_operator.py
[2024-03-27T02:50:33.875+0000] {logging_mixin.py:188} INFO - [2024-03-27T02:50:33.875+0000] {dag.py:3047} INFO - Sync 1 DAGs
[2024-03-27T02:50:33.887+0000] {logging_mixin.py:188} INFO - [2024-03-27T02:50:33.887+0000] {dag.py:3834} INFO - Setting next_dagrun for example_bash_operator to 2024-03-26 00:00:00+00:00, run_after=2024-03-27 00:00:00+00:00
[2024-03-27T02:50:33.896+0000] {processor.py:183} INFO - Processing /home/airflow/.local/lib/python3.8/site-packages/airflow/example_dags/example_bash_operator.py took 0.044 seconds
[2024-03-27T18:16:31.863+0000] {processor.py:161} INFO - Started process (PID=52) to work on /home/airflow/.local/lib/python3.8/site-packages/airflow/example_dags/example_bash_operator.py
[2024-03-27T18:16:31.865+0000] {processor.py:830} INFO - Processing file /home/airflow/.local/lib/python3.8/site-packages/airflow/example_dags/example_bash_operator.py for tasks to queue
[2024-03-27T18:16:31.866+0000] {logging_mixin.py:188} INFO - [2024-03-27T18:16:31.866+0000] {dagbag.py:540} INFO - Filling up the DagBag from /home/airflow/.local/lib/python3.8/site-packages/airflow/example_dags/example_bash_operator.py
[2024-03-27T18:16:31.876+0000] {processor.py:840} INFO - DAG(s) 'example_bash_operator' retrieved from /home/airflow/.local/lib/python3.8/site-packages/airflow/example_dags/example_bash_operator.py
[2024-03-27T18:16:31.948+0000] {logging_mixin.py:188} INFO - [2024-03-27T18:16:31.947+0000] {dag.py:3047} INFO - Sync 1 DAGs
[2024-03-27T18:16:31.988+0000] {logging_mixin.py:188} INFO - [2024-03-27T18:16:31.988+0000] {dag.py:3834} INFO - Setting next_dagrun for example_bash_operator to 2024-03-26 00:00:00+00:00, run_after=2024-03-27 00:00:00+00:00
[2024-03-27T18:16:32.016+0000] {processor.py:183} INFO - Processing /home/airflow/.local/lib/python3.8/site-packages/airflow/example_dags/example_bash_operator.py took 0.156 seconds
