[2024-03-27T00:00:22.324+0000] {processor.py:161} INFO - Started process (PID=5211) to work on /home/airflow/.local/lib/python3.8/site-packages/airflow/example_dags/tutorial.py
[2024-03-27T00:00:22.324+0000] {processor.py:830} INFO - Processing file /home/airflow/.local/lib/python3.8/site-packages/airflow/example_dags/tutorial.py for tasks to queue
[2024-03-27T00:00:22.325+0000] {logging_mixin.py:188} INFO - [2024-03-27T00:00:22.325+0000] {dagbag.py:540} INFO - Filling up the DagBag from /home/airflow/.local/lib/python3.8/site-packages/airflow/example_dags/tutorial.py
[2024-03-27T00:00:22.330+0000] {processor.py:840} INFO - DAG(s) 'tutorial' retrieved from /home/airflow/.local/lib/python3.8/site-packages/airflow/example_dags/tutorial.py
[2024-03-27T00:00:22.347+0000] {logging_mixin.py:188} INFO - [2024-03-27T00:00:22.347+0000] {dag.py:3047} INFO - Sync 1 DAGs
[2024-03-27T00:00:22.358+0000] {logging_mixin.py:188} INFO - [2024-03-27T00:00:22.358+0000] {dag.py:3834} INFO - Setting next_dagrun for tutorial to 2024-03-26 00:00:00+00:00, run_after=2024-03-27 00:00:00+00:00
[2024-03-27T00:00:22.367+0000] {processor.py:183} INFO - Processing /home/airflow/.local/lib/python3.8/site-packages/airflow/example_dags/tutorial.py took 0.045 seconds
[2024-03-27T00:00:53.129+0000] {processor.py:161} INFO - Started process (PID=5266) to work on /home/airflow/.local/lib/python3.8/site-packages/airflow/example_dags/tutorial.py
[2024-03-27T00:00:53.130+0000] {processor.py:830} INFO - Processing file /home/airflow/.local/lib/python3.8/site-packages/airflow/example_dags/tutorial.py for tasks to queue
[2024-03-27T00:00:53.135+0000] {logging_mixin.py:188} INFO - [2024-03-27T00:00:53.134+0000] {dagbag.py:540} INFO - Filling up the DagBag from /home/airflow/.local/lib/python3.8/site-packages/airflow/example_dags/tutorial.py
[2024-03-27T00:00:53.142+0000] {processor.py:840} INFO - DAG(s) 'tutorial' retrieved from /home/airflow/.local/lib/python3.8/site-packages/airflow/example_dags/tutorial.py
[2024-03-27T00:00:53.162+0000] {logging_mixin.py:188} INFO - [2024-03-27T00:00:53.162+0000] {dag.py:3047} INFO - Sync 1 DAGs
[2024-03-27T00:00:53.187+0000] {logging_mixin.py:188} INFO - [2024-03-27T00:00:53.187+0000] {dag.py:3834} INFO - Setting next_dagrun for tutorial to 2024-03-26 00:00:00+00:00, run_after=2024-03-27 00:00:00+00:00
[2024-03-27T00:00:53.202+0000] {processor.py:183} INFO - Processing /home/airflow/.local/lib/python3.8/site-packages/airflow/example_dags/tutorial.py took 0.079 seconds
[2024-03-27T00:01:24.002+0000] {processor.py:161} INFO - Started process (PID=5321) to work on /home/airflow/.local/lib/python3.8/site-packages/airflow/example_dags/tutorial.py
[2024-03-27T00:01:24.004+0000] {processor.py:830} INFO - Processing file /home/airflow/.local/lib/python3.8/site-packages/airflow/example_dags/tutorial.py for tasks to queue
[2024-03-27T00:01:24.006+0000] {logging_mixin.py:188} INFO - [2024-03-27T00:01:24.006+0000] {dagbag.py:540} INFO - Filling up the DagBag from /home/airflow/.local/lib/python3.8/site-packages/airflow/example_dags/tutorial.py
[2024-03-27T00:01:24.010+0000] {processor.py:840} INFO - DAG(s) 'tutorial' retrieved from /home/airflow/.local/lib/python3.8/site-packages/airflow/example_dags/tutorial.py
[2024-03-27T00:01:24.026+0000] {logging_mixin.py:188} INFO - [2024-03-27T00:01:24.026+0000] {dag.py:3047} INFO - Sync 1 DAGs
[2024-03-27T00:01:24.040+0000] {logging_mixin.py:188} INFO - [2024-03-27T00:01:24.040+0000] {dag.py:3834} INFO - Setting next_dagrun for tutorial to 2024-03-26 00:00:00+00:00, run_after=2024-03-27 00:00:00+00:00
[2024-03-27T00:01:24.052+0000] {processor.py:183} INFO - Processing /home/airflow/.local/lib/python3.8/site-packages/airflow/example_dags/tutorial.py took 0.052 seconds
[2024-03-27T00:01:54.980+0000] {processor.py:161} INFO - Started process (PID=5376) to work on /home/airflow/.local/lib/python3.8/site-packages/airflow/example_dags/tutorial.py
[2024-03-27T00:01:54.981+0000] {processor.py:830} INFO - Processing file /home/airflow/.local/lib/python3.8/site-packages/airflow/example_dags/tutorial.py for tasks to queue
[2024-03-27T00:01:54.984+0000] {logging_mixin.py:188} INFO - [2024-03-27T00:01:54.984+0000] {dagbag.py:540} INFO - Filling up the DagBag from /home/airflow/.local/lib/python3.8/site-packages/airflow/example_dags/tutorial.py
[2024-03-27T00:01:54.997+0000] {processor.py:840} INFO - DAG(s) 'tutorial' retrieved from /home/airflow/.local/lib/python3.8/site-packages/airflow/example_dags/tutorial.py
[2024-03-27T00:01:55.023+0000] {logging_mixin.py:188} INFO - [2024-03-27T00:01:55.022+0000] {dag.py:3047} INFO - Sync 1 DAGs
[2024-03-27T00:01:55.039+0000] {logging_mixin.py:188} INFO - [2024-03-27T00:01:55.039+0000] {dag.py:3834} INFO - Setting next_dagrun for tutorial to 2024-03-26 00:00:00+00:00, run_after=2024-03-27 00:00:00+00:00
[2024-03-27T00:01:55.061+0000] {processor.py:183} INFO - Processing /home/airflow/.local/lib/python3.8/site-packages/airflow/example_dags/tutorial.py took 0.083 seconds
[2024-03-27T00:02:25.892+0000] {processor.py:161} INFO - Started process (PID=5431) to work on /home/airflow/.local/lib/python3.8/site-packages/airflow/example_dags/tutorial.py
[2024-03-27T00:02:25.893+0000] {processor.py:830} INFO - Processing file /home/airflow/.local/lib/python3.8/site-packages/airflow/example_dags/tutorial.py for tasks to queue
[2024-03-27T00:02:25.894+0000] {logging_mixin.py:188} INFO - [2024-03-27T00:02:25.894+0000] {dagbag.py:540} INFO - Filling up the DagBag from /home/airflow/.local/lib/python3.8/site-packages/airflow/example_dags/tutorial.py
[2024-03-27T00:02:25.897+0000] {processor.py:840} INFO - DAG(s) 'tutorial' retrieved from /home/airflow/.local/lib/python3.8/site-packages/airflow/example_dags/tutorial.py
[2024-03-27T00:02:25.909+0000] {logging_mixin.py:188} INFO - [2024-03-27T00:02:25.909+0000] {dag.py:3047} INFO - Sync 1 DAGs
[2024-03-27T00:02:25.920+0000] {logging_mixin.py:188} INFO - [2024-03-27T00:02:25.920+0000] {dag.py:3834} INFO - Setting next_dagrun for tutorial to 2024-03-26 00:00:00+00:00, run_after=2024-03-27 00:00:00+00:00
[2024-03-27T00:02:25.928+0000] {processor.py:183} INFO - Processing /home/airflow/.local/lib/python3.8/site-packages/airflow/example_dags/tutorial.py took 0.038 seconds
[2024-03-27T00:02:56.841+0000] {processor.py:161} INFO - Started process (PID=5486) to work on /home/airflow/.local/lib/python3.8/site-packages/airflow/example_dags/tutorial.py
[2024-03-27T00:02:56.842+0000] {processor.py:830} INFO - Processing file /home/airflow/.local/lib/python3.8/site-packages/airflow/example_dags/tutorial.py for tasks to queue
[2024-03-27T00:02:56.844+0000] {logging_mixin.py:188} INFO - [2024-03-27T00:02:56.843+0000] {dagbag.py:540} INFO - Filling up the DagBag from /home/airflow/.local/lib/python3.8/site-packages/airflow/example_dags/tutorial.py
[2024-03-27T00:02:56.847+0000] {processor.py:840} INFO - DAG(s) 'tutorial' retrieved from /home/airflow/.local/lib/python3.8/site-packages/airflow/example_dags/tutorial.py
[2024-03-27T00:02:56.864+0000] {logging_mixin.py:188} INFO - [2024-03-27T00:02:56.864+0000] {dag.py:3047} INFO - Sync 1 DAGs
[2024-03-27T00:02:56.879+0000] {logging_mixin.py:188} INFO - [2024-03-27T00:02:56.878+0000] {dag.py:3834} INFO - Setting next_dagrun for tutorial to 2024-03-26 00:00:00+00:00, run_after=2024-03-27 00:00:00+00:00
[2024-03-27T00:02:56.891+0000] {processor.py:183} INFO - Processing /home/airflow/.local/lib/python3.8/site-packages/airflow/example_dags/tutorial.py took 0.053 seconds
[2024-03-27T00:03:27.194+0000] {processor.py:161} INFO - Started process (PID=5540) to work on /home/airflow/.local/lib/python3.8/site-packages/airflow/example_dags/tutorial.py
[2024-03-27T00:03:27.196+0000] {processor.py:830} INFO - Processing file /home/airflow/.local/lib/python3.8/site-packages/airflow/example_dags/tutorial.py for tasks to queue
[2024-03-27T00:03:27.197+0000] {logging_mixin.py:188} INFO - [2024-03-27T00:03:27.197+0000] {dagbag.py:540} INFO - Filling up the DagBag from /home/airflow/.local/lib/python3.8/site-packages/airflow/example_dags/tutorial.py
[2024-03-27T00:03:27.201+0000] {processor.py:840} INFO - DAG(s) 'tutorial' retrieved from /home/airflow/.local/lib/python3.8/site-packages/airflow/example_dags/tutorial.py
[2024-03-27T00:03:27.212+0000] {logging_mixin.py:188} INFO - [2024-03-27T00:03:27.212+0000] {dag.py:3047} INFO - Sync 1 DAGs
[2024-03-27T00:03:27.223+0000] {logging_mixin.py:188} INFO - [2024-03-27T00:03:27.223+0000] {dag.py:3834} INFO - Setting next_dagrun for tutorial to 2024-03-26 00:00:00+00:00, run_after=2024-03-27 00:00:00+00:00
[2024-03-27T00:03:27.231+0000] {processor.py:183} INFO - Processing /home/airflow/.local/lib/python3.8/site-packages/airflow/example_dags/tutorial.py took 0.039 seconds
[2024-03-27T00:04:02.460+0000] {processor.py:161} INFO - Started process (PID=5595) to work on /home/airflow/.local/lib/python3.8/site-packages/airflow/example_dags/tutorial.py
[2024-03-27T00:04:02.461+0000] {processor.py:830} INFO - Processing file /home/airflow/.local/lib/python3.8/site-packages/airflow/example_dags/tutorial.py for tasks to queue
[2024-03-27T00:04:02.462+0000] {logging_mixin.py:188} INFO - [2024-03-27T00:04:02.462+0000] {dagbag.py:540} INFO - Filling up the DagBag from /home/airflow/.local/lib/python3.8/site-packages/airflow/example_dags/tutorial.py
[2024-03-27T00:04:02.465+0000] {processor.py:840} INFO - DAG(s) 'tutorial' retrieved from /home/airflow/.local/lib/python3.8/site-packages/airflow/example_dags/tutorial.py
[2024-03-27T00:04:02.477+0000] {logging_mixin.py:188} INFO - [2024-03-27T00:04:02.477+0000] {dag.py:3047} INFO - Sync 1 DAGs
[2024-03-27T00:04:02.488+0000] {logging_mixin.py:188} INFO - [2024-03-27T00:04:02.488+0000] {dag.py:3834} INFO - Setting next_dagrun for tutorial to 2024-03-26 00:00:00+00:00, run_after=2024-03-27 00:00:00+00:00
[2024-03-27T00:04:02.503+0000] {processor.py:183} INFO - Processing /home/airflow/.local/lib/python3.8/site-packages/airflow/example_dags/tutorial.py took 0.044 seconds
[2024-03-27T00:04:33.191+0000] {processor.py:161} INFO - Started process (PID=5650) to work on /home/airflow/.local/lib/python3.8/site-packages/airflow/example_dags/tutorial.py
[2024-03-27T00:04:33.192+0000] {processor.py:830} INFO - Processing file /home/airflow/.local/lib/python3.8/site-packages/airflow/example_dags/tutorial.py for tasks to queue
[2024-03-27T00:04:33.193+0000] {logging_mixin.py:188} INFO - [2024-03-27T00:04:33.193+0000] {dagbag.py:540} INFO - Filling up the DagBag from /home/airflow/.local/lib/python3.8/site-packages/airflow/example_dags/tutorial.py
[2024-03-27T00:04:33.196+0000] {processor.py:840} INFO - DAG(s) 'tutorial' retrieved from /home/airflow/.local/lib/python3.8/site-packages/airflow/example_dags/tutorial.py
[2024-03-27T00:04:33.208+0000] {logging_mixin.py:188} INFO - [2024-03-27T00:04:33.208+0000] {dag.py:3047} INFO - Sync 1 DAGs
[2024-03-27T00:04:33.221+0000] {logging_mixin.py:188} INFO - [2024-03-27T00:04:33.221+0000] {dag.py:3834} INFO - Setting next_dagrun for tutorial to 2024-03-26 00:00:00+00:00, run_after=2024-03-27 00:00:00+00:00
[2024-03-27T00:04:33.230+0000] {processor.py:183} INFO - Processing /home/airflow/.local/lib/python3.8/site-packages/airflow/example_dags/tutorial.py took 0.041 seconds
[2024-03-27T00:05:03.889+0000] {processor.py:161} INFO - Started process (PID=5705) to work on /home/airflow/.local/lib/python3.8/site-packages/airflow/example_dags/tutorial.py
[2024-03-27T00:05:03.893+0000] {processor.py:830} INFO - Processing file /home/airflow/.local/lib/python3.8/site-packages/airflow/example_dags/tutorial.py for tasks to queue
[2024-03-27T00:05:03.895+0000] {logging_mixin.py:188} INFO - [2024-03-27T00:05:03.894+0000] {dagbag.py:540} INFO - Filling up the DagBag from /home/airflow/.local/lib/python3.8/site-packages/airflow/example_dags/tutorial.py
[2024-03-27T00:05:03.898+0000] {processor.py:840} INFO - DAG(s) 'tutorial' retrieved from /home/airflow/.local/lib/python3.8/site-packages/airflow/example_dags/tutorial.py
[2024-03-27T00:05:03.914+0000] {logging_mixin.py:188} INFO - [2024-03-27T00:05:03.913+0000] {dag.py:3047} INFO - Sync 1 DAGs
[2024-03-27T00:05:03.926+0000] {logging_mixin.py:188} INFO - [2024-03-27T00:05:03.926+0000] {dag.py:3834} INFO - Setting next_dagrun for tutorial to 2024-03-26 00:00:00+00:00, run_after=2024-03-27 00:00:00+00:00
[2024-03-27T00:05:03.936+0000] {processor.py:183} INFO - Processing /home/airflow/.local/lib/python3.8/site-packages/airflow/example_dags/tutorial.py took 0.049 seconds
[2024-03-27T00:05:34.632+0000] {processor.py:161} INFO - Started process (PID=5760) to work on /home/airflow/.local/lib/python3.8/site-packages/airflow/example_dags/tutorial.py
[2024-03-27T00:05:34.633+0000] {processor.py:830} INFO - Processing file /home/airflow/.local/lib/python3.8/site-packages/airflow/example_dags/tutorial.py for tasks to queue
[2024-03-27T00:05:34.634+0000] {logging_mixin.py:188} INFO - [2024-03-27T00:05:34.634+0000] {dagbag.py:540} INFO - Filling up the DagBag from /home/airflow/.local/lib/python3.8/site-packages/airflow/example_dags/tutorial.py
[2024-03-27T00:05:34.637+0000] {processor.py:840} INFO - DAG(s) 'tutorial' retrieved from /home/airflow/.local/lib/python3.8/site-packages/airflow/example_dags/tutorial.py
[2024-03-27T00:05:34.648+0000] {logging_mixin.py:188} INFO - [2024-03-27T00:05:34.648+0000] {dag.py:3047} INFO - Sync 1 DAGs
[2024-03-27T00:05:34.660+0000] {logging_mixin.py:188} INFO - [2024-03-27T00:05:34.659+0000] {dag.py:3834} INFO - Setting next_dagrun for tutorial to 2024-03-26 00:00:00+00:00, run_after=2024-03-27 00:00:00+00:00
[2024-03-27T00:05:34.668+0000] {processor.py:183} INFO - Processing /home/airflow/.local/lib/python3.8/site-packages/airflow/example_dags/tutorial.py took 0.038 seconds
[2024-03-27T00:06:05.356+0000] {processor.py:161} INFO - Started process (PID=5815) to work on /home/airflow/.local/lib/python3.8/site-packages/airflow/example_dags/tutorial.py
[2024-03-27T00:06:05.357+0000] {processor.py:830} INFO - Processing file /home/airflow/.local/lib/python3.8/site-packages/airflow/example_dags/tutorial.py for tasks to queue
[2024-03-27T00:06:05.358+0000] {logging_mixin.py:188} INFO - [2024-03-27T00:06:05.358+0000] {dagbag.py:540} INFO - Filling up the DagBag from /home/airflow/.local/lib/python3.8/site-packages/airflow/example_dags/tutorial.py
[2024-03-27T00:06:05.363+0000] {processor.py:840} INFO - DAG(s) 'tutorial' retrieved from /home/airflow/.local/lib/python3.8/site-packages/airflow/example_dags/tutorial.py
[2024-03-27T00:06:05.376+0000] {logging_mixin.py:188} INFO - [2024-03-27T00:06:05.376+0000] {dag.py:3047} INFO - Sync 1 DAGs
[2024-03-27T00:06:05.389+0000] {logging_mixin.py:188} INFO - [2024-03-27T00:06:05.389+0000] {dag.py:3834} INFO - Setting next_dagrun for tutorial to 2024-03-26 00:00:00+00:00, run_after=2024-03-27 00:00:00+00:00
[2024-03-27T00:06:05.398+0000] {processor.py:183} INFO - Processing /home/airflow/.local/lib/python3.8/site-packages/airflow/example_dags/tutorial.py took 0.045 seconds
[2024-03-27T00:09:24.015+0000] {processor.py:161} INFO - Started process (PID=5870) to work on /home/airflow/.local/lib/python3.8/site-packages/airflow/example_dags/tutorial.py
[2024-03-27T00:09:24.018+0000] {processor.py:830} INFO - Processing file /home/airflow/.local/lib/python3.8/site-packages/airflow/example_dags/tutorial.py for tasks to queue
[2024-03-27T00:09:24.022+0000] {logging_mixin.py:188} INFO - [2024-03-27T00:09:24.021+0000] {dagbag.py:540} INFO - Filling up the DagBag from /home/airflow/.local/lib/python3.8/site-packages/airflow/example_dags/tutorial.py
[2024-03-27T00:09:24.040+0000] {processor.py:840} INFO - DAG(s) 'tutorial' retrieved from /home/airflow/.local/lib/python3.8/site-packages/airflow/example_dags/tutorial.py
[2024-03-27T00:09:24.129+0000] {logging_mixin.py:188} INFO - [2024-03-27T00:09:24.129+0000] {dag.py:3047} INFO - Sync 1 DAGs
[2024-03-27T00:09:24.303+0000] {logging_mixin.py:188} INFO - [2024-03-27T00:09:24.301+0000] {dag.py:3834} INFO - Setting next_dagrun for tutorial to 2024-03-26 00:00:00+00:00, run_after=2024-03-27 00:00:00+00:00
[2024-03-27T00:09:24.436+0000] {processor.py:183} INFO - Processing /home/airflow/.local/lib/python3.8/site-packages/airflow/example_dags/tutorial.py took 0.436 seconds
[2024-03-27T00:09:54.570+0000] {processor.py:161} INFO - Started process (PID=5924) to work on /home/airflow/.local/lib/python3.8/site-packages/airflow/example_dags/tutorial.py
[2024-03-27T00:09:54.571+0000] {processor.py:830} INFO - Processing file /home/airflow/.local/lib/python3.8/site-packages/airflow/example_dags/tutorial.py for tasks to queue
[2024-03-27T00:09:54.573+0000] {logging_mixin.py:188} INFO - [2024-03-27T00:09:54.573+0000] {dagbag.py:540} INFO - Filling up the DagBag from /home/airflow/.local/lib/python3.8/site-packages/airflow/example_dags/tutorial.py
[2024-03-27T00:09:54.577+0000] {processor.py:840} INFO - DAG(s) 'tutorial' retrieved from /home/airflow/.local/lib/python3.8/site-packages/airflow/example_dags/tutorial.py
[2024-03-27T00:09:54.589+0000] {logging_mixin.py:188} INFO - [2024-03-27T00:09:54.589+0000] {dag.py:3047} INFO - Sync 1 DAGs
[2024-03-27T00:09:54.601+0000] {logging_mixin.py:188} INFO - [2024-03-27T00:09:54.601+0000] {dag.py:3834} INFO - Setting next_dagrun for tutorial to 2024-03-26 00:00:00+00:00, run_after=2024-03-27 00:00:00+00:00
[2024-03-27T00:09:54.610+0000] {processor.py:183} INFO - Processing /home/airflow/.local/lib/python3.8/site-packages/airflow/example_dags/tutorial.py took 0.042 seconds
[2024-03-27T00:10:25.532+0000] {processor.py:161} INFO - Started process (PID=5979) to work on /home/airflow/.local/lib/python3.8/site-packages/airflow/example_dags/tutorial.py
[2024-03-27T00:10:25.533+0000] {processor.py:830} INFO - Processing file /home/airflow/.local/lib/python3.8/site-packages/airflow/example_dags/tutorial.py for tasks to queue
[2024-03-27T00:10:25.534+0000] {logging_mixin.py:188} INFO - [2024-03-27T00:10:25.534+0000] {dagbag.py:540} INFO - Filling up the DagBag from /home/airflow/.local/lib/python3.8/site-packages/airflow/example_dags/tutorial.py
[2024-03-27T00:10:25.541+0000] {processor.py:840} INFO - DAG(s) 'tutorial' retrieved from /home/airflow/.local/lib/python3.8/site-packages/airflow/example_dags/tutorial.py
[2024-03-27T00:10:25.561+0000] {logging_mixin.py:188} INFO - [2024-03-27T00:10:25.561+0000] {dag.py:3047} INFO - Sync 1 DAGs
[2024-03-27T00:10:25.573+0000] {logging_mixin.py:188} INFO - [2024-03-27T00:10:25.573+0000] {dag.py:3834} INFO - Setting next_dagrun for tutorial to 2024-03-26 00:00:00+00:00, run_after=2024-03-27 00:00:00+00:00
[2024-03-27T00:10:25.582+0000] {processor.py:183} INFO - Processing /home/airflow/.local/lib/python3.8/site-packages/airflow/example_dags/tutorial.py took 0.052 seconds
[2024-03-27T00:10:56.473+0000] {processor.py:161} INFO - Started process (PID=6034) to work on /home/airflow/.local/lib/python3.8/site-packages/airflow/example_dags/tutorial.py
[2024-03-27T00:10:56.474+0000] {processor.py:830} INFO - Processing file /home/airflow/.local/lib/python3.8/site-packages/airflow/example_dags/tutorial.py for tasks to queue
[2024-03-27T00:10:56.475+0000] {logging_mixin.py:188} INFO - [2024-03-27T00:10:56.475+0000] {dagbag.py:540} INFO - Filling up the DagBag from /home/airflow/.local/lib/python3.8/site-packages/airflow/example_dags/tutorial.py
[2024-03-27T00:10:56.479+0000] {processor.py:840} INFO - DAG(s) 'tutorial' retrieved from /home/airflow/.local/lib/python3.8/site-packages/airflow/example_dags/tutorial.py
[2024-03-27T00:10:56.492+0000] {logging_mixin.py:188} INFO - [2024-03-27T00:10:56.492+0000] {dag.py:3047} INFO - Sync 1 DAGs
[2024-03-27T00:10:56.503+0000] {logging_mixin.py:188} INFO - [2024-03-27T00:10:56.503+0000] {dag.py:3834} INFO - Setting next_dagrun for tutorial to 2024-03-26 00:00:00+00:00, run_after=2024-03-27 00:00:00+00:00
[2024-03-27T00:10:56.512+0000] {processor.py:183} INFO - Processing /home/airflow/.local/lib/python3.8/site-packages/airflow/example_dags/tutorial.py took 0.040 seconds
[2024-03-27T00:11:27.334+0000] {processor.py:161} INFO - Started process (PID=6088) to work on /home/airflow/.local/lib/python3.8/site-packages/airflow/example_dags/tutorial.py
[2024-03-27T00:11:27.335+0000] {processor.py:830} INFO - Processing file /home/airflow/.local/lib/python3.8/site-packages/airflow/example_dags/tutorial.py for tasks to queue
[2024-03-27T00:11:27.336+0000] {logging_mixin.py:188} INFO - [2024-03-27T00:11:27.336+0000] {dagbag.py:540} INFO - Filling up the DagBag from /home/airflow/.local/lib/python3.8/site-packages/airflow/example_dags/tutorial.py
[2024-03-27T00:11:27.339+0000] {processor.py:840} INFO - DAG(s) 'tutorial' retrieved from /home/airflow/.local/lib/python3.8/site-packages/airflow/example_dags/tutorial.py
[2024-03-27T00:11:27.351+0000] {logging_mixin.py:188} INFO - [2024-03-27T00:11:27.351+0000] {dag.py:3047} INFO - Sync 1 DAGs
[2024-03-27T00:11:27.362+0000] {logging_mixin.py:188} INFO - [2024-03-27T00:11:27.362+0000] {dag.py:3834} INFO - Setting next_dagrun for tutorial to 2024-03-26 00:00:00+00:00, run_after=2024-03-27 00:00:00+00:00
[2024-03-27T00:11:27.372+0000] {processor.py:183} INFO - Processing /home/airflow/.local/lib/python3.8/site-packages/airflow/example_dags/tutorial.py took 0.040 seconds
[2024-03-27T00:11:58.377+0000] {processor.py:161} INFO - Started process (PID=6143) to work on /home/airflow/.local/lib/python3.8/site-packages/airflow/example_dags/tutorial.py
[2024-03-27T00:11:58.378+0000] {processor.py:830} INFO - Processing file /home/airflow/.local/lib/python3.8/site-packages/airflow/example_dags/tutorial.py for tasks to queue
[2024-03-27T00:11:58.379+0000] {logging_mixin.py:188} INFO - [2024-03-27T00:11:58.379+0000] {dagbag.py:540} INFO - Filling up the DagBag from /home/airflow/.local/lib/python3.8/site-packages/airflow/example_dags/tutorial.py
[2024-03-27T00:11:58.384+0000] {processor.py:840} INFO - DAG(s) 'tutorial' retrieved from /home/airflow/.local/lib/python3.8/site-packages/airflow/example_dags/tutorial.py
[2024-03-27T00:11:58.396+0000] {logging_mixin.py:188} INFO - [2024-03-27T00:11:58.396+0000] {dag.py:3047} INFO - Sync 1 DAGs
[2024-03-27T00:11:58.407+0000] {logging_mixin.py:188} INFO - [2024-03-27T00:11:58.407+0000] {dag.py:3834} INFO - Setting next_dagrun for tutorial to 2024-03-26 00:00:00+00:00, run_after=2024-03-27 00:00:00+00:00
[2024-03-27T00:11:58.416+0000] {processor.py:183} INFO - Processing /home/airflow/.local/lib/python3.8/site-packages/airflow/example_dags/tutorial.py took 0.042 seconds
[2024-03-27T00:12:29.217+0000] {processor.py:161} INFO - Started process (PID=6197) to work on /home/airflow/.local/lib/python3.8/site-packages/airflow/example_dags/tutorial.py
[2024-03-27T00:12:29.218+0000] {processor.py:830} INFO - Processing file /home/airflow/.local/lib/python3.8/site-packages/airflow/example_dags/tutorial.py for tasks to queue
[2024-03-27T00:12:29.220+0000] {logging_mixin.py:188} INFO - [2024-03-27T00:12:29.219+0000] {dagbag.py:540} INFO - Filling up the DagBag from /home/airflow/.local/lib/python3.8/site-packages/airflow/example_dags/tutorial.py
[2024-03-27T00:12:29.223+0000] {processor.py:840} INFO - DAG(s) 'tutorial' retrieved from /home/airflow/.local/lib/python3.8/site-packages/airflow/example_dags/tutorial.py
[2024-03-27T00:12:29.233+0000] {logging_mixin.py:188} INFO - [2024-03-27T00:12:29.233+0000] {dag.py:3047} INFO - Sync 1 DAGs
[2024-03-27T00:12:29.244+0000] {logging_mixin.py:188} INFO - [2024-03-27T00:12:29.244+0000] {dag.py:3834} INFO - Setting next_dagrun for tutorial to 2024-03-26 00:00:00+00:00, run_after=2024-03-27 00:00:00+00:00
[2024-03-27T00:12:29.253+0000] {processor.py:183} INFO - Processing /home/airflow/.local/lib/python3.8/site-packages/airflow/example_dags/tutorial.py took 0.037 seconds
[2024-03-27T00:13:00.010+0000] {processor.py:161} INFO - Started process (PID=6252) to work on /home/airflow/.local/lib/python3.8/site-packages/airflow/example_dags/tutorial.py
[2024-03-27T00:13:00.011+0000] {processor.py:830} INFO - Processing file /home/airflow/.local/lib/python3.8/site-packages/airflow/example_dags/tutorial.py for tasks to queue
[2024-03-27T00:13:00.013+0000] {logging_mixin.py:188} INFO - [2024-03-27T00:13:00.013+0000] {dagbag.py:540} INFO - Filling up the DagBag from /home/airflow/.local/lib/python3.8/site-packages/airflow/example_dags/tutorial.py
[2024-03-27T00:13:00.018+0000] {processor.py:840} INFO - DAG(s) 'tutorial' retrieved from /home/airflow/.local/lib/python3.8/site-packages/airflow/example_dags/tutorial.py
[2024-03-27T00:13:00.050+0000] {logging_mixin.py:188} INFO - [2024-03-27T00:13:00.050+0000] {dag.py:3047} INFO - Sync 1 DAGs
[2024-03-27T00:13:00.064+0000] {logging_mixin.py:188} INFO - [2024-03-27T00:13:00.064+0000] {dag.py:3834} INFO - Setting next_dagrun for tutorial to 2024-03-26 00:00:00+00:00, run_after=2024-03-27 00:00:00+00:00
[2024-03-27T00:13:00.074+0000] {processor.py:183} INFO - Processing /home/airflow/.local/lib/python3.8/site-packages/airflow/example_dags/tutorial.py took 0.066 seconds
[2024-03-27T00:13:31.046+0000] {processor.py:161} INFO - Started process (PID=6307) to work on /home/airflow/.local/lib/python3.8/site-packages/airflow/example_dags/tutorial.py
[2024-03-27T00:13:31.047+0000] {processor.py:830} INFO - Processing file /home/airflow/.local/lib/python3.8/site-packages/airflow/example_dags/tutorial.py for tasks to queue
[2024-03-27T00:13:31.048+0000] {logging_mixin.py:188} INFO - [2024-03-27T00:13:31.048+0000] {dagbag.py:540} INFO - Filling up the DagBag from /home/airflow/.local/lib/python3.8/site-packages/airflow/example_dags/tutorial.py
[2024-03-27T00:13:31.052+0000] {processor.py:840} INFO - DAG(s) 'tutorial' retrieved from /home/airflow/.local/lib/python3.8/site-packages/airflow/example_dags/tutorial.py
[2024-03-27T00:13:31.066+0000] {logging_mixin.py:188} INFO - [2024-03-27T00:13:31.066+0000] {dag.py:3047} INFO - Sync 1 DAGs
[2024-03-27T00:13:31.079+0000] {logging_mixin.py:188} INFO - [2024-03-27T00:13:31.079+0000] {dag.py:3834} INFO - Setting next_dagrun for tutorial to 2024-03-26 00:00:00+00:00, run_after=2024-03-27 00:00:00+00:00
[2024-03-27T00:13:31.088+0000] {processor.py:183} INFO - Processing /home/airflow/.local/lib/python3.8/site-packages/airflow/example_dags/tutorial.py took 0.044 seconds
[2024-03-27T00:14:01.370+0000] {processor.py:161} INFO - Started process (PID=6362) to work on /home/airflow/.local/lib/python3.8/site-packages/airflow/example_dags/tutorial.py
[2024-03-27T00:14:01.372+0000] {processor.py:830} INFO - Processing file /home/airflow/.local/lib/python3.8/site-packages/airflow/example_dags/tutorial.py for tasks to queue
[2024-03-27T00:14:01.373+0000] {logging_mixin.py:188} INFO - [2024-03-27T00:14:01.373+0000] {dagbag.py:540} INFO - Filling up the DagBag from /home/airflow/.local/lib/python3.8/site-packages/airflow/example_dags/tutorial.py
[2024-03-27T00:14:01.377+0000] {processor.py:840} INFO - DAG(s) 'tutorial' retrieved from /home/airflow/.local/lib/python3.8/site-packages/airflow/example_dags/tutorial.py
[2024-03-27T00:14:01.388+0000] {logging_mixin.py:188} INFO - [2024-03-27T00:14:01.388+0000] {dag.py:3047} INFO - Sync 1 DAGs
[2024-03-27T00:14:01.400+0000] {logging_mixin.py:188} INFO - [2024-03-27T00:14:01.400+0000] {dag.py:3834} INFO - Setting next_dagrun for tutorial to 2024-03-26 00:00:00+00:00, run_after=2024-03-27 00:00:00+00:00
[2024-03-27T00:14:01.409+0000] {processor.py:183} INFO - Processing /home/airflow/.local/lib/python3.8/site-packages/airflow/example_dags/tutorial.py took 0.041 seconds
[2024-03-27T00:14:31.524+0000] {processor.py:161} INFO - Started process (PID=6417) to work on /home/airflow/.local/lib/python3.8/site-packages/airflow/example_dags/tutorial.py
[2024-03-27T00:14:31.525+0000] {processor.py:830} INFO - Processing file /home/airflow/.local/lib/python3.8/site-packages/airflow/example_dags/tutorial.py for tasks to queue
[2024-03-27T00:14:31.526+0000] {logging_mixin.py:188} INFO - [2024-03-27T00:14:31.526+0000] {dagbag.py:540} INFO - Filling up the DagBag from /home/airflow/.local/lib/python3.8/site-packages/airflow/example_dags/tutorial.py
[2024-03-27T00:14:31.530+0000] {processor.py:840} INFO - DAG(s) 'tutorial' retrieved from /home/airflow/.local/lib/python3.8/site-packages/airflow/example_dags/tutorial.py
[2024-03-27T00:14:31.541+0000] {logging_mixin.py:188} INFO - [2024-03-27T00:14:31.541+0000] {dag.py:3047} INFO - Sync 1 DAGs
[2024-03-27T00:14:31.553+0000] {logging_mixin.py:188} INFO - [2024-03-27T00:14:31.553+0000] {dag.py:3834} INFO - Setting next_dagrun for tutorial to 2024-03-26 00:00:00+00:00, run_after=2024-03-27 00:00:00+00:00
[2024-03-27T00:14:31.561+0000] {processor.py:183} INFO - Processing /home/airflow/.local/lib/python3.8/site-packages/airflow/example_dags/tutorial.py took 0.039 seconds
[2024-03-27T00:15:02.281+0000] {processor.py:161} INFO - Started process (PID=6472) to work on /home/airflow/.local/lib/python3.8/site-packages/airflow/example_dags/tutorial.py
[2024-03-27T00:15:02.283+0000] {processor.py:830} INFO - Processing file /home/airflow/.local/lib/python3.8/site-packages/airflow/example_dags/tutorial.py for tasks to queue
[2024-03-27T00:15:02.284+0000] {logging_mixin.py:188} INFO - [2024-03-27T00:15:02.284+0000] {dagbag.py:540} INFO - Filling up the DagBag from /home/airflow/.local/lib/python3.8/site-packages/airflow/example_dags/tutorial.py
[2024-03-27T00:15:02.287+0000] {processor.py:840} INFO - DAG(s) 'tutorial' retrieved from /home/airflow/.local/lib/python3.8/site-packages/airflow/example_dags/tutorial.py
[2024-03-27T00:15:02.299+0000] {logging_mixin.py:188} INFO - [2024-03-27T00:15:02.298+0000] {dag.py:3047} INFO - Sync 1 DAGs
[2024-03-27T00:15:02.313+0000] {logging_mixin.py:188} INFO - [2024-03-27T00:15:02.313+0000] {dag.py:3834} INFO - Setting next_dagrun for tutorial to 2024-03-26 00:00:00+00:00, run_after=2024-03-27 00:00:00+00:00
[2024-03-27T00:15:02.322+0000] {processor.py:183} INFO - Processing /home/airflow/.local/lib/python3.8/site-packages/airflow/example_dags/tutorial.py took 0.042 seconds
[2024-03-27T00:15:33.088+0000] {processor.py:161} INFO - Started process (PID=6527) to work on /home/airflow/.local/lib/python3.8/site-packages/airflow/example_dags/tutorial.py
[2024-03-27T00:15:33.089+0000] {processor.py:830} INFO - Processing file /home/airflow/.local/lib/python3.8/site-packages/airflow/example_dags/tutorial.py for tasks to queue
[2024-03-27T00:15:33.090+0000] {logging_mixin.py:188} INFO - [2024-03-27T00:15:33.090+0000] {dagbag.py:540} INFO - Filling up the DagBag from /home/airflow/.local/lib/python3.8/site-packages/airflow/example_dags/tutorial.py
[2024-03-27T00:15:33.094+0000] {processor.py:840} INFO - DAG(s) 'tutorial' retrieved from /home/airflow/.local/lib/python3.8/site-packages/airflow/example_dags/tutorial.py
[2024-03-27T00:15:33.105+0000] {logging_mixin.py:188} INFO - [2024-03-27T00:15:33.105+0000] {dag.py:3047} INFO - Sync 1 DAGs
[2024-03-27T00:15:33.117+0000] {logging_mixin.py:188} INFO - [2024-03-27T00:15:33.117+0000] {dag.py:3834} INFO - Setting next_dagrun for tutorial to 2024-03-26 00:00:00+00:00, run_after=2024-03-27 00:00:00+00:00
[2024-03-27T00:15:33.125+0000] {processor.py:183} INFO - Processing /home/airflow/.local/lib/python3.8/site-packages/airflow/example_dags/tutorial.py took 0.039 seconds
[2024-03-27T00:16:03.378+0000] {processor.py:161} INFO - Started process (PID=6582) to work on /home/airflow/.local/lib/python3.8/site-packages/airflow/example_dags/tutorial.py
[2024-03-27T00:16:03.381+0000] {processor.py:830} INFO - Processing file /home/airflow/.local/lib/python3.8/site-packages/airflow/example_dags/tutorial.py for tasks to queue
[2024-03-27T00:16:03.382+0000] {logging_mixin.py:188} INFO - [2024-03-27T00:16:03.382+0000] {dagbag.py:540} INFO - Filling up the DagBag from /home/airflow/.local/lib/python3.8/site-packages/airflow/example_dags/tutorial.py
[2024-03-27T00:16:03.389+0000] {processor.py:840} INFO - DAG(s) 'tutorial' retrieved from /home/airflow/.local/lib/python3.8/site-packages/airflow/example_dags/tutorial.py
[2024-03-27T00:16:03.401+0000] {logging_mixin.py:188} INFO - [2024-03-27T00:16:03.401+0000] {dag.py:3047} INFO - Sync 1 DAGs
[2024-03-27T00:16:03.413+0000] {logging_mixin.py:188} INFO - [2024-03-27T00:16:03.412+0000] {dag.py:3834} INFO - Setting next_dagrun for tutorial to 2024-03-26 00:00:00+00:00, run_after=2024-03-27 00:00:00+00:00
[2024-03-27T00:16:03.422+0000] {processor.py:183} INFO - Processing /home/airflow/.local/lib/python3.8/site-packages/airflow/example_dags/tutorial.py took 0.046 seconds
[2024-03-27T00:16:34.127+0000] {processor.py:161} INFO - Started process (PID=6637) to work on /home/airflow/.local/lib/python3.8/site-packages/airflow/example_dags/tutorial.py
[2024-03-27T00:16:34.129+0000] {processor.py:830} INFO - Processing file /home/airflow/.local/lib/python3.8/site-packages/airflow/example_dags/tutorial.py for tasks to queue
[2024-03-27T00:16:34.130+0000] {logging_mixin.py:188} INFO - [2024-03-27T00:16:34.130+0000] {dagbag.py:540} INFO - Filling up the DagBag from /home/airflow/.local/lib/python3.8/site-packages/airflow/example_dags/tutorial.py
[2024-03-27T00:16:34.135+0000] {processor.py:840} INFO - DAG(s) 'tutorial' retrieved from /home/airflow/.local/lib/python3.8/site-packages/airflow/example_dags/tutorial.py
[2024-03-27T00:16:34.152+0000] {logging_mixin.py:188} INFO - [2024-03-27T00:16:34.152+0000] {dag.py:3047} INFO - Sync 1 DAGs
[2024-03-27T00:16:34.165+0000] {logging_mixin.py:188} INFO - [2024-03-27T00:16:34.164+0000] {dag.py:3834} INFO - Setting next_dagrun for tutorial to 2024-03-26 00:00:00+00:00, run_after=2024-03-27 00:00:00+00:00
[2024-03-27T00:16:34.175+0000] {processor.py:183} INFO - Processing /home/airflow/.local/lib/python3.8/site-packages/airflow/example_dags/tutorial.py took 0.051 seconds
[2024-03-27T00:17:04.870+0000] {processor.py:161} INFO - Started process (PID=6692) to work on /home/airflow/.local/lib/python3.8/site-packages/airflow/example_dags/tutorial.py
[2024-03-27T00:17:04.871+0000] {processor.py:830} INFO - Processing file /home/airflow/.local/lib/python3.8/site-packages/airflow/example_dags/tutorial.py for tasks to queue
[2024-03-27T00:17:04.873+0000] {logging_mixin.py:188} INFO - [2024-03-27T00:17:04.873+0000] {dagbag.py:540} INFO - Filling up the DagBag from /home/airflow/.local/lib/python3.8/site-packages/airflow/example_dags/tutorial.py
[2024-03-27T00:17:04.878+0000] {processor.py:840} INFO - DAG(s) 'tutorial' retrieved from /home/airflow/.local/lib/python3.8/site-packages/airflow/example_dags/tutorial.py
[2024-03-27T00:17:04.893+0000] {logging_mixin.py:188} INFO - [2024-03-27T00:17:04.893+0000] {dag.py:3047} INFO - Sync 1 DAGs
[2024-03-27T00:17:04.906+0000] {logging_mixin.py:188} INFO - [2024-03-27T00:17:04.906+0000] {dag.py:3834} INFO - Setting next_dagrun for tutorial to 2024-03-26 00:00:00+00:00, run_after=2024-03-27 00:00:00+00:00
[2024-03-27T00:17:04.918+0000] {processor.py:183} INFO - Processing /home/airflow/.local/lib/python3.8/site-packages/airflow/example_dags/tutorial.py took 0.050 seconds
[2024-03-27T00:17:35.610+0000] {processor.py:161} INFO - Started process (PID=6747) to work on /home/airflow/.local/lib/python3.8/site-packages/airflow/example_dags/tutorial.py
[2024-03-27T00:17:35.611+0000] {processor.py:830} INFO - Processing file /home/airflow/.local/lib/python3.8/site-packages/airflow/example_dags/tutorial.py for tasks to queue
[2024-03-27T00:17:35.612+0000] {logging_mixin.py:188} INFO - [2024-03-27T00:17:35.612+0000] {dagbag.py:540} INFO - Filling up the DagBag from /home/airflow/.local/lib/python3.8/site-packages/airflow/example_dags/tutorial.py
[2024-03-27T00:17:35.616+0000] {processor.py:840} INFO - DAG(s) 'tutorial' retrieved from /home/airflow/.local/lib/python3.8/site-packages/airflow/example_dags/tutorial.py
[2024-03-27T00:17:35.627+0000] {logging_mixin.py:188} INFO - [2024-03-27T00:17:35.627+0000] {dag.py:3047} INFO - Sync 1 DAGs
[2024-03-27T00:17:35.638+0000] {logging_mixin.py:188} INFO - [2024-03-27T00:17:35.638+0000] {dag.py:3834} INFO - Setting next_dagrun for tutorial to 2024-03-26 00:00:00+00:00, run_after=2024-03-27 00:00:00+00:00
[2024-03-27T00:17:35.647+0000] {processor.py:183} INFO - Processing /home/airflow/.local/lib/python3.8/site-packages/airflow/example_dags/tutorial.py took 0.038 seconds
[2024-03-27T00:18:05.898+0000] {processor.py:161} INFO - Started process (PID=6802) to work on /home/airflow/.local/lib/python3.8/site-packages/airflow/example_dags/tutorial.py
[2024-03-27T00:18:05.899+0000] {processor.py:830} INFO - Processing file /home/airflow/.local/lib/python3.8/site-packages/airflow/example_dags/tutorial.py for tasks to queue
[2024-03-27T00:18:05.900+0000] {logging_mixin.py:188} INFO - [2024-03-27T00:18:05.900+0000] {dagbag.py:540} INFO - Filling up the DagBag from /home/airflow/.local/lib/python3.8/site-packages/airflow/example_dags/tutorial.py
[2024-03-27T00:18:05.905+0000] {processor.py:840} INFO - DAG(s) 'tutorial' retrieved from /home/airflow/.local/lib/python3.8/site-packages/airflow/example_dags/tutorial.py
[2024-03-27T00:18:05.923+0000] {logging_mixin.py:188} INFO - [2024-03-27T00:18:05.922+0000] {dag.py:3047} INFO - Sync 1 DAGs
[2024-03-27T00:18:05.935+0000] {logging_mixin.py:188} INFO - [2024-03-27T00:18:05.935+0000] {dag.py:3834} INFO - Setting next_dagrun for tutorial to 2024-03-26 00:00:00+00:00, run_after=2024-03-27 00:00:00+00:00
[2024-03-27T00:18:05.943+0000] {processor.py:183} INFO - Processing /home/airflow/.local/lib/python3.8/site-packages/airflow/example_dags/tutorial.py took 0.047 seconds
[2024-03-27T00:18:36.073+0000] {processor.py:161} INFO - Started process (PID=6857) to work on /home/airflow/.local/lib/python3.8/site-packages/airflow/example_dags/tutorial.py
[2024-03-27T00:18:36.074+0000] {processor.py:830} INFO - Processing file /home/airflow/.local/lib/python3.8/site-packages/airflow/example_dags/tutorial.py for tasks to queue
[2024-03-27T00:18:36.075+0000] {logging_mixin.py:188} INFO - [2024-03-27T00:18:36.075+0000] {dagbag.py:540} INFO - Filling up the DagBag from /home/airflow/.local/lib/python3.8/site-packages/airflow/example_dags/tutorial.py
[2024-03-27T00:18:36.079+0000] {processor.py:840} INFO - DAG(s) 'tutorial' retrieved from /home/airflow/.local/lib/python3.8/site-packages/airflow/example_dags/tutorial.py
[2024-03-27T00:18:36.089+0000] {logging_mixin.py:188} INFO - [2024-03-27T00:18:36.089+0000] {dag.py:3047} INFO - Sync 1 DAGs
[2024-03-27T00:18:36.100+0000] {logging_mixin.py:188} INFO - [2024-03-27T00:18:36.100+0000] {dag.py:3834} INFO - Setting next_dagrun for tutorial to 2024-03-26 00:00:00+00:00, run_after=2024-03-27 00:00:00+00:00
[2024-03-27T00:18:36.108+0000] {processor.py:183} INFO - Processing /home/airflow/.local/lib/python3.8/site-packages/airflow/example_dags/tutorial.py took 0.037 seconds
[2024-03-27T00:19:06.340+0000] {processor.py:161} INFO - Started process (PID=6912) to work on /home/airflow/.local/lib/python3.8/site-packages/airflow/example_dags/tutorial.py
[2024-03-27T00:19:06.341+0000] {processor.py:830} INFO - Processing file /home/airflow/.local/lib/python3.8/site-packages/airflow/example_dags/tutorial.py for tasks to queue
[2024-03-27T00:19:06.342+0000] {logging_mixin.py:188} INFO - [2024-03-27T00:19:06.342+0000] {dagbag.py:540} INFO - Filling up the DagBag from /home/airflow/.local/lib/python3.8/site-packages/airflow/example_dags/tutorial.py
[2024-03-27T00:19:06.348+0000] {processor.py:840} INFO - DAG(s) 'tutorial' retrieved from /home/airflow/.local/lib/python3.8/site-packages/airflow/example_dags/tutorial.py
[2024-03-27T00:19:06.362+0000] {logging_mixin.py:188} INFO - [2024-03-27T00:19:06.362+0000] {dag.py:3047} INFO - Sync 1 DAGs
[2024-03-27T00:19:06.375+0000] {logging_mixin.py:188} INFO - [2024-03-27T00:19:06.375+0000] {dag.py:3834} INFO - Setting next_dagrun for tutorial to 2024-03-26 00:00:00+00:00, run_after=2024-03-27 00:00:00+00:00
[2024-03-27T00:19:06.387+0000] {processor.py:183} INFO - Processing /home/airflow/.local/lib/python3.8/site-packages/airflow/example_dags/tutorial.py took 0.050 seconds
[2024-03-27T00:19:36.537+0000] {processor.py:161} INFO - Started process (PID=6967) to work on /home/airflow/.local/lib/python3.8/site-packages/airflow/example_dags/tutorial.py
[2024-03-27T00:19:36.538+0000] {processor.py:830} INFO - Processing file /home/airflow/.local/lib/python3.8/site-packages/airflow/example_dags/tutorial.py for tasks to queue
[2024-03-27T00:19:36.539+0000] {logging_mixin.py:188} INFO - [2024-03-27T00:19:36.539+0000] {dagbag.py:540} INFO - Filling up the DagBag from /home/airflow/.local/lib/python3.8/site-packages/airflow/example_dags/tutorial.py
[2024-03-27T00:19:36.542+0000] {processor.py:840} INFO - DAG(s) 'tutorial' retrieved from /home/airflow/.local/lib/python3.8/site-packages/airflow/example_dags/tutorial.py
[2024-03-27T00:19:36.556+0000] {logging_mixin.py:188} INFO - [2024-03-27T00:19:36.556+0000] {dag.py:3047} INFO - Sync 1 DAGs
[2024-03-27T00:19:36.567+0000] {logging_mixin.py:188} INFO - [2024-03-27T00:19:36.567+0000] {dag.py:3834} INFO - Setting next_dagrun for tutorial to 2024-03-26 00:00:00+00:00, run_after=2024-03-27 00:00:00+00:00
[2024-03-27T00:19:36.575+0000] {processor.py:183} INFO - Processing /home/airflow/.local/lib/python3.8/site-packages/airflow/example_dags/tutorial.py took 0.040 seconds
[2024-03-27T00:20:07.393+0000] {processor.py:161} INFO - Started process (PID=7022) to work on /home/airflow/.local/lib/python3.8/site-packages/airflow/example_dags/tutorial.py
[2024-03-27T00:20:07.394+0000] {processor.py:830} INFO - Processing file /home/airflow/.local/lib/python3.8/site-packages/airflow/example_dags/tutorial.py for tasks to queue
[2024-03-27T00:20:07.395+0000] {logging_mixin.py:188} INFO - [2024-03-27T00:20:07.395+0000] {dagbag.py:540} INFO - Filling up the DagBag from /home/airflow/.local/lib/python3.8/site-packages/airflow/example_dags/tutorial.py
[2024-03-27T00:20:07.399+0000] {processor.py:840} INFO - DAG(s) 'tutorial' retrieved from /home/airflow/.local/lib/python3.8/site-packages/airflow/example_dags/tutorial.py
[2024-03-27T00:20:07.411+0000] {logging_mixin.py:188} INFO - [2024-03-27T00:20:07.411+0000] {dag.py:3047} INFO - Sync 1 DAGs
[2024-03-27T00:20:07.430+0000] {logging_mixin.py:188} INFO - [2024-03-27T00:20:07.429+0000] {dag.py:3834} INFO - Setting next_dagrun for tutorial to 2024-03-26 00:00:00+00:00, run_after=2024-03-27 00:00:00+00:00
[2024-03-27T00:20:07.440+0000] {processor.py:183} INFO - Processing /home/airflow/.local/lib/python3.8/site-packages/airflow/example_dags/tutorial.py took 0.049 seconds
[2024-03-27T00:20:38.069+0000] {processor.py:161} INFO - Started process (PID=7077) to work on /home/airflow/.local/lib/python3.8/site-packages/airflow/example_dags/tutorial.py
[2024-03-27T00:20:38.069+0000] {processor.py:830} INFO - Processing file /home/airflow/.local/lib/python3.8/site-packages/airflow/example_dags/tutorial.py for tasks to queue
[2024-03-27T00:20:38.070+0000] {logging_mixin.py:188} INFO - [2024-03-27T00:20:38.070+0000] {dagbag.py:540} INFO - Filling up the DagBag from /home/airflow/.local/lib/python3.8/site-packages/airflow/example_dags/tutorial.py
[2024-03-27T00:20:38.074+0000] {processor.py:840} INFO - DAG(s) 'tutorial' retrieved from /home/airflow/.local/lib/python3.8/site-packages/airflow/example_dags/tutorial.py
[2024-03-27T00:20:38.084+0000] {logging_mixin.py:188} INFO - [2024-03-27T00:20:38.084+0000] {dag.py:3047} INFO - Sync 1 DAGs
[2024-03-27T00:20:38.095+0000] {logging_mixin.py:188} INFO - [2024-03-27T00:20:38.095+0000] {dag.py:3834} INFO - Setting next_dagrun for tutorial to 2024-03-26 00:00:00+00:00, run_after=2024-03-27 00:00:00+00:00
[2024-03-27T00:20:38.104+0000] {processor.py:183} INFO - Processing /home/airflow/.local/lib/python3.8/site-packages/airflow/example_dags/tutorial.py took 0.037 seconds
[2024-03-27T00:21:08.718+0000] {processor.py:161} INFO - Started process (PID=7132) to work on /home/airflow/.local/lib/python3.8/site-packages/airflow/example_dags/tutorial.py
[2024-03-27T00:21:08.718+0000] {processor.py:830} INFO - Processing file /home/airflow/.local/lib/python3.8/site-packages/airflow/example_dags/tutorial.py for tasks to queue
[2024-03-27T00:21:08.719+0000] {logging_mixin.py:188} INFO - [2024-03-27T00:21:08.719+0000] {dagbag.py:540} INFO - Filling up the DagBag from /home/airflow/.local/lib/python3.8/site-packages/airflow/example_dags/tutorial.py
[2024-03-27T00:21:08.723+0000] {processor.py:840} INFO - DAG(s) 'tutorial' retrieved from /home/airflow/.local/lib/python3.8/site-packages/airflow/example_dags/tutorial.py
[2024-03-27T00:21:08.733+0000] {logging_mixin.py:188} INFO - [2024-03-27T00:21:08.733+0000] {dag.py:3047} INFO - Sync 1 DAGs
[2024-03-27T00:21:08.744+0000] {logging_mixin.py:188} INFO - [2024-03-27T00:21:08.744+0000] {dag.py:3834} INFO - Setting next_dagrun for tutorial to 2024-03-26 00:00:00+00:00, run_after=2024-03-27 00:00:00+00:00
[2024-03-27T00:21:08.752+0000] {processor.py:183} INFO - Processing /home/airflow/.local/lib/python3.8/site-packages/airflow/example_dags/tutorial.py took 0.036 seconds
[2024-03-27T00:21:39.401+0000] {processor.py:161} INFO - Started process (PID=7187) to work on /home/airflow/.local/lib/python3.8/site-packages/airflow/example_dags/tutorial.py
[2024-03-27T00:21:39.402+0000] {processor.py:830} INFO - Processing file /home/airflow/.local/lib/python3.8/site-packages/airflow/example_dags/tutorial.py for tasks to queue
[2024-03-27T00:21:39.403+0000] {logging_mixin.py:188} INFO - [2024-03-27T00:21:39.403+0000] {dagbag.py:540} INFO - Filling up the DagBag from /home/airflow/.local/lib/python3.8/site-packages/airflow/example_dags/tutorial.py
[2024-03-27T00:21:39.406+0000] {processor.py:840} INFO - DAG(s) 'tutorial' retrieved from /home/airflow/.local/lib/python3.8/site-packages/airflow/example_dags/tutorial.py
[2024-03-27T00:21:39.417+0000] {logging_mixin.py:188} INFO - [2024-03-27T00:21:39.417+0000] {dag.py:3047} INFO - Sync 1 DAGs
[2024-03-27T00:21:39.429+0000] {logging_mixin.py:188} INFO - [2024-03-27T00:21:39.429+0000] {dag.py:3834} INFO - Setting next_dagrun for tutorial to 2024-03-26 00:00:00+00:00, run_after=2024-03-27 00:00:00+00:00
[2024-03-27T00:21:39.437+0000] {processor.py:183} INFO - Processing /home/airflow/.local/lib/python3.8/site-packages/airflow/example_dags/tutorial.py took 0.038 seconds
[2024-03-27T00:22:10.054+0000] {processor.py:161} INFO - Started process (PID=7242) to work on /home/airflow/.local/lib/python3.8/site-packages/airflow/example_dags/tutorial.py
[2024-03-27T00:22:10.054+0000] {processor.py:830} INFO - Processing file /home/airflow/.local/lib/python3.8/site-packages/airflow/example_dags/tutorial.py for tasks to queue
[2024-03-27T00:22:10.055+0000] {logging_mixin.py:188} INFO - [2024-03-27T00:22:10.055+0000] {dagbag.py:540} INFO - Filling up the DagBag from /home/airflow/.local/lib/python3.8/site-packages/airflow/example_dags/tutorial.py
[2024-03-27T00:22:10.058+0000] {processor.py:840} INFO - DAG(s) 'tutorial' retrieved from /home/airflow/.local/lib/python3.8/site-packages/airflow/example_dags/tutorial.py
[2024-03-27T00:22:10.069+0000] {logging_mixin.py:188} INFO - [2024-03-27T00:22:10.069+0000] {dag.py:3047} INFO - Sync 1 DAGs
[2024-03-27T00:22:10.079+0000] {logging_mixin.py:188} INFO - [2024-03-27T00:22:10.079+0000] {dag.py:3834} INFO - Setting next_dagrun for tutorial to 2024-03-26 00:00:00+00:00, run_after=2024-03-27 00:00:00+00:00
[2024-03-27T00:22:10.088+0000] {processor.py:183} INFO - Processing /home/airflow/.local/lib/python3.8/site-packages/airflow/example_dags/tutorial.py took 0.036 seconds
[2024-03-27T00:22:40.784+0000] {processor.py:161} INFO - Started process (PID=7297) to work on /home/airflow/.local/lib/python3.8/site-packages/airflow/example_dags/tutorial.py
[2024-03-27T00:22:40.785+0000] {processor.py:830} INFO - Processing file /home/airflow/.local/lib/python3.8/site-packages/airflow/example_dags/tutorial.py for tasks to queue
[2024-03-27T00:22:40.787+0000] {logging_mixin.py:188} INFO - [2024-03-27T00:22:40.786+0000] {dagbag.py:540} INFO - Filling up the DagBag from /home/airflow/.local/lib/python3.8/site-packages/airflow/example_dags/tutorial.py
[2024-03-27T00:22:40.790+0000] {processor.py:840} INFO - DAG(s) 'tutorial' retrieved from /home/airflow/.local/lib/python3.8/site-packages/airflow/example_dags/tutorial.py
[2024-03-27T00:22:40.800+0000] {logging_mixin.py:188} INFO - [2024-03-27T00:22:40.800+0000] {dag.py:3047} INFO - Sync 1 DAGs
[2024-03-27T00:22:40.811+0000] {logging_mixin.py:188} INFO - [2024-03-27T00:22:40.811+0000] {dag.py:3834} INFO - Setting next_dagrun for tutorial to 2024-03-26 00:00:00+00:00, run_after=2024-03-27 00:00:00+00:00
[2024-03-27T00:22:40.819+0000] {processor.py:183} INFO - Processing /home/airflow/.local/lib/python3.8/site-packages/airflow/example_dags/tutorial.py took 0.038 seconds
[2024-03-27T00:23:11.469+0000] {processor.py:161} INFO - Started process (PID=7352) to work on /home/airflow/.local/lib/python3.8/site-packages/airflow/example_dags/tutorial.py
[2024-03-27T00:23:11.470+0000] {processor.py:830} INFO - Processing file /home/airflow/.local/lib/python3.8/site-packages/airflow/example_dags/tutorial.py for tasks to queue
[2024-03-27T00:23:11.471+0000] {logging_mixin.py:188} INFO - [2024-03-27T00:23:11.471+0000] {dagbag.py:540} INFO - Filling up the DagBag from /home/airflow/.local/lib/python3.8/site-packages/airflow/example_dags/tutorial.py
[2024-03-27T00:23:11.474+0000] {processor.py:840} INFO - DAG(s) 'tutorial' retrieved from /home/airflow/.local/lib/python3.8/site-packages/airflow/example_dags/tutorial.py
[2024-03-27T00:23:11.484+0000] {logging_mixin.py:188} INFO - [2024-03-27T00:23:11.484+0000] {dag.py:3047} INFO - Sync 1 DAGs
[2024-03-27T00:23:11.495+0000] {logging_mixin.py:188} INFO - [2024-03-27T00:23:11.495+0000] {dag.py:3834} INFO - Setting next_dagrun for tutorial to 2024-03-26 00:00:00+00:00, run_after=2024-03-27 00:00:00+00:00
[2024-03-27T00:23:11.504+0000] {processor.py:183} INFO - Processing /home/airflow/.local/lib/python3.8/site-packages/airflow/example_dags/tutorial.py took 0.036 seconds
[2024-03-27T00:23:42.161+0000] {processor.py:161} INFO - Started process (PID=7407) to work on /home/airflow/.local/lib/python3.8/site-packages/airflow/example_dags/tutorial.py
[2024-03-27T00:23:42.162+0000] {processor.py:830} INFO - Processing file /home/airflow/.local/lib/python3.8/site-packages/airflow/example_dags/tutorial.py for tasks to queue
[2024-03-27T00:23:42.163+0000] {logging_mixin.py:188} INFO - [2024-03-27T00:23:42.163+0000] {dagbag.py:540} INFO - Filling up the DagBag from /home/airflow/.local/lib/python3.8/site-packages/airflow/example_dags/tutorial.py
[2024-03-27T00:23:42.166+0000] {processor.py:840} INFO - DAG(s) 'tutorial' retrieved from /home/airflow/.local/lib/python3.8/site-packages/airflow/example_dags/tutorial.py
[2024-03-27T00:23:42.176+0000] {logging_mixin.py:188} INFO - [2024-03-27T00:23:42.176+0000] {dag.py:3047} INFO - Sync 1 DAGs
[2024-03-27T00:23:42.186+0000] {logging_mixin.py:188} INFO - [2024-03-27T00:23:42.186+0000] {dag.py:3834} INFO - Setting next_dagrun for tutorial to 2024-03-26 00:00:00+00:00, run_after=2024-03-27 00:00:00+00:00
[2024-03-27T00:23:42.195+0000] {processor.py:183} INFO - Processing /home/airflow/.local/lib/python3.8/site-packages/airflow/example_dags/tutorial.py took 0.035 seconds
[2024-03-27T00:24:12.789+0000] {processor.py:161} INFO - Started process (PID=7462) to work on /home/airflow/.local/lib/python3.8/site-packages/airflow/example_dags/tutorial.py
[2024-03-27T00:24:12.790+0000] {processor.py:830} INFO - Processing file /home/airflow/.local/lib/python3.8/site-packages/airflow/example_dags/tutorial.py for tasks to queue
[2024-03-27T00:24:12.791+0000] {logging_mixin.py:188} INFO - [2024-03-27T00:24:12.791+0000] {dagbag.py:540} INFO - Filling up the DagBag from /home/airflow/.local/lib/python3.8/site-packages/airflow/example_dags/tutorial.py
[2024-03-27T00:24:12.794+0000] {processor.py:840} INFO - DAG(s) 'tutorial' retrieved from /home/airflow/.local/lib/python3.8/site-packages/airflow/example_dags/tutorial.py
[2024-03-27T00:24:12.807+0000] {logging_mixin.py:188} INFO - [2024-03-27T00:24:12.807+0000] {dag.py:3047} INFO - Sync 1 DAGs
[2024-03-27T00:24:12.818+0000] {logging_mixin.py:188} INFO - [2024-03-27T00:24:12.818+0000] {dag.py:3834} INFO - Setting next_dagrun for tutorial to 2024-03-26 00:00:00+00:00, run_after=2024-03-27 00:00:00+00:00
[2024-03-27T00:24:12.826+0000] {processor.py:183} INFO - Processing /home/airflow/.local/lib/python3.8/site-packages/airflow/example_dags/tutorial.py took 0.039 seconds
[2024-03-27T00:24:43.767+0000] {processor.py:161} INFO - Started process (PID=7517) to work on /home/airflow/.local/lib/python3.8/site-packages/airflow/example_dags/tutorial.py
[2024-03-27T00:24:43.767+0000] {processor.py:830} INFO - Processing file /home/airflow/.local/lib/python3.8/site-packages/airflow/example_dags/tutorial.py for tasks to queue
[2024-03-27T00:24:43.768+0000] {logging_mixin.py:188} INFO - [2024-03-27T00:24:43.768+0000] {dagbag.py:540} INFO - Filling up the DagBag from /home/airflow/.local/lib/python3.8/site-packages/airflow/example_dags/tutorial.py
[2024-03-27T00:24:43.772+0000] {processor.py:840} INFO - DAG(s) 'tutorial' retrieved from /home/airflow/.local/lib/python3.8/site-packages/airflow/example_dags/tutorial.py
[2024-03-27T00:24:43.783+0000] {logging_mixin.py:188} INFO - [2024-03-27T00:24:43.783+0000] {dag.py:3047} INFO - Sync 1 DAGs
[2024-03-27T00:24:43.795+0000] {logging_mixin.py:188} INFO - [2024-03-27T00:24:43.795+0000] {dag.py:3834} INFO - Setting next_dagrun for tutorial to 2024-03-26 00:00:00+00:00, run_after=2024-03-27 00:00:00+00:00
[2024-03-27T00:24:43.804+0000] {processor.py:183} INFO - Processing /home/airflow/.local/lib/python3.8/site-packages/airflow/example_dags/tutorial.py took 0.039 seconds
[2024-03-27T00:31:01.445+0000] {processor.py:161} INFO - Started process (PID=7572) to work on /home/airflow/.local/lib/python3.8/site-packages/airflow/example_dags/tutorial.py
[2024-03-27T00:31:01.446+0000] {processor.py:830} INFO - Processing file /home/airflow/.local/lib/python3.8/site-packages/airflow/example_dags/tutorial.py for tasks to queue
[2024-03-27T00:31:01.448+0000] {logging_mixin.py:188} INFO - [2024-03-27T00:31:01.447+0000] {dagbag.py:540} INFO - Filling up the DagBag from /home/airflow/.local/lib/python3.8/site-packages/airflow/example_dags/tutorial.py
[2024-03-27T00:31:01.458+0000] {processor.py:840} INFO - DAG(s) 'tutorial' retrieved from /home/airflow/.local/lib/python3.8/site-packages/airflow/example_dags/tutorial.py
[2024-03-27T00:31:01.490+0000] {logging_mixin.py:188} INFO - [2024-03-27T00:31:01.490+0000] {dag.py:3047} INFO - Sync 1 DAGs
[2024-03-27T00:31:01.512+0000] {logging_mixin.py:188} INFO - [2024-03-27T00:31:01.512+0000] {dag.py:3834} INFO - Setting next_dagrun for tutorial to 2024-03-26 00:00:00+00:00, run_after=2024-03-27 00:00:00+00:00
[2024-03-27T00:31:01.544+0000] {processor.py:183} INFO - Processing /home/airflow/.local/lib/python3.8/site-packages/airflow/example_dags/tutorial.py took 0.103 seconds
[2024-03-27T00:34:01.790+0000] {processor.py:161} INFO - Started process (PID=7627) to work on /home/airflow/.local/lib/python3.8/site-packages/airflow/example_dags/tutorial.py
[2024-03-27T00:34:01.792+0000] {processor.py:830} INFO - Processing file /home/airflow/.local/lib/python3.8/site-packages/airflow/example_dags/tutorial.py for tasks to queue
[2024-03-27T00:34:01.796+0000] {logging_mixin.py:188} INFO - [2024-03-27T00:34:01.796+0000] {dagbag.py:540} INFO - Filling up the DagBag from /home/airflow/.local/lib/python3.8/site-packages/airflow/example_dags/tutorial.py
[2024-03-27T00:34:01.806+0000] {processor.py:840} INFO - DAG(s) 'tutorial' retrieved from /home/airflow/.local/lib/python3.8/site-packages/airflow/example_dags/tutorial.py
[2024-03-27T00:34:01.838+0000] {logging_mixin.py:188} INFO - [2024-03-27T00:34:01.838+0000] {dag.py:3047} INFO - Sync 1 DAGs
[2024-03-27T00:34:01.874+0000] {logging_mixin.py:188} INFO - [2024-03-27T00:34:01.874+0000] {dag.py:3834} INFO - Setting next_dagrun for tutorial to 2024-03-26 00:00:00+00:00, run_after=2024-03-27 00:00:00+00:00
[2024-03-27T00:34:01.905+0000] {processor.py:183} INFO - Processing /home/airflow/.local/lib/python3.8/site-packages/airflow/example_dags/tutorial.py took 0.122 seconds
[2024-03-27T00:40:15.791+0000] {processor.py:161} INFO - Started process (PID=7682) to work on /home/airflow/.local/lib/python3.8/site-packages/airflow/example_dags/tutorial.py
[2024-03-27T00:40:15.792+0000] {processor.py:830} INFO - Processing file /home/airflow/.local/lib/python3.8/site-packages/airflow/example_dags/tutorial.py for tasks to queue
[2024-03-27T00:40:15.793+0000] {logging_mixin.py:188} INFO - [2024-03-27T00:40:15.793+0000] {dagbag.py:540} INFO - Filling up the DagBag from /home/airflow/.local/lib/python3.8/site-packages/airflow/example_dags/tutorial.py
[2024-03-27T00:40:15.796+0000] {processor.py:840} INFO - DAG(s) 'tutorial' retrieved from /home/airflow/.local/lib/python3.8/site-packages/airflow/example_dags/tutorial.py
[2024-03-27T00:40:15.806+0000] {logging_mixin.py:188} INFO - [2024-03-27T00:40:15.806+0000] {dag.py:3047} INFO - Sync 1 DAGs
[2024-03-27T00:40:15.817+0000] {logging_mixin.py:188} INFO - [2024-03-27T00:40:15.817+0000] {dag.py:3834} INFO - Setting next_dagrun for tutorial to 2024-03-26 00:00:00+00:00, run_after=2024-03-27 00:00:00+00:00
[2024-03-27T00:40:15.826+0000] {processor.py:183} INFO - Processing /home/airflow/.local/lib/python3.8/site-packages/airflow/example_dags/tutorial.py took 0.036 seconds
[2024-03-27T00:41:12.778+0000] {processor.py:161} INFO - Started process (PID=7737) to work on /home/airflow/.local/lib/python3.8/site-packages/airflow/example_dags/tutorial.py
[2024-03-27T00:41:12.779+0000] {processor.py:830} INFO - Processing file /home/airflow/.local/lib/python3.8/site-packages/airflow/example_dags/tutorial.py for tasks to queue
[2024-03-27T00:41:12.780+0000] {logging_mixin.py:188} INFO - [2024-03-27T00:41:12.779+0000] {dagbag.py:540} INFO - Filling up the DagBag from /home/airflow/.local/lib/python3.8/site-packages/airflow/example_dags/tutorial.py
[2024-03-27T00:41:12.783+0000] {processor.py:840} INFO - DAG(s) 'tutorial' retrieved from /home/airflow/.local/lib/python3.8/site-packages/airflow/example_dags/tutorial.py
[2024-03-27T00:41:12.793+0000] {logging_mixin.py:188} INFO - [2024-03-27T00:41:12.793+0000] {dag.py:3047} INFO - Sync 1 DAGs
[2024-03-27T00:41:12.803+0000] {logging_mixin.py:188} INFO - [2024-03-27T00:41:12.803+0000] {dag.py:3834} INFO - Setting next_dagrun for tutorial to 2024-03-26 00:00:00+00:00, run_after=2024-03-27 00:00:00+00:00
[2024-03-27T00:41:12.812+0000] {processor.py:183} INFO - Processing /home/airflow/.local/lib/python3.8/site-packages/airflow/example_dags/tutorial.py took 0.036 seconds
[2024-03-27T00:42:55.453+0000] {processor.py:161} INFO - Started process (PID=7792) to work on /home/airflow/.local/lib/python3.8/site-packages/airflow/example_dags/tutorial.py
[2024-03-27T00:42:55.454+0000] {processor.py:830} INFO - Processing file /home/airflow/.local/lib/python3.8/site-packages/airflow/example_dags/tutorial.py for tasks to queue
[2024-03-27T00:42:55.455+0000] {logging_mixin.py:188} INFO - [2024-03-27T00:42:55.455+0000] {dagbag.py:540} INFO - Filling up the DagBag from /home/airflow/.local/lib/python3.8/site-packages/airflow/example_dags/tutorial.py
[2024-03-27T00:42:55.458+0000] {processor.py:840} INFO - DAG(s) 'tutorial' retrieved from /home/airflow/.local/lib/python3.8/site-packages/airflow/example_dags/tutorial.py
[2024-03-27T00:42:55.469+0000] {logging_mixin.py:188} INFO - [2024-03-27T00:42:55.469+0000] {dag.py:3047} INFO - Sync 1 DAGs
[2024-03-27T00:42:55.479+0000] {logging_mixin.py:188} INFO - [2024-03-27T00:42:55.479+0000] {dag.py:3834} INFO - Setting next_dagrun for tutorial to 2024-03-26 00:00:00+00:00, run_after=2024-03-27 00:00:00+00:00
[2024-03-27T00:42:55.487+0000] {processor.py:183} INFO - Processing /home/airflow/.local/lib/python3.8/site-packages/airflow/example_dags/tutorial.py took 0.036 seconds
[2024-03-27T00:45:41.101+0000] {processor.py:161} INFO - Started process (PID=7847) to work on /home/airflow/.local/lib/python3.8/site-packages/airflow/example_dags/tutorial.py
[2024-03-27T00:45:41.102+0000] {processor.py:830} INFO - Processing file /home/airflow/.local/lib/python3.8/site-packages/airflow/example_dags/tutorial.py for tasks to queue
[2024-03-27T00:45:41.105+0000] {logging_mixin.py:188} INFO - [2024-03-27T00:45:41.105+0000] {dagbag.py:540} INFO - Filling up the DagBag from /home/airflow/.local/lib/python3.8/site-packages/airflow/example_dags/tutorial.py
[2024-03-27T00:45:41.115+0000] {processor.py:840} INFO - DAG(s) 'tutorial' retrieved from /home/airflow/.local/lib/python3.8/site-packages/airflow/example_dags/tutorial.py
[2024-03-27T00:45:41.143+0000] {logging_mixin.py:188} INFO - [2024-03-27T00:45:41.142+0000] {dag.py:3047} INFO - Sync 1 DAGs
[2024-03-27T00:45:41.166+0000] {logging_mixin.py:188} INFO - [2024-03-27T00:45:41.166+0000] {dag.py:3834} INFO - Setting next_dagrun for tutorial to 2024-03-26 00:00:00+00:00, run_after=2024-03-27 00:00:00+00:00
[2024-03-27T00:45:41.195+0000] {processor.py:183} INFO - Processing /home/airflow/.local/lib/python3.8/site-packages/airflow/example_dags/tutorial.py took 0.098 seconds
[2024-03-27T00:49:38.182+0000] {processor.py:161} INFO - Started process (PID=7902) to work on /home/airflow/.local/lib/python3.8/site-packages/airflow/example_dags/tutorial.py
[2024-03-27T00:49:38.184+0000] {processor.py:830} INFO - Processing file /home/airflow/.local/lib/python3.8/site-packages/airflow/example_dags/tutorial.py for tasks to queue
[2024-03-27T00:49:38.187+0000] {logging_mixin.py:188} INFO - [2024-03-27T00:49:38.187+0000] {dagbag.py:540} INFO - Filling up the DagBag from /home/airflow/.local/lib/python3.8/site-packages/airflow/example_dags/tutorial.py
[2024-03-27T00:49:38.196+0000] {processor.py:840} INFO - DAG(s) 'tutorial' retrieved from /home/airflow/.local/lib/python3.8/site-packages/airflow/example_dags/tutorial.py
[2024-03-27T00:49:38.223+0000] {logging_mixin.py:188} INFO - [2024-03-27T00:49:38.223+0000] {dag.py:3047} INFO - Sync 1 DAGs
[2024-03-27T00:49:38.254+0000] {logging_mixin.py:188} INFO - [2024-03-27T00:49:38.253+0000] {dag.py:3834} INFO - Setting next_dagrun for tutorial to 2024-03-26 00:00:00+00:00, run_after=2024-03-27 00:00:00+00:00
[2024-03-27T00:49:38.285+0000] {processor.py:183} INFO - Processing /home/airflow/.local/lib/python3.8/site-packages/airflow/example_dags/tutorial.py took 0.107 seconds
[2024-03-27T00:50:37.792+0000] {processor.py:161} INFO - Started process (PID=7957) to work on /home/airflow/.local/lib/python3.8/site-packages/airflow/example_dags/tutorial.py
[2024-03-27T00:50:37.793+0000] {processor.py:830} INFO - Processing file /home/airflow/.local/lib/python3.8/site-packages/airflow/example_dags/tutorial.py for tasks to queue
[2024-03-27T00:50:37.794+0000] {logging_mixin.py:188} INFO - [2024-03-27T00:50:37.794+0000] {dagbag.py:540} INFO - Filling up the DagBag from /home/airflow/.local/lib/python3.8/site-packages/airflow/example_dags/tutorial.py
[2024-03-27T00:50:37.797+0000] {processor.py:840} INFO - DAG(s) 'tutorial' retrieved from /home/airflow/.local/lib/python3.8/site-packages/airflow/example_dags/tutorial.py
[2024-03-27T00:50:37.806+0000] {logging_mixin.py:188} INFO - [2024-03-27T00:50:37.806+0000] {dag.py:3047} INFO - Sync 1 DAGs
[2024-03-27T00:50:37.816+0000] {logging_mixin.py:188} INFO - [2024-03-27T00:50:37.815+0000] {dag.py:3834} INFO - Setting next_dagrun for tutorial to 2024-03-26 00:00:00+00:00, run_after=2024-03-27 00:00:00+00:00
[2024-03-27T00:50:37.823+0000] {processor.py:183} INFO - Processing /home/airflow/.local/lib/python3.8/site-packages/airflow/example_dags/tutorial.py took 0.033 seconds
[2024-03-27T00:51:22.869+0000] {processor.py:161} INFO - Started process (PID=8012) to work on /home/airflow/.local/lib/python3.8/site-packages/airflow/example_dags/tutorial.py
[2024-03-27T00:51:22.869+0000] {processor.py:830} INFO - Processing file /home/airflow/.local/lib/python3.8/site-packages/airflow/example_dags/tutorial.py for tasks to queue
[2024-03-27T00:51:22.870+0000] {logging_mixin.py:188} INFO - [2024-03-27T00:51:22.870+0000] {dagbag.py:540} INFO - Filling up the DagBag from /home/airflow/.local/lib/python3.8/site-packages/airflow/example_dags/tutorial.py
[2024-03-27T00:51:22.874+0000] {processor.py:840} INFO - DAG(s) 'tutorial' retrieved from /home/airflow/.local/lib/python3.8/site-packages/airflow/example_dags/tutorial.py
[2024-03-27T00:51:22.884+0000] {logging_mixin.py:188} INFO - [2024-03-27T00:51:22.884+0000] {dag.py:3047} INFO - Sync 1 DAGs
[2024-03-27T00:51:22.895+0000] {logging_mixin.py:188} INFO - [2024-03-27T00:51:22.894+0000] {dag.py:3834} INFO - Setting next_dagrun for tutorial to 2024-03-26 00:00:00+00:00, run_after=2024-03-27 00:00:00+00:00
[2024-03-27T00:51:22.903+0000] {processor.py:183} INFO - Processing /home/airflow/.local/lib/python3.8/site-packages/airflow/example_dags/tutorial.py took 0.036 seconds
[2024-03-27T00:52:59.930+0000] {processor.py:161} INFO - Started process (PID=8067) to work on /home/airflow/.local/lib/python3.8/site-packages/airflow/example_dags/tutorial.py
[2024-03-27T00:52:59.931+0000] {processor.py:830} INFO - Processing file /home/airflow/.local/lib/python3.8/site-packages/airflow/example_dags/tutorial.py for tasks to queue
[2024-03-27T00:52:59.932+0000] {logging_mixin.py:188} INFO - [2024-03-27T00:52:59.932+0000] {dagbag.py:540} INFO - Filling up the DagBag from /home/airflow/.local/lib/python3.8/site-packages/airflow/example_dags/tutorial.py
[2024-03-27T00:52:59.935+0000] {processor.py:840} INFO - DAG(s) 'tutorial' retrieved from /home/airflow/.local/lib/python3.8/site-packages/airflow/example_dags/tutorial.py
[2024-03-27T00:52:59.946+0000] {logging_mixin.py:188} INFO - [2024-03-27T00:52:59.945+0000] {dag.py:3047} INFO - Sync 1 DAGs
[2024-03-27T00:52:59.956+0000] {logging_mixin.py:188} INFO - [2024-03-27T00:52:59.956+0000] {dag.py:3834} INFO - Setting next_dagrun for tutorial to 2024-03-26 00:00:00+00:00, run_after=2024-03-27 00:00:00+00:00
[2024-03-27T00:52:59.964+0000] {processor.py:183} INFO - Processing /home/airflow/.local/lib/python3.8/site-packages/airflow/example_dags/tutorial.py took 0.037 seconds
[2024-03-27T00:53:59.574+0000] {processor.py:161} INFO - Started process (PID=8122) to work on /home/airflow/.local/lib/python3.8/site-packages/airflow/example_dags/tutorial.py
[2024-03-27T00:53:59.574+0000] {processor.py:830} INFO - Processing file /home/airflow/.local/lib/python3.8/site-packages/airflow/example_dags/tutorial.py for tasks to queue
[2024-03-27T00:53:59.575+0000] {logging_mixin.py:188} INFO - [2024-03-27T00:53:59.575+0000] {dagbag.py:540} INFO - Filling up the DagBag from /home/airflow/.local/lib/python3.8/site-packages/airflow/example_dags/tutorial.py
[2024-03-27T00:53:59.579+0000] {processor.py:840} INFO - DAG(s) 'tutorial' retrieved from /home/airflow/.local/lib/python3.8/site-packages/airflow/example_dags/tutorial.py
[2024-03-27T00:53:59.589+0000] {logging_mixin.py:188} INFO - [2024-03-27T00:53:59.589+0000] {dag.py:3047} INFO - Sync 1 DAGs
[2024-03-27T00:53:59.599+0000] {logging_mixin.py:188} INFO - [2024-03-27T00:53:59.599+0000] {dag.py:3834} INFO - Setting next_dagrun for tutorial to 2024-03-26 00:00:00+00:00, run_after=2024-03-27 00:00:00+00:00
[2024-03-27T00:53:59.608+0000] {processor.py:183} INFO - Processing /home/airflow/.local/lib/python3.8/site-packages/airflow/example_dags/tutorial.py took 0.036 seconds
[2024-03-27T00:54:43.142+0000] {processor.py:161} INFO - Started process (PID=8177) to work on /home/airflow/.local/lib/python3.8/site-packages/airflow/example_dags/tutorial.py
[2024-03-27T00:54:43.143+0000] {processor.py:830} INFO - Processing file /home/airflow/.local/lib/python3.8/site-packages/airflow/example_dags/tutorial.py for tasks to queue
[2024-03-27T00:54:43.143+0000] {logging_mixin.py:188} INFO - [2024-03-27T00:54:43.143+0000] {dagbag.py:540} INFO - Filling up the DagBag from /home/airflow/.local/lib/python3.8/site-packages/airflow/example_dags/tutorial.py
[2024-03-27T00:54:43.147+0000] {processor.py:840} INFO - DAG(s) 'tutorial' retrieved from /home/airflow/.local/lib/python3.8/site-packages/airflow/example_dags/tutorial.py
[2024-03-27T00:54:43.158+0000] {logging_mixin.py:188} INFO - [2024-03-27T00:54:43.157+0000] {dag.py:3047} INFO - Sync 1 DAGs
[2024-03-27T00:54:43.168+0000] {logging_mixin.py:188} INFO - [2024-03-27T00:54:43.168+0000] {dag.py:3834} INFO - Setting next_dagrun for tutorial to 2024-03-26 00:00:00+00:00, run_after=2024-03-27 00:00:00+00:00
[2024-03-27T00:54:43.177+0000] {processor.py:183} INFO - Processing /home/airflow/.local/lib/python3.8/site-packages/airflow/example_dags/tutorial.py took 0.037 seconds
[2024-03-27T00:55:16.052+0000] {processor.py:161} INFO - Started process (PID=8232) to work on /home/airflow/.local/lib/python3.8/site-packages/airflow/example_dags/tutorial.py
[2024-03-27T00:55:16.053+0000] {processor.py:830} INFO - Processing file /home/airflow/.local/lib/python3.8/site-packages/airflow/example_dags/tutorial.py for tasks to queue
[2024-03-27T00:55:16.054+0000] {logging_mixin.py:188} INFO - [2024-03-27T00:55:16.054+0000] {dagbag.py:540} INFO - Filling up the DagBag from /home/airflow/.local/lib/python3.8/site-packages/airflow/example_dags/tutorial.py
[2024-03-27T00:55:16.058+0000] {processor.py:840} INFO - DAG(s) 'tutorial' retrieved from /home/airflow/.local/lib/python3.8/site-packages/airflow/example_dags/tutorial.py
[2024-03-27T00:55:16.068+0000] {logging_mixin.py:188} INFO - [2024-03-27T00:55:16.068+0000] {dag.py:3047} INFO - Sync 1 DAGs
[2024-03-27T00:55:16.080+0000] {logging_mixin.py:188} INFO - [2024-03-27T00:55:16.080+0000] {dag.py:3834} INFO - Setting next_dagrun for tutorial to 2024-03-26 00:00:00+00:00, run_after=2024-03-27 00:00:00+00:00
[2024-03-27T00:55:16.088+0000] {processor.py:183} INFO - Processing /home/airflow/.local/lib/python3.8/site-packages/airflow/example_dags/tutorial.py took 0.038 seconds
[2024-03-27T00:55:58.232+0000] {processor.py:161} INFO - Started process (PID=8286) to work on /home/airflow/.local/lib/python3.8/site-packages/airflow/example_dags/tutorial.py
[2024-03-27T00:55:58.233+0000] {processor.py:830} INFO - Processing file /home/airflow/.local/lib/python3.8/site-packages/airflow/example_dags/tutorial.py for tasks to queue
[2024-03-27T00:55:58.234+0000] {logging_mixin.py:188} INFO - [2024-03-27T00:55:58.234+0000] {dagbag.py:540} INFO - Filling up the DagBag from /home/airflow/.local/lib/python3.8/site-packages/airflow/example_dags/tutorial.py
[2024-03-27T00:55:58.237+0000] {processor.py:840} INFO - DAG(s) 'tutorial' retrieved from /home/airflow/.local/lib/python3.8/site-packages/airflow/example_dags/tutorial.py
[2024-03-27T00:55:58.248+0000] {logging_mixin.py:188} INFO - [2024-03-27T00:55:58.247+0000] {dag.py:3047} INFO - Sync 1 DAGs
[2024-03-27T00:55:58.258+0000] {logging_mixin.py:188} INFO - [2024-03-27T00:55:58.258+0000] {dag.py:3834} INFO - Setting next_dagrun for tutorial to 2024-03-26 00:00:00+00:00, run_after=2024-03-27 00:00:00+00:00
[2024-03-27T00:55:58.267+0000] {processor.py:183} INFO - Processing /home/airflow/.local/lib/python3.8/site-packages/airflow/example_dags/tutorial.py took 0.036 seconds
[2024-03-27T00:58:44.154+0000] {processor.py:161} INFO - Started process (PID=8341) to work on /home/airflow/.local/lib/python3.8/site-packages/airflow/example_dags/tutorial.py
[2024-03-27T00:58:44.155+0000] {processor.py:830} INFO - Processing file /home/airflow/.local/lib/python3.8/site-packages/airflow/example_dags/tutorial.py for tasks to queue
[2024-03-27T00:58:44.156+0000] {logging_mixin.py:188} INFO - [2024-03-27T00:58:44.156+0000] {dagbag.py:540} INFO - Filling up the DagBag from /home/airflow/.local/lib/python3.8/site-packages/airflow/example_dags/tutorial.py
[2024-03-27T00:58:44.159+0000] {processor.py:840} INFO - DAG(s) 'tutorial' retrieved from /home/airflow/.local/lib/python3.8/site-packages/airflow/example_dags/tutorial.py
[2024-03-27T00:58:44.169+0000] {logging_mixin.py:188} INFO - [2024-03-27T00:58:44.169+0000] {dag.py:3047} INFO - Sync 1 DAGs
[2024-03-27T00:58:44.179+0000] {logging_mixin.py:188} INFO - [2024-03-27T00:58:44.179+0000] {dag.py:3834} INFO - Setting next_dagrun for tutorial to 2024-03-26 00:00:00+00:00, run_after=2024-03-27 00:00:00+00:00
[2024-03-27T00:58:44.190+0000] {processor.py:183} INFO - Processing /home/airflow/.local/lib/python3.8/site-packages/airflow/example_dags/tutorial.py took 0.038 seconds
[2024-03-27T01:01:13.714+0000] {processor.py:161} INFO - Started process (PID=8396) to work on /home/airflow/.local/lib/python3.8/site-packages/airflow/example_dags/tutorial.py
[2024-03-27T01:01:13.715+0000] {processor.py:830} INFO - Processing file /home/airflow/.local/lib/python3.8/site-packages/airflow/example_dags/tutorial.py for tasks to queue
[2024-03-27T01:01:13.716+0000] {logging_mixin.py:188} INFO - [2024-03-27T01:01:13.716+0000] {dagbag.py:540} INFO - Filling up the DagBag from /home/airflow/.local/lib/python3.8/site-packages/airflow/example_dags/tutorial.py
[2024-03-27T01:01:13.719+0000] {processor.py:840} INFO - DAG(s) 'tutorial' retrieved from /home/airflow/.local/lib/python3.8/site-packages/airflow/example_dags/tutorial.py
[2024-03-27T01:01:13.729+0000] {logging_mixin.py:188} INFO - [2024-03-27T01:01:13.729+0000] {dag.py:3047} INFO - Sync 1 DAGs
[2024-03-27T01:01:13.740+0000] {logging_mixin.py:188} INFO - [2024-03-27T01:01:13.739+0000] {dag.py:3834} INFO - Setting next_dagrun for tutorial to 2024-03-26 00:00:00+00:00, run_after=2024-03-27 00:00:00+00:00
[2024-03-27T01:01:13.748+0000] {processor.py:183} INFO - Processing /home/airflow/.local/lib/python3.8/site-packages/airflow/example_dags/tutorial.py took 0.036 seconds
[2024-03-27T01:04:43.157+0000] {processor.py:161} INFO - Started process (PID=8451) to work on /home/airflow/.local/lib/python3.8/site-packages/airflow/example_dags/tutorial.py
[2024-03-27T01:04:43.158+0000] {processor.py:830} INFO - Processing file /home/airflow/.local/lib/python3.8/site-packages/airflow/example_dags/tutorial.py for tasks to queue
[2024-03-27T01:04:43.159+0000] {logging_mixin.py:188} INFO - [2024-03-27T01:04:43.159+0000] {dagbag.py:540} INFO - Filling up the DagBag from /home/airflow/.local/lib/python3.8/site-packages/airflow/example_dags/tutorial.py
[2024-03-27T01:04:43.162+0000] {processor.py:840} INFO - DAG(s) 'tutorial' retrieved from /home/airflow/.local/lib/python3.8/site-packages/airflow/example_dags/tutorial.py
[2024-03-27T01:04:43.172+0000] {logging_mixin.py:188} INFO - [2024-03-27T01:04:43.172+0000] {dag.py:3047} INFO - Sync 1 DAGs
[2024-03-27T01:04:43.183+0000] {logging_mixin.py:188} INFO - [2024-03-27T01:04:43.183+0000] {dag.py:3834} INFO - Setting next_dagrun for tutorial to 2024-03-26 00:00:00+00:00, run_after=2024-03-27 00:00:00+00:00
[2024-03-27T01:04:43.192+0000] {processor.py:183} INFO - Processing /home/airflow/.local/lib/python3.8/site-packages/airflow/example_dags/tutorial.py took 0.037 seconds
[2024-03-27T01:08:48.414+0000] {processor.py:161} INFO - Started process (PID=8506) to work on /home/airflow/.local/lib/python3.8/site-packages/airflow/example_dags/tutorial.py
[2024-03-27T01:08:48.415+0000] {processor.py:830} INFO - Processing file /home/airflow/.local/lib/python3.8/site-packages/airflow/example_dags/tutorial.py for tasks to queue
[2024-03-27T01:08:48.416+0000] {logging_mixin.py:188} INFO - [2024-03-27T01:08:48.416+0000] {dagbag.py:540} INFO - Filling up the DagBag from /home/airflow/.local/lib/python3.8/site-packages/airflow/example_dags/tutorial.py
[2024-03-27T01:08:48.419+0000] {processor.py:840} INFO - DAG(s) 'tutorial' retrieved from /home/airflow/.local/lib/python3.8/site-packages/airflow/example_dags/tutorial.py
[2024-03-27T01:08:48.429+0000] {logging_mixin.py:188} INFO - [2024-03-27T01:08:48.429+0000] {dag.py:3047} INFO - Sync 1 DAGs
[2024-03-27T01:08:48.439+0000] {logging_mixin.py:188} INFO - [2024-03-27T01:08:48.439+0000] {dag.py:3834} INFO - Setting next_dagrun for tutorial to 2024-03-26 00:00:00+00:00, run_after=2024-03-27 00:00:00+00:00
[2024-03-27T01:08:48.448+0000] {processor.py:183} INFO - Processing /home/airflow/.local/lib/python3.8/site-packages/airflow/example_dags/tutorial.py took 0.036 seconds
[2024-03-27T01:13:46.563+0000] {processor.py:161} INFO - Started process (PID=8561) to work on /home/airflow/.local/lib/python3.8/site-packages/airflow/example_dags/tutorial.py
[2024-03-27T01:13:46.565+0000] {processor.py:830} INFO - Processing file /home/airflow/.local/lib/python3.8/site-packages/airflow/example_dags/tutorial.py for tasks to queue
[2024-03-27T01:13:46.568+0000] {logging_mixin.py:188} INFO - [2024-03-27T01:13:46.567+0000] {dagbag.py:540} INFO - Filling up the DagBag from /home/airflow/.local/lib/python3.8/site-packages/airflow/example_dags/tutorial.py
[2024-03-27T01:13:46.577+0000] {processor.py:840} INFO - DAG(s) 'tutorial' retrieved from /home/airflow/.local/lib/python3.8/site-packages/airflow/example_dags/tutorial.py
[2024-03-27T01:13:46.606+0000] {logging_mixin.py:188} INFO - [2024-03-27T01:13:46.606+0000] {dag.py:3047} INFO - Sync 1 DAGs
[2024-03-27T01:13:46.638+0000] {logging_mixin.py:188} INFO - [2024-03-27T01:13:46.637+0000] {dag.py:3834} INFO - Setting next_dagrun for tutorial to 2024-03-26 00:00:00+00:00, run_after=2024-03-27 00:00:00+00:00
[2024-03-27T01:13:46.667+0000] {processor.py:183} INFO - Processing /home/airflow/.local/lib/python3.8/site-packages/airflow/example_dags/tutorial.py took 0.109 seconds
[2024-03-27T01:47:15.355+0000] {processor.py:161} INFO - Started process (PID=8616) to work on /home/airflow/.local/lib/python3.8/site-packages/airflow/example_dags/tutorial.py
[2024-03-27T01:47:15.360+0000] {processor.py:830} INFO - Processing file /home/airflow/.local/lib/python3.8/site-packages/airflow/example_dags/tutorial.py for tasks to queue
[2024-03-27T01:47:15.364+0000] {logging_mixin.py:188} INFO - [2024-03-27T01:47:15.363+0000] {dagbag.py:540} INFO - Filling up the DagBag from /home/airflow/.local/lib/python3.8/site-packages/airflow/example_dags/tutorial.py
[2024-03-27T01:47:15.373+0000] {processor.py:840} INFO - DAG(s) 'tutorial' retrieved from /home/airflow/.local/lib/python3.8/site-packages/airflow/example_dags/tutorial.py
[2024-03-27T01:47:15.417+0000] {logging_mixin.py:188} INFO - [2024-03-27T01:47:15.417+0000] {dag.py:3047} INFO - Sync 1 DAGs
[2024-03-27T01:47:15.459+0000] {logging_mixin.py:188} INFO - [2024-03-27T01:47:15.459+0000] {dag.py:3834} INFO - Setting next_dagrun for tutorial to 2024-03-26 00:00:00+00:00, run_after=2024-03-27 00:00:00+00:00
[2024-03-27T01:47:15.487+0000] {processor.py:183} INFO - Processing /home/airflow/.local/lib/python3.8/site-packages/airflow/example_dags/tutorial.py took 0.139 seconds
[2024-03-27T02:30:28.739+0000] {processor.py:161} INFO - Started process (PID=8671) to work on /home/airflow/.local/lib/python3.8/site-packages/airflow/example_dags/tutorial.py
[2024-03-27T02:30:28.741+0000] {processor.py:830} INFO - Processing file /home/airflow/.local/lib/python3.8/site-packages/airflow/example_dags/tutorial.py for tasks to queue
[2024-03-27T02:30:28.746+0000] {logging_mixin.py:188} INFO - [2024-03-27T02:30:28.745+0000] {dagbag.py:540} INFO - Filling up the DagBag from /home/airflow/.local/lib/python3.8/site-packages/airflow/example_dags/tutorial.py
[2024-03-27T02:30:28.755+0000] {processor.py:840} INFO - DAG(s) 'tutorial' retrieved from /home/airflow/.local/lib/python3.8/site-packages/airflow/example_dags/tutorial.py
[2024-03-27T02:30:28.789+0000] {logging_mixin.py:188} INFO - [2024-03-27T02:30:28.789+0000] {dag.py:3047} INFO - Sync 1 DAGs
[2024-03-27T02:30:28.824+0000] {logging_mixin.py:188} INFO - [2024-03-27T02:30:28.823+0000] {dag.py:3834} INFO - Setting next_dagrun for tutorial to 2024-03-26 00:00:00+00:00, run_after=2024-03-27 00:00:00+00:00
[2024-03-27T02:30:28.859+0000] {processor.py:183} INFO - Processing /home/airflow/.local/lib/python3.8/site-packages/airflow/example_dags/tutorial.py took 0.129 seconds
[2024-03-27T02:31:20.035+0000] {processor.py:161} INFO - Started process (PID=8720) to work on /home/airflow/.local/lib/python3.8/site-packages/airflow/example_dags/tutorial.py
[2024-03-27T02:31:20.036+0000] {processor.py:830} INFO - Processing file /home/airflow/.local/lib/python3.8/site-packages/airflow/example_dags/tutorial.py for tasks to queue
[2024-03-27T02:31:20.037+0000] {logging_mixin.py:188} INFO - [2024-03-27T02:31:20.037+0000] {dagbag.py:540} INFO - Filling up the DagBag from /home/airflow/.local/lib/python3.8/site-packages/airflow/example_dags/tutorial.py
[2024-03-27T02:31:20.041+0000] {processor.py:840} INFO - DAG(s) 'tutorial' retrieved from /home/airflow/.local/lib/python3.8/site-packages/airflow/example_dags/tutorial.py
[2024-03-27T02:31:20.055+0000] {logging_mixin.py:188} INFO - [2024-03-27T02:31:20.055+0000] {dag.py:3047} INFO - Sync 1 DAGs
[2024-03-27T02:31:20.066+0000] {logging_mixin.py:188} INFO - [2024-03-27T02:31:20.065+0000] {dag.py:3834} INFO - Setting next_dagrun for tutorial to 2024-03-26 00:00:00+00:00, run_after=2024-03-27 00:00:00+00:00
[2024-03-27T02:31:20.074+0000] {processor.py:183} INFO - Processing /home/airflow/.local/lib/python3.8/site-packages/airflow/example_dags/tutorial.py took 0.040 seconds
[2024-03-27T02:33:48.488+0000] {processor.py:161} INFO - Started process (PID=8781) to work on /home/airflow/.local/lib/python3.8/site-packages/airflow/example_dags/tutorial.py
[2024-03-27T02:33:48.490+0000] {processor.py:830} INFO - Processing file /home/airflow/.local/lib/python3.8/site-packages/airflow/example_dags/tutorial.py for tasks to queue
[2024-03-27T02:33:48.493+0000] {logging_mixin.py:188} INFO - [2024-03-27T02:33:48.492+0000] {dagbag.py:540} INFO - Filling up the DagBag from /home/airflow/.local/lib/python3.8/site-packages/airflow/example_dags/tutorial.py
[2024-03-27T02:33:48.502+0000] {processor.py:840} INFO - DAG(s) 'tutorial' retrieved from /home/airflow/.local/lib/python3.8/site-packages/airflow/example_dags/tutorial.py
[2024-03-27T02:33:48.532+0000] {logging_mixin.py:188} INFO - [2024-03-27T02:33:48.532+0000] {dag.py:3047} INFO - Sync 1 DAGs
[2024-03-27T02:33:48.567+0000] {logging_mixin.py:188} INFO - [2024-03-27T02:33:48.566+0000] {dag.py:3834} INFO - Setting next_dagrun for tutorial to 2024-03-26 00:00:00+00:00, run_after=2024-03-27 00:00:00+00:00
[2024-03-27T02:33:48.594+0000] {processor.py:183} INFO - Processing /home/airflow/.local/lib/python3.8/site-packages/airflow/example_dags/tutorial.py took 0.113 seconds
[2024-03-27T02:49:00.548+0000] {processor.py:161} INFO - Started process (PID=8836) to work on /home/airflow/.local/lib/python3.8/site-packages/airflow/example_dags/tutorial.py
[2024-03-27T02:49:00.551+0000] {processor.py:830} INFO - Processing file /home/airflow/.local/lib/python3.8/site-packages/airflow/example_dags/tutorial.py for tasks to queue
[2024-03-27T02:49:00.555+0000] {logging_mixin.py:188} INFO - [2024-03-27T02:49:00.555+0000] {dagbag.py:540} INFO - Filling up the DagBag from /home/airflow/.local/lib/python3.8/site-packages/airflow/example_dags/tutorial.py
[2024-03-27T02:49:00.567+0000] {processor.py:840} INFO - DAG(s) 'tutorial' retrieved from /home/airflow/.local/lib/python3.8/site-packages/airflow/example_dags/tutorial.py
[2024-03-27T02:49:00.598+0000] {logging_mixin.py:188} INFO - [2024-03-27T02:49:00.598+0000] {dag.py:3047} INFO - Sync 1 DAGs
[2024-03-27T02:49:00.630+0000] {logging_mixin.py:188} INFO - [2024-03-27T02:49:00.630+0000] {dag.py:3834} INFO - Setting next_dagrun for tutorial to 2024-03-26 00:00:00+00:00, run_after=2024-03-27 00:00:00+00:00
[2024-03-27T02:49:00.666+0000] {processor.py:183} INFO - Processing /home/airflow/.local/lib/python3.8/site-packages/airflow/example_dags/tutorial.py took 0.126 seconds
[2024-03-27T02:49:30.727+0000] {processor.py:161} INFO - Started process (PID=8891) to work on /home/airflow/.local/lib/python3.8/site-packages/airflow/example_dags/tutorial.py
[2024-03-27T02:49:30.727+0000] {processor.py:830} INFO - Processing file /home/airflow/.local/lib/python3.8/site-packages/airflow/example_dags/tutorial.py for tasks to queue
[2024-03-27T02:49:30.728+0000] {logging_mixin.py:188} INFO - [2024-03-27T02:49:30.728+0000] {dagbag.py:540} INFO - Filling up the DagBag from /home/airflow/.local/lib/python3.8/site-packages/airflow/example_dags/tutorial.py
[2024-03-27T02:49:30.734+0000] {processor.py:840} INFO - DAG(s) 'tutorial' retrieved from /home/airflow/.local/lib/python3.8/site-packages/airflow/example_dags/tutorial.py
[2024-03-27T02:49:30.745+0000] {logging_mixin.py:188} INFO - [2024-03-27T02:49:30.745+0000] {dag.py:3047} INFO - Sync 1 DAGs
[2024-03-27T02:49:30.754+0000] {logging_mixin.py:188} INFO - [2024-03-27T02:49:30.754+0000] {dag.py:3834} INFO - Setting next_dagrun for tutorial to 2024-03-26 00:00:00+00:00, run_after=2024-03-27 00:00:00+00:00
[2024-03-27T02:49:30.762+0000] {processor.py:183} INFO - Processing /home/airflow/.local/lib/python3.8/site-packages/airflow/example_dags/tutorial.py took 0.037 seconds
[2024-03-27T02:50:01.513+0000] {processor.py:161} INFO - Started process (PID=8946) to work on /home/airflow/.local/lib/python3.8/site-packages/airflow/example_dags/tutorial.py
[2024-03-27T02:50:01.514+0000] {processor.py:830} INFO - Processing file /home/airflow/.local/lib/python3.8/site-packages/airflow/example_dags/tutorial.py for tasks to queue
[2024-03-27T02:50:01.515+0000] {logging_mixin.py:188} INFO - [2024-03-27T02:50:01.515+0000] {dagbag.py:540} INFO - Filling up the DagBag from /home/airflow/.local/lib/python3.8/site-packages/airflow/example_dags/tutorial.py
[2024-03-27T02:50:01.519+0000] {processor.py:840} INFO - DAG(s) 'tutorial' retrieved from /home/airflow/.local/lib/python3.8/site-packages/airflow/example_dags/tutorial.py
[2024-03-27T02:50:01.531+0000] {logging_mixin.py:188} INFO - [2024-03-27T02:50:01.531+0000] {dag.py:3047} INFO - Sync 1 DAGs
[2024-03-27T02:50:01.544+0000] {logging_mixin.py:188} INFO - [2024-03-27T02:50:01.544+0000] {dag.py:3834} INFO - Setting next_dagrun for tutorial to 2024-03-26 00:00:00+00:00, run_after=2024-03-27 00:00:00+00:00
[2024-03-27T02:50:01.552+0000] {processor.py:183} INFO - Processing /home/airflow/.local/lib/python3.8/site-packages/airflow/example_dags/tutorial.py took 0.042 seconds
[2024-03-27T02:50:32.240+0000] {processor.py:161} INFO - Started process (PID=9001) to work on /home/airflow/.local/lib/python3.8/site-packages/airflow/example_dags/tutorial.py
[2024-03-27T02:50:32.240+0000] {processor.py:830} INFO - Processing file /home/airflow/.local/lib/python3.8/site-packages/airflow/example_dags/tutorial.py for tasks to queue
[2024-03-27T02:50:32.242+0000] {logging_mixin.py:188} INFO - [2024-03-27T02:50:32.241+0000] {dagbag.py:540} INFO - Filling up the DagBag from /home/airflow/.local/lib/python3.8/site-packages/airflow/example_dags/tutorial.py
[2024-03-27T02:50:32.245+0000] {processor.py:840} INFO - DAG(s) 'tutorial' retrieved from /home/airflow/.local/lib/python3.8/site-packages/airflow/example_dags/tutorial.py
[2024-03-27T02:50:32.254+0000] {logging_mixin.py:188} INFO - [2024-03-27T02:50:32.254+0000] {dag.py:3047} INFO - Sync 1 DAGs
[2024-03-27T02:50:32.332+0000] {logging_mixin.py:188} INFO - [2024-03-27T02:50:32.332+0000] {dag.py:3834} INFO - Setting next_dagrun for tutorial to 2024-03-26 00:00:00+00:00, run_after=2024-03-27 00:00:00+00:00
[2024-03-27T02:50:32.339+0000] {processor.py:183} INFO - Processing /home/airflow/.local/lib/python3.8/site-packages/airflow/example_dags/tutorial.py took 0.102 seconds
[2024-03-27T18:16:30.498+0000] {processor.py:161} INFO - Started process (PID=35) to work on /home/airflow/.local/lib/python3.8/site-packages/airflow/example_dags/tutorial.py
[2024-03-27T18:16:30.500+0000] {processor.py:830} INFO - Processing file /home/airflow/.local/lib/python3.8/site-packages/airflow/example_dags/tutorial.py for tasks to queue
[2024-03-27T18:16:30.502+0000] {logging_mixin.py:188} INFO - [2024-03-27T18:16:30.502+0000] {dagbag.py:540} INFO - Filling up the DagBag from /home/airflow/.local/lib/python3.8/site-packages/airflow/example_dags/tutorial.py
[2024-03-27T18:16:30.514+0000] {processor.py:840} INFO - DAG(s) 'tutorial' retrieved from /home/airflow/.local/lib/python3.8/site-packages/airflow/example_dags/tutorial.py
[2024-03-27T18:16:30.538+0000] {logging_mixin.py:188} INFO - [2024-03-27T18:16:30.538+0000] {dag.py:3047} INFO - Sync 1 DAGs
[2024-03-27T18:16:30.557+0000] {logging_mixin.py:188} INFO - [2024-03-27T18:16:30.556+0000] {dag.py:3834} INFO - Setting next_dagrun for tutorial to 2024-03-26 00:00:00+00:00, run_after=2024-03-27 00:00:00+00:00
[2024-03-27T18:16:30.571+0000] {processor.py:183} INFO - Processing /home/airflow/.local/lib/python3.8/site-packages/airflow/example_dags/tutorial.py took 0.076 seconds
