[2024-03-29T16:56:03.160+0000] {processor.py:161} INFO - Started process (PID=36) to work on /opt/airflow/dags/example.py
[2024-03-29T16:56:03.161+0000] {processor.py:830} INFO - Processing file /opt/airflow/dags/example.py for tasks to queue
[2024-03-29T16:56:03.165+0000] {logging_mixin.py:188} INFO - [2024-03-29T16:56:03.165+0000] {dagbag.py:540} INFO - Filling up the DagBag from /opt/airflow/dags/example.py
[2024-03-29T16:56:03.207+0000] {processor.py:840} INFO - DAG(s) 'sandbox' retrieved from /opt/airflow/dags/example.py
[2024-03-29T16:56:03.322+0000] {logging_mixin.py:188} INFO - [2024-03-29T16:56:03.322+0000] {dag.py:3047} INFO - Sync 1 DAGs
[2024-03-29T16:56:03.335+0000] {logging_mixin.py:188} INFO - [2024-03-29T16:56:03.335+0000] {dag.py:3834} INFO - Setting next_dagrun for sandbox to 2024-03-29 00:00:00+00:00, run_after=2024-03-30 00:00:00+00:00
[2024-03-29T16:56:03.345+0000] {processor.py:183} INFO - Processing /opt/airflow/dags/example.py took 0.189 seconds
[2024-03-29T16:56:33.501+0000] {processor.py:161} INFO - Started process (PID=44) to work on /opt/airflow/dags/example.py
[2024-03-29T16:56:33.502+0000] {processor.py:830} INFO - Processing file /opt/airflow/dags/example.py for tasks to queue
[2024-03-29T16:56:33.505+0000] {logging_mixin.py:188} INFO - [2024-03-29T16:56:33.505+0000] {dagbag.py:540} INFO - Filling up the DagBag from /opt/airflow/dags/example.py
[2024-03-29T16:56:33.539+0000] {processor.py:840} INFO - DAG(s) 'sandbox' retrieved from /opt/airflow/dags/example.py
[2024-03-29T16:56:33.558+0000] {logging_mixin.py:188} INFO - [2024-03-29T16:56:33.558+0000] {dag.py:3047} INFO - Sync 1 DAGs
[2024-03-29T16:56:33.571+0000] {logging_mixin.py:188} INFO - [2024-03-29T16:56:33.571+0000] {dag.py:3834} INFO - Setting next_dagrun for sandbox to 2024-03-29 00:00:00+00:00, run_after=2024-03-30 00:00:00+00:00
[2024-03-29T16:56:33.579+0000] {processor.py:183} INFO - Processing /opt/airflow/dags/example.py took 0.083 seconds
[2024-03-29T16:57:03.837+0000] {processor.py:161} INFO - Started process (PID=52) to work on /opt/airflow/dags/example.py
[2024-03-29T16:57:03.838+0000] {processor.py:830} INFO - Processing file /opt/airflow/dags/example.py for tasks to queue
[2024-03-29T16:57:03.840+0000] {logging_mixin.py:188} INFO - [2024-03-29T16:57:03.840+0000] {dagbag.py:540} INFO - Filling up the DagBag from /opt/airflow/dags/example.py
[2024-03-29T16:57:03.860+0000] {processor.py:840} INFO - DAG(s) 'sandbox' retrieved from /opt/airflow/dags/example.py
[2024-03-29T16:57:03.878+0000] {logging_mixin.py:188} INFO - [2024-03-29T16:57:03.878+0000] {dag.py:3047} INFO - Sync 1 DAGs
[2024-03-29T16:57:03.893+0000] {logging_mixin.py:188} INFO - [2024-03-29T16:57:03.892+0000] {dag.py:3834} INFO - Setting next_dagrun for sandbox to 2024-03-29 00:00:00+00:00, run_after=2024-03-30 00:00:00+00:00
[2024-03-29T16:57:03.901+0000] {processor.py:183} INFO - Processing /opt/airflow/dags/example.py took 0.069 seconds
[2024-03-29T16:57:29.168+0000] {processor.py:161} INFO - Started process (PID=59) to work on /opt/airflow/dags/example.py
[2024-03-29T16:57:29.174+0000] {processor.py:830} INFO - Processing file /opt/airflow/dags/example.py for tasks to queue
[2024-03-29T16:57:29.179+0000] {logging_mixin.py:188} INFO - [2024-03-29T16:57:29.179+0000] {dagbag.py:540} INFO - Filling up the DagBag from /opt/airflow/dags/example.py
[2024-03-29T16:57:29.231+0000] {processor.py:840} INFO - DAG(s) 'master_dag' retrieved from /opt/airflow/dags/example.py
[2024-03-29T16:57:29.419+0000] {logging_mixin.py:188} INFO - [2024-03-29T16:57:29.418+0000] {override.py:1769} INFO - Created Permission View: can read on DAG:master_dag
[2024-03-29T16:57:29.426+0000] {logging_mixin.py:188} INFO - [2024-03-29T16:57:29.426+0000] {override.py:1769} INFO - Created Permission View: can edit on DAG:master_dag
[2024-03-29T16:57:29.432+0000] {logging_mixin.py:188} INFO - [2024-03-29T16:57:29.432+0000] {override.py:1769} INFO - Created Permission View: can delete on DAG:master_dag
[2024-03-29T16:57:29.433+0000] {logging_mixin.py:188} INFO - [2024-03-29T16:57:29.433+0000] {dag.py:3047} INFO - Sync 1 DAGs
[2024-03-29T16:57:29.445+0000] {logging_mixin.py:188} INFO - [2024-03-29T16:57:29.444+0000] {dag.py:3069} INFO - Creating ORM DAG for master_dag
[2024-03-29T16:57:29.463+0000] {logging_mixin.py:188} INFO - [2024-03-29T16:57:29.463+0000] {dag.py:3834} INFO - Setting next_dagrun for master_dag to 2024-03-29 00:00:00+00:00, run_after=2024-03-30 00:00:00+00:00
[2024-03-29T16:57:29.486+0000] {processor.py:183} INFO - Processing /opt/airflow/dags/example.py took 0.322 seconds
[2024-03-29T16:57:59.530+0000] {processor.py:161} INFO - Started process (PID=67) to work on /opt/airflow/dags/example.py
[2024-03-29T16:57:59.532+0000] {processor.py:830} INFO - Processing file /opt/airflow/dags/example.py for tasks to queue
[2024-03-29T16:57:59.535+0000] {logging_mixin.py:188} INFO - [2024-03-29T16:57:59.535+0000] {dagbag.py:540} INFO - Filling up the DagBag from /opt/airflow/dags/example.py
[2024-03-29T16:57:59.569+0000] {processor.py:840} INFO - DAG(s) 'master_dag' retrieved from /opt/airflow/dags/example.py
[2024-03-29T16:57:59.593+0000] {logging_mixin.py:188} INFO - [2024-03-29T16:57:59.593+0000] {dag.py:3047} INFO - Sync 1 DAGs
[2024-03-29T16:57:59.609+0000] {logging_mixin.py:188} INFO - [2024-03-29T16:57:59.609+0000] {dag.py:3834} INFO - Setting next_dagrun for master_dag to 2024-03-29 00:00:00+00:00, run_after=2024-03-30 00:00:00+00:00
[2024-03-29T16:57:59.620+0000] {processor.py:183} INFO - Processing /opt/airflow/dags/example.py took 0.095 seconds
[2024-03-29T16:59:03.196+0000] {processor.py:161} INFO - Started process (PID=35) to work on /opt/airflow/dags/example.py
[2024-03-29T16:59:03.198+0000] {processor.py:830} INFO - Processing file /opt/airflow/dags/example.py for tasks to queue
[2024-03-29T16:59:03.202+0000] {logging_mixin.py:188} INFO - [2024-03-29T16:59:03.202+0000] {dagbag.py:540} INFO - Filling up the DagBag from /opt/airflow/dags/example.py
[2024-03-29T16:59:03.231+0000] {processor.py:840} INFO - DAG(s) 'master_dag' retrieved from /opt/airflow/dags/example.py
[2024-03-29T16:59:03.357+0000] {logging_mixin.py:188} INFO - [2024-03-29T16:59:03.357+0000] {dag.py:3047} INFO - Sync 1 DAGs
[2024-03-29T16:59:03.371+0000] {logging_mixin.py:188} INFO - [2024-03-29T16:59:03.371+0000] {dag.py:3834} INFO - Setting next_dagrun for master_dag to 2024-03-29 00:00:00+00:00, run_after=2024-03-30 00:00:00+00:00
[2024-03-29T16:59:03.384+0000] {processor.py:183} INFO - Processing /opt/airflow/dags/example.py took 0.192 seconds
[2024-03-29T16:59:33.620+0000] {processor.py:161} INFO - Started process (PID=43) to work on /opt/airflow/dags/example.py
[2024-03-29T16:59:33.621+0000] {processor.py:830} INFO - Processing file /opt/airflow/dags/example.py for tasks to queue
[2024-03-29T16:59:33.624+0000] {logging_mixin.py:188} INFO - [2024-03-29T16:59:33.624+0000] {dagbag.py:540} INFO - Filling up the DagBag from /opt/airflow/dags/example.py
[2024-03-29T16:59:33.654+0000] {processor.py:840} INFO - DAG(s) 'master_dag' retrieved from /opt/airflow/dags/example.py
[2024-03-29T16:59:33.678+0000] {logging_mixin.py:188} INFO - [2024-03-29T16:59:33.678+0000] {dag.py:3047} INFO - Sync 1 DAGs
[2024-03-29T16:59:33.691+0000] {logging_mixin.py:188} INFO - [2024-03-29T16:59:33.691+0000] {dag.py:3834} INFO - Setting next_dagrun for master_dag to 2024-03-29 00:00:00+00:00, run_after=2024-03-30 00:00:00+00:00
[2024-03-29T16:59:33.699+0000] {processor.py:183} INFO - Processing /opt/airflow/dags/example.py took 0.083 seconds
[2024-03-29T17:00:03.965+0000] {processor.py:161} INFO - Started process (PID=51) to work on /opt/airflow/dags/example.py
[2024-03-29T17:00:03.967+0000] {processor.py:830} INFO - Processing file /opt/airflow/dags/example.py for tasks to queue
[2024-03-29T17:00:03.970+0000] {logging_mixin.py:188} INFO - [2024-03-29T17:00:03.969+0000] {dagbag.py:540} INFO - Filling up the DagBag from /opt/airflow/dags/example.py
[2024-03-29T17:00:03.995+0000] {processor.py:840} INFO - DAG(s) 'master_dag' retrieved from /opt/airflow/dags/example.py
[2024-03-29T17:00:04.022+0000] {logging_mixin.py:188} INFO - [2024-03-29T17:00:04.022+0000] {dag.py:3047} INFO - Sync 1 DAGs
[2024-03-29T17:00:04.036+0000] {logging_mixin.py:188} INFO - [2024-03-29T17:00:04.036+0000] {dag.py:3834} INFO - Setting next_dagrun for master_dag to 2024-03-29 00:00:00+00:00, run_after=2024-03-30 00:00:00+00:00
[2024-03-29T17:00:04.047+0000] {processor.py:183} INFO - Processing /opt/airflow/dags/example.py took 0.088 seconds
[2024-03-29T17:00:34.314+0000] {processor.py:161} INFO - Started process (PID=58) to work on /opt/airflow/dags/example.py
[2024-03-29T17:00:34.322+0000] {processor.py:830} INFO - Processing file /opt/airflow/dags/example.py for tasks to queue
[2024-03-29T17:00:34.332+0000] {logging_mixin.py:188} INFO - [2024-03-29T17:00:34.331+0000] {dagbag.py:540} INFO - Filling up the DagBag from /opt/airflow/dags/example.py
[2024-03-29T17:00:34.372+0000] {processor.py:840} INFO - DAG(s) 'master_dag' retrieved from /opt/airflow/dags/example.py
[2024-03-29T17:00:34.404+0000] {logging_mixin.py:188} INFO - [2024-03-29T17:00:34.403+0000] {dag.py:3047} INFO - Sync 1 DAGs
[2024-03-29T17:00:34.418+0000] {logging_mixin.py:188} INFO - [2024-03-29T17:00:34.417+0000] {dag.py:3834} INFO - Setting next_dagrun for master_dag to 2024-03-29 00:00:00+00:00, run_after=2024-03-30 00:00:00+00:00
[2024-03-29T17:00:34.430+0000] {processor.py:183} INFO - Processing /opt/airflow/dags/example.py took 0.124 seconds
[2024-03-29T17:00:38.476+0000] {processor.py:161} INFO - Started process (PID=60) to work on /opt/airflow/dags/example.py
[2024-03-29T17:00:38.479+0000] {processor.py:830} INFO - Processing file /opt/airflow/dags/example.py for tasks to queue
[2024-03-29T17:00:38.482+0000] {logging_mixin.py:188} INFO - [2024-03-29T17:00:38.482+0000] {dagbag.py:540} INFO - Filling up the DagBag from /opt/airflow/dags/example.py
[2024-03-29T17:00:38.529+0000] {processor.py:840} INFO - DAG(s) 'master_dag' retrieved from /opt/airflow/dags/example.py
[2024-03-29T17:00:38.633+0000] {logging_mixin.py:188} INFO - [2024-03-29T17:00:38.633+0000] {dag.py:3047} INFO - Sync 1 DAGs
[2024-03-29T17:00:38.646+0000] {logging_mixin.py:188} INFO - [2024-03-29T17:00:38.646+0000] {dag.py:3834} INFO - Setting next_dagrun for master_dag to 2024-03-29 00:00:00+00:00, run_after=2024-03-30 00:00:00+00:00
[2024-03-29T17:00:38.663+0000] {processor.py:183} INFO - Processing /opt/airflow/dags/example.py took 0.193 seconds
[2024-03-29T17:01:08.811+0000] {processor.py:161} INFO - Started process (PID=67) to work on /opt/airflow/dags/example.py
[2024-03-29T17:01:08.814+0000] {processor.py:830} INFO - Processing file /opt/airflow/dags/example.py for tasks to queue
[2024-03-29T17:01:08.816+0000] {logging_mixin.py:188} INFO - [2024-03-29T17:01:08.815+0000] {dagbag.py:540} INFO - Filling up the DagBag from /opt/airflow/dags/example.py
[2024-03-29T17:01:08.848+0000] {processor.py:840} INFO - DAG(s) 'master_dag' retrieved from /opt/airflow/dags/example.py
[2024-03-29T17:01:08.879+0000] {logging_mixin.py:188} INFO - [2024-03-29T17:01:08.879+0000] {dag.py:3047} INFO - Sync 1 DAGs
[2024-03-29T17:01:08.897+0000] {logging_mixin.py:188} INFO - [2024-03-29T17:01:08.897+0000] {dag.py:3834} INFO - Setting next_dagrun for master_dag to 2024-03-29 00:00:00+00:00, run_after=2024-03-30 00:00:00+00:00
[2024-03-29T17:01:08.907+0000] {processor.py:183} INFO - Processing /opt/airflow/dags/example.py took 0.100 seconds
[2024-03-29T17:02:12.096+0000] {processor.py:161} INFO - Started process (PID=35) to work on /opt/airflow/dags/example.py
[2024-03-29T17:02:12.098+0000] {processor.py:830} INFO - Processing file /opt/airflow/dags/example.py for tasks to queue
[2024-03-29T17:02:12.100+0000] {logging_mixin.py:188} INFO - [2024-03-29T17:02:12.100+0000] {dagbag.py:540} INFO - Filling up the DagBag from /opt/airflow/dags/example.py
[2024-03-29T17:02:12.140+0000] {processor.py:840} INFO - DAG(s) 'master_dag' retrieved from /opt/airflow/dags/example.py
[2024-03-29T17:02:12.257+0000] {logging_mixin.py:188} INFO - [2024-03-29T17:02:12.257+0000] {dag.py:3047} INFO - Sync 1 DAGs
[2024-03-29T17:02:12.271+0000] {logging_mixin.py:188} INFO - [2024-03-29T17:02:12.271+0000] {dag.py:3834} INFO - Setting next_dagrun for master_dag to 2024-03-29 00:00:00+00:00, run_after=2024-03-30 00:00:00+00:00
[2024-03-29T17:02:12.282+0000] {processor.py:183} INFO - Processing /opt/airflow/dags/example.py took 0.190 seconds
[2024-03-29T17:02:42.452+0000] {processor.py:161} INFO - Started process (PID=43) to work on /opt/airflow/dags/example.py
[2024-03-29T17:02:42.459+0000] {processor.py:830} INFO - Processing file /opt/airflow/dags/example.py for tasks to queue
[2024-03-29T17:02:42.469+0000] {logging_mixin.py:188} INFO - [2024-03-29T17:02:42.468+0000] {dagbag.py:540} INFO - Filling up the DagBag from /opt/airflow/dags/example.py
[2024-03-29T17:02:42.500+0000] {processor.py:840} INFO - DAG(s) 'master_dag' retrieved from /opt/airflow/dags/example.py
[2024-03-29T17:02:42.539+0000] {logging_mixin.py:188} INFO - [2024-03-29T17:02:42.538+0000] {dag.py:3047} INFO - Sync 1 DAGs
[2024-03-29T17:02:42.558+0000] {logging_mixin.py:188} INFO - [2024-03-29T17:02:42.557+0000] {dag.py:3834} INFO - Setting next_dagrun for master_dag to 2024-03-29 00:00:00+00:00, run_after=2024-03-30 00:00:00+00:00
[2024-03-29T17:02:42.567+0000] {processor.py:183} INFO - Processing /opt/airflow/dags/example.py took 0.141 seconds
[2024-03-29T17:03:12.756+0000] {processor.py:161} INFO - Started process (PID=51) to work on /opt/airflow/dags/example.py
[2024-03-29T17:03:12.758+0000] {processor.py:830} INFO - Processing file /opt/airflow/dags/example.py for tasks to queue
[2024-03-29T17:03:12.761+0000] {logging_mixin.py:188} INFO - [2024-03-29T17:03:12.760+0000] {dagbag.py:540} INFO - Filling up the DagBag from /opt/airflow/dags/example.py
[2024-03-29T17:03:12.780+0000] {processor.py:840} INFO - DAG(s) 'master_dag' retrieved from /opt/airflow/dags/example.py
[2024-03-29T17:03:12.800+0000] {logging_mixin.py:188} INFO - [2024-03-29T17:03:12.800+0000] {dag.py:3047} INFO - Sync 1 DAGs
[2024-03-29T17:03:12.814+0000] {logging_mixin.py:188} INFO - [2024-03-29T17:03:12.814+0000] {dag.py:3834} INFO - Setting next_dagrun for master_dag to 2024-03-29 00:00:00+00:00, run_after=2024-03-30 00:00:00+00:00
[2024-03-29T17:03:12.823+0000] {processor.py:183} INFO - Processing /opt/airflow/dags/example.py took 0.071 seconds
[2024-03-29T17:03:43.045+0000] {processor.py:161} INFO - Started process (PID=59) to work on /opt/airflow/dags/example.py
[2024-03-29T17:03:43.047+0000] {processor.py:830} INFO - Processing file /opt/airflow/dags/example.py for tasks to queue
[2024-03-29T17:03:43.049+0000] {logging_mixin.py:188} INFO - [2024-03-29T17:03:43.049+0000] {dagbag.py:540} INFO - Filling up the DagBag from /opt/airflow/dags/example.py
[2024-03-29T17:03:43.065+0000] {processor.py:840} INFO - DAG(s) 'master_dag' retrieved from /opt/airflow/dags/example.py
[2024-03-29T17:03:43.083+0000] {logging_mixin.py:188} INFO - [2024-03-29T17:03:43.083+0000] {dag.py:3047} INFO - Sync 1 DAGs
[2024-03-29T17:03:43.113+0000] {logging_mixin.py:188} INFO - [2024-03-29T17:03:43.113+0000] {dag.py:3834} INFO - Setting next_dagrun for master_dag to 2024-03-29 00:00:00+00:00, run_after=2024-03-30 00:00:00+00:00
[2024-03-29T17:03:43.123+0000] {processor.py:183} INFO - Processing /opt/airflow/dags/example.py took 0.082 seconds
[2024-03-29T17:04:13.321+0000] {processor.py:161} INFO - Started process (PID=67) to work on /opt/airflow/dags/example.py
[2024-03-29T17:04:13.325+0000] {processor.py:830} INFO - Processing file /opt/airflow/dags/example.py for tasks to queue
[2024-03-29T17:04:13.334+0000] {logging_mixin.py:188} INFO - [2024-03-29T17:04:13.334+0000] {dagbag.py:540} INFO - Filling up the DagBag from /opt/airflow/dags/example.py
[2024-03-29T17:04:13.354+0000] {processor.py:840} INFO - DAG(s) 'master_dag' retrieved from /opt/airflow/dags/example.py
[2024-03-29T17:04:13.375+0000] {logging_mixin.py:188} INFO - [2024-03-29T17:04:13.375+0000] {dag.py:3047} INFO - Sync 1 DAGs
[2024-03-29T17:04:13.393+0000] {logging_mixin.py:188} INFO - [2024-03-29T17:04:13.393+0000] {dag.py:3834} INFO - Setting next_dagrun for master_dag to 2024-03-29 00:00:00+00:00, run_after=2024-03-30 00:00:00+00:00
[2024-03-29T17:04:13.402+0000] {processor.py:183} INFO - Processing /opt/airflow/dags/example.py took 0.090 seconds
[2024-03-29T17:04:43.658+0000] {processor.py:161} INFO - Started process (PID=75) to work on /opt/airflow/dags/example.py
[2024-03-29T17:04:43.660+0000] {processor.py:830} INFO - Processing file /opt/airflow/dags/example.py for tasks to queue
[2024-03-29T17:04:43.663+0000] {logging_mixin.py:188} INFO - [2024-03-29T17:04:43.663+0000] {dagbag.py:540} INFO - Filling up the DagBag from /opt/airflow/dags/example.py
[2024-03-29T17:04:43.680+0000] {processor.py:840} INFO - DAG(s) 'master_dag' retrieved from /opt/airflow/dags/example.py
[2024-03-29T17:04:43.714+0000] {logging_mixin.py:188} INFO - [2024-03-29T17:04:43.714+0000] {dag.py:3047} INFO - Sync 1 DAGs
[2024-03-29T17:04:43.730+0000] {logging_mixin.py:188} INFO - [2024-03-29T17:04:43.730+0000] {dag.py:3834} INFO - Setting next_dagrun for master_dag to 2024-03-29 00:00:00+00:00, run_after=2024-03-30 00:00:00+00:00
[2024-03-29T17:04:43.739+0000] {processor.py:183} INFO - Processing /opt/airflow/dags/example.py took 0.088 seconds
[2024-03-29T17:05:13.957+0000] {processor.py:161} INFO - Started process (PID=83) to work on /opt/airflow/dags/example.py
[2024-03-29T17:05:13.960+0000] {processor.py:830} INFO - Processing file /opt/airflow/dags/example.py for tasks to queue
[2024-03-29T17:05:13.962+0000] {logging_mixin.py:188} INFO - [2024-03-29T17:05:13.962+0000] {dagbag.py:540} INFO - Filling up the DagBag from /opt/airflow/dags/example.py
[2024-03-29T17:05:13.977+0000] {processor.py:840} INFO - DAG(s) 'master_dag' retrieved from /opt/airflow/dags/example.py
[2024-03-29T17:05:13.994+0000] {logging_mixin.py:188} INFO - [2024-03-29T17:05:13.994+0000] {dag.py:3047} INFO - Sync 1 DAGs
[2024-03-29T17:05:14.022+0000] {logging_mixin.py:188} INFO - [2024-03-29T17:05:14.021+0000] {dag.py:3834} INFO - Setting next_dagrun for master_dag to 2024-03-29 00:00:00+00:00, run_after=2024-03-30 00:00:00+00:00
[2024-03-29T17:05:14.034+0000] {processor.py:183} INFO - Processing /opt/airflow/dags/example.py took 0.081 seconds
[2024-03-29T17:05:44.231+0000] {processor.py:161} INFO - Started process (PID=91) to work on /opt/airflow/dags/example.py
[2024-03-29T17:05:44.232+0000] {processor.py:830} INFO - Processing file /opt/airflow/dags/example.py for tasks to queue
[2024-03-29T17:05:44.235+0000] {logging_mixin.py:188} INFO - [2024-03-29T17:05:44.235+0000] {dagbag.py:540} INFO - Filling up the DagBag from /opt/airflow/dags/example.py
[2024-03-29T17:05:44.251+0000] {processor.py:840} INFO - DAG(s) 'master_dag' retrieved from /opt/airflow/dags/example.py
[2024-03-29T17:05:44.268+0000] {logging_mixin.py:188} INFO - [2024-03-29T17:05:44.268+0000] {dag.py:3047} INFO - Sync 1 DAGs
[2024-03-29T17:05:44.290+0000] {logging_mixin.py:188} INFO - [2024-03-29T17:05:44.290+0000] {dag.py:3834} INFO - Setting next_dagrun for master_dag to 2024-03-29 00:00:00+00:00, run_after=2024-03-30 00:00:00+00:00
[2024-03-29T17:05:44.299+0000] {processor.py:183} INFO - Processing /opt/airflow/dags/example.py took 0.073 seconds
[2024-03-29T17:06:14.568+0000] {processor.py:161} INFO - Started process (PID=98) to work on /opt/airflow/dags/example.py
[2024-03-29T17:06:14.572+0000] {processor.py:830} INFO - Processing file /opt/airflow/dags/example.py for tasks to queue
[2024-03-29T17:06:14.576+0000] {logging_mixin.py:188} INFO - [2024-03-29T17:06:14.575+0000] {dagbag.py:540} INFO - Filling up the DagBag from /opt/airflow/dags/example.py
[2024-03-29T17:06:14.620+0000] {processor.py:840} INFO - DAG(s) 'master_dag' retrieved from /opt/airflow/dags/example.py
[2024-03-29T17:06:14.641+0000] {logging_mixin.py:188} INFO - [2024-03-29T17:06:14.641+0000] {dag.py:3047} INFO - Sync 1 DAGs
[2024-03-29T17:06:14.658+0000] {logging_mixin.py:188} INFO - [2024-03-29T17:06:14.658+0000] {dag.py:3834} INFO - Setting next_dagrun for master_dag to 2024-03-29 00:00:00+00:00, run_after=2024-03-30 00:00:00+00:00
[2024-03-29T17:06:14.671+0000] {processor.py:183} INFO - Processing /opt/airflow/dags/example.py took 0.110 seconds
[2024-03-29T17:06:44.941+0000] {processor.py:161} INFO - Started process (PID=106) to work on /opt/airflow/dags/example.py
[2024-03-29T17:06:44.949+0000] {processor.py:830} INFO - Processing file /opt/airflow/dags/example.py for tasks to queue
[2024-03-29T17:06:44.956+0000] {logging_mixin.py:188} INFO - [2024-03-29T17:06:44.955+0000] {dagbag.py:540} INFO - Filling up the DagBag from /opt/airflow/dags/example.py
[2024-03-29T17:06:44.989+0000] {processor.py:840} INFO - DAG(s) 'master_dag' retrieved from /opt/airflow/dags/example.py
[2024-03-29T17:06:45.011+0000] {logging_mixin.py:188} INFO - [2024-03-29T17:06:45.011+0000] {dag.py:3047} INFO - Sync 1 DAGs
[2024-03-29T17:06:45.035+0000] {logging_mixin.py:188} INFO - [2024-03-29T17:06:45.034+0000] {dag.py:3834} INFO - Setting next_dagrun for master_dag to 2024-03-29 00:00:00+00:00, run_after=2024-03-30 00:00:00+00:00
[2024-03-29T17:06:45.049+0000] {processor.py:183} INFO - Processing /opt/airflow/dags/example.py took 0.124 seconds
[2024-03-29T17:07:15.471+0000] {processor.py:161} INFO - Started process (PID=113) to work on /opt/airflow/dags/example.py
[2024-03-29T17:07:15.473+0000] {processor.py:830} INFO - Processing file /opt/airflow/dags/example.py for tasks to queue
[2024-03-29T17:07:15.478+0000] {logging_mixin.py:188} INFO - [2024-03-29T17:07:15.477+0000] {dagbag.py:540} INFO - Filling up the DagBag from /opt/airflow/dags/example.py
[2024-03-29T17:07:15.509+0000] {processor.py:840} INFO - DAG(s) 'master_dag' retrieved from /opt/airflow/dags/example.py
[2024-03-29T17:07:15.527+0000] {logging_mixin.py:188} INFO - [2024-03-29T17:07:15.527+0000] {dag.py:3047} INFO - Sync 1 DAGs
[2024-03-29T17:07:15.540+0000] {logging_mixin.py:188} INFO - [2024-03-29T17:07:15.540+0000] {dag.py:3834} INFO - Setting next_dagrun for master_dag to 2024-03-29 00:00:00+00:00, run_after=2024-03-30 00:00:00+00:00
[2024-03-29T17:07:15.548+0000] {processor.py:183} INFO - Processing /opt/airflow/dags/example.py took 0.088 seconds
[2024-03-29T17:07:45.891+0000] {processor.py:161} INFO - Started process (PID=121) to work on /opt/airflow/dags/example.py
[2024-03-29T17:07:45.894+0000] {processor.py:830} INFO - Processing file /opt/airflow/dags/example.py for tasks to queue
[2024-03-29T17:07:45.899+0000] {logging_mixin.py:188} INFO - [2024-03-29T17:07:45.898+0000] {dagbag.py:540} INFO - Filling up the DagBag from /opt/airflow/dags/example.py
[2024-03-29T17:07:45.958+0000] {processor.py:840} INFO - DAG(s) 'master_dag' retrieved from /opt/airflow/dags/example.py
[2024-03-29T17:07:45.976+0000] {logging_mixin.py:188} INFO - [2024-03-29T17:07:45.976+0000] {dag.py:3047} INFO - Sync 1 DAGs
[2024-03-29T17:07:45.989+0000] {logging_mixin.py:188} INFO - [2024-03-29T17:07:45.989+0000] {dag.py:3834} INFO - Setting next_dagrun for master_dag to 2024-03-29 00:00:00+00:00, run_after=2024-03-30 00:00:00+00:00
[2024-03-29T17:07:45.997+0000] {processor.py:183} INFO - Processing /opt/airflow/dags/example.py took 0.118 seconds
[2024-03-29T17:08:16.337+0000] {processor.py:161} INFO - Started process (PID=129) to work on /opt/airflow/dags/example.py
[2024-03-29T17:08:16.341+0000] {processor.py:830} INFO - Processing file /opt/airflow/dags/example.py for tasks to queue
[2024-03-29T17:08:16.351+0000] {logging_mixin.py:188} INFO - [2024-03-29T17:08:16.350+0000] {dagbag.py:540} INFO - Filling up the DagBag from /opt/airflow/dags/example.py
[2024-03-29T17:08:16.379+0000] {processor.py:840} INFO - DAG(s) 'master_dag' retrieved from /opt/airflow/dags/example.py
[2024-03-29T17:08:16.398+0000] {logging_mixin.py:188} INFO - [2024-03-29T17:08:16.397+0000] {dag.py:3047} INFO - Sync 1 DAGs
[2024-03-29T17:08:16.418+0000] {logging_mixin.py:188} INFO - [2024-03-29T17:08:16.418+0000] {dag.py:3834} INFO - Setting next_dagrun for master_dag to 2024-03-29 00:00:00+00:00, run_after=2024-03-30 00:00:00+00:00
[2024-03-29T17:08:16.427+0000] {processor.py:183} INFO - Processing /opt/airflow/dags/example.py took 0.108 seconds
[2024-03-29T17:08:46.776+0000] {processor.py:161} INFO - Started process (PID=137) to work on /opt/airflow/dags/example.py
[2024-03-29T17:08:46.781+0000] {processor.py:830} INFO - Processing file /opt/airflow/dags/example.py for tasks to queue
[2024-03-29T17:08:46.791+0000] {logging_mixin.py:188} INFO - [2024-03-29T17:08:46.785+0000] {dagbag.py:540} INFO - Filling up the DagBag from /opt/airflow/dags/example.py
[2024-03-29T17:08:46.836+0000] {processor.py:840} INFO - DAG(s) 'master_dag' retrieved from /opt/airflow/dags/example.py
[2024-03-29T17:08:46.881+0000] {logging_mixin.py:188} INFO - [2024-03-29T17:08:46.880+0000] {dag.py:3047} INFO - Sync 1 DAGs
[2024-03-29T17:08:46.900+0000] {logging_mixin.py:188} INFO - [2024-03-29T17:08:46.899+0000] {dag.py:3834} INFO - Setting next_dagrun for master_dag to 2024-03-29 00:00:00+00:00, run_after=2024-03-30 00:00:00+00:00
[2024-03-29T17:08:46.909+0000] {processor.py:183} INFO - Processing /opt/airflow/dags/example.py took 0.155 seconds
[2024-03-29T17:09:17.183+0000] {processor.py:161} INFO - Started process (PID=145) to work on /opt/airflow/dags/example.py
[2024-03-29T17:09:17.186+0000] {processor.py:830} INFO - Processing file /opt/airflow/dags/example.py for tasks to queue
[2024-03-29T17:09:17.194+0000] {logging_mixin.py:188} INFO - [2024-03-29T17:09:17.193+0000] {dagbag.py:540} INFO - Filling up the DagBag from /opt/airflow/dags/example.py
[2024-03-29T17:09:17.224+0000] {processor.py:840} INFO - DAG(s) 'master_dag' retrieved from /opt/airflow/dags/example.py
[2024-03-29T17:09:17.241+0000] {logging_mixin.py:188} INFO - [2024-03-29T17:09:17.241+0000] {dag.py:3047} INFO - Sync 1 DAGs
[2024-03-29T17:09:17.252+0000] {logging_mixin.py:188} INFO - [2024-03-29T17:09:17.252+0000] {dag.py:3834} INFO - Setting next_dagrun for master_dag to 2024-03-29 00:00:00+00:00, run_after=2024-03-30 00:00:00+00:00
[2024-03-29T17:09:17.262+0000] {processor.py:183} INFO - Processing /opt/airflow/dags/example.py took 0.092 seconds
[2024-03-29T17:09:47.550+0000] {processor.py:161} INFO - Started process (PID=153) to work on /opt/airflow/dags/example.py
[2024-03-29T17:09:47.553+0000] {processor.py:830} INFO - Processing file /opt/airflow/dags/example.py for tasks to queue
[2024-03-29T17:09:47.560+0000] {logging_mixin.py:188} INFO - [2024-03-29T17:09:47.559+0000] {dagbag.py:540} INFO - Filling up the DagBag from /opt/airflow/dags/example.py
[2024-03-29T17:09:47.617+0000] {processor.py:840} INFO - DAG(s) 'master_dag' retrieved from /opt/airflow/dags/example.py
[2024-03-29T17:09:47.635+0000] {logging_mixin.py:188} INFO - [2024-03-29T17:09:47.635+0000] {dag.py:3047} INFO - Sync 1 DAGs
[2024-03-29T17:09:47.648+0000] {logging_mixin.py:188} INFO - [2024-03-29T17:09:47.648+0000] {dag.py:3834} INFO - Setting next_dagrun for master_dag to 2024-03-29 00:00:00+00:00, run_after=2024-03-30 00:00:00+00:00
[2024-03-29T17:09:47.656+0000] {processor.py:183} INFO - Processing /opt/airflow/dags/example.py took 0.118 seconds
[2024-03-29T17:10:18.002+0000] {processor.py:161} INFO - Started process (PID=161) to work on /opt/airflow/dags/example.py
[2024-03-29T17:10:18.005+0000] {processor.py:830} INFO - Processing file /opt/airflow/dags/example.py for tasks to queue
[2024-03-29T17:10:18.010+0000] {logging_mixin.py:188} INFO - [2024-03-29T17:10:18.010+0000] {dagbag.py:540} INFO - Filling up the DagBag from /opt/airflow/dags/example.py
[2024-03-29T17:10:18.046+0000] {processor.py:840} INFO - DAG(s) 'master_dag' retrieved from /opt/airflow/dags/example.py
[2024-03-29T17:10:18.065+0000] {logging_mixin.py:188} INFO - [2024-03-29T17:10:18.065+0000] {dag.py:3047} INFO - Sync 1 DAGs
[2024-03-29T17:10:18.078+0000] {logging_mixin.py:188} INFO - [2024-03-29T17:10:18.077+0000] {dag.py:3834} INFO - Setting next_dagrun for master_dag to 2024-03-29 00:00:00+00:00, run_after=2024-03-30 00:00:00+00:00
[2024-03-29T17:10:18.086+0000] {processor.py:183} INFO - Processing /opt/airflow/dags/example.py took 0.096 seconds
[2024-03-29T17:10:48.418+0000] {processor.py:161} INFO - Started process (PID=169) to work on /opt/airflow/dags/example.py
[2024-03-29T17:10:48.421+0000] {processor.py:830} INFO - Processing file /opt/airflow/dags/example.py for tasks to queue
[2024-03-29T17:10:48.425+0000] {logging_mixin.py:188} INFO - [2024-03-29T17:10:48.425+0000] {dagbag.py:540} INFO - Filling up the DagBag from /opt/airflow/dags/example.py
[2024-03-29T17:10:48.456+0000] {processor.py:840} INFO - DAG(s) 'master_dag' retrieved from /opt/airflow/dags/example.py
[2024-03-29T17:10:48.485+0000] {logging_mixin.py:188} INFO - [2024-03-29T17:10:48.485+0000] {dag.py:3047} INFO - Sync 1 DAGs
[2024-03-29T17:10:48.499+0000] {logging_mixin.py:188} INFO - [2024-03-29T17:10:48.498+0000] {dag.py:3834} INFO - Setting next_dagrun for master_dag to 2024-03-29 00:00:00+00:00, run_after=2024-03-30 00:00:00+00:00
[2024-03-29T17:10:48.507+0000] {processor.py:183} INFO - Processing /opt/airflow/dags/example.py took 0.097 seconds
[2024-03-29T17:11:18.800+0000] {processor.py:161} INFO - Started process (PID=177) to work on /opt/airflow/dags/example.py
[2024-03-29T17:11:18.805+0000] {processor.py:830} INFO - Processing file /opt/airflow/dags/example.py for tasks to queue
[2024-03-29T17:11:18.814+0000] {logging_mixin.py:188} INFO - [2024-03-29T17:11:18.813+0000] {dagbag.py:540} INFO - Filling up the DagBag from /opt/airflow/dags/example.py
[2024-03-29T17:11:18.861+0000] {processor.py:840} INFO - DAG(s) 'master_dag' retrieved from /opt/airflow/dags/example.py
[2024-03-29T17:11:18.884+0000] {logging_mixin.py:188} INFO - [2024-03-29T17:11:18.884+0000] {dag.py:3047} INFO - Sync 1 DAGs
[2024-03-29T17:11:18.905+0000] {logging_mixin.py:188} INFO - [2024-03-29T17:11:18.905+0000] {dag.py:3834} INFO - Setting next_dagrun for master_dag to 2024-03-29 00:00:00+00:00, run_after=2024-03-30 00:00:00+00:00
[2024-03-29T17:11:18.914+0000] {processor.py:183} INFO - Processing /opt/airflow/dags/example.py took 0.132 seconds
[2024-03-29T17:11:49.197+0000] {processor.py:161} INFO - Started process (PID=185) to work on /opt/airflow/dags/example.py
[2024-03-29T17:11:49.200+0000] {processor.py:830} INFO - Processing file /opt/airflow/dags/example.py for tasks to queue
[2024-03-29T17:11:49.213+0000] {logging_mixin.py:188} INFO - [2024-03-29T17:11:49.212+0000] {dagbag.py:540} INFO - Filling up the DagBag from /opt/airflow/dags/example.py
[2024-03-29T17:11:49.267+0000] {processor.py:840} INFO - DAG(s) 'master_dag' retrieved from /opt/airflow/dags/example.py
[2024-03-29T17:11:49.317+0000] {logging_mixin.py:188} INFO - [2024-03-29T17:11:49.316+0000] {dag.py:3047} INFO - Sync 1 DAGs
[2024-03-29T17:11:49.334+0000] {logging_mixin.py:188} INFO - [2024-03-29T17:11:49.334+0000] {dag.py:3834} INFO - Setting next_dagrun for master_dag to 2024-03-29 00:00:00+00:00, run_after=2024-03-30 00:00:00+00:00
[2024-03-29T17:11:49.361+0000] {processor.py:183} INFO - Processing /opt/airflow/dags/example.py took 0.175 seconds
[2024-03-29T17:12:19.649+0000] {processor.py:161} INFO - Started process (PID=192) to work on /opt/airflow/dags/example.py
[2024-03-29T17:12:19.650+0000] {processor.py:830} INFO - Processing file /opt/airflow/dags/example.py for tasks to queue
[2024-03-29T17:12:19.653+0000] {logging_mixin.py:188} INFO - [2024-03-29T17:12:19.653+0000] {dagbag.py:540} INFO - Filling up the DagBag from /opt/airflow/dags/example.py
[2024-03-29T17:12:19.702+0000] {processor.py:840} INFO - DAG(s) 'master_dag' retrieved from /opt/airflow/dags/example.py
[2024-03-29T17:12:19.725+0000] {logging_mixin.py:188} INFO - [2024-03-29T17:12:19.725+0000] {dag.py:3047} INFO - Sync 1 DAGs
[2024-03-29T17:12:19.740+0000] {logging_mixin.py:188} INFO - [2024-03-29T17:12:19.740+0000] {dag.py:3834} INFO - Setting next_dagrun for master_dag to 2024-03-29 00:00:00+00:00, run_after=2024-03-30 00:00:00+00:00
[2024-03-29T17:12:19.751+0000] {processor.py:183} INFO - Processing /opt/airflow/dags/example.py took 0.107 seconds
[2024-03-29T17:12:50.009+0000] {processor.py:161} INFO - Started process (PID=200) to work on /opt/airflow/dags/example.py
[2024-03-29T17:12:50.015+0000] {processor.py:830} INFO - Processing file /opt/airflow/dags/example.py for tasks to queue
[2024-03-29T17:12:50.024+0000] {logging_mixin.py:188} INFO - [2024-03-29T17:12:50.023+0000] {dagbag.py:540} INFO - Filling up the DagBag from /opt/airflow/dags/example.py
[2024-03-29T17:12:50.056+0000] {processor.py:840} INFO - DAG(s) 'master_dag' retrieved from /opt/airflow/dags/example.py
[2024-03-29T17:12:50.076+0000] {logging_mixin.py:188} INFO - [2024-03-29T17:12:50.076+0000] {dag.py:3047} INFO - Sync 1 DAGs
[2024-03-29T17:12:50.090+0000] {logging_mixin.py:188} INFO - [2024-03-29T17:12:50.090+0000] {dag.py:3834} INFO - Setting next_dagrun for master_dag to 2024-03-29 00:00:00+00:00, run_after=2024-03-30 00:00:00+00:00
[2024-03-29T17:12:50.100+0000] {processor.py:183} INFO - Processing /opt/airflow/dags/example.py took 0.099 seconds
[2024-03-29T17:13:20.368+0000] {processor.py:161} INFO - Started process (PID=208) to work on /opt/airflow/dags/example.py
[2024-03-29T17:13:20.373+0000] {processor.py:830} INFO - Processing file /opt/airflow/dags/example.py for tasks to queue
[2024-03-29T17:13:20.382+0000] {logging_mixin.py:188} INFO - [2024-03-29T17:13:20.381+0000] {dagbag.py:540} INFO - Filling up the DagBag from /opt/airflow/dags/example.py
[2024-03-29T17:13:20.410+0000] {processor.py:840} INFO - DAG(s) 'master_dag' retrieved from /opt/airflow/dags/example.py
[2024-03-29T17:13:20.430+0000] {logging_mixin.py:188} INFO - [2024-03-29T17:13:20.430+0000] {dag.py:3047} INFO - Sync 1 DAGs
[2024-03-29T17:13:20.445+0000] {logging_mixin.py:188} INFO - [2024-03-29T17:13:20.445+0000] {dag.py:3834} INFO - Setting next_dagrun for master_dag to 2024-03-29 00:00:00+00:00, run_after=2024-03-30 00:00:00+00:00
[2024-03-29T17:13:20.454+0000] {processor.py:183} INFO - Processing /opt/airflow/dags/example.py took 0.098 seconds
[2024-03-29T17:13:50.724+0000] {processor.py:161} INFO - Started process (PID=216) to work on /opt/airflow/dags/example.py
[2024-03-29T17:13:50.728+0000] {processor.py:830} INFO - Processing file /opt/airflow/dags/example.py for tasks to queue
[2024-03-29T17:13:50.738+0000] {logging_mixin.py:188} INFO - [2024-03-29T17:13:50.737+0000] {dagbag.py:540} INFO - Filling up the DagBag from /opt/airflow/dags/example.py
[2024-03-29T17:13:50.773+0000] {processor.py:840} INFO - DAG(s) 'master_dag' retrieved from /opt/airflow/dags/example.py
[2024-03-29T17:13:50.795+0000] {logging_mixin.py:188} INFO - [2024-03-29T17:13:50.795+0000] {dag.py:3047} INFO - Sync 1 DAGs
[2024-03-29T17:13:50.809+0000] {logging_mixin.py:188} INFO - [2024-03-29T17:13:50.809+0000] {dag.py:3834} INFO - Setting next_dagrun for master_dag to 2024-03-29 00:00:00+00:00, run_after=2024-03-30 00:00:00+00:00
[2024-03-29T17:13:50.818+0000] {processor.py:183} INFO - Processing /opt/airflow/dags/example.py took 0.117 seconds
[2024-03-29T17:14:21.103+0000] {processor.py:161} INFO - Started process (PID=224) to work on /opt/airflow/dags/example.py
[2024-03-29T17:14:21.104+0000] {processor.py:830} INFO - Processing file /opt/airflow/dags/example.py for tasks to queue
[2024-03-29T17:14:21.108+0000] {logging_mixin.py:188} INFO - [2024-03-29T17:14:21.108+0000] {dagbag.py:540} INFO - Filling up the DagBag from /opt/airflow/dags/example.py
[2024-03-29T17:14:21.151+0000] {processor.py:840} INFO - DAG(s) 'master_dag' retrieved from /opt/airflow/dags/example.py
[2024-03-29T17:14:21.171+0000] {logging_mixin.py:188} INFO - [2024-03-29T17:14:21.171+0000] {dag.py:3047} INFO - Sync 1 DAGs
[2024-03-29T17:14:21.184+0000] {logging_mixin.py:188} INFO - [2024-03-29T17:14:21.184+0000] {dag.py:3834} INFO - Setting next_dagrun for master_dag to 2024-03-29 00:00:00+00:00, run_after=2024-03-30 00:00:00+00:00
[2024-03-29T17:14:21.193+0000] {processor.py:183} INFO - Processing /opt/airflow/dags/example.py took 0.097 seconds
[2024-03-29T17:14:51.460+0000] {processor.py:161} INFO - Started process (PID=232) to work on /opt/airflow/dags/example.py
[2024-03-29T17:14:51.464+0000] {processor.py:830} INFO - Processing file /opt/airflow/dags/example.py for tasks to queue
[2024-03-29T17:14:51.468+0000] {logging_mixin.py:188} INFO - [2024-03-29T17:14:51.467+0000] {dagbag.py:540} INFO - Filling up the DagBag from /opt/airflow/dags/example.py
[2024-03-29T17:14:51.502+0000] {processor.py:840} INFO - DAG(s) 'master_dag' retrieved from /opt/airflow/dags/example.py
[2024-03-29T17:14:51.521+0000] {logging_mixin.py:188} INFO - [2024-03-29T17:14:51.521+0000] {dag.py:3047} INFO - Sync 1 DAGs
[2024-03-29T17:14:51.534+0000] {logging_mixin.py:188} INFO - [2024-03-29T17:14:51.534+0000] {dag.py:3834} INFO - Setting next_dagrun for master_dag to 2024-03-29 00:00:00+00:00, run_after=2024-03-30 00:00:00+00:00
[2024-03-29T17:14:51.544+0000] {processor.py:183} INFO - Processing /opt/airflow/dags/example.py took 0.093 seconds
[2024-03-29T17:15:21.835+0000] {processor.py:161} INFO - Started process (PID=240) to work on /opt/airflow/dags/example.py
[2024-03-29T17:15:21.838+0000] {processor.py:830} INFO - Processing file /opt/airflow/dags/example.py for tasks to queue
[2024-03-29T17:15:21.841+0000] {logging_mixin.py:188} INFO - [2024-03-29T17:15:21.841+0000] {dagbag.py:540} INFO - Filling up the DagBag from /opt/airflow/dags/example.py
[2024-03-29T17:15:21.881+0000] {processor.py:840} INFO - DAG(s) 'master_dag' retrieved from /opt/airflow/dags/example.py
[2024-03-29T17:15:21.915+0000] {logging_mixin.py:188} INFO - [2024-03-29T17:15:21.915+0000] {dag.py:3047} INFO - Sync 1 DAGs
[2024-03-29T17:15:21.930+0000] {logging_mixin.py:188} INFO - [2024-03-29T17:15:21.930+0000] {dag.py:3834} INFO - Setting next_dagrun for master_dag to 2024-03-29 00:00:00+00:00, run_after=2024-03-30 00:00:00+00:00
[2024-03-29T17:15:21.938+0000] {processor.py:183} INFO - Processing /opt/airflow/dags/example.py took 0.111 seconds
[2024-03-29T17:15:52.194+0000] {processor.py:161} INFO - Started process (PID=248) to work on /opt/airflow/dags/example.py
[2024-03-29T17:15:52.197+0000] {processor.py:830} INFO - Processing file /opt/airflow/dags/example.py for tasks to queue
[2024-03-29T17:15:52.201+0000] {logging_mixin.py:188} INFO - [2024-03-29T17:15:52.200+0000] {dagbag.py:540} INFO - Filling up the DagBag from /opt/airflow/dags/example.py
[2024-03-29T17:15:52.236+0000] {processor.py:840} INFO - DAG(s) 'master_dag' retrieved from /opt/airflow/dags/example.py
[2024-03-29T17:15:52.257+0000] {logging_mixin.py:188} INFO - [2024-03-29T17:15:52.256+0000] {dag.py:3047} INFO - Sync 1 DAGs
[2024-03-29T17:15:52.270+0000] {logging_mixin.py:188} INFO - [2024-03-29T17:15:52.270+0000] {dag.py:3834} INFO - Setting next_dagrun for master_dag to 2024-03-29 00:00:00+00:00, run_after=2024-03-30 00:00:00+00:00
[2024-03-29T17:15:52.280+0000] {processor.py:183} INFO - Processing /opt/airflow/dags/example.py took 0.095 seconds
[2024-03-29T17:16:22.529+0000] {processor.py:161} INFO - Started process (PID=256) to work on /opt/airflow/dags/example.py
[2024-03-29T17:16:22.532+0000] {processor.py:830} INFO - Processing file /opt/airflow/dags/example.py for tasks to queue
[2024-03-29T17:16:22.542+0000] {logging_mixin.py:188} INFO - [2024-03-29T17:16:22.540+0000] {dagbag.py:540} INFO - Filling up the DagBag from /opt/airflow/dags/example.py
[2024-03-29T17:16:22.588+0000] {processor.py:840} INFO - DAG(s) 'master_dag' retrieved from /opt/airflow/dags/example.py
[2024-03-29T17:16:22.610+0000] {logging_mixin.py:188} INFO - [2024-03-29T17:16:22.610+0000] {dag.py:3047} INFO - Sync 1 DAGs
[2024-03-29T17:16:22.624+0000] {logging_mixin.py:188} INFO - [2024-03-29T17:16:22.624+0000] {dag.py:3834} INFO - Setting next_dagrun for master_dag to 2024-03-29 00:00:00+00:00, run_after=2024-03-30 00:00:00+00:00
[2024-03-29T17:16:22.633+0000] {processor.py:183} INFO - Processing /opt/airflow/dags/example.py took 0.112 seconds
[2024-03-29T17:16:52.873+0000] {processor.py:161} INFO - Started process (PID=263) to work on /opt/airflow/dags/example.py
[2024-03-29T17:16:52.875+0000] {processor.py:830} INFO - Processing file /opt/airflow/dags/example.py for tasks to queue
[2024-03-29T17:16:52.879+0000] {logging_mixin.py:188} INFO - [2024-03-29T17:16:52.878+0000] {dagbag.py:540} INFO - Filling up the DagBag from /opt/airflow/dags/example.py
[2024-03-29T17:16:52.897+0000] {processor.py:840} INFO - DAG(s) 'master_dag' retrieved from /opt/airflow/dags/example.py
[2024-03-29T17:16:52.927+0000] {logging_mixin.py:188} INFO - [2024-03-29T17:16:52.926+0000] {dag.py:3047} INFO - Sync 1 DAGs
[2024-03-29T17:16:52.940+0000] {logging_mixin.py:188} INFO - [2024-03-29T17:16:52.939+0000] {dag.py:3834} INFO - Setting next_dagrun for master_dag to 2024-03-29 00:00:00+00:00, run_after=2024-03-30 00:00:00+00:00
[2024-03-29T17:16:52.948+0000] {processor.py:183} INFO - Processing /opt/airflow/dags/example.py took 0.080 seconds
[2024-03-29T17:17:23.263+0000] {processor.py:161} INFO - Started process (PID=271) to work on /opt/airflow/dags/example.py
[2024-03-29T17:17:23.266+0000] {processor.py:830} INFO - Processing file /opt/airflow/dags/example.py for tasks to queue
[2024-03-29T17:17:23.271+0000] {logging_mixin.py:188} INFO - [2024-03-29T17:17:23.271+0000] {dagbag.py:540} INFO - Filling up the DagBag from /opt/airflow/dags/example.py
[2024-03-29T17:17:23.297+0000] {processor.py:840} INFO - DAG(s) 'master_dag' retrieved from /opt/airflow/dags/example.py
[2024-03-29T17:17:23.316+0000] {logging_mixin.py:188} INFO - [2024-03-29T17:17:23.316+0000] {dag.py:3047} INFO - Sync 1 DAGs
[2024-03-29T17:17:23.329+0000] {logging_mixin.py:188} INFO - [2024-03-29T17:17:23.328+0000] {dag.py:3834} INFO - Setting next_dagrun for master_dag to 2024-03-29 00:00:00+00:00, run_after=2024-03-30 00:00:00+00:00
[2024-03-29T17:17:23.338+0000] {processor.py:183} INFO - Processing /opt/airflow/dags/example.py took 0.085 seconds
[2024-03-29T17:17:53.596+0000] {processor.py:161} INFO - Started process (PID=279) to work on /opt/airflow/dags/example.py
[2024-03-29T17:17:53.597+0000] {processor.py:830} INFO - Processing file /opt/airflow/dags/example.py for tasks to queue
[2024-03-29T17:17:53.600+0000] {logging_mixin.py:188} INFO - [2024-03-29T17:17:53.600+0000] {dagbag.py:540} INFO - Filling up the DagBag from /opt/airflow/dags/example.py
[2024-03-29T17:17:53.619+0000] {processor.py:840} INFO - DAG(s) 'master_dag' retrieved from /opt/airflow/dags/example.py
[2024-03-29T17:17:53.639+0000] {logging_mixin.py:188} INFO - [2024-03-29T17:17:53.639+0000] {dag.py:3047} INFO - Sync 1 DAGs
[2024-03-29T17:17:53.655+0000] {logging_mixin.py:188} INFO - [2024-03-29T17:17:53.655+0000] {dag.py:3834} INFO - Setting next_dagrun for master_dag to 2024-03-29 00:00:00+00:00, run_after=2024-03-30 00:00:00+00:00
[2024-03-29T17:17:53.663+0000] {processor.py:183} INFO - Processing /opt/airflow/dags/example.py took 0.072 seconds
[2024-03-29T17:18:23.980+0000] {processor.py:161} INFO - Started process (PID=287) to work on /opt/airflow/dags/example.py
[2024-03-29T17:18:23.982+0000] {processor.py:830} INFO - Processing file /opt/airflow/dags/example.py for tasks to queue
[2024-03-29T17:18:23.987+0000] {logging_mixin.py:188} INFO - [2024-03-29T17:18:23.986+0000] {dagbag.py:540} INFO - Filling up the DagBag from /opt/airflow/dags/example.py
[2024-03-29T17:18:24.036+0000] {processor.py:840} INFO - DAG(s) 'master_dag' retrieved from /opt/airflow/dags/example.py
[2024-03-29T17:18:24.058+0000] {logging_mixin.py:188} INFO - [2024-03-29T17:18:24.058+0000] {dag.py:3047} INFO - Sync 1 DAGs
[2024-03-29T17:18:24.085+0000] {logging_mixin.py:188} INFO - [2024-03-29T17:18:24.085+0000] {dag.py:3834} INFO - Setting next_dagrun for master_dag to 2024-03-29 00:00:00+00:00, run_after=2024-03-30 00:00:00+00:00
[2024-03-29T17:18:24.094+0000] {processor.py:183} INFO - Processing /opt/airflow/dags/example.py took 0.121 seconds
[2024-03-29T17:18:54.415+0000] {processor.py:161} INFO - Started process (PID=295) to work on /opt/airflow/dags/example.py
[2024-03-29T17:18:54.418+0000] {processor.py:830} INFO - Processing file /opt/airflow/dags/example.py for tasks to queue
[2024-03-29T17:18:54.421+0000] {logging_mixin.py:188} INFO - [2024-03-29T17:18:54.420+0000] {dagbag.py:540} INFO - Filling up the DagBag from /opt/airflow/dags/example.py
[2024-03-29T17:18:54.440+0000] {processor.py:840} INFO - DAG(s) 'master_dag' retrieved from /opt/airflow/dags/example.py
[2024-03-29T17:18:54.461+0000] {logging_mixin.py:188} INFO - [2024-03-29T17:18:54.461+0000] {dag.py:3047} INFO - Sync 1 DAGs
[2024-03-29T17:18:54.486+0000] {logging_mixin.py:188} INFO - [2024-03-29T17:18:54.486+0000] {dag.py:3834} INFO - Setting next_dagrun for master_dag to 2024-03-29 00:00:00+00:00, run_after=2024-03-30 00:00:00+00:00
[2024-03-29T17:18:54.495+0000] {processor.py:183} INFO - Processing /opt/airflow/dags/example.py took 0.086 seconds
[2024-03-29T17:19:24.759+0000] {processor.py:161} INFO - Started process (PID=303) to work on /opt/airflow/dags/example.py
[2024-03-29T17:19:24.763+0000] {processor.py:830} INFO - Processing file /opt/airflow/dags/example.py for tasks to queue
[2024-03-29T17:19:24.771+0000] {logging_mixin.py:188} INFO - [2024-03-29T17:19:24.770+0000] {dagbag.py:540} INFO - Filling up the DagBag from /opt/airflow/dags/example.py
[2024-03-29T17:19:24.806+0000] {processor.py:840} INFO - DAG(s) 'master_dag' retrieved from /opt/airflow/dags/example.py
[2024-03-29T17:19:24.825+0000] {logging_mixin.py:188} INFO - [2024-03-29T17:19:24.825+0000] {dag.py:3047} INFO - Sync 1 DAGs
[2024-03-29T17:19:24.841+0000] {logging_mixin.py:188} INFO - [2024-03-29T17:19:24.841+0000] {dag.py:3834} INFO - Setting next_dagrun for master_dag to 2024-03-29 00:00:00+00:00, run_after=2024-03-30 00:00:00+00:00
[2024-03-29T17:19:24.850+0000] {processor.py:183} INFO - Processing /opt/airflow/dags/example.py took 0.098 seconds
[2024-03-29T17:19:55.172+0000] {processor.py:161} INFO - Started process (PID=311) to work on /opt/airflow/dags/example.py
[2024-03-29T17:19:55.177+0000] {processor.py:830} INFO - Processing file /opt/airflow/dags/example.py for tasks to queue
[2024-03-29T17:19:55.184+0000] {logging_mixin.py:188} INFO - [2024-03-29T17:19:55.183+0000] {dagbag.py:540} INFO - Filling up the DagBag from /opt/airflow/dags/example.py
[2024-03-29T17:19:55.239+0000] {processor.py:840} INFO - DAG(s) 'master_dag' retrieved from /opt/airflow/dags/example.py
[2024-03-29T17:19:55.297+0000] {logging_mixin.py:188} INFO - [2024-03-29T17:19:55.297+0000] {dag.py:3047} INFO - Sync 1 DAGs
[2024-03-29T17:19:55.326+0000] {logging_mixin.py:188} INFO - [2024-03-29T17:19:55.325+0000] {dag.py:3834} INFO - Setting next_dagrun for master_dag to 2024-03-29 00:00:00+00:00, run_after=2024-03-30 00:00:00+00:00
[2024-03-29T17:19:55.341+0000] {processor.py:183} INFO - Processing /opt/airflow/dags/example.py took 0.176 seconds
[2024-03-29T17:20:25.550+0000] {processor.py:161} INFO - Started process (PID=319) to work on /opt/airflow/dags/example.py
[2024-03-29T17:20:25.553+0000] {processor.py:830} INFO - Processing file /opt/airflow/dags/example.py for tasks to queue
[2024-03-29T17:20:25.558+0000] {logging_mixin.py:188} INFO - [2024-03-29T17:20:25.557+0000] {dagbag.py:540} INFO - Filling up the DagBag from /opt/airflow/dags/example.py
[2024-03-29T17:20:25.610+0000] {processor.py:840} INFO - DAG(s) 'master_dag' retrieved from /opt/airflow/dags/example.py
[2024-03-29T17:20:25.631+0000] {logging_mixin.py:188} INFO - [2024-03-29T17:20:25.631+0000] {dag.py:3047} INFO - Sync 1 DAGs
[2024-03-29T17:20:25.645+0000] {logging_mixin.py:188} INFO - [2024-03-29T17:20:25.645+0000] {dag.py:3834} INFO - Setting next_dagrun for master_dag to 2024-03-29 00:00:00+00:00, run_after=2024-03-30 00:00:00+00:00
[2024-03-29T17:20:25.657+0000] {processor.py:183} INFO - Processing /opt/airflow/dags/example.py took 0.114 seconds
[2024-03-29T17:20:55.926+0000] {processor.py:161} INFO - Started process (PID=327) to work on /opt/airflow/dags/example.py
[2024-03-29T17:20:55.929+0000] {processor.py:830} INFO - Processing file /opt/airflow/dags/example.py for tasks to queue
[2024-03-29T17:20:55.933+0000] {logging_mixin.py:188} INFO - [2024-03-29T17:20:55.933+0000] {dagbag.py:540} INFO - Filling up the DagBag from /opt/airflow/dags/example.py
[2024-03-29T17:20:55.979+0000] {processor.py:840} INFO - DAG(s) 'master_dag' retrieved from /opt/airflow/dags/example.py
[2024-03-29T17:20:55.998+0000] {logging_mixin.py:188} INFO - [2024-03-29T17:20:55.998+0000] {dag.py:3047} INFO - Sync 1 DAGs
[2024-03-29T17:20:56.012+0000] {logging_mixin.py:188} INFO - [2024-03-29T17:20:56.012+0000] {dag.py:3834} INFO - Setting next_dagrun for master_dag to 2024-03-29 00:00:00+00:00, run_after=2024-03-30 00:00:00+00:00
[2024-03-29T17:20:56.020+0000] {processor.py:183} INFO - Processing /opt/airflow/dags/example.py took 0.103 seconds
[2024-03-29T17:21:26.372+0000] {processor.py:161} INFO - Started process (PID=335) to work on /opt/airflow/dags/example.py
[2024-03-29T17:21:26.381+0000] {processor.py:830} INFO - Processing file /opt/airflow/dags/example.py for tasks to queue
[2024-03-29T17:21:26.388+0000] {logging_mixin.py:188} INFO - [2024-03-29T17:21:26.387+0000] {dagbag.py:540} INFO - Filling up the DagBag from /opt/airflow/dags/example.py
[2024-03-29T17:21:26.415+0000] {processor.py:840} INFO - DAG(s) 'master_dag' retrieved from /opt/airflow/dags/example.py
[2024-03-29T17:21:26.437+0000] {logging_mixin.py:188} INFO - [2024-03-29T17:21:26.437+0000] {dag.py:3047} INFO - Sync 1 DAGs
[2024-03-29T17:21:26.466+0000] {logging_mixin.py:188} INFO - [2024-03-29T17:21:26.466+0000] {dag.py:3834} INFO - Setting next_dagrun for master_dag to 2024-03-29 00:00:00+00:00, run_after=2024-03-30 00:00:00+00:00
[2024-03-29T17:21:26.475+0000] {processor.py:183} INFO - Processing /opt/airflow/dags/example.py took 0.120 seconds
[2024-03-29T17:21:56.775+0000] {processor.py:161} INFO - Started process (PID=343) to work on /opt/airflow/dags/example.py
[2024-03-29T17:21:56.777+0000] {processor.py:830} INFO - Processing file /opt/airflow/dags/example.py for tasks to queue
[2024-03-29T17:21:56.781+0000] {logging_mixin.py:188} INFO - [2024-03-29T17:21:56.781+0000] {dagbag.py:540} INFO - Filling up the DagBag from /opt/airflow/dags/example.py
[2024-03-29T17:21:56.820+0000] {processor.py:840} INFO - DAG(s) 'master_dag' retrieved from /opt/airflow/dags/example.py
[2024-03-29T17:21:56.841+0000] {logging_mixin.py:188} INFO - [2024-03-29T17:21:56.841+0000] {dag.py:3047} INFO - Sync 1 DAGs
[2024-03-29T17:21:56.855+0000] {logging_mixin.py:188} INFO - [2024-03-29T17:21:56.854+0000] {dag.py:3834} INFO - Setting next_dagrun for master_dag to 2024-03-29 00:00:00+00:00, run_after=2024-03-30 00:00:00+00:00
[2024-03-29T17:21:56.865+0000] {processor.py:183} INFO - Processing /opt/airflow/dags/example.py took 0.097 seconds
[2024-03-29T17:22:27.200+0000] {processor.py:161} INFO - Started process (PID=351) to work on /opt/airflow/dags/example.py
[2024-03-29T17:22:27.207+0000] {processor.py:830} INFO - Processing file /opt/airflow/dags/example.py for tasks to queue
[2024-03-29T17:22:27.218+0000] {logging_mixin.py:188} INFO - [2024-03-29T17:22:27.217+0000] {dagbag.py:540} INFO - Filling up the DagBag from /opt/airflow/dags/example.py
[2024-03-29T17:22:27.248+0000] {processor.py:840} INFO - DAG(s) 'master_dag' retrieved from /opt/airflow/dags/example.py
[2024-03-29T17:22:27.273+0000] {logging_mixin.py:188} INFO - [2024-03-29T17:22:27.273+0000] {dag.py:3047} INFO - Sync 1 DAGs
[2024-03-29T17:22:27.290+0000] {logging_mixin.py:188} INFO - [2024-03-29T17:22:27.290+0000] {dag.py:3834} INFO - Setting next_dagrun for master_dag to 2024-03-29 00:00:00+00:00, run_after=2024-03-30 00:00:00+00:00
[2024-03-29T17:22:27.304+0000] {processor.py:183} INFO - Processing /opt/airflow/dags/example.py took 0.117 seconds
[2024-03-29T17:22:57.507+0000] {processor.py:161} INFO - Started process (PID=359) to work on /opt/airflow/dags/example.py
[2024-03-29T17:22:57.517+0000] {processor.py:830} INFO - Processing file /opt/airflow/dags/example.py for tasks to queue
[2024-03-29T17:22:57.533+0000] {logging_mixin.py:188} INFO - [2024-03-29T17:22:57.532+0000] {dagbag.py:540} INFO - Filling up the DagBag from /opt/airflow/dags/example.py
[2024-03-29T17:22:57.563+0000] {processor.py:840} INFO - DAG(s) 'master_dag' retrieved from /opt/airflow/dags/example.py
[2024-03-29T17:22:57.591+0000] {logging_mixin.py:188} INFO - [2024-03-29T17:22:57.591+0000] {dag.py:3047} INFO - Sync 1 DAGs
[2024-03-29T17:22:57.616+0000] {logging_mixin.py:188} INFO - [2024-03-29T17:22:57.616+0000] {dag.py:3834} INFO - Setting next_dagrun for master_dag to 2024-03-29 00:00:00+00:00, run_after=2024-03-30 00:00:00+00:00
[2024-03-29T17:22:57.628+0000] {processor.py:183} INFO - Processing /opt/airflow/dags/example.py took 0.137 seconds
[2024-03-29T17:23:27.837+0000] {processor.py:161} INFO - Started process (PID=367) to work on /opt/airflow/dags/example.py
[2024-03-29T17:23:27.840+0000] {processor.py:830} INFO - Processing file /opt/airflow/dags/example.py for tasks to queue
[2024-03-29T17:23:27.844+0000] {logging_mixin.py:188} INFO - [2024-03-29T17:23:27.844+0000] {dagbag.py:540} INFO - Filling up the DagBag from /opt/airflow/dags/example.py
[2024-03-29T17:23:27.882+0000] {processor.py:840} INFO - DAG(s) 'master_dag' retrieved from /opt/airflow/dags/example.py
[2024-03-29T17:23:27.903+0000] {logging_mixin.py:188} INFO - [2024-03-29T17:23:27.903+0000] {dag.py:3047} INFO - Sync 1 DAGs
[2024-03-29T17:23:27.923+0000] {logging_mixin.py:188} INFO - [2024-03-29T17:23:27.922+0000] {dag.py:3834} INFO - Setting next_dagrun for master_dag to 2024-03-29 00:00:00+00:00, run_after=2024-03-30 00:00:00+00:00
[2024-03-29T17:23:27.935+0000] {processor.py:183} INFO - Processing /opt/airflow/dags/example.py took 0.121 seconds
[2024-03-29T17:23:58.128+0000] {processor.py:161} INFO - Started process (PID=375) to work on /opt/airflow/dags/example.py
[2024-03-29T17:23:58.133+0000] {processor.py:830} INFO - Processing file /opt/airflow/dags/example.py for tasks to queue
[2024-03-29T17:23:58.136+0000] {logging_mixin.py:188} INFO - [2024-03-29T17:23:58.136+0000] {dagbag.py:540} INFO - Filling up the DagBag from /opt/airflow/dags/example.py
[2024-03-29T17:23:58.159+0000] {processor.py:840} INFO - DAG(s) 'master_dag' retrieved from /opt/airflow/dags/example.py
[2024-03-29T17:23:58.196+0000] {logging_mixin.py:188} INFO - [2024-03-29T17:23:58.196+0000] {dag.py:3047} INFO - Sync 1 DAGs
[2024-03-29T17:23:58.211+0000] {logging_mixin.py:188} INFO - [2024-03-29T17:23:58.211+0000] {dag.py:3834} INFO - Setting next_dagrun for master_dag to 2024-03-29 00:00:00+00:00, run_after=2024-03-30 00:00:00+00:00
[2024-03-29T17:23:58.221+0000] {processor.py:183} INFO - Processing /opt/airflow/dags/example.py took 0.100 seconds
[2024-03-29T17:24:28.420+0000] {processor.py:161} INFO - Started process (PID=383) to work on /opt/airflow/dags/example.py
[2024-03-29T17:24:28.422+0000] {processor.py:830} INFO - Processing file /opt/airflow/dags/example.py for tasks to queue
[2024-03-29T17:24:28.426+0000] {logging_mixin.py:188} INFO - [2024-03-29T17:24:28.425+0000] {dagbag.py:540} INFO - Filling up the DagBag from /opt/airflow/dags/example.py
[2024-03-29T17:24:28.448+0000] {processor.py:840} INFO - DAG(s) 'master_dag' retrieved from /opt/airflow/dags/example.py
[2024-03-29T17:24:28.468+0000] {logging_mixin.py:188} INFO - [2024-03-29T17:24:28.468+0000] {dag.py:3047} INFO - Sync 1 DAGs
[2024-03-29T17:24:28.482+0000] {logging_mixin.py:188} INFO - [2024-03-29T17:24:28.482+0000] {dag.py:3834} INFO - Setting next_dagrun for master_dag to 2024-03-29 00:00:00+00:00, run_after=2024-03-30 00:00:00+00:00
[2024-03-29T17:24:28.491+0000] {processor.py:183} INFO - Processing /opt/airflow/dags/example.py took 0.076 seconds
[2024-03-29T17:24:58.871+0000] {processor.py:161} INFO - Started process (PID=391) to work on /opt/airflow/dags/example.py
[2024-03-29T17:24:58.874+0000] {processor.py:830} INFO - Processing file /opt/airflow/dags/example.py for tasks to queue
[2024-03-29T17:24:58.890+0000] {logging_mixin.py:188} INFO - [2024-03-29T17:24:58.885+0000] {dagbag.py:540} INFO - Filling up the DagBag from /opt/airflow/dags/example.py
[2024-03-29T17:24:58.924+0000] {processor.py:840} INFO - DAG(s) 'master_dag' retrieved from /opt/airflow/dags/example.py
[2024-03-29T17:24:58.942+0000] {logging_mixin.py:188} INFO - [2024-03-29T17:24:58.942+0000] {dag.py:3047} INFO - Sync 1 DAGs
[2024-03-29T17:24:58.955+0000] {logging_mixin.py:188} INFO - [2024-03-29T17:24:58.955+0000] {dag.py:3834} INFO - Setting next_dagrun for master_dag to 2024-03-29 00:00:00+00:00, run_after=2024-03-30 00:00:00+00:00
[2024-03-29T17:24:58.963+0000] {processor.py:183} INFO - Processing /opt/airflow/dags/example.py took 0.104 seconds
[2024-03-29T17:25:29.266+0000] {processor.py:161} INFO - Started process (PID=399) to work on /opt/airflow/dags/example.py
[2024-03-29T17:25:29.268+0000] {processor.py:830} INFO - Processing file /opt/airflow/dags/example.py for tasks to queue
[2024-03-29T17:25:29.273+0000] {logging_mixin.py:188} INFO - [2024-03-29T17:25:29.273+0000] {dagbag.py:540} INFO - Filling up the DagBag from /opt/airflow/dags/example.py
[2024-03-29T17:25:29.297+0000] {processor.py:840} INFO - DAG(s) 'master_dag' retrieved from /opt/airflow/dags/example.py
[2024-03-29T17:25:29.314+0000] {logging_mixin.py:188} INFO - [2024-03-29T17:25:29.314+0000] {dag.py:3047} INFO - Sync 1 DAGs
[2024-03-29T17:25:29.326+0000] {logging_mixin.py:188} INFO - [2024-03-29T17:25:29.326+0000] {dag.py:3834} INFO - Setting next_dagrun for master_dag to 2024-03-29 00:00:00+00:00, run_after=2024-03-30 00:00:00+00:00
[2024-03-29T17:25:29.334+0000] {processor.py:183} INFO - Processing /opt/airflow/dags/example.py took 0.076 seconds
[2024-03-29T17:25:59.650+0000] {processor.py:161} INFO - Started process (PID=407) to work on /opt/airflow/dags/example.py
[2024-03-29T17:25:59.652+0000] {processor.py:830} INFO - Processing file /opt/airflow/dags/example.py for tasks to queue
[2024-03-29T17:25:59.658+0000] {logging_mixin.py:188} INFO - [2024-03-29T17:25:59.657+0000] {dagbag.py:540} INFO - Filling up the DagBag from /opt/airflow/dags/example.py
[2024-03-29T17:25:59.681+0000] {processor.py:840} INFO - DAG(s) 'master_dag' retrieved from /opt/airflow/dags/example.py
[2024-03-29T17:25:59.701+0000] {logging_mixin.py:188} INFO - [2024-03-29T17:25:59.701+0000] {dag.py:3047} INFO - Sync 1 DAGs
[2024-03-29T17:25:59.715+0000] {logging_mixin.py:188} INFO - [2024-03-29T17:25:59.714+0000] {dag.py:3834} INFO - Setting next_dagrun for master_dag to 2024-03-29 00:00:00+00:00, run_after=2024-03-30 00:00:00+00:00
[2024-03-29T17:25:59.723+0000] {processor.py:183} INFO - Processing /opt/airflow/dags/example.py took 0.081 seconds
[2024-03-29T17:26:30.020+0000] {processor.py:161} INFO - Started process (PID=415) to work on /opt/airflow/dags/example.py
[2024-03-29T17:26:30.023+0000] {processor.py:830} INFO - Processing file /opt/airflow/dags/example.py for tasks to queue
[2024-03-29T17:26:30.027+0000] {logging_mixin.py:188} INFO - [2024-03-29T17:26:30.027+0000] {dagbag.py:540} INFO - Filling up the DagBag from /opt/airflow/dags/example.py
[2024-03-29T17:26:30.048+0000] {processor.py:840} INFO - DAG(s) 'master_dag' retrieved from /opt/airflow/dags/example.py
[2024-03-29T17:26:30.067+0000] {logging_mixin.py:188} INFO - [2024-03-29T17:26:30.067+0000] {dag.py:3047} INFO - Sync 1 DAGs
[2024-03-29T17:26:30.081+0000] {logging_mixin.py:188} INFO - [2024-03-29T17:26:30.081+0000] {dag.py:3834} INFO - Setting next_dagrun for master_dag to 2024-03-29 00:00:00+00:00, run_after=2024-03-30 00:00:00+00:00
[2024-03-29T17:26:30.089+0000] {processor.py:183} INFO - Processing /opt/airflow/dags/example.py took 0.075 seconds
[2024-03-29T17:27:00.371+0000] {processor.py:161} INFO - Started process (PID=423) to work on /opt/airflow/dags/example.py
[2024-03-29T17:27:00.374+0000] {processor.py:830} INFO - Processing file /opt/airflow/dags/example.py for tasks to queue
[2024-03-29T17:27:00.378+0000] {logging_mixin.py:188} INFO - [2024-03-29T17:27:00.378+0000] {dagbag.py:540} INFO - Filling up the DagBag from /opt/airflow/dags/example.py
[2024-03-29T17:27:00.402+0000] {processor.py:840} INFO - DAG(s) 'master_dag' retrieved from /opt/airflow/dags/example.py
[2024-03-29T17:27:00.422+0000] {logging_mixin.py:188} INFO - [2024-03-29T17:27:00.422+0000] {dag.py:3047} INFO - Sync 1 DAGs
[2024-03-29T17:27:00.437+0000] {logging_mixin.py:188} INFO - [2024-03-29T17:27:00.437+0000] {dag.py:3834} INFO - Setting next_dagrun for master_dag to 2024-03-29 00:00:00+00:00, run_after=2024-03-30 00:00:00+00:00
[2024-03-29T17:27:00.445+0000] {processor.py:183} INFO - Processing /opt/airflow/dags/example.py took 0.083 seconds
[2024-03-29T17:27:30.731+0000] {processor.py:161} INFO - Started process (PID=431) to work on /opt/airflow/dags/example.py
[2024-03-29T17:27:30.733+0000] {processor.py:830} INFO - Processing file /opt/airflow/dags/example.py for tasks to queue
[2024-03-29T17:27:30.737+0000] {logging_mixin.py:188} INFO - [2024-03-29T17:27:30.736+0000] {dagbag.py:540} INFO - Filling up the DagBag from /opt/airflow/dags/example.py
[2024-03-29T17:27:30.759+0000] {processor.py:840} INFO - DAG(s) 'master_dag' retrieved from /opt/airflow/dags/example.py
[2024-03-29T17:27:30.778+0000] {logging_mixin.py:188} INFO - [2024-03-29T17:27:30.778+0000] {dag.py:3047} INFO - Sync 1 DAGs
[2024-03-29T17:27:30.791+0000] {logging_mixin.py:188} INFO - [2024-03-29T17:27:30.790+0000] {dag.py:3834} INFO - Setting next_dagrun for master_dag to 2024-03-29 00:00:00+00:00, run_after=2024-03-30 00:00:00+00:00
[2024-03-29T17:27:30.799+0000] {processor.py:183} INFO - Processing /opt/airflow/dags/example.py took 0.076 seconds
[2024-03-29T17:28:01.132+0000] {processor.py:161} INFO - Started process (PID=439) to work on /opt/airflow/dags/example.py
[2024-03-29T17:28:01.135+0000] {processor.py:830} INFO - Processing file /opt/airflow/dags/example.py for tasks to queue
[2024-03-29T17:28:01.148+0000] {logging_mixin.py:188} INFO - [2024-03-29T17:28:01.148+0000] {dagbag.py:540} INFO - Filling up the DagBag from /opt/airflow/dags/example.py
[2024-03-29T17:28:01.177+0000] {processor.py:840} INFO - DAG(s) 'master_dag' retrieved from /opt/airflow/dags/example.py
[2024-03-29T17:28:01.195+0000] {logging_mixin.py:188} INFO - [2024-03-29T17:28:01.194+0000] {dag.py:3047} INFO - Sync 1 DAGs
[2024-03-29T17:28:01.207+0000] {logging_mixin.py:188} INFO - [2024-03-29T17:28:01.207+0000] {dag.py:3834} INFO - Setting next_dagrun for master_dag to 2024-03-29 00:00:00+00:00, run_after=2024-03-30 00:00:00+00:00
[2024-03-29T17:28:01.215+0000] {processor.py:183} INFO - Processing /opt/airflow/dags/example.py took 0.095 seconds
[2024-03-29T17:28:31.572+0000] {processor.py:161} INFO - Started process (PID=447) to work on /opt/airflow/dags/example.py
[2024-03-29T17:28:31.579+0000] {processor.py:830} INFO - Processing file /opt/airflow/dags/example.py for tasks to queue
[2024-03-29T17:28:31.590+0000] {logging_mixin.py:188} INFO - [2024-03-29T17:28:31.590+0000] {dagbag.py:540} INFO - Filling up the DagBag from /opt/airflow/dags/example.py
[2024-03-29T17:28:31.611+0000] {processor.py:840} INFO - DAG(s) 'master_dag' retrieved from /opt/airflow/dags/example.py
[2024-03-29T17:28:31.631+0000] {logging_mixin.py:188} INFO - [2024-03-29T17:28:31.631+0000] {dag.py:3047} INFO - Sync 1 DAGs
[2024-03-29T17:28:31.645+0000] {logging_mixin.py:188} INFO - [2024-03-29T17:28:31.645+0000] {dag.py:3834} INFO - Setting next_dagrun for master_dag to 2024-03-29 00:00:00+00:00, run_after=2024-03-30 00:00:00+00:00
[2024-03-29T17:28:31.655+0000] {processor.py:183} INFO - Processing /opt/airflow/dags/example.py took 0.104 seconds
[2024-03-29T17:29:02.034+0000] {processor.py:161} INFO - Started process (PID=455) to work on /opt/airflow/dags/example.py
[2024-03-29T17:29:02.038+0000] {processor.py:830} INFO - Processing file /opt/airflow/dags/example.py for tasks to queue
[2024-03-29T17:29:02.043+0000] {logging_mixin.py:188} INFO - [2024-03-29T17:29:02.042+0000] {dagbag.py:540} INFO - Filling up the DagBag from /opt/airflow/dags/example.py
[2024-03-29T17:29:02.066+0000] {processor.py:840} INFO - DAG(s) 'master_dag' retrieved from /opt/airflow/dags/example.py
[2024-03-29T17:29:02.084+0000] {logging_mixin.py:188} INFO - [2024-03-29T17:29:02.084+0000] {dag.py:3047} INFO - Sync 1 DAGs
[2024-03-29T17:29:02.105+0000] {logging_mixin.py:188} INFO - [2024-03-29T17:29:02.105+0000] {dag.py:3834} INFO - Setting next_dagrun for master_dag to 2024-03-29 00:00:00+00:00, run_after=2024-03-30 00:00:00+00:00
[2024-03-29T17:29:02.117+0000] {processor.py:183} INFO - Processing /opt/airflow/dags/example.py took 0.103 seconds
[2024-03-29T17:29:32.388+0000] {processor.py:161} INFO - Started process (PID=463) to work on /opt/airflow/dags/example.py
[2024-03-29T17:29:32.391+0000] {processor.py:830} INFO - Processing file /opt/airflow/dags/example.py for tasks to queue
[2024-03-29T17:29:32.396+0000] {logging_mixin.py:188} INFO - [2024-03-29T17:29:32.395+0000] {dagbag.py:540} INFO - Filling up the DagBag from /opt/airflow/dags/example.py
[2024-03-29T17:29:32.420+0000] {processor.py:840} INFO - DAG(s) 'master_dag' retrieved from /opt/airflow/dags/example.py
[2024-03-29T17:29:32.437+0000] {logging_mixin.py:188} INFO - [2024-03-29T17:29:32.437+0000] {dag.py:3047} INFO - Sync 1 DAGs
[2024-03-29T17:29:32.455+0000] {logging_mixin.py:188} INFO - [2024-03-29T17:29:32.454+0000] {dag.py:3834} INFO - Setting next_dagrun for master_dag to 2024-03-29 00:00:00+00:00, run_after=2024-03-30 00:00:00+00:00
[2024-03-29T17:29:32.463+0000] {processor.py:183} INFO - Processing /opt/airflow/dags/example.py took 0.085 seconds
[2024-03-29T17:30:02.780+0000] {processor.py:161} INFO - Started process (PID=471) to work on /opt/airflow/dags/example.py
[2024-03-29T17:30:02.782+0000] {processor.py:830} INFO - Processing file /opt/airflow/dags/example.py for tasks to queue
[2024-03-29T17:30:02.786+0000] {logging_mixin.py:188} INFO - [2024-03-29T17:30:02.786+0000] {dagbag.py:540} INFO - Filling up the DagBag from /opt/airflow/dags/example.py
[2024-03-29T17:30:02.817+0000] {processor.py:840} INFO - DAG(s) 'master_dag' retrieved from /opt/airflow/dags/example.py
[2024-03-29T17:30:02.838+0000] {logging_mixin.py:188} INFO - [2024-03-29T17:30:02.838+0000] {dag.py:3047} INFO - Sync 1 DAGs
[2024-03-29T17:30:02.852+0000] {logging_mixin.py:188} INFO - [2024-03-29T17:30:02.852+0000] {dag.py:3834} INFO - Setting next_dagrun for master_dag to 2024-03-29 00:00:00+00:00, run_after=2024-03-30 00:00:00+00:00
[2024-03-29T17:30:02.861+0000] {processor.py:183} INFO - Processing /opt/airflow/dags/example.py took 0.088 seconds
[2024-03-29T17:30:33.186+0000] {processor.py:161} INFO - Started process (PID=479) to work on /opt/airflow/dags/example.py
[2024-03-29T17:30:33.187+0000] {processor.py:830} INFO - Processing file /opt/airflow/dags/example.py for tasks to queue
[2024-03-29T17:30:33.190+0000] {logging_mixin.py:188} INFO - [2024-03-29T17:30:33.190+0000] {dagbag.py:540} INFO - Filling up the DagBag from /opt/airflow/dags/example.py
[2024-03-29T17:30:33.207+0000] {processor.py:840} INFO - DAG(s) 'master_dag' retrieved from /opt/airflow/dags/example.py
[2024-03-29T17:30:33.227+0000] {logging_mixin.py:188} INFO - [2024-03-29T17:30:33.227+0000] {dag.py:3047} INFO - Sync 1 DAGs
[2024-03-29T17:30:33.245+0000] {logging_mixin.py:188} INFO - [2024-03-29T17:30:33.245+0000] {dag.py:3834} INFO - Setting next_dagrun for master_dag to 2024-03-29 00:00:00+00:00, run_after=2024-03-30 00:00:00+00:00
[2024-03-29T17:30:33.253+0000] {processor.py:183} INFO - Processing /opt/airflow/dags/example.py took 0.074 seconds
[2024-03-29T17:31:03.580+0000] {processor.py:161} INFO - Started process (PID=487) to work on /opt/airflow/dags/example.py
[2024-03-29T17:31:03.583+0000] {processor.py:830} INFO - Processing file /opt/airflow/dags/example.py for tasks to queue
[2024-03-29T17:31:03.588+0000] {logging_mixin.py:188} INFO - [2024-03-29T17:31:03.587+0000] {dagbag.py:540} INFO - Filling up the DagBag from /opt/airflow/dags/example.py
[2024-03-29T17:31:03.633+0000] {processor.py:840} INFO - DAG(s) 'master_dag' retrieved from /opt/airflow/dags/example.py
[2024-03-29T17:31:03.651+0000] {logging_mixin.py:188} INFO - [2024-03-29T17:31:03.651+0000] {dag.py:3047} INFO - Sync 1 DAGs
[2024-03-29T17:31:03.663+0000] {logging_mixin.py:188} INFO - [2024-03-29T17:31:03.663+0000] {dag.py:3834} INFO - Setting next_dagrun for master_dag to 2024-03-29 00:00:00+00:00, run_after=2024-03-30 00:00:00+00:00
[2024-03-29T17:31:03.671+0000] {processor.py:183} INFO - Processing /opt/airflow/dags/example.py took 0.102 seconds
[2024-03-29T17:31:34.014+0000] {processor.py:161} INFO - Started process (PID=495) to work on /opt/airflow/dags/example.py
[2024-03-29T17:31:34.016+0000] {processor.py:830} INFO - Processing file /opt/airflow/dags/example.py for tasks to queue
[2024-03-29T17:31:34.021+0000] {logging_mixin.py:188} INFO - [2024-03-29T17:31:34.021+0000] {dagbag.py:540} INFO - Filling up the DagBag from /opt/airflow/dags/example.py
[2024-03-29T17:31:34.044+0000] {processor.py:840} INFO - DAG(s) 'master_dag' retrieved from /opt/airflow/dags/example.py
[2024-03-29T17:31:34.062+0000] {logging_mixin.py:188} INFO - [2024-03-29T17:31:34.062+0000] {dag.py:3047} INFO - Sync 1 DAGs
[2024-03-29T17:31:34.074+0000] {logging_mixin.py:188} INFO - [2024-03-29T17:31:34.074+0000] {dag.py:3834} INFO - Setting next_dagrun for master_dag to 2024-03-29 00:00:00+00:00, run_after=2024-03-30 00:00:00+00:00
[2024-03-29T17:31:34.083+0000] {processor.py:183} INFO - Processing /opt/airflow/dags/example.py took 0.079 seconds
[2024-03-29T17:32:04.419+0000] {processor.py:161} INFO - Started process (PID=503) to work on /opt/airflow/dags/example.py
[2024-03-29T17:32:04.422+0000] {processor.py:830} INFO - Processing file /opt/airflow/dags/example.py for tasks to queue
[2024-03-29T17:32:04.429+0000] {logging_mixin.py:188} INFO - [2024-03-29T17:32:04.427+0000] {dagbag.py:540} INFO - Filling up the DagBag from /opt/airflow/dags/example.py
[2024-03-29T17:32:04.472+0000] {processor.py:840} INFO - DAG(s) 'master_dag' retrieved from /opt/airflow/dags/example.py
[2024-03-29T17:32:04.490+0000] {logging_mixin.py:188} INFO - [2024-03-29T17:32:04.490+0000] {dag.py:3047} INFO - Sync 1 DAGs
[2024-03-29T17:32:04.505+0000] {logging_mixin.py:188} INFO - [2024-03-29T17:32:04.505+0000] {dag.py:3834} INFO - Setting next_dagrun for master_dag to 2024-03-29 00:00:00+00:00, run_after=2024-03-30 00:00:00+00:00
[2024-03-29T17:32:04.513+0000] {processor.py:183} INFO - Processing /opt/airflow/dags/example.py took 0.103 seconds
[2024-03-29T17:32:34.907+0000] {processor.py:161} INFO - Started process (PID=511) to work on /opt/airflow/dags/example.py
[2024-03-29T17:32:34.909+0000] {processor.py:830} INFO - Processing file /opt/airflow/dags/example.py for tasks to queue
[2024-03-29T17:32:34.913+0000] {logging_mixin.py:188} INFO - [2024-03-29T17:32:34.912+0000] {dagbag.py:540} INFO - Filling up the DagBag from /opt/airflow/dags/example.py
[2024-03-29T17:32:34.935+0000] {processor.py:840} INFO - DAG(s) 'master_dag' retrieved from /opt/airflow/dags/example.py
[2024-03-29T17:32:34.953+0000] {logging_mixin.py:188} INFO - [2024-03-29T17:32:34.953+0000] {dag.py:3047} INFO - Sync 1 DAGs
[2024-03-29T17:32:34.966+0000] {logging_mixin.py:188} INFO - [2024-03-29T17:32:34.966+0000] {dag.py:3834} INFO - Setting next_dagrun for master_dag to 2024-03-29 00:00:00+00:00, run_after=2024-03-30 00:00:00+00:00
[2024-03-29T17:32:34.974+0000] {processor.py:183} INFO - Processing /opt/airflow/dags/example.py took 0.075 seconds
[2024-03-29T17:33:05.313+0000] {processor.py:161} INFO - Started process (PID=519) to work on /opt/airflow/dags/example.py
[2024-03-29T17:33:05.316+0000] {processor.py:830} INFO - Processing file /opt/airflow/dags/example.py for tasks to queue
[2024-03-29T17:33:05.319+0000] {logging_mixin.py:188} INFO - [2024-03-29T17:33:05.319+0000] {dagbag.py:540} INFO - Filling up the DagBag from /opt/airflow/dags/example.py
[2024-03-29T17:33:05.338+0000] {processor.py:840} INFO - DAG(s) 'master_dag' retrieved from /opt/airflow/dags/example.py
[2024-03-29T17:33:05.357+0000] {logging_mixin.py:188} INFO - [2024-03-29T17:33:05.357+0000] {dag.py:3047} INFO - Sync 1 DAGs
[2024-03-29T17:33:05.369+0000] {logging_mixin.py:188} INFO - [2024-03-29T17:33:05.369+0000] {dag.py:3834} INFO - Setting next_dagrun for master_dag to 2024-03-29 00:00:00+00:00, run_after=2024-03-30 00:00:00+00:00
[2024-03-29T17:33:05.377+0000] {processor.py:183} INFO - Processing /opt/airflow/dags/example.py took 0.071 seconds
[2024-03-29T17:33:35.677+0000] {processor.py:161} INFO - Started process (PID=527) to work on /opt/airflow/dags/example.py
[2024-03-29T17:33:35.679+0000] {processor.py:830} INFO - Processing file /opt/airflow/dags/example.py for tasks to queue
[2024-03-29T17:33:35.682+0000] {logging_mixin.py:188} INFO - [2024-03-29T17:33:35.682+0000] {dagbag.py:540} INFO - Filling up the DagBag from /opt/airflow/dags/example.py
[2024-03-29T17:33:35.705+0000] {processor.py:840} INFO - DAG(s) 'master_dag' retrieved from /opt/airflow/dags/example.py
[2024-03-29T17:33:35.732+0000] {logging_mixin.py:188} INFO - [2024-03-29T17:33:35.732+0000] {dag.py:3047} INFO - Sync 1 DAGs
[2024-03-29T17:33:35.748+0000] {logging_mixin.py:188} INFO - [2024-03-29T17:33:35.748+0000] {dag.py:3834} INFO - Setting next_dagrun for master_dag to 2024-03-29 00:00:00+00:00, run_after=2024-03-30 00:00:00+00:00
[2024-03-29T17:33:35.757+0000] {processor.py:183} INFO - Processing /opt/airflow/dags/example.py took 0.086 seconds
[2024-03-29T17:34:06.088+0000] {processor.py:161} INFO - Started process (PID=535) to work on /opt/airflow/dags/example.py
[2024-03-29T17:34:06.090+0000] {processor.py:830} INFO - Processing file /opt/airflow/dags/example.py for tasks to queue
[2024-03-29T17:34:06.094+0000] {logging_mixin.py:188} INFO - [2024-03-29T17:34:06.094+0000] {dagbag.py:540} INFO - Filling up the DagBag from /opt/airflow/dags/example.py
[2024-03-29T17:34:06.135+0000] {processor.py:840} INFO - DAG(s) 'master_dag' retrieved from /opt/airflow/dags/example.py
[2024-03-29T17:34:06.156+0000] {logging_mixin.py:188} INFO - [2024-03-29T17:34:06.155+0000] {dag.py:3047} INFO - Sync 1 DAGs
[2024-03-29T17:34:06.170+0000] {logging_mixin.py:188} INFO - [2024-03-29T17:34:06.169+0000] {dag.py:3834} INFO - Setting next_dagrun for master_dag to 2024-03-29 00:00:00+00:00, run_after=2024-03-30 00:00:00+00:00
[2024-03-29T17:34:06.178+0000] {processor.py:183} INFO - Processing /opt/airflow/dags/example.py took 0.098 seconds
[2024-03-29T17:34:36.524+0000] {processor.py:161} INFO - Started process (PID=543) to work on /opt/airflow/dags/example.py
[2024-03-29T17:34:36.527+0000] {processor.py:830} INFO - Processing file /opt/airflow/dags/example.py for tasks to queue
[2024-03-29T17:34:36.529+0000] {logging_mixin.py:188} INFO - [2024-03-29T17:34:36.529+0000] {dagbag.py:540} INFO - Filling up the DagBag from /opt/airflow/dags/example.py
[2024-03-29T17:34:36.549+0000] {processor.py:840} INFO - DAG(s) 'master_dag' retrieved from /opt/airflow/dags/example.py
[2024-03-29T17:34:36.580+0000] {logging_mixin.py:188} INFO - [2024-03-29T17:34:36.579+0000] {dag.py:3047} INFO - Sync 1 DAGs
[2024-03-29T17:34:36.600+0000] {logging_mixin.py:188} INFO - [2024-03-29T17:34:36.600+0000] {dag.py:3834} INFO - Setting next_dagrun for master_dag to 2024-03-29 00:00:00+00:00, run_after=2024-03-30 00:00:00+00:00
[2024-03-29T17:34:36.614+0000] {processor.py:183} INFO - Processing /opt/airflow/dags/example.py took 0.094 seconds
